CuPy installation found, continuing using GPU acceleration.
having the CPUs {1, 3, 5, 7} available.
Started basinhopping at 2020-12-25 07:05:21.461598 UTC, with
command line arguments = {'path': '/home/jkgpu/HVQE/data/kagome/periodic/own_graph/opl/energy/3x2', 'n_par': 4, 'par_multiplicity': 9, 'n_iter': 0, 'cost_fn': 'energy', 'temperature': 1.0, 'stepsize': 1.0, 'init_par': None, 'dump_interval': None}
runtime variables =  {'GPU': True, 'date_start': '2020-12-25 07:05:21.461598', 'complete_graph': [(0, 6), (2, 8), (4, 10), (12, 9), (14, 11), (16, 7), (15, 1), (17, 3), (13, 5), (1, 6), (3, 8), (5, 10), (7, 12), (9, 14), (11, 16), (13, 0), (15, 2), (17, 4), (1, 2), (3, 4), (5, 0), (8, 12), (10, 14), (6, 16), (7, 13), (9, 15), (11, 17), (0, 1), (2, 3), (4, 5), (6, 7), (8, 9), (10, 11), (12, 13), (14, 15), (16, 17)], 'init_layer': [(0, 1), (2, 3), (4, 5), (6, 7), (8, 9), (10, 11), (12, 13), (14, 15), (16, 17)], 'layers': [[(0, 6), (2, 8), (4, 10), (12, 9), (14, 11), (16, 7), (15, 1), (17, 3), (13, 5)], [(1, 6), (3, 8), (5, 10), (7, 12), (9, 14), (11, 16), (13, 0), (15, 2), (17, 4)], [(1, 2), (3, 4), (5, 0), (8, 12), (10, 14), (6, 16), (7, 13), (9, 15), (11, 17)], [(0, 1), (2, 3), (4, 5), (6, 7), (8, 9), (10, 11), (12, 13), (14, 15), (16, 17)]], 'n': 18}
................................/home/jkgpu/miniconda3/lib/python3.8/site-packages/chainer/backends/cuda.py:142: UserWarning: cuDNN is not enabled.
Please reinstall CuPy after you install cudnn
(see https://docs-cupy.chainer.org/en/stable/install.html#install-cudnn).
  warnings.warn(
/home/jkgpu/miniconda3/lib/python3.8/site-packages/chainer/_environment_check.py:70: UserWarning: 
--------------------------------------------------------------------------------
CuPy (cupy) version 8.0.0 may not be compatible with this version of Chainer.
Please consider installing the supported version by running:
  $ pip install 'cupy>=6.3.0,<7.0.0'

See the following page for more details:
  https://docs-cupy.chainer.org/en/latest/install.html
--------------------------------------------------------------------------------

  warnings.warn(msg.format(
 
==========================================================================================
Finished basinhopping of  /home/jkgpu/HVQE/data/kagome/periodic/own_graph/opl/energy/3x2 at 2020-12-25 07:05:48.606178 UTC, with
 
{'path': '/home/jkgpu/HVQE/data/kagome/periodic/own_graph/opl/energy/3x2', 'n_par': 4, 'par_multiplicity': 9, 'n_iter': 0, 'cost_fn': 'energy', 'temperature': 1.0, 'stepsize': 1.0, 'init_par': None, 'dump_interval': None}
init_par = [6.47599067373194e-05, -0.00027043407449070923, -0.0004749005834766772, -0.0002863589957016487]
 
RESULTS:
--------
E_VQE = -7.524600285242098
inf_VQE = 0.8400222759639105
n_fn_calls = 32
Wall-clock time 0.007404288318422106 hours
 
For more output, see /home/jkgpu/HVQE/data/kagome/periodic/own_graph/opl/energy/3x2/output.txt
Plots of output saved in /home/jkgpu/HVQE/data/kagome/periodic/own_graph/opl/energy/3x2
End of HVQE.py
==========================================================================================
CuPy installation found, continuing using GPU acceleration.
having the CPUs {1, 3, 5, 7} available.
Started basinhopping at 2020-12-25 07:05:52.373925 UTC, with
command line arguments = {'path': '/home/jkgpu/HVQE/data/kagome/periodic/own_graph/opl/energy/3x2', 'n_par': 8, 'par_multiplicity': 9, 'n_iter': 0, 'cost_fn': 'energy', 'temperature': 1.0, 'stepsize': 1.0, 'init_par': None, 'dump_interval': None}
runtime variables =  {'GPU': True, 'date_start': '2020-12-25 07:05:52.373925', 'complete_graph': [(0, 6), (2, 8), (4, 10), (12, 9), (14, 11), (16, 7), (15, 1), (17, 3), (13, 5), (1, 6), (3, 8), (5, 10), (7, 12), (9, 14), (11, 16), (13, 0), (15, 2), (17, 4), (1, 2), (3, 4), (5, 0), (8, 12), (10, 14), (6, 16), (7, 13), (9, 15), (11, 17), (0, 1), (2, 3), (4, 5), (6, 7), (8, 9), (10, 11), (12, 13), (14, 15), (16, 17)], 'init_layer': [(0, 1), (2, 3), (4, 5), (6, 7), (8, 9), (10, 11), (12, 13), (14, 15), (16, 17)], 'layers': [[(0, 6), (2, 8), (4, 10), (12, 9), (14, 11), (16, 7), (15, 1), (17, 3), (13, 5)], [(1, 6), (3, 8), (5, 10), (7, 12), (9, 14), (11, 16), (13, 0), (15, 2), (17, 4)], [(1, 2), (3, 4), (5, 0), (8, 12), (10, 14), (6, 16), (7, 13), (9, 15), (11, 17)], [(0, 1), (2, 3), (4, 5), (6, 7), (8, 9), (10, 11), (12, 13), (14, 15), (16, 17)]], 'n': 18}
........................................................../home/jkgpu/miniconda3/lib/python3.8/site-packages/chainer/backends/cuda.py:142: UserWarning: cuDNN is not enabled.
Please reinstall CuPy after you install cudnn
(see https://docs-cupy.chainer.org/en/stable/install.html#install-cudnn).
  warnings.warn(
/home/jkgpu/miniconda3/lib/python3.8/site-packages/chainer/_environment_check.py:70: UserWarning: 
--------------------------------------------------------------------------------
CuPy (cupy) version 8.0.0 may not be compatible with this version of Chainer.
Please consider installing the supported version by running:
  $ pip install 'cupy>=6.3.0,<7.0.0'

See the following page for more details:
  https://docs-cupy.chainer.org/en/latest/install.html
--------------------------------------------------------------------------------

  warnings.warn(msg.format(
 
==========================================================================================
Finished basinhopping of  /home/jkgpu/HVQE/data/kagome/periodic/own_graph/opl/energy/3x2 at 2020-12-25 07:07:12.805714 UTC, with
 
{'path': '/home/jkgpu/HVQE/data/kagome/periodic/own_graph/opl/energy/3x2', 'n_par': 8, 'par_multiplicity': 9, 'n_iter': 0, 'cost_fn': 'energy', 'temperature': 1.0, 'stepsize': 1.0, 'init_par': None, 'dump_interval': None}
init_par = [8.071568283697867e-05, -0.000498043329643687, 0.00015078798456323172, -0.00033061020293020775, -0.00024162580067017982, 0.00037586332744616853, -1.3982941114645147e-05, 0.0003211115965099379]
 
RESULTS:
--------
E_VQE = -7.691124514137054
inf_VQE = 0.7123811799351878
n_fn_calls = 58
Wall-clock time 0.02219196895758311 hours
 
For more output, see /home/jkgpu/HVQE/data/kagome/periodic/own_graph/opl/energy/3x2/output.txt
Plots of output saved in /home/jkgpu/HVQE/data/kagome/periodic/own_graph/opl/energy/3x2
End of HVQE.py
==========================================================================================
CuPy installation found, continuing using GPU acceleration.
having the CPUs {1, 3, 5, 7} available.
Started basinhopping at 2020-12-25 07:07:16.615247 UTC, with
command line arguments = {'path': '/home/jkgpu/HVQE/data/kagome/periodic/own_graph/opl/energy/3x2', 'n_par': 12, 'par_multiplicity': 9, 'n_iter': 0, 'cost_fn': 'energy', 'temperature': 1.0, 'stepsize': 1.0, 'init_par': None, 'dump_interval': None}
runtime variables =  {'GPU': True, 'date_start': '2020-12-25 07:07:16.615247', 'complete_graph': [(0, 6), (2, 8), (4, 10), (12, 9), (14, 11), (16, 7), (15, 1), (17, 3), (13, 5), (1, 6), (3, 8), (5, 10), (7, 12), (9, 14), (11, 16), (13, 0), (15, 2), (17, 4), (1, 2), (3, 4), (5, 0), (8, 12), (10, 14), (6, 16), (7, 13), (9, 15), (11, 17), (0, 1), (2, 3), (4, 5), (6, 7), (8, 9), (10, 11), (12, 13), (14, 15), (16, 17)], 'init_layer': [(0, 1), (2, 3), (4, 5), (6, 7), (8, 9), (10, 11), (12, 13), (14, 15), (16, 17)], 'layers': [[(0, 6), (2, 8), (4, 10), (12, 9), (14, 11), (16, 7), (15, 1), (17, 3), (13, 5)], [(1, 6), (3, 8), (5, 10), (7, 12), (9, 14), (11, 16), (13, 0), (15, 2), (17, 4)], [(1, 2), (3, 4), (5, 0), (8, 12), (10, 14), (6, 16), (7, 13), (9, 15), (11, 17)], [(0, 1), (2, 3), (4, 5), (6, 7), (8, 9), (10, 11), (12, 13), (14, 15), (16, 17)]], 'n': 18}
....................................................../home/jkgpu/miniconda3/lib/python3.8/site-packages/chainer/backends/cuda.py:142: UserWarning: cuDNN is not enabled.
Please reinstall CuPy after you install cudnn
(see https://docs-cupy.chainer.org/en/stable/install.html#install-cudnn).
  warnings.warn(
/home/jkgpu/miniconda3/lib/python3.8/site-packages/chainer/_environment_check.py:70: UserWarning: 
--------------------------------------------------------------------------------
CuPy (cupy) version 8.0.0 may not be compatible with this version of Chainer.
Please consider installing the supported version by running:
  $ pip install 'cupy>=6.3.0,<7.0.0'

See the following page for more details:
  https://docs-cupy.chainer.org/en/latest/install.html
--------------------------------------------------------------------------------

  warnings.warn(msg.format(
 
==========================================================================================
Finished basinhopping of  /home/jkgpu/HVQE/data/kagome/periodic/own_graph/opl/energy/3x2 at 2020-12-25 07:09:05.096087 UTC, with
 
{'path': '/home/jkgpu/HVQE/data/kagome/periodic/own_graph/opl/energy/3x2', 'n_par': 12, 'par_multiplicity': 9, 'n_iter': 0, 'cost_fn': 'energy', 'temperature': 1.0, 'stepsize': 1.0, 'init_par': None, 'dump_interval': None}
init_par = [0.00018752074133453276, 0.00039004473120051114, -0.000349506529839654, 0.0002064429974366869, -0.00014728091700326787, 0.00010234603225980411, -0.0003982893802088361, -9.421715334344028e-05, 0.0004440025939937846, -0.00017386195660576463, 4.5338526136231064e-05, -0.0004606822134421592]
 
RESULTS:
--------
E_VQE = -7.704625171679964
inf_VQE = 0.6652758365982733
n_fn_calls = 54
Wall-clock time 0.02995969573656718 hours
 
For more output, see /home/jkgpu/HVQE/data/kagome/periodic/own_graph/opl/energy/3x2/output.txt
Plots of output saved in /home/jkgpu/HVQE/data/kagome/periodic/own_graph/opl/energy/3x2
End of HVQE.py
==========================================================================================
CuPy installation found, continuing using GPU acceleration.
having the CPUs {1, 3, 5, 7} available.
Started basinhopping at 2020-12-25 07:09:09.081832 UTC, with
command line arguments = {'path': '/home/jkgpu/HVQE/data/kagome/periodic/own_graph/opl/energy/3x2', 'n_par': 16, 'par_multiplicity': 9, 'n_iter': 0, 'cost_fn': 'energy', 'temperature': 1.0, 'stepsize': 1.0, 'init_par': None, 'dump_interval': None}
runtime variables =  {'GPU': True, 'date_start': '2020-12-25 07:09:09.081832', 'complete_graph': [(0, 6), (2, 8), (4, 10), (12, 9), (14, 11), (16, 7), (15, 1), (17, 3), (13, 5), (1, 6), (3, 8), (5, 10), (7, 12), (9, 14), (11, 16), (13, 0), (15, 2), (17, 4), (1, 2), (3, 4), (5, 0), (8, 12), (10, 14), (6, 16), (7, 13), (9, 15), (11, 17), (0, 1), (2, 3), (4, 5), (6, 7), (8, 9), (10, 11), (12, 13), (14, 15), (16, 17)], 'init_layer': [(0, 1), (2, 3), (4, 5), (6, 7), (8, 9), (10, 11), (12, 13), (14, 15), (16, 17)], 'layers': [[(0, 6), (2, 8), (4, 10), (12, 9), (14, 11), (16, 7), (15, 1), (17, 3), (13, 5)], [(1, 6), (3, 8), (5, 10), (7, 12), (9, 14), (11, 16), (13, 0), (15, 2), (17, 4)], [(1, 2), (3, 4), (5, 0), (8, 12), (10, 14), (6, 16), (7, 13), (9, 15), (11, 17)], [(0, 1), (2, 3), (4, 5), (6, 7), (8, 9), (10, 11), (12, 13), (14, 15), (16, 17)]], 'n': 18}
............................................................/home/jkgpu/miniconda3/lib/python3.8/site-packages/chainer/backends/cuda.py:142: UserWarning: cuDNN is not enabled.
Please reinstall CuPy after you install cudnn
(see https://docs-cupy.chainer.org/en/stable/install.html#install-cudnn).
  warnings.warn(
/home/jkgpu/miniconda3/lib/python3.8/site-packages/chainer/_environment_check.py:70: UserWarning: 
--------------------------------------------------------------------------------
CuPy (cupy) version 8.0.0 may not be compatible with this version of Chainer.
Please consider installing the supported version by running:
  $ pip install 'cupy>=6.3.0,<7.0.0'

See the following page for more details:
  https://docs-cupy.chainer.org/en/latest/install.html
--------------------------------------------------------------------------------

  warnings.warn(msg.format(
 
==========================================================================================
Finished basinhopping of  /home/jkgpu/HVQE/data/kagome/periodic/own_graph/opl/energy/3x2 at 2020-12-25 07:11:47.365775 UTC, with
 
{'path': '/home/jkgpu/HVQE/data/kagome/periodic/own_graph/opl/energy/3x2', 'n_par': 16, 'par_multiplicity': 9, 'n_iter': 0, 'cost_fn': 'energy', 'temperature': 1.0, 'stepsize': 1.0, 'init_par': None, 'dump_interval': None}
init_par = [-1.0308223247833628e-05, -0.00021353371196640837, -0.0004626062261895243, -0.00029369234410553423, 0.00019663086875568603, 0.00012539380815413314, -0.0003329471579549141, 7.184576138056793e-05, 7.600093495304739e-05, 0.00024744075756351347, 0.0003236106521431663, -0.0002578660581381074, 0.0003876880055124156, 8.457551332384993e-05, -0.00018018760305603366, -0.000307439824679053]
 
RESULTS:
--------
E_VQE = -7.8218113351983884
inf_VQE = 0.6020039596491196
n_fn_calls = 60
Wall-clock time 0.043779831594891024 hours
 
For more output, see /home/jkgpu/HVQE/data/kagome/periodic/own_graph/opl/energy/3x2/output.txt
Plots of output saved in /home/jkgpu/HVQE/data/kagome/periodic/own_graph/opl/energy/3x2
End of HVQE.py
==========================================================================================
CuPy installation found, continuing using GPU acceleration.
having the CPUs {1, 3, 5, 7} available.
Started basinhopping at 2020-12-25 07:11:51.183313 UTC, with
command line arguments = {'path': '/home/jkgpu/HVQE/data/kagome/periodic/own_graph/opl/energy/3x2', 'n_par': 20, 'par_multiplicity': 9, 'n_iter': 0, 'cost_fn': 'energy', 'temperature': 1.0, 'stepsize': 1.0, 'init_par': None, 'dump_interval': None}
runtime variables =  {'GPU': True, 'date_start': '2020-12-25 07:11:51.183313', 'complete_graph': [(0, 6), (2, 8), (4, 10), (12, 9), (14, 11), (16, 7), (15, 1), (17, 3), (13, 5), (1, 6), (3, 8), (5, 10), (7, 12), (9, 14), (11, 16), (13, 0), (15, 2), (17, 4), (1, 2), (3, 4), (5, 0), (8, 12), (10, 14), (6, 16), (7, 13), (9, 15), (11, 17), (0, 1), (2, 3), (4, 5), (6, 7), (8, 9), (10, 11), (12, 13), (14, 15), (16, 17)], 'init_layer': [(0, 1), (2, 3), (4, 5), (6, 7), (8, 9), (10, 11), (12, 13), (14, 15), (16, 17)], 'layers': [[(0, 6), (2, 8), (4, 10), (12, 9), (14, 11), (16, 7), (15, 1), (17, 3), (13, 5)], [(1, 6), (3, 8), (5, 10), (7, 12), (9, 14), (11, 16), (13, 0), (15, 2), (17, 4)], [(1, 2), (3, 4), (5, 0), (8, 12), (10, 14), (6, 16), (7, 13), (9, 15), (11, 17)], [(0, 1), (2, 3), (4, 5), (6, 7), (8, 9), (10, 11), (12, 13), (14, 15), (16, 17)]], 'n': 18}
............................................................................................./home/jkgpu/miniconda3/lib/python3.8/site-packages/chainer/backends/cuda.py:142: UserWarning: cuDNN is not enabled.
Please reinstall CuPy after you install cudnn
(see https://docs-cupy.chainer.org/en/stable/install.html#install-cudnn).
  warnings.warn(
/home/jkgpu/miniconda3/lib/python3.8/site-packages/chainer/_environment_check.py:70: UserWarning: 
--------------------------------------------------------------------------------
CuPy (cupy) version 8.0.0 may not be compatible with this version of Chainer.
Please consider installing the supported version by running:
  $ pip install 'cupy>=6.3.0,<7.0.0'

See the following page for more details:
  https://docs-cupy.chainer.org/en/latest/install.html
--------------------------------------------------------------------------------

  warnings.warn(msg.format(
 
==========================================================================================
Finished basinhopping of  /home/jkgpu/HVQE/data/kagome/periodic/own_graph/opl/energy/3x2 at 2020-12-25 07:16:50.250020 UTC, with
 
{'path': '/home/jkgpu/HVQE/data/kagome/periodic/own_graph/opl/energy/3x2', 'n_par': 20, 'par_multiplicity': 9, 'n_iter': 0, 'cost_fn': 'energy', 'temperature': 1.0, 'stepsize': 1.0, 'init_par': None, 'dump_interval': None}
init_par = [0.00036929518111941206, -0.00028863114747913743, 0.00011405769222266936, 0.00014110973724954456, -0.00019223177481676756, 0.00020355344960472084, 0.00026885350818913844, -6.899829816647298e-05, 0.00013926365119845512, 0.0003406283617712418, -0.00011669569333808285, -6.709825806053049e-05, 0.00042120865305511016, 0.00021669783728920007, -0.00028363714920186445, 0.0002976275485993393, -0.0004873371489205447, -0.00037945252717065984, -0.00019515656158458915, -0.0001312891091235915]
 
RESULTS:
--------
E_VQE = -7.8495245744782425
inf_VQE = 0.575445528415408
n_fn_calls = 93
Wall-clock time 0.08286436001459757 hours
 
For more output, see /home/jkgpu/HVQE/data/kagome/periodic/own_graph/opl/energy/3x2/output.txt
Plots of output saved in /home/jkgpu/HVQE/data/kagome/periodic/own_graph/opl/energy/3x2
End of HVQE.py
==========================================================================================
CuPy installation found, continuing using GPU acceleration.
having the CPUs {1, 3, 5, 7} available.
Started basinhopping at 2020-12-25 07:16:57.662187 UTC, with
command line arguments = {'path': '/home/jkgpu/HVQE/data/kagome/periodic/own_graph/opl/energy/3x2', 'n_par': 24, 'par_multiplicity': 9, 'n_iter': 0, 'cost_fn': 'energy', 'temperature': 1.0, 'stepsize': 1.0, 'init_par': None, 'dump_interval': None}
runtime variables =  {'GPU': True, 'date_start': '2020-12-25 07:16:57.662187', 'complete_graph': [(0, 6), (2, 8), (4, 10), (12, 9), (14, 11), (16, 7), (15, 1), (17, 3), (13, 5), (1, 6), (3, 8), (5, 10), (7, 12), (9, 14), (11, 16), (13, 0), (15, 2), (17, 4), (1, 2), (3, 4), (5, 0), (8, 12), (10, 14), (6, 16), (7, 13), (9, 15), (11, 17), (0, 1), (2, 3), (4, 5), (6, 7), (8, 9), (10, 11), (12, 13), (14, 15), (16, 17)], 'init_layer': [(0, 1), (2, 3), (4, 5), (6, 7), (8, 9), (10, 11), (12, 13), (14, 15), (16, 17)], 'layers': [[(0, 6), (2, 8), (4, 10), (12, 9), (14, 11), (16, 7), (15, 1), (17, 3), (13, 5)], [(1, 6), (3, 8), (5, 10), (7, 12), (9, 14), (11, 16), (13, 0), (15, 2), (17, 4)], [(1, 2), (3, 4), (5, 0), (8, 12), (10, 14), (6, 16), (7, 13), (9, 15), (11, 17)], [(0, 1), (2, 3), (4, 5), (6, 7), (8, 9), (10, 11), (12, 13), (14, 15), (16, 17)]], 'n': 18}
......................................................................................................................................./home/jkgpu/miniconda3/lib/python3.8/site-packages/chainer/backends/cuda.py:142: UserWarning: cuDNN is not enabled.
Please reinstall CuPy after you install cudnn
(see https://docs-cupy.chainer.org/en/stable/install.html#install-cudnn).
  warnings.warn(
/home/jkgpu/miniconda3/lib/python3.8/site-packages/chainer/_environment_check.py:70: UserWarning: 
--------------------------------------------------------------------------------
CuPy (cupy) version 8.0.0 may not be compatible with this version of Chainer.
Please consider installing the supported version by running:
  $ pip install 'cupy>=6.3.0,<7.0.0'

See the following page for more details:
  https://docs-cupy.chainer.org/en/latest/install.html
--------------------------------------------------------------------------------

  warnings.warn(msg.format(
 
==========================================================================================
Finished basinhopping of  /home/jkgpu/HVQE/data/kagome/periodic/own_graph/opl/energy/3x2 at 2020-12-25 07:25:35.415814 UTC, with
 
{'path': '/home/jkgpu/HVQE/data/kagome/periodic/own_graph/opl/energy/3x2', 'n_par': 24, 'par_multiplicity': 9, 'n_iter': 0, 'cost_fn': 'energy', 'temperature': 1.0, 'stepsize': 1.0, 'init_par': None, 'dump_interval': None}
init_par = [-0.0004325664360892279, -0.0003663948023422671, 0.00038484891901783603, 0.00014243967118822128, 0.00012829245082207586, 0.00032217296561176233, 0.0002755975434094842, 0.0004495549602257492, -1.5651506013603458e-05, 0.0003062002732096519, -0.00037077103250763666, 0.00014867402635149836, -0.0004190015680625896, -7.692122788957844e-05, -0.00039903339942444374, 0.0004367412112655113, 0.00038909945288712717, 0.0003165248622140367, 0.0003527053355636432, 0.0004430098087371307, -0.0004685647891858086, 0.0002121754461809109, 0.000285695075709618, 0.00019815699835881348]
 
RESULTS:
--------
E_VQE = -7.895965237549618
inf_VQE = 0.5275783280966936
n_fn_calls = 135
Wall-clock time 0.14358462585343254 hours
 
For more output, see /home/jkgpu/HVQE/data/kagome/periodic/own_graph/opl/energy/3x2/output.txt
Plots of output saved in /home/jkgpu/HVQE/data/kagome/periodic/own_graph/opl/energy/3x2
End of HVQE.py
==========================================================================================
CuPy installation found, continuing using GPU acceleration.
having the CPUs {1, 3, 5, 7} available.
Started basinhopping at 2020-12-25 07:25:41.302334 UTC, with
command line arguments = {'path': '/home/jkgpu/HVQE/data/kagome/periodic/own_graph/opl/energy/3x2', 'n_par': 28, 'par_multiplicity': 9, 'n_iter': 0, 'cost_fn': 'energy', 'temperature': 1.0, 'stepsize': 1.0, 'init_par': None, 'dump_interval': None}
runtime variables =  {'GPU': True, 'date_start': '2020-12-25 07:25:41.302334', 'complete_graph': [(0, 6), (2, 8), (4, 10), (12, 9), (14, 11), (16, 7), (15, 1), (17, 3), (13, 5), (1, 6), (3, 8), (5, 10), (7, 12), (9, 14), (11, 16), (13, 0), (15, 2), (17, 4), (1, 2), (3, 4), (5, 0), (8, 12), (10, 14), (6, 16), (7, 13), (9, 15), (11, 17), (0, 1), (2, 3), (4, 5), (6, 7), (8, 9), (10, 11), (12, 13), (14, 15), (16, 17)], 'init_layer': [(0, 1), (2, 3), (4, 5), (6, 7), (8, 9), (10, 11), (12, 13), (14, 15), (16, 17)], 'layers': [[(0, 6), (2, 8), (4, 10), (12, 9), (14, 11), (16, 7), (15, 1), (17, 3), (13, 5)], [(1, 6), (3, 8), (5, 10), (7, 12), (9, 14), (11, 16), (13, 0), (15, 2), (17, 4)], [(1, 2), (3, 4), (5, 0), (8, 12), (10, 14), (6, 16), (7, 13), (9, 15), (11, 17)], [(0, 1), (2, 3), (4, 5), (6, 7), (8, 9), (10, 11), (12, 13), (14, 15), (16, 17)]], 'n': 18}
...................................................................................................................................................../home/jkgpu/miniconda3/lib/python3.8/site-packages/chainer/backends/cuda.py:142: UserWarning: cuDNN is not enabled.
Please reinstall CuPy after you install cudnn
(see https://docs-cupy.chainer.org/en/stable/install.html#install-cudnn).
  warnings.warn(
/home/jkgpu/miniconda3/lib/python3.8/site-packages/chainer/_environment_check.py:70: UserWarning: 
--------------------------------------------------------------------------------
CuPy (cupy) version 8.0.0 may not be compatible with this version of Chainer.
Please consider installing the supported version by running:
  $ pip install 'cupy>=6.3.0,<7.0.0'

See the following page for more details:
  https://docs-cupy.chainer.org/en/latest/install.html
--------------------------------------------------------------------------------

  warnings.warn(msg.format(
 
==========================================================================================
Finished basinhopping of  /home/jkgpu/HVQE/data/kagome/periodic/own_graph/opl/energy/3x2 at 2020-12-25 07:36:48.281336 UTC, with
 
{'path': '/home/jkgpu/HVQE/data/kagome/periodic/own_graph/opl/energy/3x2', 'n_par': 28, 'par_multiplicity': 9, 'n_iter': 0, 'cost_fn': 'energy', 'temperature': 1.0, 'stepsize': 1.0, 'init_par': None, 'dump_interval': None}
init_par = [0.00011375824711606214, 0.00014332626822680973, 7.236002062474078e-05, 3.7050125164813145e-05, -0.0002564578337767191, 9.589420319807709e-05, 0.0001597801469388941, 0.00038767541978935907, 9.120379609321282e-05, -0.00014387022056805144, -0.0003441038152268577, -0.0002534629722382702, -0.0003857872762469634, -0.00025205492944322473, 0.000284039448912854, 0.0003853421104518857, -0.0004752257514119447, -0.00036738437357233366, 0.00012892992908973176, 0.00023381041603486843, -0.0002862249793244002, -9.35734974628809e-05, 0.00017519608888586543, 0.0004615675221593115, -0.00041290080311903233, 0.00027830560532739125, -0.0004584559033304766, 6.681862423452362e-05]
 
RESULTS:
--------
E_VQE = -7.924638130338738
inf_VQE = 0.5056755838463238
n_fn_calls = 149
Wall-clock time 0.18501928786436717 hours
 
For more output, see /home/jkgpu/HVQE/data/kagome/periodic/own_graph/opl/energy/3x2/output.txt
Plots of output saved in /home/jkgpu/HVQE/data/kagome/periodic/own_graph/opl/energy/3x2
End of HVQE.py
==========================================================================================
CuPy installation found, continuing using GPU acceleration.
having the CPUs {1, 3, 5, 7} available.
Started basinhopping at 2020-12-25 07:36:55.651781 UTC, with
command line arguments = {'path': '/home/jkgpu/HVQE/data/kagome/periodic/own_graph/opl/energy/3x2', 'n_par': 32, 'par_multiplicity': 9, 'n_iter': 0, 'cost_fn': 'energy', 'temperature': 1.0, 'stepsize': 1.0, 'init_par': None, 'dump_interval': None}
runtime variables =  {'GPU': True, 'date_start': '2020-12-25 07:36:55.651781', 'complete_graph': [(0, 6), (2, 8), (4, 10), (12, 9), (14, 11), (16, 7), (15, 1), (17, 3), (13, 5), (1, 6), (3, 8), (5, 10), (7, 12), (9, 14), (11, 16), (13, 0), (15, 2), (17, 4), (1, 2), (3, 4), (5, 0), (8, 12), (10, 14), (6, 16), (7, 13), (9, 15), (11, 17), (0, 1), (2, 3), (4, 5), (6, 7), (8, 9), (10, 11), (12, 13), (14, 15), (16, 17)], 'init_layer': [(0, 1), (2, 3), (4, 5), (6, 7), (8, 9), (10, 11), (12, 13), (14, 15), (16, 17)], 'layers': [[(0, 6), (2, 8), (4, 10), (12, 9), (14, 11), (16, 7), (15, 1), (17, 3), (13, 5)], [(1, 6), (3, 8), (5, 10), (7, 12), (9, 14), (11, 16), (13, 0), (15, 2), (17, 4)], [(1, 2), (3, 4), (5, 0), (8, 12), (10, 14), (6, 16), (7, 13), (9, 15), (11, 17)], [(0, 1), (2, 3), (4, 5), (6, 7), (8, 9), (10, 11), (12, 13), (14, 15), (16, 17)]], 'n': 18}
....................................................................................................................................................................................................................................../home/jkgpu/miniconda3/lib/python3.8/site-packages/chainer/backends/cuda.py:142: UserWarning: cuDNN is not enabled.
Please reinstall CuPy after you install cudnn
(see https://docs-cupy.chainer.org/en/stable/install.html#install-cudnn).
  warnings.warn(
/home/jkgpu/miniconda3/lib/python3.8/site-packages/chainer/_environment_check.py:70: UserWarning: 
--------------------------------------------------------------------------------
CuPy (cupy) version 8.0.0 may not be compatible with this version of Chainer.
Please consider installing the supported version by running:
  $ pip install 'cupy>=6.3.0,<7.0.0'

See the following page for more details:
  https://docs-cupy.chainer.org/en/latest/install.html
--------------------------------------------------------------------------------

  warnings.warn(msg.format(
 
==========================================================================================
Finished basinhopping of  /home/jkgpu/HVQE/data/kagome/periodic/own_graph/opl/energy/3x2 at 2020-12-25 07:56:16.835714 UTC, with
 
{'path': '/home/jkgpu/HVQE/data/kagome/periodic/own_graph/opl/energy/3x2', 'n_par': 32, 'par_multiplicity': 9, 'n_iter': 0, 'cost_fn': 'energy', 'temperature': 1.0, 'stepsize': 1.0, 'init_par': None, 'dump_interval': None}
init_par = [0.000368994726783268, -0.0003615585726369519, 0.00026247965405640325, -0.00043189262259438286, 0.00040704681899282906, 0.0002246154309941444, 0.000230074691748969, 0.0002868073790593188, 0.00030899412945018586, 0.0002565426257289243, 0.0003635474442623436, -0.00015161416950662722, 0.000322758114438494, -0.0002998056958092832, 8.252019249552201e-05, -0.0001883375474383021, -0.00019435905348387462, 0.00012757032994935432, 0.00017869088236300223, -5.179212551646218e-05, 0.00012184247325569249, 0.00010681147006359987, 7.425542224941042e-05, -0.0004133675422549342, -0.00038685751198778116, 7.801952977956952e-06, 2.021083128693978e-06, 0.00011199805234533974, 0.00039164010910486735, 0.00014596092633674862, -0.0003838886374798121, 0.00012778899976695248]
 
RESULTS:
--------
E_VQE = -7.92870645763702
inf_VQE = 0.5039921097086386
n_fn_calls = 230
Wall-clock time 0.32229663822386 hours
 
For more output, see /home/jkgpu/HVQE/data/kagome/periodic/own_graph/opl/energy/3x2/output.txt
Plots of output saved in /home/jkgpu/HVQE/data/kagome/periodic/own_graph/opl/energy/3x2
End of HVQE.py
==========================================================================================
CuPy installation found, continuing using GPU acceleration.
having the CPUs {1, 3, 5, 7} available.
Started basinhopping at 2020-12-25 07:56:24.351212 UTC, with
command line arguments = {'path': '/home/jkgpu/HVQE/data/kagome/periodic/own_graph/opl/energy/3x2', 'n_par': 36, 'par_multiplicity': 9, 'n_iter': 0, 'cost_fn': 'energy', 'temperature': 1.0, 'stepsize': 1.0, 'init_par': None, 'dump_interval': None}
runtime variables =  {'GPU': True, 'date_start': '2020-12-25 07:56:24.351212', 'complete_graph': [(0, 6), (2, 8), (4, 10), (12, 9), (14, 11), (16, 7), (15, 1), (17, 3), (13, 5), (1, 6), (3, 8), (5, 10), (7, 12), (9, 14), (11, 16), (13, 0), (15, 2), (17, 4), (1, 2), (3, 4), (5, 0), (8, 12), (10, 14), (6, 16), (7, 13), (9, 15), (11, 17), (0, 1), (2, 3), (4, 5), (6, 7), (8, 9), (10, 11), (12, 13), (14, 15), (16, 17)], 'init_layer': [(0, 1), (2, 3), (4, 5), (6, 7), (8, 9), (10, 11), (12, 13), (14, 15), (16, 17)], 'layers': [[(0, 6), (2, 8), (4, 10), (12, 9), (14, 11), (16, 7), (15, 1), (17, 3), (13, 5)], [(1, 6), (3, 8), (5, 10), (7, 12), (9, 14), (11, 16), (13, 0), (15, 2), (17, 4)], [(1, 2), (3, 4), (5, 0), (8, 12), (10, 14), (6, 16), (7, 13), (9, 15), (11, 17)], [(0, 1), (2, 3), (4, 5), (6, 7), (8, 9), (10, 11), (12, 13), (14, 15), (16, 17)]], 'n': 18}
............................................................................................................................................................................................./home/jkgpu/miniconda3/lib/python3.8/site-packages/chainer/backends/cuda.py:142: UserWarning: cuDNN is not enabled.
Please reinstall CuPy after you install cudnn
(see https://docs-cupy.chainer.org/en/stable/install.html#install-cudnn).
  warnings.warn(
/home/jkgpu/miniconda3/lib/python3.8/site-packages/chainer/_environment_check.py:70: UserWarning: 
--------------------------------------------------------------------------------
CuPy (cupy) version 8.0.0 may not be compatible with this version of Chainer.
Please consider installing the supported version by running:
  $ pip install 'cupy>=6.3.0,<7.0.0'

See the following page for more details:
  https://docs-cupy.chainer.org/en/latest/install.html
--------------------------------------------------------------------------------

  warnings.warn(msg.format(
 
==========================================================================================
Finished basinhopping of  /home/jkgpu/HVQE/data/kagome/periodic/own_graph/opl/energy/3x2 at 2020-12-25 08:14:19.890530 UTC, with
 
{'path': '/home/jkgpu/HVQE/data/kagome/periodic/own_graph/opl/energy/3x2', 'n_par': 36, 'par_multiplicity': 9, 'n_iter': 0, 'cost_fn': 'energy', 'temperature': 1.0, 'stepsize': 1.0, 'init_par': None, 'dump_interval': None}
init_par = [0.0004365736489709656, -0.00037417446566995465, -1.879701364464881e-05, 0.00016048350607474093, -0.0002253166895119937, 0.0003218747917546065, -4.605722209047861e-05, -0.00019123392882152427, 2.874839013058798e-05, -0.00034284686806920176, -0.00032006428024088275, 0.0003423009277787488, -0.0003632441827177446, 0.00018355069537952338, 0.0003811503609483965, -0.00020759545500875423, -0.0002636902141370022, 0.0004866669977655093, 0.00014395524918651514, -0.00040253077923143264, 0.0003430996712888237, 2.314830223455744e-05, 0.0002744628863175948, -0.00021902470598868907, -0.0004368770603374748, 8.894498278502912e-05, -0.000299717001695611, -8.445684134857247e-05, -0.00031908695876070326, -0.00041338813735721105, 0.0001988137027552656, -0.00031197754357549826, 0.0002525533878700092, -0.00031259293813645816, 4.0849434421534256e-05, -0.00011876537677088896]
 
RESULTS:
--------
E_VQE = -7.969276963480393
inf_VQE = 0.48103801152802306
n_fn_calls = 189
Wall-clock time 0.29846739331881206 hours
 
For more output, see /home/jkgpu/HVQE/data/kagome/periodic/own_graph/opl/energy/3x2/output.txt
Plots of output saved in /home/jkgpu/HVQE/data/kagome/periodic/own_graph/opl/energy/3x2
End of HVQE.py
==========================================================================================
CuPy installation found, continuing using GPU acceleration.
having the CPUs {1, 3, 5, 7} available.
Started basinhopping at 2020-12-25 08:14:27.293226 UTC, with
command line arguments = {'path': '/home/jkgpu/HVQE/data/kagome/periodic/own_graph/opl/energy/3x2', 'n_par': 40, 'par_multiplicity': 9, 'n_iter': 0, 'cost_fn': 'energy', 'temperature': 1.0, 'stepsize': 1.0, 'init_par': None, 'dump_interval': None}
runtime variables =  {'GPU': True, 'date_start': '2020-12-25 08:14:27.293226', 'complete_graph': [(0, 6), (2, 8), (4, 10), (12, 9), (14, 11), (16, 7), (15, 1), (17, 3), (13, 5), (1, 6), (3, 8), (5, 10), (7, 12), (9, 14), (11, 16), (13, 0), (15, 2), (17, 4), (1, 2), (3, 4), (5, 0), (8, 12), (10, 14), (6, 16), (7, 13), (9, 15), (11, 17), (0, 1), (2, 3), (4, 5), (6, 7), (8, 9), (10, 11), (12, 13), (14, 15), (16, 17)], 'init_layer': [(0, 1), (2, 3), (4, 5), (6, 7), (8, 9), (10, 11), (12, 13), (14, 15), (16, 17)], 'layers': [[(0, 6), (2, 8), (4, 10), (12, 9), (14, 11), (16, 7), (15, 1), (17, 3), (13, 5)], [(1, 6), (3, 8), (5, 10), (7, 12), (9, 14), (11, 16), (13, 0), (15, 2), (17, 4)], [(1, 2), (3, 4), (5, 0), (8, 12), (10, 14), (6, 16), (7, 13), (9, 15), (11, 17)], [(0, 1), (2, 3), (4, 5), (6, 7), (8, 9), (10, 11), (12, 13), (14, 15), (16, 17)]], 'n': 18}
......................................................................................................................................................................................................................................................................................................../home/jkgpu/miniconda3/lib/python3.8/site-packages/chainer/backends/cuda.py:142: UserWarning: cuDNN is not enabled.
Please reinstall CuPy after you install cudnn
(see https://docs-cupy.chainer.org/en/stable/install.html#install-cudnn).
  warnings.warn(
/home/jkgpu/miniconda3/lib/python3.8/site-packages/chainer/_environment_check.py:70: UserWarning: 
--------------------------------------------------------------------------------
CuPy (cupy) version 8.0.0 may not be compatible with this version of Chainer.
Please consider installing the supported version by running:
  $ pip install 'cupy>=6.3.0,<7.0.0'

See the following page for more details:
  https://docs-cupy.chainer.org/en/latest/install.html
--------------------------------------------------------------------------------

  warnings.warn(msg.format(
 
==========================================================================================
Finished basinhopping of  /home/jkgpu/HVQE/data/kagome/periodic/own_graph/opl/energy/3x2 at 2020-12-25 08:45:30.327455 UTC, with
 
{'path': '/home/jkgpu/HVQE/data/kagome/periodic/own_graph/opl/energy/3x2', 'n_par': 40, 'par_multiplicity': 9, 'n_iter': 0, 'cost_fn': 'energy', 'temperature': 1.0, 'stepsize': 1.0, 'init_par': None, 'dump_interval': None}
init_par = [-0.00031481253497782125, -0.0002894290083573902, 0.00026754103186861175, -0.00012210810017044096, -0.0004632684977745699, -0.0003557442626936308, 0.000119020484313816, -1.0901567686391177e-06, 0.0003308847627708088, -3.257929127803774e-05, -0.00022492376147462546, 0.0002934453926823421, -0.00033736075492475073, 0.0002048902429506301, -0.00037795264178591616, -0.00019152120487592715, 0.00016945123789567748, 1.4650678343234398e-05, 0.0002166555635605788, 0.0004753257793727819, 0.00020946930527412726, -0.0004472463320218865, -6.442263955738081e-05, -0.000323828071513244, -0.0003318035267513634, 0.00032034693771826653, 0.00030267130997257616, -0.00012580229626715957, -0.0002783132616937088, -0.0002320647832486975, -0.00020398704315373583, -0.00021422338869675928, -8.488871672266383e-05, -6.377303723573103e-05, 0.0002523131020182116, -0.00020459003126606823, 0.0002021803062741877, -0.00011547093539587838, 0.000313795271995983, 0.00011682369793633498]
 
RESULTS:
--------
E_VQE = -7.978587741918443
inf_VQE = 0.47404581061088225
n_fn_calls = 296
Wall-clock time 0.5172154355711407 hours
 
For more output, see /home/jkgpu/HVQE/data/kagome/periodic/own_graph/opl/energy/3x2/output.txt
Plots of output saved in /home/jkgpu/HVQE/data/kagome/periodic/own_graph/opl/energy/3x2
End of HVQE.py
==========================================================================================
CuPy installation found, continuing using GPU acceleration.
having the CPUs {1, 3, 5, 7} available.
Started basinhopping at 2020-12-25 08:45:37.785322 UTC, with
command line arguments = {'path': '/home/jkgpu/HVQE/data/kagome/periodic/own_graph/opl/energy/3x2', 'n_par': 44, 'par_multiplicity': 9, 'n_iter': 0, 'cost_fn': 'energy', 'temperature': 1.0, 'stepsize': 1.0, 'init_par': None, 'dump_interval': None}
runtime variables =  {'GPU': True, 'date_start': '2020-12-25 08:45:37.785322', 'complete_graph': [(0, 6), (2, 8), (4, 10), (12, 9), (14, 11), (16, 7), (15, 1), (17, 3), (13, 5), (1, 6), (3, 8), (5, 10), (7, 12), (9, 14), (11, 16), (13, 0), (15, 2), (17, 4), (1, 2), (3, 4), (5, 0), (8, 12), (10, 14), (6, 16), (7, 13), (9, 15), (11, 17), (0, 1), (2, 3), (4, 5), (6, 7), (8, 9), (10, 11), (12, 13), (14, 15), (16, 17)], 'init_layer': [(0, 1), (2, 3), (4, 5), (6, 7), (8, 9), (10, 11), (12, 13), (14, 15), (16, 17)], 'layers': [[(0, 6), (2, 8), (4, 10), (12, 9), (14, 11), (16, 7), (15, 1), (17, 3), (13, 5)], [(1, 6), (3, 8), (5, 10), (7, 12), (9, 14), (11, 16), (13, 0), (15, 2), (17, 4)], [(1, 2), (3, 4), (5, 0), (8, 12), (10, 14), (6, 16), (7, 13), (9, 15), (11, 17)], [(0, 1), (2, 3), (4, 5), (6, 7), (8, 9), (10, 11), (12, 13), (14, 15), (16, 17)]], 'n': 18}
............................................................................................................................................................................................................................................................................./home/jkgpu/miniconda3/lib/python3.8/site-packages/chainer/backends/cuda.py:142: UserWarning: cuDNN is not enabled.
Please reinstall CuPy after you install cudnn
(see https://docs-cupy.chainer.org/en/stable/install.html#install-cudnn).
  warnings.warn(
/home/jkgpu/miniconda3/lib/python3.8/site-packages/chainer/_environment_check.py:70: UserWarning: 
--------------------------------------------------------------------------------
CuPy (cupy) version 8.0.0 may not be compatible with this version of Chainer.
Please consider installing the supported version by running:
  $ pip install 'cupy>=6.3.0,<7.0.0'

See the following page for more details:
  https://docs-cupy.chainer.org/en/latest/install.html
--------------------------------------------------------------------------------

  warnings.warn(msg.format(
 
==========================================================================================
Finished basinhopping of  /home/jkgpu/HVQE/data/kagome/periodic/own_graph/opl/energy/3x2 at 2020-12-25 09:16:39.061705 UTC, with
 
{'path': '/home/jkgpu/HVQE/data/kagome/periodic/own_graph/opl/energy/3x2', 'n_par': 44, 'par_multiplicity': 9, 'n_iter': 0, 'cost_fn': 'energy', 'temperature': 1.0, 'stepsize': 1.0, 'init_par': None, 'dump_interval': None}
init_par = [0.00015250852507169086, -0.00039182456960093704, 0.00021199249913369546, 0.00040179755234611976, 0.00027040007213529813, -0.0002015010804388435, -0.00011682771171246301, -0.000204952369446363, -0.00038927624885762627, -0.0002994861330064427, 0.00026548999251987785, 0.00015726145716256422, 0.00019355238925853593, 0.0002501351778719192, 0.00017521749210957854, 0.0004480740933336956, 0.0002737647743963295, 0.00026147293017133384, -2.1151228350211422e-05, 0.0003498077765882563, -0.00025134450834714007, -4.5103780443316315e-05, 0.00014197023697439545, 0.00034115126793704445, 0.0001771607263463781, 8.94999248873909e-05, 9.078188682209033e-05, -0.00018292781170733486, -0.0002367659172302631, 4.453579813787833e-05, -0.00011820722682419582, 8.529951345886424e-05, 0.00018126662893753955, -4.69191324964714e-05, -4.2729137595761855e-06, -3.3803869559737585e-06, -4.6776628455239455e-05, -0.00025258394819203066, 9.031615589018282e-05, -0.0002633540865232938, -0.00017358095443996847, -0.00025908182999617377, 0.00023342918657458592, -1.3742537936700249e-05]
 
RESULTS:
--------
E_VQE = -7.945752669333808
inf_VQE = 0.49134661450761996
n_fn_calls = 269
Wall-clock time 0.5167106370131175 hours
 
For more output, see /home/jkgpu/HVQE/data/kagome/periodic/own_graph/opl/energy/3x2/output.txt
Plots of output saved in /home/jkgpu/HVQE/data/kagome/periodic/own_graph/opl/energy/3x2
End of HVQE.py
==========================================================================================
CuPy installation found, continuing using GPU acceleration.
having the CPUs {1, 3, 5, 7} available.
Started basinhopping at 2020-12-25 09:16:46.419895 UTC, with
command line arguments = {'path': '/home/jkgpu/HVQE/data/kagome/periodic/own_graph/opl/energy/3x2', 'n_par': 48, 'par_multiplicity': 9, 'n_iter': 0, 'cost_fn': 'energy', 'temperature': 1.0, 'stepsize': 1.0, 'init_par': None, 'dump_interval': None}
runtime variables =  {'GPU': True, 'date_start': '2020-12-25 09:16:46.419895', 'complete_graph': [(0, 6), (2, 8), (4, 10), (12, 9), (14, 11), (16, 7), (15, 1), (17, 3), (13, 5), (1, 6), (3, 8), (5, 10), (7, 12), (9, 14), (11, 16), (13, 0), (15, 2), (17, 4), (1, 2), (3, 4), (5, 0), (8, 12), (10, 14), (6, 16), (7, 13), (9, 15), (11, 17), (0, 1), (2, 3), (4, 5), (6, 7), (8, 9), (10, 11), (12, 13), (14, 15), (16, 17)], 'init_layer': [(0, 1), (2, 3), (4, 5), (6, 7), (8, 9), (10, 11), (12, 13), (14, 15), (16, 17)], 'layers': [[(0, 6), (2, 8), (4, 10), (12, 9), (14, 11), (16, 7), (15, 1), (17, 3), (13, 5)], [(1, 6), (3, 8), (5, 10), (7, 12), (9, 14), (11, 16), (13, 0), (15, 2), (17, 4)], [(1, 2), (3, 4), (5, 0), (8, 12), (10, 14), (6, 16), (7, 13), (9, 15), (11, 17)], [(0, 1), (2, 3), (4, 5), (6, 7), (8, 9), (10, 11), (12, 13), (14, 15), (16, 17)]], 'n': 18}
......................................................................................................................................................................................................................................................................................................................................................................................................................................................................................................................................................................................................................................................................................................................../home/jkgpu/miniconda3/lib/python3.8/site-packages/chainer/backends/cuda.py:142: UserWarning: cuDNN is not enabled.
Please reinstall CuPy after you install cudnn
(see https://docs-cupy.chainer.org/en/stable/install.html#install-cudnn).
  warnings.warn(
/home/jkgpu/miniconda3/lib/python3.8/site-packages/chainer/_environment_check.py:70: UserWarning: 
--------------------------------------------------------------------------------
CuPy (cupy) version 8.0.0 may not be compatible with this version of Chainer.
Please consider installing the supported version by running:
  $ pip install 'cupy>=6.3.0,<7.0.0'

See the following page for more details:
  https://docs-cupy.chainer.org/en/latest/install.html
--------------------------------------------------------------------------------

  warnings.warn(msg.format(
 
==========================================================================================
Finished basinhopping of  /home/jkgpu/HVQE/data/kagome/periodic/own_graph/opl/energy/3x2 at 2020-12-25 10:44:28.353468 UTC, with
 
{'path': '/home/jkgpu/HVQE/data/kagome/periodic/own_graph/opl/energy/3x2', 'n_par': 48, 'par_multiplicity': 9, 'n_iter': 0, 'cost_fn': 'energy', 'temperature': 1.0, 'stepsize': 1.0, 'init_par': None, 'dump_interval': None}
init_par = [0.0004101484505728732, 0.0002489183017045667, -0.00023906202011551083, -9.22131884043813e-05, -0.00023085546094161325, 2.7408926600089984e-05, -0.0003413386449129735, -4.685261484239022e-05, -0.0001759460147177585, -3.180486751601808e-05, -2.6952797732235042e-05, -1.210325550463808e-05, -0.00047680142698353756, -0.00038189896120811005, 0.00019158890580825037, -0.00011439338066919372, -0.00036520338340859614, -0.0003119679388173137, -6.299864883687722e-05, 0.0003099990301528028, 0.00037727002073549706, -6.982414949694105e-05, -0.0003066820882627108, 9.406108584892421e-05, 0.00016073711764479212, -0.00037459517113458895, 4.344835733586291e-05, 0.0001800440764825077, -0.00019825702757075625, 0.0002606029271018381, -0.0002954672004212743, 0.0002932253028146035, -5.846122985944061e-05, 6.4954400052770304e-06, 0.00022205194660310202, 0.0002842270503703156, 9.536581586572852e-05, -0.00027972219118578643, -0.0001108074329964952, -0.00031191765490911586, -0.00010674649586048414, 8.205617731476568e-05, 0.00033206683855651036, -0.0004191198746398882, 0.0004403768045756301, -0.0002772324699774661, 0.00026128549342127063, 8.560915560563065e-05]
 
RESULTS:
--------
E_VQE = -7.967238594127377
inf_VQE = 0.4716903036710316
n_fn_calls = 696
Wall-clock time 1.4612846836778852 hours
 
For more output, see /home/jkgpu/HVQE/data/kagome/periodic/own_graph/opl/energy/3x2/output.txt
Plots of output saved in /home/jkgpu/HVQE/data/kagome/periodic/own_graph/opl/energy/3x2
End of HVQE.py
==========================================================================================
CuPy installation found, continuing using GPU acceleration.
having the CPUs {1, 3, 5, 7} available.
Started basinhopping at 2020-12-25 10:44:35.662880 UTC, with
command line arguments = {'path': '/home/jkgpu/HVQE/data/kagome/periodic/own_graph/opl/energy/3x2', 'n_par': 52, 'par_multiplicity': 9, 'n_iter': 0, 'cost_fn': 'energy', 'temperature': 1.0, 'stepsize': 1.0, 'init_par': None, 'dump_interval': None}
runtime variables =  {'GPU': True, 'date_start': '2020-12-25 10:44:35.662880', 'complete_graph': [(0, 6), (2, 8), (4, 10), (12, 9), (14, 11), (16, 7), (15, 1), (17, 3), (13, 5), (1, 6), (3, 8), (5, 10), (7, 12), (9, 14), (11, 16), (13, 0), (15, 2), (17, 4), (1, 2), (3, 4), (5, 0), (8, 12), (10, 14), (6, 16), (7, 13), (9, 15), (11, 17), (0, 1), (2, 3), (4, 5), (6, 7), (8, 9), (10, 11), (12, 13), (14, 15), (16, 17)], 'init_layer': [(0, 1), (2, 3), (4, 5), (6, 7), (8, 9), (10, 11), (12, 13), (14, 15), (16, 17)], 'layers': [[(0, 6), (2, 8), (4, 10), (12, 9), (14, 11), (16, 7), (15, 1), (17, 3), (13, 5)], [(1, 6), (3, 8), (5, 10), (7, 12), (9, 14), (11, 16), (13, 0), (15, 2), (17, 4)], [(1, 2), (3, 4), (5, 0), (8, 12), (10, 14), (6, 16), (7, 13), (9, 15), (11, 17)], [(0, 1), (2, 3), (4, 5), (6, 7), (8, 9), (10, 11), (12, 13), (14, 15), (16, 17)]], 'n': 18}
............................................................................................................................................................................................................................................................................................./home/jkgpu/miniconda3/lib/python3.8/site-packages/chainer/backends/cuda.py:142: UserWarning: cuDNN is not enabled.
Please reinstall CuPy after you install cudnn
(see https://docs-cupy.chainer.org/en/stable/install.html#install-cudnn).
  warnings.warn(
/home/jkgpu/miniconda3/lib/python3.8/site-packages/chainer/_environment_check.py:70: UserWarning: 
--------------------------------------------------------------------------------
CuPy (cupy) version 8.0.0 may not be compatible with this version of Chainer.
Please consider installing the supported version by running:
  $ pip install 'cupy>=6.3.0,<7.0.0'

See the following page for more details:
  https://docs-cupy.chainer.org/en/latest/install.html
--------------------------------------------------------------------------------

  warnings.warn(msg.format(
 
==========================================================================================
Finished basinhopping of  /home/jkgpu/HVQE/data/kagome/periodic/own_graph/opl/energy/3x2 at 2020-12-25 11:23:42.185718 UTC, with
 
{'path': '/home/jkgpu/HVQE/data/kagome/periodic/own_graph/opl/energy/3x2', 'n_par': 52, 'par_multiplicity': 9, 'n_iter': 0, 'cost_fn': 'energy', 'temperature': 1.0, 'stepsize': 1.0, 'init_par': None, 'dump_interval': None}
init_par = [-0.00014663724112456332, 8.803687654770117e-05, -7.047380906844672e-05, 0.0003074003138929225, 0.00037123368179408007, 7.640905868554519e-05, 0.0001330932924478444, 8.806897473451246e-05, -0.0004960597735621722, 0.0003292145838902868, 0.00023308190753043177, 0.00016185159552237574, -0.0003235222946538619, 8.623844132157183e-05, -0.00011275022802832978, 7.632479317060581e-06, 0.00048631017989364317, -0.00035529897038925787, -0.00044572932235238015, 0.00046773490983895865, -0.00025307582880876723, 9.485147107213287e-05, 0.00045836248177498625, -0.00010421413476537544, -0.00035671395395483964, 5.892126892500789e-05, 0.0004111883325872409, 0.00023148239120405665, 6.310166444402452e-05, -0.0003023304106013801, 0.00023903617662067173, -0.000367853821970131, -0.000295563015530287, -0.0002202470572043359, -0.00028031284299379956, -0.0001907548784770188, 0.00043555288511407434, -0.0004544109058925481, -0.00041413447531720603, -0.00015531976981279083, -0.0004574123289414124, -0.00020093358223262472, -0.0004733833380021438, -3.733701733683192e-05, -0.0004192736101398955, -7.808395132685567e-06, 0.0004379493520511649, -0.00030963391211093585, 0.00024678959050585935, 0.0003332067224099713, -0.00021229822497304717, -0.000474357251691844]
 
RESULTS:
--------
E_VQE = -7.9888797819950055
inf_VQE = 0.466269693819757
n_fn_calls = 285
Wall-clock time 0.6514459882179896 hours
 
For more output, see /home/jkgpu/HVQE/data/kagome/periodic/own_graph/opl/energy/3x2/output.txt
Plots of output saved in /home/jkgpu/HVQE/data/kagome/periodic/own_graph/opl/energy/3x2
End of HVQE.py
==========================================================================================
CuPy installation found, continuing using GPU acceleration.
having the CPUs {1, 3, 5, 7} available.
Started basinhopping at 2020-12-25 11:23:49.792266 UTC, with
command line arguments = {'path': '/home/jkgpu/HVQE/data/kagome/periodic/own_graph/opl/energy/3x2', 'n_par': 56, 'par_multiplicity': 9, 'n_iter': 0, 'cost_fn': 'energy', 'temperature': 1.0, 'stepsize': 1.0, 'init_par': None, 'dump_interval': None}
runtime variables =  {'GPU': True, 'date_start': '2020-12-25 11:23:49.792266', 'complete_graph': [(0, 6), (2, 8), (4, 10), (12, 9), (14, 11), (16, 7), (15, 1), (17, 3), (13, 5), (1, 6), (3, 8), (5, 10), (7, 12), (9, 14), (11, 16), (13, 0), (15, 2), (17, 4), (1, 2), (3, 4), (5, 0), (8, 12), (10, 14), (6, 16), (7, 13), (9, 15), (11, 17), (0, 1), (2, 3), (4, 5), (6, 7), (8, 9), (10, 11), (12, 13), (14, 15), (16, 17)], 'init_layer': [(0, 1), (2, 3), (4, 5), (6, 7), (8, 9), (10, 11), (12, 13), (14, 15), (16, 17)], 'layers': [[(0, 6), (2, 8), (4, 10), (12, 9), (14, 11), (16, 7), (15, 1), (17, 3), (13, 5)], [(1, 6), (3, 8), (5, 10), (7, 12), (9, 14), (11, 16), (13, 0), (15, 2), (17, 4)], [(1, 2), (3, 4), (5, 0), (8, 12), (10, 14), (6, 16), (7, 13), (9, 15), (11, 17)], [(0, 1), (2, 3), (4, 5), (6, 7), (8, 9), (10, 11), (12, 13), (14, 15), (16, 17)]], 'n': 18}
............................................................................................................................................................................................................................................................................................................................................................................................................................................................................................................................................/home/jkgpu/miniconda3/lib/python3.8/site-packages/chainer/backends/cuda.py:142: UserWarning: cuDNN is not enabled.
Please reinstall CuPy after you install cudnn
(see https://docs-cupy.chainer.org/en/stable/install.html#install-cudnn).
  warnings.warn(
/home/jkgpu/miniconda3/lib/python3.8/site-packages/chainer/_environment_check.py:70: UserWarning: 
--------------------------------------------------------------------------------
CuPy (cupy) version 8.0.0 may not be compatible with this version of Chainer.
Please consider installing the supported version by running:
  $ pip install 'cupy>=6.3.0,<7.0.0'

See the following page for more details:
  https://docs-cupy.chainer.org/en/latest/install.html
--------------------------------------------------------------------------------

  warnings.warn(msg.format(
 
==========================================================================================
Finished basinhopping of  /home/jkgpu/HVQE/data/kagome/periodic/own_graph/opl/energy/3x2 at 2020-12-25 12:40:34.985369 UTC, with
 
{'path': '/home/jkgpu/HVQE/data/kagome/periodic/own_graph/opl/energy/3x2', 'n_par': 56, 'par_multiplicity': 9, 'n_iter': 0, 'cost_fn': 'energy', 'temperature': 1.0, 'stepsize': 1.0, 'init_par': None, 'dump_interval': None}
init_par = [-5.58083511793951e-05, -0.00011707195499224176, 0.00032475082041107345, 0.00015530242686523713, 0.0001243510086126235, -0.00024971712660141955, 0.0003501435196284797, -0.000247422367630207, 0.0004998629736263701, -0.0003118038323412771, -0.0002187347561341574, -0.0003758063852157326, 0.0002639413844486362, -3.0311336199395405e-05, -0.00022773485655772465, 0.0002930184540869125, 0.00032034223546922576, 0.00028574418272256017, -9.557324397489454e-05, 0.0004530554874335129, 0.00019435941504444268, 0.00048459059699593513, 0.00044620424182264477, 0.00025739849221463184, -0.00011511575310431198, 0.00018343294780873382, 5.585342991544756e-05, 0.00026382942110722346, 0.0003273433029357773, 0.0003272122679797057, 0.00030513147507860313, 4.928485824927235e-05, 0.0001721993801537216, -0.0004873547155525575, 0.00022938759625645974, 5.039237607428371e-05, -6.363896835725314e-05, 0.00034549491088092755, 0.00022164361054528034, 0.000150161237716908, 8.335552461988715e-05, 0.00036715038048739626, -0.0003726709634372957, 0.00011028857867913776, -0.0003501191886460646, -8.215228840178905e-06, -0.00019235163389571164, 0.0002898686731517947, 0.00030208003016808877, 0.00014668171701647903, 0.0004141547527513773, 0.0002738004980713974, 8.747064362927951e-05, -9.18704206524014e-05, 0.00019622848822876797, 0.0001728979753297218]
 
RESULTS:
--------
E_VQE = -7.987740441237085
inf_VQE = 0.4704447107922364
n_fn_calls = 524
Wall-clock time 1.2788117089536455 hours
 
For more output, see /home/jkgpu/HVQE/data/kagome/periodic/own_graph/opl/energy/3x2/output.txt
Plots of output saved in /home/jkgpu/HVQE/data/kagome/periodic/own_graph/opl/energy/3x2
End of HVQE.py
==========================================================================================
CuPy installation found, continuing using GPU acceleration.
having the CPUs {1, 3, 5, 7} available.
Started basinhopping at 2020-12-25 12:40:42.272570 UTC, with
command line arguments = {'path': '/home/jkgpu/HVQE/data/kagome/periodic/own_graph/opl/energy/3x2', 'n_par': 60, 'par_multiplicity': 9, 'n_iter': 0, 'cost_fn': 'energy', 'temperature': 1.0, 'stepsize': 1.0, 'init_par': None, 'dump_interval': None}
runtime variables =  {'GPU': True, 'date_start': '2020-12-25 12:40:42.272570', 'complete_graph': [(0, 6), (2, 8), (4, 10), (12, 9), (14, 11), (16, 7), (15, 1), (17, 3), (13, 5), (1, 6), (3, 8), (5, 10), (7, 12), (9, 14), (11, 16), (13, 0), (15, 2), (17, 4), (1, 2), (3, 4), (5, 0), (8, 12), (10, 14), (6, 16), (7, 13), (9, 15), (11, 17), (0, 1), (2, 3), (4, 5), (6, 7), (8, 9), (10, 11), (12, 13), (14, 15), (16, 17)], 'init_layer': [(0, 1), (2, 3), (4, 5), (6, 7), (8, 9), (10, 11), (12, 13), (14, 15), (16, 17)], 'layers': [[(0, 6), (2, 8), (4, 10), (12, 9), (14, 11), (16, 7), (15, 1), (17, 3), (13, 5)], [(1, 6), (3, 8), (5, 10), (7, 12), (9, 14), (11, 16), (13, 0), (15, 2), (17, 4)], [(1, 2), (3, 4), (5, 0), (8, 12), (10, 14), (6, 16), (7, 13), (9, 15), (11, 17)], [(0, 1), (2, 3), (4, 5), (6, 7), (8, 9), (10, 11), (12, 13), (14, 15), (16, 17)]], 'n': 18}
............................................................................................................................................................................................................................................................................................................................................................................................................................/home/jkgpu/miniconda3/lib/python3.8/site-packages/chainer/backends/cuda.py:142: UserWarning: cuDNN is not enabled.
Please reinstall CuPy after you install cudnn
(see https://docs-cupy.chainer.org/en/stable/install.html#install-cudnn).
  warnings.warn(
/home/jkgpu/miniconda3/lib/python3.8/site-packages/chainer/_environment_check.py:70: UserWarning: 
--------------------------------------------------------------------------------
CuPy (cupy) version 8.0.0 may not be compatible with this version of Chainer.
Please consider installing the supported version by running:
  $ pip install 'cupy>=6.3.0,<7.0.0'

See the following page for more details:
  https://docs-cupy.chainer.org/en/latest/install.html
--------------------------------------------------------------------------------

  warnings.warn(msg.format(
 
==========================================================================================
Finished basinhopping of  /home/jkgpu/HVQE/data/kagome/periodic/own_graph/opl/energy/3x2 at 2020-12-25 13:45:39.633740 UTC, with
 
{'path': '/home/jkgpu/HVQE/data/kagome/periodic/own_graph/opl/energy/3x2', 'n_par': 60, 'par_multiplicity': 9, 'n_iter': 0, 'cost_fn': 'energy', 'temperature': 1.0, 'stepsize': 1.0, 'init_par': None, 'dump_interval': None}
init_par = [0.0003931074017537795, 0.00031514076925891036, 0.0003050414023947714, -4.6589466349049476e-05, -0.00042790433661063086, -1.3854273811607875e-05, 0.00026862644604933364, 0.00036864060255490196, -0.00047077037400655665, 0.0002486758247087223, -0.00024503180802998195, 0.00024545299269783567, -0.00018427871679932016, 0.00010569304214142047, -0.00017790302560579074, -4.919802276247157e-05, -0.0002479217932024419, 0.00039180272786327964, -0.0003057094382707304, -0.00038042146589459215, -0.00010256900473751295, -2.280537832088724e-05, -0.0003160902050905193, -0.0002985778363044161, -0.00014578716379826432, -0.0004733381454058253, -0.0003369059704550944, 0.000370255550726083, 0.00010889663618664648, -0.0003086377625016671, 0.0004083697826200303, -2.970410626818346e-05, 9.556465145762029e-05, 0.0002565634026884322, -1.9061237473062007e-05, -0.00029298139259296117, -3.999805331072494e-05, 0.0001980363601297668, 0.00035248706732381836, 0.00029222209500480184, -4.01108935050294e-05, 0.00028062161542506377, -0.00019222835157776144, 2.3317107803138507e-05, -0.0004994960111836857, -0.00021942808914758442, -0.0003590438199613106, 0.0003013626180348247, 0.00038361681584180886, 0.000290777784739872, -4.838574464341086e-05, -1.4277527367459041e-05, 0.0004588216551420051, 0.0004419974535936423, -0.00043232208835993646, -0.0004503055037372894, 0.0003511447734797843, 0.0004938922224554671, -0.0003140321917580118, 2.759391628622584e-05]
 
RESULTS:
--------
E_VQE = -7.991096720535376
inf_VQE = 0.46395371498033267
n_fn_calls = 412
Wall-clock time 1.082172144518958 hours
 
For more output, see /home/jkgpu/HVQE/data/kagome/periodic/own_graph/opl/energy/3x2/output.txt
Plots of output saved in /home/jkgpu/HVQE/data/kagome/periodic/own_graph/opl/energy/3x2
End of HVQE.py
==========================================================================================
CuPy installation found, continuing using GPU acceleration.
having the CPUs {1, 3, 5, 7} available.
Started basinhopping at 2020-12-25 13:45:47.318741 UTC, with
command line arguments = {'path': '/home/jkgpu/HVQE/data/kagome/periodic/own_graph/opl/energy/3x2', 'n_par': 64, 'par_multiplicity': 9, 'n_iter': 0, 'cost_fn': 'energy', 'temperature': 1.0, 'stepsize': 1.0, 'init_par': None, 'dump_interval': None}
runtime variables =  {'GPU': True, 'date_start': '2020-12-25 13:45:47.318741', 'complete_graph': [(0, 6), (2, 8), (4, 10), (12, 9), (14, 11), (16, 7), (15, 1), (17, 3), (13, 5), (1, 6), (3, 8), (5, 10), (7, 12), (9, 14), (11, 16), (13, 0), (15, 2), (17, 4), (1, 2), (3, 4), (5, 0), (8, 12), (10, 14), (6, 16), (7, 13), (9, 15), (11, 17), (0, 1), (2, 3), (4, 5), (6, 7), (8, 9), (10, 11), (12, 13), (14, 15), (16, 17)], 'init_layer': [(0, 1), (2, 3), (4, 5), (6, 7), (8, 9), (10, 11), (12, 13), (14, 15), (16, 17)], 'layers': [[(0, 6), (2, 8), (4, 10), (12, 9), (14, 11), (16, 7), (15, 1), (17, 3), (13, 5)], [(1, 6), (3, 8), (5, 10), (7, 12), (9, 14), (11, 16), (13, 0), (15, 2), (17, 4)], [(1, 2), (3, 4), (5, 0), (8, 12), (10, 14), (6, 16), (7, 13), (9, 15), (11, 17)], [(0, 1), (2, 3), (4, 5), (6, 7), (8, 9), (10, 11), (12, 13), (14, 15), (16, 17)]], 'n': 18}
.................................................................................................................................................................................................................................................................................................................................................................................................................................................................................................................../home/jkgpu/miniconda3/lib/python3.8/site-packages/chainer/backends/cuda.py:142: UserWarning: cuDNN is not enabled.
Please reinstall CuPy after you install cudnn
(see https://docs-cupy.chainer.org/en/stable/install.html#install-cudnn).
  warnings.warn(
/home/jkgpu/miniconda3/lib/python3.8/site-packages/chainer/_environment_check.py:70: UserWarning: 
--------------------------------------------------------------------------------
CuPy (cupy) version 8.0.0 may not be compatible with this version of Chainer.
Please consider installing the supported version by running:
  $ pip install 'cupy>=6.3.0,<7.0.0'

See the following page for more details:
  https://docs-cupy.chainer.org/en/latest/install.html
--------------------------------------------------------------------------------

  warnings.warn(msg.format(
 
==========================================================================================
Finished basinhopping of  /home/jkgpu/HVQE/data/kagome/periodic/own_graph/opl/energy/3x2 at 2020-12-25 15:09:17.441772 UTC, with
 
{'path': '/home/jkgpu/HVQE/data/kagome/periodic/own_graph/opl/energy/3x2', 'n_par': 64, 'par_multiplicity': 9, 'n_iter': 0, 'cost_fn': 'energy', 'temperature': 1.0, 'stepsize': 1.0, 'init_par': None, 'dump_interval': None}
init_par = [0.00022511127835997608, 0.00035002871455165944, -0.00026099632134735204, -0.00033525808030234985, -0.00024234856287165497, -4.8207914383077374e-05, -0.00012420730917777403, 0.00043131109488149045, 0.00039920822482217093, -4.5292677735049884e-05, -0.00031893373910361824, -7.359235102830423e-05, -9.524056565219497e-05, 0.00043734676256900373, -3.959552753660545e-06, 0.00014234770249750572, -0.00043978080017132316, -3.8106950390106448e-06, 0.0004386172392479823, -0.00048598195621940424, 8.021814576124504e-05, -6.729816856312497e-05, 0.000332138728041422, -9.416846692201331e-05, -0.0002111622566140721, -0.0004793252264312702, -0.0002794695574176066, -0.00035068852884448257, -0.0001364168560933383, 0.00015273642245981788, -0.00026111291002142603, -8.991105545195599e-05, -0.00026753335689442116, 3.541046636923949e-05, 0.0004484661080683931, -0.0001451796534845159, -0.00037279352734164773, 0.00032042589250934556, -1.293582713561591e-05, 7.875407730925156e-05, 0.00028549342528858305, 0.0004942949031233289, 0.00020309252333676508, 0.00036085022748045354, 0.00024078239574867985, -0.0003902835824420263, -0.00028637652985008777, -0.0004375911449562382, -3.5847518607616037e-05, -0.0002979361582449056, 0.0003752138060346144, -9.86239873260937e-05, -4.660191887340126e-05, 0.0002630845599701858, 0.00045766315664275223, -0.00038521728734167816, -0.00036517624256159184, -0.00043774469735148304, 1.7441868117525332e-05, 0.0004200539156052108, 0.00015262955412661454, 0.0004999618245116022, -0.00027716666788531186, 0.00019010164109783414]
 
RESULTS:
--------
E_VQE = -7.9867286586084365
inf_VQE = 0.4678396666745873
n_fn_calls = 499
Wall-clock time 1.3912774867481656 hours
 
For more output, see /home/jkgpu/HVQE/data/kagome/periodic/own_graph/opl/energy/3x2/output.txt
Plots of output saved in /home/jkgpu/HVQE/data/kagome/periodic/own_graph/opl/energy/3x2
End of HVQE.py
==========================================================================================
CuPy installation found, continuing using GPU acceleration.
having the CPUs {1, 3, 5, 7} available.
Started basinhopping at 2020-12-25 15:09:24.934792 UTC, with
command line arguments = {'path': '/home/jkgpu/HVQE/data/kagome/periodic/own_graph/opl/energy/3x2', 'n_par': 68, 'par_multiplicity': 9, 'n_iter': 0, 'cost_fn': 'energy', 'temperature': 1.0, 'stepsize': 1.0, 'init_par': None, 'dump_interval': None}
runtime variables =  {'GPU': True, 'date_start': '2020-12-25 15:09:24.934792', 'complete_graph': [(0, 6), (2, 8), (4, 10), (12, 9), (14, 11), (16, 7), (15, 1), (17, 3), (13, 5), (1, 6), (3, 8), (5, 10), (7, 12), (9, 14), (11, 16), (13, 0), (15, 2), (17, 4), (1, 2), (3, 4), (5, 0), (8, 12), (10, 14), (6, 16), (7, 13), (9, 15), (11, 17), (0, 1), (2, 3), (4, 5), (6, 7), (8, 9), (10, 11), (12, 13), (14, 15), (16, 17)], 'init_layer': [(0, 1), (2, 3), (4, 5), (6, 7), (8, 9), (10, 11), (12, 13), (14, 15), (16, 17)], 'layers': [[(0, 6), (2, 8), (4, 10), (12, 9), (14, 11), (16, 7), (15, 1), (17, 3), (13, 5)], [(1, 6), (3, 8), (5, 10), (7, 12), (9, 14), (11, 16), (13, 0), (15, 2), (17, 4)], [(1, 2), (3, 4), (5, 0), (8, 12), (10, 14), (6, 16), (7, 13), (9, 15), (11, 17)], [(0, 1), (2, 3), (4, 5), (6, 7), (8, 9), (10, 11), (12, 13), (14, 15), (16, 17)]], 'n': 18}
.................................................................................................................................................................................................................................................................................................................................................................................................................../home/jkgpu/miniconda3/lib/python3.8/site-packages/chainer/backends/cuda.py:142: UserWarning: cuDNN is not enabled.
Please reinstall CuPy after you install cudnn
(see https://docs-cupy.chainer.org/en/stable/install.html#install-cudnn).
  warnings.warn(
/home/jkgpu/miniconda3/lib/python3.8/site-packages/chainer/_environment_check.py:70: UserWarning: 
--------------------------------------------------------------------------------
CuPy (cupy) version 8.0.0 may not be compatible with this version of Chainer.
Please consider installing the supported version by running:
  $ pip install 'cupy>=6.3.0,<7.0.0'

See the following page for more details:
  https://docs-cupy.chainer.org/en/latest/install.html
--------------------------------------------------------------------------------

  warnings.warn(msg.format(
 
==========================================================================================
Finished basinhopping of  /home/jkgpu/HVQE/data/kagome/periodic/own_graph/opl/energy/3x2 at 2020-12-25 16:21:07.422894 UTC, with
 
{'path': '/home/jkgpu/HVQE/data/kagome/periodic/own_graph/opl/energy/3x2', 'n_par': 68, 'par_multiplicity': 9, 'n_iter': 0, 'cost_fn': 'energy', 'temperature': 1.0, 'stepsize': 1.0, 'init_par': None, 'dump_interval': None}
init_par = [-9.588221359777726e-05, -0.0003008464834492793, 3.1269273740482865e-05, -0.0001971673571261934, 0.00018392314835630197, -0.00012819572005441285, 0.00020008844308177576, -7.330296394677903e-05, -0.00019401529087122703, 0.00022562939800949784, 2.9195970418768e-05, -0.00016346717796547627, -0.00016444706230163197, -7.566352601585117e-05, -0.0001785741575376527, -4.051232456605668e-05, 0.0004482198510593965, 0.00010697773577007265, -9.478074783910318e-05, 0.0003368696204997968, 0.00011318752381214291, -0.0003462113178462309, -0.0003043830970299234, -0.0001378318078390367, -0.00027920909767762813, -0.00039315162476373825, -0.00029220464854146723, 0.000267121589712603, -0.00038421738799492987, 0.00042227235987469397, 0.00045873691691001217, 0.0003520460189707467, 8.88038756691955e-05, 6.50058579742494e-05, 5.836707054405728e-05, -0.0003301317971067953, -0.00014811076020606706, -0.0004887623397953225, 0.00043799875158040543, 0.0002432841527222696, 0.0002931893500507434, 1.4496332307047783e-05, 0.00048397161122614905, -0.00023290396745548526, 0.0003584498181292573, 2.576768013782247e-05, 0.0001687676038732009, 1.0373047228255639e-05, -0.00048361479490712455, -0.0003760732141545056, 0.00029667648757156586, -0.0002362255024538691, -0.00039521417528742364, 0.0004552702150800044, 0.0001963460280804848, -0.0004138457294340839, 0.00025873086577987735, -0.00010663990067120901, 0.0004884206385424301, -0.0003405441434291592, 0.0003604545295147777, -0.00016623581618430475, 8.996945887516385e-05, -0.0004795106140343987, 0.0002642201234301138, -0.0003465428474705215, 0.00035600824305620764, 0.00032745723983730113]
 
RESULTS:
--------
E_VQE = -7.996379013305735
inf_VQE = 0.44518385195488497
n_fn_calls = 403
Wall-clock time 1.1946610223584706 hours
 
For more output, see /home/jkgpu/HVQE/data/kagome/periodic/own_graph/opl/energy/3x2/output.txt
Plots of output saved in /home/jkgpu/HVQE/data/kagome/periodic/own_graph/opl/energy/3x2
End of HVQE.py
==========================================================================================
CuPy installation found, continuing using GPU acceleration.
having the CPUs {1, 3, 5, 7} available.
Started basinhopping at 2020-12-25 16:21:14.940296 UTC, with
command line arguments = {'path': '/home/jkgpu/HVQE/data/kagome/periodic/own_graph/opl/energy/3x2', 'n_par': 72, 'par_multiplicity': 9, 'n_iter': 0, 'cost_fn': 'energy', 'temperature': 1.0, 'stepsize': 1.0, 'init_par': None, 'dump_interval': None}
runtime variables =  {'GPU': True, 'date_start': '2020-12-25 16:21:14.940296', 'complete_graph': [(0, 6), (2, 8), (4, 10), (12, 9), (14, 11), (16, 7), (15, 1), (17, 3), (13, 5), (1, 6), (3, 8), (5, 10), (7, 12), (9, 14), (11, 16), (13, 0), (15, 2), (17, 4), (1, 2), (3, 4), (5, 0), (8, 12), (10, 14), (6, 16), (7, 13), (9, 15), (11, 17), (0, 1), (2, 3), (4, 5), (6, 7), (8, 9), (10, 11), (12, 13), (14, 15), (16, 17)], 'init_layer': [(0, 1), (2, 3), (4, 5), (6, 7), (8, 9), (10, 11), (12, 13), (14, 15), (16, 17)], 'layers': [[(0, 6), (2, 8), (4, 10), (12, 9), (14, 11), (16, 7), (15, 1), (17, 3), (13, 5)], [(1, 6), (3, 8), (5, 10), (7, 12), (9, 14), (11, 16), (13, 0), (15, 2), (17, 4)], [(1, 2), (3, 4), (5, 0), (8, 12), (10, 14), (6, 16), (7, 13), (9, 15), (11, 17)], [(0, 1), (2, 3), (4, 5), (6, 7), (8, 9), (10, 11), (12, 13), (14, 15), (16, 17)]], 'n': 18}
...................................................................................................................................................................................................................................................................................................................................................................................................................................................................................................................................................................................................................................................................................................................................................................................................................................................................................................................................................................................................................................................................................................................................../home/jkgpu/miniconda3/lib/python3.8/site-packages/chainer/backends/cuda.py:142: UserWarning: cuDNN is not enabled.
Please reinstall CuPy after you install cudnn
(see https://docs-cupy.chainer.org/en/stable/install.html#install-cudnn).
  warnings.warn(
/home/jkgpu/miniconda3/lib/python3.8/site-packages/chainer/_environment_check.py:70: UserWarning: 
--------------------------------------------------------------------------------
CuPy (cupy) version 8.0.0 may not be compatible with this version of Chainer.
Please consider installing the supported version by running:
  $ pip install 'cupy>=6.3.0,<7.0.0'

See the following page for more details:
  https://docs-cupy.chainer.org/en/latest/install.html
--------------------------------------------------------------------------------

  warnings.warn(msg.format(
 
==========================================================================================
Finished basinhopping of  /home/jkgpu/HVQE/data/kagome/periodic/own_graph/opl/energy/3x2 at 2020-12-25 20:18:47.261752 UTC, with
 
{'path': '/home/jkgpu/HVQE/data/kagome/periodic/own_graph/opl/energy/3x2', 'n_par': 72, 'par_multiplicity': 9, 'n_iter': 0, 'cost_fn': 'energy', 'temperature': 1.0, 'stepsize': 1.0, 'init_par': None, 'dump_interval': None}
init_par = [-0.00022288430221569525, -0.000302630568627585, -0.0001807151165807499, 0.0004837894270439103, -4.828899840225731e-05, -0.00013345950041053045, 0.0003783142315262972, -0.00015356272277207542, 0.0004979529236943195, -0.00017721752216659037, 0.00010386134552422567, 0.000493385113554445, 0.0004180434688403861, -0.00015009155250168306, -9.375802890920049e-05, 0.00030994481202223335, 0.00023351872654110066, -0.00015772056396222688, -0.0003668722149531964, -0.0003526989684210875, -0.00027183863683038676, 0.0003651123043265424, 0.00025078996400045234, -0.0004999047857887082, 0.00023942784926769085, -0.0002777630118676256, -9.41274460400333e-05, 9.756305571493944e-05, -0.0004720811262818545, -5.147249851705565e-06, -0.00036848178491051846, 8.056613008601435e-05, -3.4428131908821244e-05, 0.0003065448516067342, 0.0002973086962938307, -0.000134072952007418, 0.00019206832411698064, 0.00019012948756616955, -1.6179261601826148e-05, 0.0004481403947778897, -2.2952542900986936e-05, 0.0001841970916173078, -0.0002878801429982788, -0.0003901015106868879, -0.00043628531928305314, 0.0004839007100533748, -0.0004251337924084968, 0.00028720818922116397, 6.141827607419339e-05, -0.0002099068029433906, -0.00029005216308980745, 0.00027411083418301643, 0.00014994783617287106, -0.00031281360677902205, -0.00017206199817222932, 0.0003928433532300348, 0.0003628652615398722, 0.00033595070761648755, 0.00037086284601155434, 0.00037825031649604997, 0.00035315451077486647, 0.00031740548435395125, 0.0004414577785707027, -0.00036521841047266736, 0.00035498783761332817, 0.00038826284645950525, 0.00021660477407449506, 0.00017828230091723534, 0.0003603229896343333, -0.00038191582920655875, 0.00027175408238475, -0.00013153944155399792]
 
RESULTS:
--------
E_VQE = -7.988172886049101
inf_VQE = 0.4646209203789473
n_fn_calls = 1093
Wall-clock time 3.958516027927399 hours
 
For more output, see /home/jkgpu/HVQE/data/kagome/periodic/own_graph/opl/energy/3x2/output.txt
Plots of output saved in /home/jkgpu/HVQE/data/kagome/periodic/own_graph/opl/energy/3x2
End of HVQE.py
==========================================================================================
CuPy installation found, continuing using GPU acceleration.
having the CPUs {1, 3, 5, 7} available.
Started basinhopping at 2020-12-25 20:18:54.886414 UTC, with
command line arguments = {'path': '/home/jkgpu/HVQE/data/kagome/periodic/own_graph/opl/energy/3x2', 'n_par': 76, 'par_multiplicity': 9, 'n_iter': 0, 'cost_fn': 'energy', 'temperature': 1.0, 'stepsize': 1.0, 'init_par': None, 'dump_interval': None}
runtime variables =  {'GPU': True, 'date_start': '2020-12-25 20:18:54.886414', 'complete_graph': [(0, 6), (2, 8), (4, 10), (12, 9), (14, 11), (16, 7), (15, 1), (17, 3), (13, 5), (1, 6), (3, 8), (5, 10), (7, 12), (9, 14), (11, 16), (13, 0), (15, 2), (17, 4), (1, 2), (3, 4), (5, 0), (8, 12), (10, 14), (6, 16), (7, 13), (9, 15), (11, 17), (0, 1), (2, 3), (4, 5), (6, 7), (8, 9), (10, 11), (12, 13), (14, 15), (16, 17)], 'init_layer': [(0, 1), (2, 3), (4, 5), (6, 7), (8, 9), (10, 11), (12, 13), (14, 15), (16, 17)], 'layers': [[(0, 6), (2, 8), (4, 10), (12, 9), (14, 11), (16, 7), (15, 1), (17, 3), (13, 5)], [(1, 6), (3, 8), (5, 10), (7, 12), (9, 14), (11, 16), (13, 0), (15, 2), (17, 4)], [(1, 2), (3, 4), (5, 0), (8, 12), (10, 14), (6, 16), (7, 13), (9, 15), (11, 17)], [(0, 1), (2, 3), (4, 5), (6, 7), (8, 9), (10, 11), (12, 13), (14, 15), (16, 17)]], 'n': 18}
........................................................................................................................................................................................................................................................................................................................................................................................................................................................................................................................................................................................................................................................................................................................................................................................................................................................................................................................................................................................................................................................................................................................./home/jkgpu/miniconda3/lib/python3.8/site-packages/chainer/backends/cuda.py:142: UserWarning: cuDNN is not enabled.
Please reinstall CuPy after you install cudnn
(see https://docs-cupy.chainer.org/en/stable/install.html#install-cudnn).
  warnings.warn(
/home/jkgpu/miniconda3/lib/python3.8/site-packages/chainer/_environment_check.py:70: UserWarning: 
--------------------------------------------------------------------------------
CuPy (cupy) version 8.0.0 may not be compatible with this version of Chainer.
Please consider installing the supported version by running:
  $ pip install 'cupy>=6.3.0,<7.0.0'

See the following page for more details:
  https://docs-cupy.chainer.org/en/latest/install.html
--------------------------------------------------------------------------------

  warnings.warn(msg.format(
 
==========================================================================================
Finished basinhopping of  /home/jkgpu/HVQE/data/kagome/periodic/own_graph/opl/energy/3x2 at 2020-12-25 23:51:41.558536 UTC, with
 
{'path': '/home/jkgpu/HVQE/data/kagome/periodic/own_graph/opl/energy/3x2', 'n_par': 76, 'par_multiplicity': 9, 'n_iter': 0, 'cost_fn': 'energy', 'temperature': 1.0, 'stepsize': 1.0, 'init_par': None, 'dump_interval': None}
init_par = [-9.235718022264009e-05, 7.635653601802518e-05, 0.00014290653476174697, 0.00016576185105724697, 1.2515951532929758e-05, 0.0004237391167855219, 9.93459531940631e-05, -0.00042863981891408214, -0.00015913150578999492, 0.00032318275508178387, 7.363724257906208e-05, 0.00026404038928731376, -0.000173064250994739, 0.00019814986926659577, -0.0001549247703245089, 0.0002218545651708016, -0.00021715360496096672, 1.8663448006110976e-05, -5.261034176395229e-05, 0.0001786086790238219, -9.119278546047626e-05, -0.0001926263469266346, 0.00036622550523174, -0.00026117998288736715, 0.00016848083021864756, -0.00046354702813086734, -0.0003874541887041324, -0.0003314342146798477, -0.0003047946700125921, 0.0004217802749980433, -0.00046957717131684043, 0.00043505904896268006, 0.00027892602901929714, -0.0001214771938064946, 0.00011668274484477885, -0.00037608944543982627, 3.319362148841969e-05, -0.0003411812949514533, 5.2288438113671696e-05, -0.00017670187576644214, 0.00013823174343204233, 0.000360286370729015, -0.000221947690458397, 0.0001687517235182005, 0.00047596395043516843, 0.0001785649375376547, 0.00023724679164022742, -5.003411269432725e-05, 3.659122024079944e-05, 0.0001436246415146014, -0.00048598262963155526, 0.0002707354268232426, -0.00018186885206509894, -0.00023020682861021825, -7.907962460764698e-05, -8.591941858743289e-05, -8.732896638142986e-05, 0.00046999785573671607, -0.00027871820069509743, -1.8222801315846118e-05, 0.0003922265669523272, -0.00026651981834055407, 8.927677315689051e-05, 0.00029256552997564914, -6.628499608304694e-05, -0.00023777985821827718, -0.00017828677109076686, -0.00031160865265759166, 0.00032906338697376617, -0.0004964456280514244, -0.0001076302751545375, 9.941010978926359e-05, -0.00042710817271902283, -1.634333591475439e-06, 0.0004440203451645887, -0.00014540849105352507]
 
RESULTS:
--------
E_VQE = -7.991778260216984
inf_VQE = 0.46154771703221187
n_fn_calls = 1081
Wall-clock time 3.5458191556400727 hours
 
For more output, see /home/jkgpu/HVQE/data/kagome/periodic/own_graph/opl/energy/3x2/output.txt
Plots of output saved in /home/jkgpu/HVQE/data/kagome/periodic/own_graph/opl/energy/3x2
End of HVQE.py
==========================================================================================
CuPy installation found, continuing using GPU acceleration.
having the CPUs {1, 3, 5, 7} available.
Started basinhopping at 2020-12-25 23:51:49.113051 UTC, with
command line arguments = {'path': '/home/jkgpu/HVQE/data/kagome/periodic/own_graph/opl/energy/3x2', 'n_par': 80, 'par_multiplicity': 9, 'n_iter': 0, 'cost_fn': 'energy', 'temperature': 1.0, 'stepsize': 1.0, 'init_par': None, 'dump_interval': None}
runtime variables =  {'GPU': True, 'date_start': '2020-12-25 23:51:49.113051', 'complete_graph': [(0, 6), (2, 8), (4, 10), (12, 9), (14, 11), (16, 7), (15, 1), (17, 3), (13, 5), (1, 6), (3, 8), (5, 10), (7, 12), (9, 14), (11, 16), (13, 0), (15, 2), (17, 4), (1, 2), (3, 4), (5, 0), (8, 12), (10, 14), (6, 16), (7, 13), (9, 15), (11, 17), (0, 1), (2, 3), (4, 5), (6, 7), (8, 9), (10, 11), (12, 13), (14, 15), (16, 17)], 'init_layer': [(0, 1), (2, 3), (4, 5), (6, 7), (8, 9), (10, 11), (12, 13), (14, 15), (16, 17)], 'layers': [[(0, 6), (2, 8), (4, 10), (12, 9), (14, 11), (16, 7), (15, 1), (17, 3), (13, 5)], [(1, 6), (3, 8), (5, 10), (7, 12), (9, 14), (11, 16), (13, 0), (15, 2), (17, 4)], [(1, 2), (3, 4), (5, 0), (8, 12), (10, 14), (6, 16), (7, 13), (9, 15), (11, 17)], [(0, 1), (2, 3), (4, 5), (6, 7), (8, 9), (10, 11), (12, 13), (14, 15), (16, 17)]], 'n': 18}
........................................................................................................................................................................................................................................................................................................................................................................................................................................................................................................................................................................................................................................................................................................................................................................................../home/jkgpu/miniconda3/lib/python3.8/site-packages/chainer/backends/cuda.py:142: UserWarning: cuDNN is not enabled.
Please reinstall CuPy after you install cudnn
(see https://docs-cupy.chainer.org/en/stable/install.html#install-cudnn).
  warnings.warn(
/home/jkgpu/miniconda3/lib/python3.8/site-packages/chainer/_environment_check.py:70: UserWarning: 
--------------------------------------------------------------------------------
CuPy (cupy) version 8.0.0 may not be compatible with this version of Chainer.
Please consider installing the supported version by running:
  $ pip install 'cupy>=6.3.0,<7.0.0'

See the following page for more details:
  https://docs-cupy.chainer.org/en/latest/install.html
--------------------------------------------------------------------------------

  warnings.warn(msg.format(
 
==========================================================================================
Finished basinhopping of  /home/jkgpu/HVQE/data/kagome/periodic/own_graph/opl/energy/3x2 at 2020-12-26 02:29:54.073642 UTC, with
 
{'path': '/home/jkgpu/HVQE/data/kagome/periodic/own_graph/opl/energy/3x2', 'n_par': 80, 'par_multiplicity': 9, 'n_iter': 0, 'cost_fn': 'energy', 'temperature': 1.0, 'stepsize': 1.0, 'init_par': None, 'dump_interval': None}
init_par = [-0.0003889910204078625, -7.036291836862174e-05, 0.00020750441844003204, 9.334959179444055e-05, 0.00014059793190404992, 0.00045033299460167284, 0.00046537455736039813, 0.0002792521868840883, 0.0001924877379672398, -0.00032002283564917013, 0.00011108688068208275, -0.00013336895015780294, -0.0004953087795399659, -0.0002053371271613639, 0.00048404623559377704, -0.0003846138081818037, -0.00033202933478420076, -0.00021688375780307915, -6.507511077368156e-05, -0.0004834018646211631, 7.953977151387058e-05, 0.0004522380396701231, -0.00024478767339927287, 0.0002845640781773932, -0.0003718844573164233, -3.844731596325691e-05, -0.0004475884529532015, -0.0003891802096592632, 0.0002991864411936759, 0.00042302528194445644, 0.00046660761684195237, -0.00013200071326216755, 0.0003877898376141118, -0.00028917380335440025, -0.00012692696454392875, -0.00011564316741169943, -0.00016276397646622798, -0.00033057129789744574, -0.0004610759423868922, -0.000297826309959387, 0.0002987802997627152, 0.00013324766921598815, 0.000440031499887411, 0.00021274949031064889, 0.00033369307802511375, 0.0004676018339855331, 0.00042424712908226364, -0.00036718799850164166, 4.6287109482963276e-05, -0.0003913612633162752, 0.0003757638975234166, -0.0004866914025228387, 0.0002456112854603525, -3.958334718398137e-05, -0.00034834390965382545, -0.0002550047726447753, -0.0002847966503623041, 0.0003774050313980439, -7.802877002079903e-05, 0.0002190488711340591, 0.0003495226021333088, -0.00042269013113588127, 0.0004765057793339358, -0.0004204976391490227, 0.0004408465251560385, -4.944728797998257e-05, -0.00015412857378040704, -0.0004923398664361818, -8.191596086243612e-05, -0.00018828492352967563, -0.0001905304147438093, 0.00013859308648295936, 5.2854748295816985e-05, -0.000269148819470772, 0.0002505877725177361, -0.000145004160785408, 1.5153914888130487e-05, -0.00037760529604046866, -0.00036628868980888296, 0.00037738942063962415]
 
RESULTS:
--------
E_VQE = -7.992922063489957
inf_VQE = 0.45456044900276793
n_fn_calls = 762
Wall-clock time 2.63420624282625 hours
 
For more output, see /home/jkgpu/HVQE/data/kagome/periodic/own_graph/opl/energy/3x2/output.txt
Plots of output saved in /home/jkgpu/HVQE/data/kagome/periodic/own_graph/opl/energy/3x2
End of HVQE.py
==========================================================================================
