CuPy installation found, continuing using GPU acceleration.
having the CPUs {8, 9, 10, 6} available.
Started basinhopping at 2020-12-25 04:21:41.052517 UTC, with
command line arguments = {'path': '/home/jkgpu/HVQE/data/kagome/periodic/own_graph/opl/energy/3x2', 'n_par': 4, 'par_multiplicity': 9, 'n_iter': 0, 'cost_fn': 'energy', 'temperature': 1.0, 'stepsize': 1.0, 'init_par': None, 'dump_interval': None}
runtime variables =  {'GPU': True, 'date_start': '2020-12-25 04:21:41.052517', 'complete_graph': [(0, 6), (2, 8), (4, 10), (12, 9), (14, 11), (16, 7), (15, 1), (17, 3), (13, 5), (1, 6), (3, 8), (5, 10), (7, 12), (9, 14), (11, 16), (13, 0), (15, 2), (17, 4), (1, 2), (3, 4), (5, 0), (8, 12), (10, 14), (6, 16), (7, 13), (9, 15), (11, 17), (0, 1), (2, 3), (4, 5), (6, 7), (8, 9), (10, 11), (12, 13), (14, 15), (16, 17)], 'init_layer': [(0, 1), (2, 3), (4, 5), (6, 7), (8, 9), (10, 11), (12, 13), (14, 15), (16, 17)], 'layers': [[(0, 6), (2, 8), (4, 10), (12, 9), (14, 11), (16, 7), (15, 1), (17, 3), (13, 5)], [(1, 6), (3, 8), (5, 10), (7, 12), (9, 14), (11, 16), (13, 0), (15, 2), (17, 4)], [(1, 2), (3, 4), (5, 0), (8, 12), (10, 14), (6, 16), (7, 13), (9, 15), (11, 17)], [(0, 1), (2, 3), (4, 5), (6, 7), (8, 9), (10, 11), (12, 13), (14, 15), (16, 17)]], 'n': 18}
........................................./home/jkgpu/miniconda3/lib/python3.8/site-packages/chainer/backends/cuda.py:142: UserWarning: cuDNN is not enabled.
Please reinstall CuPy after you install cudnn
(see https://docs-cupy.chainer.org/en/stable/install.html#install-cudnn).
  warnings.warn(
/home/jkgpu/miniconda3/lib/python3.8/site-packages/chainer/_environment_check.py:70: UserWarning: 
--------------------------------------------------------------------------------
CuPy (cupy) version 8.0.0 may not be compatible with this version of Chainer.
Please consider installing the supported version by running:
  $ pip install 'cupy>=6.3.0,<7.0.0'

See the following page for more details:
  https://docs-cupy.chainer.org/en/latest/install.html
--------------------------------------------------------------------------------

  warnings.warn(msg.format(
 
==========================================================================================
Finished basinhopping of  /home/jkgpu/HVQE/data/kagome/periodic/own_graph/opl/energy/3x2 at 2020-12-25 04:22:15.417451 UTC, with
 
{'path': '/home/jkgpu/HVQE/data/kagome/periodic/own_graph/opl/energy/3x2', 'n_par': 4, 'par_multiplicity': 9, 'n_iter': 0, 'cost_fn': 'energy', 'temperature': 1.0, 'stepsize': 1.0, 'init_par': None, 'dump_interval': None}
init_par = [-0.0004618774451891271, -0.00016595901680763225, 0.00030109784321162027, 0.0001667675406768688]
 
RESULTS:
--------
E_VQE = -7.5246002852405525
inf_VQE = 0.8400224145210848
n_fn_calls = 41
Wall-clock time 0.00942107790046268 hours
 
For more output, see /home/jkgpu/HVQE/data/kagome/periodic/own_graph/opl/energy/3x2/output.txt
Plots of output saved in /home/jkgpu/HVQE/data/kagome/periodic/own_graph/opl/energy/3x2
End of HVQE.py
==========================================================================================
CuPy installation found, continuing using GPU acceleration.
having the CPUs {8, 9, 10, 6} available.
Started basinhopping at 2020-12-25 04:22:19.029694 UTC, with
command line arguments = {'path': '/home/jkgpu/HVQE/data/kagome/periodic/own_graph/opl/energy/3x2', 'n_par': 8, 'par_multiplicity': 9, 'n_iter': 0, 'cost_fn': 'energy', 'temperature': 1.0, 'stepsize': 1.0, 'init_par': None, 'dump_interval': None}
runtime variables =  {'GPU': True, 'date_start': '2020-12-25 04:22:19.029694', 'complete_graph': [(0, 6), (2, 8), (4, 10), (12, 9), (14, 11), (16, 7), (15, 1), (17, 3), (13, 5), (1, 6), (3, 8), (5, 10), (7, 12), (9, 14), (11, 16), (13, 0), (15, 2), (17, 4), (1, 2), (3, 4), (5, 0), (8, 12), (10, 14), (6, 16), (7, 13), (9, 15), (11, 17), (0, 1), (2, 3), (4, 5), (6, 7), (8, 9), (10, 11), (12, 13), (14, 15), (16, 17)], 'init_layer': [(0, 1), (2, 3), (4, 5), (6, 7), (8, 9), (10, 11), (12, 13), (14, 15), (16, 17)], 'layers': [[(0, 6), (2, 8), (4, 10), (12, 9), (14, 11), (16, 7), (15, 1), (17, 3), (13, 5)], [(1, 6), (3, 8), (5, 10), (7, 12), (9, 14), (11, 16), (13, 0), (15, 2), (17, 4)], [(1, 2), (3, 4), (5, 0), (8, 12), (10, 14), (6, 16), (7, 13), (9, 15), (11, 17)], [(0, 1), (2, 3), (4, 5), (6, 7), (8, 9), (10, 11), (12, 13), (14, 15), (16, 17)]], 'n': 18}
................................................../home/jkgpu/miniconda3/lib/python3.8/site-packages/chainer/backends/cuda.py:142: UserWarning: cuDNN is not enabled.
Please reinstall CuPy after you install cudnn
(see https://docs-cupy.chainer.org/en/stable/install.html#install-cudnn).
  warnings.warn(
/home/jkgpu/miniconda3/lib/python3.8/site-packages/chainer/_environment_check.py:70: UserWarning: 
--------------------------------------------------------------------------------
CuPy (cupy) version 8.0.0 may not be compatible with this version of Chainer.
Please consider installing the supported version by running:
  $ pip install 'cupy>=6.3.0,<7.0.0'

See the following page for more details:
  https://docs-cupy.chainer.org/en/latest/install.html
--------------------------------------------------------------------------------

  warnings.warn(msg.format(
 
==========================================================================================
Finished basinhopping of  /home/jkgpu/HVQE/data/kagome/periodic/own_graph/opl/energy/3x2 at 2020-12-25 04:23:28.700013 UTC, with
 
{'path': '/home/jkgpu/HVQE/data/kagome/periodic/own_graph/opl/energy/3x2', 'n_par': 8, 'par_multiplicity': 9, 'n_iter': 0, 'cost_fn': 'energy', 'temperature': 1.0, 'stepsize': 1.0, 'init_par': None, 'dump_interval': None}
init_par = [3.395174742687663e-06, 3.1259518367430204e-05, -0.00011716347975323517, 8.297211339433673e-05, 2.6171758281241472e-05, 0.0001650975744111597, -0.00026303856278418714, -0.00010379371771596205]
 
RESULTS:
--------
E_VQE = -7.662910332414334
inf_VQE = 0.7381819482343086
n_fn_calls = 50
Wall-clock time 0.019207804865307276 hours
 
For more output, see /home/jkgpu/HVQE/data/kagome/periodic/own_graph/opl/energy/3x2/output.txt
Plots of output saved in /home/jkgpu/HVQE/data/kagome/periodic/own_graph/opl/energy/3x2
End of HVQE.py
==========================================================================================
CuPy installation found, continuing using GPU acceleration.
having the CPUs {8, 9, 10, 6} available.
Started basinhopping at 2020-12-25 04:23:32.160649 UTC, with
command line arguments = {'path': '/home/jkgpu/HVQE/data/kagome/periodic/own_graph/opl/energy/3x2', 'n_par': 12, 'par_multiplicity': 9, 'n_iter': 0, 'cost_fn': 'energy', 'temperature': 1.0, 'stepsize': 1.0, 'init_par': None, 'dump_interval': None}
runtime variables =  {'GPU': True, 'date_start': '2020-12-25 04:23:32.160649', 'complete_graph': [(0, 6), (2, 8), (4, 10), (12, 9), (14, 11), (16, 7), (15, 1), (17, 3), (13, 5), (1, 6), (3, 8), (5, 10), (7, 12), (9, 14), (11, 16), (13, 0), (15, 2), (17, 4), (1, 2), (3, 4), (5, 0), (8, 12), (10, 14), (6, 16), (7, 13), (9, 15), (11, 17), (0, 1), (2, 3), (4, 5), (6, 7), (8, 9), (10, 11), (12, 13), (14, 15), (16, 17)], 'init_layer': [(0, 1), (2, 3), (4, 5), (6, 7), (8, 9), (10, 11), (12, 13), (14, 15), (16, 17)], 'layers': [[(0, 6), (2, 8), (4, 10), (12, 9), (14, 11), (16, 7), (15, 1), (17, 3), (13, 5)], [(1, 6), (3, 8), (5, 10), (7, 12), (9, 14), (11, 16), (13, 0), (15, 2), (17, 4)], [(1, 2), (3, 4), (5, 0), (8, 12), (10, 14), (6, 16), (7, 13), (9, 15), (11, 17)], [(0, 1), (2, 3), (4, 5), (6, 7), (8, 9), (10, 11), (12, 13), (14, 15), (16, 17)]], 'n': 18}
...................................................../home/jkgpu/miniconda3/lib/python3.8/site-packages/chainer/backends/cuda.py:142: UserWarning: cuDNN is not enabled.
Please reinstall CuPy after you install cudnn
(see https://docs-cupy.chainer.org/en/stable/install.html#install-cudnn).
  warnings.warn(
/home/jkgpu/miniconda3/lib/python3.8/site-packages/chainer/_environment_check.py:70: UserWarning: 
--------------------------------------------------------------------------------
CuPy (cupy) version 8.0.0 may not be compatible with this version of Chainer.
Please consider installing the supported version by running:
  $ pip install 'cupy>=6.3.0,<7.0.0'

See the following page for more details:
  https://docs-cupy.chainer.org/en/latest/install.html
--------------------------------------------------------------------------------

  warnings.warn(msg.format(
 
==========================================================================================
Finished basinhopping of  /home/jkgpu/HVQE/data/kagome/periodic/own_graph/opl/energy/3x2 at 2020-12-25 04:25:17.619972 UTC, with
 
{'path': '/home/jkgpu/HVQE/data/kagome/periodic/own_graph/opl/energy/3x2', 'n_par': 12, 'par_multiplicity': 9, 'n_iter': 0, 'cost_fn': 'energy', 'temperature': 1.0, 'stepsize': 1.0, 'init_par': None, 'dump_interval': None}
init_par = [0.0001834541856124371, -0.00020989551333777348, 6.308096447697276e-06, 0.0002127872897342626, 0.0002693437277497267, 9.33483717676421e-05, -0.0004256757435427858, 0.00048010706682298445, 0.00046394122536430225, -0.00047417583096578096, 0.00013037045511243134, 4.7794867599144746e-05]
 
RESULTS:
--------
E_VQE = -7.772727206150109
inf_VQE = 0.652445303002992
n_fn_calls = 53
Wall-clock time 0.029100092848141988 hours
 
For more output, see /home/jkgpu/HVQE/data/kagome/periodic/own_graph/opl/energy/3x2/output.txt
Plots of output saved in /home/jkgpu/HVQE/data/kagome/periodic/own_graph/opl/energy/3x2
End of HVQE.py
==========================================================================================
CuPy installation found, continuing using GPU acceleration.
having the CPUs {8, 9, 10, 6} available.
Started basinhopping at 2020-12-25 04:25:21.079244 UTC, with
command line arguments = {'path': '/home/jkgpu/HVQE/data/kagome/periodic/own_graph/opl/energy/3x2', 'n_par': 16, 'par_multiplicity': 9, 'n_iter': 0, 'cost_fn': 'energy', 'temperature': 1.0, 'stepsize': 1.0, 'init_par': None, 'dump_interval': None}
runtime variables =  {'GPU': True, 'date_start': '2020-12-25 04:25:21.079244', 'complete_graph': [(0, 6), (2, 8), (4, 10), (12, 9), (14, 11), (16, 7), (15, 1), (17, 3), (13, 5), (1, 6), (3, 8), (5, 10), (7, 12), (9, 14), (11, 16), (13, 0), (15, 2), (17, 4), (1, 2), (3, 4), (5, 0), (8, 12), (10, 14), (6, 16), (7, 13), (9, 15), (11, 17), (0, 1), (2, 3), (4, 5), (6, 7), (8, 9), (10, 11), (12, 13), (14, 15), (16, 17)], 'init_layer': [(0, 1), (2, 3), (4, 5), (6, 7), (8, 9), (10, 11), (12, 13), (14, 15), (16, 17)], 'layers': [[(0, 6), (2, 8), (4, 10), (12, 9), (14, 11), (16, 7), (15, 1), (17, 3), (13, 5)], [(1, 6), (3, 8), (5, 10), (7, 12), (9, 14), (11, 16), (13, 0), (15, 2), (17, 4)], [(1, 2), (3, 4), (5, 0), (8, 12), (10, 14), (6, 16), (7, 13), (9, 15), (11, 17)], [(0, 1), (2, 3), (4, 5), (6, 7), (8, 9), (10, 11), (12, 13), (14, 15), (16, 17)]], 'n': 18}
..................................................................................../home/jkgpu/miniconda3/lib/python3.8/site-packages/chainer/backends/cuda.py:142: UserWarning: cuDNN is not enabled.
Please reinstall CuPy after you install cudnn
(see https://docs-cupy.chainer.org/en/stable/install.html#install-cudnn).
  warnings.warn(
/home/jkgpu/miniconda3/lib/python3.8/site-packages/chainer/_environment_check.py:70: UserWarning: 
--------------------------------------------------------------------------------
CuPy (cupy) version 8.0.0 may not be compatible with this version of Chainer.
Please consider installing the supported version by running:
  $ pip install 'cupy>=6.3.0,<7.0.0'

See the following page for more details:
  https://docs-cupy.chainer.org/en/latest/install.html
--------------------------------------------------------------------------------

  warnings.warn(msg.format(
 
==========================================================================================
Finished basinhopping of  /home/jkgpu/HVQE/data/kagome/periodic/own_graph/opl/energy/3x2 at 2020-12-25 04:29:00.298916 UTC, with
 
{'path': '/home/jkgpu/HVQE/data/kagome/periodic/own_graph/opl/energy/3x2', 'n_par': 16, 'par_multiplicity': 9, 'n_iter': 0, 'cost_fn': 'energy', 'temperature': 1.0, 'stepsize': 1.0, 'init_par': None, 'dump_interval': None}
init_par = [5.142797764495473e-05, 2.8398580268077954e-05, 0.0003485310799810973, 0.0003505159632427796, 0.00037074952921504925, -0.00031770287751666204, -0.00019694917035602565, -0.0002553780361554138, 0.0004332041554982092, -0.00039713195961969426, -0.00025270995356999873, -0.0003381298409835647, -9.902079114537687e-05, 0.00032964508668118485, 0.00038531489749806804, 0.0004208180294274581]
 
RESULTS:
--------
E_VQE = -7.821811335209999
inf_VQE = 0.602003928503068
n_fn_calls = 84
Wall-clock time 0.06069710075855255 hours
 
For more output, see /home/jkgpu/HVQE/data/kagome/periodic/own_graph/opl/energy/3x2/output.txt
Plots of output saved in /home/jkgpu/HVQE/data/kagome/periodic/own_graph/opl/energy/3x2
End of HVQE.py
==========================================================================================
CuPy installation found, continuing using GPU acceleration.
having the CPUs {8, 9, 10, 6} available.
Started basinhopping at 2020-12-25 04:29:07.155780 UTC, with
command line arguments = {'path': '/home/jkgpu/HVQE/data/kagome/periodic/own_graph/opl/energy/3x2', 'n_par': 20, 'par_multiplicity': 9, 'n_iter': 0, 'cost_fn': 'energy', 'temperature': 1.0, 'stepsize': 1.0, 'init_par': None, 'dump_interval': None}
runtime variables =  {'GPU': True, 'date_start': '2020-12-25 04:29:07.155780', 'complete_graph': [(0, 6), (2, 8), (4, 10), (12, 9), (14, 11), (16, 7), (15, 1), (17, 3), (13, 5), (1, 6), (3, 8), (5, 10), (7, 12), (9, 14), (11, 16), (13, 0), (15, 2), (17, 4), (1, 2), (3, 4), (5, 0), (8, 12), (10, 14), (6, 16), (7, 13), (9, 15), (11, 17), (0, 1), (2, 3), (4, 5), (6, 7), (8, 9), (10, 11), (12, 13), (14, 15), (16, 17)], 'init_layer': [(0, 1), (2, 3), (4, 5), (6, 7), (8, 9), (10, 11), (12, 13), (14, 15), (16, 17)], 'layers': [[(0, 6), (2, 8), (4, 10), (12, 9), (14, 11), (16, 7), (15, 1), (17, 3), (13, 5)], [(1, 6), (3, 8), (5, 10), (7, 12), (9, 14), (11, 16), (13, 0), (15, 2), (17, 4)], [(1, 2), (3, 4), (5, 0), (8, 12), (10, 14), (6, 16), (7, 13), (9, 15), (11, 17)], [(0, 1), (2, 3), (4, 5), (6, 7), (8, 9), (10, 11), (12, 13), (14, 15), (16, 17)]], 'n': 18}
.............................................................................................................../home/jkgpu/miniconda3/lib/python3.8/site-packages/chainer/backends/cuda.py:142: UserWarning: cuDNN is not enabled.
Please reinstall CuPy after you install cudnn
(see https://docs-cupy.chainer.org/en/stable/install.html#install-cudnn).
  warnings.warn(
/home/jkgpu/miniconda3/lib/python3.8/site-packages/chainer/_environment_check.py:70: UserWarning: 
--------------------------------------------------------------------------------
CuPy (cupy) version 8.0.0 may not be compatible with this version of Chainer.
Please consider installing the supported version by running:
  $ pip install 'cupy>=6.3.0,<7.0.0'

See the following page for more details:
  https://docs-cupy.chainer.org/en/latest/install.html
--------------------------------------------------------------------------------

  warnings.warn(msg.format(
 
==========================================================================================
Finished basinhopping of  /home/jkgpu/HVQE/data/kagome/periodic/own_graph/opl/energy/3x2 at 2020-12-25 04:35:05.284983 UTC, with
 
{'path': '/home/jkgpu/HVQE/data/kagome/periodic/own_graph/opl/energy/3x2', 'n_par': 20, 'par_multiplicity': 9, 'n_iter': 0, 'cost_fn': 'energy', 'temperature': 1.0, 'stepsize': 1.0, 'init_par': None, 'dump_interval': None}
init_par = [0.00017009875234832409, -0.00022373256545893486, 4.2294774460044284e-05, -7.702037973653575e-07, 0.00010668085889837891, 0.00024606361145515314, 9.435558845689266e-05, 0.00022611826093462252, 0.0001703347818736682, -0.00038065443078011787, 0.000495999802519394, 0.00043701511143180943, 0.00033151248985827315, -0.0002112192613500139, -7.305186580862334e-05, -0.0003752016344971072, -0.00044379888077482224, 0.0003362919739913954, -0.00028245777876882195, -6.099443221592839e-05]
 
RESULTS:
--------
E_VQE = -7.856922247123511
inf_VQE = 0.5351586980759142
n_fn_calls = 111
Wall-clock time 0.09927902022997538 hours
 
For more output, see /home/jkgpu/HVQE/data/kagome/periodic/own_graph/opl/energy/3x2/output.txt
Plots of output saved in /home/jkgpu/HVQE/data/kagome/periodic/own_graph/opl/energy/3x2
End of HVQE.py
==========================================================================================
CuPy installation found, continuing using GPU acceleration.
having the CPUs {8, 9, 10, 6} available.
Started basinhopping at 2020-12-25 04:35:12.148317 UTC, with
command line arguments = {'path': '/home/jkgpu/HVQE/data/kagome/periodic/own_graph/opl/energy/3x2', 'n_par': 24, 'par_multiplicity': 9, 'n_iter': 0, 'cost_fn': 'energy', 'temperature': 1.0, 'stepsize': 1.0, 'init_par': None, 'dump_interval': None}
runtime variables =  {'GPU': True, 'date_start': '2020-12-25 04:35:12.148317', 'complete_graph': [(0, 6), (2, 8), (4, 10), (12, 9), (14, 11), (16, 7), (15, 1), (17, 3), (13, 5), (1, 6), (3, 8), (5, 10), (7, 12), (9, 14), (11, 16), (13, 0), (15, 2), (17, 4), (1, 2), (3, 4), (5, 0), (8, 12), (10, 14), (6, 16), (7, 13), (9, 15), (11, 17), (0, 1), (2, 3), (4, 5), (6, 7), (8, 9), (10, 11), (12, 13), (14, 15), (16, 17)], 'init_layer': [(0, 1), (2, 3), (4, 5), (6, 7), (8, 9), (10, 11), (12, 13), (14, 15), (16, 17)], 'layers': [[(0, 6), (2, 8), (4, 10), (12, 9), (14, 11), (16, 7), (15, 1), (17, 3), (13, 5)], [(1, 6), (3, 8), (5, 10), (7, 12), (9, 14), (11, 16), (13, 0), (15, 2), (17, 4)], [(1, 2), (3, 4), (5, 0), (8, 12), (10, 14), (6, 16), (7, 13), (9, 15), (11, 17)], [(0, 1), (2, 3), (4, 5), (6, 7), (8, 9), (10, 11), (12, 13), (14, 15), (16, 17)]], 'n': 18}
................................................................................................................................/home/jkgpu/miniconda3/lib/python3.8/site-packages/chainer/backends/cuda.py:142: UserWarning: cuDNN is not enabled.
Please reinstall CuPy after you install cudnn
(see https://docs-cupy.chainer.org/en/stable/install.html#install-cudnn).
  warnings.warn(
/home/jkgpu/miniconda3/lib/python3.8/site-packages/chainer/_environment_check.py:70: UserWarning: 
--------------------------------------------------------------------------------
CuPy (cupy) version 8.0.0 may not be compatible with this version of Chainer.
Please consider installing the supported version by running:
  $ pip install 'cupy>=6.3.0,<7.0.0'

See the following page for more details:
  https://docs-cupy.chainer.org/en/latest/install.html
--------------------------------------------------------------------------------

  warnings.warn(msg.format(
 
==========================================================================================
Finished basinhopping of  /home/jkgpu/HVQE/data/kagome/periodic/own_graph/opl/energy/3x2 at 2020-12-25 04:43:25.041777 UTC, with
 
{'path': '/home/jkgpu/HVQE/data/kagome/periodic/own_graph/opl/energy/3x2', 'n_par': 24, 'par_multiplicity': 9, 'n_iter': 0, 'cost_fn': 'energy', 'temperature': 1.0, 'stepsize': 1.0, 'init_par': None, 'dump_interval': None}
init_par = [0.00034472349438784394, 0.0001764857340271406, 0.0001593947834148228, 0.00026080425033359826, -0.0002091594985911356, -0.0003178402349345977, 0.00040600539144280804, 0.0002535554178288151, 0.00020559392740691971, -3.048004601531628e-05, -7.19794997323646e-05, 0.0004012787487712228, -0.0002711920095267998, -0.00017701014032510957, -0.0004422765865884847, 0.00014634113633018924, -0.0001011163314820406, 0.00042409785082732517, 0.0003824096249179708, -3.1442419447042056e-05, 0.0001177782197262614, -9.257667646567891e-05, -9.230818360098417e-05, -0.0001467030144596696]
 
RESULTS:
--------
E_VQE = -7.906736308709078
inf_VQE = 0.5108114547129781
n_fn_calls = 128
Wall-clock time 0.1366834053066042 hours
 
For more output, see /home/jkgpu/HVQE/data/kagome/periodic/own_graph/opl/energy/3x2/output.txt
Plots of output saved in /home/jkgpu/HVQE/data/kagome/periodic/own_graph/opl/energy/3x2
End of HVQE.py
==========================================================================================
CuPy installation found, continuing using GPU acceleration.
having the CPUs {8, 9, 10, 6} available.
Started basinhopping at 2020-12-25 04:43:32.005608 UTC, with
command line arguments = {'path': '/home/jkgpu/HVQE/data/kagome/periodic/own_graph/opl/energy/3x2', 'n_par': 28, 'par_multiplicity': 9, 'n_iter': 0, 'cost_fn': 'energy', 'temperature': 1.0, 'stepsize': 1.0, 'init_par': None, 'dump_interval': None}
runtime variables =  {'GPU': True, 'date_start': '2020-12-25 04:43:32.005608', 'complete_graph': [(0, 6), (2, 8), (4, 10), (12, 9), (14, 11), (16, 7), (15, 1), (17, 3), (13, 5), (1, 6), (3, 8), (5, 10), (7, 12), (9, 14), (11, 16), (13, 0), (15, 2), (17, 4), (1, 2), (3, 4), (5, 0), (8, 12), (10, 14), (6, 16), (7, 13), (9, 15), (11, 17), (0, 1), (2, 3), (4, 5), (6, 7), (8, 9), (10, 11), (12, 13), (14, 15), (16, 17)], 'init_layer': [(0, 1), (2, 3), (4, 5), (6, 7), (8, 9), (10, 11), (12, 13), (14, 15), (16, 17)], 'layers': [[(0, 6), (2, 8), (4, 10), (12, 9), (14, 11), (16, 7), (15, 1), (17, 3), (13, 5)], [(1, 6), (3, 8), (5, 10), (7, 12), (9, 14), (11, 16), (13, 0), (15, 2), (17, 4)], [(1, 2), (3, 4), (5, 0), (8, 12), (10, 14), (6, 16), (7, 13), (9, 15), (11, 17)], [(0, 1), (2, 3), (4, 5), (6, 7), (8, 9), (10, 11), (12, 13), (14, 15), (16, 17)]], 'n': 18}
...................................................................................................................................../home/jkgpu/miniconda3/lib/python3.8/site-packages/chainer/backends/cuda.py:142: UserWarning: cuDNN is not enabled.
Please reinstall CuPy after you install cudnn
(see https://docs-cupy.chainer.org/en/stable/install.html#install-cudnn).
  warnings.warn(
/home/jkgpu/miniconda3/lib/python3.8/site-packages/chainer/_environment_check.py:70: UserWarning: 
--------------------------------------------------------------------------------
CuPy (cupy) version 8.0.0 may not be compatible with this version of Chainer.
Please consider installing the supported version by running:
  $ pip install 'cupy>=6.3.0,<7.0.0'

See the following page for more details:
  https://docs-cupy.chainer.org/en/latest/install.html
--------------------------------------------------------------------------------

  warnings.warn(msg.format(
 
==========================================================================================
Finished basinhopping of  /home/jkgpu/HVQE/data/kagome/periodic/own_graph/opl/energy/3x2 at 2020-12-25 04:53:26.314271 UTC, with
 
{'path': '/home/jkgpu/HVQE/data/kagome/periodic/own_graph/opl/energy/3x2', 'n_par': 28, 'par_multiplicity': 9, 'n_iter': 0, 'cost_fn': 'energy', 'temperature': 1.0, 'stepsize': 1.0, 'init_par': None, 'dump_interval': None}
init_par = [0.00040475620634434725, -0.0002820887950936918, 0.0001525838980073721, 0.0003378002912099472, 0.00026950495975410025, -0.00046347880431800995, -0.0003947255032183401, 8.202860984423256e-05, 6.92565441169034e-05, -0.00013588778288865756, -0.00046145097522074706, 0.00031786461874715405, -0.00034964119176981794, 9.406535139860417e-05, 0.00015523391499667333, 3.884233798124399e-05, 7.263729644830369e-05, -0.00032821562443389053, -0.00025449410937192376, 1.4525881564974924e-05, 8.79995105644867e-05, 0.00013108208861246852, -0.00023401619157749598, -0.00026385855519083944, -0.00014202367299975994, 0.0003681612031905581, 0.0003996148170083158, 0.00036243673296256764]
 
RESULTS:
--------
E_VQE = -7.91946506178312
inf_VQE = 0.5094088326912173
n_fn_calls = 133
Wall-clock time 0.16483634723557367 hours
 
For more output, see /home/jkgpu/HVQE/data/kagome/periodic/own_graph/opl/energy/3x2/output.txt
Plots of output saved in /home/jkgpu/HVQE/data/kagome/periodic/own_graph/opl/energy/3x2
End of HVQE.py
==========================================================================================
CuPy installation found, continuing using GPU acceleration.
having the CPUs {8, 9, 10, 6} available.
Started basinhopping at 2020-12-25 04:53:33.321040 UTC, with
command line arguments = {'path': '/home/jkgpu/HVQE/data/kagome/periodic/own_graph/opl/energy/3x2', 'n_par': 32, 'par_multiplicity': 9, 'n_iter': 0, 'cost_fn': 'energy', 'temperature': 1.0, 'stepsize': 1.0, 'init_par': None, 'dump_interval': None}
runtime variables =  {'GPU': True, 'date_start': '2020-12-25 04:53:33.321040', 'complete_graph': [(0, 6), (2, 8), (4, 10), (12, 9), (14, 11), (16, 7), (15, 1), (17, 3), (13, 5), (1, 6), (3, 8), (5, 10), (7, 12), (9, 14), (11, 16), (13, 0), (15, 2), (17, 4), (1, 2), (3, 4), (5, 0), (8, 12), (10, 14), (6, 16), (7, 13), (9, 15), (11, 17), (0, 1), (2, 3), (4, 5), (6, 7), (8, 9), (10, 11), (12, 13), (14, 15), (16, 17)], 'init_layer': [(0, 1), (2, 3), (4, 5), (6, 7), (8, 9), (10, 11), (12, 13), (14, 15), (16, 17)], 'layers': [[(0, 6), (2, 8), (4, 10), (12, 9), (14, 11), (16, 7), (15, 1), (17, 3), (13, 5)], [(1, 6), (3, 8), (5, 10), (7, 12), (9, 14), (11, 16), (13, 0), (15, 2), (17, 4)], [(1, 2), (3, 4), (5, 0), (8, 12), (10, 14), (6, 16), (7, 13), (9, 15), (11, 17)], [(0, 1), (2, 3), (4, 5), (6, 7), (8, 9), (10, 11), (12, 13), (14, 15), (16, 17)]], 'n': 18}
................................................................................................................................................................................................................................................................................................................................................................................................../home/jkgpu/miniconda3/lib/python3.8/site-packages/chainer/backends/cuda.py:142: UserWarning: cuDNN is not enabled.
Please reinstall CuPy after you install cudnn
(see https://docs-cupy.chainer.org/en/stable/install.html#install-cudnn).
  warnings.warn(
/home/jkgpu/miniconda3/lib/python3.8/site-packages/chainer/_environment_check.py:70: UserWarning: 
--------------------------------------------------------------------------------
CuPy (cupy) version 8.0.0 may not be compatible with this version of Chainer.
Please consider installing the supported version by running:
  $ pip install 'cupy>=6.3.0,<7.0.0'

See the following page for more details:
  https://docs-cupy.chainer.org/en/latest/install.html
--------------------------------------------------------------------------------

  warnings.warn(msg.format(
 
==========================================================================================
Finished basinhopping of  /home/jkgpu/HVQE/data/kagome/periodic/own_graph/opl/energy/3x2 at 2020-12-25 05:26:14.101472 UTC, with
 
{'path': '/home/jkgpu/HVQE/data/kagome/periodic/own_graph/opl/energy/3x2', 'n_par': 32, 'par_multiplicity': 9, 'n_iter': 0, 'cost_fn': 'energy', 'temperature': 1.0, 'stepsize': 1.0, 'init_par': None, 'dump_interval': None}
init_par = [-0.00025040062180943425, 0.00030682810909354657, 0.00012112154168071392, -0.0002752402971437893, 2.973383061034417e-05, 5.789775811032279e-05, -7.22975475514395e-05, -0.00029519709260170124, -0.00017480779521453774, -0.00021498978326823793, -0.0002830458413236814, -7.225383720828148e-05, 0.0003819612161956806, -0.00016654768116544405, 0.0003477264279798574, 0.00020423236319646535, -0.00022193850483893831, 0.00010441403503310635, 0.00018430107446471824, 0.0003052357009995446, 0.00016671831700699384, -0.00047018747150543084, -0.0004834267203523899, 0.00016073657246659147, -0.00038865587210559283, -0.00015402224078079474, -6.585849754538154e-05, -0.00045823116877296313, -7.579203714348087e-06, -0.00021314810949017515, -0.0002718529862611904, -3.4323739158675405e-05]
 
RESULTS:
--------
E_VQE = -7.951439886906418
inf_VQE = 0.49801557081793457
n_fn_calls = 386
Wall-clock time 0.5443953113423453 hours
 
For more output, see /home/jkgpu/HVQE/data/kagome/periodic/own_graph/opl/energy/3x2/output.txt
Plots of output saved in /home/jkgpu/HVQE/data/kagome/periodic/own_graph/opl/energy/3x2
End of HVQE.py
==========================================================================================
CuPy installation found, continuing using GPU acceleration.
having the CPUs {8, 9, 10, 6} available.
Started basinhopping at 2020-12-25 05:26:21.227921 UTC, with
command line arguments = {'path': '/home/jkgpu/HVQE/data/kagome/periodic/own_graph/opl/energy/3x2', 'n_par': 36, 'par_multiplicity': 9, 'n_iter': 0, 'cost_fn': 'energy', 'temperature': 1.0, 'stepsize': 1.0, 'init_par': None, 'dump_interval': None}
runtime variables =  {'GPU': True, 'date_start': '2020-12-25 05:26:21.227921', 'complete_graph': [(0, 6), (2, 8), (4, 10), (12, 9), (14, 11), (16, 7), (15, 1), (17, 3), (13, 5), (1, 6), (3, 8), (5, 10), (7, 12), (9, 14), (11, 16), (13, 0), (15, 2), (17, 4), (1, 2), (3, 4), (5, 0), (8, 12), (10, 14), (6, 16), (7, 13), (9, 15), (11, 17), (0, 1), (2, 3), (4, 5), (6, 7), (8, 9), (10, 11), (12, 13), (14, 15), (16, 17)], 'init_layer': [(0, 1), (2, 3), (4, 5), (6, 7), (8, 9), (10, 11), (12, 13), (14, 15), (16, 17)], 'layers': [[(0, 6), (2, 8), (4, 10), (12, 9), (14, 11), (16, 7), (15, 1), (17, 3), (13, 5)], [(1, 6), (3, 8), (5, 10), (7, 12), (9, 14), (11, 16), (13, 0), (15, 2), (17, 4)], [(1, 2), (3, 4), (5, 0), (8, 12), (10, 14), (6, 16), (7, 13), (9, 15), (11, 17)], [(0, 1), (2, 3), (4, 5), (6, 7), (8, 9), (10, 11), (12, 13), (14, 15), (16, 17)]], 'n': 18}
.................................................................................................................................................................................................................................................../home/jkgpu/miniconda3/lib/python3.8/site-packages/chainer/backends/cuda.py:142: UserWarning: cuDNN is not enabled.
Please reinstall CuPy after you install cudnn
(see https://docs-cupy.chainer.org/en/stable/install.html#install-cudnn).
  warnings.warn(
/home/jkgpu/miniconda3/lib/python3.8/site-packages/chainer/_environment_check.py:70: UserWarning: 
--------------------------------------------------------------------------------
CuPy (cupy) version 8.0.0 may not be compatible with this version of Chainer.
Please consider installing the supported version by running:
  $ pip install 'cupy>=6.3.0,<7.0.0'

See the following page for more details:
  https://docs-cupy.chainer.org/en/latest/install.html
--------------------------------------------------------------------------------

  warnings.warn(msg.format(
 
==========================================================================================
Finished basinhopping of  /home/jkgpu/HVQE/data/kagome/periodic/own_graph/opl/energy/3x2 at 2020-12-25 05:49:26.062367 UTC, with
 
{'path': '/home/jkgpu/HVQE/data/kagome/periodic/own_graph/opl/energy/3x2', 'n_par': 36, 'par_multiplicity': 9, 'n_iter': 0, 'cost_fn': 'energy', 'temperature': 1.0, 'stepsize': 1.0, 'init_par': None, 'dump_interval': None}
init_par = [-0.0002679438116322941, 0.0003411358797794789, -0.0004776176484891417, 6.0812901284373454e-06, -0.00022754522617437204, 5.605756633792706e-05, 0.0003531068588106188, -0.0004380687016981174, 0.00043257486463653763, -0.00045961243897455953, 0.0004528103976480165, 0.0004151308886812541, 0.0002610687919713822, -0.00031101547536170783, -0.00028780174980480187, 0.000337012616963127, 0.0001365377644431138, 0.0001036128302314166, 0.0003383621951707897, -0.00010691996751523148, 0.00021469207684616262, -0.000406645534861796, -0.0003347277521546056, 0.00032432109255135647, 0.00012691155480590386, -0.00045692594109109243, -0.00036219444640822433, 2.3536354871189942e-05, -0.0004286879419829934, -0.00020342817692851878, -0.0002901835830523488, -0.00024282135513869455, -0.0003522534878557514, 0.00012755630891491472, -0.0003465754773696021, 0.00015152639213487755]
 
RESULTS:
--------
E_VQE = -7.9658568837190655
inf_VQE = 0.48111384858345074
n_fn_calls = 243
Wall-clock time 0.3843875128693051 hours
 
For more output, see /home/jkgpu/HVQE/data/kagome/periodic/own_graph/opl/energy/3x2/output.txt
Plots of output saved in /home/jkgpu/HVQE/data/kagome/periodic/own_graph/opl/energy/3x2
End of HVQE.py
==========================================================================================
CuPy installation found, continuing using GPU acceleration.
having the CPUs {8, 9, 10, 6} available.
Started basinhopping at 2020-12-25 05:49:32.910456 UTC, with
command line arguments = {'path': '/home/jkgpu/HVQE/data/kagome/periodic/own_graph/opl/energy/3x2', 'n_par': 40, 'par_multiplicity': 9, 'n_iter': 0, 'cost_fn': 'energy', 'temperature': 1.0, 'stepsize': 1.0, 'init_par': None, 'dump_interval': None}
runtime variables =  {'GPU': True, 'date_start': '2020-12-25 05:49:32.910456', 'complete_graph': [(0, 6), (2, 8), (4, 10), (12, 9), (14, 11), (16, 7), (15, 1), (17, 3), (13, 5), (1, 6), (3, 8), (5, 10), (7, 12), (9, 14), (11, 16), (13, 0), (15, 2), (17, 4), (1, 2), (3, 4), (5, 0), (8, 12), (10, 14), (6, 16), (7, 13), (9, 15), (11, 17), (0, 1), (2, 3), (4, 5), (6, 7), (8, 9), (10, 11), (12, 13), (14, 15), (16, 17)], 'init_layer': [(0, 1), (2, 3), (4, 5), (6, 7), (8, 9), (10, 11), (12, 13), (14, 15), (16, 17)], 'layers': [[(0, 6), (2, 8), (4, 10), (12, 9), (14, 11), (16, 7), (15, 1), (17, 3), (13, 5)], [(1, 6), (3, 8), (5, 10), (7, 12), (9, 14), (11, 16), (13, 0), (15, 2), (17, 4)], [(1, 2), (3, 4), (5, 0), (8, 12), (10, 14), (6, 16), (7, 13), (9, 15), (11, 17)], [(0, 1), (2, 3), (4, 5), (6, 7), (8, 9), (10, 11), (12, 13), (14, 15), (16, 17)]], 'n': 18}
............................................................................................................................................................................................................................................................................................................................................................................................................................................................./home/jkgpu/miniconda3/lib/python3.8/site-packages/chainer/backends/cuda.py:142: UserWarning: cuDNN is not enabled.
Please reinstall CuPy after you install cudnn
(see https://docs-cupy.chainer.org/en/stable/install.html#install-cudnn).
  warnings.warn(
/home/jkgpu/miniconda3/lib/python3.8/site-packages/chainer/_environment_check.py:70: UserWarning: 
--------------------------------------------------------------------------------
CuPy (cupy) version 8.0.0 may not be compatible with this version of Chainer.
Please consider installing the supported version by running:
  $ pip install 'cupy>=6.3.0,<7.0.0'

See the following page for more details:
  https://docs-cupy.chainer.org/en/latest/install.html
--------------------------------------------------------------------------------

  warnings.warn(msg.format(
 
==========================================================================================
Finished basinhopping of  /home/jkgpu/HVQE/data/kagome/periodic/own_graph/opl/energy/3x2 at 2020-12-25 06:36:32.828366 UTC, with
 
{'path': '/home/jkgpu/HVQE/data/kagome/periodic/own_graph/opl/energy/3x2', 'n_par': 40, 'par_multiplicity': 9, 'n_iter': 0, 'cost_fn': 'energy', 'temperature': 1.0, 'stepsize': 1.0, 'init_par': None, 'dump_interval': None}
init_par = [0.00018956648579133485, 0.0003554378393551945, -0.00038906996753791125, 0.0003210032425131833, 0.00023564417716886684, 0.00027940906978285863, -0.00026549135600487453, 0.00021825000628528535, 0.00016822295018667282, -0.00010627617248937303, -0.00015086385694818293, -0.00029636466616427915, 0.00013652988369847391, 3.208418748894162e-05, -0.0003555285348834221, 0.0003799863286206679, 0.0004163109109817304, 0.00044549727369982647, 0.00022156302036194036, -0.0002453127102833642, -4.4888933053726656e-05, 0.00013584379894830017, 0.0003031801877996969, -0.00025690549752889274, -7.980281651588341e-05, -0.00032631930017807455, -0.0002372048789512362, -0.00016344499175120623, 0.0001928606571106131, -1.1158741220016399e-05, -0.00033060321338719334, 0.000402588695456046, 0.0003012348953468345, -5.1583728552123155e-05, 0.00017875694006324748, -0.00044716012274229614, -0.00012005421686464026, 0.0003883985327645797, 0.0001624070687524621, 0.00023937448907752738]
 
RESULTS:
--------
E_VQE = -7.957983801422464
inf_VQE = 0.4915726693838701
n_fn_calls = 445
Wall-clock time 0.7830116612381405 hours
 
For more output, see /home/jkgpu/HVQE/data/kagome/periodic/own_graph/opl/energy/3x2/output.txt
Plots of output saved in /home/jkgpu/HVQE/data/kagome/periodic/own_graph/opl/energy/3x2
End of HVQE.py
==========================================================================================
CuPy installation found, continuing using GPU acceleration.
having the CPUs {8, 9, 10, 6} available.
Started basinhopping at 2020-12-25 06:36:39.970435 UTC, with
command line arguments = {'path': '/home/jkgpu/HVQE/data/kagome/periodic/own_graph/opl/energy/3x2', 'n_par': 44, 'par_multiplicity': 9, 'n_iter': 0, 'cost_fn': 'energy', 'temperature': 1.0, 'stepsize': 1.0, 'init_par': None, 'dump_interval': None}
runtime variables =  {'GPU': True, 'date_start': '2020-12-25 06:36:39.970435', 'complete_graph': [(0, 6), (2, 8), (4, 10), (12, 9), (14, 11), (16, 7), (15, 1), (17, 3), (13, 5), (1, 6), (3, 8), (5, 10), (7, 12), (9, 14), (11, 16), (13, 0), (15, 2), (17, 4), (1, 2), (3, 4), (5, 0), (8, 12), (10, 14), (6, 16), (7, 13), (9, 15), (11, 17), (0, 1), (2, 3), (4, 5), (6, 7), (8, 9), (10, 11), (12, 13), (14, 15), (16, 17)], 'init_layer': [(0, 1), (2, 3), (4, 5), (6, 7), (8, 9), (10, 11), (12, 13), (14, 15), (16, 17)], 'layers': [[(0, 6), (2, 8), (4, 10), (12, 9), (14, 11), (16, 7), (15, 1), (17, 3), (13, 5)], [(1, 6), (3, 8), (5, 10), (7, 12), (9, 14), (11, 16), (13, 0), (15, 2), (17, 4)], [(1, 2), (3, 4), (5, 0), (8, 12), (10, 14), (6, 16), (7, 13), (9, 15), (11, 17)], [(0, 1), (2, 3), (4, 5), (6, 7), (8, 9), (10, 11), (12, 13), (14, 15), (16, 17)]], 'n': 18}
............................................................................................................................................................................................................................................/home/jkgpu/miniconda3/lib/python3.8/site-packages/chainer/backends/cuda.py:142: UserWarning: cuDNN is not enabled.
Please reinstall CuPy after you install cudnn
(see https://docs-cupy.chainer.org/en/stable/install.html#install-cudnn).
  warnings.warn(
/home/jkgpu/miniconda3/lib/python3.8/site-packages/chainer/_environment_check.py:70: UserWarning: 
--------------------------------------------------------------------------------
CuPy (cupy) version 8.0.0 may not be compatible with this version of Chainer.
Please consider installing the supported version by running:
  $ pip install 'cupy>=6.3.0,<7.0.0'

See the following page for more details:
  https://docs-cupy.chainer.org/en/latest/install.html
--------------------------------------------------------------------------------

  warnings.warn(msg.format(
 
==========================================================================================
Finished basinhopping of  /home/jkgpu/HVQE/data/kagome/periodic/own_graph/opl/energy/3x2 at 2020-12-25 07:03:55.594500 UTC, with
 
{'path': '/home/jkgpu/HVQE/data/kagome/periodic/own_graph/opl/energy/3x2', 'n_par': 44, 'par_multiplicity': 9, 'n_iter': 0, 'cost_fn': 'energy', 'temperature': 1.0, 'stepsize': 1.0, 'init_par': None, 'dump_interval': None}
init_par = [9.483222947377623e-05, -0.0002438715230032614, 0.000442108161150641, -0.00036851743213512636, 0.00017232123509476865, -0.0003312183627963921, -0.0001322872769569923, -4.717386661733515e-05, 7.196191744479174e-05, -0.00046225577115800124, 0.00046016672538955476, -8.102567785966204e-06, 0.0001197222912179128, 2.1764903222365787e-05, 0.00023188937598950525, 0.0001500490643808408, 0.00010616691085361279, -0.00032634761386268166, -0.00021282795132681443, 0.00030842471519098723, 0.00015460181540854915, 0.00041250589337798386, -6.328086369773961e-06, 9.744382708102293e-05, 0.0004204880752820667, -0.000455294863993462, -0.00013492971036074044, -0.00044314633875051657, -0.00014838509302942494, -0.00044174913673573793, 0.00011027906692186846, -0.0003958346556737733, 4.944733494134982e-05, 0.00022304463041149345, 0.00046143649744407873, 0.00014108644489557764, 0.0003934653860746004, 0.00022144561636118357, 0.00029180153236507667, -4.5723329920317475e-05, 0.00043388364333937985, -0.00029952830872428547, -0.00038991012157896287, -0.00037549523955688127]
 
RESULTS:
--------
E_VQE = -7.977691139833559
inf_VQE = 0.4767221811023845
n_fn_calls = 236
Wall-clock time 0.4540168888701333 hours
 
For more output, see /home/jkgpu/HVQE/data/kagome/periodic/own_graph/opl/energy/3x2/output.txt
Plots of output saved in /home/jkgpu/HVQE/data/kagome/periodic/own_graph/opl/energy/3x2
End of HVQE.py
==========================================================================================
CuPy installation found, continuing using GPU acceleration.
having the CPUs {8, 9, 10, 6} available.
Started basinhopping at 2020-12-25 07:04:02.770883 UTC, with
command line arguments = {'path': '/home/jkgpu/HVQE/data/kagome/periodic/own_graph/opl/energy/3x2', 'n_par': 48, 'par_multiplicity': 9, 'n_iter': 0, 'cost_fn': 'energy', 'temperature': 1.0, 'stepsize': 1.0, 'init_par': None, 'dump_interval': None}
runtime variables =  {'GPU': True, 'date_start': '2020-12-25 07:04:02.770883', 'complete_graph': [(0, 6), (2, 8), (4, 10), (12, 9), (14, 11), (16, 7), (15, 1), (17, 3), (13, 5), (1, 6), (3, 8), (5, 10), (7, 12), (9, 14), (11, 16), (13, 0), (15, 2), (17, 4), (1, 2), (3, 4), (5, 0), (8, 12), (10, 14), (6, 16), (7, 13), (9, 15), (11, 17), (0, 1), (2, 3), (4, 5), (6, 7), (8, 9), (10, 11), (12, 13), (14, 15), (16, 17)], 'init_layer': [(0, 1), (2, 3), (4, 5), (6, 7), (8, 9), (10, 11), (12, 13), (14, 15), (16, 17)], 'layers': [[(0, 6), (2, 8), (4, 10), (12, 9), (14, 11), (16, 7), (15, 1), (17, 3), (13, 5)], [(1, 6), (3, 8), (5, 10), (7, 12), (9, 14), (11, 16), (13, 0), (15, 2), (17, 4)], [(1, 2), (3, 4), (5, 0), (8, 12), (10, 14), (6, 16), (7, 13), (9, 15), (11, 17)], [(0, 1), (2, 3), (4, 5), (6, 7), (8, 9), (10, 11), (12, 13), (14, 15), (16, 17)]], 'n': 18}
................................................................................................................................................................................................................................................................................................................................................................................................./home/jkgpu/miniconda3/lib/python3.8/site-packages/chainer/backends/cuda.py:142: UserWarning: cuDNN is not enabled.
Please reinstall CuPy after you install cudnn
(see https://docs-cupy.chainer.org/en/stable/install.html#install-cudnn).
  warnings.warn(
/home/jkgpu/miniconda3/lib/python3.8/site-packages/chainer/_environment_check.py:70: UserWarning: 
--------------------------------------------------------------------------------
CuPy (cupy) version 8.0.0 may not be compatible with this version of Chainer.
Please consider installing the supported version by running:
  $ pip install 'cupy>=6.3.0,<7.0.0'

See the following page for more details:
  https://docs-cupy.chainer.org/en/latest/install.html
--------------------------------------------------------------------------------

  warnings.warn(msg.format(
 
==========================================================================================
Finished basinhopping of  /home/jkgpu/HVQE/data/kagome/periodic/own_graph/opl/energy/3x2 at 2020-12-25 07:52:40.786914 UTC, with
 
{'path': '/home/jkgpu/HVQE/data/kagome/periodic/own_graph/opl/energy/3x2', 'n_par': 48, 'par_multiplicity': 9, 'n_iter': 0, 'cost_fn': 'energy', 'temperature': 1.0, 'stepsize': 1.0, 'init_par': None, 'dump_interval': None}
init_par = [0.00033357701671953217, 8.272163111290077e-05, -0.0001954107243265424, 0.00015297315961413868, -0.00017522110359107326, 0.00026025463423943584, -0.0002935853302499002, 0.00010192309053195711, -0.00012354460100211142, 0.0004932303866334278, -0.0004905182078413603, 2.1731707779264545e-05, 6.046824001573953e-05, -3.080229654942935e-05, -0.00020478838965000558, 0.00045151443863989445, 0.00025206472772184446, -0.00021917287886022056, -7.565992897378207e-07, -0.00042550940157049845, 0.0004423610626711849, 0.00023233698532387683, -0.00033523817834355864, -0.00026842848003602213, 0.00040237067092936294, -0.00023970999256733573, -0.00015003902157830374, -8.070203142627211e-05, -0.0004709716265334618, 0.0002164189802991381, 0.00016533005552668047, -0.00039708574948615563, -0.00015617989440433656, -0.0004795772955295192, -0.0002805099126878424, -6.829038491357165e-05, -0.0003734630430984445, -0.0002640546113138792, 0.00032435847928755166, 0.0004614287351541931, -0.00020098904084969586, 0.0004573825371403976, -0.0004323123022549683, 0.00040381042724270606, -0.0004838625068042668, 0.00014238556831944681, -0.00028996767302983474, -0.0002642451635671581]
 
RESULTS:
--------
E_VQE = -7.984952593309908
inf_VQE = 0.4730167908217513
n_fn_calls = 385
Wall-clock time 0.8101995371447669 hours
 
For more output, see /home/jkgpu/HVQE/data/kagome/periodic/own_graph/opl/energy/3x2/output.txt
Plots of output saved in /home/jkgpu/HVQE/data/kagome/periodic/own_graph/opl/energy/3x2
End of HVQE.py
==========================================================================================
CuPy installation found, continuing using GPU acceleration.
having the CPUs {8, 9, 10, 6} available.
Started basinhopping at 2020-12-25 07:52:48.017887 UTC, with
command line arguments = {'path': '/home/jkgpu/HVQE/data/kagome/periodic/own_graph/opl/energy/3x2', 'n_par': 52, 'par_multiplicity': 9, 'n_iter': 0, 'cost_fn': 'energy', 'temperature': 1.0, 'stepsize': 1.0, 'init_par': None, 'dump_interval': None}
runtime variables =  {'GPU': True, 'date_start': '2020-12-25 07:52:48.017887', 'complete_graph': [(0, 6), (2, 8), (4, 10), (12, 9), (14, 11), (16, 7), (15, 1), (17, 3), (13, 5), (1, 6), (3, 8), (5, 10), (7, 12), (9, 14), (11, 16), (13, 0), (15, 2), (17, 4), (1, 2), (3, 4), (5, 0), (8, 12), (10, 14), (6, 16), (7, 13), (9, 15), (11, 17), (0, 1), (2, 3), (4, 5), (6, 7), (8, 9), (10, 11), (12, 13), (14, 15), (16, 17)], 'init_layer': [(0, 1), (2, 3), (4, 5), (6, 7), (8, 9), (10, 11), (12, 13), (14, 15), (16, 17)], 'layers': [[(0, 6), (2, 8), (4, 10), (12, 9), (14, 11), (16, 7), (15, 1), (17, 3), (13, 5)], [(1, 6), (3, 8), (5, 10), (7, 12), (9, 14), (11, 16), (13, 0), (15, 2), (17, 4)], [(1, 2), (3, 4), (5, 0), (8, 12), (10, 14), (6, 16), (7, 13), (9, 15), (11, 17)], [(0, 1), (2, 3), (4, 5), (6, 7), (8, 9), (10, 11), (12, 13), (14, 15), (16, 17)]], 'n': 18}
...................................................................................................................................................................................................................................................................................................................................................................................../home/jkgpu/miniconda3/lib/python3.8/site-packages/chainer/backends/cuda.py:142: UserWarning: cuDNN is not enabled.
Please reinstall CuPy after you install cudnn
(see https://docs-cupy.chainer.org/en/stable/install.html#install-cudnn).
  warnings.warn(
/home/jkgpu/miniconda3/lib/python3.8/site-packages/chainer/_environment_check.py:70: UserWarning: 
--------------------------------------------------------------------------------
CuPy (cupy) version 8.0.0 may not be compatible with this version of Chainer.
Please consider installing the supported version by running:
  $ pip install 'cupy>=6.3.0,<7.0.0'

See the following page for more details:
  https://docs-cupy.chainer.org/en/latest/install.html
--------------------------------------------------------------------------------

  warnings.warn(msg.format(
 
==========================================================================================
Finished basinhopping of  /home/jkgpu/HVQE/data/kagome/periodic/own_graph/opl/energy/3x2 at 2020-12-25 08:44:06.006312 UTC, with
 
{'path': '/home/jkgpu/HVQE/data/kagome/periodic/own_graph/opl/energy/3x2', 'n_par': 52, 'par_multiplicity': 9, 'n_iter': 0, 'cost_fn': 'energy', 'temperature': 1.0, 'stepsize': 1.0, 'init_par': None, 'dump_interval': None}
init_par = [-0.000402482274866377, -0.00013778644132834327, 0.0004576341658918114, -0.0004943739245829359, 0.00037399841811818315, -0.00044307125509698164, -0.00011947164954829483, -0.00045808017799776624, 0.0002373753888428125, -0.00040833359389313685, 0.0002618950399304791, -0.00011452274339421688, 0.0002871627143664126, -0.00011353497347529873, -0.00018703842841988783, 0.00047968940355035843, 0.0002636611606107288, 0.0004060783693260985, -0.00021518806957865458, 0.000346733890243689, 0.00017633353982977364, -0.00028084363113224957, 0.0002454512140007938, 0.00023699392087720035, 0.00048356210084479897, 0.0004967279960605303, -0.0004061527854482647, 0.0004842340805644241, -0.0003742162167951886, 8.422637385384563e-05, 0.00028422666981848524, -5.0387086154430585e-05, -6.614204982367312e-05, -0.00017973604028516014, -0.00022257991709304147, -0.00023186138648421316, 0.0003312495906256344, 0.0004024075511853178, -0.00019827151662598654, 7.448627310892861e-05, -0.0004186606630473977, 0.00018640036804225236, 4.237759738542359e-05, -0.00019677341802796226, -0.00032580311369821745, -1.2369167475512872e-05, -0.000421346184593005, 0.0004038178103222973, 0.0001534194391122725, 6.723744912069088e-05, -3.432283153342278e-05, -0.0002859721946395374]
 
RESULTS:
--------
E_VQE = -7.987023453070518
inf_VQE = 0.4716913654717917
n_fn_calls = 373
Wall-clock time 0.854625385204951 hours
 
For more output, see /home/jkgpu/HVQE/data/kagome/periodic/own_graph/opl/energy/3x2/output.txt
Plots of output saved in /home/jkgpu/HVQE/data/kagome/periodic/own_graph/opl/energy/3x2
End of HVQE.py
==========================================================================================
CuPy installation found, continuing using GPU acceleration.
having the CPUs {8, 9, 10, 6} available.
Started basinhopping at 2020-12-25 08:44:13.298876 UTC, with
command line arguments = {'path': '/home/jkgpu/HVQE/data/kagome/periodic/own_graph/opl/energy/3x2', 'n_par': 56, 'par_multiplicity': 9, 'n_iter': 0, 'cost_fn': 'energy', 'temperature': 1.0, 'stepsize': 1.0, 'init_par': None, 'dump_interval': None}
runtime variables =  {'GPU': True, 'date_start': '2020-12-25 08:44:13.298876', 'complete_graph': [(0, 6), (2, 8), (4, 10), (12, 9), (14, 11), (16, 7), (15, 1), (17, 3), (13, 5), (1, 6), (3, 8), (5, 10), (7, 12), (9, 14), (11, 16), (13, 0), (15, 2), (17, 4), (1, 2), (3, 4), (5, 0), (8, 12), (10, 14), (6, 16), (7, 13), (9, 15), (11, 17), (0, 1), (2, 3), (4, 5), (6, 7), (8, 9), (10, 11), (12, 13), (14, 15), (16, 17)], 'init_layer': [(0, 1), (2, 3), (4, 5), (6, 7), (8, 9), (10, 11), (12, 13), (14, 15), (16, 17)], 'layers': [[(0, 6), (2, 8), (4, 10), (12, 9), (14, 11), (16, 7), (15, 1), (17, 3), (13, 5)], [(1, 6), (3, 8), (5, 10), (7, 12), (9, 14), (11, 16), (13, 0), (15, 2), (17, 4)], [(1, 2), (3, 4), (5, 0), (8, 12), (10, 14), (6, 16), (7, 13), (9, 15), (11, 17)], [(0, 1), (2, 3), (4, 5), (6, 7), (8, 9), (10, 11), (12, 13), (14, 15), (16, 17)]], 'n': 18}
.............................................................................................................................................................................................................................................................................................................................................................................................................................................................................................................................................................................................................................................................../home/jkgpu/miniconda3/lib/python3.8/site-packages/chainer/backends/cuda.py:142: UserWarning: cuDNN is not enabled.
Please reinstall CuPy after you install cudnn
(see https://docs-cupy.chainer.org/en/stable/install.html#install-cudnn).
  warnings.warn(
/home/jkgpu/miniconda3/lib/python3.8/site-packages/chainer/_environment_check.py:70: UserWarning: 
--------------------------------------------------------------------------------
CuPy (cupy) version 8.0.0 may not be compatible with this version of Chainer.
Please consider installing the supported version by running:
  $ pip install 'cupy>=6.3.0,<7.0.0'

See the following page for more details:
  https://docs-cupy.chainer.org/en/latest/install.html
--------------------------------------------------------------------------------

  warnings.warn(msg.format(
 
==========================================================================================
Finished basinhopping of  /home/jkgpu/HVQE/data/kagome/periodic/own_graph/opl/energy/3x2 at 2020-12-25 10:18:18.714730 UTC, with
 
{'path': '/home/jkgpu/HVQE/data/kagome/periodic/own_graph/opl/energy/3x2', 'n_par': 56, 'par_multiplicity': 9, 'n_iter': 0, 'cost_fn': 'energy', 'temperature': 1.0, 'stepsize': 1.0, 'init_par': None, 'dump_interval': None}
init_par = [-0.0001391004104510092, -0.0003514481452412593, -0.00011983788522975069, 0.000334057511947268, 0.0001351727991764953, 0.0002996776748933702, -3.681964492118742e-05, 0.0003784482427290466, 0.0003213153492755609, 0.00019112880290493475, -0.0003515065784949053, 0.0001717212090052337, -5.8217443846064775e-05, -4.3734167492840966e-05, 0.00046586333111311637, -0.0004182781804396204, -0.00033123801994751193, 0.0003670078713887133, -0.00031135805958021356, 1.6628344067480213e-05, 0.0002877634379678262, 0.0002629261636777024, 2.5188121990046526e-05, 0.0002992480794699342, -0.0002895172515582323, 0.00022094121696502743, 0.00018778393770821312, -0.00033806529879953906, 3.595239389381764e-05, 6.405828213496988e-05, 0.000307580329351265, -0.0003413392236734456, -0.00041032717994270043, 0.0001795369168518685, -0.0003936705408245677, 0.00027218530708373657, -0.0004506137192246453, 0.00048515339590811824, -0.00024973554237302844, -0.00027226745949001404, -0.00038516791053245413, 0.0001665018836789153, -0.0004753771301636647, -0.0004268275338113509, -0.00033411109247837234, -0.00038355340805016074, 0.00028403558908810054, -0.00024042810952897334, -7.31796696213255e-05, -0.0003994701839261443, 0.0004100532061592746, -0.00010736969509962945, -8.546206376719212e-05, -6.441538621297974e-05, -0.00019310166162551722, -0.00035849687411039315]
 
RESULTS:
--------
E_VQE = -7.989016945220391
inf_VQE = 0.46440766583385396
n_fn_calls = 639
Wall-clock time 1.5677735913462107 hours
 
For more output, see /home/jkgpu/HVQE/data/kagome/periodic/own_graph/opl/energy/3x2/output.txt
Plots of output saved in /home/jkgpu/HVQE/data/kagome/periodic/own_graph/opl/energy/3x2
End of HVQE.py
==========================================================================================
CuPy installation found, continuing using GPU acceleration.
having the CPUs {8, 9, 10, 6} available.
Started basinhopping at 2020-12-25 10:18:25.871539 UTC, with
command line arguments = {'path': '/home/jkgpu/HVQE/data/kagome/periodic/own_graph/opl/energy/3x2', 'n_par': 60, 'par_multiplicity': 9, 'n_iter': 0, 'cost_fn': 'energy', 'temperature': 1.0, 'stepsize': 1.0, 'init_par': None, 'dump_interval': None}
runtime variables =  {'GPU': True, 'date_start': '2020-12-25 10:18:25.871539', 'complete_graph': [(0, 6), (2, 8), (4, 10), (12, 9), (14, 11), (16, 7), (15, 1), (17, 3), (13, 5), (1, 6), (3, 8), (5, 10), (7, 12), (9, 14), (11, 16), (13, 0), (15, 2), (17, 4), (1, 2), (3, 4), (5, 0), (8, 12), (10, 14), (6, 16), (7, 13), (9, 15), (11, 17), (0, 1), (2, 3), (4, 5), (6, 7), (8, 9), (10, 11), (12, 13), (14, 15), (16, 17)], 'init_layer': [(0, 1), (2, 3), (4, 5), (6, 7), (8, 9), (10, 11), (12, 13), (14, 15), (16, 17)], 'layers': [[(0, 6), (2, 8), (4, 10), (12, 9), (14, 11), (16, 7), (15, 1), (17, 3), (13, 5)], [(1, 6), (3, 8), (5, 10), (7, 12), (9, 14), (11, 16), (13, 0), (15, 2), (17, 4)], [(1, 2), (3, 4), (5, 0), (8, 12), (10, 14), (6, 16), (7, 13), (9, 15), (11, 17)], [(0, 1), (2, 3), (4, 5), (6, 7), (8, 9), (10, 11), (12, 13), (14, 15), (16, 17)]], 'n': 18}
........................................................................................................................................................................................................................................................................................................................................................................................................................................................................................................................................................................................................................................................................................................................................................................................................................................................................................................................................................................................................................................................./home/jkgpu/miniconda3/lib/python3.8/site-packages/chainer/backends/cuda.py:142: UserWarning: cuDNN is not enabled.
Please reinstall CuPy after you install cudnn
(see https://docs-cupy.chainer.org/en/stable/install.html#install-cudnn).
  warnings.warn(
/home/jkgpu/miniconda3/lib/python3.8/site-packages/chainer/_environment_check.py:70: UserWarning: 
--------------------------------------------------------------------------------
CuPy (cupy) version 8.0.0 may not be compatible with this version of Chainer.
Please consider installing the supported version by running:
  $ pip install 'cupy>=6.3.0,<7.0.0'

See the following page for more details:
  https://docs-cupy.chainer.org/en/latest/install.html
--------------------------------------------------------------------------------

  warnings.warn(msg.format(
 
==========================================================================================
Finished basinhopping of  /home/jkgpu/HVQE/data/kagome/periodic/own_graph/opl/energy/3x2 at 2020-12-25 12:58:36.906604 UTC, with
 
{'path': '/home/jkgpu/HVQE/data/kagome/periodic/own_graph/opl/energy/3x2', 'n_par': 60, 'par_multiplicity': 9, 'n_iter': 0, 'cost_fn': 'energy', 'temperature': 1.0, 'stepsize': 1.0, 'init_par': None, 'dump_interval': None}
init_par = [-1.3879517038760663e-05, 0.00014553092234911716, -0.000330653210845102, 0.0003684275059984809, -0.0003202385930772522, 0.00016455684210670647, 0.00029813685133560667, -3.4822602250377714e-06, -8.567376327420841e-05, 0.0004083651413510146, 0.00035431268408472926, -0.0004036307487381562, 0.00042756948384113517, -0.0004479713812485977, -7.73523764096189e-05, 0.00036112830200330914, 0.0003062330263594484, 8.87688554310768e-05, 0.00032987159359027147, -0.00022941665705200078, -0.00031674233537347493, -7.996099639136483e-06, -0.00038101824184022515, -0.0004155902129308372, 0.00040378721195008624, -0.0004467687493112664, 0.0004991943941894436, -0.0004259843939299203, -0.0002325593202212979, 0.0004143209891905122, -0.0003632702558242721, 0.0004762687716002393, 0.00014472139683723224, -0.00020112704116637717, -0.0001756965044516148, 5.885540942278714e-05, -0.00038996941873444414, 0.0002390372181817783, -6.638086052911097e-05, 0.0003314887475198131, -5.4393895985106007e-05, -0.00013829660059360782, -0.0004677342684556629, 0.00025200431306013924, -0.00045231731522096797, -0.0003162934562847981, -3.7492740072246026e-05, -0.0003818849232639381, 4.892065731167453e-05, 0.00011517038889880904, 0.00019958887531486052, 0.0002278592759917317, -0.0001967811749840335, 0.0002714184518709345, -0.0003789723694469676, -4.052363015392236e-05, 0.0003159191413418823, 2.646747790252589e-05, 0.0003523467740898571, -0.000424542000250322]
 
RESULTS:
--------
E_VQE = -7.985894884952941
inf_VQE = 0.4648159772943129
n_fn_calls = 1017
Wall-clock time 2.669330343604088 hours
 
For more output, see /home/jkgpu/HVQE/data/kagome/periodic/own_graph/opl/energy/3x2/output.txt
Plots of output saved in /home/jkgpu/HVQE/data/kagome/periodic/own_graph/opl/energy/3x2
End of HVQE.py
==========================================================================================
CuPy installation found, continuing using GPU acceleration.
having the CPUs {8, 9, 10, 6} available.
Started basinhopping at 2020-12-25 12:58:44.409935 UTC, with
command line arguments = {'path': '/home/jkgpu/HVQE/data/kagome/periodic/own_graph/opl/energy/3x2', 'n_par': 64, 'par_multiplicity': 9, 'n_iter': 0, 'cost_fn': 'energy', 'temperature': 1.0, 'stepsize': 1.0, 'init_par': None, 'dump_interval': None}
runtime variables =  {'GPU': True, 'date_start': '2020-12-25 12:58:44.409935', 'complete_graph': [(0, 6), (2, 8), (4, 10), (12, 9), (14, 11), (16, 7), (15, 1), (17, 3), (13, 5), (1, 6), (3, 8), (5, 10), (7, 12), (9, 14), (11, 16), (13, 0), (15, 2), (17, 4), (1, 2), (3, 4), (5, 0), (8, 12), (10, 14), (6, 16), (7, 13), (9, 15), (11, 17), (0, 1), (2, 3), (4, 5), (6, 7), (8, 9), (10, 11), (12, 13), (14, 15), (16, 17)], 'init_layer': [(0, 1), (2, 3), (4, 5), (6, 7), (8, 9), (10, 11), (12, 13), (14, 15), (16, 17)], 'layers': [[(0, 6), (2, 8), (4, 10), (12, 9), (14, 11), (16, 7), (15, 1), (17, 3), (13, 5)], [(1, 6), (3, 8), (5, 10), (7, 12), (9, 14), (11, 16), (13, 0), (15, 2), (17, 4)], [(1, 2), (3, 4), (5, 0), (8, 12), (10, 14), (6, 16), (7, 13), (9, 15), (11, 17)], [(0, 1), (2, 3), (4, 5), (6, 7), (8, 9), (10, 11), (12, 13), (14, 15), (16, 17)]], 'n': 18}
............................................................................................................................................................................................................................................................................................................................................................................................................................................................................................/home/jkgpu/miniconda3/lib/python3.8/site-packages/chainer/backends/cuda.py:142: UserWarning: cuDNN is not enabled.
Please reinstall CuPy after you install cudnn
(see https://docs-cupy.chainer.org/en/stable/install.html#install-cudnn).
  warnings.warn(
/home/jkgpu/miniconda3/lib/python3.8/site-packages/chainer/_environment_check.py:70: UserWarning: 
--------------------------------------------------------------------------------
CuPy (cupy) version 8.0.0 may not be compatible with this version of Chainer.
Please consider installing the supported version by running:
  $ pip install 'cupy>=6.3.0,<7.0.0'

See the following page for more details:
  https://docs-cupy.chainer.org/en/latest/install.html
--------------------------------------------------------------------------------

  warnings.warn(msg.format(
 
==========================================================================================
Finished basinhopping of  /home/jkgpu/HVQE/data/kagome/periodic/own_graph/opl/energy/3x2 at 2020-12-25 14:18:40.515410 UTC, with
 
{'path': '/home/jkgpu/HVQE/data/kagome/periodic/own_graph/opl/energy/3x2', 'n_par': 64, 'par_multiplicity': 9, 'n_iter': 0, 'cost_fn': 'energy', 'temperature': 1.0, 'stepsize': 1.0, 'init_par': None, 'dump_interval': None}
init_par = [0.00040408515015049706, 0.0002970744492314072, 0.0003137115088633095, 0.00027228889863067495, -0.0001597144579629958, -0.00048253699740186785, 0.00016264173361309306, -0.0003553489281218909, 0.0003696912218717833, -0.00019630585218285258, -0.0001477233793111129, 7.58442081902214e-05, 6.502424097334534e-05, -0.00020155499340002592, -0.0003243168160660515, -0.00044905676964384245, 4.6905104762057074e-05, -0.00045402290897744957, -4.684468731330863e-05, 0.00024943723320787795, 0.000490686711588311, 1.8881200520532576e-05, 0.00043543367887407386, -0.00019778655323566142, 0.00034367051841962615, -0.00017844658699171459, -0.00017670799907534309, 0.00012753738319506698, 8.8721163159167e-05, -5.5606160589755235e-05, 0.0003221300242535497, -0.0003687214171950354, 0.00046083340196830197, 0.0003224372128837132, 0.00021768217672434595, 3.0269735084017288e-05, 0.0001102010270804595, 0.0004391453382741532, 7.292311404173799e-05, -0.0004062381548522114, 0.00048284272404824045, -0.00022861486551213205, -1.96712250037432e-05, -0.00032525318741626297, 9.648306658453592e-05, 0.0001391179035350118, 1.4588214641815338e-05, 0.0002067338173000633, 0.00019810781623744611, -5.7133996230910005e-05, -0.00035438603217878215, 0.00036886319952932176, -0.00020200800189802958, 0.00019133964959971864, 0.0003740783479717515, 0.00012324451719360392, 0.000275615134503169, 0.00037318169091400775, -0.0003724599590916969, -0.00037523980721262495, -0.0004715310190116682, 0.0004398552118687686, 0.00035175580324431507, 0.00037472336635386715]
 
RESULTS:
--------
E_VQE = -7.9895369436436905
inf_VQE = 0.4663666569379359
n_fn_calls = 476
Wall-clock time 1.3318156109253565 hours
 
For more output, see /home/jkgpu/HVQE/data/kagome/periodic/own_graph/opl/energy/3x2/output.txt
Plots of output saved in /home/jkgpu/HVQE/data/kagome/periodic/own_graph/opl/energy/3x2
End of HVQE.py
==========================================================================================
CuPy installation found, continuing using GPU acceleration.
having the CPUs {8, 9, 10, 6} available.
Started basinhopping at 2020-12-25 14:18:48.043051 UTC, with
command line arguments = {'path': '/home/jkgpu/HVQE/data/kagome/periodic/own_graph/opl/energy/3x2', 'n_par': 68, 'par_multiplicity': 9, 'n_iter': 0, 'cost_fn': 'energy', 'temperature': 1.0, 'stepsize': 1.0, 'init_par': None, 'dump_interval': None}
runtime variables =  {'GPU': True, 'date_start': '2020-12-25 14:18:48.043051', 'complete_graph': [(0, 6), (2, 8), (4, 10), (12, 9), (14, 11), (16, 7), (15, 1), (17, 3), (13, 5), (1, 6), (3, 8), (5, 10), (7, 12), (9, 14), (11, 16), (13, 0), (15, 2), (17, 4), (1, 2), (3, 4), (5, 0), (8, 12), (10, 14), (6, 16), (7, 13), (9, 15), (11, 17), (0, 1), (2, 3), (4, 5), (6, 7), (8, 9), (10, 11), (12, 13), (14, 15), (16, 17)], 'init_layer': [(0, 1), (2, 3), (4, 5), (6, 7), (8, 9), (10, 11), (12, 13), (14, 15), (16, 17)], 'layers': [[(0, 6), (2, 8), (4, 10), (12, 9), (14, 11), (16, 7), (15, 1), (17, 3), (13, 5)], [(1, 6), (3, 8), (5, 10), (7, 12), (9, 14), (11, 16), (13, 0), (15, 2), (17, 4)], [(1, 2), (3, 4), (5, 0), (8, 12), (10, 14), (6, 16), (7, 13), (9, 15), (11, 17)], [(0, 1), (2, 3), (4, 5), (6, 7), (8, 9), (10, 11), (12, 13), (14, 15), (16, 17)]], 'n': 18}
................................................................................................................................................................................................................................................................................................................................................................................................................................................................................................................................................................................................................................................................................................................................................................................................................................................................................................................................................................................................................................................................................................................................................................................................................................................................................................./home/jkgpu/miniconda3/lib/python3.8/site-packages/chainer/backends/cuda.py:142: UserWarning: cuDNN is not enabled.
Please reinstall CuPy after you install cudnn
(see https://docs-cupy.chainer.org/en/stable/install.html#install-cudnn).
  warnings.warn(
/home/jkgpu/miniconda3/lib/python3.8/site-packages/chainer/_environment_check.py:70: UserWarning: 
--------------------------------------------------------------------------------
CuPy (cupy) version 8.0.0 may not be compatible with this version of Chainer.
Please consider installing the supported version by running:
  $ pip install 'cupy>=6.3.0,<7.0.0'

See the following page for more details:
  https://docs-cupy.chainer.org/en/latest/install.html
--------------------------------------------------------------------------------

  warnings.warn(msg.format(
 
==========================================================================================
Finished basinhopping of  /home/jkgpu/HVQE/data/kagome/periodic/own_graph/opl/energy/3x2 at 2020-12-25 18:33:53.733474 UTC, with
 
{'path': '/home/jkgpu/HVQE/data/kagome/periodic/own_graph/opl/energy/3x2', 'n_par': 68, 'par_multiplicity': 9, 'n_iter': 0, 'cost_fn': 'energy', 'temperature': 1.0, 'stepsize': 1.0, 'init_par': None, 'dump_interval': None}
init_par = [-9.452958097600861e-05, -0.00029504051863255736, 0.00011249061497972451, 0.00012154776892947831, -0.0002392404867700546, -0.0001221664245306656, -0.00036698189545390536, -0.00032186891953402705, 0.00022418294681181684, 0.00036797857264016633, 0.0004084482536895382, -6.67060314713993e-05, -9.407707203842289e-05, 0.0003117688853849813, 0.00040193720794233165, 0.00020524798371435778, -0.00030388931021542854, 7.517890734531863e-05, 0.00038053698396800213, -9.581080352999096e-05, 0.00014436648327283814, -0.00021902304522485586, 0.0003304193705397922, -0.00037000358453497195, 0.00030665038286255557, -8.13285819014698e-06, 0.00044668125773170066, -0.00046456494583934683, -0.000323391449441096, -2.6383638127319155e-05, -0.00014599384759387315, 0.0002805632157802276, 0.00020026447156349075, 0.00042797376311783195, 0.00013166756697923691, -6.037148695643956e-05, -0.00010486663137039434, -0.00016408679554567342, 0.00036595511511064644, -4.49680715509545e-05, 0.00046578379260208964, -0.0004908639815440084, -0.0001005748456013077, 0.00034917707903642876, -0.00019422383007860003, -0.0004661747872683725, 0.0003389883228882767, -0.0004503956546413468, -0.0004364688071929076, -0.00036617587184308346, 0.00021954196483638913, 0.0003554776272161228, -0.0002526052618346255, 6.396623211773632e-05, 0.0004614071054936227, -0.00045281330575594117, -0.00045668296868090874, 0.0004249172000600549, -0.00021271938901484334, 0.00035596149246674893, 0.0003943817917162882, -0.00011238322500012809, -0.00021632652047614545, -0.00016623677474742095, 0.00031355019781414484, -0.00031687488762076, 0.00013216729122963956, 0.0004115447430004352]
 
RESULTS:
--------
E_VQE = -7.9903275514411165
inf_VQE = 0.4588356057567661
n_fn_calls = 1249
Wall-clock time 4.251121152242025 hours
 
For more output, see /home/jkgpu/HVQE/data/kagome/periodic/own_graph/opl/energy/3x2/output.txt
Plots of output saved in /home/jkgpu/HVQE/data/kagome/periodic/own_graph/opl/energy/3x2
End of HVQE.py
==========================================================================================
CuPy installation found, continuing using GPU acceleration.
having the CPUs {8, 9, 10, 6} available.
Started basinhopping at 2020-12-25 18:34:01.685399 UTC, with
command line arguments = {'path': '/home/jkgpu/HVQE/data/kagome/periodic/own_graph/opl/energy/3x2', 'n_par': 72, 'par_multiplicity': 9, 'n_iter': 0, 'cost_fn': 'energy', 'temperature': 1.0, 'stepsize': 1.0, 'init_par': None, 'dump_interval': None}
runtime variables =  {'GPU': True, 'date_start': '2020-12-25 18:34:01.685399', 'complete_graph': [(0, 6), (2, 8), (4, 10), (12, 9), (14, 11), (16, 7), (15, 1), (17, 3), (13, 5), (1, 6), (3, 8), (5, 10), (7, 12), (9, 14), (11, 16), (13, 0), (15, 2), (17, 4), (1, 2), (3, 4), (5, 0), (8, 12), (10, 14), (6, 16), (7, 13), (9, 15), (11, 17), (0, 1), (2, 3), (4, 5), (6, 7), (8, 9), (10, 11), (12, 13), (14, 15), (16, 17)], 'init_layer': [(0, 1), (2, 3), (4, 5), (6, 7), (8, 9), (10, 11), (12, 13), (14, 15), (16, 17)], 'layers': [[(0, 6), (2, 8), (4, 10), (12, 9), (14, 11), (16, 7), (15, 1), (17, 3), (13, 5)], [(1, 6), (3, 8), (5, 10), (7, 12), (9, 14), (11, 16), (13, 0), (15, 2), (17, 4)], [(1, 2), (3, 4), (5, 0), (8, 12), (10, 14), (6, 16), (7, 13), (9, 15), (11, 17)], [(0, 1), (2, 3), (4, 5), (6, 7), (8, 9), (10, 11), (12, 13), (14, 15), (16, 17)]], 'n': 18}
....................................................................................................................................................................................................................................................................................................................................................................................................................................................................................................................................................................................................................../home/jkgpu/miniconda3/lib/python3.8/site-packages/chainer/backends/cuda.py:142: UserWarning: cuDNN is not enabled.
Please reinstall CuPy after you install cudnn
(see https://docs-cupy.chainer.org/en/stable/install.html#install-cudnn).
  warnings.warn(
/home/jkgpu/miniconda3/lib/python3.8/site-packages/chainer/_environment_check.py:70: UserWarning: 
--------------------------------------------------------------------------------
CuPy (cupy) version 8.0.0 may not be compatible with this version of Chainer.
Please consider installing the supported version by running:
  $ pip install 'cupy>=6.3.0,<7.0.0'

See the following page for more details:
  https://docs-cupy.chainer.org/en/latest/install.html
--------------------------------------------------------------------------------

  warnings.warn(msg.format(
 
==========================================================================================
Finished basinhopping of  /home/jkgpu/HVQE/data/kagome/periodic/own_graph/opl/energy/3x2 at 2020-12-25 20:25:35.206470 UTC, with
 
{'path': '/home/jkgpu/HVQE/data/kagome/periodic/own_graph/opl/energy/3x2', 'n_par': 72, 'par_multiplicity': 9, 'n_iter': 0, 'cost_fn': 'energy', 'temperature': 1.0, 'stepsize': 1.0, 'init_par': None, 'dump_interval': None}
init_par = [-0.00020516764556192572, -7.644894692731175e-05, -0.00036679182476614914, -0.00041894593180237093, 0.00013407287581551814, -0.0001260342822219328, 0.0003385746044309325, -0.00012846452976489564, 0.00039379496923339964, -0.0002333271105945044, -0.00029389144239277097, 0.00013797368677726256, 0.00032692683799797294, 0.0001903785645177052, -0.00021765883252627618, -0.00010901202564120917, 0.00047736449245617814, -4.382042052675835e-06, 0.00036784197720693315, -0.00040277108748682335, 0.00020757585379752844, -9.63439823775616e-05, 3.5980121562065445e-06, -0.00015726691186043176, -0.000226512317684881, -0.0004742539458340548, 9.44701205547393e-05, 6.998353189202936e-05, -0.00021509300826374214, 0.0003462788072700286, 0.0004787818893323716, -0.00014665982553662126, -0.0002211457136902072, 0.00023466869342453063, -0.00013489601504477854, 0.00017671664520492285, 0.0002902757629762885, -0.00046425874361575084, 0.00015230057343157324, 0.0003994947213772041, 0.0003763460711812668, -0.00031900276884742256, -0.0003297203375388843, 0.00041310069187091127, 0.0001870383802137543, 1.0456961592511505e-05, 0.00028923322972205427, -0.00030955140963070726, -0.0003983703005622331, -0.0002770308063730258, 0.0003371910827512885, 0.00035424105697704606, 0.0001274033417224034, 0.0002963938714705675, -0.000182991557781556, 0.00011236217846565487, -3.7212670107954595e-05, -4.542249578565237e-05, 0.0001309022443688252, -0.0001423080378894489, 4.1828699749899456e-05, -8.963041945540974e-05, 4.9400486699833004e-05, 0.0002323672920343182, 4.360113827020311e-05, 0.00022734207483288322, 4.197304210708805e-05, 0.0003803645319619915, 0.0002383689378525158, -0.00019439479283745852, -0.00047983676067767545, 5.554649165731562e-05]
 
RESULTS:
--------
E_VQE = -7.9936281095619774
inf_VQE = 0.4565433776544072
n_fn_calls = 598
Wall-clock time 1.8588272892766529 hours
 
For more output, see /home/jkgpu/HVQE/data/kagome/periodic/own_graph/opl/energy/3x2/output.txt
Plots of output saved in /home/jkgpu/HVQE/data/kagome/periodic/own_graph/opl/energy/3x2
End of HVQE.py
==========================================================================================
CuPy installation found, continuing using GPU acceleration.
having the CPUs {8, 9, 10, 6} available.
Started basinhopping at 2020-12-25 20:25:42.844678 UTC, with
command line arguments = {'path': '/home/jkgpu/HVQE/data/kagome/periodic/own_graph/opl/energy/3x2', 'n_par': 76, 'par_multiplicity': 9, 'n_iter': 0, 'cost_fn': 'energy', 'temperature': 1.0, 'stepsize': 1.0, 'init_par': None, 'dump_interval': None}
runtime variables =  {'GPU': True, 'date_start': '2020-12-25 20:25:42.844678', 'complete_graph': [(0, 6), (2, 8), (4, 10), (12, 9), (14, 11), (16, 7), (15, 1), (17, 3), (13, 5), (1, 6), (3, 8), (5, 10), (7, 12), (9, 14), (11, 16), (13, 0), (15, 2), (17, 4), (1, 2), (3, 4), (5, 0), (8, 12), (10, 14), (6, 16), (7, 13), (9, 15), (11, 17), (0, 1), (2, 3), (4, 5), (6, 7), (8, 9), (10, 11), (12, 13), (14, 15), (16, 17)], 'init_layer': [(0, 1), (2, 3), (4, 5), (6, 7), (8, 9), (10, 11), (12, 13), (14, 15), (16, 17)], 'layers': [[(0, 6), (2, 8), (4, 10), (12, 9), (14, 11), (16, 7), (15, 1), (17, 3), (13, 5)], [(1, 6), (3, 8), (5, 10), (7, 12), (9, 14), (11, 16), (13, 0), (15, 2), (17, 4)], [(1, 2), (3, 4), (5, 0), (8, 12), (10, 14), (6, 16), (7, 13), (9, 15), (11, 17)], [(0, 1), (2, 3), (4, 5), (6, 7), (8, 9), (10, 11), (12, 13), (14, 15), (16, 17)]], 'n': 18}
........................................................................................................................................................................................................................................................................................................................................................................................................................................................................................................................................................................................................................................................................................................................................................................................................................................................................................................................................................................................................................................................................../home/jkgpu/miniconda3/lib/python3.8/site-packages/chainer/backends/cuda.py:142: UserWarning: cuDNN is not enabled.
Please reinstall CuPy after you install cudnn
(see https://docs-cupy.chainer.org/en/stable/install.html#install-cudnn).
  warnings.warn(
/home/jkgpu/miniconda3/lib/python3.8/site-packages/chainer/_environment_check.py:70: UserWarning: 
--------------------------------------------------------------------------------
CuPy (cupy) version 8.0.0 may not be compatible with this version of Chainer.
Please consider installing the supported version by running:
  $ pip install 'cupy>=6.3.0,<7.0.0'

See the following page for more details:
  https://docs-cupy.chainer.org/en/latest/install.html
--------------------------------------------------------------------------------

  warnings.warn(msg.format(
 
==========================================================================================
Finished basinhopping of  /home/jkgpu/HVQE/data/kagome/periodic/own_graph/opl/energy/3x2 at 2020-12-25 23:49:10.596333 UTC, with
 
{'path': '/home/jkgpu/HVQE/data/kagome/periodic/own_graph/opl/energy/3x2', 'n_par': 76, 'par_multiplicity': 9, 'n_iter': 0, 'cost_fn': 'energy', 'temperature': 1.0, 'stepsize': 1.0, 'init_par': None, 'dump_interval': None}
init_par = [-0.00014565258290898353, -0.0002880573249508095, 0.000405896211194891, 0.00014462405110831082, -4.7324507247031335e-05, -0.0004631636485798888, 7.210360723593407e-05, 0.00041171038081788485, -0.00023876340735540978, 0.0001815989945849945, -0.0004963965445001591, 0.00043541061733145723, -0.00034606634517761605, 1.999553508835511e-05, -0.0003257923292988304, 0.000430077321110805, 0.00048318218911053146, -0.0003817399873999454, 2.3044352806556707e-05, -0.00041096477791578083, 0.00040189741472632795, 0.0003223052833157563, 0.00023963018296894708, -0.0003913973692045689, -0.000208873953957485, -1.8702528972616792e-07, -0.00048430869185387695, -0.000264041295294134, -0.0004295513608292816, -3.532468319023896e-05, 0.000349060874830277, 0.000440335279453043, -0.00030722475759181864, -0.0004872641891574855, 0.00028636903291914275, 0.00020864432158356058, -0.0004012613481407308, 0.00013843474934556064, 0.0002683159347094769, 0.00038923493401588224, -0.00035533439519708167, 0.0004942271156133499, 0.00029792506900674627, -0.00028048698939518366, 0.00021326732552480628, -0.000496502116544945, 0.00035601667875418764, 7.307755065209072e-05, 0.00025883027998087403, 0.0004477692975863712, -0.00015259647618432658, -0.00014302075717063868, 7.590852532696267e-05, 0.00025589724009420964, 7.023138702503466e-06, 0.00020667914281450608, 5.478189410793185e-05, -0.00047849395705700507, -0.0002243174665477589, -0.00025625181629476825, 6.993351263030149e-05, 0.0001683869236465402, 5.0715841589232336e-05, 0.0004861327677406573, -7.742715939345967e-05, -0.000319250126073358, -0.0001279050395092781, 0.0001700167784996049, -5.7238268882513405e-05, 0.00012147867247794763, -0.00026377382518887364, -0.00040911562074204255, 0.0003613217607365027, -0.00029546127002592627, 0.0004774865635080528, 4.0420041510312544e-05]
 
RESULTS:
--------
E_VQE = -7.992156967634059
inf_VQE = 0.458701594461672
n_fn_calls = 1034
Wall-clock time 3.3905137078629597 hours
 
For more output, see /home/jkgpu/HVQE/data/kagome/periodic/own_graph/opl/energy/3x2/output.txt
Plots of output saved in /home/jkgpu/HVQE/data/kagome/periodic/own_graph/opl/energy/3x2
End of HVQE.py
==========================================================================================
CuPy installation found, continuing using GPU acceleration.
having the CPUs {8, 9, 10, 6} available.
Started basinhopping at 2020-12-25 23:49:18.366997 UTC, with
command line arguments = {'path': '/home/jkgpu/HVQE/data/kagome/periodic/own_graph/opl/energy/3x2', 'n_par': 80, 'par_multiplicity': 9, 'n_iter': 0, 'cost_fn': 'energy', 'temperature': 1.0, 'stepsize': 1.0, 'init_par': None, 'dump_interval': None}
runtime variables =  {'GPU': True, 'date_start': '2020-12-25 23:49:18.366997', 'complete_graph': [(0, 6), (2, 8), (4, 10), (12, 9), (14, 11), (16, 7), (15, 1), (17, 3), (13, 5), (1, 6), (3, 8), (5, 10), (7, 12), (9, 14), (11, 16), (13, 0), (15, 2), (17, 4), (1, 2), (3, 4), (5, 0), (8, 12), (10, 14), (6, 16), (7, 13), (9, 15), (11, 17), (0, 1), (2, 3), (4, 5), (6, 7), (8, 9), (10, 11), (12, 13), (14, 15), (16, 17)], 'init_layer': [(0, 1), (2, 3), (4, 5), (6, 7), (8, 9), (10, 11), (12, 13), (14, 15), (16, 17)], 'layers': [[(0, 6), (2, 8), (4, 10), (12, 9), (14, 11), (16, 7), (15, 1), (17, 3), (13, 5)], [(1, 6), (3, 8), (5, 10), (7, 12), (9, 14), (11, 16), (13, 0), (15, 2), (17, 4)], [(1, 2), (3, 4), (5, 0), (8, 12), (10, 14), (6, 16), (7, 13), (9, 15), (11, 17)], [(0, 1), (2, 3), (4, 5), (6, 7), (8, 9), (10, 11), (12, 13), (14, 15), (16, 17)]], 'n': 18}
.................................................................................................................................................................................................................................................................................................................................................................................................................................................................................................................................................................................................................................................................................................................................................................................................................................................................................................................................................................................................../home/jkgpu/miniconda3/lib/python3.8/site-packages/chainer/backends/cuda.py:142: UserWarning: cuDNN is not enabled.
Please reinstall CuPy after you install cudnn
(see https://docs-cupy.chainer.org/en/stable/install.html#install-cudnn).
  warnings.warn(
/home/jkgpu/miniconda3/lib/python3.8/site-packages/chainer/_environment_check.py:70: UserWarning: 
--------------------------------------------------------------------------------
CuPy (cupy) version 8.0.0 may not be compatible with this version of Chainer.
Please consider installing the supported version by running:
  $ pip install 'cupy>=6.3.0,<7.0.0'

See the following page for more details:
  https://docs-cupy.chainer.org/en/latest/install.html
--------------------------------------------------------------------------------

  warnings.warn(msg.format(
 
==========================================================================================
Finished basinhopping of  /home/jkgpu/HVQE/data/kagome/periodic/own_graph/opl/energy/3x2 at 2020-12-26 03:09:18.288971 UTC, with
 
{'path': '/home/jkgpu/HVQE/data/kagome/periodic/own_graph/opl/energy/3x2', 'n_par': 80, 'par_multiplicity': 9, 'n_iter': 0, 'cost_fn': 'energy', 'temperature': 1.0, 'stepsize': 1.0, 'init_par': None, 'dump_interval': None}
init_par = [0.0001608361183428784, -0.00037191790863298096, -0.0001745513866257541, 0.000383127253221513, 0.0002874408413252275, 0.0002625207454908584, -0.0004226838897807063, -0.00019890488287000819, -0.00037417334679648616, -0.0001534413927766145, -0.00028594606130583967, -0.00028852456484173303, 1.2458432194777276e-05, -0.00035186649557547334, -0.00013014496551806844, -0.0002772805271565493, -5.2179229675168224e-05, -0.0003147388759339111, 0.0004451942566082921, -0.0002980917320212317, -0.0004972967982395251, 0.0001103353749085914, 0.000464722523732891, 8.660558596639836e-05, 0.0002618055917629902, -2.8021448581130447e-05, 0.00043357193303367354, -0.0004018158090783797, -0.0001130075779214933, 0.0004025808120495473, 4.975054437354233e-05, 0.000389752200822687, -0.0004492156441793086, -0.00036783713892340857, -0.00010967302684759182, -0.00017496835919769493, -0.00047793294036021697, 0.0004637782623457946, -1.2783481980621365e-06, 0.0002444504289771601, -0.00038648331891418176, 0.0003119543567295334, -0.0004860097523483144, 0.0001917725838586821, 0.0004948438455829073, 0.000493886263348815, 0.0004851888698684211, -0.0002901089241834953, -0.0003882002394798356, 0.00033156556758699187, 0.00034418102640731215, -0.00025791644992989213, -0.0003806674156624091, 0.00025832263023727097, -0.00030946604253459064, -0.0002210823850713574, 2.0772724872050036e-05, 0.0001110975300049195, -2.2268307208759934e-05, 0.00012279859096913574, -0.00033528693767598185, -0.0004681041467892394, -0.0002406719604383658, -0.00042294275035840805, 0.00031124731749003097, -0.0003985975947198941, 0.0004877220672087142, 0.0003059885931484961, -0.00017322208136613573, -8.886239397498755e-05, 0.000404093441008554, -0.0002664914497993589, -0.00012953850447793014, -0.00011716637354493775, 0.00042908975797053964, 0.00013854283385252486, -4.1121181452732805e-05, 0.0002131657803997784, -0.00010653232084247266, 0.0004293386270908657]
 
RESULTS:
--------
E_VQE = -7.992512705406827
inf_VQE = 0.4565667126806512
n_fn_calls = 963
Wall-clock time 3.332762548327446 hours
 
For more output, see /home/jkgpu/HVQE/data/kagome/periodic/own_graph/opl/energy/3x2/output.txt
Plots of output saved in /home/jkgpu/HVQE/data/kagome/periodic/own_graph/opl/energy/3x2
End of HVQE.py
==========================================================================================
