CuPy installation found, continuing using GPU acceleration.
having the CPUs {9, 11, 5, 7} available.
Started basinhopping at 2020-12-25 00:20:44.365655 UTC, with
command line arguments = {'path': '/home/jkgpu/HVQE/data/kagome/periodic/own_graph/opl/energy/3x2', 'n_par': 4, 'par_multiplicity': 9, 'n_iter': 0, 'cost_fn': 'energy', 'temperature': 1.0, 'stepsize': 1.0, 'init_par': None, 'dump_interval': None}
runtime variables =  {'GPU': True, 'date_start': '2020-12-25 00:20:44.365655', 'complete_graph': [(0, 6), (2, 8), (4, 10), (12, 9), (14, 11), (16, 7), (15, 1), (17, 3), (13, 5), (1, 6), (3, 8), (5, 10), (7, 12), (9, 14), (11, 16), (13, 0), (15, 2), (17, 4), (1, 2), (3, 4), (5, 0), (8, 12), (10, 14), (6, 16), (7, 13), (9, 15), (11, 17), (0, 1), (2, 3), (4, 5), (6, 7), (8, 9), (10, 11), (12, 13), (14, 15), (16, 17)], 'init_layer': [(0, 1), (2, 3), (4, 5), (6, 7), (8, 9), (10, 11), (12, 13), (14, 15), (16, 17)], 'layers': [[(0, 6), (2, 8), (4, 10), (12, 9), (14, 11), (16, 7), (15, 1), (17, 3), (13, 5)], [(1, 6), (3, 8), (5, 10), (7, 12), (9, 14), (11, 16), (13, 0), (15, 2), (17, 4)], [(1, 2), (3, 4), (5, 0), (8, 12), (10, 14), (6, 16), (7, 13), (9, 15), (11, 17)], [(0, 1), (2, 3), (4, 5), (6, 7), (8, 9), (10, 11), (12, 13), (14, 15), (16, 17)]], 'n': 18}
...................................../home/jkgpu/miniconda3/lib/python3.8/site-packages/chainer/backends/cuda.py:142: UserWarning: cuDNN is not enabled.
Please reinstall CuPy after you install cudnn
(see https://docs-cupy.chainer.org/en/stable/install.html#install-cudnn).
  warnings.warn(
/home/jkgpu/miniconda3/lib/python3.8/site-packages/chainer/_environment_check.py:70: UserWarning: 
--------------------------------------------------------------------------------
CuPy (cupy) version 8.0.0 may not be compatible with this version of Chainer.
Please consider installing the supported version by running:
  $ pip install 'cupy>=6.3.0,<7.0.0'

See the following page for more details:
  https://docs-cupy.chainer.org/en/latest/install.html
--------------------------------------------------------------------------------

  warnings.warn(msg.format(
 
==========================================================================================
Finished basinhopping of  /home/jkgpu/HVQE/data/kagome/periodic/own_graph/opl/energy/3x2 at 2020-12-25 00:21:15.461639 UTC, with
 
{'path': '/home/jkgpu/HVQE/data/kagome/periodic/own_graph/opl/energy/3x2', 'n_par': 4, 'par_multiplicity': 9, 'n_iter': 0, 'cost_fn': 'energy', 'temperature': 1.0, 'stepsize': 1.0, 'init_par': None, 'dump_interval': None}
init_par = [0.0003899416749074536, -7.523244200410492e-06, 0.00015531128818617001, -0.00035136287478706763]
 
RESULTS:
--------
E_VQE = -7.524600285243705
inf_VQE = 0.8400222526469563
n_fn_calls = 37
Wall-clock time 0.008504981795946756 hours
 
For more output, see /home/jkgpu/HVQE/data/kagome/periodic/own_graph/opl/energy/3x2/output.txt
Plots of output saved in /home/jkgpu/HVQE/data/kagome/periodic/own_graph/opl/energy/3x2
End of HVQE.py
==========================================================================================
CuPy installation found, continuing using GPU acceleration.
having the CPUs {9, 11, 5, 7} available.
Started basinhopping at 2020-12-25 00:21:22.650437 UTC, with
command line arguments = {'path': '/home/jkgpu/HVQE/data/kagome/periodic/own_graph/opl/energy/3x2', 'n_par': 8, 'par_multiplicity': 9, 'n_iter': 0, 'cost_fn': 'energy', 'temperature': 1.0, 'stepsize': 1.0, 'init_par': None, 'dump_interval': None}
runtime variables =  {'GPU': True, 'date_start': '2020-12-25 00:21:22.650437', 'complete_graph': [(0, 6), (2, 8), (4, 10), (12, 9), (14, 11), (16, 7), (15, 1), (17, 3), (13, 5), (1, 6), (3, 8), (5, 10), (7, 12), (9, 14), (11, 16), (13, 0), (15, 2), (17, 4), (1, 2), (3, 4), (5, 0), (8, 12), (10, 14), (6, 16), (7, 13), (9, 15), (11, 17), (0, 1), (2, 3), (4, 5), (6, 7), (8, 9), (10, 11), (12, 13), (14, 15), (16, 17)], 'init_layer': [(0, 1), (2, 3), (4, 5), (6, 7), (8, 9), (10, 11), (12, 13), (14, 15), (16, 17)], 'layers': [[(0, 6), (2, 8), (4, 10), (12, 9), (14, 11), (16, 7), (15, 1), (17, 3), (13, 5)], [(1, 6), (3, 8), (5, 10), (7, 12), (9, 14), (11, 16), (13, 0), (15, 2), (17, 4)], [(1, 2), (3, 4), (5, 0), (8, 12), (10, 14), (6, 16), (7, 13), (9, 15), (11, 17)], [(0, 1), (2, 3), (4, 5), (6, 7), (8, 9), (10, 11), (12, 13), (14, 15), (16, 17)]], 'n': 18}
............................................./home/jkgpu/miniconda3/lib/python3.8/site-packages/chainer/backends/cuda.py:142: UserWarning: cuDNN is not enabled.
Please reinstall CuPy after you install cudnn
(see https://docs-cupy.chainer.org/en/stable/install.html#install-cudnn).
  warnings.warn(
/home/jkgpu/miniconda3/lib/python3.8/site-packages/chainer/_environment_check.py:70: UserWarning: 
--------------------------------------------------------------------------------
CuPy (cupy) version 8.0.0 may not be compatible with this version of Chainer.
Please consider installing the supported version by running:
  $ pip install 'cupy>=6.3.0,<7.0.0'

See the following page for more details:
  https://docs-cupy.chainer.org/en/latest/install.html
--------------------------------------------------------------------------------

  warnings.warn(msg.format(
 
==========================================================================================
Finished basinhopping of  /home/jkgpu/HVQE/data/kagome/periodic/own_graph/opl/energy/3x2 at 2020-12-25 00:22:25.652717 UTC, with
 
{'path': '/home/jkgpu/HVQE/data/kagome/periodic/own_graph/opl/energy/3x2', 'n_par': 8, 'par_multiplicity': 9, 'n_iter': 0, 'cost_fn': 'energy', 'temperature': 1.0, 'stepsize': 1.0, 'init_par': None, 'dump_interval': None}
init_par = [-0.00044188399430858253, 6.224615302406538e-05, 0.00034854305313263836, -0.0003386236751523576, -0.00028401200436674513, 0.00038276377136839455, -2.6500581357986376e-05, -0.00030118318846443173]
 
RESULTS:
--------
E_VQE = -7.66291033241634
inf_VQE = 0.7381816652358169
n_fn_calls = 45
Wall-clock time 0.017345251176092362 hours
 
For more output, see /home/jkgpu/HVQE/data/kagome/periodic/own_graph/opl/energy/3x2/output.txt
Plots of output saved in /home/jkgpu/HVQE/data/kagome/periodic/own_graph/opl/energy/3x2
End of HVQE.py
==========================================================================================
CuPy installation found, continuing using GPU acceleration.
having the CPUs {9, 11, 5, 7} available.
Started basinhopping at 2020-12-25 00:22:32.776493 UTC, with
command line arguments = {'path': '/home/jkgpu/HVQE/data/kagome/periodic/own_graph/opl/energy/3x2', 'n_par': 12, 'par_multiplicity': 9, 'n_iter': 0, 'cost_fn': 'energy', 'temperature': 1.0, 'stepsize': 1.0, 'init_par': None, 'dump_interval': None}
runtime variables =  {'GPU': True, 'date_start': '2020-12-25 00:22:32.776493', 'complete_graph': [(0, 6), (2, 8), (4, 10), (12, 9), (14, 11), (16, 7), (15, 1), (17, 3), (13, 5), (1, 6), (3, 8), (5, 10), (7, 12), (9, 14), (11, 16), (13, 0), (15, 2), (17, 4), (1, 2), (3, 4), (5, 0), (8, 12), (10, 14), (6, 16), (7, 13), (9, 15), (11, 17), (0, 1), (2, 3), (4, 5), (6, 7), (8, 9), (10, 11), (12, 13), (14, 15), (16, 17)], 'init_layer': [(0, 1), (2, 3), (4, 5), (6, 7), (8, 9), (10, 11), (12, 13), (14, 15), (16, 17)], 'layers': [[(0, 6), (2, 8), (4, 10), (12, 9), (14, 11), (16, 7), (15, 1), (17, 3), (13, 5)], [(1, 6), (3, 8), (5, 10), (7, 12), (9, 14), (11, 16), (13, 0), (15, 2), (17, 4)], [(1, 2), (3, 4), (5, 0), (8, 12), (10, 14), (6, 16), (7, 13), (9, 15), (11, 17)], [(0, 1), (2, 3), (4, 5), (6, 7), (8, 9), (10, 11), (12, 13), (14, 15), (16, 17)]], 'n': 18}
.................................................................../home/jkgpu/miniconda3/lib/python3.8/site-packages/chainer/backends/cuda.py:142: UserWarning: cuDNN is not enabled.
Please reinstall CuPy after you install cudnn
(see https://docs-cupy.chainer.org/en/stable/install.html#install-cudnn).
  warnings.warn(
/home/jkgpu/miniconda3/lib/python3.8/site-packages/chainer/_environment_check.py:70: UserWarning: 
--------------------------------------------------------------------------------
CuPy (cupy) version 8.0.0 may not be compatible with this version of Chainer.
Please consider installing the supported version by running:
  $ pip install 'cupy>=6.3.0,<7.0.0'

See the following page for more details:
  https://docs-cupy.chainer.org/en/latest/install.html
--------------------------------------------------------------------------------

  warnings.warn(msg.format(
 
==========================================================================================
Finished basinhopping of  /home/jkgpu/HVQE/data/kagome/periodic/own_graph/opl/energy/3x2 at 2020-12-25 00:24:45.959449 UTC, with
 
{'path': '/home/jkgpu/HVQE/data/kagome/periodic/own_graph/opl/energy/3x2', 'n_par': 12, 'par_multiplicity': 9, 'n_iter': 0, 'cost_fn': 'energy', 'temperature': 1.0, 'stepsize': 1.0, 'init_par': None, 'dump_interval': None}
init_par = [-0.00028039499850695464, 0.00041645734761475237, -0.00046983407774971896, -6.860237219192145e-05, -0.0002983329087554937, -0.0003446545985329238, -0.00029710431086757617, 0.00026316889969885105, -0.00030317995888924534, -5.710079933804392e-06, 0.0002600548615593649, 0.00015569504516362346]
 
RESULTS:
--------
E_VQE = -7.689266574106388
inf_VQE = 0.7111163280199788
n_fn_calls = 67
Wall-clock time 0.03681542800532447 hours
 
For more output, see /home/jkgpu/HVQE/data/kagome/periodic/own_graph/opl/energy/3x2/output.txt
Plots of output saved in /home/jkgpu/HVQE/data/kagome/periodic/own_graph/opl/energy/3x2
End of HVQE.py
==========================================================================================
CuPy installation found, continuing using GPU acceleration.
having the CPUs {9, 11, 5, 7} available.
Started basinhopping at 2020-12-25 00:24:53.508184 UTC, with
command line arguments = {'path': '/home/jkgpu/HVQE/data/kagome/periodic/own_graph/opl/energy/3x2', 'n_par': 16, 'par_multiplicity': 9, 'n_iter': 0, 'cost_fn': 'energy', 'temperature': 1.0, 'stepsize': 1.0, 'init_par': None, 'dump_interval': None}
runtime variables =  {'GPU': True, 'date_start': '2020-12-25 00:24:53.508184', 'complete_graph': [(0, 6), (2, 8), (4, 10), (12, 9), (14, 11), (16, 7), (15, 1), (17, 3), (13, 5), (1, 6), (3, 8), (5, 10), (7, 12), (9, 14), (11, 16), (13, 0), (15, 2), (17, 4), (1, 2), (3, 4), (5, 0), (8, 12), (10, 14), (6, 16), (7, 13), (9, 15), (11, 17), (0, 1), (2, 3), (4, 5), (6, 7), (8, 9), (10, 11), (12, 13), (14, 15), (16, 17)], 'init_layer': [(0, 1), (2, 3), (4, 5), (6, 7), (8, 9), (10, 11), (12, 13), (14, 15), (16, 17)], 'layers': [[(0, 6), (2, 8), (4, 10), (12, 9), (14, 11), (16, 7), (15, 1), (17, 3), (13, 5)], [(1, 6), (3, 8), (5, 10), (7, 12), (9, 14), (11, 16), (13, 0), (15, 2), (17, 4)], [(1, 2), (3, 4), (5, 0), (8, 12), (10, 14), (6, 16), (7, 13), (9, 15), (11, 17)], [(0, 1), (2, 3), (4, 5), (6, 7), (8, 9), (10, 11), (12, 13), (14, 15), (16, 17)]], 'n': 18}
........................................................................................................../home/jkgpu/miniconda3/lib/python3.8/site-packages/chainer/backends/cuda.py:142: UserWarning: cuDNN is not enabled.
Please reinstall CuPy after you install cudnn
(see https://docs-cupy.chainer.org/en/stable/install.html#install-cudnn).
  warnings.warn(
/home/jkgpu/miniconda3/lib/python3.8/site-packages/chainer/_environment_check.py:70: UserWarning: 
--------------------------------------------------------------------------------
CuPy (cupy) version 8.0.0 may not be compatible with this version of Chainer.
Please consider installing the supported version by running:
  $ pip install 'cupy>=6.3.0,<7.0.0'

See the following page for more details:
  https://docs-cupy.chainer.org/en/latest/install.html
--------------------------------------------------------------------------------

  warnings.warn(msg.format(
 
==========================================================================================
Finished basinhopping of  /home/jkgpu/HVQE/data/kagome/periodic/own_graph/opl/energy/3x2 at 2020-12-25 00:29:29.644416 UTC, with
 
{'path': '/home/jkgpu/HVQE/data/kagome/periodic/own_graph/opl/energy/3x2', 'n_par': 16, 'par_multiplicity': 9, 'n_iter': 0, 'cost_fn': 'energy', 'temperature': 1.0, 'stepsize': 1.0, 'init_par': None, 'dump_interval': None}
init_par = [-0.00011645030289939641, 0.00041201196081677705, 0.00014227959705763688, -0.00018184200878156688, 0.0002467943773315195, 0.00023125536619203447, 0.00032442981531176514, -0.00025980466948152174, 0.0003083765094364666, 0.0002765379875511446, -0.00034136795757644704, -3.076600548688292e-05, -0.00033985443276600056, -2.8192516429821016e-05, -0.0003383599601006827, 3.0904375121718845e-05]
 
RESULTS:
--------
E_VQE = -7.8131465675256875
inf_VQE = 0.5699720488524495
n_fn_calls = 106
Wall-clock time 0.0764877415365643 hours
 
For more output, see /home/jkgpu/HVQE/data/kagome/periodic/own_graph/opl/energy/3x2/output.txt
Plots of output saved in /home/jkgpu/HVQE/data/kagome/periodic/own_graph/opl/energy/3x2
End of HVQE.py
==========================================================================================
CuPy installation found, continuing using GPU acceleration.
having the CPUs {9, 11, 5, 7} available.
Started basinhopping at 2020-12-25 00:29:37.083310 UTC, with
command line arguments = {'path': '/home/jkgpu/HVQE/data/kagome/periodic/own_graph/opl/energy/3x2', 'n_par': 20, 'par_multiplicity': 9, 'n_iter': 0, 'cost_fn': 'energy', 'temperature': 1.0, 'stepsize': 1.0, 'init_par': None, 'dump_interval': None}
runtime variables =  {'GPU': True, 'date_start': '2020-12-25 00:29:37.083310', 'complete_graph': [(0, 6), (2, 8), (4, 10), (12, 9), (14, 11), (16, 7), (15, 1), (17, 3), (13, 5), (1, 6), (3, 8), (5, 10), (7, 12), (9, 14), (11, 16), (13, 0), (15, 2), (17, 4), (1, 2), (3, 4), (5, 0), (8, 12), (10, 14), (6, 16), (7, 13), (9, 15), (11, 17), (0, 1), (2, 3), (4, 5), (6, 7), (8, 9), (10, 11), (12, 13), (14, 15), (16, 17)], 'init_layer': [(0, 1), (2, 3), (4, 5), (6, 7), (8, 9), (10, 11), (12, 13), (14, 15), (16, 17)], 'layers': [[(0, 6), (2, 8), (4, 10), (12, 9), (14, 11), (16, 7), (15, 1), (17, 3), (13, 5)], [(1, 6), (3, 8), (5, 10), (7, 12), (9, 14), (11, 16), (13, 0), (15, 2), (17, 4)], [(1, 2), (3, 4), (5, 0), (8, 12), (10, 14), (6, 16), (7, 13), (9, 15), (11, 17)], [(0, 1), (2, 3), (4, 5), (6, 7), (8, 9), (10, 11), (12, 13), (14, 15), (16, 17)]], 'n': 18}
............................................................................................./home/jkgpu/miniconda3/lib/python3.8/site-packages/chainer/backends/cuda.py:142: UserWarning: cuDNN is not enabled.
Please reinstall CuPy after you install cudnn
(see https://docs-cupy.chainer.org/en/stable/install.html#install-cudnn).
  warnings.warn(
/home/jkgpu/miniconda3/lib/python3.8/site-packages/chainer/_environment_check.py:70: UserWarning: 
--------------------------------------------------------------------------------
CuPy (cupy) version 8.0.0 may not be compatible with this version of Chainer.
Please consider installing the supported version by running:
  $ pip install 'cupy>=6.3.0,<7.0.0'

See the following page for more details:
  https://docs-cupy.chainer.org/en/latest/install.html
--------------------------------------------------------------------------------

  warnings.warn(msg.format(
 
==========================================================================================
Finished basinhopping of  /home/jkgpu/HVQE/data/kagome/periodic/own_graph/opl/energy/3x2 at 2020-12-25 00:34:37.740584 UTC, with
 
{'path': '/home/jkgpu/HVQE/data/kagome/periodic/own_graph/opl/energy/3x2', 'n_par': 20, 'par_multiplicity': 9, 'n_iter': 0, 'cost_fn': 'energy', 'temperature': 1.0, 'stepsize': 1.0, 'init_par': None, 'dump_interval': None}
init_par = [1.859999371844629e-05, -0.0002022414129891448, -0.00020796623487210486, 0.00027226399839072764, 0.0002687437416205367, -0.00031960374057691366, -3.193673471310501e-05, 0.0004588562233745951, 0.000301170483475854, -0.00040959641345694953, 0.00019055672477964866, -0.00020640081366750265, -0.00014090634344560008, -0.00021220414937899324, -0.0002169798293702756, 6.9812684879885486e-06, 0.00014991793232671752, -0.000196958908670279, 0.0004571945909805367, -0.00032623016279647167]
 
RESULTS:
--------
E_VQE = -7.843587980498313
inf_VQE = 0.5637372588676743
n_fn_calls = 93
Wall-clock time 0.08329382101694742 hours
 
For more output, see /home/jkgpu/HVQE/data/kagome/periodic/own_graph/opl/energy/3x2/output.txt
Plots of output saved in /home/jkgpu/HVQE/data/kagome/periodic/own_graph/opl/energy/3x2
End of HVQE.py
==========================================================================================
CuPy installation found, continuing using GPU acceleration.
having the CPUs {9, 11, 5, 7} available.
Started basinhopping at 2020-12-25 00:34:45.128954 UTC, with
command line arguments = {'path': '/home/jkgpu/HVQE/data/kagome/periodic/own_graph/opl/energy/3x2', 'n_par': 24, 'par_multiplicity': 9, 'n_iter': 0, 'cost_fn': 'energy', 'temperature': 1.0, 'stepsize': 1.0, 'init_par': None, 'dump_interval': None}
runtime variables =  {'GPU': True, 'date_start': '2020-12-25 00:34:45.128954', 'complete_graph': [(0, 6), (2, 8), (4, 10), (12, 9), (14, 11), (16, 7), (15, 1), (17, 3), (13, 5), (1, 6), (3, 8), (5, 10), (7, 12), (9, 14), (11, 16), (13, 0), (15, 2), (17, 4), (1, 2), (3, 4), (5, 0), (8, 12), (10, 14), (6, 16), (7, 13), (9, 15), (11, 17), (0, 1), (2, 3), (4, 5), (6, 7), (8, 9), (10, 11), (12, 13), (14, 15), (16, 17)], 'init_layer': [(0, 1), (2, 3), (4, 5), (6, 7), (8, 9), (10, 11), (12, 13), (14, 15), (16, 17)], 'layers': [[(0, 6), (2, 8), (4, 10), (12, 9), (14, 11), (16, 7), (15, 1), (17, 3), (13, 5)], [(1, 6), (3, 8), (5, 10), (7, 12), (9, 14), (11, 16), (13, 0), (15, 2), (17, 4)], [(1, 2), (3, 4), (5, 0), (8, 12), (10, 14), (6, 16), (7, 13), (9, 15), (11, 17)], [(0, 1), (2, 3), (4, 5), (6, 7), (8, 9), (10, 11), (12, 13), (14, 15), (16, 17)]], 'n': 18}
............................................................................................................................................/home/jkgpu/miniconda3/lib/python3.8/site-packages/chainer/backends/cuda.py:142: UserWarning: cuDNN is not enabled.
Please reinstall CuPy after you install cudnn
(see https://docs-cupy.chainer.org/en/stable/install.html#install-cudnn).
  warnings.warn(
/home/jkgpu/miniconda3/lib/python3.8/site-packages/chainer/_environment_check.py:70: UserWarning: 
--------------------------------------------------------------------------------
CuPy (cupy) version 8.0.0 may not be compatible with this version of Chainer.
Please consider installing the supported version by running:
  $ pip install 'cupy>=6.3.0,<7.0.0'

See the following page for more details:
  https://docs-cupy.chainer.org/en/latest/install.html
--------------------------------------------------------------------------------

  warnings.warn(msg.format(
 
==========================================================================================
Finished basinhopping of  /home/jkgpu/HVQE/data/kagome/periodic/own_graph/opl/energy/3x2 at 2020-12-25 00:43:43.775955 UTC, with
 
{'path': '/home/jkgpu/HVQE/data/kagome/periodic/own_graph/opl/energy/3x2', 'n_par': 24, 'par_multiplicity': 9, 'n_iter': 0, 'cost_fn': 'energy', 'temperature': 1.0, 'stepsize': 1.0, 'init_par': None, 'dump_interval': None}
init_par = [0.00038136454502325323, -0.00011379399943347923, 0.00016274540034931452, -4.952938523723906e-05, -0.0002562101508189282, 0.00047157341954945625, 0.0002704705100414701, -5.8212214309970626e-05, 0.00013782656764492354, 0.00011535174620821856, 0.0004989505512061989, 8.671847352256096e-06, -0.000444851347991676, -0.00020011841851927815, 0.00031983754471000335, -0.00021147197332428838, -0.0003723646368150018, 0.00023533393902640753, 0.00020429555955798465, -0.0004307138582649165, 0.0004056755701499473, -9.697482848866103e-05, -0.00024270937576178163, 0.00044694388267584907]
 
RESULTS:
--------
E_VQE = -7.865300826166216
inf_VQE = 0.5246648394688667
n_fn_calls = 140
Wall-clock time 0.14936857302983603 hours
 
For more output, see /home/jkgpu/HVQE/data/kagome/periodic/own_graph/opl/energy/3x2/output.txt
Plots of output saved in /home/jkgpu/HVQE/data/kagome/periodic/own_graph/opl/energy/3x2
End of HVQE.py
==========================================================================================
CuPy installation found, continuing using GPU acceleration.
having the CPUs {9, 11, 5, 7} available.
Started basinhopping at 2020-12-25 00:43:51.298587 UTC, with
command line arguments = {'path': '/home/jkgpu/HVQE/data/kagome/periodic/own_graph/opl/energy/3x2', 'n_par': 28, 'par_multiplicity': 9, 'n_iter': 0, 'cost_fn': 'energy', 'temperature': 1.0, 'stepsize': 1.0, 'init_par': None, 'dump_interval': None}
runtime variables =  {'GPU': True, 'date_start': '2020-12-25 00:43:51.298587', 'complete_graph': [(0, 6), (2, 8), (4, 10), (12, 9), (14, 11), (16, 7), (15, 1), (17, 3), (13, 5), (1, 6), (3, 8), (5, 10), (7, 12), (9, 14), (11, 16), (13, 0), (15, 2), (17, 4), (1, 2), (3, 4), (5, 0), (8, 12), (10, 14), (6, 16), (7, 13), (9, 15), (11, 17), (0, 1), (2, 3), (4, 5), (6, 7), (8, 9), (10, 11), (12, 13), (14, 15), (16, 17)], 'init_layer': [(0, 1), (2, 3), (4, 5), (6, 7), (8, 9), (10, 11), (12, 13), (14, 15), (16, 17)], 'layers': [[(0, 6), (2, 8), (4, 10), (12, 9), (14, 11), (16, 7), (15, 1), (17, 3), (13, 5)], [(1, 6), (3, 8), (5, 10), (7, 12), (9, 14), (11, 16), (13, 0), (15, 2), (17, 4)], [(1, 2), (3, 4), (5, 0), (8, 12), (10, 14), (6, 16), (7, 13), (9, 15), (11, 17)], [(0, 1), (2, 3), (4, 5), (6, 7), (8, 9), (10, 11), (12, 13), (14, 15), (16, 17)]], 'n': 18}
......................................................................................................................../home/jkgpu/miniconda3/lib/python3.8/site-packages/chainer/backends/cuda.py:142: UserWarning: cuDNN is not enabled.
Please reinstall CuPy after you install cudnn
(see https://docs-cupy.chainer.org/en/stable/install.html#install-cudnn).
  warnings.warn(
/home/jkgpu/miniconda3/lib/python3.8/site-packages/chainer/_environment_check.py:70: UserWarning: 
--------------------------------------------------------------------------------
CuPy (cupy) version 8.0.0 may not be compatible with this version of Chainer.
Please consider installing the supported version by running:
  $ pip install 'cupy>=6.3.0,<7.0.0'

See the following page for more details:
  https://docs-cupy.chainer.org/en/latest/install.html
--------------------------------------------------------------------------------

  warnings.warn(msg.format(
 
==========================================================================================
Finished basinhopping of  /home/jkgpu/HVQE/data/kagome/periodic/own_graph/opl/energy/3x2 at 2020-12-25 00:52:49.030638 UTC, with
 
{'path': '/home/jkgpu/HVQE/data/kagome/periodic/own_graph/opl/energy/3x2', 'n_par': 28, 'par_multiplicity': 9, 'n_iter': 0, 'cost_fn': 'energy', 'temperature': 1.0, 'stepsize': 1.0, 'init_par': None, 'dump_interval': None}
init_par = [4.542107733085702e-05, -0.00045945916781342213, -0.00030685065043990203, 9.82165425558705e-05, 0.00016032371945262657, -0.00022852432503774381, -0.0004725672279237131, -0.0001100354518401995, 1.307659755956541e-05, -0.000237769252521867, -0.0002856322857575898, 6.718171201973097e-05, 0.00042594692390594455, 1.8087597494595756e-05, -0.00047774578546011705, 3.666895789090094e-05, 0.0004718843989685573, -0.00021233421129086995, -0.000364953772324233, 7.758181724923374e-06, -0.00034133770798271405, 0.00012478169295887108, 0.000248433988161163, -0.0002962888758739283, -0.000338309382623851, 9.533948686437992e-05, 4.696557989929747e-05, -0.0004688081938286719]
 
RESULTS:
--------
E_VQE = -7.961619576231092
inf_VQE = 0.48364360332944833
n_fn_calls = 120
Wall-clock time 0.14910274929470488 hours
 
For more output, see /home/jkgpu/HVQE/data/kagome/periodic/own_graph/opl/energy/3x2/output.txt
Plots of output saved in /home/jkgpu/HVQE/data/kagome/periodic/own_graph/opl/energy/3x2
End of HVQE.py
==========================================================================================
CuPy installation found, continuing using GPU acceleration.
having the CPUs {9, 11, 5, 7} available.
Started basinhopping at 2020-12-25 00:52:56.807885 UTC, with
command line arguments = {'path': '/home/jkgpu/HVQE/data/kagome/periodic/own_graph/opl/energy/3x2', 'n_par': 32, 'par_multiplicity': 9, 'n_iter': 0, 'cost_fn': 'energy', 'temperature': 1.0, 'stepsize': 1.0, 'init_par': None, 'dump_interval': None}
runtime variables =  {'GPU': True, 'date_start': '2020-12-25 00:52:56.807885', 'complete_graph': [(0, 6), (2, 8), (4, 10), (12, 9), (14, 11), (16, 7), (15, 1), (17, 3), (13, 5), (1, 6), (3, 8), (5, 10), (7, 12), (9, 14), (11, 16), (13, 0), (15, 2), (17, 4), (1, 2), (3, 4), (5, 0), (8, 12), (10, 14), (6, 16), (7, 13), (9, 15), (11, 17), (0, 1), (2, 3), (4, 5), (6, 7), (8, 9), (10, 11), (12, 13), (14, 15), (16, 17)], 'init_layer': [(0, 1), (2, 3), (4, 5), (6, 7), (8, 9), (10, 11), (12, 13), (14, 15), (16, 17)], 'layers': [[(0, 6), (2, 8), (4, 10), (12, 9), (14, 11), (16, 7), (15, 1), (17, 3), (13, 5)], [(1, 6), (3, 8), (5, 10), (7, 12), (9, 14), (11, 16), (13, 0), (15, 2), (17, 4)], [(1, 2), (3, 4), (5, 0), (8, 12), (10, 14), (6, 16), (7, 13), (9, 15), (11, 17)], [(0, 1), (2, 3), (4, 5), (6, 7), (8, 9), (10, 11), (12, 13), (14, 15), (16, 17)]], 'n': 18}
.................................................................................................................................................................................................................../home/jkgpu/miniconda3/lib/python3.8/site-packages/chainer/backends/cuda.py:142: UserWarning: cuDNN is not enabled.
Please reinstall CuPy after you install cudnn
(see https://docs-cupy.chainer.org/en/stable/install.html#install-cudnn).
  warnings.warn(
/home/jkgpu/miniconda3/lib/python3.8/site-packages/chainer/_environment_check.py:70: UserWarning: 
--------------------------------------------------------------------------------
CuPy (cupy) version 8.0.0 may not be compatible with this version of Chainer.
Please consider installing the supported version by running:
  $ pip install 'cupy>=6.3.0,<7.0.0'

See the following page for more details:
  https://docs-cupy.chainer.org/en/latest/install.html
--------------------------------------------------------------------------------

  warnings.warn(msg.format(
 
==========================================================================================
Finished basinhopping of  /home/jkgpu/HVQE/data/kagome/periodic/own_graph/opl/energy/3x2 at 2020-12-25 01:10:46.406745 UTC, with
 
{'path': '/home/jkgpu/HVQE/data/kagome/periodic/own_graph/opl/energy/3x2', 'n_par': 32, 'par_multiplicity': 9, 'n_iter': 0, 'cost_fn': 'energy', 'temperature': 1.0, 'stepsize': 1.0, 'init_par': None, 'dump_interval': None}
init_par = [-0.0002836190891756765, 6.067233204698507e-06, -9.459298963193229e-05, 0.00035960836556338683, -0.00020412823040293694, 0.00015482587100425086, 0.0003895282296413076, 0.00032479250085435166, 0.0002811156164173826, 0.00016993916901978778, 0.00011091743033383897, 0.00042646849939069616, 0.00042709509577601933, -4.3989575268951536e-05, 0.00033767912478118085, -0.00039386675438895727, -1.861469074683345e-05, -0.0003668944533281325, -0.00029667082931789535, -0.0002934843141698065, -3.161179269111302e-05, 5.433854474172137e-05, -0.00047207041253503445, 2.517793113417479e-05, 0.00010630893894380633, -0.0004084147290991897, 0.00013485699002451477, 0.0004409561587328069, 0.000136179360863484, 2.5617889110385165e-05, -0.0004925202354571762, -0.00037084550290755904]
 
RESULTS:
--------
E_VQE = -7.954200399472992
inf_VQE = 0.4935923738666834
n_fn_calls = 211
Wall-clock time 0.29682165741920474 hours
 
For more output, see /home/jkgpu/HVQE/data/kagome/periodic/own_graph/opl/energy/3x2/output.txt
Plots of output saved in /home/jkgpu/HVQE/data/kagome/periodic/own_graph/opl/energy/3x2
End of HVQE.py
==========================================================================================
CuPy installation found, continuing using GPU acceleration.
having the CPUs {9, 11, 5, 7} available.
Started basinhopping at 2020-12-25 01:10:53.346218 UTC, with
command line arguments = {'path': '/home/jkgpu/HVQE/data/kagome/periodic/own_graph/opl/energy/3x2', 'n_par': 36, 'par_multiplicity': 9, 'n_iter': 0, 'cost_fn': 'energy', 'temperature': 1.0, 'stepsize': 1.0, 'init_par': None, 'dump_interval': None}
runtime variables =  {'GPU': True, 'date_start': '2020-12-25 01:10:53.346218', 'complete_graph': [(0, 6), (2, 8), (4, 10), (12, 9), (14, 11), (16, 7), (15, 1), (17, 3), (13, 5), (1, 6), (3, 8), (5, 10), (7, 12), (9, 14), (11, 16), (13, 0), (15, 2), (17, 4), (1, 2), (3, 4), (5, 0), (8, 12), (10, 14), (6, 16), (7, 13), (9, 15), (11, 17), (0, 1), (2, 3), (4, 5), (6, 7), (8, 9), (10, 11), (12, 13), (14, 15), (16, 17)], 'init_layer': [(0, 1), (2, 3), (4, 5), (6, 7), (8, 9), (10, 11), (12, 13), (14, 15), (16, 17)], 'layers': [[(0, 6), (2, 8), (4, 10), (12, 9), (14, 11), (16, 7), (15, 1), (17, 3), (13, 5)], [(1, 6), (3, 8), (5, 10), (7, 12), (9, 14), (11, 16), (13, 0), (15, 2), (17, 4)], [(1, 2), (3, 4), (5, 0), (8, 12), (10, 14), (6, 16), (7, 13), (9, 15), (11, 17)], [(0, 1), (2, 3), (4, 5), (6, 7), (8, 9), (10, 11), (12, 13), (14, 15), (16, 17)]], 'n': 18}
........................................................................................................................................................................................................................................................................................................................................................................................................................./home/jkgpu/miniconda3/lib/python3.8/site-packages/chainer/backends/cuda.py:142: UserWarning: cuDNN is not enabled.
Please reinstall CuPy after you install cudnn
(see https://docs-cupy.chainer.org/en/stable/install.html#install-cudnn).
  warnings.warn(
/home/jkgpu/miniconda3/lib/python3.8/site-packages/chainer/_environment_check.py:70: UserWarning: 
--------------------------------------------------------------------------------
CuPy (cupy) version 8.0.0 may not be compatible with this version of Chainer.
Please consider installing the supported version by running:
  $ pip install 'cupy>=6.3.0,<7.0.0'

See the following page for more details:
  https://docs-cupy.chainer.org/en/latest/install.html
--------------------------------------------------------------------------------

  warnings.warn(msg.format(
 
==========================================================================================
Finished basinhopping of  /home/jkgpu/HVQE/data/kagome/periodic/own_graph/opl/energy/3x2 at 2020-12-25 01:49:30.282737 UTC, with
 
{'path': '/home/jkgpu/HVQE/data/kagome/periodic/own_graph/opl/energy/3x2', 'n_par': 36, 'par_multiplicity': 9, 'n_iter': 0, 'cost_fn': 'energy', 'temperature': 1.0, 'stepsize': 1.0, 'init_par': None, 'dump_interval': None}
init_par = [0.00017865882625403985, 4.2078291785197755e-05, 0.00034607161253672196, 0.00015894666568290906, 0.00030058099171936976, -0.0004463558934548536, 0.0003548377516167817, -0.00028446938424930195, -5.705403277877862e-05, 0.0004900289507785744, -6.184711989169658e-05, -0.0004522780895426104, 0.00040334247380070397, -0.0003982400803003675, -0.00019497668993476825, -0.00027954131466751146, 0.0004666806505844702, -0.00023365000639888415, -0.00011651289771213725, -0.00046480083082637793, -0.0003563043581097951, -4.280543114658776e-05, -8.086939406717067e-05, -0.0003369037060690901, 9.256302123254896e-05, -0.00028696774452265095, 0.00020387312303522549, -0.0001221064075018519, -4.312274017840645e-05, 0.00029642831118803525, -0.0003928543051079201, 0.00027246451710060055, 0.00047037186696383365, 0.0002651524271950128, 0.00041504826686747257, 0.0001317125042850552]
 
RESULTS:
--------
E_VQE = -7.976956333534781
inf_VQE = 0.4799928634787801
n_fn_calls = 409
Wall-clock time 0.6433200957377753 hours
 
For more output, see /home/jkgpu/HVQE/data/kagome/periodic/own_graph/opl/energy/3x2/output.txt
Plots of output saved in /home/jkgpu/HVQE/data/kagome/periodic/own_graph/opl/energy/3x2
End of HVQE.py
==========================================================================================
CuPy installation found, continuing using GPU acceleration.
having the CPUs {9, 11, 5, 7} available.
Started basinhopping at 2020-12-25 01:49:37.348034 UTC, with
command line arguments = {'path': '/home/jkgpu/HVQE/data/kagome/periodic/own_graph/opl/energy/3x2', 'n_par': 40, 'par_multiplicity': 9, 'n_iter': 0, 'cost_fn': 'energy', 'temperature': 1.0, 'stepsize': 1.0, 'init_par': None, 'dump_interval': None}
runtime variables =  {'GPU': True, 'date_start': '2020-12-25 01:49:37.348034', 'complete_graph': [(0, 6), (2, 8), (4, 10), (12, 9), (14, 11), (16, 7), (15, 1), (17, 3), (13, 5), (1, 6), (3, 8), (5, 10), (7, 12), (9, 14), (11, 16), (13, 0), (15, 2), (17, 4), (1, 2), (3, 4), (5, 0), (8, 12), (10, 14), (6, 16), (7, 13), (9, 15), (11, 17), (0, 1), (2, 3), (4, 5), (6, 7), (8, 9), (10, 11), (12, 13), (14, 15), (16, 17)], 'init_layer': [(0, 1), (2, 3), (4, 5), (6, 7), (8, 9), (10, 11), (12, 13), (14, 15), (16, 17)], 'layers': [[(0, 6), (2, 8), (4, 10), (12, 9), (14, 11), (16, 7), (15, 1), (17, 3), (13, 5)], [(1, 6), (3, 8), (5, 10), (7, 12), (9, 14), (11, 16), (13, 0), (15, 2), (17, 4)], [(1, 2), (3, 4), (5, 0), (8, 12), (10, 14), (6, 16), (7, 13), (9, 15), (11, 17)], [(0, 1), (2, 3), (4, 5), (6, 7), (8, 9), (10, 11), (12, 13), (14, 15), (16, 17)]], 'n': 18}
............................................................................................................................................................................................................................................................................................................................................./home/jkgpu/miniconda3/lib/python3.8/site-packages/chainer/backends/cuda.py:142: UserWarning: cuDNN is not enabled.
Please reinstall CuPy after you install cudnn
(see https://docs-cupy.chainer.org/en/stable/install.html#install-cudnn).
  warnings.warn(
/home/jkgpu/miniconda3/lib/python3.8/site-packages/chainer/_environment_check.py:70: UserWarning: 
--------------------------------------------------------------------------------
CuPy (cupy) version 8.0.0 may not be compatible with this version of Chainer.
Please consider installing the supported version by running:
  $ pip install 'cupy>=6.3.0,<7.0.0'

See the following page for more details:
  https://docs-cupy.chainer.org/en/latest/install.html
--------------------------------------------------------------------------------

  warnings.warn(msg.format(
 
==========================================================================================
Finished basinhopping of  /home/jkgpu/HVQE/data/kagome/periodic/own_graph/opl/energy/3x2 at 2020-12-25 02:24:33.042011 UTC, with
 
{'path': '/home/jkgpu/HVQE/data/kagome/periodic/own_graph/opl/energy/3x2', 'n_par': 40, 'par_multiplicity': 9, 'n_iter': 0, 'cost_fn': 'energy', 'temperature': 1.0, 'stepsize': 1.0, 'init_par': None, 'dump_interval': None}
init_par = [-0.0002518554535066533, -4.623567285916031e-05, 0.0003991434178423996, -8.389026910910548e-05, 3.14162596399386e-05, 0.00029381572707424077, 0.0001926103686085216, -0.00011028298495007008, -0.00010841411032539962, -8.980612815351986e-05, -0.00034997655369762464, 0.0003026444944286608, 0.00019110872563412663, -0.0002892168196780928, -0.0004317970669864573, -0.00017055240299050536, -2.186550701013568e-05, -1.8904499733157342e-05, 8.14382665823007e-05, 0.00042776276749341923, 4.3269793584962144e-05, 0.00048048699879118845, 0.00045897428375979985, 0.00022982414113349888, -0.00047610329271891884, 0.00016468726312500925, -0.0004602516219989641, -0.00018719068232429928, -2.0339864087321738e-06, -0.0003157447868104125, 0.00028865421177150436, 0.0003998233585322695, 5.392066419729899e-05, 0.00036433456665721595, 0.00018733462912474822, -0.00047278891555478186, 1.6052553973766722e-05, -0.0003987686558061612, 0.0001256220746083601, 2.5514486422943835e-05]
 
RESULTS:
--------
E_VQE = -7.971902611149435
inf_VQE = 0.4825761516107254
n_fn_calls = 333
Wall-clock time 0.5818270978000428 hours
 
For more output, see /home/jkgpu/HVQE/data/kagome/periodic/own_graph/opl/energy/3x2/output.txt
Plots of output saved in /home/jkgpu/HVQE/data/kagome/periodic/own_graph/opl/energy/3x2
End of HVQE.py
==========================================================================================
CuPy installation found, continuing using GPU acceleration.
having the CPUs {9, 11, 5, 7} available.
Started basinhopping at 2020-12-25 02:24:40.189888 UTC, with
command line arguments = {'path': '/home/jkgpu/HVQE/data/kagome/periodic/own_graph/opl/energy/3x2', 'n_par': 44, 'par_multiplicity': 9, 'n_iter': 0, 'cost_fn': 'energy', 'temperature': 1.0, 'stepsize': 1.0, 'init_par': None, 'dump_interval': None}
runtime variables =  {'GPU': True, 'date_start': '2020-12-25 02:24:40.189888', 'complete_graph': [(0, 6), (2, 8), (4, 10), (12, 9), (14, 11), (16, 7), (15, 1), (17, 3), (13, 5), (1, 6), (3, 8), (5, 10), (7, 12), (9, 14), (11, 16), (13, 0), (15, 2), (17, 4), (1, 2), (3, 4), (5, 0), (8, 12), (10, 14), (6, 16), (7, 13), (9, 15), (11, 17), (0, 1), (2, 3), (4, 5), (6, 7), (8, 9), (10, 11), (12, 13), (14, 15), (16, 17)], 'init_layer': [(0, 1), (2, 3), (4, 5), (6, 7), (8, 9), (10, 11), (12, 13), (14, 15), (16, 17)], 'layers': [[(0, 6), (2, 8), (4, 10), (12, 9), (14, 11), (16, 7), (15, 1), (17, 3), (13, 5)], [(1, 6), (3, 8), (5, 10), (7, 12), (9, 14), (11, 16), (13, 0), (15, 2), (17, 4)], [(1, 2), (3, 4), (5, 0), (8, 12), (10, 14), (6, 16), (7, 13), (9, 15), (11, 17)], [(0, 1), (2, 3), (4, 5), (6, 7), (8, 9), (10, 11), (12, 13), (14, 15), (16, 17)]], 'n': 18}
............................................................................................................................................................................................................................................................................................./home/jkgpu/miniconda3/lib/python3.8/site-packages/chainer/backends/cuda.py:142: UserWarning: cuDNN is not enabled.
Please reinstall CuPy after you install cudnn
(see https://docs-cupy.chainer.org/en/stable/install.html#install-cudnn).
  warnings.warn(
/home/jkgpu/miniconda3/lib/python3.8/site-packages/chainer/_environment_check.py:70: UserWarning: 
--------------------------------------------------------------------------------
CuPy (cupy) version 8.0.0 may not be compatible with this version of Chainer.
Please consider installing the supported version by running:
  $ pip install 'cupy>=6.3.0,<7.0.0'

See the following page for more details:
  https://docs-cupy.chainer.org/en/latest/install.html
--------------------------------------------------------------------------------

  warnings.warn(msg.format(
 
==========================================================================================
Finished basinhopping of  /home/jkgpu/HVQE/data/kagome/periodic/own_graph/opl/energy/3x2 at 2020-12-25 02:57:29.527600 UTC, with
 
{'path': '/home/jkgpu/HVQE/data/kagome/periodic/own_graph/opl/energy/3x2', 'n_par': 44, 'par_multiplicity': 9, 'n_iter': 0, 'cost_fn': 'energy', 'temperature': 1.0, 'stepsize': 1.0, 'init_par': None, 'dump_interval': None}
init_par = [8.380430869859082e-05, -1.3007859320600455e-05, 0.0001423961498903711, -0.0004094874892374071, -0.00021773860823735147, 0.0003825305260883936, -0.000363888157970125, 0.0003449052906368725, -3.051673322360674e-05, -0.0002860933172659886, -0.00037533571620653383, 0.0004904033230209424, -0.00038203882729041674, 0.00020046504404894324, 0.00026086350209789, 8.608697784997967e-05, -0.00010047414145475543, 0.00020863766019163954, -0.00040974039752883696, 0.00040329692599317833, -0.00016345903709369869, 0.00019460393501621236, -0.0003148315180166504, 8.690928913359752e-05, 0.00021561089262717517, 0.00032606181963292305, -0.0004644083618610334, 0.0003165476982051926, -0.0003279356248584609, -0.00037342166027112204, 0.0004951392168093312, 0.00043031297277179017, 9.666982823168199e-05, 0.00015625653481916727, 0.00040004237343108627, 0.00047130830158499584, 7.700675341474315e-05, 0.0002319465494199398, -6.624744515092943e-05, -0.0004984172789498484, 7.815494538909815e-06, 0.0004318902992699376, -0.0004033029235361289, -0.00015226390759713403]
 
RESULTS:
--------
E_VQE = -7.968671862557488
inf_VQE = 0.479575118381558
n_fn_calls = 285
Wall-clock time 0.5467262351512908 hours
 
For more output, see /home/jkgpu/HVQE/data/kagome/periodic/own_graph/opl/energy/3x2/output.txt
Plots of output saved in /home/jkgpu/HVQE/data/kagome/periodic/own_graph/opl/energy/3x2
End of HVQE.py
==========================================================================================
CuPy installation found, continuing using GPU acceleration.
having the CPUs {9, 11, 5, 7} available.
Started basinhopping at 2020-12-25 02:57:36.679925 UTC, with
command line arguments = {'path': '/home/jkgpu/HVQE/data/kagome/periodic/own_graph/opl/energy/3x2', 'n_par': 48, 'par_multiplicity': 9, 'n_iter': 0, 'cost_fn': 'energy', 'temperature': 1.0, 'stepsize': 1.0, 'init_par': None, 'dump_interval': None}
runtime variables =  {'GPU': True, 'date_start': '2020-12-25 02:57:36.679925', 'complete_graph': [(0, 6), (2, 8), (4, 10), (12, 9), (14, 11), (16, 7), (15, 1), (17, 3), (13, 5), (1, 6), (3, 8), (5, 10), (7, 12), (9, 14), (11, 16), (13, 0), (15, 2), (17, 4), (1, 2), (3, 4), (5, 0), (8, 12), (10, 14), (6, 16), (7, 13), (9, 15), (11, 17), (0, 1), (2, 3), (4, 5), (6, 7), (8, 9), (10, 11), (12, 13), (14, 15), (16, 17)], 'init_layer': [(0, 1), (2, 3), (4, 5), (6, 7), (8, 9), (10, 11), (12, 13), (14, 15), (16, 17)], 'layers': [[(0, 6), (2, 8), (4, 10), (12, 9), (14, 11), (16, 7), (15, 1), (17, 3), (13, 5)], [(1, 6), (3, 8), (5, 10), (7, 12), (9, 14), (11, 16), (13, 0), (15, 2), (17, 4)], [(1, 2), (3, 4), (5, 0), (8, 12), (10, 14), (6, 16), (7, 13), (9, 15), (11, 17)], [(0, 1), (2, 3), (4, 5), (6, 7), (8, 9), (10, 11), (12, 13), (14, 15), (16, 17)]], 'n': 18}
.........................................................................................................................................................................................................................................................................................................../home/jkgpu/miniconda3/lib/python3.8/site-packages/chainer/backends/cuda.py:142: UserWarning: cuDNN is not enabled.
Please reinstall CuPy after you install cudnn
(see https://docs-cupy.chainer.org/en/stable/install.html#install-cudnn).
  warnings.warn(
/home/jkgpu/miniconda3/lib/python3.8/site-packages/chainer/_environment_check.py:70: UserWarning: 
--------------------------------------------------------------------------------
CuPy (cupy) version 8.0.0 may not be compatible with this version of Chainer.
Please consider installing the supported version by running:
  $ pip install 'cupy>=6.3.0,<7.0.0'

See the following page for more details:
  https://docs-cupy.chainer.org/en/latest/install.html
--------------------------------------------------------------------------------

  warnings.warn(msg.format(
 
==========================================================================================
Finished basinhopping of  /home/jkgpu/HVQE/data/kagome/periodic/own_graph/opl/energy/3x2 at 2020-12-25 03:35:08.696378 UTC, with
 
{'path': '/home/jkgpu/HVQE/data/kagome/periodic/own_graph/opl/energy/3x2', 'n_par': 48, 'par_multiplicity': 9, 'n_iter': 0, 'cost_fn': 'energy', 'temperature': 1.0, 'stepsize': 1.0, 'init_par': None, 'dump_interval': None}
init_par = [0.00030409558095134453, -0.00020715332372527875, -0.00028861101799978854, 2.9037601650970567e-06, -0.00045923008888769525, -0.00036146473866104767, -0.00014621457298987997, -0.0003092849237112555, -0.0003717001001953737, 0.00034354889267942175, -0.00011345211275733168, 0.000489632755491401, 0.00021026561377294898, 0.00031987165200172247, -0.0004919621577709379, 4.653073240248396e-05, 0.00014926232087835497, 0.0001394223997820736, 6.556952498057618e-05, 0.0004828168362416565, -1.6767544044017245e-05, 5.341845824395814e-05, -0.0004429762510258124, 0.00023579405305463447, 0.00025972111883243866, -0.0001050665334484162, 0.0003389770347319212, 0.00045518468171388215, 0.0003379722398710168, -0.00013135661750359964, -0.0004823965965226189, -0.0002898233685678028, -0.00035136580410720353, -8.532560577711112e-05, 0.0003648242876465959, 0.0004616088919039877, 0.00020653985177141192, 0.0004015571919820559, -0.00029310029875950164, 0.0004154504272422246, 0.0003237626508882965, 0.00034112758640124255, -0.0003548995275014325, 0.0001750398994801735, 0.00016926991008100957, 0.0003847045467272646, 0.0004803430377617044, 0.00035098873757401]
 
RESULTS:
--------
E_VQE = -7.974669915557059
inf_VQE = 0.48067749366878076
n_fn_calls = 299
Wall-clock time 0.625208604004648 hours
 
For more output, see /home/jkgpu/HVQE/data/kagome/periodic/own_graph/opl/energy/3x2/output.txt
Plots of output saved in /home/jkgpu/HVQE/data/kagome/periodic/own_graph/opl/energy/3x2
End of HVQE.py
==========================================================================================
CuPy installation found, continuing using GPU acceleration.
having the CPUs {9, 11, 5, 7} available.
Started basinhopping at 2020-12-25 03:35:15.981558 UTC, with
command line arguments = {'path': '/home/jkgpu/HVQE/data/kagome/periodic/own_graph/opl/energy/3x2', 'n_par': 52, 'par_multiplicity': 9, 'n_iter': 0, 'cost_fn': 'energy', 'temperature': 1.0, 'stepsize': 1.0, 'init_par': None, 'dump_interval': None}
runtime variables =  {'GPU': True, 'date_start': '2020-12-25 03:35:15.981558', 'complete_graph': [(0, 6), (2, 8), (4, 10), (12, 9), (14, 11), (16, 7), (15, 1), (17, 3), (13, 5), (1, 6), (3, 8), (5, 10), (7, 12), (9, 14), (11, 16), (13, 0), (15, 2), (17, 4), (1, 2), (3, 4), (5, 0), (8, 12), (10, 14), (6, 16), (7, 13), (9, 15), (11, 17), (0, 1), (2, 3), (4, 5), (6, 7), (8, 9), (10, 11), (12, 13), (14, 15), (16, 17)], 'init_layer': [(0, 1), (2, 3), (4, 5), (6, 7), (8, 9), (10, 11), (12, 13), (14, 15), (16, 17)], 'layers': [[(0, 6), (2, 8), (4, 10), (12, 9), (14, 11), (16, 7), (15, 1), (17, 3), (13, 5)], [(1, 6), (3, 8), (5, 10), (7, 12), (9, 14), (11, 16), (13, 0), (15, 2), (17, 4)], [(1, 2), (3, 4), (5, 0), (8, 12), (10, 14), (6, 16), (7, 13), (9, 15), (11, 17)], [(0, 1), (2, 3), (4, 5), (6, 7), (8, 9), (10, 11), (12, 13), (14, 15), (16, 17)]], 'n': 18}
......................................................................................................................................................................................................................................................................................................................................................................................................................................................./home/jkgpu/miniconda3/lib/python3.8/site-packages/chainer/backends/cuda.py:142: UserWarning: cuDNN is not enabled.
Please reinstall CuPy after you install cudnn
(see https://docs-cupy.chainer.org/en/stable/install.html#install-cudnn).
  warnings.warn(
/home/jkgpu/miniconda3/lib/python3.8/site-packages/chainer/_environment_check.py:70: UserWarning: 
--------------------------------------------------------------------------------
CuPy (cupy) version 8.0.0 may not be compatible with this version of Chainer.
Please consider installing the supported version by running:
  $ pip install 'cupy>=6.3.0,<7.0.0'

See the following page for more details:
  https://docs-cupy.chainer.org/en/latest/install.html
--------------------------------------------------------------------------------

  warnings.warn(msg.format(
 
==========================================================================================
Finished basinhopping of  /home/jkgpu/HVQE/data/kagome/periodic/own_graph/opl/energy/3x2 at 2020-12-25 04:35:06.597583 UTC, with
 
{'path': '/home/jkgpu/HVQE/data/kagome/periodic/own_graph/opl/energy/3x2', 'n_par': 52, 'par_multiplicity': 9, 'n_iter': 0, 'cost_fn': 'energy', 'temperature': 1.0, 'stepsize': 1.0, 'init_par': None, 'dump_interval': None}
init_par = [0.0004226012366717966, 0.00044643393092366475, -0.00010721747863910426, -6.125254833916696e-05, 0.00020164606891348471, -0.00041955535830852473, 0.00025806735865365035, -0.00041976616345771857, 1.8269051651772822e-05, 0.00012620368266324383, -0.0004134343275121303, -0.0004753760421529384, -0.0003965297151110363, -0.00036741896110321795, 0.00026192750467903057, 0.00035653993016132915, -7.323046113345854e-05, -0.0003142542761852971, -0.00026912228555105427, -0.00048025948267538433, 0.00024337128718303737, -0.00011141206610999131, 0.0002910794277025194, 0.00045118788372456437, 5.215211621198532e-05, 0.00016043303325476372, -8.336361912024848e-05, 3.706764554975558e-05, 0.000367378590909351, 9.638058886064392e-06, -0.00026510340719857275, -0.0003213529780626717, -0.0003668028232626432, -0.00023185301794663503, -0.0002801759634564508, -0.00038523236906067184, 0.00013491822355008994, -0.00019981555050653066, -0.00010939592349068863, 4.2211474119201804e-05, 0.00028159134636289744, 0.0002724317785927319, 0.00020318760339104412, -0.00033126681423207476, -0.00025347556846523346, -0.00032419874082897015, -0.0002518371579156772, 1.996103227263897e-05, 8.388790153423566e-05, 0.00013744159633604833, -0.00017297842762783045, 0.00019109915431676273]
 
RESULTS:
--------
E_VQE = -7.978124346499566
inf_VQE = 0.47733993699703003
n_fn_calls = 439
Wall-clock time 0.9970259767770767 hours
 
For more output, see /home/jkgpu/HVQE/data/kagome/periodic/own_graph/opl/energy/3x2/output.txt
Plots of output saved in /home/jkgpu/HVQE/data/kagome/periodic/own_graph/opl/energy/3x2
End of HVQE.py
==========================================================================================
CuPy installation found, continuing using GPU acceleration.
having the CPUs {9, 11, 5, 7} available.
Started basinhopping at 2020-12-25 04:35:15.360480 UTC, with
command line arguments = {'path': '/home/jkgpu/HVQE/data/kagome/periodic/own_graph/opl/energy/3x2', 'n_par': 56, 'par_multiplicity': 9, 'n_iter': 0, 'cost_fn': 'energy', 'temperature': 1.0, 'stepsize': 1.0, 'init_par': None, 'dump_interval': None}
runtime variables =  {'GPU': True, 'date_start': '2020-12-25 04:35:15.360480', 'complete_graph': [(0, 6), (2, 8), (4, 10), (12, 9), (14, 11), (16, 7), (15, 1), (17, 3), (13, 5), (1, 6), (3, 8), (5, 10), (7, 12), (9, 14), (11, 16), (13, 0), (15, 2), (17, 4), (1, 2), (3, 4), (5, 0), (8, 12), (10, 14), (6, 16), (7, 13), (9, 15), (11, 17), (0, 1), (2, 3), (4, 5), (6, 7), (8, 9), (10, 11), (12, 13), (14, 15), (16, 17)], 'init_layer': [(0, 1), (2, 3), (4, 5), (6, 7), (8, 9), (10, 11), (12, 13), (14, 15), (16, 17)], 'layers': [[(0, 6), (2, 8), (4, 10), (12, 9), (14, 11), (16, 7), (15, 1), (17, 3), (13, 5)], [(1, 6), (3, 8), (5, 10), (7, 12), (9, 14), (11, 16), (13, 0), (15, 2), (17, 4)], [(1, 2), (3, 4), (5, 0), (8, 12), (10, 14), (6, 16), (7, 13), (9, 15), (11, 17)], [(0, 1), (2, 3), (4, 5), (6, 7), (8, 9), (10, 11), (12, 13), (14, 15), (16, 17)]], 'n': 18}
......................................................................................................................................................................................................................................................................................................................................................................................................................................................................................................................................................................................................................................................................................................................................................................................................................................................................../home/jkgpu/miniconda3/lib/python3.8/site-packages/chainer/backends/cuda.py:142: UserWarning: cuDNN is not enabled.
Please reinstall CuPy after you install cudnn
(see https://docs-cupy.chainer.org/en/stable/install.html#install-cudnn).
  warnings.warn(
/home/jkgpu/miniconda3/lib/python3.8/site-packages/chainer/_environment_check.py:70: UserWarning: 
--------------------------------------------------------------------------------
CuPy (cupy) version 8.0.0 may not be compatible with this version of Chainer.
Please consider installing the supported version by running:
  $ pip install 'cupy>=6.3.0,<7.0.0'

See the following page for more details:
  https://docs-cupy.chainer.org/en/latest/install.html
--------------------------------------------------------------------------------

  warnings.warn(msg.format(
 
==========================================================================================
Finished basinhopping of  /home/jkgpu/HVQE/data/kagome/periodic/own_graph/opl/energy/3x2 at 2020-12-25 06:37:57.394462 UTC, with
 
{'path': '/home/jkgpu/HVQE/data/kagome/periodic/own_graph/opl/energy/3x2', 'n_par': 56, 'par_multiplicity': 9, 'n_iter': 0, 'cost_fn': 'energy', 'temperature': 1.0, 'stepsize': 1.0, 'init_par': None, 'dump_interval': None}
init_par = [0.0004368883793541829, -0.00040259630241423186, 0.00028183831356125993, -0.0002702203169178288, 0.00019566973230005186, -0.0003257912870312415, -0.00030730372840177367, -0.00025519217393649683, 0.0003613015889722945, -0.0004567914214310643, -0.00022986321056420503, -0.00016616054219487422, -0.0002714495152745561, 0.0004311489763409458, -4.794261825565981e-05, -0.00013252232573536982, 0.0004564794929121669, -0.00021802774235952116, -0.00041383411964757366, 0.000469101760973728, -0.00048648542408935547, -0.0003382914104620516, -0.00047389620722649775, -0.00032948371121612244, 0.00042694258674258446, -3.421000333822413e-05, -0.000491106934907004, -3.67838853385113e-05, 0.00014202354965032018, 3.412590730391622e-05, -0.0001371577847348525, 0.00022300488688294453, -7.334684435452701e-05, -0.000292121110981982, 0.00019807112793736661, -4.13199292750174e-05, -0.00031063773607306687, 0.00033780946912691104, 0.00015736998602695895, 8.46064157237512e-05, -0.0004717884482026883, 0.000120746991345109, -0.0004839177338816415, 8.257484732984276e-05, -0.00035506149590928775, -0.00039449222228889647, -0.000214694768190456, 0.00014477959038846808, -5.5792753278238435e-05, 0.00044446751783567726, 9.723158829347397e-05, -0.0003525304896370249, 0.00031326029183580226, 0.0002876880765545246, -0.00010710872517384672, 0.00020039840383328383]
 
RESULTS:
--------
E_VQE = -7.966912575177552
inf_VQE = 0.4769988651444699
n_fn_calls = 840
Wall-clock time 2.044621424012714 hours
 
For more output, see /home/jkgpu/HVQE/data/kagome/periodic/own_graph/opl/energy/3x2/output.txt
Plots of output saved in /home/jkgpu/HVQE/data/kagome/periodic/own_graph/opl/energy/3x2
End of HVQE.py
==========================================================================================
CuPy installation found, continuing using GPU acceleration.
having the CPUs {9, 11, 5, 7} available.
Started basinhopping at 2020-12-25 06:38:04.869187 UTC, with
command line arguments = {'path': '/home/jkgpu/HVQE/data/kagome/periodic/own_graph/opl/energy/3x2', 'n_par': 60, 'par_multiplicity': 9, 'n_iter': 0, 'cost_fn': 'energy', 'temperature': 1.0, 'stepsize': 1.0, 'init_par': None, 'dump_interval': None}
runtime variables =  {'GPU': True, 'date_start': '2020-12-25 06:38:04.869187', 'complete_graph': [(0, 6), (2, 8), (4, 10), (12, 9), (14, 11), (16, 7), (15, 1), (17, 3), (13, 5), (1, 6), (3, 8), (5, 10), (7, 12), (9, 14), (11, 16), (13, 0), (15, 2), (17, 4), (1, 2), (3, 4), (5, 0), (8, 12), (10, 14), (6, 16), (7, 13), (9, 15), (11, 17), (0, 1), (2, 3), (4, 5), (6, 7), (8, 9), (10, 11), (12, 13), (14, 15), (16, 17)], 'init_layer': [(0, 1), (2, 3), (4, 5), (6, 7), (8, 9), (10, 11), (12, 13), (14, 15), (16, 17)], 'layers': [[(0, 6), (2, 8), (4, 10), (12, 9), (14, 11), (16, 7), (15, 1), (17, 3), (13, 5)], [(1, 6), (3, 8), (5, 10), (7, 12), (9, 14), (11, 16), (13, 0), (15, 2), (17, 4)], [(1, 2), (3, 4), (5, 0), (8, 12), (10, 14), (6, 16), (7, 13), (9, 15), (11, 17)], [(0, 1), (2, 3), (4, 5), (6, 7), (8, 9), (10, 11), (12, 13), (14, 15), (16, 17)]], 'n': 18}
.............................................................................................................................................................................................................................................................................................................................................................................................................................................................................................................../home/jkgpu/miniconda3/lib/python3.8/site-packages/chainer/backends/cuda.py:142: UserWarning: cuDNN is not enabled.
Please reinstall CuPy after you install cudnn
(see https://docs-cupy.chainer.org/en/stable/install.html#install-cudnn).
  warnings.warn(
/home/jkgpu/miniconda3/lib/python3.8/site-packages/chainer/_environment_check.py:70: UserWarning: 
--------------------------------------------------------------------------------
CuPy (cupy) version 8.0.0 may not be compatible with this version of Chainer.
Please consider installing the supported version by running:
  $ pip install 'cupy>=6.3.0,<7.0.0'

See the following page for more details:
  https://docs-cupy.chainer.org/en/latest/install.html
--------------------------------------------------------------------------------

  warnings.warn(msg.format(
 
==========================================================================================
Finished basinhopping of  /home/jkgpu/HVQE/data/kagome/periodic/own_graph/opl/energy/3x2 at 2020-12-25 07:55:44.624781 UTC, with
 
{'path': '/home/jkgpu/HVQE/data/kagome/periodic/own_graph/opl/energy/3x2', 'n_par': 60, 'par_multiplicity': 9, 'n_iter': 0, 'cost_fn': 'energy', 'temperature': 1.0, 'stepsize': 1.0, 'init_par': None, 'dump_interval': None}
init_par = [0.00034101378486710656, 7.670797179292507e-06, 0.0001872286509200273, 0.00043037732677097336, -0.00018899821997708533, -0.00023991306535868685, 0.00041874791958688626, -0.0004144197436755668, 0.00010311983285308753, -0.00042074349256347786, 0.0002661673310835529, 0.00045154481385849363, 6.306218636670886e-05, -7.197472306789412e-05, 8.10605774626339e-05, -0.0003826301551189424, 0.00046453905514354807, -0.00037157227190244227, 0.0002890368062162561, 9.154815911878293e-05, -2.3157097704350248e-05, -7.188076182039097e-05, 0.00023186925872737264, 5.237527563743509e-05, 0.00019302992174554529, -0.0004079026377860243, 0.00019298723686905913, 0.00044461549314846595, -0.0002443422146720791, -0.00028429781742521907, -0.00024757881470896694, 0.00018680168040662254, -1.2674966848785557e-05, -0.0003837464439266012, 0.000405092709527783, 0.0004836965321745987, -0.0002862773698896428, 0.0004649702690078663, -0.0003153143671406304, 7.478225655687461e-05, -5.579445923037851e-05, 0.00016629703446090075, 1.3550698906633716e-05, -0.00013745976451369003, 0.0002906515907584819, 0.00024150849442960195, 9.985991730713042e-05, 6.569350072875102e-05, 0.00038120126862081956, -2.9981246643692716e-05, 0.00039814159686730457, -0.00016480826187882793, 0.0004906482763864877, 0.00028667161754395484, -0.0001621204741153405, 0.0001873489708177639, 0.00029096987666826606, 3.838133588154771e-05, 0.00017800298645956108, 0.00031761998197483684]
 
RESULTS:
--------
E_VQE = -7.9836035139621355
inf_VQE = 0.47172494768538464
n_fn_calls = 495
Wall-clock time 1.293977872795529 hours
 
For more output, see /home/jkgpu/HVQE/data/kagome/periodic/own_graph/opl/energy/3x2/output.txt
Plots of output saved in /home/jkgpu/HVQE/data/kagome/periodic/own_graph/opl/energy/3x2
End of HVQE.py
==========================================================================================
CuPy installation found, continuing using GPU acceleration.
having the CPUs {9, 11, 5, 7} available.
Started basinhopping at 2020-12-25 07:55:52.152045 UTC, with
command line arguments = {'path': '/home/jkgpu/HVQE/data/kagome/periodic/own_graph/opl/energy/3x2', 'n_par': 64, 'par_multiplicity': 9, 'n_iter': 0, 'cost_fn': 'energy', 'temperature': 1.0, 'stepsize': 1.0, 'init_par': None, 'dump_interval': None}
runtime variables =  {'GPU': True, 'date_start': '2020-12-25 07:55:52.152045', 'complete_graph': [(0, 6), (2, 8), (4, 10), (12, 9), (14, 11), (16, 7), (15, 1), (17, 3), (13, 5), (1, 6), (3, 8), (5, 10), (7, 12), (9, 14), (11, 16), (13, 0), (15, 2), (17, 4), (1, 2), (3, 4), (5, 0), (8, 12), (10, 14), (6, 16), (7, 13), (9, 15), (11, 17), (0, 1), (2, 3), (4, 5), (6, 7), (8, 9), (10, 11), (12, 13), (14, 15), (16, 17)], 'init_layer': [(0, 1), (2, 3), (4, 5), (6, 7), (8, 9), (10, 11), (12, 13), (14, 15), (16, 17)], 'layers': [[(0, 6), (2, 8), (4, 10), (12, 9), (14, 11), (16, 7), (15, 1), (17, 3), (13, 5)], [(1, 6), (3, 8), (5, 10), (7, 12), (9, 14), (11, 16), (13, 0), (15, 2), (17, 4)], [(1, 2), (3, 4), (5, 0), (8, 12), (10, 14), (6, 16), (7, 13), (9, 15), (11, 17)], [(0, 1), (2, 3), (4, 5), (6, 7), (8, 9), (10, 11), (12, 13), (14, 15), (16, 17)]], 'n': 18}
........................................................................................................................................................................................................................................................................................................................................................................................................................................................................................../home/jkgpu/miniconda3/lib/python3.8/site-packages/chainer/backends/cuda.py:142: UserWarning: cuDNN is not enabled.
Please reinstall CuPy after you install cudnn
(see https://docs-cupy.chainer.org/en/stable/install.html#install-cudnn).
  warnings.warn(
/home/jkgpu/miniconda3/lib/python3.8/site-packages/chainer/_environment_check.py:70: UserWarning: 
--------------------------------------------------------------------------------
CuPy (cupy) version 8.0.0 may not be compatible with this version of Chainer.
Please consider installing the supported version by running:
  $ pip install 'cupy>=6.3.0,<7.0.0'

See the following page for more details:
  https://docs-cupy.chainer.org/en/latest/install.html
--------------------------------------------------------------------------------

  warnings.warn(msg.format(
 
==========================================================================================
Finished basinhopping of  /home/jkgpu/HVQE/data/kagome/periodic/own_graph/opl/energy/3x2 at 2020-12-25 09:15:03.980514 UTC, with
 
{'path': '/home/jkgpu/HVQE/data/kagome/periodic/own_graph/opl/energy/3x2', 'n_par': 64, 'par_multiplicity': 9, 'n_iter': 0, 'cost_fn': 'energy', 'temperature': 1.0, 'stepsize': 1.0, 'init_par': None, 'dump_interval': None}
init_par = [0.000214277790868247, 4.945298322495367e-05, -0.0001907579629088586, -0.00016422695019539324, 8.263702408340041e-06, 0.00017311686462883355, -2.5386121495087554e-05, 0.0002763265680667291, 9.46353235597823e-09, -0.00014629340734850836, -7.400694116510423e-05, 0.00030423046635840877, -0.00020905970608439472, 0.00018903267486861585, -0.00015154394647552553, 1.764366409410167e-05, 8.553883901302498e-05, 0.0003751604627368776, -0.0004368980481092423, -0.0004713266686704559, -0.0004090924829486604, 3.598056491030551e-05, 9.995796500610022e-05, 6.454282642972728e-05, -0.0003711424029030511, 0.0003183375146692237, 1.0458294494315626e-05, -0.0001108320844763614, -1.392915232508986e-05, -0.0003818740346607191, 0.00026052937754860285, 7.308394690809712e-05, -0.00031338525633530455, 0.00035518353269646736, -0.0004735857630496233, 0.00018765254224655762, 0.00013829764505113242, 0.00044699572405825405, 0.00047950605863601357, 0.00037933149601804283, 0.00026628752866000567, 1.5509076760648107e-05, 0.00045004128775892095, -0.00023014250059566021, -0.00040279456501479937, -0.0003798422317073908, -3.182067185410989e-05, -0.00026350857002932704, -0.0004683098740799212, 0.00026053199810669066, 0.0003400944191384171, 0.0001757037056680941, -0.0003825752542676899, -0.0001317560571421721, 0.0003853907888659993, -0.00048705773600461077, 0.0004888169616849478, -0.000341434460936071, -8.84654206119612e-05, -2.0337435087946403e-05, 0.0004676394498378516, -0.0004791139501940752, 8.292972273003167e-05, 5.175845368707451e-05]
 
RESULTS:
--------
E_VQE = -7.990318438480452
inf_VQE = 0.46632824259062255
n_fn_calls = 474
Wall-clock time 1.3195120585627025 hours
 
For more output, see /home/jkgpu/HVQE/data/kagome/periodic/own_graph/opl/energy/3x2/output.txt
Plots of output saved in /home/jkgpu/HVQE/data/kagome/periodic/own_graph/opl/energy/3x2
End of HVQE.py
==========================================================================================
CuPy installation found, continuing using GPU acceleration.
having the CPUs {9, 11, 5, 7} available.
Started basinhopping at 2020-12-25 09:15:11.277431 UTC, with
command line arguments = {'path': '/home/jkgpu/HVQE/data/kagome/periodic/own_graph/opl/energy/3x2', 'n_par': 68, 'par_multiplicity': 9, 'n_iter': 0, 'cost_fn': 'energy', 'temperature': 1.0, 'stepsize': 1.0, 'init_par': None, 'dump_interval': None}
runtime variables =  {'GPU': True, 'date_start': '2020-12-25 09:15:11.277431', 'complete_graph': [(0, 6), (2, 8), (4, 10), (12, 9), (14, 11), (16, 7), (15, 1), (17, 3), (13, 5), (1, 6), (3, 8), (5, 10), (7, 12), (9, 14), (11, 16), (13, 0), (15, 2), (17, 4), (1, 2), (3, 4), (5, 0), (8, 12), (10, 14), (6, 16), (7, 13), (9, 15), (11, 17), (0, 1), (2, 3), (4, 5), (6, 7), (8, 9), (10, 11), (12, 13), (14, 15), (16, 17)], 'init_layer': [(0, 1), (2, 3), (4, 5), (6, 7), (8, 9), (10, 11), (12, 13), (14, 15), (16, 17)], 'layers': [[(0, 6), (2, 8), (4, 10), (12, 9), (14, 11), (16, 7), (15, 1), (17, 3), (13, 5)], [(1, 6), (3, 8), (5, 10), (7, 12), (9, 14), (11, 16), (13, 0), (15, 2), (17, 4)], [(1, 2), (3, 4), (5, 0), (8, 12), (10, 14), (6, 16), (7, 13), (9, 15), (11, 17)], [(0, 1), (2, 3), (4, 5), (6, 7), (8, 9), (10, 11), (12, 13), (14, 15), (16, 17)]], 'n': 18}
....................................................................................................................................................................................................................................................................................................................................................................................................................................................................................................................................................../home/jkgpu/miniconda3/lib/python3.8/site-packages/chainer/backends/cuda.py:142: UserWarning: cuDNN is not enabled.
Please reinstall CuPy after you install cudnn
(see https://docs-cupy.chainer.org/en/stable/install.html#install-cudnn).
  warnings.warn(
/home/jkgpu/miniconda3/lib/python3.8/site-packages/chainer/_environment_check.py:70: UserWarning: 
--------------------------------------------------------------------------------
CuPy (cupy) version 8.0.0 may not be compatible with this version of Chainer.
Please consider installing the supported version by running:
  $ pip install 'cupy>=6.3.0,<7.0.0'

See the following page for more details:
  https://docs-cupy.chainer.org/en/latest/install.html
--------------------------------------------------------------------------------

  warnings.warn(msg.format(
 
==========================================================================================
Finished basinhopping of  /home/jkgpu/HVQE/data/kagome/periodic/own_graph/opl/energy/3x2 at 2020-12-25 10:49:47.228417 UTC, with
 
{'path': '/home/jkgpu/HVQE/data/kagome/periodic/own_graph/opl/energy/3x2', 'n_par': 68, 'par_multiplicity': 9, 'n_iter': 0, 'cost_fn': 'energy', 'temperature': 1.0, 'stepsize': 1.0, 'init_par': None, 'dump_interval': None}
init_par = [0.00015963232970027386, -0.00010792875046924011, 0.00023291843060865565, -0.00037959616476011484, 8.514730793763247e-05, -0.0002360060753027937, -0.0004641607447243129, -0.0002115582506271998, -0.0004884804425066797, 0.00029288560292876735, -0.0004374844761726119, 0.0003423104215618065, 1.0180334114049945e-05, 0.0004372549490328394, 0.00020554237425520264, -0.00018871127872939334, 0.0004261857190711858, 1.6202282371216895e-05, 9.748064556584855e-05, 0.0001607518116711218, 0.00022495789194720492, -0.00046016077959192084, -0.0004159327280063419, 0.0002626397920009407, 0.0001980628238171672, 0.000464048907768953, -0.00029267542795015204, -0.0003071076196509066, -0.00019638548468103135, -0.00015317423341240058, 5.277820850210725e-05, -0.0002782033362785009, 0.00019053109580528067, 0.00028707681812561276, 0.0002500018382752483, 0.0002442675089287706, -0.00038029564345439047, -0.00042452410893544727, 2.808624506063452e-05, 0.0002467106676287454, -7.380421623155465e-05, 0.00016505072045388711, -0.000423187587729547, -0.000480985943977595, -1.3388043315586985e-05, 0.00032523878340989353, -0.00038849109320707333, 0.00047971499081533734, -0.0003919129637834913, -0.000258863438346717, -0.0002014620050138567, 0.0004655461564604294, 8.105626118479594e-05, 0.0001734241083280986, -0.00032635439771628184, 7.046949133617995e-05, -5.0564138308285464e-05, 0.0003210588876938567, 0.00047673144479511566, 0.00016341911582021024, 0.00036046143694273337, 0.0001442823161408375, -0.0004188995590519158, 0.00037162523399499156, 0.0004660164530750087, -2.7236479306672187e-05, 2.804513792113196e-05, -0.00023447133033037372]
 
RESULTS:
--------
E_VQE = -7.991868544449574
inf_VQE = 0.4634436346096473
n_fn_calls = 534
Wall-clock time 1.576187162399292 hours
 
For more output, see /home/jkgpu/HVQE/data/kagome/periodic/own_graph/opl/energy/3x2/output.txt
Plots of output saved in /home/jkgpu/HVQE/data/kagome/periodic/own_graph/opl/energy/3x2
End of HVQE.py
==========================================================================================
CuPy installation found, continuing using GPU acceleration.
having the CPUs {9, 11, 5, 7} available.
Started basinhopping at 2020-12-25 10:49:54.786178 UTC, with
command line arguments = {'path': '/home/jkgpu/HVQE/data/kagome/periodic/own_graph/opl/energy/3x2', 'n_par': 72, 'par_multiplicity': 9, 'n_iter': 0, 'cost_fn': 'energy', 'temperature': 1.0, 'stepsize': 1.0, 'init_par': None, 'dump_interval': None}
runtime variables =  {'GPU': True, 'date_start': '2020-12-25 10:49:54.786178', 'complete_graph': [(0, 6), (2, 8), (4, 10), (12, 9), (14, 11), (16, 7), (15, 1), (17, 3), (13, 5), (1, 6), (3, 8), (5, 10), (7, 12), (9, 14), (11, 16), (13, 0), (15, 2), (17, 4), (1, 2), (3, 4), (5, 0), (8, 12), (10, 14), (6, 16), (7, 13), (9, 15), (11, 17), (0, 1), (2, 3), (4, 5), (6, 7), (8, 9), (10, 11), (12, 13), (14, 15), (16, 17)], 'init_layer': [(0, 1), (2, 3), (4, 5), (6, 7), (8, 9), (10, 11), (12, 13), (14, 15), (16, 17)], 'layers': [[(0, 6), (2, 8), (4, 10), (12, 9), (14, 11), (16, 7), (15, 1), (17, 3), (13, 5)], [(1, 6), (3, 8), (5, 10), (7, 12), (9, 14), (11, 16), (13, 0), (15, 2), (17, 4)], [(1, 2), (3, 4), (5, 0), (8, 12), (10, 14), (6, 16), (7, 13), (9, 15), (11, 17)], [(0, 1), (2, 3), (4, 5), (6, 7), (8, 9), (10, 11), (12, 13), (14, 15), (16, 17)]], 'n': 18}
........................................................................................................................................................................................................................................................................................................................................................................................................................................................................................................................................................................................................................................................................................................................................................................................................................................................................................................................................................................................./home/jkgpu/miniconda3/lib/python3.8/site-packages/chainer/backends/cuda.py:142: UserWarning: cuDNN is not enabled.
Please reinstall CuPy after you install cudnn
(see https://docs-cupy.chainer.org/en/stable/install.html#install-cudnn).
  warnings.warn(
/home/jkgpu/miniconda3/lib/python3.8/site-packages/chainer/_environment_check.py:70: UserWarning: 
--------------------------------------------------------------------------------
CuPy (cupy) version 8.0.0 may not be compatible with this version of Chainer.
Please consider installing the supported version by running:
  $ pip install 'cupy>=6.3.0,<7.0.0'

See the following page for more details:
  https://docs-cupy.chainer.org/en/latest/install.html
--------------------------------------------------------------------------------

  warnings.warn(msg.format(
 
==========================================================================================
Finished basinhopping of  /home/jkgpu/HVQE/data/kagome/periodic/own_graph/opl/energy/3x2 at 2020-12-25 13:48:24.921184 UTC, with
 
{'path': '/home/jkgpu/HVQE/data/kagome/periodic/own_graph/opl/energy/3x2', 'n_par': 72, 'par_multiplicity': 9, 'n_iter': 0, 'cost_fn': 'energy', 'temperature': 1.0, 'stepsize': 1.0, 'init_par': None, 'dump_interval': None}
init_par = [-0.00033515991589091185, -0.0003937955467391582, 0.00038252143309476354, 0.00010326100403697887, -0.0004080183867053786, -0.0003535264393993033, -4.208656486044595e-05, 0.00037064700039899235, 0.0003727181016709171, 0.0002638606645275148, 0.0003898990899804945, 0.000190107332266537, 0.0002916734138006949, -0.0002256690668862408, -0.00024062690624253406, 0.0001492938589998632, -0.0003892161031596301, -0.00017809831063192005, -0.00029133594081793906, -0.00019075039187589328, -0.00026876767101390855, -2.3820762781789147e-05, 0.00031885237559217965, -0.00032702402959675883, -0.00046872866816108664, 0.0003995894704226199, 0.00033751076356029286, 4.838671345808599e-05, -0.00041585980273274906, -6.691671750300632e-05, -0.00030508929114250884, 0.0003322777882841404, 0.00022832614627382535, -0.000491760510548194, -0.00040774447892769885, 3.9518568373397064e-05, 0.00045338937161318207, 0.00015785325372481027, 0.0004409642867537497, 0.00015496330485555913, 0.0003562866425375536, 0.0004667026093547802, -0.00037068820099828636, -0.0001534292397085094, 0.0003523537011828398, -0.00037745888805644295, -0.0002478997585753035, 0.00017480674229719063, -0.00016149643111426426, -0.00015556615395000243, 0.0002577357319142482, -0.0001623428344754582, -0.00020054115884522537, -9.179309087467568e-05, 8.820156632346988e-05, -0.00013658612160502082, -6.73710406490882e-05, -0.0002301836509515075, -0.0004988117966730452, 0.00015687899358222057, -0.00033057430681060116, -0.00022839113991975313, -0.00021810718818958684, -3.5887314130044205e-05, 0.00026456006288875383, -0.00038316608582816526, 0.00043776323634114173, 0.00031959609778682975, -0.00041324125861648533, -0.00027084241464036293, 0.0003236943188730109, -0.0004697937132430998]
 
RESULTS:
--------
E_VQE = -7.992457121714746
inf_VQE = 0.456002480098755
n_fn_calls = 953
Wall-clock time 2.974567960898081 hours
 
For more output, see /home/jkgpu/HVQE/data/kagome/periodic/own_graph/opl/energy/3x2/output.txt
Plots of output saved in /home/jkgpu/HVQE/data/kagome/periodic/own_graph/opl/energy/3x2
End of HVQE.py
==========================================================================================
CuPy installation found, continuing using GPU acceleration.
having the CPUs {9, 11, 5, 7} available.
Started basinhopping at 2020-12-25 13:48:32.550447 UTC, with
command line arguments = {'path': '/home/jkgpu/HVQE/data/kagome/periodic/own_graph/opl/energy/3x2', 'n_par': 76, 'par_multiplicity': 9, 'n_iter': 0, 'cost_fn': 'energy', 'temperature': 1.0, 'stepsize': 1.0, 'init_par': None, 'dump_interval': None}
runtime variables =  {'GPU': True, 'date_start': '2020-12-25 13:48:32.550447', 'complete_graph': [(0, 6), (2, 8), (4, 10), (12, 9), (14, 11), (16, 7), (15, 1), (17, 3), (13, 5), (1, 6), (3, 8), (5, 10), (7, 12), (9, 14), (11, 16), (13, 0), (15, 2), (17, 4), (1, 2), (3, 4), (5, 0), (8, 12), (10, 14), (6, 16), (7, 13), (9, 15), (11, 17), (0, 1), (2, 3), (4, 5), (6, 7), (8, 9), (10, 11), (12, 13), (14, 15), (16, 17)], 'init_layer': [(0, 1), (2, 3), (4, 5), (6, 7), (8, 9), (10, 11), (12, 13), (14, 15), (16, 17)], 'layers': [[(0, 6), (2, 8), (4, 10), (12, 9), (14, 11), (16, 7), (15, 1), (17, 3), (13, 5)], [(1, 6), (3, 8), (5, 10), (7, 12), (9, 14), (11, 16), (13, 0), (15, 2), (17, 4)], [(1, 2), (3, 4), (5, 0), (8, 12), (10, 14), (6, 16), (7, 13), (9, 15), (11, 17)], [(0, 1), (2, 3), (4, 5), (6, 7), (8, 9), (10, 11), (12, 13), (14, 15), (16, 17)]], 'n': 18}
.............................................................................................................................................................................................................................................................................................................................................................................................................................................................................................................................................................................................../home/jkgpu/miniconda3/lib/python3.8/site-packages/chainer/backends/cuda.py:142: UserWarning: cuDNN is not enabled.
Please reinstall CuPy after you install cudnn
(see https://docs-cupy.chainer.org/en/stable/install.html#install-cudnn).
  warnings.warn(
/home/jkgpu/miniconda3/lib/python3.8/site-packages/chainer/_environment_check.py:70: UserWarning: 
--------------------------------------------------------------------------------
CuPy (cupy) version 8.0.0 may not be compatible with this version of Chainer.
Please consider installing the supported version by running:
  $ pip install 'cupy>=6.3.0,<7.0.0'

See the following page for more details:
  https://docs-cupy.chainer.org/en/latest/install.html
--------------------------------------------------------------------------------

  warnings.warn(msg.format(
 
==========================================================================================
Finished basinhopping of  /home/jkgpu/HVQE/data/kagome/periodic/own_graph/opl/energy/3x2 at 2020-12-25 15:42:10.608887 UTC, with
 
{'path': '/home/jkgpu/HVQE/data/kagome/periodic/own_graph/opl/energy/3x2', 'n_par': 76, 'par_multiplicity': 9, 'n_iter': 0, 'cost_fn': 'energy', 'temperature': 1.0, 'stepsize': 1.0, 'init_par': None, 'dump_interval': None}
init_par = [0.00012206215160088412, -0.0002665572110545491, -0.00035468418779188384, -0.0003178859388569103, 0.0003817615667259204, 0.0001587950451059319, -0.0003077818784261882, 0.0003864505635150356, -0.00018837182410447087, 5.228659452515894e-05, 0.00033753264713187834, 4.970216755830544e-05, -2.942078576331108e-05, 0.0002671366091405418, -0.0004134461244676262, -0.00033314919344004776, -2.5449237141541355e-05, 0.000395871562540409, 0.00013610274271087764, 0.000321331403114737, -0.0003144379902979201, -0.0003990747283833428, -0.0004918781671991771, 0.0004957672672986496, -4.753672857145565e-05, 0.0003606272776099667, 0.0003842765135014406, -4.457106435664271e-05, 0.00026672041479588115, -0.00029297519931145786, -0.0004708527730912249, 0.00030379678678355004, 0.00013223817935947044, 2.0769964722001954e-05, 0.00011036284219874144, -0.00020113551398955775, -0.00036341590490930153, 0.0004870986297801868, 0.0002101582975377915, -0.0003635295592069683, -0.0004670829565919368, -6.808321398105144e-05, 0.00029342519783637927, -0.00010453501418622061, 7.222562896601684e-05, 3.234674080464445e-05, 0.0003169959072662961, 0.00045336981037401433, -0.0002679977314399819, 0.00014152707008306122, 0.00014264353670431806, -0.0003335878529849952, -0.0003770680754943635, 0.00037002812794544656, 0.00014423971323142845, -0.00024947736261278443, 0.00012896533866858058, 0.00037207424698731343, 0.00010471344366935222, -0.0004669052159649236, 0.00012893760299182073, -0.0002949096975443074, -0.00047124367142783996, 0.0004732790346901689, -0.0001250665847476216, 0.0004855277174364459, -0.0001766418316814873, 0.0001495511942325165, -0.00010958724802669507, 4.475892216396237e-06, 0.0003056299859446293, -0.00030383357313979755, -0.0004823950316208485, 0.00015471096417562743, 0.00023312870451195873, -0.000324419255676088]
 
RESULTS:
--------
E_VQE = -7.9983184205861315
inf_VQE = 0.4267750925517475
n_fn_calls = 575
Wall-clock time 1.8934187449349298 hours
 
For more output, see /home/jkgpu/HVQE/data/kagome/periodic/own_graph/opl/energy/3x2/output.txt
Plots of output saved in /home/jkgpu/HVQE/data/kagome/periodic/own_graph/opl/energy/3x2
End of HVQE.py
==========================================================================================
CuPy installation found, continuing using GPU acceleration.
having the CPUs {9, 11, 5, 7} available.
Started basinhopping at 2020-12-25 15:42:18.273554 UTC, with
command line arguments = {'path': '/home/jkgpu/HVQE/data/kagome/periodic/own_graph/opl/energy/3x2', 'n_par': 80, 'par_multiplicity': 9, 'n_iter': 0, 'cost_fn': 'energy', 'temperature': 1.0, 'stepsize': 1.0, 'init_par': None, 'dump_interval': None}
runtime variables =  {'GPU': True, 'date_start': '2020-12-25 15:42:18.273554', 'complete_graph': [(0, 6), (2, 8), (4, 10), (12, 9), (14, 11), (16, 7), (15, 1), (17, 3), (13, 5), (1, 6), (3, 8), (5, 10), (7, 12), (9, 14), (11, 16), (13, 0), (15, 2), (17, 4), (1, 2), (3, 4), (5, 0), (8, 12), (10, 14), (6, 16), (7, 13), (9, 15), (11, 17), (0, 1), (2, 3), (4, 5), (6, 7), (8, 9), (10, 11), (12, 13), (14, 15), (16, 17)], 'init_layer': [(0, 1), (2, 3), (4, 5), (6, 7), (8, 9), (10, 11), (12, 13), (14, 15), (16, 17)], 'layers': [[(0, 6), (2, 8), (4, 10), (12, 9), (14, 11), (16, 7), (15, 1), (17, 3), (13, 5)], [(1, 6), (3, 8), (5, 10), (7, 12), (9, 14), (11, 16), (13, 0), (15, 2), (17, 4)], [(1, 2), (3, 4), (5, 0), (8, 12), (10, 14), (6, 16), (7, 13), (9, 15), (11, 17)], [(0, 1), (2, 3), (4, 5), (6, 7), (8, 9), (10, 11), (12, 13), (14, 15), (16, 17)]], 'n': 18}
........................................................................................................................................................................................................................................................................................................................................................................................................................................................................................................................................................................................................................................................................................................................................................................................................................................................................................................................................................................................................../home/jkgpu/miniconda3/lib/python3.8/site-packages/chainer/backends/cuda.py:142: UserWarning: cuDNN is not enabled.
Please reinstall CuPy after you install cudnn
(see https://docs-cupy.chainer.org/en/stable/install.html#install-cudnn).
  warnings.warn(
/home/jkgpu/miniconda3/lib/python3.8/site-packages/chainer/_environment_check.py:70: UserWarning: 
--------------------------------------------------------------------------------
CuPy (cupy) version 8.0.0 may not be compatible with this version of Chainer.
Please consider installing the supported version by running:
  $ pip install 'cupy>=6.3.0,<7.0.0'

See the following page for more details:
  https://docs-cupy.chainer.org/en/latest/install.html
--------------------------------------------------------------------------------

  warnings.warn(msg.format(
 
==========================================================================================
Finished basinhopping of  /home/jkgpu/HVQE/data/kagome/periodic/own_graph/opl/energy/3x2 at 2020-12-25 19:36:21.902256 UTC, with
 
{'path': '/home/jkgpu/HVQE/data/kagome/periodic/own_graph/opl/energy/3x2', 'n_par': 80, 'par_multiplicity': 9, 'n_iter': 0, 'cost_fn': 'energy', 'temperature': 1.0, 'stepsize': 1.0, 'init_par': None, 'dump_interval': None}
init_par = [0.0004530742932854012, -0.0002237064898909743, -0.00019717208490564498, -0.00041121046194953447, -4.685551379873701e-05, -0.0002264991540637218, 0.00024129831031074512, 0.00040500361476847617, 0.0003012380181509677, -7.889659895047316e-06, 9.01331026322568e-05, -8.328597328230403e-05, -4.609282295652906e-05, -0.00011341144090773524, 1.902472826032333e-05, -0.00017151318439024524, 0.0001318797049907663, -0.000240442199737009, 0.00036154557191384377, -6.413941921023071e-05, 0.00022487228107507195, 0.00015351414997249297, -0.0004461016979407382, 0.000298402440919989, 0.00023795531384252768, 0.00010101697686511158, -2.3301273120816964e-05, -0.0003723885886463668, 0.00033341262163666006, -0.00014887652511199858, 0.0004452991931315853, 3.754115876260212e-05, 0.00026393945493235213, -0.0003619472917615946, -4.272120775847743e-05, 0.00046291984811414977, 9.96494275702941e-05, -7.187816813052176e-05, 0.00038019418803867614, 3.867529015414361e-05, 0.000348758082849767, -0.00019216584638694436, -0.00025496743815754496, -0.0004091449740499342, 0.0003881141242469095, -0.00013828498559831495, 0.0002823630315387292, 0.00028464222170161333, -0.00027351954077027595, 4.516133889315957e-05, 0.00014318415754187633, -0.0004203064857144011, 0.0002486764039233469, -0.00030901969332940393, -0.00012076145792518436, 8.00560496347309e-05, -0.00014952171303177686, 0.00025428812765675233, 0.00023127791944650396, -0.00010458406019591039, 0.0002580146516509773, -0.00037412306774807003, 0.00013379511977233834, 2.3858975569371354e-05, 0.0001460437468888071, -9.18700401823327e-05, 0.00036323977832642285, -0.0004231876723365442, 0.00022655125896923437, 0.0004494605168921755, -0.0004635634174795547, 0.00019191611813182006, -0.00021883227591605137, 0.00010840391394121283, 0.00026939697581862196, -0.0004381134592637096, -0.00019399875568168137, -0.00016597734754881865, 0.00010209195137474006, -0.00029703169774277085]
 
RESULTS:
--------
E_VQE = -7.998519090582414
inf_VQE = 0.4303815334114245
n_fn_calls = 970
Wall-clock time 3.9004933458566664 hours
 
For more output, see /home/jkgpu/HVQE/data/kagome/periodic/own_graph/opl/energy/3x2/output.txt
Plots of output saved in /home/jkgpu/HVQE/data/kagome/periodic/own_graph/opl/energy/3x2
End of HVQE.py
==========================================================================================
