No CuPy installation found, continuing without GPU acceleration.
having the CPUs {16, 17, 44, 45} available.
Started basinhopping at 2021-01-11 20:50:47.384648 UTC, with
command line arguments = {'path': '/home/jkattem1/HVQE/data/kagome/periodic/own_graph/opg/infidelity/4x2', 'n_par': 48, 'par_multiplicity': 1, 'n_iter': 0, 'cost_fn': 'infidelity', 'temperature': 1.0, 'stepsize': 1.0, 'init_par': None, 'dump_interval': 64}
runtime variables =  {'GPU': False, 'date_start': '2021-01-11 20:50:47.384648', 'complete_graph': [(0, 8), (2, 10), (4, 12), (6, 14), (16, 11), (18, 13), (20, 15), (22, 9), (19, 1), (21, 3), (23, 5), (17, 7), (1, 8), (3, 10), (5, 12), (7, 14), (9, 16), (11, 18), (13, 20), (15, 22), (17, 0), (19, 2), (21, 4), (23, 6), (1, 2), (3, 4), (5, 6), (7, 0), (10, 16), (12, 18), (14, 20), (8, 22), (9, 17), (11, 19), (13, 21), (15, 23), (0, 1), (2, 3), (4, 5), (6, 7), (8, 9), (10, 11), (12, 13), (14, 15), (16, 17), (18, 19), (20, 21), (22, 23)], 'init_layer': [(0, 1), (2, 3), (4, 5), (6, 7), (8, 9), (10, 11), (12, 13), (14, 15), (16, 17), (18, 19), (20, 21), (22, 23)], 'layers': [[(0, 8), (2, 10), (4, 12), (6, 14), (16, 11), (18, 13), (20, 15), (22, 9), (19, 1), (21, 3), (23, 5), (17, 7)], [(1, 8), (3, 10), (5, 12), (7, 14), (9, 16), (11, 18), (13, 20), (15, 22), (17, 0), (19, 2), (21, 4), (23, 6)], [(1, 2), (3, 4), (5, 6), (7, 0), (10, 16), (12, 18), (14, 20), (8, 22), (9, 17), (11, 19), (13, 21), (15, 23)], [(0, 1), (2, 3), (4, 5), (6, 7), (8, 9), (10, 11), (12, 13), (14, 15), (16, 17), (18, 19), (20, 21), (22, 23)]], 'n': 24}
. 
==========================================================================================
Finished basinhopping of  /home/jkattem1/HVQE/data/kagome/periodic/own_graph/opg/infidelity/4x2 at 2021-01-11 20:52:32.336042 UTC, with
 
{'path': '/home/jkattem1/HVQE/data/kagome/periodic/own_graph/opg/infidelity/4x2', 'n_par': 48, 'par_multiplicity': 1, 'n_iter': 0, 'cost_fn': 'infidelity', 'temperature': 1.0, 'stepsize': 1.0, 'init_par': None, 'dump_interval': 64}
init_par = [0.00016660503504153934, 6.475131407503306e-05, 0.00045181604518334704, -0.00011629623903537315, -0.00039433304581776453, 2.3984455379129268e-05, 0.0002743064730810319, 0.000260589225188477, 0.00026985784995902566, -0.0001473423856806914, 0.00019090786294390387, 0.00010388357410408516, -0.0002455969162698053, -0.0002837985783720006, 0.00023091533420991261, -0.0001968186346716294, -0.00011786891465426322, -0.00020837226568994673, -4.657287974240608e-05, -1.2296393145992397e-05, 0.0002257254570917263, 0.00025119827508534003, -0.0004944311455017848, 0.00035589193532218927, 0.00014805899530856393, -0.00027816847466856777, -0.00027610168695876836, 0.0004447334663915998, 0.000469086473167524, 0.00013509356553125396, 0.00030421660781841415, -8.63133644269415e-05, -0.0002669491458318587, -6.534608320087477e-05, -0.00013771694436363625, -0.00035124048207066995, -8.957591643903224e-06, -0.00027913700515504755, 0.000364709100864543, -5.989644954965714e-05, 2.1409279461919004e-05, 0.0003989833670777126, 6.78533481624213e-05, 0.00042537731665483853, -0.00014498922832237939, -0.0001309304810033821, 0.00038602153886604506, 0.00022944786871622626]
 
RESULTS:
--------
E_VQE = -8.99999914227386
inf_VQE = 0.9999999999672622
n_fn_calls = 1
Wall-clock time 0.014467322230339051 hours
 
For more output, see /home/jkattem1/HVQE/data/kagome/periodic/own_graph/opg/infidelity/4x2/output.txt
Plots of output saved in /home/jkattem1/HVQE/data/kagome/periodic/own_graph/opg/infidelity/4x2
End of HVQE.py
==========================================================================================
No CuPy installation found, continuing without GPU acceleration.
having the CPUs {16, 17, 44, 45} available.
Started basinhopping at 2021-01-11 20:52:36.924828 UTC, with
command line arguments = {'path': '/home/jkattem1/HVQE/data/kagome/periodic/own_graph/opg/infidelity/4x2', 'n_par': 96, 'par_multiplicity': 1, 'n_iter': 0, 'cost_fn': 'infidelity', 'temperature': 1.0, 'stepsize': 1.0, 'init_par': None, 'dump_interval': 64}
runtime variables =  {'GPU': False, 'date_start': '2021-01-11 20:52:36.924828', 'complete_graph': [(0, 8), (2, 10), (4, 12), (6, 14), (16, 11), (18, 13), (20, 15), (22, 9), (19, 1), (21, 3), (23, 5), (17, 7), (1, 8), (3, 10), (5, 12), (7, 14), (9, 16), (11, 18), (13, 20), (15, 22), (17, 0), (19, 2), (21, 4), (23, 6), (1, 2), (3, 4), (5, 6), (7, 0), (10, 16), (12, 18), (14, 20), (8, 22), (9, 17), (11, 19), (13, 21), (15, 23), (0, 1), (2, 3), (4, 5), (6, 7), (8, 9), (10, 11), (12, 13), (14, 15), (16, 17), (18, 19), (20, 21), (22, 23)], 'init_layer': [(0, 1), (2, 3), (4, 5), (6, 7), (8, 9), (10, 11), (12, 13), (14, 15), (16, 17), (18, 19), (20, 21), (22, 23)], 'layers': [[(0, 8), (2, 10), (4, 12), (6, 14), (16, 11), (18, 13), (20, 15), (22, 9), (19, 1), (21, 3), (23, 5), (17, 7)], [(1, 8), (3, 10), (5, 12), (7, 14), (9, 16), (11, 18), (13, 20), (15, 22), (17, 0), (19, 2), (21, 4), (23, 6)], [(1, 2), (3, 4), (5, 6), (7, 0), (10, 16), (12, 18), (14, 20), (8, 22), (9, 17), (11, 19), (13, 21), (15, 23)], [(0, 1), (2, 3), (4, 5), (6, 7), (8, 9), (10, 11), (12, 13), (14, 15), (16, 17), (18, 19), (20, 21), (22, 23)]], 'n': 24}
. 
==========================================================================================
Finished basinhopping of  /home/jkattem1/HVQE/data/kagome/periodic/own_graph/opg/infidelity/4x2 at 2021-01-11 20:55:29.381812 UTC, with
 
{'path': '/home/jkattem1/HVQE/data/kagome/periodic/own_graph/opg/infidelity/4x2', 'n_par': 96, 'par_multiplicity': 1, 'n_iter': 0, 'cost_fn': 'infidelity', 'temperature': 1.0, 'stepsize': 1.0, 'init_par': None, 'dump_interval': 64}
init_par = [6.0626475005070364e-05, 0.00015203800205298675, 0.00015452556759659047, -0.00011489729064331934, -0.0004638796980534282, 1.2040715426283157e-05, 0.00013970494732703728, -0.00041916086661990026, -3.986164908672884e-05, -0.00011031028914654386, -0.000306649471382171, -0.00036116496132972066, -0.0002632685866496115, -0.00019932880125168786, -0.00010886988138049202, -7.048010109040795e-05, -0.0003028900704710502, -4.578261277754617e-05, 0.00015502014666501451, 7.906842632116658e-06, -0.00043332563355471865, -0.00042057485740801216, 5.096583873137226e-05, 8.336878986792173e-05, -7.043496620872704e-05, 0.0001871744199151734, -0.00014071625775022458, 8.592464703940342e-06, 0.0004557026220799871, -0.00037569659913271947, 0.0001114729916410909, -0.00010654032709264384, -0.0004082219337057845, 0.0002792655525521491, 0.00031558158947222266, 0.00021385320144946005, -0.0004486135847596613, 0.0001828813013962262, 0.00028214357529654673, 0.00022088233339627754, 9.768581002921441e-05, -0.00028448093324202406, 9.547770117027598e-05, 8.142991570542245e-05, 0.00043631354551860904, 0.0003630016511550376, -0.0001993673689245078, 0.00037083611179039566, -3.0060026107535344e-05, 0.00014961817156679898, -4.520700736960082e-05, -0.00020977319863090628, -0.00044206946292958406, 0.0004489352368496788, -0.000302332515951125, -6.904906294307844e-05, -0.0001925875384537237, -0.0003972234454134579, -9.570473279141447e-05, -0.0004883286943327484, -6.48915526406087e-06, 0.00024122295476308394, 0.0003356791251903829, 0.0002052550850598616, 0.0002650983761252195, 0.00010337207677571525, -0.0004723834694200424, 0.0002667479448609173, 0.00047178457862864006, -0.0003571867937868698, 0.000122797853368549, 0.00030071876561044326, 0.00022015533174422777, 0.0003574351533870148, -0.000291411140204513, 0.00033531819527482347, -0.00043940552521461716, 0.00022034028934267327, 0.0003397539656091453, -0.0003774137688569891, -7.305265092728011e-05, -0.0003712895278105006, -0.00035342042972114844, -0.0001137098902644792, 0.0002102083523511561, 0.0004668399321309521, -0.00016565365002674048, 0.00018294377917850554, 0.00013691882356021545, 0.0004721837249173289, -0.0004966962808001851, -0.00043057372605068866, 0.0001870086082605523, 0.0003854641493979493, 9.71382575653128e-05, 0.0003453456789113313]
 
RESULTS:
--------
E_VQE = -8.999998047446937
inf_VQE = 0.9999999998275666
n_fn_calls = 1
Wall-clock time 0.02838881982697381 hours
 
For more output, see /home/jkattem1/HVQE/data/kagome/periodic/own_graph/opg/infidelity/4x2/output.txt
Plots of output saved in /home/jkattem1/HVQE/data/kagome/periodic/own_graph/opg/infidelity/4x2
End of HVQE.py
==========================================================================================
No CuPy installation found, continuing without GPU acceleration.
having the CPUs {16, 17, 44, 45} available.
Started basinhopping at 2021-01-11 20:55:32.470438 UTC, with
command line arguments = {'path': '/home/jkattem1/HVQE/data/kagome/periodic/own_graph/opg/infidelity/4x2', 'n_par': 144, 'par_multiplicity': 1, 'n_iter': 0, 'cost_fn': 'infidelity', 'temperature': 1.0, 'stepsize': 1.0, 'init_par': None, 'dump_interval': 64}
runtime variables =  {'GPU': False, 'date_start': '2021-01-11 20:55:32.470438', 'complete_graph': [(0, 8), (2, 10), (4, 12), (6, 14), (16, 11), (18, 13), (20, 15), (22, 9), (19, 1), (21, 3), (23, 5), (17, 7), (1, 8), (3, 10), (5, 12), (7, 14), (9, 16), (11, 18), (13, 20), (15, 22), (17, 0), (19, 2), (21, 4), (23, 6), (1, 2), (3, 4), (5, 6), (7, 0), (10, 16), (12, 18), (14, 20), (8, 22), (9, 17), (11, 19), (13, 21), (15, 23), (0, 1), (2, 3), (4, 5), (6, 7), (8, 9), (10, 11), (12, 13), (14, 15), (16, 17), (18, 19), (20, 21), (22, 23)], 'init_layer': [(0, 1), (2, 3), (4, 5), (6, 7), (8, 9), (10, 11), (12, 13), (14, 15), (16, 17), (18, 19), (20, 21), (22, 23)], 'layers': [[(0, 8), (2, 10), (4, 12), (6, 14), (16, 11), (18, 13), (20, 15), (22, 9), (19, 1), (21, 3), (23, 5), (17, 7)], [(1, 8), (3, 10), (5, 12), (7, 14), (9, 16), (11, 18), (13, 20), (15, 22), (17, 0), (19, 2), (21, 4), (23, 6)], [(1, 2), (3, 4), (5, 6), (7, 0), (10, 16), (12, 18), (14, 20), (8, 22), (9, 17), (11, 19), (13, 21), (15, 23)], [(0, 1), (2, 3), (4, 5), (6, 7), (8, 9), (10, 11), (12, 13), (14, 15), (16, 17), (18, 19), (20, 21), (22, 23)]], 'n': 24}
. 
==========================================================================================
Finished basinhopping of  /home/jkattem1/HVQE/data/kagome/periodic/own_graph/opg/infidelity/4x2 at 2021-01-11 20:59:38.586194 UTC, with
 
{'path': '/home/jkattem1/HVQE/data/kagome/periodic/own_graph/opg/infidelity/4x2', 'n_par': 144, 'par_multiplicity': 1, 'n_iter': 0, 'cost_fn': 'infidelity', 'temperature': 1.0, 'stepsize': 1.0, 'init_par': None, 'dump_interval': 64}
init_par = [-0.00032692356113024656, 0.0002537395488348167, -6.231716304397729e-06, -0.0003412296846138161, -0.00037951233333855227, -0.00031205394887183935, -0.0001577107451978194, -0.00015574879468737416, 0.00045723264638393923, -0.0001984534355634594, -0.0002781578130903668, 0.00034164629204800224, -0.00010118244760510089, -0.0002643819221307632, -3.024467442010436e-05, 5.459854083335336e-05, 0.0003484115992927623, 0.00047031329785904676, -0.00047701868507336463, 0.00012290993878367215, 0.00022209742934338158, 0.00025058768531935436, 0.00038340324708055896, -0.000499253764159327, 0.0001783883297762917, 0.0003917991384043535, 8.687841336852764e-05, -9.015660408687409e-05, -7.677256469074492e-05, 0.00021936572194685713, 0.0001519480289384281, -2.8189784254330284e-05, 0.0002741519724516212, -0.0003313777398449167, -0.00014180858112142246, -5.466919791801073e-05, -0.0003785480799456508, 0.00042970036392991505, -0.0003076116296821849, 4.6315151952761144e-05, 0.00031893847095126003, -0.00014403592877323246, 0.00033527705379817255, -0.00019327373250207716, -0.0001162767011071294, -0.00046855191802993445, 0.00024097482799805112, 0.0004984526205400735, -0.00023451334089270002, -6.369333967822687e-05, -0.0004910161174994652, -0.000131628717288804, 0.00036861711123182574, -7.651477092184532e-05, -0.00043817472450723784, 0.0001852855827701779, 0.0003203469881889224, -0.0002628851476695743, 0.00011652974984094713, -0.0002511687254274492, -0.0002893646730261694, -0.00015031525333534536, 0.00018755351056112454, 0.00042164611492389887, 0.00021902959464246378, -0.00041783205204892174, 0.0001411373287340988, 0.00018046518218787046, 0.00037338929425479643, -0.00039004004456848066, -0.0002870746761614991, 0.0002517085549884752, 0.00028987669275509624, 9.259883483562982e-05, -0.00040100994350049477, -0.00026259891710166247, 0.00023706194180597587, -0.00017124075785361007, -0.0002536871674770194, -0.00016565388085423426, 0.00021180534089700314, -0.00038607057990643436, 0.0004890940622844333, 0.00012867552371740698, 0.00047893931480647695, -0.00025683572509373664, -0.0004912030631319633, -4.248398440313464e-05, -0.00012871351193411665, -0.00013803744114534614, -6.3507997228813605e-06, -0.00025071650271261595, -0.0004114391366831476, 3.680717777943465e-05, 0.00037113728139218864, 0.000336013119596089, 4.5085313906355925e-05, -0.0003374741848911226, -0.00022507897049356976, -7.384744952298951e-05, 0.0004641699886858445, 1.5124769519580367e-05, -7.419492843159037e-05, -0.00016411301588383398, -0.00018792711263430808, -0.00032464495603213905, 0.00018028481384883084, 0.00032049295780133674, 0.0001818398107805275, -0.00013893491500096568, 0.0004126566717338352, 4.975533748617818e-05, -0.0003603883557941476, 1.0426162381938311e-05, -0.00020534493998262737, 2.385225989516755e-05, 0.0002556490029817916, 4.352180292530364e-06, -7.172717318173615e-05, -0.00032504629720990106, -8.857390699287284e-05, 0.0002479893810367833, 6.314189028737828e-05, -0.00011780798730820464, 0.0003186956606445212, -0.0001844329523308136, -0.0004577753236283107, 0.0003455811904369507, 0.0002936597363572197, -0.00025081479036508314, -0.00019349686121934452, 0.0004963530970039753, -0.0003389198116351584, 0.00015311735153966004, 5.5047472573038986e-05, 0.000486223656401685, 5.2480998364636444e-05, -2.219213825615851e-05, -0.0002815043748951615, -0.00022718111394223484, -0.00033497497703012215, -0.00021806437269965485, 0.0004650646806689065, -0.0002843738855039727]
 
RESULTS:
--------
E_VQE = -8.999996933798958
inf_VQE = 0.9999999980425727
n_fn_calls = 1
Wall-clock time 0.04360288619995117 hours
 
For more output, see /home/jkattem1/HVQE/data/kagome/periodic/own_graph/opg/infidelity/4x2/output.txt
Plots of output saved in /home/jkattem1/HVQE/data/kagome/periodic/own_graph/opg/infidelity/4x2
End of HVQE.py
==========================================================================================
No CuPy installation found, continuing without GPU acceleration.
having the CPUs {16, 17, 44, 45} available.
Started basinhopping at 2021-01-11 20:59:41.650956 UTC, with
command line arguments = {'path': '/home/jkattem1/HVQE/data/kagome/periodic/own_graph/opg/infidelity/4x2', 'n_par': 192, 'par_multiplicity': 1, 'n_iter': 0, 'cost_fn': 'infidelity', 'temperature': 1.0, 'stepsize': 1.0, 'init_par': None, 'dump_interval': 64}
runtime variables =  {'GPU': False, 'date_start': '2021-01-11 20:59:41.650956', 'complete_graph': [(0, 8), (2, 10), (4, 12), (6, 14), (16, 11), (18, 13), (20, 15), (22, 9), (19, 1), (21, 3), (23, 5), (17, 7), (1, 8), (3, 10), (5, 12), (7, 14), (9, 16), (11, 18), (13, 20), (15, 22), (17, 0), (19, 2), (21, 4), (23, 6), (1, 2), (3, 4), (5, 6), (7, 0), (10, 16), (12, 18), (14, 20), (8, 22), (9, 17), (11, 19), (13, 21), (15, 23), (0, 1), (2, 3), (4, 5), (6, 7), (8, 9), (10, 11), (12, 13), (14, 15), (16, 17), (18, 19), (20, 21), (22, 23)], 'init_layer': [(0, 1), (2, 3), (4, 5), (6, 7), (8, 9), (10, 11), (12, 13), (14, 15), (16, 17), (18, 19), (20, 21), (22, 23)], 'layers': [[(0, 8), (2, 10), (4, 12), (6, 14), (16, 11), (18, 13), (20, 15), (22, 9), (19, 1), (21, 3), (23, 5), (17, 7)], [(1, 8), (3, 10), (5, 12), (7, 14), (9, 16), (11, 18), (13, 20), (15, 22), (17, 0), (19, 2), (21, 4), (23, 6)], [(1, 2), (3, 4), (5, 6), (7, 0), (10, 16), (12, 18), (14, 20), (8, 22), (9, 17), (11, 19), (13, 21), (15, 23)], [(0, 1), (2, 3), (4, 5), (6, 7), (8, 9), (10, 11), (12, 13), (14, 15), (16, 17), (18, 19), (20, 21), (22, 23)]], 'n': 24}
.