No CuPy installation found, continuing without GPU acceleration.
having the CPUs {18, 19, 22, 23} available.
Started basinhopping at 2020-12-24 22:43:31.932732 UTC, with
command line arguments = {'path': '/home/jorisk2/HVQE/data/kagome/periodic/own_graph/opl/energy/2x2', 'n_par': 4, 'par_multiplicity': 6, 'n_iter': 0, 'cost_fn': 'energy', 'temperature': 1.0, 'stepsize': 1.0, 'init_par': None, 'dump_interval': None}
runtime variables =  {'GPU': False, 'date_start': '2020-12-24 22:43:31.932732', 'complete_graph': [(0, 4), (2, 6), (8, 7), (10, 5), (11, 1), (9, 3), (1, 4), (3, 6), (5, 8), (7, 10), (9, 0), (11, 2), (1, 2), (3, 0), (6, 8), (4, 10), (5, 9), (7, 11), (0, 1), (2, 3), (4, 5), (6, 7), (8, 9), (10, 11)], 'init_layer': [(0, 1), (2, 3), (4, 5), (6, 7), (8, 9), (10, 11)], 'layers': [[(0, 4), (2, 6), (8, 7), (10, 5), (11, 1), (9, 3)], [(1, 4), (3, 6), (5, 8), (7, 10), (9, 0), (11, 2)], [(1, 2), (3, 0), (6, 8), (4, 10), (5, 9), (7, 11)], [(0, 1), (2, 3), (4, 5), (6, 7), (8, 9), (10, 11)]], 'n': 12}
................................. 
==========================================================================================
Finished basinhopping of  /home/jorisk2/HVQE/data/kagome/periodic/own_graph/opl/energy/2x2 at 2020-12-24 22:46:09.809146 UTC, with
 
{'path': '/home/jorisk2/HVQE/data/kagome/periodic/own_graph/opl/energy/2x2', 'n_par': 4, 'par_multiplicity': 6, 'n_iter': 0, 'cost_fn': 'energy', 'temperature': 1.0, 'stepsize': 1.0, 'init_par': None, 'dump_interval': None}
init_par = [0.0002975885921417058, -0.0004689935586717693, -0.0002480047835421332, -0.00016892509496510468]
 
RESULTS:
--------
E_VQE = -5.101727007315253
inf_VQE = 0.8041622718038073
n_fn_calls = 33
Wall-clock time 0.03192205243640476 hours
 
For more output, see /home/jorisk2/HVQE/data/kagome/periodic/own_graph/opl/energy/2x2/output.txt
Plots of output saved in /home/jorisk2/HVQE/data/kagome/periodic/own_graph/opl/energy/2x2
End of HVQE.py
==========================================================================================
