No CuPy installation found, continuing without GPU acceleration.
having the CPUs {0, 1, 4, 5} available.
Started basinhopping at 2020-12-24 22:51:29.613649 UTC, with
command line arguments = {'path': '/home/jorisk2/HVQE/data/kagome/periodic/own_graph/opl/energy/2x2', 'n_par': 8, 'par_multiplicity': 6, 'n_iter': 0, 'cost_fn': 'energy', 'temperature': 1.0, 'stepsize': 1.0, 'init_par': None, 'dump_interval': None}
runtime variables =  {'GPU': False, 'date_start': '2020-12-24 22:51:29.613649', 'complete_graph': [(0, 4), (2, 6), (8, 7), (10, 5), (11, 1), (9, 3), (1, 4), (3, 6), (5, 8), (7, 10), (9, 0), (11, 2), (1, 2), (3, 0), (6, 8), (4, 10), (5, 9), (7, 11), (0, 1), (2, 3), (4, 5), (6, 7), (8, 9), (10, 11)], 'init_layer': [(0, 1), (2, 3), (4, 5), (6, 7), (8, 9), (10, 11)], 'layers': [[(0, 4), (2, 6), (8, 7), (10, 5), (11, 1), (9, 3)], [(1, 4), (3, 6), (5, 8), (7, 10), (9, 0), (11, 2)], [(1, 2), (3, 0), (6, 8), (4, 10), (5, 9), (7, 11)], [(0, 1), (2, 3), (4, 5), (6, 7), (8, 9), (10, 11)]], 'n': 12}
........................................................................ 
==========================================================================================
Finished basinhopping of  /home/jorisk2/HVQE/data/kagome/periodic/own_graph/opl/energy/2x2 at 2020-12-24 23:11:20.506301 UTC, with
 
{'path': '/home/jorisk2/HVQE/data/kagome/periodic/own_graph/opl/energy/2x2', 'n_par': 8, 'par_multiplicity': 6, 'n_iter': 0, 'cost_fn': 'energy', 'temperature': 1.0, 'stepsize': 1.0, 'init_par': None, 'dump_interval': None}
init_par = [0.00046337338736568683, 0.0004376252419821395, -7.28438887336089e-05, -0.0003413040742266198, -0.00035905613221189623, -9.840086826859597e-05, 1.2210703645567722e-06, -2.5460323058076808e-05]
 
RESULTS:
--------
E_VQE = -5.172463340197263
inf_VQE = 0.7331060114515664
n_fn_calls = 72
Wall-clock time 0.29453405870331656 hours
 
For more output, see /home/jorisk2/HVQE/data/kagome/periodic/own_graph/opl/energy/2x2/output.txt
Plots of output saved in /home/jorisk2/HVQE/data/kagome/periodic/own_graph/opl/energy/2x2
End of HVQE.py
==========================================================================================
No CuPy installation found, continuing without GPU acceleration.
having the CPUs {0, 1, 4, 5} available.
Started basinhopping at 2020-12-24 23:21:07.398453 UTC, with
command line arguments = {'path': '/home/jorisk2/HVQE/data/kagome/periodic/own_graph/opl/energy/2x2', 'n_par': 12, 'par_multiplicity': 6, 'n_iter': 0, 'cost_fn': 'energy', 'temperature': 1.0, 'stepsize': 1.0, 'init_par': None, 'dump_interval': None}
runtime variables =  {'GPU': False, 'date_start': '2020-12-24 23:21:07.398453', 'complete_graph': [(0, 4), (2, 6), (8, 7), (10, 5), (11, 1), (9, 3), (1, 4), (3, 6), (5, 8), (7, 10), (9, 0), (11, 2), (1, 2), (3, 0), (6, 8), (4, 10), (5, 9), (7, 11), (0, 1), (2, 3), (4, 5), (6, 7), (8, 9), (10, 11)], 'init_layer': [(0, 1), (2, 3), (4, 5), (6, 7), (8, 9), (10, 11)], 'layers': [[(0, 4), (2, 6), (8, 7), (10, 5), (11, 1), (9, 3)], [(1, 4), (3, 6), (5, 8), (7, 10), (9, 0), (11, 2)], [(1, 2), (3, 0), (6, 8), (4, 10), (5, 9), (7, 11)], [(0, 1), (2, 3), (4, 5), (6, 7), (8, 9), (10, 11)]], 'n': 12}
......................................................... 
==========================================================================================
Finished basinhopping of  /home/jorisk2/HVQE/data/kagome/periodic/own_graph/opl/energy/2x2 at 2020-12-25 00:01:57.132532 UTC, with
 
{'path': '/home/jorisk2/HVQE/data/kagome/periodic/own_graph/opl/energy/2x2', 'n_par': 12, 'par_multiplicity': 6, 'n_iter': 0, 'cost_fn': 'energy', 'temperature': 1.0, 'stepsize': 1.0, 'init_par': None, 'dump_interval': None}
init_par = [-0.0001096266475471023, 0.0003653557931895063, -0.000326518131353828, -0.00039012720865885066, -0.0003142528599896533, -0.0004835343269322954, 0.00022591618283666578, -8.126385574519225e-05, 0.00010779251666417119, 7.516880783644154e-05, -0.0002340331827875566, -0.00044137775177741524]
 
RESULTS:
--------
E_VQE = -5.228497945895435
inf_VQE = 0.6379794398381377
n_fn_calls = 57
Wall-clock time 0.5673044059673945 hours
 
For more output, see /home/jorisk2/HVQE/data/kagome/periodic/own_graph/opl/energy/2x2/output.txt
Plots of output saved in /home/jorisk2/HVQE/data/kagome/periodic/own_graph/opl/energy/2x2
End of HVQE.py
==========================================================================================
No CuPy installation found, continuing without GPU acceleration.
having the CPUs {0, 1, 4, 5} available.
Started basinhopping at 2020-12-25 00:16:47.221130 UTC, with
command line arguments = {'path': '/home/jorisk2/HVQE/data/kagome/periodic/own_graph/opl/energy/2x2', 'n_par': 16, 'par_multiplicity': 6, 'n_iter': 0, 'cost_fn': 'energy', 'temperature': 1.0, 'stepsize': 1.0, 'init_par': None, 'dump_interval': None}
runtime variables =  {'GPU': False, 'date_start': '2020-12-25 00:16:47.221130', 'complete_graph': [(0, 4), (2, 6), (8, 7), (10, 5), (11, 1), (9, 3), (1, 4), (3, 6), (5, 8), (7, 10), (9, 0), (11, 2), (1, 2), (3, 0), (6, 8), (4, 10), (5, 9), (7, 11), (0, 1), (2, 3), (4, 5), (6, 7), (8, 9), (10, 11)], 'init_layer': [(0, 1), (2, 3), (4, 5), (6, 7), (8, 9), (10, 11)], 'layers': [[(0, 4), (2, 6), (8, 7), (10, 5), (11, 1), (9, 3)], [(1, 4), (3, 6), (5, 8), (7, 10), (9, 0), (11, 2)], [(1, 2), (3, 0), (6, 8), (4, 10), (5, 9), (7, 11)], [(0, 1), (2, 3), (4, 5), (6, 7), (8, 9), (10, 11)]], 'n': 12}
................................................................................................. 
==========================================================================================
Finished basinhopping of  /home/jorisk2/HVQE/data/kagome/periodic/own_graph/opl/energy/2x2 at 2020-12-25 01:39:21.501445 UTC, with
 
{'path': '/home/jorisk2/HVQE/data/kagome/periodic/own_graph/opl/energy/2x2', 'n_par': 16, 'par_multiplicity': 6, 'n_iter': 0, 'cost_fn': 'energy', 'temperature': 1.0, 'stepsize': 1.0, 'init_par': None, 'dump_interval': None}
init_par = [0.0004343892425075406, -0.0002425976192121966, 0.0004192742443593874, -4.813317217774684e-05, 0.00014933803693420206, -0.0003029561407537622, 0.0003291326419067505, 0.0002799124196591066, -0.00021941439034823043, 9.317842999055973e-05, -0.000439821095050605, -0.0002189086095933628, 0.0003752151149376215, 0.00021955384127432705, 0.00034940746104718235, -0.00035979097886256606]
 
RESULTS:
--------
E_VQE = -5.209138231759052
inf_VQE = 0.6739691453687797
n_fn_calls = 97
Wall-clock time 1.3211218780941434 hours
 
For more output, see /home/jorisk2/HVQE/data/kagome/periodic/own_graph/opl/energy/2x2/output.txt
Plots of output saved in /home/jorisk2/HVQE/data/kagome/periodic/own_graph/opl/energy/2x2
End of HVQE.py
==========================================================================================
No CuPy installation found, continuing without GPU acceleration.
having the CPUs {0, 1, 4, 5} available.
Started basinhopping at 2020-12-25 01:58:41.684278 UTC, with
command line arguments = {'path': '/home/jorisk2/HVQE/data/kagome/periodic/own_graph/opl/energy/2x2', 'n_par': 20, 'par_multiplicity': 6, 'n_iter': 0, 'cost_fn': 'energy', 'temperature': 1.0, 'stepsize': 1.0, 'init_par': None, 'dump_interval': None}
runtime variables =  {'GPU': False, 'date_start': '2020-12-25 01:58:41.684278', 'complete_graph': [(0, 4), (2, 6), (8, 7), (10, 5), (11, 1), (9, 3), (1, 4), (3, 6), (5, 8), (7, 10), (9, 0), (11, 2), (1, 2), (3, 0), (6, 8), (4, 10), (5, 9), (7, 11), (0, 1), (2, 3), (4, 5), (6, 7), (8, 9), (10, 11)], 'init_layer': [(0, 1), (2, 3), (4, 5), (6, 7), (8, 9), (10, 11)], 'layers': [[(0, 4), (2, 6), (8, 7), (10, 5), (11, 1), (9, 3)], [(1, 4), (3, 6), (5, 8), (7, 10), (9, 0), (11, 2)], [(1, 2), (3, 0), (6, 8), (4, 10), (5, 9), (7, 11)], [(0, 1), (2, 3), (4, 5), (6, 7), (8, 9), (10, 11)]], 'n': 12}
......................................................................................... 
==========================================================================================
Finished basinhopping of  /home/jorisk2/HVQE/data/kagome/periodic/own_graph/opl/energy/2x2 at 2020-12-25 03:45:45.707069 UTC, with
 
{'path': '/home/jorisk2/HVQE/data/kagome/periodic/own_graph/opl/energy/2x2', 'n_par': 20, 'par_multiplicity': 6, 'n_iter': 0, 'cost_fn': 'energy', 'temperature': 1.0, 'stepsize': 1.0, 'init_par': None, 'dump_interval': None}
init_par = [0.0003660029557706003, 5.308705441515842e-06, 0.00013844370376099645, 0.0004522225575111854, -5.4608255441036314e-05, -0.0004961723285657907, -0.0003373502708677052, -0.00021420509000991898, 0.00022344164527026008, -0.0004613077936768937, 0.0004627212403021425, 0.00024362494073084707, 0.0004785724724887515, 0.0001613765015883278, 6.829208680523289e-05, 0.00021050456032843223, -0.00017120820977963524, -0.00013842880582267992, -0.00019100298161071384, 0.0004203641844040222]
 
RESULTS:
--------
E_VQE = -5.315105171373412
inf_VQE = 0.4827506497637707
n_fn_calls = 89
Wall-clock time 1.6531200533443027 hours
 
For more output, see /home/jorisk2/HVQE/data/kagome/periodic/own_graph/opl/energy/2x2/output.txt
Plots of output saved in /home/jorisk2/HVQE/data/kagome/periodic/own_graph/opl/energy/2x2
End of HVQE.py
==========================================================================================
No CuPy installation found, continuing without GPU acceleration.
having the CPUs {0, 1, 4, 5} available.
Started basinhopping at 2020-12-25 04:02:08.678227 UTC, with
command line arguments = {'path': '/home/jorisk2/HVQE/data/kagome/periodic/own_graph/opl/energy/2x2', 'n_par': 24, 'par_multiplicity': 6, 'n_iter': 0, 'cost_fn': 'energy', 'temperature': 1.0, 'stepsize': 1.0, 'init_par': None, 'dump_interval': None}
runtime variables =  {'GPU': False, 'date_start': '2020-12-25 04:02:08.678227', 'complete_graph': [(0, 4), (2, 6), (8, 7), (10, 5), (11, 1), (9, 3), (1, 4), (3, 6), (5, 8), (7, 10), (9, 0), (11, 2), (1, 2), (3, 0), (6, 8), (4, 10), (5, 9), (7, 11), (0, 1), (2, 3), (4, 5), (6, 7), (8, 9), (10, 11)], 'init_layer': [(0, 1), (2, 3), (4, 5), (6, 7), (8, 9), (10, 11)], 'layers': [[(0, 4), (2, 6), (8, 7), (10, 5), (11, 1), (9, 3)], [(1, 4), (3, 6), (5, 8), (7, 10), (9, 0), (11, 2)], [(1, 2), (3, 0), (6, 8), (4, 10), (5, 9), (7, 11)], [(0, 1), (2, 3), (4, 5), (6, 7), (8, 9), (10, 11)]], 'n': 12}
................................................................................................................................................ 
==========================================================================================
Finished basinhopping of  /home/jorisk2/HVQE/data/kagome/periodic/own_graph/opl/energy/2x2 at 2020-12-25 07:58:11.901916 UTC, with
 
{'path': '/home/jorisk2/HVQE/data/kagome/periodic/own_graph/opl/energy/2x2', 'n_par': 24, 'par_multiplicity': 6, 'n_iter': 0, 'cost_fn': 'energy', 'temperature': 1.0, 'stepsize': 1.0, 'init_par': None, 'dump_interval': None}
init_par = [3.376746871145255e-06, -0.0004474097699999464, 0.0003590949037038118, 0.00011457798189284463, 0.00040179684013076514, 0.00038203540790841437, -0.0003454030454217769, 0.00031552687524421554, 0.00013672327805475072, -0.00015101788729908185, -0.0003492612521988845, -6.773388418455207e-05, 0.00010580181944107021, 0.0004930946917512248, -1.4616858044022671e-05, 5.6727873429799095e-05, 0.0002838200471681696, 0.00019472975081682856, 0.00047331088992690474, 0.00041168825703086394, 0.00025632468735499556, -0.0004629525494894062, -9.423826748909014e-05, -0.00041272806484842184]
 
RESULTS:
--------
E_VQE = -5.293546207699657
inf_VQE = 0.5138139844461944
n_fn_calls = 144
Wall-clock time 3.774951438837581 hours
 
For more output, see /home/jorisk2/HVQE/data/kagome/periodic/own_graph/opl/energy/2x2/output.txt
Plots of output saved in /home/jorisk2/HVQE/data/kagome/periodic/own_graph/opl/energy/2x2
End of HVQE.py
==========================================================================================
No CuPy installation found, continuing without GPU acceleration.
having the CPUs {0, 1, 4, 5} available.
Started basinhopping at 2020-12-25 08:12:56.372968 UTC, with
command line arguments = {'path': '/home/jorisk2/HVQE/data/kagome/periodic/own_graph/opl/energy/2x2', 'n_par': 28, 'par_multiplicity': 6, 'n_iter': 0, 'cost_fn': 'energy', 'temperature': 1.0, 'stepsize': 1.0, 'init_par': None, 'dump_interval': None}
runtime variables =  {'GPU': False, 'date_start': '2020-12-25 08:12:56.372968', 'complete_graph': [(0, 4), (2, 6), (8, 7), (10, 5), (11, 1), (9, 3), (1, 4), (3, 6), (5, 8), (7, 10), (9, 0), (11, 2), (1, 2), (3, 0), (6, 8), (4, 10), (5, 9), (7, 11), (0, 1), (2, 3), (4, 5), (6, 7), (8, 9), (10, 11)], 'init_layer': [(0, 1), (2, 3), (4, 5), (6, 7), (8, 9), (10, 11)], 'layers': [[(0, 4), (2, 6), (8, 7), (10, 5), (11, 1), (9, 3)], [(1, 4), (3, 6), (5, 8), (7, 10), (9, 0), (11, 2)], [(1, 2), (3, 0), (6, 8), (4, 10), (5, 9), (7, 11)], [(0, 1), (2, 3), (4, 5), (6, 7), (8, 9), (10, 11)]], 'n': 12}
............................................................................................................................................................................................................................................... 
==========================================================================================
Finished basinhopping of  /home/jorisk2/HVQE/data/kagome/periodic/own_graph/opl/energy/2x2 at 2020-12-25 15:58:25.508904 UTC, with
 
{'path': '/home/jorisk2/HVQE/data/kagome/periodic/own_graph/opl/energy/2x2', 'n_par': 28, 'par_multiplicity': 6, 'n_iter': 0, 'cost_fn': 'energy', 'temperature': 1.0, 'stepsize': 1.0, 'init_par': None, 'dump_interval': None}
init_par = [-0.00023346829404955605, 0.00045238782697419513, -3.335184967730577e-05, 0.0003637466613015323, -8.160770517143967e-05, -0.00026781896209726564, 0.00029167663174645847, 0.00014699514073106777, 0.0004942200794013504, -0.00012638662438640047, 0.0003616596076266062, -0.00039891731417912633, -0.000235761372229637, 0.00035400851199772433, -9.074236448938154e-05, -0.00015535635067319767, 5.056873508727639e-05, -0.0003867496614554937, 6.383719308886474e-05, 0.00020987170970279332, -0.0003997610609555141, 8.421001437150131e-05, 9.455334361712264e-05, 0.0003101482864166239, 0.00027632641087943846, -8.841510883162606e-05, 0.00029905845784009813, -0.00042081142890605726]
 
RESULTS:
--------
E_VQE = -5.337507342596786
inf_VQE = 0.4094256019420073
n_fn_calls = 239
Wall-clock time 7.63188508603308 hours
 
For more output, see /home/jorisk2/HVQE/data/kagome/periodic/own_graph/opl/energy/2x2/output.txt
Plots of output saved in /home/jorisk2/HVQE/data/kagome/periodic/own_graph/opl/energy/2x2
End of HVQE.py
==========================================================================================
No CuPy installation found, continuing without GPU acceleration.
having the CPUs {0, 1, 4, 5} available.
Started basinhopping at 2020-12-25 16:16:03.567947 UTC, with
command line arguments = {'path': '/home/jorisk2/HVQE/data/kagome/periodic/own_graph/opl/energy/2x2', 'n_par': 32, 'par_multiplicity': 6, 'n_iter': 0, 'cost_fn': 'energy', 'temperature': 1.0, 'stepsize': 1.0, 'init_par': None, 'dump_interval': None}
runtime variables =  {'GPU': False, 'date_start': '2020-12-25 16:16:03.567947', 'complete_graph': [(0, 4), (2, 6), (8, 7), (10, 5), (11, 1), (9, 3), (1, 4), (3, 6), (5, 8), (7, 10), (9, 0), (11, 2), (1, 2), (3, 0), (6, 8), (4, 10), (5, 9), (7, 11), (0, 1), (2, 3), (4, 5), (6, 7), (8, 9), (10, 11)], 'init_layer': [(0, 1), (2, 3), (4, 5), (6, 7), (8, 9), (10, 11)], 'layers': [[(0, 4), (2, 6), (8, 7), (10, 5), (11, 1), (9, 3)], [(1, 4), (3, 6), (5, 8), (7, 10), (9, 0), (11, 2)], [(1, 2), (3, 0), (6, 8), (4, 10), (5, 9), (7, 11)], [(0, 1), (2, 3), (4, 5), (6, 7), (8, 9), (10, 11)]], 'n': 12}
............................................................................................................................................................slurmstepd: error: *** JOB 7176079 ON r38n4 CANCELLED AT 2020-12-25T23:51:10 DUE TO TIME LIMIT ***
