No CuPy installation found, continuing without GPU acceleration.
having the CPUs {24, 25, 28, 29} available.
Started basinhopping at 2020-12-24 22:43:25.632136 UTC, with
command line arguments = {'path': '/home/jorisk2/HVQE/data/kagome/periodic/own_graph/opl/energy/2x2', 'n_par': 4, 'par_multiplicity': 6, 'n_iter': 0, 'cost_fn': 'energy', 'temperature': 1.0, 'stepsize': 1.0, 'init_par': None, 'dump_interval': None}
runtime variables =  {'GPU': False, 'date_start': '2020-12-24 22:43:25.632136', 'complete_graph': [(0, 4), (2, 6), (8, 7), (10, 5), (11, 1), (9, 3), (1, 4), (3, 6), (5, 8), (7, 10), (9, 0), (11, 2), (1, 2), (3, 0), (6, 8), (4, 10), (5, 9), (7, 11), (0, 1), (2, 3), (4, 5), (6, 7), (8, 9), (10, 11)], 'init_layer': [(0, 1), (2, 3), (4, 5), (6, 7), (8, 9), (10, 11)], 'layers': [[(0, 4), (2, 6), (8, 7), (10, 5), (11, 1), (9, 3)], [(1, 4), (3, 6), (5, 8), (7, 10), (9, 0), (11, 2)], [(1, 2), (3, 0), (6, 8), (4, 10), (5, 9), (7, 11)], [(0, 1), (2, 3), (4, 5), (6, 7), (8, 9), (10, 11)]], 'n': 12}
........................................ 
==========================================================================================
Finished basinhopping of  /home/jorisk2/HVQE/data/kagome/periodic/own_graph/opl/energy/2x2 at 2020-12-24 22:47:43.120613 UTC, with
 
{'path': '/home/jorisk2/HVQE/data/kagome/periodic/own_graph/opl/energy/2x2', 'n_par': 4, 'par_multiplicity': 6, 'n_iter': 0, 'cost_fn': 'energy', 'temperature': 1.0, 'stepsize': 1.0, 'init_par': None, 'dump_interval': None}
init_par = [-0.0004925170604018987, 4.025037277763626e-05, 0.0004334030950187229, -2.9228099849224604e-05]
 
RESULTS:
--------
E_VQE = -5.101727007315182
inf_VQE = 0.8041623191864933
n_fn_calls = 40
Wall-clock time 0.04846799300776587 hours
 
For more output, see /home/jorisk2/HVQE/data/kagome/periodic/own_graph/opl/energy/2x2/output.txt
Plots of output saved in /home/jorisk2/HVQE/data/kagome/periodic/own_graph/opl/energy/2x2
End of HVQE.py
==========================================================================================
