No CuPy installation found, continuing without GPU acceleration.
having the CPUs {25, 51, 53, 23} available.
Started basinhopping at 2020-12-24 23:47:59.222898 UTC, with
command line arguments = {'path': '/home/jkattem1/HVQE/data/kagome/periodic/own_graph/ops/infidelity/4x2', 'n_par': 12, 'par_multiplicity': 4, 'n_iter': 10, 'cost_fn': 'infidelity', 'temperature': 0.1, 'stepsize': 0.1, 'init_par': None, 'dump_interval': 64}
runtime variables =  {'GPU': False, 'date_start': '2020-12-24 23:47:59.222898', 'complete_graph': [(0, 8), (2, 10), (4, 12), (6, 14), (16, 11), (18, 13), (20, 15), (22, 9), (19, 1), (21, 3), (23, 5), (17, 7), (1, 8), (3, 10), (5, 12), (7, 14), (9, 16), (11, 18), (13, 20), (15, 22), (17, 0), (19, 2), (21, 4), (23, 6), (1, 2), (3, 4), (5, 6), (7, 0), (10, 16), (12, 18), (14, 20), (8, 22), (9, 17), (11, 19), (13, 21), (15, 23), (0, 1), (2, 3), (4, 5), (6, 7), (8, 9), (10, 11), (12, 13), (14, 15), (16, 17), (18, 19), (20, 21), (22, 23)], 'init_layer': [(0, 1), (2, 3), (4, 5), (6, 7), (8, 9), (10, 11), (12, 13), (14, 15), (16, 17), (18, 19), (20, 21), (22, 23)], 'layers': [[(0, 8), (2, 10), (4, 12), (6, 14), (16, 11), (18, 13), (20, 15), (22, 9), (19, 1), (21, 3), (23, 5), (17, 7)], [(1, 8), (3, 10), (5, 12), (7, 14), (9, 16), (11, 18), (13, 20), (15, 22), (17, 0), (19, 2), (21, 4), (23, 6)], [(1, 2), (3, 4), (5, 6), (7, 0), (10, 16), (12, 18), (14, 20), (8, 22), (9, 17), (11, 19), (13, 21), (15, 23)], [(0, 1), (2, 3), (4, 5), (6, 7), (8, 9), (10, 11), (12, 13), (14, 15), (16, 17), (18, 19), (20, 21), (22, 23)]], 'n': 24}
.1.0 [-2.89581623e-32  4.42963887e-33 -3.20787706e-33  2.70879037e-32
  8.38531842e-33  3.50398879e-32  3.35472922e-32  9.67779797e-33
 -1.84528163e-32 -2.41321590e-32 -3.20068015e-32 -2.50485991e-33]
.1.0 [ 1.85813721e-30  4.12919380e-30 -1.25200854e-29 -3.67313359e-30
 -4.25245332e-30 -4.24320885e-30 -8.28920248e-31 -3.34495513e-30
  2.64699812e-30 -2.32657152e-30 -4.39400917e-30 -2.51434969e-30]

New local min for {'path': '/home/jkattem1/HVQE/data/kagome/periodic/own_graph/ops/infidelity/4x2', 'n_par': 12, 'par_multiplicity': 4, 'n_iter': 10, 'cost_fn': 'infidelity', 'temperature': 0.1, 'stepsize': 0.1, 'init_par': None, 'dump_interval': 64}
cost= 1.0 accepted= True parameters= [0.03754404488818686, 0.04685683680169944, -0.09993437193050718, 0.03927271733202085, -0.01669194982395968, 0.012448712380987076, 0.046727292239173907, -0.02998508595863788, -0.09108928188654908, 0.0726647702988588, -0.0009794742011789701, 0.039121576488378704]
.1.0 [ 1.19253582e-30  9.12736719e-30 -1.15062759e-29  2.67165002e-30
 -9.87308727e-30 -2.25564915e-30 -1.48527717e-30 -2.29859739e-30
  8.14745404e-30 -1.35233023e-29 -8.69287740e-30 -1.99911528e-30]

New local min for {'path': '/home/jkattem1/HVQE/data/kagome/periodic/own_graph/ops/infidelity/4x2', 'n_par': 12, 'par_multiplicity': 4, 'n_iter': 10, 'cost_fn': 'infidelity', 'temperature': 0.1, 'stepsize': 0.1, 'init_par': None, 'dump_interval': 64}
cost= 1.0 accepted= True parameters= [-0.0552147492290816, 0.025853670501211845, -0.05513712193939811, 0.10745497974242568, -0.09059991436203936, 0.0929810796243388, -0.001990816493196844, -0.0643037775127748, -0.02930531284791818, 0.06077966824027181, -0.008452271423792998, 0.1160911931454809]
.1.0 [ 5.36949268e-30  1.23660110e-29 -1.37865769e-29 -4.90919543e-30
 -2.04302649e-29 -2.40972355e-30  7.98817963e-30 -1.19284397e-29
  1.73795918e-29 -1.33379315e-29  3.42627752e-30 -2.69938341e-30]

New local min for {'path': '/home/jkattem1/HVQE/data/kagome/periodic/own_graph/ops/infidelity/4x2', 'n_par': 12, 'par_multiplicity': 4, 'n_iter': 10, 'cost_fn': 'infidelity', 'temperature': 0.1, 'stepsize': 0.1, 'init_par': None, 'dump_interval': 64}
cost= 1.0 accepted= True parameters= [0.0003463003551253327, 0.03361684172828358, -0.04578382421029073, 0.01242263360741025, -0.1819738500608828, 0.16575927733607787, 0.07846423331013685, -0.15898419766377492, -0.018283023279855537, 0.025658006329305497, 0.06811839661597217, 0.15507183512436679]
.1.0 [ 2.75485019e-30  1.67632942e-29 -9.45400491e-30 -2.03378202e-30
 -1.69851614e-29  1.22489144e-30  1.23783369e-29 -1.76168664e-29
  1.33490056e-29 -1.27239451e-29  8.46561766e-30  4.94578810e-31]

New local min for {'path': '/home/jkattem1/HVQE/data/kagome/periodic/own_graph/ops/infidelity/4x2', 'n_par': 12, 'par_multiplicity': 4, 'n_iter': 10, 'cost_fn': 'infidelity', 'temperature': 0.1, 'stepsize': 0.1, 'init_par': None, 'dump_interval': 64}
cost= 1.0 accepted= True parameters= [0.0057034708608013004, 0.008945813454554447, -0.01566847865280449, -0.025833361815552937, -0.21848780069181067, 0.14678431691711702, 0.1136697781538612, -0.24033193655319512, 0.03959312316413127, -0.003854642589873239, -0.0019918003662121736, 0.06202152291071755]
.1.0 [ 2.67473151e-30  1.62579302e-29 -9.09038934e-30  5.39260384e-32
 -1.53334838e-29  4.62839484e-30  1.91483659e-29 -1.73780511e-29
  9.41702706e-30 -1.38327992e-29  5.97904951e-30  2.95514691e-30]

New local min for {'path': '/home/jkattem1/HVQE/data/kagome/periodic/own_graph/ops/infidelity/4x2', 'n_par': 12, 'par_multiplicity': 4, 'n_iter': 10, 'cost_fn': 'infidelity', 'temperature': 0.1, 'stepsize': 0.1, 'init_par': None, 'dump_interval': 64}
cost= 1.0 accepted= True parameters= [-0.055392148932172126, -0.05429779616699737, -0.02708189810103835, -0.0526611199878396, -0.19839055141780304, 0.0794107993619209, 0.17948600703181336, -0.31989169302323506, 0.01320669888957432, -0.07270377935620116, -0.02805808226298323, 0.019614085631752827]
.1.0 [ 4.41731292e-30  1.86491648e-29 -5.81784918e-30  2.74791684e-30
 -1.40700738e-29  1.21225734e-29  1.95186560e-29 -1.52256318e-29
  8.55421044e-30 -2.80642660e-29  3.25212530e-30  4.75165436e-30]

New local min for {'path': '/home/jkattem1/HVQE/data/kagome/periodic/own_graph/ops/infidelity/4x2', 'n_par': 12, 'par_multiplicity': 4, 'n_iter': 10, 'cost_fn': 'infidelity', 'temperature': 0.1, 'stepsize': 0.1, 'init_par': None, 'dump_interval': 64}
cost= 1.0 accepted= True parameters= [-0.14253617306242167, -0.13601118899882064, 0.009802083248995938, 0.03513592294156772, -0.2601341294140339, 0.17852736013513248, 0.20532487828970825, -0.3348473528488591, 0.10860551305742538, -0.06184056569798989, 0.001886491917764438, -0.06152737834521709]
.1.0 [ 5.46655955e-30  2.65316109e-29 -9.12736719e-30  5.49737443e-30
 -1.68865538e-29  1.38112288e-29  1.74342882e-29 -1.85320683e-29
  1.02551918e-29 -2.71294196e-29 -1.68114425e-30  7.98721667e-30]

New local min for {'path': '/home/jkattem1/HVQE/data/kagome/periodic/own_graph/ops/infidelity/4x2', 'n_par': 12, 'par_multiplicity': 4, 'n_iter': 10, 'cost_fn': 'infidelity', 'temperature': 0.1, 'stepsize': 0.1, 'init_par': None, 'dump_interval': 64}
cost= 1.0 accepted= True parameters= [-0.24178188202067602, -0.038749055723185266, -0.06251860295718044, 0.10875598309478357, -0.32797454301822704, 0.17186080541705445, 0.1525914299164962, -0.4265713458351217, 0.2013616601143232, -0.046683299527170194, -0.024155960373256805, -0.10381262809038999]
.slurmstepd: error: *** JOB 84932 ON obelix-cn007 CANCELLED AT 2020-12-25T00:56:27 ***
