No CuPy installation found, continuing without GPU acceleration.
having the CPUs {0, 2, 28, 30} available.
Started basinhopping at 2020-12-24 23:39:29.111299 UTC, with
command line arguments = {'path': '/home/jkattem1/HVQE/data/kagome/periodic/own_graph/ops/infidelity/4x2', 'n_par': 12, 'par_multiplicity': 4, 'n_iter': 0, 'cost_fn': 'infidelity', 'temperature': 1.0, 'stepsize': 1.0, 'init_par': None, 'dump_interval': 64}
runtime variables =  {'GPU': False, 'date_start': '2020-12-24 23:39:29.111299', 'complete_graph': [(0, 8), (2, 10), (4, 12), (6, 14), (16, 11), (18, 13), (20, 15), (22, 9), (19, 1), (21, 3), (23, 5), (17, 7), (1, 8), (3, 10), (5, 12), (7, 14), (9, 16), (11, 18), (13, 20), (15, 22), (17, 0), (19, 2), (21, 4), (23, 6), (1, 2), (3, 4), (5, 6), (7, 0), (10, 16), (12, 18), (14, 20), (8, 22), (9, 17), (11, 19), (13, 21), (15, 23), (0, 1), (2, 3), (4, 5), (6, 7), (8, 9), (10, 11), (12, 13), (14, 15), (16, 17), (18, 19), (20, 21), (22, 23)], 'init_layer': [(0, 1), (2, 3), (4, 5), (6, 7), (8, 9), (10, 11), (12, 13), (14, 15), (16, 17), (18, 19), (20, 21), (22, 23)], 'layers': [[(0, 8), (2, 10), (4, 12), (6, 14), (16, 11), (18, 13), (20, 15), (22, 9), (19, 1), (21, 3), (23, 5), (17, 7)], [(1, 8), (3, 10), (5, 12), (7, 14), (9, 16), (11, 18), (13, 20), (15, 22), (17, 0), (19, 2), (21, 4), (23, 6)], [(1, 2), (3, 4), (5, 6), (7, 0), (10, 16), (12, 18), (14, 20), (8, 22), (9, 17), (11, 19), (13, 21), (15, 23)], [(0, 1), (2, 3), (4, 5), (6, 7), (8, 9), (10, 11), (12, 13), (14, 15), (16, 17), (18, 19), (20, 21), (22, 23)]], 'n': 24}
.1.0 [ 4.52352796e-32  1.82120750e-32 -9.56344588e-33 -5.30593700e-32
  2.94908023e-34  3.85185989e-33  8.00464633e-34 -4.13352714e-32
  1.22146088e-32 -4.02987995e-33  8.03434353e-33 -4.03434252e-32]
 
==========================================================================================
Finished basinhopping of  /home/jkattem1/HVQE/data/kagome/periodic/own_graph/ops/infidelity/4x2 at 2020-12-24 23:41:12.871104 UTC, with
 
{'path': '/home/jkattem1/HVQE/data/kagome/periodic/own_graph/ops/infidelity/4x2', 'n_par': 12, 'par_multiplicity': 4, 'n_iter': 0, 'cost_fn': 'infidelity', 'temperature': 1.0, 'stepsize': 1.0, 'init_par': None, 'dump_interval': 64}
init_par = [0.00011242122652470646, 0.00029234055002309465, 0.00020337055749103882, -0.0004859276183890934, 0.00011656707233522097, 9.490953114651588e-05, 0.0004140635302307377, -0.0004996626666515234, -0.0004052564921557135, 0.00028728459402482917, 0.0001707184555541475, -0.0003895913974300962]
 
RESULTS:
--------
E_VQE = -8.999999035171136
inf_VQE = 1.0
n_fn_calls = 1
Wall-clock time 0.014236579802301195 hours
 
For more output, see /home/jkattem1/HVQE/data/kagome/periodic/own_graph/ops/infidelity/4x2/output.txt
Plots of output saved in /home/jkattem1/HVQE/data/kagome/periodic/own_graph/ops/infidelity/4x2
End of HVQE.py
==========================================================================================
No CuPy installation found, continuing without GPU acceleration.
having the CPUs {0, 2, 28, 30} available.
Started basinhopping at 2020-12-24 23:41:17.654154 UTC, with
command line arguments = {'path': '/home/jkattem1/HVQE/data/kagome/periodic/own_graph/ops/infidelity/4x2', 'n_par': 24, 'par_multiplicity': 4, 'n_iter': 0, 'cost_fn': 'infidelity', 'temperature': 1.0, 'stepsize': 1.0, 'init_par': None, 'dump_interval': 64}
runtime variables =  {'GPU': False, 'date_start': '2020-12-24 23:41:17.654154', 'complete_graph': [(0, 8), (2, 10), (4, 12), (6, 14), (16, 11), (18, 13), (20, 15), (22, 9), (19, 1), (21, 3), (23, 5), (17, 7), (1, 8), (3, 10), (5, 12), (7, 14), (9, 16), (11, 18), (13, 20), (15, 22), (17, 0), (19, 2), (21, 4), (23, 6), (1, 2), (3, 4), (5, 6), (7, 0), (10, 16), (12, 18), (14, 20), (8, 22), (9, 17), (11, 19), (13, 21), (15, 23), (0, 1), (2, 3), (4, 5), (6, 7), (8, 9), (10, 11), (12, 13), (14, 15), (16, 17), (18, 19), (20, 21), (22, 23)], 'init_layer': [(0, 1), (2, 3), (4, 5), (6, 7), (8, 9), (10, 11), (12, 13), (14, 15), (16, 17), (18, 19), (20, 21), (22, 23)], 'layers': [[(0, 8), (2, 10), (4, 12), (6, 14), (16, 11), (18, 13), (20, 15), (22, 9), (19, 1), (21, 3), (23, 5), (17, 7)], [(1, 8), (3, 10), (5, 12), (7, 14), (9, 16), (11, 18), (13, 20), (15, 22), (17, 0), (19, 2), (21, 4), (23, 6)], [(1, 2), (3, 4), (5, 6), (7, 0), (10, 16), (12, 18), (14, 20), (8, 22), (9, 17), (11, 19), (13, 21), (15, 23)], [(0, 1), (2, 3), (4, 5), (6, 7), (8, 9), (10, 11), (12, 13), (14, 15), (16, 17), (18, 19), (20, 21), (22, 23)]], 'n': 24}
.1.0 [ 1.22176181e-33 -3.18320109e-32  1.53111431e-32  9.44307526e-33
  2.47481998e-32 -2.56389424e-33 -1.47213270e-32  5.37454825e-32
 -1.38185474e-32 -6.69984997e-32 -1.95000406e-32  6.71986978e-33
  4.19010134e-32 -3.69898920e-32  1.49741053e-32 -1.41074368e-32
  3.41852565e-32 -1.23379887e-32 -2.39356981e-32  2.69946165e-32
 -4.46575006e-32 -1.59589600e-32  1.68127067e-32  2.03581929e-32]
 
==========================================================================================
Finished basinhopping of  /home/jkattem1/HVQE/data/kagome/periodic/own_graph/ops/infidelity/4x2 at 2020-12-24 23:44:07.622758 UTC, with
 
{'path': '/home/jkattem1/HVQE/data/kagome/periodic/own_graph/ops/infidelity/4x2', 'n_par': 24, 'par_multiplicity': 4, 'n_iter': 0, 'cost_fn': 'infidelity', 'temperature': 1.0, 'stepsize': 1.0, 'init_par': None, 'dump_interval': 64}
init_par = [-0.00014718712695525074, 5.64643703567869e-07, -9.847908772210958e-05, 0.00031849631983076575, 0.00018145724698403858, 0.00012272690558430012, 0.0004063790318271194, 0.00026045750036900834, 0.0003800420993920324, 7.663558201214727e-06, 0.00011895933877396642, 0.00023152864788878846, 0.00033589959088633494, -0.0004774008394292275, 0.0001344704533581888, -0.00010692388889908279, 1.543499101760591e-05, -0.0001746821629033991, -0.0002134710096147037, 0.00012993706211163582, 7.426561542815137e-05, 0.0003458962783761684, -0.0002742440837605862, -0.00036815583393324093]
 
RESULTS:
--------
E_VQE = -8.999999542785911
inf_VQE = 1.0
n_fn_calls = 1
Wall-clock time 0.028158989946047465 hours
 
For more output, see /home/jkattem1/HVQE/data/kagome/periodic/own_graph/ops/infidelity/4x2/output.txt
Plots of output saved in /home/jkattem1/HVQE/data/kagome/periodic/own_graph/ops/infidelity/4x2
End of HVQE.py
==========================================================================================
No CuPy installation found, continuing without GPU acceleration.
having the CPUs {0, 2, 28, 30} available.
Started basinhopping at 2020-12-24 23:44:11.271418 UTC, with
command line arguments = {'path': '/home/jkattem1/HVQE/data/kagome/periodic/own_graph/ops/infidelity/4x2', 'n_par': 36, 'par_multiplicity': 4, 'n_iter': 0, 'cost_fn': 'infidelity', 'temperature': 1.0, 'stepsize': 1.0, 'init_par': None, 'dump_interval': 64}
runtime variables =  {'GPU': False, 'date_start': '2020-12-24 23:44:11.271418', 'complete_graph': [(0, 8), (2, 10), (4, 12), (6, 14), (16, 11), (18, 13), (20, 15), (22, 9), (19, 1), (21, 3), (23, 5), (17, 7), (1, 8), (3, 10), (5, 12), (7, 14), (9, 16), (11, 18), (13, 20), (15, 22), (17, 0), (19, 2), (21, 4), (23, 6), (1, 2), (3, 4), (5, 6), (7, 0), (10, 16), (12, 18), (14, 20), (8, 22), (9, 17), (11, 19), (13, 21), (15, 23), (0, 1), (2, 3), (4, 5), (6, 7), (8, 9), (10, 11), (12, 13), (14, 15), (16, 17), (18, 19), (20, 21), (22, 23)], 'init_layer': [(0, 1), (2, 3), (4, 5), (6, 7), (8, 9), (10, 11), (12, 13), (14, 15), (16, 17), (18, 19), (20, 21), (22, 23)], 'layers': [[(0, 8), (2, 10), (4, 12), (6, 14), (16, 11), (18, 13), (20, 15), (22, 9), (19, 1), (21, 3), (23, 5), (17, 7)], [(1, 8), (3, 10), (5, 12), (7, 14), (9, 16), (11, 18), (13, 20), (15, 22), (17, 0), (19, 2), (21, 4), (23, 6)], [(1, 2), (3, 4), (5, 6), (7, 0), (10, 16), (12, 18), (14, 20), (8, 22), (9, 17), (11, 19), (13, 21), (15, 23)], [(0, 1), (2, 3), (4, 5), (6, 7), (8, 9), (10, 11), (12, 13), (14, 15), (16, 17), (18, 19), (20, 21), (22, 23)]], 'n': 24}
.1.0 [-3.96982310e-32  3.61533162e-32 -3.21991413e-32  2.16185636e-32
 -2.29727331e-32  4.53315761e-32  4.32371273e-32 -4.88102870e-32
  1.39690106e-32  3.58236988e-32  1.21765337e-32  2.60965047e-33
 -5.80066025e-32  4.47056488e-32 -3.72547074e-32  3.73750780e-32
 -9.18427842e-33  3.64241501e-32  2.21722685e-32 -3.95357306e-32
  2.92681166e-32  6.96839865e-33 -1.85699296e-32 -3.55349503e-32
 -7.60983069e-32  6.09015160e-32 -1.78148520e-32  7.20779282e-32
  2.82148737e-32  7.24149659e-32  3.55334075e-32 -5.91704360e-32
 -8.08890577e-33  2.72428775e-32  1.37858299e-32 -4.07659045e-32]
 
==========================================================================================
Finished basinhopping of  /home/jkattem1/HVQE/data/kagome/periodic/own_graph/ops/infidelity/4x2 at 2020-12-24 23:48:13.063836 UTC, with
 
{'path': '/home/jkattem1/HVQE/data/kagome/periodic/own_graph/ops/infidelity/4x2', 'n_par': 36, 'par_multiplicity': 4, 'n_iter': 0, 'cost_fn': 'infidelity', 'temperature': 1.0, 'stepsize': 1.0, 'init_par': None, 'dump_interval': 64}
init_par = [0.00032476228079354383, 0.0004277974718138771, -0.0004805728535857408, -9.053982369867708e-05, 3.243956465830036e-06, -9.161944547288572e-05, 7.328784041991032e-05, -0.0004565264890159564, -0.00010041211646248042, -0.00028465475100667695, 0.0001539250735917286, 3.3718407721208e-05, -7.217250864957159e-05, 5.609874762652024e-05, 0.00019161327443061287, 0.00015570541436752913, 0.00019283767784548358, 0.00032743201520805867, -9.358451325438232e-05, -0.00025068853935128233, -0.00011372917915159554, 0.00018473983960491842, 0.00022369602362051245, 0.0004529810213857727, 2.4997450930033566e-05, -3.601847539011851e-05, -9.970271892621133e-05, -0.00024112075133581815, -0.00047179172651329516, 0.00043972594720181554, -0.000300138416212438, 0.00032573570071360656, -0.00020333979587758614, -0.0004318692044824382, -0.00017829152560643237, -0.0004118911702271875]
 
RESULTS:
--------
E_VQE = -8.999998392419457
inf_VQE = 1.0
n_fn_calls = 1
Wall-clock time 0.04213709049754673 hours
 
For more output, see /home/jkattem1/HVQE/data/kagome/periodic/own_graph/ops/infidelity/4x2/output.txt
Plots of output saved in /home/jkattem1/HVQE/data/kagome/periodic/own_graph/ops/infidelity/4x2
End of HVQE.py
==========================================================================================
No CuPy installation found, continuing without GPU acceleration.
having the CPUs {0, 2, 28, 30} available.
Started basinhopping at 2020-12-24 23:48:16.063303 UTC, with
command line arguments = {'path': '/home/jkattem1/HVQE/data/kagome/periodic/own_graph/ops/infidelity/4x2', 'n_par': 48, 'par_multiplicity': 4, 'n_iter': 0, 'cost_fn': 'infidelity', 'temperature': 1.0, 'stepsize': 1.0, 'init_par': None, 'dump_interval': 64}
runtime variables =  {'GPU': False, 'date_start': '2020-12-24 23:48:16.063303', 'complete_graph': [(0, 8), (2, 10), (4, 12), (6, 14), (16, 11), (18, 13), (20, 15), (22, 9), (19, 1), (21, 3), (23, 5), (17, 7), (1, 8), (3, 10), (5, 12), (7, 14), (9, 16), (11, 18), (13, 20), (15, 22), (17, 0), (19, 2), (21, 4), (23, 6), (1, 2), (3, 4), (5, 6), (7, 0), (10, 16), (12, 18), (14, 20), (8, 22), (9, 17), (11, 19), (13, 21), (15, 23), (0, 1), (2, 3), (4, 5), (6, 7), (8, 9), (10, 11), (12, 13), (14, 15), (16, 17), (18, 19), (20, 21), (22, 23)], 'init_layer': [(0, 1), (2, 3), (4, 5), (6, 7), (8, 9), (10, 11), (12, 13), (14, 15), (16, 17), (18, 19), (20, 21), (22, 23)], 'layers': [[(0, 8), (2, 10), (4, 12), (6, 14), (16, 11), (18, 13), (20, 15), (22, 9), (19, 1), (21, 3), (23, 5), (17, 7)], [(1, 8), (3, 10), (5, 12), (7, 14), (9, 16), (11, 18), (13, 20), (15, 22), (17, 0), (19, 2), (21, 4), (23, 6)], [(1, 2), (3, 4), (5, 6), (7, 0), (10, 16), (12, 18), (14, 20), (8, 22), (9, 17), (11, 19), (13, 21), (15, 23)], [(0, 1), (2, 3), (4, 5), (6, 7), (8, 9), (10, 11), (12, 13), (14, 15), (16, 17), (18, 19), (20, 21), (22, 23)]], 'n': 24}
.1.0 [ 5.02908457e-32  3.64602613e-32 -2.58917207e-32 -3.53889627e-32
 -1.63704045e-32  3.84659367e-32  3.53054556e-32 -1.00930766e-32
  1.67917017e-32 -5.43884635e-32 -4.84617461e-32  3.05977956e-33
  4.77510256e-32  3.91565632e-32 -2.12333776e-32 -1.35778061e-32
 -3.75074857e-32  4.71010242e-32  7.20538540e-32 -1.03338179e-32
  4.72815801e-32 -5.55941621e-32 -2.86835773e-32  9.49060967e-33
  5.23371462e-32  3.38064652e-32 -3.01408036e-32 -2.51213487e-32
 -5.40983189e-32  2.66500556e-32  4.57047250e-32 -8.19122079e-33
  6.10640163e-32 -6.82425917e-32 -6.67618360e-32 -2.69377058e-32
  1.85370757e-32  6.30441130e-32 -8.90742599e-33  4.30445343e-32
  2.31111593e-33  7.41001546e-32  7.45094147e-32 -1.77727223e-32
  1.51666983e-32 -6.78424571e-32 -4.43154275e-32 -1.37512323e-32]
 
==========================================================================================
Finished basinhopping of  /home/jkattem1/HVQE/data/kagome/periodic/own_graph/ops/infidelity/4x2 at 2020-12-24 23:53:49.888614 UTC, with
 
{'path': '/home/jkattem1/HVQE/data/kagome/periodic/own_graph/ops/infidelity/4x2', 'n_par': 48, 'par_multiplicity': 4, 'n_iter': 0, 'cost_fn': 'infidelity', 'temperature': 1.0, 'stepsize': 1.0, 'init_par': None, 'dump_interval': 64}
init_par = [-0.00022932615399889645, 0.00010199069724397625, 0.00017610275123577295, 0.0003244775516851343, 0.00022375348813341057, -0.0004069383207890745, 0.0004389671529279679, 0.0001314831179556697, -6.924120689658585e-05, 0.0004972282746672236, -1.0950197598713239e-05, -0.00034208106691132765, 7.993285864367657e-05, 0.0003767476429802401, -0.00021046852754188784, -9.085609411348751e-05, 5.4864794694605215e-05, 0.00016123092018414617, 0.00011952217355470072, -0.0004730877144120503, 0.00044214039378424864, -0.00023222206265009152, -0.00010621040041433496, 0.00020256469693136474, 0.00018426326678803388, 4.094201763790912e-05, -0.00021688816308292725, 0.00020310078660336524, 0.00045583786929983357, 7.61024827626662e-05, 0.00016583254210801688, -0.00013581881651973595, -0.0003648924393722052, 0.0002903904452586796, 0.0004671928737814713, 0.0002886373150157392, -0.00019841928060510352, -0.00013010679124608407, 9.483749190784905e-05, -0.00019651731700381757, -0.0003757518134163678, 0.00015696633838664295, -0.00015068781377558152, 0.00032026681642828255, 6.738962393683812e-05, -0.0004526559488111367, 0.00038664022198320574, -0.0004594410976274052]
 
RESULTS:
--------
E_VQE = -8.999999005080022
inf_VQE = 1.0
n_fn_calls = 1
Wall-clock time 0.059335572255982294 hours
 
For more output, see /home/jkattem1/HVQE/data/kagome/periodic/own_graph/ops/infidelity/4x2/output.txt
Plots of output saved in /home/jkattem1/HVQE/data/kagome/periodic/own_graph/ops/infidelity/4x2
End of HVQE.py
==========================================================================================
slurmstepd: error: *** JOB 84931 ON obelix-cn006 CANCELLED AT 2020-12-25T00:56:36 ***
