No CuPy installation found, continuing without GPU acceleration.
having the CPUs {18, 19, 46, 47} available.
Started basinhopping at 2021-01-11 20:54:22.548984 UTC, with
command line arguments = {'path': '/home/jkattem1/HVQE/data/kagome/periodic/own_graph/ops/infidelity/4x2', 'n_par': 12, 'par_multiplicity': 4, 'n_iter': 0, 'cost_fn': 'infidelity', 'temperature': 1.0, 'stepsize': 1.0, 'init_par': None, 'dump_interval': 64}
runtime variables =  {'GPU': False, 'date_start': '2021-01-11 20:54:22.548984', 'complete_graph': [(0, 8), (2, 10), (4, 12), (6, 14), (16, 11), (18, 13), (20, 15), (22, 9), (19, 1), (21, 3), (23, 5), (17, 7), (1, 8), (3, 10), (5, 12), (7, 14), (9, 16), (11, 18), (13, 20), (15, 22), (17, 0), (19, 2), (21, 4), (23, 6), (1, 2), (3, 4), (5, 6), (7, 0), (10, 16), (12, 18), (14, 20), (8, 22), (9, 17), (11, 19), (13, 21), (15, 23), (0, 1), (2, 3), (4, 5), (6, 7), (8, 9), (10, 11), (12, 13), (14, 15), (16, 17), (18, 19), (20, 21), (22, 23)], 'init_layer': [(0, 1), (2, 3), (4, 5), (6, 7), (8, 9), (10, 11), (12, 13), (14, 15), (16, 17), (18, 19), (20, 21), (22, 23)], 'layers': [[(0, 8), (2, 10), (4, 12), (6, 14), (16, 11), (18, 13), (20, 15), (22, 9), (19, 1), (21, 3), (23, 5), (17, 7)], [(1, 8), (3, 10), (5, 12), (7, 14), (9, 16), (11, 18), (13, 20), (15, 22), (17, 0), (19, 2), (21, 4), (23, 6)], [(1, 2), (3, 4), (5, 6), (7, 0), (10, 16), (12, 18), (14, 20), (8, 22), (9, 17), (11, 19), (13, 21), (15, 23)], [(0, 1), (2, 3), (4, 5), (6, 7), (8, 9), (10, 11), (12, 13), (14, 15), (16, 17), (18, 19), (20, 21), (22, 23)]], 'n': 24}
. 
==========================================================================================
Finished basinhopping of  /home/jkattem1/HVQE/data/kagome/periodic/own_graph/ops/infidelity/4x2 at 2021-01-11 20:56:07.863485 UTC, with
 
{'path': '/home/jkattem1/HVQE/data/kagome/periodic/own_graph/ops/infidelity/4x2', 'n_par': 12, 'par_multiplicity': 4, 'n_iter': 0, 'cost_fn': 'infidelity', 'temperature': 1.0, 'stepsize': 1.0, 'init_par': None, 'dump_interval': 64}
init_par = [0.0003401182851834783, -0.00026473039186574577, -8.99696072056019e-05, -2.9842549251578928e-05, -0.00033006460477928354, 0.0004931320262137992, 0.00011985987798411168, 0.0002321540571136655, -0.00029417142504030013, 0.00023648948943290934, 0.00021505634621201255, -0.00027284256124459304]
 
RESULTS:
--------
E_VQE = -8.999999375802046
inf_VQE = 1.0
n_fn_calls = 1
Wall-clock time 0.014547328088018629 hours
 
For more output, see /home/jkattem1/HVQE/data/kagome/periodic/own_graph/ops/infidelity/4x2/output.txt
Plots of output saved in /home/jkattem1/HVQE/data/kagome/periodic/own_graph/ops/infidelity/4x2
End of HVQE.py
==========================================================================================
No CuPy installation found, continuing without GPU acceleration.
having the CPUs {18, 19, 46, 47} available.
Started basinhopping at 2021-01-11 20:56:10.928301 UTC, with
command line arguments = {'path': '/home/jkattem1/HVQE/data/kagome/periodic/own_graph/ops/infidelity/4x2', 'n_par': 24, 'par_multiplicity': 4, 'n_iter': 0, 'cost_fn': 'infidelity', 'temperature': 1.0, 'stepsize': 1.0, 'init_par': None, 'dump_interval': 64}
runtime variables =  {'GPU': False, 'date_start': '2021-01-11 20:56:10.928301', 'complete_graph': [(0, 8), (2, 10), (4, 12), (6, 14), (16, 11), (18, 13), (20, 15), (22, 9), (19, 1), (21, 3), (23, 5), (17, 7), (1, 8), (3, 10), (5, 12), (7, 14), (9, 16), (11, 18), (13, 20), (15, 22), (17, 0), (19, 2), (21, 4), (23, 6), (1, 2), (3, 4), (5, 6), (7, 0), (10, 16), (12, 18), (14, 20), (8, 22), (9, 17), (11, 19), (13, 21), (15, 23), (0, 1), (2, 3), (4, 5), (6, 7), (8, 9), (10, 11), (12, 13), (14, 15), (16, 17), (18, 19), (20, 21), (22, 23)], 'init_layer': [(0, 1), (2, 3), (4, 5), (6, 7), (8, 9), (10, 11), (12, 13), (14, 15), (16, 17), (18, 19), (20, 21), (22, 23)], 'layers': [[(0, 8), (2, 10), (4, 12), (6, 14), (16, 11), (18, 13), (20, 15), (22, 9), (19, 1), (21, 3), (23, 5), (17, 7)], [(1, 8), (3, 10), (5, 12), (7, 14), (9, 16), (11, 18), (13, 20), (15, 22), (17, 0), (19, 2), (21, 4), (23, 6)], [(1, 2), (3, 4), (5, 6), (7, 0), (10, 16), (12, 18), (14, 20), (8, 22), (9, 17), (11, 19), (13, 21), (15, 23)], [(0, 1), (2, 3), (4, 5), (6, 7), (8, 9), (10, 11), (12, 13), (14, 15), (16, 17), (18, 19), (20, 21), (22, 23)]], 'n': 24}
. 
==========================================================================================
Finished basinhopping of  /home/jkattem1/HVQE/data/kagome/periodic/own_graph/ops/infidelity/4x2 at 2021-01-11 20:59:04.511825 UTC, with
 
{'path': '/home/jkattem1/HVQE/data/kagome/periodic/own_graph/ops/infidelity/4x2', 'n_par': 24, 'par_multiplicity': 4, 'n_iter': 0, 'cost_fn': 'infidelity', 'temperature': 1.0, 'stepsize': 1.0, 'init_par': None, 'dump_interval': 64}
init_par = [-0.00021927444517046623, -0.00014663657427560354, 8.953197011279598e-06, -0.0004555202623181054, 0.0004645254606941169, -0.00011804876741268688, -0.0003105338304811278, 0.00027627837025196247, -0.000422820386350695, 6.24262592171461e-05, -3.376930971613014e-05, 0.00028505152279054136, -0.0004736824866175289, -0.00015273775720465636, -6.587432308517851e-05, -0.0001896710073771607, -3.230166226459363e-06, 0.0003255814802847727, 0.00033465131211374765, -0.00033002037417512376, 0.0001983207116910584, -0.000470437562187651, -3.3058161449917055e-05, 0.00022438145510543072]
 
RESULTS:
--------
E_VQE = -8.999999325319456
inf_VQE = 1.0
n_fn_calls = 1
Wall-clock time 0.0288851218091117 hours
 
For more output, see /home/jkattem1/HVQE/data/kagome/periodic/own_graph/ops/infidelity/4x2/output.txt
Plots of output saved in /home/jkattem1/HVQE/data/kagome/periodic/own_graph/ops/infidelity/4x2
End of HVQE.py
==========================================================================================
No CuPy installation found, continuing without GPU acceleration.
having the CPUs {18, 19, 46, 47} available.
Started basinhopping at 2021-01-11 20:59:08.435180 UTC, with
command line arguments = {'path': '/home/jkattem1/HVQE/data/kagome/periodic/own_graph/ops/infidelity/4x2', 'n_par': 36, 'par_multiplicity': 4, 'n_iter': 0, 'cost_fn': 'infidelity', 'temperature': 1.0, 'stepsize': 1.0, 'init_par': None, 'dump_interval': 64}
runtime variables =  {'GPU': False, 'date_start': '2021-01-11 20:59:08.435180', 'complete_graph': [(0, 8), (2, 10), (4, 12), (6, 14), (16, 11), (18, 13), (20, 15), (22, 9), (19, 1), (21, 3), (23, 5), (17, 7), (1, 8), (3, 10), (5, 12), (7, 14), (9, 16), (11, 18), (13, 20), (15, 22), (17, 0), (19, 2), (21, 4), (23, 6), (1, 2), (3, 4), (5, 6), (7, 0), (10, 16), (12, 18), (14, 20), (8, 22), (9, 17), (11, 19), (13, 21), (15, 23), (0, 1), (2, 3), (4, 5), (6, 7), (8, 9), (10, 11), (12, 13), (14, 15), (16, 17), (18, 19), (20, 21), (22, 23)], 'init_layer': [(0, 1), (2, 3), (4, 5), (6, 7), (8, 9), (10, 11), (12, 13), (14, 15), (16, 17), (18, 19), (20, 21), (22, 23)], 'layers': [[(0, 8), (2, 10), (4, 12), (6, 14), (16, 11), (18, 13), (20, 15), (22, 9), (19, 1), (21, 3), (23, 5), (17, 7)], [(1, 8), (3, 10), (5, 12), (7, 14), (9, 16), (11, 18), (13, 20), (15, 22), (17, 0), (19, 2), (21, 4), (23, 6)], [(1, 2), (3, 4), (5, 6), (7, 0), (10, 16), (12, 18), (14, 20), (8, 22), (9, 17), (11, 19), (13, 21), (15, 23)], [(0, 1), (2, 3), (4, 5), (6, 7), (8, 9), (10, 11), (12, 13), (14, 15), (16, 17), (18, 19), (20, 21), (22, 23)]], 'n': 24}
. 
==========================================================================================
Finished basinhopping of  /home/jkattem1/HVQE/data/kagome/periodic/own_graph/ops/infidelity/4x2 at 2021-01-11 21:03:11.655750 UTC, with
 
{'path': '/home/jkattem1/HVQE/data/kagome/periodic/own_graph/ops/infidelity/4x2', 'n_par': 36, 'par_multiplicity': 4, 'n_iter': 0, 'cost_fn': 'infidelity', 'temperature': 1.0, 'stepsize': 1.0, 'init_par': None, 'dump_interval': 64}
init_par = [0.0004898410537871091, -0.0001249935699063427, -0.00024033673393017988, 0.00043807828812207096, 0.00016653294688670907, 0.00041149157292903586, 3.3342353208306794e-05, -9.170689783523502e-05, -0.00023362882103028292, -0.0003382905723544416, -0.0003873670681815984, 0.0003052587396440952, 0.00012959397964741267, -0.00036329140130497207, -0.00021956052063374731, 0.0003985212479851642, -0.00031140807838478954, 0.0003081679626089184, -0.0003896570680272471, -0.00043832884710855803, 0.0004662938466648838, -0.00020844231941825843, -0.00024210170564944154, 0.0002475212670368953, 4.7194309063195035e-05, 1.3637729937119366e-05, 2.0141079354043406e-05, -4.624981640146032e-05, 0.0002518244455513881, -0.00012421865374859497, -0.000342734810885269, 0.00018416285480046975, -8.453428346920681e-05, 0.00046941000767515464, -0.00026925149883061676, 0.0004907973623117863]
 
RESULTS:
--------
E_VQE = -8.999997855436025
inf_VQE = 1.0
n_fn_calls = 1
Wall-clock time 0.04317204548252953 hours
 
For more output, see /home/jkattem1/HVQE/data/kagome/periodic/own_graph/ops/infidelity/4x2/output.txt
Plots of output saved in /home/jkattem1/HVQE/data/kagome/periodic/own_graph/ops/infidelity/4x2
End of HVQE.py
==========================================================================================
