No CuPy installation found, continuing without GPU acceleration.
having the CPUs {34, 35, 38, 39} available.
Started basinhopping at 2020-12-24 22:38:17.964677 UTC, with
command line arguments = {'path': '/home/jorisk2/HVQE/data/kagome/periodic/own_graph/ops/infidelity/2x2', 'n_par': 12, 'par_multiplicity': 2, 'n_iter': 0, 'cost_fn': 'infidelity', 'temperature': 1.0, 'stepsize': 1.0, 'init_par': None, 'dump_interval': None}
runtime variables =  {'GPU': False, 'date_start': '2020-12-24 22:38:17.964677', 'complete_graph': [(0, 4), (2, 6), (8, 7), (10, 5), (11, 1), (9, 3), (1, 4), (3, 6), (5, 8), (7, 10), (9, 0), (11, 2), (1, 2), (3, 0), (6, 8), (4, 10), (5, 9), (7, 11), (0, 1), (2, 3), (4, 5), (6, 7), (8, 9), (10, 11)], 'init_layer': [(0, 1), (2, 3), (4, 5), (6, 7), (8, 9), (10, 11)], 'layers': [[(0, 4), (2, 6), (8, 7), (10, 5), (11, 1), (9, 3)], [(1, 4), (3, 6), (5, 8), (7, 10), (9, 0), (11, 2)], [(1, 2), (3, 0), (6, 8), (4, 10), (5, 9), (7, 11)], [(0, 1), (2, 3), (4, 5), (6, 7), (8, 9), (10, 11)]], 'n': 12}
.................................................................... 
==========================================================================================
Finished basinhopping of  /home/jorisk2/HVQE/data/kagome/periodic/own_graph/ops/infidelity/2x2 at 2020-12-24 22:40:17.184717 UTC, with
 
{'path': '/home/jorisk2/HVQE/data/kagome/periodic/own_graph/ops/infidelity/2x2', 'n_par': 12, 'par_multiplicity': 2, 'n_iter': 0, 'cost_fn': 'infidelity', 'temperature': 1.0, 'stepsize': 1.0, 'init_par': None, 'dump_interval': None}
init_par = [-0.00022098844251255457, -0.00026767860765561304, -0.0002480980221692314, -0.00020268895011225517, -0.00014700801125748655, 0.0001258839059967604, 1.3403846605242772e-05, -9.064809439602586e-05, 0.00028023710083404773, 0.0003431501854845795, -0.00037079641029501455, 0.0002397093912534029]
 
RESULTS:
--------
E_VQE = -4.762576464545014
inf_VQE = 0.598778860970919
n_fn_calls = 68
Wall-clock time 0.017294268939230178 hours
 
For more output, see /home/jorisk2/HVQE/data/kagome/periodic/own_graph/ops/infidelity/2x2/output.txt
Plots of output saved in /home/jorisk2/HVQE/data/kagome/periodic/own_graph/ops/infidelity/2x2
End of HVQE.py
==========================================================================================
