No CuPy installation found, continuing without GPU acceleration.
having the CPUs {2, 3, 6, 7} available.
Started basinhopping at 2020-12-24 22:38:07.031656 UTC, with
command line arguments = {'path': '/home/jorisk2/HVQE/data/kagome/periodic/own_graph/ops/infidelity/2x2', 'n_par': 12, 'par_multiplicity': 2, 'n_iter': 0, 'cost_fn': 'infidelity', 'temperature': 1.0, 'stepsize': 1.0, 'init_par': None, 'dump_interval': None}
runtime variables =  {'GPU': False, 'date_start': '2020-12-24 22:38:07.031656', 'complete_graph': [(0, 4), (2, 6), (8, 7), (10, 5), (11, 1), (9, 3), (1, 4), (3, 6), (5, 8), (7, 10), (9, 0), (11, 2), (1, 2), (3, 0), (6, 8), (4, 10), (5, 9), (7, 11), (0, 1), (2, 3), (4, 5), (6, 7), (8, 9), (10, 11)], 'init_layer': [(0, 1), (2, 3), (4, 5), (6, 7), (8, 9), (10, 11)], 'layers': [[(0, 4), (2, 6), (8, 7), (10, 5), (11, 1), (9, 3)], [(1, 4), (3, 6), (5, 8), (7, 10), (9, 0), (11, 2)], [(1, 2), (3, 0), (6, 8), (4, 10), (5, 9), (7, 11)], [(0, 1), (2, 3), (4, 5), (6, 7), (8, 9), (10, 11)]], 'n': 12}
........................................................................ 
==========================================================================================
Finished basinhopping of  /home/jorisk2/HVQE/data/kagome/periodic/own_graph/ops/infidelity/2x2 at 2020-12-24 22:39:46.718038 UTC, with
 
{'path': '/home/jorisk2/HVQE/data/kagome/periodic/own_graph/ops/infidelity/2x2', 'n_par': 12, 'par_multiplicity': 2, 'n_iter': 0, 'cost_fn': 'infidelity', 'temperature': 1.0, 'stepsize': 1.0, 'init_par': None, 'dump_interval': None}
init_par = [-0.00042776027149980626, -9.926195619969105e-05, -6.682998949356415e-05, -0.0002837337632511179, 0.00014290263698157988, -9.931588737246191e-05, 0.00039628059187292973, -0.0001661879327197817, 0.00037092737439427194, 0.00021889751348230324, 0.0004411232003129166, -0.0004777165172657911]
 
RESULTS:
--------
E_VQE = -4.759365716430294
inf_VQE = 0.5648860185746627
n_fn_calls = 72
Wall-clock time 0.017972673707538182 hours
 
For more output, see /home/jorisk2/HVQE/data/kagome/periodic/own_graph/ops/infidelity/2x2/output.txt
Plots of output saved in /home/jorisk2/HVQE/data/kagome/periodic/own_graph/ops/infidelity/2x2
End of HVQE.py
==========================================================================================
