No CuPy installation found, continuing without GPU acceleration.
having the CPUs {24, 25, 28, 29} available.
Started basinhopping at 2020-12-24 22:38:08.236842 UTC, with
command line arguments = {'path': '/home/jorisk2/HVQE/data/kagome/periodic/own_graph/ops/infidelity/2x2', 'n_par': 12, 'par_multiplicity': 2, 'n_iter': 0, 'cost_fn': 'infidelity', 'temperature': 1.0, 'stepsize': 1.0, 'init_par': None, 'dump_interval': None}
runtime variables =  {'GPU': False, 'date_start': '2020-12-24 22:38:08.236842', 'complete_graph': [(0, 4), (2, 6), (8, 7), (10, 5), (11, 1), (9, 3), (1, 4), (3, 6), (5, 8), (7, 10), (9, 0), (11, 2), (1, 2), (3, 0), (6, 8), (4, 10), (5, 9), (7, 11), (0, 1), (2, 3), (4, 5), (6, 7), (8, 9), (10, 11)], 'init_layer': [(0, 1), (2, 3), (4, 5), (6, 7), (8, 9), (10, 11)], 'layers': [[(0, 4), (2, 6), (8, 7), (10, 5), (11, 1), (9, 3)], [(1, 4), (3, 6), (5, 8), (7, 10), (9, 0), (11, 2)], [(1, 2), (3, 0), (6, 8), (4, 10), (5, 9), (7, 11)], [(0, 1), (2, 3), (4, 5), (6, 7), (8, 9), (10, 11)]], 'n': 12}
.................................................................... 
==========================================================================================
Finished basinhopping of  /home/jorisk2/HVQE/data/kagome/periodic/own_graph/ops/infidelity/2x2 at 2020-12-24 22:39:46.595947 UTC, with
 
{'path': '/home/jorisk2/HVQE/data/kagome/periodic/own_graph/ops/infidelity/2x2', 'n_par': 12, 'par_multiplicity': 2, 'n_iter': 0, 'cost_fn': 'infidelity', 'temperature': 1.0, 'stepsize': 1.0, 'init_par': None, 'dump_interval': None}
init_par = [-0.00035356412337367684, 0.0004643305218259119, -0.0002995579319119891, -0.0004945055767694962, 7.524174129920451e-05, 0.000480417024690521, 9.85449407795375e-05, -0.000279660634798081, 0.00023878708035175754, 0.00034599367986472827, 0.00021257300643625244, 0.00037070407012819136]
 
RESULTS:
--------
E_VQE = -4.757867296052383
inf_VQE = 0.5390456665986147
n_fn_calls = 68
Wall-clock time 0.015251235961914062 hours
 
For more output, see /home/jorisk2/HVQE/data/kagome/periodic/own_graph/ops/infidelity/2x2/output.txt
Plots of output saved in /home/jorisk2/HVQE/data/kagome/periodic/own_graph/ops/infidelity/2x2
End of HVQE.py
==========================================================================================
