No CuPy installation found, continuing without GPU acceleration.
having the CPUs {0, 1, 4, 5} available.
Started basinhopping at 2020-12-24 22:38:07.204698 UTC, with
command line arguments = {'path': '/home/jorisk2/HVQE/data/kagome/periodic/own_graph/ops/infidelity/2x2', 'n_par': 12, 'par_multiplicity': 2, 'n_iter': 0, 'cost_fn': 'infidelity', 'temperature': 1.0, 'stepsize': 1.0, 'init_par': None, 'dump_interval': None}
runtime variables =  {'GPU': False, 'date_start': '2020-12-24 22:38:07.204698', 'complete_graph': [(0, 4), (2, 6), (8, 7), (10, 5), (11, 1), (9, 3), (1, 4), (3, 6), (5, 8), (7, 10), (9, 0), (11, 2), (1, 2), (3, 0), (6, 8), (4, 10), (5, 9), (7, 11), (0, 1), (2, 3), (4, 5), (6, 7), (8, 9), (10, 11)], 'init_layer': [(0, 1), (2, 3), (4, 5), (6, 7), (8, 9), (10, 11)], 'layers': [[(0, 4), (2, 6), (8, 7), (10, 5), (11, 1), (9, 3)], [(1, 4), (3, 6), (5, 8), (7, 10), (9, 0), (11, 2)], [(1, 2), (3, 0), (6, 8), (4, 10), (5, 9), (7, 11)], [(0, 1), (2, 3), (4, 5), (6, 7), (8, 9), (10, 11)]], 'n': 12}
...................................................................... 
==========================================================================================
Finished basinhopping of  /home/jorisk2/HVQE/data/kagome/periodic/own_graph/ops/infidelity/2x2 at 2020-12-24 22:39:37.475903 UTC, with
 
{'path': '/home/jorisk2/HVQE/data/kagome/periodic/own_graph/ops/infidelity/2x2', 'n_par': 12, 'par_multiplicity': 2, 'n_iter': 0, 'cost_fn': 'infidelity', 'temperature': 1.0, 'stepsize': 1.0, 'init_par': None, 'dump_interval': None}
init_par = [0.0004954353915607563, -0.00022154781136149784, 0.00014948780593262284, -0.00037868347357794486, -0.00017095110302052497, -0.00038309416361546856, -6.549935537264462e-05, 0.00029221128419662566, -0.0002660356157507865, -0.00011028730131204225, -0.0002735748849776266, -1.2707148946239713e-05]
 
RESULTS:
--------
E_VQE = -4.757863593396809
inf_VQE = 0.5390456665903001
n_fn_calls = 70
Wall-clock time 0.015387348996268377 hours
 
For more output, see /home/jorisk2/HVQE/data/kagome/periodic/own_graph/ops/infidelity/2x2/output.txt
Plots of output saved in /home/jorisk2/HVQE/data/kagome/periodic/own_graph/ops/infidelity/2x2
End of HVQE.py
==========================================================================================
