CuPy installation found, continuing using GPU acceleration.
having the CPUs {32, 36, 8, 12, 16, 20, 24, 28} available.
Started basinhopping at 2020-12-25 08:55:16.795996 UTC, with
command line arguments = {'path': '/home/jorisk2/HVQE/data/kagome/periodic/own_graph/opl/infidelity/3x2', 'n_par': 4, 'par_multiplicity': 9, 'n_iter': 0, 'cost_fn': 'infidelity', 'temperature': 1.0, 'stepsize': 1.0, 'init_par': None, 'dump_interval': None}
runtime variables =  {'GPU': True, 'date_start': '2020-12-25 08:55:16.795996', 'complete_graph': [(0, 6), (2, 8), (4, 10), (12, 9), (14, 11), (16, 7), (15, 1), (17, 3), (13, 5), (1, 6), (3, 8), (5, 10), (7, 12), (9, 14), (11, 16), (13, 0), (15, 2), (17, 4), (1, 2), (3, 4), (5, 0), (8, 12), (10, 14), (6, 16), (7, 13), (9, 15), (11, 17), (0, 1), (2, 3), (4, 5), (6, 7), (8, 9), (10, 11), (12, 13), (14, 15), (16, 17)], 'init_layer': [(0, 1), (2, 3), (4, 5), (6, 7), (8, 9), (10, 11), (12, 13), (14, 15), (16, 17)], 'layers': [[(0, 6), (2, 8), (4, 10), (12, 9), (14, 11), (16, 7), (15, 1), (17, 3), (13, 5)], [(1, 6), (3, 8), (5, 10), (7, 12), (9, 14), (11, 16), (13, 0), (15, 2), (17, 4)], [(1, 2), (3, 4), (5, 0), (8, 12), (10, 14), (6, 16), (7, 13), (9, 15), (11, 17)], [(0, 1), (2, 3), (4, 5), (6, 7), (8, 9), (10, 11), (12, 13), (14, 15), (16, 17)]], 'n': 18}
.......................................... 
==========================================================================================
Finished basinhopping of  /home/jorisk2/HVQE/data/kagome/periodic/own_graph/opl/infidelity/3x2 at 2020-12-25 08:55:21.522064 UTC, with
 
{'path': '/home/jorisk2/HVQE/data/kagome/periodic/own_graph/opl/infidelity/3x2', 'n_par': 4, 'par_multiplicity': 9, 'n_iter': 0, 'cost_fn': 'infidelity', 'temperature': 1.0, 'stepsize': 1.0, 'init_par': None, 'dump_interval': None}
init_par = [-0.0002882077249514296, -0.00010254217232457253, 3.764631435566868e-05, -0.0003371754992852466]
 
RESULTS:
--------
E_VQE = -7.087685036741184
inf_VQE = 0.7024962827807452
n_fn_calls = 42
Wall-clock time 0.0012282911274168226 hours
 
For more output, see /home/jorisk2/HVQE/data/kagome/periodic/own_graph/opl/infidelity/3x2/output.txt
Plots of output saved in /home/jorisk2/HVQE/data/kagome/periodic/own_graph/opl/infidelity/3x2
End of HVQE.py
==========================================================================================
CuPy installation found, continuing using GPU acceleration.
having the CPUs {32, 36, 8, 12, 16, 20, 24, 28} available.
Started basinhopping at 2020-12-25 08:55:23.279040 UTC, with
command line arguments = {'path': '/home/jorisk2/HVQE/data/kagome/periodic/own_graph/opl/infidelity/3x2', 'n_par': 8, 'par_multiplicity': 9, 'n_iter': 0, 'cost_fn': 'infidelity', 'temperature': 1.0, 'stepsize': 1.0, 'init_par': None, 'dump_interval': None}
runtime variables =  {'GPU': True, 'date_start': '2020-12-25 08:55:23.279040', 'complete_graph': [(0, 6), (2, 8), (4, 10), (12, 9), (14, 11), (16, 7), (15, 1), (17, 3), (13, 5), (1, 6), (3, 8), (5, 10), (7, 12), (9, 14), (11, 16), (13, 0), (15, 2), (17, 4), (1, 2), (3, 4), (5, 0), (8, 12), (10, 14), (6, 16), (7, 13), (9, 15), (11, 17), (0, 1), (2, 3), (4, 5), (6, 7), (8, 9), (10, 11), (12, 13), (14, 15), (16, 17)], 'init_layer': [(0, 1), (2, 3), (4, 5), (6, 7), (8, 9), (10, 11), (12, 13), (14, 15), (16, 17)], 'layers': [[(0, 6), (2, 8), (4, 10), (12, 9), (14, 11), (16, 7), (15, 1), (17, 3), (13, 5)], [(1, 6), (3, 8), (5, 10), (7, 12), (9, 14), (11, 16), (13, 0), (15, 2), (17, 4)], [(1, 2), (3, 4), (5, 0), (8, 12), (10, 14), (6, 16), (7, 13), (9, 15), (11, 17)], [(0, 1), (2, 3), (4, 5), (6, 7), (8, 9), (10, 11), (12, 13), (14, 15), (16, 17)]], 'n': 18}
............................................ 
==========================================================================================
Finished basinhopping of  /home/jorisk2/HVQE/data/kagome/periodic/own_graph/opl/infidelity/3x2 at 2020-12-25 08:55:32.811430 UTC, with
 
{'path': '/home/jorisk2/HVQE/data/kagome/periodic/own_graph/opl/infidelity/3x2', 'n_par': 8, 'par_multiplicity': 9, 'n_iter': 0, 'cost_fn': 'infidelity', 'temperature': 1.0, 'stepsize': 1.0, 'init_par': None, 'dump_interval': None}
init_par = [-0.0004159767291397221, -0.00011510114148774545, 0.0002508142027012638, -0.0001079456741487399, -0.00044318256132416876, 0.0002355019188636496, -7.669586630493875e-05, -0.00020885802327831019]
 
RESULTS:
--------
E_VQE = -7.498757746740077
inf_VQE = 0.6258411086506198
n_fn_calls = 44
Wall-clock time 0.0025525809658898248 hours
 
For more output, see /home/jorisk2/HVQE/data/kagome/periodic/own_graph/opl/infidelity/3x2/output.txt
Plots of output saved in /home/jorisk2/HVQE/data/kagome/periodic/own_graph/opl/infidelity/3x2
End of HVQE.py
==========================================================================================
CuPy installation found, continuing using GPU acceleration.
having the CPUs {32, 36, 8, 12, 16, 20, 24, 28} available.
Started basinhopping at 2020-12-25 08:55:34.603688 UTC, with
command line arguments = {'path': '/home/jorisk2/HVQE/data/kagome/periodic/own_graph/opl/infidelity/3x2', 'n_par': 12, 'par_multiplicity': 9, 'n_iter': 0, 'cost_fn': 'infidelity', 'temperature': 1.0, 'stepsize': 1.0, 'init_par': None, 'dump_interval': None}
runtime variables =  {'GPU': True, 'date_start': '2020-12-25 08:55:34.603688', 'complete_graph': [(0, 6), (2, 8), (4, 10), (12, 9), (14, 11), (16, 7), (15, 1), (17, 3), (13, 5), (1, 6), (3, 8), (5, 10), (7, 12), (9, 14), (11, 16), (13, 0), (15, 2), (17, 4), (1, 2), (3, 4), (5, 0), (8, 12), (10, 14), (6, 16), (7, 13), (9, 15), (11, 17), (0, 1), (2, 3), (4, 5), (6, 7), (8, 9), (10, 11), (12, 13), (14, 15), (16, 17)], 'init_layer': [(0, 1), (2, 3), (4, 5), (6, 7), (8, 9), (10, 11), (12, 13), (14, 15), (16, 17)], 'layers': [[(0, 6), (2, 8), (4, 10), (12, 9), (14, 11), (16, 7), (15, 1), (17, 3), (13, 5)], [(1, 6), (3, 8), (5, 10), (7, 12), (9, 14), (11, 16), (13, 0), (15, 2), (17, 4)], [(1, 2), (3, 4), (5, 0), (8, 12), (10, 14), (6, 16), (7, 13), (9, 15), (11, 17)], [(0, 1), (2, 3), (4, 5), (6, 7), (8, 9), (10, 11), (12, 13), (14, 15), (16, 17)]], 'n': 18}
........................................................................ 
==========================================================================================
Finished basinhopping of  /home/jorisk2/HVQE/data/kagome/periodic/own_graph/opl/infidelity/3x2 at 2020-12-25 08:55:57.444638 UTC, with
 
{'path': '/home/jorisk2/HVQE/data/kagome/periodic/own_graph/opl/infidelity/3x2', 'n_par': 12, 'par_multiplicity': 9, 'n_iter': 0, 'cost_fn': 'infidelity', 'temperature': 1.0, 'stepsize': 1.0, 'init_par': None, 'dump_interval': None}
init_par = [-5.791436059519162e-05, 0.0003275983172297849, -0.00032068559724725363, -0.0003263086345468277, -3.2377976581321553e-06, 1.2321637846031235e-05, -0.000277502719645899, 0.0002691262671364772, 0.00021517178969454468, 0.00019395900876019315, -0.000342577905646956, -0.00023553630312767184]
 
RESULTS:
--------
E_VQE = -7.4509608600746
inf_VQE = 0.5955389691480969
n_fn_calls = 72
Wall-clock time 0.006239213943481445 hours
 
For more output, see /home/jorisk2/HVQE/data/kagome/periodic/own_graph/opl/infidelity/3x2/output.txt
Plots of output saved in /home/jorisk2/HVQE/data/kagome/periodic/own_graph/opl/infidelity/3x2
End of HVQE.py
==========================================================================================
CuPy installation found, continuing using GPU acceleration.
having the CPUs {32, 36, 8, 12, 16, 20, 24, 28} available.
Started basinhopping at 2020-12-25 08:55:59.234823 UTC, with
command line arguments = {'path': '/home/jorisk2/HVQE/data/kagome/periodic/own_graph/opl/infidelity/3x2', 'n_par': 16, 'par_multiplicity': 9, 'n_iter': 0, 'cost_fn': 'infidelity', 'temperature': 1.0, 'stepsize': 1.0, 'init_par': None, 'dump_interval': None}
runtime variables =  {'GPU': True, 'date_start': '2020-12-25 08:55:59.234823', 'complete_graph': [(0, 6), (2, 8), (4, 10), (12, 9), (14, 11), (16, 7), (15, 1), (17, 3), (13, 5), (1, 6), (3, 8), (5, 10), (7, 12), (9, 14), (11, 16), (13, 0), (15, 2), (17, 4), (1, 2), (3, 4), (5, 0), (8, 12), (10, 14), (6, 16), (7, 13), (9, 15), (11, 17), (0, 1), (2, 3), (4, 5), (6, 7), (8, 9), (10, 11), (12, 13), (14, 15), (16, 17)], 'init_layer': [(0, 1), (2, 3), (4, 5), (6, 7), (8, 9), (10, 11), (12, 13), (14, 15), (16, 17)], 'layers': [[(0, 6), (2, 8), (4, 10), (12, 9), (14, 11), (16, 7), (15, 1), (17, 3), (13, 5)], [(1, 6), (3, 8), (5, 10), (7, 12), (9, 14), (11, 16), (13, 0), (15, 2), (17, 4)], [(1, 2), (3, 4), (5, 0), (8, 12), (10, 14), (6, 16), (7, 13), (9, 15), (11, 17)], [(0, 1), (2, 3), (4, 5), (6, 7), (8, 9), (10, 11), (12, 13), (14, 15), (16, 17)]], 'n': 18}
...................................................................................... 
==========================================================================================
Finished basinhopping of  /home/jorisk2/HVQE/data/kagome/periodic/own_graph/opl/infidelity/3x2 at 2020-12-25 08:56:35.439086 UTC, with
 
{'path': '/home/jorisk2/HVQE/data/kagome/periodic/own_graph/opl/infidelity/3x2', 'n_par': 16, 'par_multiplicity': 9, 'n_iter': 0, 'cost_fn': 'infidelity', 'temperature': 1.0, 'stepsize': 1.0, 'init_par': None, 'dump_interval': None}
init_par = [0.00017374673153319796, -8.196947743156649e-05, 0.0004211198670684593, 0.00016287615237494724, -0.00017757370296812717, 0.00013284604964568724, -0.00013396255846755844, 0.00015353548326719438, -0.00020630519204171684, -0.0003932300085819774, 0.00024928894151678377, 8.018277793316638e-05, 9.112447038657208e-06, 0.0001819458505956231, -0.00025183794247632906, -0.00043254030760208375]
 
RESULTS:
--------
E_VQE = -7.578563663833687
inf_VQE = 0.5564408338032593
n_fn_calls = 86
Wall-clock time 0.009940145942899915 hours
 
For more output, see /home/jorisk2/HVQE/data/kagome/periodic/own_graph/opl/infidelity/3x2/output.txt
Plots of output saved in /home/jorisk2/HVQE/data/kagome/periodic/own_graph/opl/infidelity/3x2
End of HVQE.py
==========================================================================================
CuPy installation found, continuing using GPU acceleration.
having the CPUs {32, 36, 8, 12, 16, 20, 24, 28} available.
Started basinhopping at 2020-12-25 08:56:39.921044 UTC, with
command line arguments = {'path': '/home/jorisk2/HVQE/data/kagome/periodic/own_graph/opl/infidelity/3x2', 'n_par': 20, 'par_multiplicity': 9, 'n_iter': 0, 'cost_fn': 'infidelity', 'temperature': 1.0, 'stepsize': 1.0, 'init_par': None, 'dump_interval': None}
runtime variables =  {'GPU': True, 'date_start': '2020-12-25 08:56:39.921044', 'complete_graph': [(0, 6), (2, 8), (4, 10), (12, 9), (14, 11), (16, 7), (15, 1), (17, 3), (13, 5), (1, 6), (3, 8), (5, 10), (7, 12), (9, 14), (11, 16), (13, 0), (15, 2), (17, 4), (1, 2), (3, 4), (5, 0), (8, 12), (10, 14), (6, 16), (7, 13), (9, 15), (11, 17), (0, 1), (2, 3), (4, 5), (6, 7), (8, 9), (10, 11), (12, 13), (14, 15), (16, 17)], 'init_layer': [(0, 1), (2, 3), (4, 5), (6, 7), (8, 9), (10, 11), (12, 13), (14, 15), (16, 17)], 'layers': [[(0, 6), (2, 8), (4, 10), (12, 9), (14, 11), (16, 7), (15, 1), (17, 3), (13, 5)], [(1, 6), (3, 8), (5, 10), (7, 12), (9, 14), (11, 16), (13, 0), (15, 2), (17, 4)], [(1, 2), (3, 4), (5, 0), (8, 12), (10, 14), (6, 16), (7, 13), (9, 15), (11, 17)], [(0, 1), (2, 3), (4, 5), (6, 7), (8, 9), (10, 11), (12, 13), (14, 15), (16, 17)]], 'n': 18}
................................................................................... 
==========================================================================================
Finished basinhopping of  /home/jorisk2/HVQE/data/kagome/periodic/own_graph/opl/infidelity/3x2 at 2020-12-25 08:57:23.805171 UTC, with
 
{'path': '/home/jorisk2/HVQE/data/kagome/periodic/own_graph/opl/infidelity/3x2', 'n_par': 20, 'par_multiplicity': 9, 'n_iter': 0, 'cost_fn': 'infidelity', 'temperature': 1.0, 'stepsize': 1.0, 'init_par': None, 'dump_interval': None}
init_par = [0.00017882757964058347, 0.00040531968423376124, -0.0004465133540030754, -0.000357722341829719, -3.374308264188653e-05, 0.0003162182565109164, -1.4395513679220525e-05, 0.000276723032846847, 3.285468673316927e-05, 0.0002044053213450537, 0.00020628073892465582, 1.4725639386295583e-05, -0.0004715881037780859, 0.00030840929450812334, 0.00010539523583694794, -0.00011591642933654665, -0.0001446814519889942, 0.00016625700699689574, 0.0003355225421972824, -0.0004961218982957864]
 
RESULTS:
--------
E_VQE = -7.757335248706883
inf_VQE = 0.5028016487608338
n_fn_calls = 83
Wall-clock time 0.012053645650545756 hours
 
For more output, see /home/jorisk2/HVQE/data/kagome/periodic/own_graph/opl/infidelity/3x2/output.txt
Plots of output saved in /home/jorisk2/HVQE/data/kagome/periodic/own_graph/opl/infidelity/3x2
End of HVQE.py
==========================================================================================
CuPy installation found, continuing using GPU acceleration.
having the CPUs {32, 36, 8, 12, 16, 20, 24, 28} available.
Started basinhopping at 2020-12-25 08:57:25.738869 UTC, with
command line arguments = {'path': '/home/jorisk2/HVQE/data/kagome/periodic/own_graph/opl/infidelity/3x2', 'n_par': 24, 'par_multiplicity': 9, 'n_iter': 0, 'cost_fn': 'infidelity', 'temperature': 1.0, 'stepsize': 1.0, 'init_par': None, 'dump_interval': None}
runtime variables =  {'GPU': True, 'date_start': '2020-12-25 08:57:25.738869', 'complete_graph': [(0, 6), (2, 8), (4, 10), (12, 9), (14, 11), (16, 7), (15, 1), (17, 3), (13, 5), (1, 6), (3, 8), (5, 10), (7, 12), (9, 14), (11, 16), (13, 0), (15, 2), (17, 4), (1, 2), (3, 4), (5, 0), (8, 12), (10, 14), (6, 16), (7, 13), (9, 15), (11, 17), (0, 1), (2, 3), (4, 5), (6, 7), (8, 9), (10, 11), (12, 13), (14, 15), (16, 17)], 'init_layer': [(0, 1), (2, 3), (4, 5), (6, 7), (8, 9), (10, 11), (12, 13), (14, 15), (16, 17)], 'layers': [[(0, 6), (2, 8), (4, 10), (12, 9), (14, 11), (16, 7), (15, 1), (17, 3), (13, 5)], [(1, 6), (3, 8), (5, 10), (7, 12), (9, 14), (11, 16), (13, 0), (15, 2), (17, 4)], [(1, 2), (3, 4), (5, 0), (8, 12), (10, 14), (6, 16), (7, 13), (9, 15), (11, 17)], [(0, 1), (2, 3), (4, 5), (6, 7), (8, 9), (10, 11), (12, 13), (14, 15), (16, 17)]], 'n': 18}
...................................................................................................................................................... 
==========================================================================================
Finished basinhopping of  /home/jorisk2/HVQE/data/kagome/periodic/own_graph/opl/infidelity/3x2 at 2020-12-25 08:59:02.572850 UTC, with
 
{'path': '/home/jorisk2/HVQE/data/kagome/periodic/own_graph/opl/infidelity/3x2', 'n_par': 24, 'par_multiplicity': 9, 'n_iter': 0, 'cost_fn': 'infidelity', 'temperature': 1.0, 'stepsize': 1.0, 'init_par': None, 'dump_interval': None}
init_par = [0.00014217662406089014, -5.064442754891497e-05, 0.0004922984747297967, 0.00017824406238214744, -0.00011083204475671586, -1.3320577167299293e-05, -0.0002615314895232951, -0.0003289234159901892, 3.9618069613473026e-05, 0.0003160709197255019, -0.0002639857834031774, 0.0001637622841973264, 0.00025005032796011786, 0.000290828858264772, 2.8716137200332395e-05, 0.0002888823089019655, -0.00021071667205637556, 0.00023594817623614106, -0.00019283547644813418, 0.00023744572637862432, -5.440233877180835e-05, -1.812072535023056e-05, 0.00025914618608481306, -0.0003150423272487809]
 
RESULTS:
--------
E_VQE = -7.732137679984065
inf_VQE = 0.476779349899466
n_fn_calls = 150
Wall-clock time 0.02675928797986772 hours
 
For more output, see /home/jorisk2/HVQE/data/kagome/periodic/own_graph/opl/infidelity/3x2/output.txt
Plots of output saved in /home/jorisk2/HVQE/data/kagome/periodic/own_graph/opl/infidelity/3x2
End of HVQE.py
==========================================================================================
CuPy installation found, continuing using GPU acceleration.
having the CPUs {32, 36, 8, 12, 16, 20, 24, 28} available.
Started basinhopping at 2020-12-25 08:59:07.504830 UTC, with
command line arguments = {'path': '/home/jorisk2/HVQE/data/kagome/periodic/own_graph/opl/infidelity/3x2', 'n_par': 28, 'par_multiplicity': 9, 'n_iter': 0, 'cost_fn': 'infidelity', 'temperature': 1.0, 'stepsize': 1.0, 'init_par': None, 'dump_interval': None}
runtime variables =  {'GPU': True, 'date_start': '2020-12-25 08:59:07.504830', 'complete_graph': [(0, 6), (2, 8), (4, 10), (12, 9), (14, 11), (16, 7), (15, 1), (17, 3), (13, 5), (1, 6), (3, 8), (5, 10), (7, 12), (9, 14), (11, 16), (13, 0), (15, 2), (17, 4), (1, 2), (3, 4), (5, 0), (8, 12), (10, 14), (6, 16), (7, 13), (9, 15), (11, 17), (0, 1), (2, 3), (4, 5), (6, 7), (8, 9), (10, 11), (12, 13), (14, 15), (16, 17)], 'init_layer': [(0, 1), (2, 3), (4, 5), (6, 7), (8, 9), (10, 11), (12, 13), (14, 15), (16, 17)], 'layers': [[(0, 6), (2, 8), (4, 10), (12, 9), (14, 11), (16, 7), (15, 1), (17, 3), (13, 5)], [(1, 6), (3, 8), (5, 10), (7, 12), (9, 14), (11, 16), (13, 0), (15, 2), (17, 4)], [(1, 2), (3, 4), (5, 0), (8, 12), (10, 14), (6, 16), (7, 13), (9, 15), (11, 17)], [(0, 1), (2, 3), (4, 5), (6, 7), (8, 9), (10, 11), (12, 13), (14, 15), (16, 17)]], 'n': 18}
................................................................................................................................................. 
==========================================================================================
Finished basinhopping of  /home/jorisk2/HVQE/data/kagome/periodic/own_graph/opl/infidelity/3x2 at 2020-12-25 09:00:55.385618 UTC, with
 
{'path': '/home/jorisk2/HVQE/data/kagome/periodic/own_graph/opl/infidelity/3x2', 'n_par': 28, 'par_multiplicity': 9, 'n_iter': 0, 'cost_fn': 'infidelity', 'temperature': 1.0, 'stepsize': 1.0, 'init_par': None, 'dump_interval': None}
init_par = [-0.00037959801785977055, -0.0001847497368620049, -0.0002606431748736031, 9.124177564011349e-05, -0.00040589659272364154, -0.0003434993695650894, 5.045606592426273e-05, 0.00018588165892914328, 3.63983141767174e-05, -6.854209494011875e-05, 0.0002806075146075405, 0.00023276761605534805, -0.00015963882159845098, 5.999200549963507e-05, -0.00024466054230158374, 0.00016009281944441187, 0.00021163430685167464, 0.00023319894335443743, -8.507412291444293e-05, -0.00029504770167350526, 4.698848728093173e-05, 0.00028716839955103004, -0.00013882772137052826, 0.00037398142224004405, -0.0004984483797337183, 7.964431561657587e-05, 2.181164464023545e-05, -4.008844954292499e-05]
 
RESULTS:
--------
E_VQE = -7.775384339416538
inf_VQE = 0.4622065725608292
n_fn_calls = 145
Wall-clock time 0.029806744323836433 hours
 
For more output, see /home/jorisk2/HVQE/data/kagome/periodic/own_graph/opl/infidelity/3x2/output.txt
Plots of output saved in /home/jorisk2/HVQE/data/kagome/periodic/own_graph/opl/infidelity/3x2
End of HVQE.py
==========================================================================================
CuPy installation found, continuing using GPU acceleration.
having the CPUs {32, 36, 8, 12, 16, 20, 24, 28} available.
Started basinhopping at 2020-12-25 09:00:57.309118 UTC, with
command line arguments = {'path': '/home/jorisk2/HVQE/data/kagome/periodic/own_graph/opl/infidelity/3x2', 'n_par': 32, 'par_multiplicity': 9, 'n_iter': 0, 'cost_fn': 'infidelity', 'temperature': 1.0, 'stepsize': 1.0, 'init_par': None, 'dump_interval': None}
runtime variables =  {'GPU': True, 'date_start': '2020-12-25 09:00:57.309118', 'complete_graph': [(0, 6), (2, 8), (4, 10), (12, 9), (14, 11), (16, 7), (15, 1), (17, 3), (13, 5), (1, 6), (3, 8), (5, 10), (7, 12), (9, 14), (11, 16), (13, 0), (15, 2), (17, 4), (1, 2), (3, 4), (5, 0), (8, 12), (10, 14), (6, 16), (7, 13), (9, 15), (11, 17), (0, 1), (2, 3), (4, 5), (6, 7), (8, 9), (10, 11), (12, 13), (14, 15), (16, 17)], 'init_layer': [(0, 1), (2, 3), (4, 5), (6, 7), (8, 9), (10, 11), (12, 13), (14, 15), (16, 17)], 'layers': [[(0, 6), (2, 8), (4, 10), (12, 9), (14, 11), (16, 7), (15, 1), (17, 3), (13, 5)], [(1, 6), (3, 8), (5, 10), (7, 12), (9, 14), (11, 16), (13, 0), (15, 2), (17, 4)], [(1, 2), (3, 4), (5, 0), (8, 12), (10, 14), (6, 16), (7, 13), (9, 15), (11, 17)], [(0, 1), (2, 3), (4, 5), (6, 7), (8, 9), (10, 11), (12, 13), (14, 15), (16, 17)]], 'n': 18}
...................................................................................................................................................................................................... 
==========================================================================================
Finished basinhopping of  /home/jorisk2/HVQE/data/kagome/periodic/own_graph/opl/infidelity/3x2 at 2020-12-25 09:03:45.449761 UTC, with
 
{'path': '/home/jorisk2/HVQE/data/kagome/periodic/own_graph/opl/infidelity/3x2', 'n_par': 32, 'par_multiplicity': 9, 'n_iter': 0, 'cost_fn': 'infidelity', 'temperature': 1.0, 'stepsize': 1.0, 'init_par': None, 'dump_interval': None}
init_par = [0.00041189537877235475, -6.174827609279888e-05, -0.00021937789788092178, -0.0003197499626107009, 0.0004803741026033364, -9.733747057978826e-05, 0.0003086789910514363, 0.000126517205593269, 0.0003732707954656035, -0.0004055858458334731, -0.000406603159573548, 0.00046895211302487485, -0.00015124335756426998, 7.929348317068188e-05, 0.0003980587036069805, 4.237727883443527e-05, 0.0003002695585324601, 0.00021408625211171914, -0.0003209373918732179, -8.236890087486536e-05, 0.00033680614111921585, -0.00020508059429960005, 0.00046738401256092815, 0.0004027456753500317, 0.0003404456348090356, -0.00044142893628312384, 0.00016016498622212683, -1.6749858672586958e-05, -0.0003931735868756092, -7.413974929372492e-05, 0.00023452858950789943, 0.0003547397550700231]
 
RESULTS:
--------
E_VQE = -7.777638241891834
inf_VQE = 0.4470360619424911
n_fn_calls = 198
Wall-clock time 0.04653721306059096 hours
 
For more output, see /home/jorisk2/HVQE/data/kagome/periodic/own_graph/opl/infidelity/3x2/output.txt
Plots of output saved in /home/jorisk2/HVQE/data/kagome/periodic/own_graph/opl/infidelity/3x2
End of HVQE.py
==========================================================================================
CuPy installation found, continuing using GPU acceleration.
having the CPUs {32, 36, 8, 12, 16, 20, 24, 28} available.
Started basinhopping at 2020-12-25 09:03:50.405293 UTC, with
command line arguments = {'path': '/home/jorisk2/HVQE/data/kagome/periodic/own_graph/opl/infidelity/3x2', 'n_par': 36, 'par_multiplicity': 9, 'n_iter': 0, 'cost_fn': 'infidelity', 'temperature': 1.0, 'stepsize': 1.0, 'init_par': None, 'dump_interval': None}
runtime variables =  {'GPU': True, 'date_start': '2020-12-25 09:03:50.405293', 'complete_graph': [(0, 6), (2, 8), (4, 10), (12, 9), (14, 11), (16, 7), (15, 1), (17, 3), (13, 5), (1, 6), (3, 8), (5, 10), (7, 12), (9, 14), (11, 16), (13, 0), (15, 2), (17, 4), (1, 2), (3, 4), (5, 0), (8, 12), (10, 14), (6, 16), (7, 13), (9, 15), (11, 17), (0, 1), (2, 3), (4, 5), (6, 7), (8, 9), (10, 11), (12, 13), (14, 15), (16, 17)], 'init_layer': [(0, 1), (2, 3), (4, 5), (6, 7), (8, 9), (10, 11), (12, 13), (14, 15), (16, 17)], 'layers': [[(0, 6), (2, 8), (4, 10), (12, 9), (14, 11), (16, 7), (15, 1), (17, 3), (13, 5)], [(1, 6), (3, 8), (5, 10), (7, 12), (9, 14), (11, 16), (13, 0), (15, 2), (17, 4)], [(1, 2), (3, 4), (5, 0), (8, 12), (10, 14), (6, 16), (7, 13), (9, 15), (11, 17)], [(0, 1), (2, 3), (4, 5), (6, 7), (8, 9), (10, 11), (12, 13), (14, 15), (16, 17)]], 'n': 18}
.................................................................................................................................................................................................................................. 
==========================================================================================
Finished basinhopping of  /home/jorisk2/HVQE/data/kagome/periodic/own_graph/opl/infidelity/3x2 at 2020-12-25 09:07:26.711627 UTC, with
 
{'path': '/home/jorisk2/HVQE/data/kagome/periodic/own_graph/opl/infidelity/3x2', 'n_par': 36, 'par_multiplicity': 9, 'n_iter': 0, 'cost_fn': 'infidelity', 'temperature': 1.0, 'stepsize': 1.0, 'init_par': None, 'dump_interval': None}
init_par = [-5.55719401274766e-05, 0.00041481776294454884, 0.00020510384431856395, 7.129466252594509e-06, -0.00026612936154724303, -0.000203628444253406, -0.00024655378374401326, 0.00037383254249768875, -4.526205780092899e-05, -0.00028439833894188806, 5.496427287866022e-06, 0.0002080129871581827, -0.0004621946673459452, -1.0455247924780675e-05, 1.9414713972759536e-05, 0.00047674798428361557, -0.000347554107169026, -0.0004902959452684626, 0.0002605064604792721, 0.00016813831863320757, 0.0004906408842498685, -0.00039210766083335716, -0.0003959214303354474, 0.0002516875164018385, -0.00026868972456592843, 0.00031306503396318986, 0.00036997131277084847, -0.0003022108500877837, -0.00030180185282261177, 9.033356631257003e-05, 8.94704556634497e-05, -0.00017959142159022426, 0.0003110813747802055, 0.00035134671753628635, -0.00043792614018155565, -0.00010784383553583154]
 
RESULTS:
--------
E_VQE = -7.665258016673026
inf_VQE = 0.41225652618505493
n_fn_calls = 226
Wall-clock time 0.059915035499466786 hours
 
For more output, see /home/jorisk2/HVQE/data/kagome/periodic/own_graph/opl/infidelity/3x2/output.txt
Plots of output saved in /home/jorisk2/HVQE/data/kagome/periodic/own_graph/opl/infidelity/3x2
End of HVQE.py
==========================================================================================
CuPy installation found, continuing using GPU acceleration.
having the CPUs {32, 36, 8, 12, 16, 20, 24, 28} available.
Started basinhopping at 2020-12-25 09:07:31.670803 UTC, with
command line arguments = {'path': '/home/jorisk2/HVQE/data/kagome/periodic/own_graph/opl/infidelity/3x2', 'n_par': 40, 'par_multiplicity': 9, 'n_iter': 0, 'cost_fn': 'infidelity', 'temperature': 1.0, 'stepsize': 1.0, 'init_par': None, 'dump_interval': None}
runtime variables =  {'GPU': True, 'date_start': '2020-12-25 09:07:31.670803', 'complete_graph': [(0, 6), (2, 8), (4, 10), (12, 9), (14, 11), (16, 7), (15, 1), (17, 3), (13, 5), (1, 6), (3, 8), (5, 10), (7, 12), (9, 14), (11, 16), (13, 0), (15, 2), (17, 4), (1, 2), (3, 4), (5, 0), (8, 12), (10, 14), (6, 16), (7, 13), (9, 15), (11, 17), (0, 1), (2, 3), (4, 5), (6, 7), (8, 9), (10, 11), (12, 13), (14, 15), (16, 17)], 'init_layer': [(0, 1), (2, 3), (4, 5), (6, 7), (8, 9), (10, 11), (12, 13), (14, 15), (16, 17)], 'layers': [[(0, 6), (2, 8), (4, 10), (12, 9), (14, 11), (16, 7), (15, 1), (17, 3), (13, 5)], [(1, 6), (3, 8), (5, 10), (7, 12), (9, 14), (11, 16), (13, 0), (15, 2), (17, 4)], [(1, 2), (3, 4), (5, 0), (8, 12), (10, 14), (6, 16), (7, 13), (9, 15), (11, 17)], [(0, 1), (2, 3), (4, 5), (6, 7), (8, 9), (10, 11), (12, 13), (14, 15), (16, 17)]], 'n': 18}
.................................................................................................................................................................................................................................................................................... 
==========================================================================================
Finished basinhopping of  /home/jorisk2/HVQE/data/kagome/periodic/own_graph/opl/infidelity/3x2 at 2020-12-25 09:12:27.913228 UTC, with
 
{'path': '/home/jorisk2/HVQE/data/kagome/periodic/own_graph/opl/infidelity/3x2', 'n_par': 40, 'par_multiplicity': 9, 'n_iter': 0, 'cost_fn': 'infidelity', 'temperature': 1.0, 'stepsize': 1.0, 'init_par': None, 'dump_interval': None}
init_par = [-2.7498418067762795e-05, 9.020030437130032e-05, 0.00028234867321180084, -0.00036278415299756785, -0.00022330744744998468, 0.0004887671875038989, -5.832029447099495e-05, 0.0004975629119572686, 0.00011538775389516277, 4.0414463097997026e-05, -0.00019093683237048656, -0.0002595462464672579, 0.00037862218850005856, -0.0004808091915340226, -0.00045042801117552026, -0.00039194663735853775, -2.471187361104409e-05, -0.00018348789679538494, -0.00031203395705954297, -0.00015215179345298035, -0.00016807202802032707, 1.2216224834023367e-05, 0.00035235085580079034, -0.0003125698137848162, 0.00011624525665518241, 0.0002386128334621111, 0.00047723733945358605, -0.0002028261866720882, -0.0004372742508828534, 0.0002829153124717014, 9.686719472239667e-06, -0.000357835109087464, -8.191406558565625e-06, -0.00011388451780955622, -0.00016532300353646793, 0.0003382073363324815, -0.00027777584505096395, 0.00015727813818951935, 0.00033539634314360854, 0.0004732241994956607]
 
RESULTS:
--------
E_VQE = -7.642963611429312
inf_VQE = 0.4225956893305559
n_fn_calls = 276
Wall-clock time 0.08209866848256854 hours
 
For more output, see /home/jorisk2/HVQE/data/kagome/periodic/own_graph/opl/infidelity/3x2/output.txt
Plots of output saved in /home/jorisk2/HVQE/data/kagome/periodic/own_graph/opl/infidelity/3x2
End of HVQE.py
==========================================================================================
CuPy installation found, continuing using GPU acceleration.
having the CPUs {32, 36, 8, 12, 16, 20, 24, 28} available.
Started basinhopping at 2020-12-25 09:12:32.821131 UTC, with
command line arguments = {'path': '/home/jorisk2/HVQE/data/kagome/periodic/own_graph/opl/infidelity/3x2', 'n_par': 44, 'par_multiplicity': 9, 'n_iter': 0, 'cost_fn': 'infidelity', 'temperature': 1.0, 'stepsize': 1.0, 'init_par': None, 'dump_interval': None}
runtime variables =  {'GPU': True, 'date_start': '2020-12-25 09:12:32.821131', 'complete_graph': [(0, 6), (2, 8), (4, 10), (12, 9), (14, 11), (16, 7), (15, 1), (17, 3), (13, 5), (1, 6), (3, 8), (5, 10), (7, 12), (9, 14), (11, 16), (13, 0), (15, 2), (17, 4), (1, 2), (3, 4), (5, 0), (8, 12), (10, 14), (6, 16), (7, 13), (9, 15), (11, 17), (0, 1), (2, 3), (4, 5), (6, 7), (8, 9), (10, 11), (12, 13), (14, 15), (16, 17)], 'init_layer': [(0, 1), (2, 3), (4, 5), (6, 7), (8, 9), (10, 11), (12, 13), (14, 15), (16, 17)], 'layers': [[(0, 6), (2, 8), (4, 10), (12, 9), (14, 11), (16, 7), (15, 1), (17, 3), (13, 5)], [(1, 6), (3, 8), (5, 10), (7, 12), (9, 14), (11, 16), (13, 0), (15, 2), (17, 4)], [(1, 2), (3, 4), (5, 0), (8, 12), (10, 14), (6, 16), (7, 13), (9, 15), (11, 17)], [(0, 1), (2, 3), (4, 5), (6, 7), (8, 9), (10, 11), (12, 13), (14, 15), (16, 17)]], 'n': 18}
...................................................................................................................................................................................................................... 
==========================================================================================
Finished basinhopping of  /home/jorisk2/HVQE/data/kagome/periodic/own_graph/opl/infidelity/3x2 at 2020-12-25 09:16:44.829502 UTC, with
 
{'path': '/home/jorisk2/HVQE/data/kagome/periodic/own_graph/opl/infidelity/3x2', 'n_par': 44, 'par_multiplicity': 9, 'n_iter': 0, 'cost_fn': 'infidelity', 'temperature': 1.0, 'stepsize': 1.0, 'init_par': None, 'dump_interval': None}
init_par = [0.0001580104268409753, 0.00010028846448857621, -0.00017443176724821262, 0.00023300408661401065, -0.00010802505051681977, -0.00012247952429189125, -0.0004298928491485903, -0.00043903373802274125, -0.0002012221816129537, -8.123251642324259e-05, -0.0003396756333840948, 0.00035922543829611264, -1.3713809651223177e-05, 0.00031281578374981497, -7.056420623055624e-05, 0.00012581510396789944, -0.00031941095920587115, -3.633531300502492e-05, 0.0003554825740906478, 0.00031051590628087763, 0.0003613619314725714, 0.00045501495748375006, -0.00022522215410774807, -9.557805503615247e-05, -0.00014200663452387563, 0.00019107720961344726, 0.00016342909966844644, -0.0004452849756208428, -0.0004954726515187357, 0.00011331181683699979, 0.00011481790375049384, -0.0004827918418053293, 0.0004679903975842991, -0.0004589900289418043, -3.965472819313521e-06, -2.0959222926569268e-05, -0.0001985059945099286, 0.000359654073998033, 3.171986322340881e-05, -0.00035274221160753295, 0.00036736258121037636, 0.0004145471425213086, 0.00044672744681000247, 0.0002955796113282436]
 
RESULTS:
--------
E_VQE = -7.415828448753874
inf_VQE = 0.3599454394024296
n_fn_calls = 214
Wall-clock time 0.06980081889364455 hours
 
For more output, see /home/jorisk2/HVQE/data/kagome/periodic/own_graph/opl/infidelity/3x2/output.txt
Plots of output saved in /home/jorisk2/HVQE/data/kagome/periodic/own_graph/opl/infidelity/3x2
End of HVQE.py
==========================================================================================
CuPy installation found, continuing using GPU acceleration.
having the CPUs {32, 36, 8, 12, 16, 20, 24, 28} available.
Started basinhopping at 2020-12-25 09:16:49.515647 UTC, with
command line arguments = {'path': '/home/jorisk2/HVQE/data/kagome/periodic/own_graph/opl/infidelity/3x2', 'n_par': 48, 'par_multiplicity': 9, 'n_iter': 0, 'cost_fn': 'infidelity', 'temperature': 1.0, 'stepsize': 1.0, 'init_par': None, 'dump_interval': None}
runtime variables =  {'GPU': True, 'date_start': '2020-12-25 09:16:49.515647', 'complete_graph': [(0, 6), (2, 8), (4, 10), (12, 9), (14, 11), (16, 7), (15, 1), (17, 3), (13, 5), (1, 6), (3, 8), (5, 10), (7, 12), (9, 14), (11, 16), (13, 0), (15, 2), (17, 4), (1, 2), (3, 4), (5, 0), (8, 12), (10, 14), (6, 16), (7, 13), (9, 15), (11, 17), (0, 1), (2, 3), (4, 5), (6, 7), (8, 9), (10, 11), (12, 13), (14, 15), (16, 17)], 'init_layer': [(0, 1), (2, 3), (4, 5), (6, 7), (8, 9), (10, 11), (12, 13), (14, 15), (16, 17)], 'layers': [[(0, 6), (2, 8), (4, 10), (12, 9), (14, 11), (16, 7), (15, 1), (17, 3), (13, 5)], [(1, 6), (3, 8), (5, 10), (7, 12), (9, 14), (11, 16), (13, 0), (15, 2), (17, 4)], [(1, 2), (3, 4), (5, 0), (8, 12), (10, 14), (6, 16), (7, 13), (9, 15), (11, 17)], [(0, 1), (2, 3), (4, 5), (6, 7), (8, 9), (10, 11), (12, 13), (14, 15), (16, 17)]], 'n': 18}
.................................................................................................................................................................................................................... 
==========================================================================================
Finished basinhopping of  /home/jorisk2/HVQE/data/kagome/periodic/own_graph/opl/infidelity/3x2 at 2020-12-25 09:21:22.446639 UTC, with
 
{'path': '/home/jorisk2/HVQE/data/kagome/periodic/own_graph/opl/infidelity/3x2', 'n_par': 48, 'par_multiplicity': 9, 'n_iter': 0, 'cost_fn': 'infidelity', 'temperature': 1.0, 'stepsize': 1.0, 'init_par': None, 'dump_interval': None}
init_par = [0.00029521288397634806, 0.00039324122718998667, 0.00025782662779942037, 0.0001591679401925656, 0.00040004796675101035, 0.0002544905502400704, -0.00022160097157519423, 3.7722172544093395e-05, 0.00018428341401536283, -5.534671766850764e-05, 0.00021215071541409725, -0.0004655101127170923, 0.00031606513476157866, 0.0002857565268687568, 0.00016433832474718952, 0.00015973658720634166, -7.743141727260794e-05, 0.00043474085773456813, -2.8309561638402685e-06, -0.00036566093212716047, 0.0003041821766571681, -0.00041875674227788754, -0.00023396506796155157, -0.00011605426151243382, -0.0001326825295193295, 6.798502230177328e-05, 0.0003074087125351894, -0.0004155605678155905, 0.00039520466332772274, 0.00013740914341284433, -0.00036272280521012145, -0.00035136381269819806, 0.0002762396011525577, 0.0004174334664049055, 0.00020106393092273129, -0.0004716275625781947, -0.00047784445449381574, -0.00012134920018716554, -0.00022460706422216192, -0.00015278663552268658, 0.00044151207620940784, -0.0003117560449929063, 0.00012337356411137737, 0.00018060337486339336, -8.585935140724811e-07, 0.0004023030309731199, -0.00046631128486487075, 9.517747492605237e-05]
 
RESULTS:
--------
E_VQE = -7.636897457200158
inf_VQE = 0.417299207195982
n_fn_calls = 212
Wall-clock time 0.07560966074466705 hours
 
For more output, see /home/jorisk2/HVQE/data/kagome/periodic/own_graph/opl/infidelity/3x2/output.txt
Plots of output saved in /home/jorisk2/HVQE/data/kagome/periodic/own_graph/opl/infidelity/3x2
End of HVQE.py
==========================================================================================
CuPy installation found, continuing using GPU acceleration.
having the CPUs {32, 36, 8, 12, 16, 20, 24, 28} available.
Started basinhopping at 2020-12-25 09:21:27.706976 UTC, with
command line arguments = {'path': '/home/jorisk2/HVQE/data/kagome/periodic/own_graph/opl/infidelity/3x2', 'n_par': 52, 'par_multiplicity': 9, 'n_iter': 0, 'cost_fn': 'infidelity', 'temperature': 1.0, 'stepsize': 1.0, 'init_par': None, 'dump_interval': None}
runtime variables =  {'GPU': True, 'date_start': '2020-12-25 09:21:27.706976', 'complete_graph': [(0, 6), (2, 8), (4, 10), (12, 9), (14, 11), (16, 7), (15, 1), (17, 3), (13, 5), (1, 6), (3, 8), (5, 10), (7, 12), (9, 14), (11, 16), (13, 0), (15, 2), (17, 4), (1, 2), (3, 4), (5, 0), (8, 12), (10, 14), (6, 16), (7, 13), (9, 15), (11, 17), (0, 1), (2, 3), (4, 5), (6, 7), (8, 9), (10, 11), (12, 13), (14, 15), (16, 17)], 'init_layer': [(0, 1), (2, 3), (4, 5), (6, 7), (8, 9), (10, 11), (12, 13), (14, 15), (16, 17)], 'layers': [[(0, 6), (2, 8), (4, 10), (12, 9), (14, 11), (16, 7), (15, 1), (17, 3), (13, 5)], [(1, 6), (3, 8), (5, 10), (7, 12), (9, 14), (11, 16), (13, 0), (15, 2), (17, 4)], [(1, 2), (3, 4), (5, 0), (8, 12), (10, 14), (6, 16), (7, 13), (9, 15), (11, 17)], [(0, 1), (2, 3), (4, 5), (6, 7), (8, 9), (10, 11), (12, 13), (14, 15), (16, 17)]], 'n': 18}
............................................................................................................................................................................................................................................................................. 
==========================================================================================
Finished basinhopping of  /home/jorisk2/HVQE/data/kagome/periodic/own_graph/opl/infidelity/3x2 at 2020-12-25 09:27:39.267516 UTC, with
 
{'path': '/home/jorisk2/HVQE/data/kagome/periodic/own_graph/opl/infidelity/3x2', 'n_par': 52, 'par_multiplicity': 9, 'n_iter': 0, 'cost_fn': 'infidelity', 'temperature': 1.0, 'stepsize': 1.0, 'init_par': None, 'dump_interval': None}
init_par = [0.0004976707948695981, -0.00048705432255538497, -0.0004978654797543445, 0.00029257893549722823, 7.286929131012764e-05, 2.2836707513929858e-05, -0.00015621883359906154, -0.00026977246118434044, 0.00022049193958042352, -0.0002705914083855038, -0.0004184068338171617, 0.00047067580644640655, -0.00015606530710520253, 0.00010634451783845384, 0.0002599066034246492, 0.0001969542440689808, 0.00013672931605078085, -1.4273531006040439e-05, -0.0002825454445788231, 0.0004818798927766208, -0.0001945615741122748, 0.00043079855751663207, 0.00040891739528538024, 0.0004482437027115006, 0.0001314606817024301, 0.0003438981486402889, -0.0002878597619332096, 0.00013789284649744714, -7.273726809352158e-05, 0.00029122947460656504, -0.00038769414267843385, -0.00012450286329701213, -0.000278870833645842, 0.0003044239022789605, 3.841566047078329e-06, -0.00010668708866080413, 0.00017804292866000512, 0.00012719694375473093, 0.000388734557049634, 4.899283355301251e-05, -0.0001259019325168762, 0.00010445320397761942, -0.00011454789013346726, 0.0003787186386882648, 0.00042392844553218174, -7.188946864248002e-05, -0.0001687923779729539, 0.0004047263519242531, -4.909500568755164e-05, 0.00022865741122256344, -0.00028516796368858414, 9.712442999495325e-05]
 
RESULTS:
--------
E_VQE = -7.456041552825038
inf_VQE = 0.390758859656008
n_fn_calls = 269
Wall-clock time 0.10299251662360297 hours
 
For more output, see /home/jorisk2/HVQE/data/kagome/periodic/own_graph/opl/infidelity/3x2/output.txt
Plots of output saved in /home/jorisk2/HVQE/data/kagome/periodic/own_graph/opl/infidelity/3x2
End of HVQE.py
==========================================================================================
CuPy installation found, continuing using GPU acceleration.
having the CPUs {32, 36, 8, 12, 16, 20, 24, 28} available.
Started basinhopping at 2020-12-25 09:27:44.289343 UTC, with
command line arguments = {'path': '/home/jorisk2/HVQE/data/kagome/periodic/own_graph/opl/infidelity/3x2', 'n_par': 56, 'par_multiplicity': 9, 'n_iter': 0, 'cost_fn': 'infidelity', 'temperature': 1.0, 'stepsize': 1.0, 'init_par': None, 'dump_interval': None}
runtime variables =  {'GPU': True, 'date_start': '2020-12-25 09:27:44.289343', 'complete_graph': [(0, 6), (2, 8), (4, 10), (12, 9), (14, 11), (16, 7), (15, 1), (17, 3), (13, 5), (1, 6), (3, 8), (5, 10), (7, 12), (9, 14), (11, 16), (13, 0), (15, 2), (17, 4), (1, 2), (3, 4), (5, 0), (8, 12), (10, 14), (6, 16), (7, 13), (9, 15), (11, 17), (0, 1), (2, 3), (4, 5), (6, 7), (8, 9), (10, 11), (12, 13), (14, 15), (16, 17)], 'init_layer': [(0, 1), (2, 3), (4, 5), (6, 7), (8, 9), (10, 11), (12, 13), (14, 15), (16, 17)], 'layers': [[(0, 6), (2, 8), (4, 10), (12, 9), (14, 11), (16, 7), (15, 1), (17, 3), (13, 5)], [(1, 6), (3, 8), (5, 10), (7, 12), (9, 14), (11, 16), (13, 0), (15, 2), (17, 4)], [(1, 2), (3, 4), (5, 0), (8, 12), (10, 14), (6, 16), (7, 13), (9, 15), (11, 17)], [(0, 1), (2, 3), (4, 5), (6, 7), (8, 9), (10, 11), (12, 13), (14, 15), (16, 17)]], 'n': 18}
................................................................................................................................................................................................................................................................................................................................................ 
==========================================================================================
Finished basinhopping of  /home/jorisk2/HVQE/data/kagome/periodic/own_graph/opl/infidelity/3x2 at 2020-12-25 09:36:10.437266 UTC, with
 
{'path': '/home/jorisk2/HVQE/data/kagome/periodic/own_graph/opl/infidelity/3x2', 'n_par': 56, 'par_multiplicity': 9, 'n_iter': 0, 'cost_fn': 'infidelity', 'temperature': 1.0, 'stepsize': 1.0, 'init_par': None, 'dump_interval': None}
init_par = [0.0003830627322341331, 0.00014337352314864704, 0.0002041458399768593, 0.00013829925691515347, 0.0001740930370296819, -1.9597370518322453e-05, -0.00021993911186915115, 0.00023970655229605742, 0.0001559165500639657, 0.0002854966414679895, -0.00032065696119692235, 0.0001901788550945047, -0.00034427666588515086, -0.0002728184010179479, 0.00038945359557325326, -0.0004143753909225205, -0.00039450989051495255, -0.00042448491224804553, -0.00046742503513659615, 9.467275527765364e-05, -0.00048143635192575196, -0.00016601113000228198, 0.00042595310232746927, -0.0002993963331959293, -4.553157882749529e-05, 7.804130613487184e-08, 0.00029173420278693827, -0.00023358843726106515, -0.0002469750739163339, -0.00022249137823598632, -0.0002478680856908785, -7.39431589889382e-05, -0.0001904625663503462, -0.00023766821103029124, 0.0004962598541331938, 0.00035836809437207067, -0.00011896555130183053, 0.00020787962653353144, -0.00037431262354668923, -0.0004679447016438001, -0.00031293645217674184, -0.0004218978102941986, -0.00019870241171865844, 0.0001169357061113522, 2.541828759793129e-05, 0.0001385065504093465, -0.000217920463830528, -0.00010638620387593581, -0.00044285520938932324, 0.0004712876767774142, -0.0003001716151914786, -0.00011481486980735069, 1.4964707397949802e-05, 0.00025912401317787503, 9.214310199399944e-05, 0.00034625618222018054]
 
RESULTS:
--------
E_VQE = -7.627651204150733
inf_VQE = 0.392178360417088
n_fn_calls = 336
Wall-clock time 0.14036329878701104 hours
 
For more output, see /home/jorisk2/HVQE/data/kagome/periodic/own_graph/opl/infidelity/3x2/output.txt
Plots of output saved in /home/jorisk2/HVQE/data/kagome/periodic/own_graph/opl/infidelity/3x2
End of HVQE.py
==========================================================================================
CuPy installation found, continuing using GPU acceleration.
having the CPUs {32, 36, 8, 12, 16, 20, 24, 28} available.
Started basinhopping at 2020-12-25 09:36:15.794843 UTC, with
command line arguments = {'path': '/home/jorisk2/HVQE/data/kagome/periodic/own_graph/opl/infidelity/3x2', 'n_par': 60, 'par_multiplicity': 9, 'n_iter': 0, 'cost_fn': 'infidelity', 'temperature': 1.0, 'stepsize': 1.0, 'init_par': None, 'dump_interval': None}
runtime variables =  {'GPU': True, 'date_start': '2020-12-25 09:36:15.794843', 'complete_graph': [(0, 6), (2, 8), (4, 10), (12, 9), (14, 11), (16, 7), (15, 1), (17, 3), (13, 5), (1, 6), (3, 8), (5, 10), (7, 12), (9, 14), (11, 16), (13, 0), (15, 2), (17, 4), (1, 2), (3, 4), (5, 0), (8, 12), (10, 14), (6, 16), (7, 13), (9, 15), (11, 17), (0, 1), (2, 3), (4, 5), (6, 7), (8, 9), (10, 11), (12, 13), (14, 15), (16, 17)], 'init_layer': [(0, 1), (2, 3), (4, 5), (6, 7), (8, 9), (10, 11), (12, 13), (14, 15), (16, 17)], 'layers': [[(0, 6), (2, 8), (4, 10), (12, 9), (14, 11), (16, 7), (15, 1), (17, 3), (13, 5)], [(1, 6), (3, 8), (5, 10), (7, 12), (9, 14), (11, 16), (13, 0), (15, 2), (17, 4)], [(1, 2), (3, 4), (5, 0), (8, 12), (10, 14), (6, 16), (7, 13), (9, 15), (11, 17)], [(0, 1), (2, 3), (4, 5), (6, 7), (8, 9), (10, 11), (12, 13), (14, 15), (16, 17)]], 'n': 18}
................................................................................................................................................................................................................................................... 
==========================================================================================
Finished basinhopping of  /home/jorisk2/HVQE/data/kagome/periodic/own_graph/opl/infidelity/3x2 at 2020-12-25 09:42:50.275835 UTC, with
 
{'path': '/home/jorisk2/HVQE/data/kagome/periodic/own_graph/opl/infidelity/3x2', 'n_par': 60, 'par_multiplicity': 9, 'n_iter': 0, 'cost_fn': 'infidelity', 'temperature': 1.0, 'stepsize': 1.0, 'init_par': None, 'dump_interval': None}
init_par = [0.0003757695011414686, 0.00034913083822776466, -0.0004695272242689158, 0.00021355514938236123, 0.00010383805385429958, -0.00023120434142308587, -0.00028055809284794643, -3.098759211164184e-05, -9.554019691445818e-05, -0.0004931879440735762, 0.0004210652734114662, 0.00021717866444346233, 8.246265498840471e-05, -0.00041586312208844546, -0.0003851171340558267, -0.0002582899878176953, 0.00044981073899421676, 0.0002514182283572681, 0.00024697552885553844, 0.00048348007340336444, -2.5448487252542693e-05, 0.0002901159714512725, 0.0004257678218892811, -0.0001376823835445591, 0.00026702912675087695, 0.00029004525129651035, 0.00048031969207955197, 0.00032577479836195524, -0.00011019782098911624, 0.00048372332161578514, 0.00010607163878763922, -0.0003665026334439044, -0.0002032112346595334, 0.0002732942051110128, 0.00012475193780494523, 0.00044691051761822, 3.796439519693532e-05, -0.00010696237525843787, -5.4719996288970433e-05, 0.00029399121444739426, 0.00043461727010333335, 0.00017763688230517803, 0.00036813047156716025, 0.00039961310933843875, -0.00036538138352582787, -0.00037120317716188734, -0.0003363756901741844, -0.0004058196184391778, 0.0001563006185279173, -1.7896052303161035e-05, -0.00014822125463054547, -0.00042097704592044226, -0.00033013696938618935, -5.54892515332089e-07, -0.00036881261993643286, -3.137353586903926e-05, 0.0003737256503449927, 0.00040939358499694984, -0.00040768927723067454, 0.0002012220863311261]
 
RESULTS:
--------
E_VQE = -7.572458868728626
inf_VQE = 0.3627693383136751
n_fn_calls = 243
Wall-clock time 0.10932631664805942 hours
 
For more output, see /home/jorisk2/HVQE/data/kagome/periodic/own_graph/opl/infidelity/3x2/output.txt
Plots of output saved in /home/jorisk2/HVQE/data/kagome/periodic/own_graph/opl/infidelity/3x2
End of HVQE.py
==========================================================================================
CuPy installation found, continuing using GPU acceleration.
having the CPUs {32, 36, 8, 12, 16, 20, 24, 28} available.
Started basinhopping at 2020-12-25 09:42:55.046876 UTC, with
command line arguments = {'path': '/home/jorisk2/HVQE/data/kagome/periodic/own_graph/opl/infidelity/3x2', 'n_par': 64, 'par_multiplicity': 9, 'n_iter': 0, 'cost_fn': 'infidelity', 'temperature': 1.0, 'stepsize': 1.0, 'init_par': None, 'dump_interval': None}
runtime variables =  {'GPU': True, 'date_start': '2020-12-25 09:42:55.046876', 'complete_graph': [(0, 6), (2, 8), (4, 10), (12, 9), (14, 11), (16, 7), (15, 1), (17, 3), (13, 5), (1, 6), (3, 8), (5, 10), (7, 12), (9, 14), (11, 16), (13, 0), (15, 2), (17, 4), (1, 2), (3, 4), (5, 0), (8, 12), (10, 14), (6, 16), (7, 13), (9, 15), (11, 17), (0, 1), (2, 3), (4, 5), (6, 7), (8, 9), (10, 11), (12, 13), (14, 15), (16, 17)], 'init_layer': [(0, 1), (2, 3), (4, 5), (6, 7), (8, 9), (10, 11), (12, 13), (14, 15), (16, 17)], 'layers': [[(0, 6), (2, 8), (4, 10), (12, 9), (14, 11), (16, 7), (15, 1), (17, 3), (13, 5)], [(1, 6), (3, 8), (5, 10), (7, 12), (9, 14), (11, 16), (13, 0), (15, 2), (17, 4)], [(1, 2), (3, 4), (5, 0), (8, 12), (10, 14), (6, 16), (7, 13), (9, 15), (11, 17)], [(0, 1), (2, 3), (4, 5), (6, 7), (8, 9), (10, 11), (12, 13), (14, 15), (16, 17)]], 'n': 18}
................................................................................................................................................................................................................................................... 
==========================================================================================
Finished basinhopping of  /home/jorisk2/HVQE/data/kagome/periodic/own_graph/opl/infidelity/3x2 at 2020-12-25 09:49:42.738461 UTC, with
 
{'path': '/home/jorisk2/HVQE/data/kagome/periodic/own_graph/opl/infidelity/3x2', 'n_par': 64, 'par_multiplicity': 9, 'n_iter': 0, 'cost_fn': 'infidelity', 'temperature': 1.0, 'stepsize': 1.0, 'init_par': None, 'dump_interval': None}
init_par = [-0.0004351100941040996, 0.00042815028334699666, 8.839049454364566e-05, -6.561540854791939e-05, 0.00011181229149743554, 7.81028093615071e-05, -9.245265358867242e-05, -7.729787989247874e-05, -0.0002451550738385062, 0.0003372853501301808, 0.00032166173124189516, -0.00023353227665508225, -0.00019840868125213165, -0.0004536320448774526, 6.048159105262083e-05, 0.00038731371864741276, 0.00039423517944200015, 0.0004456087247719225, -0.00036496151258968014, -6.884065529472964e-05, -0.00032174025685587727, -0.00016382504063315194, -6.597791986538492e-05, 0.00047866645467114816, 0.0003702877576549487, 0.00021188674625666779, 0.0003804213676730292, 4.256336740380683e-05, -0.00048739405392006, 0.0003247521850315025, -0.00030852972676961545, 0.00012439026299515175, 0.00038501447914974206, -0.00018558190975523006, -6.2042432924872e-05, 0.00038414982853030943, 0.00012811149995184488, 0.00022040573717605416, -0.000165894825236961, 0.00016772487761995821, -0.000478239825297372, -0.0004052064245349085, -0.00011345820868742464, -1.3287422584437613e-05, 0.00034004105429519813, -0.000420191081767097, 0.00045391105611112463, 0.0003413526408030213, 8.64411697599172e-05, 0.00012336659210704945, 0.00021706527534441546, 0.00018501309734232434, -0.00029245516495532257, -7.932991921063507e-05, 0.00027216450207998477, 0.00037699668849356467, 0.00013846087069286305, -0.00021182561446660798, 0.0004383247782736269, 0.0002801266321618203, -0.0003600560401439691, 0.0003474329391280746, -0.00037562695839922657, 2.422923917186023e-05]
 
RESULTS:
--------
E_VQE = -7.82740059142616
inf_VQE = 0.18787966915368315
n_fn_calls = 243
Wall-clock time 0.11298996455139584 hours
 
For more output, see /home/jorisk2/HVQE/data/kagome/periodic/own_graph/opl/infidelity/3x2/output.txt
Plots of output saved in /home/jorisk2/HVQE/data/kagome/periodic/own_graph/opl/infidelity/3x2
End of HVQE.py
==========================================================================================
CuPy installation found, continuing using GPU acceleration.
having the CPUs {32, 36, 8, 12, 16, 20, 24, 28} available.
Started basinhopping at 2020-12-25 09:49:47.687484 UTC, with
command line arguments = {'path': '/home/jorisk2/HVQE/data/kagome/periodic/own_graph/opl/infidelity/3x2', 'n_par': 68, 'par_multiplicity': 9, 'n_iter': 0, 'cost_fn': 'infidelity', 'temperature': 1.0, 'stepsize': 1.0, 'init_par': None, 'dump_interval': None}
runtime variables =  {'GPU': True, 'date_start': '2020-12-25 09:49:47.687484', 'complete_graph': [(0, 6), (2, 8), (4, 10), (12, 9), (14, 11), (16, 7), (15, 1), (17, 3), (13, 5), (1, 6), (3, 8), (5, 10), (7, 12), (9, 14), (11, 16), (13, 0), (15, 2), (17, 4), (1, 2), (3, 4), (5, 0), (8, 12), (10, 14), (6, 16), (7, 13), (9, 15), (11, 17), (0, 1), (2, 3), (4, 5), (6, 7), (8, 9), (10, 11), (12, 13), (14, 15), (16, 17)], 'init_layer': [(0, 1), (2, 3), (4, 5), (6, 7), (8, 9), (10, 11), (12, 13), (14, 15), (16, 17)], 'layers': [[(0, 6), (2, 8), (4, 10), (12, 9), (14, 11), (16, 7), (15, 1), (17, 3), (13, 5)], [(1, 6), (3, 8), (5, 10), (7, 12), (9, 14), (11, 16), (13, 0), (15, 2), (17, 4)], [(1, 2), (3, 4), (5, 0), (8, 12), (10, 14), (6, 16), (7, 13), (9, 15), (11, 17)], [(0, 1), (2, 3), (4, 5), (6, 7), (8, 9), (10, 11), (12, 13), (14, 15), (16, 17)]], 'n': 18}
...................................................................................................................................................................................................................... 
==========================================================================================
Finished basinhopping of  /home/jorisk2/HVQE/data/kagome/periodic/own_graph/opl/infidelity/3x2 at 2020-12-25 09:56:08.086701 UTC, with
 
{'path': '/home/jorisk2/HVQE/data/kagome/periodic/own_graph/opl/infidelity/3x2', 'n_par': 68, 'par_multiplicity': 9, 'n_iter': 0, 'cost_fn': 'infidelity', 'temperature': 1.0, 'stepsize': 1.0, 'init_par': None, 'dump_interval': None}
init_par = [-3.049310076681501e-05, 0.0004739526391114463, 0.00023134338412269606, 1.815289132365682e-05, -0.00025771547855669454, 0.00021633768562082177, 0.00012058171571668365, 5.5444082394414946e-05, -6.229540410084445e-05, 0.0003744275232465126, -0.00023177803558013235, -0.0002985671297597172, -0.0002253220895519239, -0.00013171729508761553, 0.0004063317725465945, -0.0002493927873536963, -0.00013604620218229046, -0.00047277108344394406, -0.00030150392039985497, -4.709105089824685e-05, -0.0004585851228046025, 0.00026947371954769996, -0.0001400888888561759, 0.0003691234841880492, 0.00010935123884509056, 0.00029461675053473737, 0.00019266551683888794, -0.0003796298062140324, -0.0003231854563827845, -0.00013088543548051826, 0.0003436151289934237, 0.00035431695898254683, 4.5530773222824425e-05, -0.0002058721799707841, 5.0222792566461186e-05, 9.308502226314523e-05, 9.549747650962326e-05, -0.0003003858422336379, 0.00020430944492855197, -9.557847451839775e-05, -0.00010610794080509548, 1.4661692553591746e-06, 4.982270314977564e-05, 0.0004524752722146792, 0.00010412620784632084, 7.405643347394844e-05, 0.00025943148695679863, 4.774282085528764e-05, 0.0004784750584658703, -0.00033266327742651847, -0.00027542382983773294, 0.00020367286367672097, -4.736270946819753e-05, 0.0001390222751028238, -0.00024326504067538157, 0.0002165923663509917, -0.0004407199417641045, 0.00012012056779013612, -0.00012633217940462304, 0.00039636133326856034, 0.00015819896788250702, -0.0004750753510752841, -0.00016568267395207536, 0.0002810013281772987, 0.00038957152582889455, -0.00020486657014356203, -0.00045867849284433274, 0.00022790196632915794]
 
RESULTS:
--------
E_VQE = -7.553107618070392
inf_VQE = 0.30177588665272004
n_fn_calls = 214
Wall-clock time 0.10539783517519632 hours
 
For more output, see /home/jorisk2/HVQE/data/kagome/periodic/own_graph/opl/infidelity/3x2/output.txt
Plots of output saved in /home/jorisk2/HVQE/data/kagome/periodic/own_graph/opl/infidelity/3x2
End of HVQE.py
==========================================================================================
CuPy installation found, continuing using GPU acceleration.
having the CPUs {32, 36, 8, 12, 16, 20, 24, 28} available.
Started basinhopping at 2020-12-25 09:56:13.004341 UTC, with
command line arguments = {'path': '/home/jorisk2/HVQE/data/kagome/periodic/own_graph/opl/infidelity/3x2', 'n_par': 72, 'par_multiplicity': 9, 'n_iter': 0, 'cost_fn': 'infidelity', 'temperature': 1.0, 'stepsize': 1.0, 'init_par': None, 'dump_interval': None}
runtime variables =  {'GPU': True, 'date_start': '2020-12-25 09:56:13.004341', 'complete_graph': [(0, 6), (2, 8), (4, 10), (12, 9), (14, 11), (16, 7), (15, 1), (17, 3), (13, 5), (1, 6), (3, 8), (5, 10), (7, 12), (9, 14), (11, 16), (13, 0), (15, 2), (17, 4), (1, 2), (3, 4), (5, 0), (8, 12), (10, 14), (6, 16), (7, 13), (9, 15), (11, 17), (0, 1), (2, 3), (4, 5), (6, 7), (8, 9), (10, 11), (12, 13), (14, 15), (16, 17)], 'init_layer': [(0, 1), (2, 3), (4, 5), (6, 7), (8, 9), (10, 11), (12, 13), (14, 15), (16, 17)], 'layers': [[(0, 6), (2, 8), (4, 10), (12, 9), (14, 11), (16, 7), (15, 1), (17, 3), (13, 5)], [(1, 6), (3, 8), (5, 10), (7, 12), (9, 14), (11, 16), (13, 0), (15, 2), (17, 4)], [(1, 2), (3, 4), (5, 0), (8, 12), (10, 14), (6, 16), (7, 13), (9, 15), (11, 17)], [(0, 1), (2, 3), (4, 5), (6, 7), (8, 9), (10, 11), (12, 13), (14, 15), (16, 17)]], 'n': 18}
................................................................................................................................................................................................................................................................................................................................................................................................................................................. 
==========================================================================================
Finished basinhopping of  /home/jorisk2/HVQE/data/kagome/periodic/own_graph/opl/infidelity/3x2 at 2020-12-25 10:09:59.932690 UTC, with
 
{'path': '/home/jorisk2/HVQE/data/kagome/periodic/own_graph/opl/infidelity/3x2', 'n_par': 72, 'par_multiplicity': 9, 'n_iter': 0, 'cost_fn': 'infidelity', 'temperature': 1.0, 'stepsize': 1.0, 'init_par': None, 'dump_interval': None}
init_par = [-0.00018306937898292675, 0.0001470268361954554, 0.00035679404801129255, -4.0187722144255486e-05, -0.000334928552610597, -0.00017599120082112954, -0.00017733359377985114, -0.0004913818970652002, -0.00021493207293510374, -0.00035068248309820353, -0.0002629774699638835, 0.00028425702171468517, 0.00039768616738068935, 0.0003804999212430191, 0.000132381665821663, 5.5402678531718736e-05, -0.00044660271338925006, -0.00037717036096925353, 0.000409540254902812, 0.00013363989404027233, 0.0004867464070787554, -0.000172152078919264, -4.792082094316329e-05, -0.00014620319526529837, -0.0004552948970116293, 0.0002023414688953339, 0.00026504189566260846, -8.998906107868986e-05, 0.00037562882873162307, 0.0004284670505033288, -3.621089155110812e-05, -0.00019939008140224793, -0.00019719220806704943, 0.00012054353969699594, 0.0003226396465312283, -0.00015589788144850013, 0.00011936120018878028, 5.3571298782223334e-05, 3.982598944854952e-05, 6.600281984277105e-05, 0.0004760861912155378, -0.00014491421768878898, -0.0004016825290017168, 0.00044703633016652524, 0.00023156253684839358, 0.0004346178325158182, 0.0003678427027144389, 0.00043562292774937297, -8.260637121516835e-05, 0.00017941630735723347, 0.00024018106536021183, 0.00014214155531398905, 0.00023014189890019246, -0.00033924791472262554, -0.00022676153009603252, -0.00024373639097500144, 4.592717986120218e-05, -0.00016291034659439484, -0.00040630509656261894, -1.1687001023755325e-05, 0.00021168289150807595, 0.00021070669341682945, -0.00015051026599220566, -0.0002590832475572961, 0.00011233182274219525, 0.00017838755295618205, -0.00037872211104649135, -0.00047090167525230776, 0.0002937619860990154, -0.00048795030616545954, -0.00023823493576945442, 0.00048123395029799217]
 
RESULTS:
--------
E_VQE = -7.528529100817934
inf_VQE = 0.31859086097758194
n_fn_calls = 433
Wall-clock time 0.2294221629699071 hours
 
For more output, see /home/jorisk2/HVQE/data/kagome/periodic/own_graph/opl/infidelity/3x2/output.txt
Plots of output saved in /home/jorisk2/HVQE/data/kagome/periodic/own_graph/opl/infidelity/3x2
End of HVQE.py
==========================================================================================
CuPy installation found, continuing using GPU acceleration.
having the CPUs {32, 36, 8, 12, 16, 20, 24, 28} available.
Started basinhopping at 2020-12-25 10:10:05.073808 UTC, with
command line arguments = {'path': '/home/jorisk2/HVQE/data/kagome/periodic/own_graph/opl/infidelity/3x2', 'n_par': 76, 'par_multiplicity': 9, 'n_iter': 0, 'cost_fn': 'infidelity', 'temperature': 1.0, 'stepsize': 1.0, 'init_par': None, 'dump_interval': None}
runtime variables =  {'GPU': True, 'date_start': '2020-12-25 10:10:05.073808', 'complete_graph': [(0, 6), (2, 8), (4, 10), (12, 9), (14, 11), (16, 7), (15, 1), (17, 3), (13, 5), (1, 6), (3, 8), (5, 10), (7, 12), (9, 14), (11, 16), (13, 0), (15, 2), (17, 4), (1, 2), (3, 4), (5, 0), (8, 12), (10, 14), (6, 16), (7, 13), (9, 15), (11, 17), (0, 1), (2, 3), (4, 5), (6, 7), (8, 9), (10, 11), (12, 13), (14, 15), (16, 17)], 'init_layer': [(0, 1), (2, 3), (4, 5), (6, 7), (8, 9), (10, 11), (12, 13), (14, 15), (16, 17)], 'layers': [[(0, 6), (2, 8), (4, 10), (12, 9), (14, 11), (16, 7), (15, 1), (17, 3), (13, 5)], [(1, 6), (3, 8), (5, 10), (7, 12), (9, 14), (11, 16), (13, 0), (15, 2), (17, 4)], [(1, 2), (3, 4), (5, 0), (8, 12), (10, 14), (6, 16), (7, 13), (9, 15), (11, 17)], [(0, 1), (2, 3), (4, 5), (6, 7), (8, 9), (10, 11), (12, 13), (14, 15), (16, 17)]], 'n': 18}
............................................................................................................................................................................................................................................................................................................................................ 
==========================================================================================
Finished basinhopping of  /home/jorisk2/HVQE/data/kagome/periodic/own_graph/opl/infidelity/3x2 at 2020-12-25 10:21:13.905800 UTC, with
 
{'path': '/home/jorisk2/HVQE/data/kagome/periodic/own_graph/opl/infidelity/3x2', 'n_par': 76, 'par_multiplicity': 9, 'n_iter': 0, 'cost_fn': 'infidelity', 'temperature': 1.0, 'stepsize': 1.0, 'init_par': None, 'dump_interval': None}
init_par = [0.00048273167204609924, 0.0004974448006133481, -0.0003438363384690879, 0.0001870866357884393, -0.0001256316683299925, -0.00010876293813351411, -0.00036464970740849835, 0.00031368802458686576, 0.0001653130807557769, 0.00018046693792124697, -0.0004594192435130441, -0.00034238901519961415, 5.1834865763353646e-05, 0.00017780566993039887, -5.597493341037962e-05, -9.596869751460878e-05, -0.00013188682424457456, 0.00020650520259510416, 0.00040457681574878864, 0.0001790769560859937, -0.00012172945960896411, 0.0004741580695273342, -0.00046511439085258644, -4.33584467462097e-05, 0.00048661263200923096, 0.00036222134430170545, -0.00045875957712072945, -3.827649596627273e-05, -0.00022698753583388199, -0.00010211655188371827, -0.00032348629560745366, -0.00038811995744633356, 0.0002791015732388158, 0.00033342320836238367, 0.00024332004703185594, 0.00042267837723858716, -0.00039827188866333564, -0.000314812065937932, 4.069530969882235e-05, -0.00017558759181751497, 8.703981706189516e-05, -1.5575344313705245e-05, -0.00011279555702365865, -1.0268843649252797e-05, -1.4413557069943626e-05, 0.00041798722275532274, 0.0003251135094842529, 0.00045485473035893574, 0.0003466691298204519, -0.00025058776008799014, -0.00017108360937283197, 0.00014469248529850372, 4.644671216614768e-05, 0.0002698781974238547, 0.00010826701200837162, 4.829540420971568e-06, -0.0002516786820411281, -2.2728891910505213e-05, -0.0003616117229515017, 0.00010563574812508649, -9.942739123061927e-05, -5.5319055617124475e-05, -5.748151240402358e-05, 0.0001088060867092712, 8.692823709596949e-05, 5.29069012758141e-06, 0.00013524208358111386, 0.00018571779819117533, 0.00018634644000679044, -0.00014506411554045874, 6.641206369412383e-07, -0.00011445920044133884, -6.47134493933552e-05, -0.00028172664936619877, -0.00015251046446693487, 0.00022723293220013843]
 
RESULTS:
--------
E_VQE = -7.5768943759556056
inf_VQE = 0.2783731893701118
n_fn_calls = 332
Wall-clock time 0.18548596501350403 hours
 
For more output, see /home/jorisk2/HVQE/data/kagome/periodic/own_graph/opl/infidelity/3x2/output.txt
Plots of output saved in /home/jorisk2/HVQE/data/kagome/periodic/own_graph/opl/infidelity/3x2
End of HVQE.py
==========================================================================================
CuPy installation found, continuing using GPU acceleration.
having the CPUs {32, 36, 8, 12, 16, 20, 24, 28} available.
Started basinhopping at 2020-12-25 10:21:18.857162 UTC, with
command line arguments = {'path': '/home/jorisk2/HVQE/data/kagome/periodic/own_graph/opl/infidelity/3x2', 'n_par': 80, 'par_multiplicity': 9, 'n_iter': 0, 'cost_fn': 'infidelity', 'temperature': 1.0, 'stepsize': 1.0, 'init_par': None, 'dump_interval': None}
runtime variables =  {'GPU': True, 'date_start': '2020-12-25 10:21:18.857162', 'complete_graph': [(0, 6), (2, 8), (4, 10), (12, 9), (14, 11), (16, 7), (15, 1), (17, 3), (13, 5), (1, 6), (3, 8), (5, 10), (7, 12), (9, 14), (11, 16), (13, 0), (15, 2), (17, 4), (1, 2), (3, 4), (5, 0), (8, 12), (10, 14), (6, 16), (7, 13), (9, 15), (11, 17), (0, 1), (2, 3), (4, 5), (6, 7), (8, 9), (10, 11), (12, 13), (14, 15), (16, 17)], 'init_layer': [(0, 1), (2, 3), (4, 5), (6, 7), (8, 9), (10, 11), (12, 13), (14, 15), (16, 17)], 'layers': [[(0, 6), (2, 8), (4, 10), (12, 9), (14, 11), (16, 7), (15, 1), (17, 3), (13, 5)], [(1, 6), (3, 8), (5, 10), (7, 12), (9, 14), (11, 16), (13, 0), (15, 2), (17, 4)], [(1, 2), (3, 4), (5, 0), (8, 12), (10, 14), (6, 16), (7, 13), (9, 15), (11, 17)], [(0, 1), (2, 3), (4, 5), (6, 7), (8, 9), (10, 11), (12, 13), (14, 15), (16, 17)]], 'n': 18}
.................................................................................................................................................................................................................................................................................................................... 
==========================================================================================
Finished basinhopping of  /home/jorisk2/HVQE/data/kagome/periodic/own_graph/opl/infidelity/3x2 at 2020-12-25 10:32:22.929496 UTC, with
 
{'path': '/home/jorisk2/HVQE/data/kagome/periodic/own_graph/opl/infidelity/3x2', 'n_par': 80, 'par_multiplicity': 9, 'n_iter': 0, 'cost_fn': 'infidelity', 'temperature': 1.0, 'stepsize': 1.0, 'init_par': None, 'dump_interval': None}
init_par = [0.0004922745745001625, -0.000249035887032764, -0.0003482310275622773, -0.00045807618310257105, -0.0004611579473458934, -0.0004653244784756571, 0.00015051867905975893, -0.00012937653345069367, 7.298292902563851e-05, -6.297831134298996e-05, -0.00021099851078699506, -1.9935562895280305e-05, -0.00028105904191622446, 0.000260409629929694, 0.00033347914251116175, 1.3986501744409486e-05, -0.00020434832855998486, -0.0003869842940137446, -0.00021760257116427306, 9.768225635076991e-05, -0.00044179288927984365, 0.00029740044686213407, 0.00028430220301889743, -0.0002818210375829047, -0.00043292194836947893, 9.154344403380595e-05, 0.00033202818630723196, 0.00018787266827597368, 6.585606386525238e-05, 0.0004849006194009458, -0.0004871890980549105, -0.00023202635598506562, 0.0004624792790268223, -0.00047427072883744184, -0.00041916705770943854, -0.00047209231776508656, -0.00017331260345654923, -0.00047808011209851475, 0.000354838243290865, -0.0002175073550814829, 6.676135273905696e-05, -6.506909019211773e-06, 0.0003213818274145383, 0.00025523326273000377, 0.00014916103040220048, -0.00029333480735215694, -0.00023368373542742105, -9.969470256518832e-05, -3.180262323807404e-06, -0.0004031275034069649, 1.0547644274607913e-05, -0.00020880133522002507, 0.00038803128315529364, -0.0004093315458114334, -0.0004959881719454682, 0.00011742175433592504, -7.552202226980868e-05, -7.569812860264927e-05, -0.0004960635816831735, -0.00010143339969603403, -0.00022600654484429815, 0.0002673583055573817, 7.209985755007181e-05, 0.00020894841753324792, -0.0001132417092463578, -0.00046326528924864286, -0.0001273530819663479, 6.20940187233014e-05, 0.0003604417125977822, 0.0001523882960725166, -0.00040471761031597286, 0.00011934134168416286, -0.0002719249109435076, 0.0003673877075186761, 4.5111174282823113e-05, 0.00013885311599254704, 7.412578128443393e-05, -0.00011473082071738816, -0.00013046295578520172, 0.0002538242996858648]
 
RESULTS:
--------
E_VQE = -7.49499217421591
inf_VQE = 0.3139093234025203
n_fn_calls = 308
Wall-clock time 0.18414414915773605 hours
 
For more output, see /home/jorisk2/HVQE/data/kagome/periodic/own_graph/opl/infidelity/3x2/output.txt
Plots of output saved in /home/jorisk2/HVQE/data/kagome/periodic/own_graph/opl/infidelity/3x2
End of HVQE.py
==========================================================================================
