CuPy installation found, continuing using GPU acceleration.
having the CPUs {0, 4, 8, 12, 16, 20, 24, 28} available.
Started basinhopping at 2020-12-25 08:32:14.108839 UTC, with
command line arguments = {'path': '/home/jorisk2/HVQE/data/kagome/periodic/own_graph/opl/infidelity/3x2', 'n_par': 4, 'par_multiplicity': 9, 'n_iter': 0, 'cost_fn': 'infidelity', 'temperature': 1.0, 'stepsize': 1.0, 'init_par': None, 'dump_interval': None}
runtime variables =  {'GPU': True, 'date_start': '2020-12-25 08:32:14.108839', 'complete_graph': [(0, 6), (2, 8), (4, 10), (12, 9), (14, 11), (16, 7), (15, 1), (17, 3), (13, 5), (1, 6), (3, 8), (5, 10), (7, 12), (9, 14), (11, 16), (13, 0), (15, 2), (17, 4), (1, 2), (3, 4), (5, 0), (8, 12), (10, 14), (6, 16), (7, 13), (9, 15), (11, 17), (0, 1), (2, 3), (4, 5), (6, 7), (8, 9), (10, 11), (12, 13), (14, 15), (16, 17)], 'init_layer': [(0, 1), (2, 3), (4, 5), (6, 7), (8, 9), (10, 11), (12, 13), (14, 15), (16, 17)], 'layers': [[(0, 6), (2, 8), (4, 10), (12, 9), (14, 11), (16, 7), (15, 1), (17, 3), (13, 5)], [(1, 6), (3, 8), (5, 10), (7, 12), (9, 14), (11, 16), (13, 0), (15, 2), (17, 4)], [(1, 2), (3, 4), (5, 0), (8, 12), (10, 14), (6, 16), (7, 13), (9, 15), (11, 17)], [(0, 1), (2, 3), (4, 5), (6, 7), (8, 9), (10, 11), (12, 13), (14, 15), (16, 17)]], 'n': 18}
..................................... 
==========================================================================================
Finished basinhopping of  /home/jorisk2/HVQE/data/kagome/periodic/own_graph/opl/infidelity/3x2 at 2020-12-25 08:32:18.369869 UTC, with
 
{'path': '/home/jorisk2/HVQE/data/kagome/periodic/own_graph/opl/infidelity/3x2', 'n_par': 4, 'par_multiplicity': 9, 'n_iter': 0, 'cost_fn': 'infidelity', 'temperature': 1.0, 'stepsize': 1.0, 'init_par': None, 'dump_interval': None}
init_par = [-0.00015827780890655184, -0.0004248933752454428, 3.891495456755545e-05, -0.00020999342750348363]
 
RESULTS:
--------
E_VQE = -7.087686245472675
inf_VQE = 0.7024962827786684
n_fn_calls = 37
Wall-clock time 0.0010962835285398694 hours
 
For more output, see /home/jorisk2/HVQE/data/kagome/periodic/own_graph/opl/infidelity/3x2/output.txt
Plots of output saved in /home/jorisk2/HVQE/data/kagome/periodic/own_graph/opl/infidelity/3x2
End of HVQE.py
==========================================================================================
CuPy installation found, continuing using GPU acceleration.
having the CPUs {0, 4, 8, 12, 16, 20, 24, 28} available.
Started basinhopping at 2020-12-25 08:32:20.147022 UTC, with
command line arguments = {'path': '/home/jorisk2/HVQE/data/kagome/periodic/own_graph/opl/infidelity/3x2', 'n_par': 8, 'par_multiplicity': 9, 'n_iter': 0, 'cost_fn': 'infidelity', 'temperature': 1.0, 'stepsize': 1.0, 'init_par': None, 'dump_interval': None}
runtime variables =  {'GPU': True, 'date_start': '2020-12-25 08:32:20.147022', 'complete_graph': [(0, 6), (2, 8), (4, 10), (12, 9), (14, 11), (16, 7), (15, 1), (17, 3), (13, 5), (1, 6), (3, 8), (5, 10), (7, 12), (9, 14), (11, 16), (13, 0), (15, 2), (17, 4), (1, 2), (3, 4), (5, 0), (8, 12), (10, 14), (6, 16), (7, 13), (9, 15), (11, 17), (0, 1), (2, 3), (4, 5), (6, 7), (8, 9), (10, 11), (12, 13), (14, 15), (16, 17)], 'init_layer': [(0, 1), (2, 3), (4, 5), (6, 7), (8, 9), (10, 11), (12, 13), (14, 15), (16, 17)], 'layers': [[(0, 6), (2, 8), (4, 10), (12, 9), (14, 11), (16, 7), (15, 1), (17, 3), (13, 5)], [(1, 6), (3, 8), (5, 10), (7, 12), (9, 14), (11, 16), (13, 0), (15, 2), (17, 4)], [(1, 2), (3, 4), (5, 0), (8, 12), (10, 14), (6, 16), (7, 13), (9, 15), (11, 17)], [(0, 1), (2, 3), (4, 5), (6, 7), (8, 9), (10, 11), (12, 13), (14, 15), (16, 17)]], 'n': 18}
................................................... 
==========================================================================================
Finished basinhopping of  /home/jorisk2/HVQE/data/kagome/periodic/own_graph/opl/infidelity/3x2 at 2020-12-25 08:32:31.243770 UTC, with
 
{'path': '/home/jorisk2/HVQE/data/kagome/periodic/own_graph/opl/infidelity/3x2', 'n_par': 8, 'par_multiplicity': 9, 'n_iter': 0, 'cost_fn': 'infidelity', 'temperature': 1.0, 'stepsize': 1.0, 'init_par': None, 'dump_interval': None}
init_par = [0.0002464120912246963, 7.573044582280075e-05, -0.00017387002253117768, -0.000436049422259703, -2.4997945102541493e-05, -0.00022240610327550438, -0.00011113559193646772, -0.0003717767890136144]
 
RESULTS:
--------
E_VQE = -7.498759437056559
inf_VQE = 0.625841108656916
n_fn_calls = 51
Wall-clock time 0.0029881645573510062 hours
 
For more output, see /home/jorisk2/HVQE/data/kagome/periodic/own_graph/opl/infidelity/3x2/output.txt
Plots of output saved in /home/jorisk2/HVQE/data/kagome/periodic/own_graph/opl/infidelity/3x2
End of HVQE.py
==========================================================================================
CuPy installation found, continuing using GPU acceleration.
having the CPUs {0, 4, 8, 12, 16, 20, 24, 28} available.
Started basinhopping at 2020-12-25 08:32:33.038044 UTC, with
command line arguments = {'path': '/home/jorisk2/HVQE/data/kagome/periodic/own_graph/opl/infidelity/3x2', 'n_par': 12, 'par_multiplicity': 9, 'n_iter': 0, 'cost_fn': 'infidelity', 'temperature': 1.0, 'stepsize': 1.0, 'init_par': None, 'dump_interval': None}
runtime variables =  {'GPU': True, 'date_start': '2020-12-25 08:32:33.038044', 'complete_graph': [(0, 6), (2, 8), (4, 10), (12, 9), (14, 11), (16, 7), (15, 1), (17, 3), (13, 5), (1, 6), (3, 8), (5, 10), (7, 12), (9, 14), (11, 16), (13, 0), (15, 2), (17, 4), (1, 2), (3, 4), (5, 0), (8, 12), (10, 14), (6, 16), (7, 13), (9, 15), (11, 17), (0, 1), (2, 3), (4, 5), (6, 7), (8, 9), (10, 11), (12, 13), (14, 15), (16, 17)], 'init_layer': [(0, 1), (2, 3), (4, 5), (6, 7), (8, 9), (10, 11), (12, 13), (14, 15), (16, 17)], 'layers': [[(0, 6), (2, 8), (4, 10), (12, 9), (14, 11), (16, 7), (15, 1), (17, 3), (13, 5)], [(1, 6), (3, 8), (5, 10), (7, 12), (9, 14), (11, 16), (13, 0), (15, 2), (17, 4)], [(1, 2), (3, 4), (5, 0), (8, 12), (10, 14), (6, 16), (7, 13), (9, 15), (11, 17)], [(0, 1), (2, 3), (4, 5), (6, 7), (8, 9), (10, 11), (12, 13), (14, 15), (16, 17)]], 'n': 18}
........................................................... 
==========================================================================================
Finished basinhopping of  /home/jorisk2/HVQE/data/kagome/periodic/own_graph/opl/infidelity/3x2 at 2020-12-25 08:32:51.931069 UTC, with
 
{'path': '/home/jorisk2/HVQE/data/kagome/periodic/own_graph/opl/infidelity/3x2', 'n_par': 12, 'par_multiplicity': 9, 'n_iter': 0, 'cost_fn': 'infidelity', 'temperature': 1.0, 'stepsize': 1.0, 'init_par': None, 'dump_interval': None}
init_par = [0.00020600763948321488, 0.00013432631671365589, -1.250802484555752e-07, -0.0004348552991849672, -0.00022054098380460606, 0.0003608876074215762, -0.00012353297845258825, -0.0004972454884614709, -9.896316838088696e-05, 0.0004342432877814564, 0.00044358953925174697, 0.00033493982705789225]
 
RESULTS:
--------
E_VQE = -7.471451955285561
inf_VQE = 0.5747848701075496
n_fn_calls = 59
Wall-clock time 0.005142359998491075 hours
 
For more output, see /home/jorisk2/HVQE/data/kagome/periodic/own_graph/opl/infidelity/3x2/output.txt
Plots of output saved in /home/jorisk2/HVQE/data/kagome/periodic/own_graph/opl/infidelity/3x2
End of HVQE.py
==========================================================================================
CuPy installation found, continuing using GPU acceleration.
having the CPUs {0, 4, 8, 12, 16, 20, 24, 28} available.
Started basinhopping at 2020-12-25 08:32:53.744463 UTC, with
command line arguments = {'path': '/home/jorisk2/HVQE/data/kagome/periodic/own_graph/opl/infidelity/3x2', 'n_par': 16, 'par_multiplicity': 9, 'n_iter': 0, 'cost_fn': 'infidelity', 'temperature': 1.0, 'stepsize': 1.0, 'init_par': None, 'dump_interval': None}
runtime variables =  {'GPU': True, 'date_start': '2020-12-25 08:32:53.744463', 'complete_graph': [(0, 6), (2, 8), (4, 10), (12, 9), (14, 11), (16, 7), (15, 1), (17, 3), (13, 5), (1, 6), (3, 8), (5, 10), (7, 12), (9, 14), (11, 16), (13, 0), (15, 2), (17, 4), (1, 2), (3, 4), (5, 0), (8, 12), (10, 14), (6, 16), (7, 13), (9, 15), (11, 17), (0, 1), (2, 3), (4, 5), (6, 7), (8, 9), (10, 11), (12, 13), (14, 15), (16, 17)], 'init_layer': [(0, 1), (2, 3), (4, 5), (6, 7), (8, 9), (10, 11), (12, 13), (14, 15), (16, 17)], 'layers': [[(0, 6), (2, 8), (4, 10), (12, 9), (14, 11), (16, 7), (15, 1), (17, 3), (13, 5)], [(1, 6), (3, 8), (5, 10), (7, 12), (9, 14), (11, 16), (13, 0), (15, 2), (17, 4)], [(1, 2), (3, 4), (5, 0), (8, 12), (10, 14), (6, 16), (7, 13), (9, 15), (11, 17)], [(0, 1), (2, 3), (4, 5), (6, 7), (8, 9), (10, 11), (12, 13), (14, 15), (16, 17)]], 'n': 18}
........................................................................... 
==========================================================================================
Finished basinhopping of  /home/jorisk2/HVQE/data/kagome/periodic/own_graph/opl/infidelity/3x2 at 2020-12-25 08:33:25.777026 UTC, with
 
{'path': '/home/jorisk2/HVQE/data/kagome/periodic/own_graph/opl/infidelity/3x2', 'n_par': 16, 'par_multiplicity': 9, 'n_iter': 0, 'cost_fn': 'infidelity', 'temperature': 1.0, 'stepsize': 1.0, 'init_par': None, 'dump_interval': None}
init_par = [1.2547877740703593e-05, 0.00020628730974262184, -0.0003386862118529002, 0.00026834328835236476, 2.9097372088145298e-05, 7.425112612884305e-05, -0.0003100858271946462, -3.329342797814429e-05, -0.00028605831916647716, -0.00018181073464828667, -0.00034218304840329204, 0.0004419843051706432, 0.0003868945412946426, 0.0004552097667245552, 0.00022389409995646193, -0.00037158606786901117]
 
RESULTS:
--------
E_VQE = -7.578561896554743
inf_VQE = 0.5564408337343147
n_fn_calls = 75
Wall-clock time 0.008778942359818352 hours
 
For more output, see /home/jorisk2/HVQE/data/kagome/periodic/own_graph/opl/infidelity/3x2/output.txt
Plots of output saved in /home/jorisk2/HVQE/data/kagome/periodic/own_graph/opl/infidelity/3x2
End of HVQE.py
==========================================================================================
CuPy installation found, continuing using GPU acceleration.
having the CPUs {0, 4, 8, 12, 16, 20, 24, 28} available.
Started basinhopping at 2020-12-25 08:33:30.362589 UTC, with
command line arguments = {'path': '/home/jorisk2/HVQE/data/kagome/periodic/own_graph/opl/infidelity/3x2', 'n_par': 20, 'par_multiplicity': 9, 'n_iter': 0, 'cost_fn': 'infidelity', 'temperature': 1.0, 'stepsize': 1.0, 'init_par': None, 'dump_interval': None}
runtime variables =  {'GPU': True, 'date_start': '2020-12-25 08:33:30.362589', 'complete_graph': [(0, 6), (2, 8), (4, 10), (12, 9), (14, 11), (16, 7), (15, 1), (17, 3), (13, 5), (1, 6), (3, 8), (5, 10), (7, 12), (9, 14), (11, 16), (13, 0), (15, 2), (17, 4), (1, 2), (3, 4), (5, 0), (8, 12), (10, 14), (6, 16), (7, 13), (9, 15), (11, 17), (0, 1), (2, 3), (4, 5), (6, 7), (8, 9), (10, 11), (12, 13), (14, 15), (16, 17)], 'init_layer': [(0, 1), (2, 3), (4, 5), (6, 7), (8, 9), (10, 11), (12, 13), (14, 15), (16, 17)], 'layers': [[(0, 6), (2, 8), (4, 10), (12, 9), (14, 11), (16, 7), (15, 1), (17, 3), (13, 5)], [(1, 6), (3, 8), (5, 10), (7, 12), (9, 14), (11, 16), (13, 0), (15, 2), (17, 4)], [(1, 2), (3, 4), (5, 0), (8, 12), (10, 14), (6, 16), (7, 13), (9, 15), (11, 17)], [(0, 1), (2, 3), (4, 5), (6, 7), (8, 9), (10, 11), (12, 13), (14, 15), (16, 17)]], 'n': 18}
.......................................................................................................... 
==========================================================================================
Finished basinhopping of  /home/jorisk2/HVQE/data/kagome/periodic/own_graph/opl/infidelity/3x2 at 2020-12-25 08:34:25.918115 UTC, with
 
{'path': '/home/jorisk2/HVQE/data/kagome/periodic/own_graph/opl/infidelity/3x2', 'n_par': 20, 'par_multiplicity': 9, 'n_iter': 0, 'cost_fn': 'infidelity', 'temperature': 1.0, 'stepsize': 1.0, 'init_par': None, 'dump_interval': None}
init_par = [-0.00013503372832302988, 6.79634649509177e-05, 0.0003131188422559652, 0.0003706710066958965, -0.0001095627365174351, -0.0004133222424640428, -0.00025321986510100434, 9.596212899022735e-05, 0.0004143458534470243, -0.0003223220133597825, 0.000332749905231255, -0.00012750812477047116, -0.00016136042896502446, -5.605322896823372e-05, 2.769308868167536e-05, 0.00046797038872120166, 0.0004352885212254642, 0.000467453637292991, 0.0003906372311888077, -0.0004822937776940828]
 
RESULTS:
--------
E_VQE = -7.685581730407355
inf_VQE = 0.489863821910168
n_fn_calls = 106
Wall-clock time 0.015298930340343051 hours
 
For more output, see /home/jorisk2/HVQE/data/kagome/periodic/own_graph/opl/infidelity/3x2/output.txt
Plots of output saved in /home/jorisk2/HVQE/data/kagome/periodic/own_graph/opl/infidelity/3x2
End of HVQE.py
==========================================================================================
CuPy installation found, continuing using GPU acceleration.
having the CPUs {0, 4, 8, 12, 16, 20, 24, 28} available.
Started basinhopping at 2020-12-25 08:34:27.914085 UTC, with
command line arguments = {'path': '/home/jorisk2/HVQE/data/kagome/periodic/own_graph/opl/infidelity/3x2', 'n_par': 24, 'par_multiplicity': 9, 'n_iter': 0, 'cost_fn': 'infidelity', 'temperature': 1.0, 'stepsize': 1.0, 'init_par': None, 'dump_interval': None}
runtime variables =  {'GPU': True, 'date_start': '2020-12-25 08:34:27.914085', 'complete_graph': [(0, 6), (2, 8), (4, 10), (12, 9), (14, 11), (16, 7), (15, 1), (17, 3), (13, 5), (1, 6), (3, 8), (5, 10), (7, 12), (9, 14), (11, 16), (13, 0), (15, 2), (17, 4), (1, 2), (3, 4), (5, 0), (8, 12), (10, 14), (6, 16), (7, 13), (9, 15), (11, 17), (0, 1), (2, 3), (4, 5), (6, 7), (8, 9), (10, 11), (12, 13), (14, 15), (16, 17)], 'init_layer': [(0, 1), (2, 3), (4, 5), (6, 7), (8, 9), (10, 11), (12, 13), (14, 15), (16, 17)], 'layers': [[(0, 6), (2, 8), (4, 10), (12, 9), (14, 11), (16, 7), (15, 1), (17, 3), (13, 5)], [(1, 6), (3, 8), (5, 10), (7, 12), (9, 14), (11, 16), (13, 0), (15, 2), (17, 4)], [(1, 2), (3, 4), (5, 0), (8, 12), (10, 14), (6, 16), (7, 13), (9, 15), (11, 17)], [(0, 1), (2, 3), (4, 5), (6, 7), (8, 9), (10, 11), (12, 13), (14, 15), (16, 17)]], 'n': 18}
...................................................................................................... 
==========================================================================================
Finished basinhopping of  /home/jorisk2/HVQE/data/kagome/periodic/own_graph/opl/infidelity/3x2 at 2020-12-25 08:35:32.407235 UTC, with
 
{'path': '/home/jorisk2/HVQE/data/kagome/periodic/own_graph/opl/infidelity/3x2', 'n_par': 24, 'par_multiplicity': 9, 'n_iter': 0, 'cost_fn': 'infidelity', 'temperature': 1.0, 'stepsize': 1.0, 'init_par': None, 'dump_interval': None}
init_par = [0.0004013449847416127, 0.0002767768335701019, -3.700178733760765e-05, -0.0002816118063070674, 0.00027475632944640063, 0.0004371871751944323, 4.206001093171139e-05, 7.640442044407275e-05, -0.00048264941900930634, 3.152246032476981e-05, 0.0002256084632665915, -3.433940226001066e-06, -7.614236858181304e-05, -0.0001414681959539658, 5.582524422734637e-05, 0.00022667662653155264, -0.000397476283664275, -0.0003277647508963794, 0.00027374766044059356, -0.0002553556991629464, -0.0002704459257194386, -9.93761559724462e-05, -0.00048670667257512667, -0.0003492860695916034]
 
RESULTS:
--------
E_VQE = -7.768583571009161
inf_VQE = 0.4767848814222735
n_fn_calls = 102
Wall-clock time 0.017777682609028286 hours
 
For more output, see /home/jorisk2/HVQE/data/kagome/periodic/own_graph/opl/infidelity/3x2/output.txt
Plots of output saved in /home/jorisk2/HVQE/data/kagome/periodic/own_graph/opl/infidelity/3x2
End of HVQE.py
==========================================================================================
CuPy installation found, continuing using GPU acceleration.
having the CPUs {0, 4, 8, 12, 16, 20, 24, 28} available.
Started basinhopping at 2020-12-25 08:35:34.289040 UTC, with
command line arguments = {'path': '/home/jorisk2/HVQE/data/kagome/periodic/own_graph/opl/infidelity/3x2', 'n_par': 28, 'par_multiplicity': 9, 'n_iter': 0, 'cost_fn': 'infidelity', 'temperature': 1.0, 'stepsize': 1.0, 'init_par': None, 'dump_interval': None}
runtime variables =  {'GPU': True, 'date_start': '2020-12-25 08:35:34.289040', 'complete_graph': [(0, 6), (2, 8), (4, 10), (12, 9), (14, 11), (16, 7), (15, 1), (17, 3), (13, 5), (1, 6), (3, 8), (5, 10), (7, 12), (9, 14), (11, 16), (13, 0), (15, 2), (17, 4), (1, 2), (3, 4), (5, 0), (8, 12), (10, 14), (6, 16), (7, 13), (9, 15), (11, 17), (0, 1), (2, 3), (4, 5), (6, 7), (8, 9), (10, 11), (12, 13), (14, 15), (16, 17)], 'init_layer': [(0, 1), (2, 3), (4, 5), (6, 7), (8, 9), (10, 11), (12, 13), (14, 15), (16, 17)], 'layers': [[(0, 6), (2, 8), (4, 10), (12, 9), (14, 11), (16, 7), (15, 1), (17, 3), (13, 5)], [(1, 6), (3, 8), (5, 10), (7, 12), (9, 14), (11, 16), (13, 0), (15, 2), (17, 4)], [(1, 2), (3, 4), (5, 0), (8, 12), (10, 14), (6, 16), (7, 13), (9, 15), (11, 17)], [(0, 1), (2, 3), (4, 5), (6, 7), (8, 9), (10, 11), (12, 13), (14, 15), (16, 17)]], 'n': 18}
............................................................................................................................................................ 
==========================================================================================
Finished basinhopping of  /home/jorisk2/HVQE/data/kagome/periodic/own_graph/opl/infidelity/3x2 at 2020-12-25 08:37:28.747764 UTC, with
 
{'path': '/home/jorisk2/HVQE/data/kagome/periodic/own_graph/opl/infidelity/3x2', 'n_par': 28, 'par_multiplicity': 9, 'n_iter': 0, 'cost_fn': 'infidelity', 'temperature': 1.0, 'stepsize': 1.0, 'init_par': None, 'dump_interval': None}
init_par = [-0.00026921282218403007, 0.00011656536290421721, -0.00032043750118375327, 0.00025219874073272323, 0.000291320130548144, 0.00013486580669556665, 5.411301807408005e-05, 0.00020185694561943403, -0.000290682283620458, 0.0003888847676111112, 0.00034072257726915165, -6.159395593774165e-05, 0.0004747157004200772, 0.0003826547782333266, -0.00018875965335175674, -0.00047104240508708597, 0.0003905477260626633, 0.0002598180936396044, -9.701205072489097e-05, -6.045112622914253e-05, 0.0003236873615072236, 0.0004740814904272009, -0.0003796199941418027, -0.0003419614317125599, 0.00048340958207773147, -0.0003293710444168887, -0.00023769638464838153, -0.00031665962131332507]
 
RESULTS:
--------
E_VQE = -7.740713354286918
inf_VQE = 0.4642676866049317
n_fn_calls = 156
Wall-clock time 0.03164431975947486 hours
 
For more output, see /home/jorisk2/HVQE/data/kagome/periodic/own_graph/opl/infidelity/3x2/output.txt
Plots of output saved in /home/jorisk2/HVQE/data/kagome/periodic/own_graph/opl/infidelity/3x2
End of HVQE.py
==========================================================================================
CuPy installation found, continuing using GPU acceleration.
having the CPUs {0, 4, 8, 12, 16, 20, 24, 28} available.
Started basinhopping at 2020-12-25 08:37:30.571561 UTC, with
command line arguments = {'path': '/home/jorisk2/HVQE/data/kagome/periodic/own_graph/opl/infidelity/3x2', 'n_par': 32, 'par_multiplicity': 9, 'n_iter': 0, 'cost_fn': 'infidelity', 'temperature': 1.0, 'stepsize': 1.0, 'init_par': None, 'dump_interval': None}
runtime variables =  {'GPU': True, 'date_start': '2020-12-25 08:37:30.571561', 'complete_graph': [(0, 6), (2, 8), (4, 10), (12, 9), (14, 11), (16, 7), (15, 1), (17, 3), (13, 5), (1, 6), (3, 8), (5, 10), (7, 12), (9, 14), (11, 16), (13, 0), (15, 2), (17, 4), (1, 2), (3, 4), (5, 0), (8, 12), (10, 14), (6, 16), (7, 13), (9, 15), (11, 17), (0, 1), (2, 3), (4, 5), (6, 7), (8, 9), (10, 11), (12, 13), (14, 15), (16, 17)], 'init_layer': [(0, 1), (2, 3), (4, 5), (6, 7), (8, 9), (10, 11), (12, 13), (14, 15), (16, 17)], 'layers': [[(0, 6), (2, 8), (4, 10), (12, 9), (14, 11), (16, 7), (15, 1), (17, 3), (13, 5)], [(1, 6), (3, 8), (5, 10), (7, 12), (9, 14), (11, 16), (13, 0), (15, 2), (17, 4)], [(1, 2), (3, 4), (5, 0), (8, 12), (10, 14), (6, 16), (7, 13), (9, 15), (11, 17)], [(0, 1), (2, 3), (4, 5), (6, 7), (8, 9), (10, 11), (12, 13), (14, 15), (16, 17)]], 'n': 18}
............................................................................................................................................................................................................. 
==========================================================================================
Finished basinhopping of  /home/jorisk2/HVQE/data/kagome/periodic/own_graph/opl/infidelity/3x2 at 2020-12-25 08:40:23.087750 UTC, with
 
{'path': '/home/jorisk2/HVQE/data/kagome/periodic/own_graph/opl/infidelity/3x2', 'n_par': 32, 'par_multiplicity': 9, 'n_iter': 0, 'cost_fn': 'infidelity', 'temperature': 1.0, 'stepsize': 1.0, 'init_par': None, 'dump_interval': None}
init_par = [0.00034738580057492826, 0.0004270640685850222, -0.00030266869587568766, -3.455168227475006e-05, 0.0003555037259745784, 0.00029732917629840744, 0.00010391914578792877, 0.000198646922634306, -0.0003904957874259706, 0.0003971193251441163, -6.686845167851554e-05, -1.3835692806953969e-05, -0.0003826544379401237, 0.00024781236974215663, 0.0003324768535624184, -0.0004554829436306605, -0.00011540008893929721, 0.0004951909884723118, 0.0004058338415394889, -0.00031675394581026715, 0.00024236864706651286, 0.00015326135885799477, -0.00023308661028233305, 1.8560116111910382e-05, 0.00041975992132161407, 0.0004658370500434227, -4.29295966053924e-05, 0.0002470969204217649, -5.484105958018445e-06, -0.0004144018707972337, 3.852838752888422e-05, -0.00020283866546015519]
 
RESULTS:
--------
E_VQE = -7.723613929928388
inf_VQE = 0.47637933044867
n_fn_calls = 205
Wall-clock time 0.047761483324898615 hours
 
For more output, see /home/jorisk2/HVQE/data/kagome/periodic/own_graph/opl/infidelity/3x2/output.txt
Plots of output saved in /home/jorisk2/HVQE/data/kagome/periodic/own_graph/opl/infidelity/3x2
End of HVQE.py
==========================================================================================
CuPy installation found, continuing using GPU acceleration.
having the CPUs {0, 4, 8, 12, 16, 20, 24, 28} available.
Started basinhopping at 2020-12-25 08:40:27.683945 UTC, with
command line arguments = {'path': '/home/jorisk2/HVQE/data/kagome/periodic/own_graph/opl/infidelity/3x2', 'n_par': 36, 'par_multiplicity': 9, 'n_iter': 0, 'cost_fn': 'infidelity', 'temperature': 1.0, 'stepsize': 1.0, 'init_par': None, 'dump_interval': None}
runtime variables =  {'GPU': True, 'date_start': '2020-12-25 08:40:27.683945', 'complete_graph': [(0, 6), (2, 8), (4, 10), (12, 9), (14, 11), (16, 7), (15, 1), (17, 3), (13, 5), (1, 6), (3, 8), (5, 10), (7, 12), (9, 14), (11, 16), (13, 0), (15, 2), (17, 4), (1, 2), (3, 4), (5, 0), (8, 12), (10, 14), (6, 16), (7, 13), (9, 15), (11, 17), (0, 1), (2, 3), (4, 5), (6, 7), (8, 9), (10, 11), (12, 13), (14, 15), (16, 17)], 'init_layer': [(0, 1), (2, 3), (4, 5), (6, 7), (8, 9), (10, 11), (12, 13), (14, 15), (16, 17)], 'layers': [[(0, 6), (2, 8), (4, 10), (12, 9), (14, 11), (16, 7), (15, 1), (17, 3), (13, 5)], [(1, 6), (3, 8), (5, 10), (7, 12), (9, 14), (11, 16), (13, 0), (15, 2), (17, 4)], [(1, 2), (3, 4), (5, 0), (8, 12), (10, 14), (6, 16), (7, 13), (9, 15), (11, 17)], [(0, 1), (2, 3), (4, 5), (6, 7), (8, 9), (10, 11), (12, 13), (14, 15), (16, 17)]], 'n': 18}
.................................................................................................................................................................... 
==========================================================================================
Finished basinhopping of  /home/jorisk2/HVQE/data/kagome/periodic/own_graph/opl/infidelity/3x2 at 2020-12-25 08:43:00.828620 UTC, with
 
{'path': '/home/jorisk2/HVQE/data/kagome/periodic/own_graph/opl/infidelity/3x2', 'n_par': 36, 'par_multiplicity': 9, 'n_iter': 0, 'cost_fn': 'infidelity', 'temperature': 1.0, 'stepsize': 1.0, 'init_par': None, 'dump_interval': None}
init_par = [-0.00010378785182655936, 0.0003321208296294684, -0.00017851268597441852, 0.0002565396023888459, -0.00030277924511284683, 0.00037748397467104707, 0.00019128598256079154, 5.854378157938746e-05, -2.5404705671548515e-05, 0.00025333741289482105, -0.0004279469436323, -0.0004224681166134905, 0.00036413366776508616, -0.0002874315280701182, -0.0001918863702965038, 0.00027638842642928774, -0.00021842623715544554, -0.00011344137895632703, 0.00042969904419714905, 0.0002699248063005637, -0.0001673209917905948, 0.00027916186298524825, -0.0003490648866874517, -0.0001787665977886387, -0.0003608234133028304, -0.0003256997543204474, 0.00043166393982597387, -0.00014386877559068544, 0.0003422698613631094, -0.00020900587182482567, 9.574249608972183e-05, -0.0003425786325160753, 0.0001088415891175433, 0.000466749058514022, -0.0004473475678005309, -9.705907224165101e-05]
 
RESULTS:
--------
E_VQE = -7.661679876851082
inf_VQE = 0.4223974626060679
n_fn_calls = 164
Wall-clock time 0.042365320192443 hours
 
For more output, see /home/jorisk2/HVQE/data/kagome/periodic/own_graph/opl/infidelity/3x2/output.txt
Plots of output saved in /home/jorisk2/HVQE/data/kagome/periodic/own_graph/opl/infidelity/3x2
End of HVQE.py
==========================================================================================
CuPy installation found, continuing using GPU acceleration.
having the CPUs {0, 4, 8, 12, 16, 20, 24, 28} available.
Started basinhopping at 2020-12-25 08:43:05.826872 UTC, with
command line arguments = {'path': '/home/jorisk2/HVQE/data/kagome/periodic/own_graph/opl/infidelity/3x2', 'n_par': 40, 'par_multiplicity': 9, 'n_iter': 0, 'cost_fn': 'infidelity', 'temperature': 1.0, 'stepsize': 1.0, 'init_par': None, 'dump_interval': None}
runtime variables =  {'GPU': True, 'date_start': '2020-12-25 08:43:05.826872', 'complete_graph': [(0, 6), (2, 8), (4, 10), (12, 9), (14, 11), (16, 7), (15, 1), (17, 3), (13, 5), (1, 6), (3, 8), (5, 10), (7, 12), (9, 14), (11, 16), (13, 0), (15, 2), (17, 4), (1, 2), (3, 4), (5, 0), (8, 12), (10, 14), (6, 16), (7, 13), (9, 15), (11, 17), (0, 1), (2, 3), (4, 5), (6, 7), (8, 9), (10, 11), (12, 13), (14, 15), (16, 17)], 'init_layer': [(0, 1), (2, 3), (4, 5), (6, 7), (8, 9), (10, 11), (12, 13), (14, 15), (16, 17)], 'layers': [[(0, 6), (2, 8), (4, 10), (12, 9), (14, 11), (16, 7), (15, 1), (17, 3), (13, 5)], [(1, 6), (3, 8), (5, 10), (7, 12), (9, 14), (11, 16), (13, 0), (15, 2), (17, 4)], [(1, 2), (3, 4), (5, 0), (8, 12), (10, 14), (6, 16), (7, 13), (9, 15), (11, 17)], [(0, 1), (2, 3), (4, 5), (6, 7), (8, 9), (10, 11), (12, 13), (14, 15), (16, 17)]], 'n': 18}
............................................................................................................................................................................................................. 
==========================================================================================
Finished basinhopping of  /home/jorisk2/HVQE/data/kagome/periodic/own_graph/opl/infidelity/3x2 at 2020-12-25 08:46:38.365559 UTC, with
 
{'path': '/home/jorisk2/HVQE/data/kagome/periodic/own_graph/opl/infidelity/3x2', 'n_par': 40, 'par_multiplicity': 9, 'n_iter': 0, 'cost_fn': 'infidelity', 'temperature': 1.0, 'stepsize': 1.0, 'init_par': None, 'dump_interval': None}
init_par = [3.3931654858905015e-05, 0.0003722287031351474, 0.00018051971828197174, -0.00021116731461531525, -6.805032319342119e-05, -0.0002059413718051185, -0.0001205821686467199, -0.0003689396555421648, 0.00015440560867467277, -0.00048407835294612646, 0.00011639342515141007, 0.0003094308112079106, -0.00039992261987804954, 0.0004114524420741132, 0.0003201936090237395, -0.0004690958118793832, 3.149579119307729e-05, 0.00025475732730373304, 0.00030634565269747687, -2.2469398119391896e-05, 0.0003526799057354769, 0.0003534903266309464, 0.00038024446949545116, -0.0002855807501372915, 0.000482926433577769, 0.00024134483668025166, -5.349090580188744e-05, 8.871173731669858e-05, 0.00022656345424312634, 0.00043194150841107965, -0.00042811495941291603, 0.0002525481142094891, -0.00015930312293767194, -0.0004991819679505739, 0.00044103723799920067, -0.00023680388064249583, -0.0004385491387027638, -4.462775070788772e-05, 0.00015688196029166215, 0.0001752907072487057]
 
RESULTS:
--------
E_VQE = -7.707025737025099
inf_VQE = 0.42213718291454083
n_fn_calls = 205
Wall-clock time 0.05885003725687663 hours
 
For more output, see /home/jorisk2/HVQE/data/kagome/periodic/own_graph/opl/infidelity/3x2/output.txt
Plots of output saved in /home/jorisk2/HVQE/data/kagome/periodic/own_graph/opl/infidelity/3x2
End of HVQE.py
==========================================================================================
CuPy installation found, continuing using GPU acceleration.
having the CPUs {0, 4, 8, 12, 16, 20, 24, 28} available.
Started basinhopping at 2020-12-25 08:46:40.206738 UTC, with
command line arguments = {'path': '/home/jorisk2/HVQE/data/kagome/periodic/own_graph/opl/infidelity/3x2', 'n_par': 44, 'par_multiplicity': 9, 'n_iter': 0, 'cost_fn': 'infidelity', 'temperature': 1.0, 'stepsize': 1.0, 'init_par': None, 'dump_interval': None}
runtime variables =  {'GPU': True, 'date_start': '2020-12-25 08:46:40.206738', 'complete_graph': [(0, 6), (2, 8), (4, 10), (12, 9), (14, 11), (16, 7), (15, 1), (17, 3), (13, 5), (1, 6), (3, 8), (5, 10), (7, 12), (9, 14), (11, 16), (13, 0), (15, 2), (17, 4), (1, 2), (3, 4), (5, 0), (8, 12), (10, 14), (6, 16), (7, 13), (9, 15), (11, 17), (0, 1), (2, 3), (4, 5), (6, 7), (8, 9), (10, 11), (12, 13), (14, 15), (16, 17)], 'init_layer': [(0, 1), (2, 3), (4, 5), (6, 7), (8, 9), (10, 11), (12, 13), (14, 15), (16, 17)], 'layers': [[(0, 6), (2, 8), (4, 10), (12, 9), (14, 11), (16, 7), (15, 1), (17, 3), (13, 5)], [(1, 6), (3, 8), (5, 10), (7, 12), (9, 14), (11, 16), (13, 0), (15, 2), (17, 4)], [(1, 2), (3, 4), (5, 0), (8, 12), (10, 14), (6, 16), (7, 13), (9, 15), (11, 17)], [(0, 1), (2, 3), (4, 5), (6, 7), (8, 9), (10, 11), (12, 13), (14, 15), (16, 17)]], 'n': 18}
............................................................................................................................................................................................................................................... 
==========================================================================================
Finished basinhopping of  /home/jorisk2/HVQE/data/kagome/periodic/own_graph/opl/infidelity/3x2 at 2020-12-25 08:51:19.079859 UTC, with
 
{'path': '/home/jorisk2/HVQE/data/kagome/periodic/own_graph/opl/infidelity/3x2', 'n_par': 44, 'par_multiplicity': 9, 'n_iter': 0, 'cost_fn': 'infidelity', 'temperature': 1.0, 'stepsize': 1.0, 'init_par': None, 'dump_interval': None}
init_par = [0.00013425804648907816, -0.00023022110277384577, 0.0002988155615033588, -0.0004601607097412568, -0.00012199299206176907, -0.0004656553108135131, 0.00037927952495485904, -0.0003603961034561746, 0.0003951360670812191, 4.85302737362088e-05, 8.723374380674724e-05, -5.3010507147645584e-05, -9.077627975498121e-06, 0.00038163377157870613, -0.00041222699013411545, 0.00039826572106051834, 0.0003461932091445187, -0.00034154311841991746, -8.571944558191934e-05, 0.0004555682919046598, -0.0003321791432223608, -0.00021415408844025066, -0.00044799389328934206, 0.00010819888622212292, 0.00048377916363048236, -0.00029979157035347624, -8.300724482716317e-05, 0.00010772456117477062, 0.0004837859433156819, -1.1174482022889998e-05, -0.00035864163189979674, 0.0004091181912204106, -0.0003586764614925881, 0.00041313321692032837, -7.805931506885865e-05, 0.00036266664676136645, 0.0004155042512619813, 0.0001830582169113263, -0.0003973780048161625, 0.0004849717812856274, 0.00039494797459718506, -0.00040682030629696887, -0.00013381655812176629, -0.00011759550805705169]
 
RESULTS:
--------
E_VQE = -7.567142587186082
inf_VQE = 0.35665399004435905
n_fn_calls = 239
Wall-clock time 0.0772664694653617 hours
 
For more output, see /home/jorisk2/HVQE/data/kagome/periodic/own_graph/opl/infidelity/3x2/output.txt
Plots of output saved in /home/jorisk2/HVQE/data/kagome/periodic/own_graph/opl/infidelity/3x2
End of HVQE.py
==========================================================================================
CuPy installation found, continuing using GPU acceleration.
having the CPUs {0, 4, 8, 12, 16, 20, 24, 28} available.
Started basinhopping at 2020-12-25 08:51:20.845539 UTC, with
command line arguments = {'path': '/home/jorisk2/HVQE/data/kagome/periodic/own_graph/opl/infidelity/3x2', 'n_par': 48, 'par_multiplicity': 9, 'n_iter': 0, 'cost_fn': 'infidelity', 'temperature': 1.0, 'stepsize': 1.0, 'init_par': None, 'dump_interval': None}
runtime variables =  {'GPU': True, 'date_start': '2020-12-25 08:51:20.845539', 'complete_graph': [(0, 6), (2, 8), (4, 10), (12, 9), (14, 11), (16, 7), (15, 1), (17, 3), (13, 5), (1, 6), (3, 8), (5, 10), (7, 12), (9, 14), (11, 16), (13, 0), (15, 2), (17, 4), (1, 2), (3, 4), (5, 0), (8, 12), (10, 14), (6, 16), (7, 13), (9, 15), (11, 17), (0, 1), (2, 3), (4, 5), (6, 7), (8, 9), (10, 11), (12, 13), (14, 15), (16, 17)], 'init_layer': [(0, 1), (2, 3), (4, 5), (6, 7), (8, 9), (10, 11), (12, 13), (14, 15), (16, 17)], 'layers': [[(0, 6), (2, 8), (4, 10), (12, 9), (14, 11), (16, 7), (15, 1), (17, 3), (13, 5)], [(1, 6), (3, 8), (5, 10), (7, 12), (9, 14), (11, 16), (13, 0), (15, 2), (17, 4)], [(1, 2), (3, 4), (5, 0), (8, 12), (10, 14), (6, 16), (7, 13), (9, 15), (11, 17)], [(0, 1), (2, 3), (4, 5), (6, 7), (8, 9), (10, 11), (12, 13), (14, 15), (16, 17)]], 'n': 18}
.......................................................................................................................................................................................................................................................................... 
==========================================================================================
Finished basinhopping of  /home/jorisk2/HVQE/data/kagome/periodic/own_graph/opl/infidelity/3x2 at 2020-12-25 08:57:00.185545 UTC, with
 
{'path': '/home/jorisk2/HVQE/data/kagome/periodic/own_graph/opl/infidelity/3x2', 'n_par': 48, 'par_multiplicity': 9, 'n_iter': 0, 'cost_fn': 'infidelity', 'temperature': 1.0, 'stepsize': 1.0, 'init_par': None, 'dump_interval': None}
init_par = [2.575173116579042e-05, -0.00023500746381808547, 1.988417271708517e-05, 0.0003709532300969116, -0.00037040897178151, 0.0003787519161711963, -0.00010392411672778524, 0.0004970663876776825, -0.00048178356622074884, -0.00039748937797332517, -6.959269624244157e-05, 0.0002366227606127409, -0.00010513773806574968, 4.190279680030241e-05, -0.00031591440467990106, 3.759869906660833e-05, -6.656569783131886e-05, -5.991152245184351e-05, 0.00048046504223516915, -0.00021018649900916278, 0.000488852873144508, -0.00049046751091235, -2.2646517183728704e-05, 0.0004075412104653114, -1.237906142281765e-05, 0.00010647264669185407, -0.00034042825220626253, 0.00041210460715569513, -0.00030030938475327765, 1.8152571397574667e-06, 0.0001023424272679097, 0.0004876089505620434, 9.439927200902956e-05, 0.0002142432012042049, 0.00010696549531497414, -8.907495840350133e-05, -0.0003706511714414328, -0.00035341994291402724, -1.6327221512811845e-05, 0.0002845806712771776, 8.901184805521997e-05, -0.00046111053330820384, 9.87340819093033e-05, -0.00024489210687108346, 0.00010026733728500344, -0.0003555489774641385, -0.00039209695836067693, -0.0003119301345049965]
 
RESULTS:
--------
E_VQE = -7.666335042844544
inf_VQE = 0.4108541710777047
n_fn_calls = 266
Wall-clock time 0.09405854556295608 hours
 
For more output, see /home/jorisk2/HVQE/data/kagome/periodic/own_graph/opl/infidelity/3x2/output.txt
Plots of output saved in /home/jorisk2/HVQE/data/kagome/periodic/own_graph/opl/infidelity/3x2
End of HVQE.py
==========================================================================================
CuPy installation found, continuing using GPU acceleration.
having the CPUs {0, 4, 8, 12, 16, 20, 24, 28} available.
Started basinhopping at 2020-12-25 08:57:05.176565 UTC, with
command line arguments = {'path': '/home/jorisk2/HVQE/data/kagome/periodic/own_graph/opl/infidelity/3x2', 'n_par': 52, 'par_multiplicity': 9, 'n_iter': 0, 'cost_fn': 'infidelity', 'temperature': 1.0, 'stepsize': 1.0, 'init_par': None, 'dump_interval': None}
runtime variables =  {'GPU': True, 'date_start': '2020-12-25 08:57:05.176565', 'complete_graph': [(0, 6), (2, 8), (4, 10), (12, 9), (14, 11), (16, 7), (15, 1), (17, 3), (13, 5), (1, 6), (3, 8), (5, 10), (7, 12), (9, 14), (11, 16), (13, 0), (15, 2), (17, 4), (1, 2), (3, 4), (5, 0), (8, 12), (10, 14), (6, 16), (7, 13), (9, 15), (11, 17), (0, 1), (2, 3), (4, 5), (6, 7), (8, 9), (10, 11), (12, 13), (14, 15), (16, 17)], 'init_layer': [(0, 1), (2, 3), (4, 5), (6, 7), (8, 9), (10, 11), (12, 13), (14, 15), (16, 17)], 'layers': [[(0, 6), (2, 8), (4, 10), (12, 9), (14, 11), (16, 7), (15, 1), (17, 3), (13, 5)], [(1, 6), (3, 8), (5, 10), (7, 12), (9, 14), (11, 16), (13, 0), (15, 2), (17, 4)], [(1, 2), (3, 4), (5, 0), (8, 12), (10, 14), (6, 16), (7, 13), (9, 15), (11, 17)], [(0, 1), (2, 3), (4, 5), (6, 7), (8, 9), (10, 11), (12, 13), (14, 15), (16, 17)]], 'n': 18}
............................................................................................................................................................................................................................................................................................................... 
==========================================================================================
Finished basinhopping of  /home/jorisk2/HVQE/data/kagome/periodic/own_graph/opl/infidelity/3x2 at 2020-12-25 09:04:01.295947 UTC, with
 
{'path': '/home/jorisk2/HVQE/data/kagome/periodic/own_graph/opl/infidelity/3x2', 'n_par': 52, 'par_multiplicity': 9, 'n_iter': 0, 'cost_fn': 'infidelity', 'temperature': 1.0, 'stepsize': 1.0, 'init_par': None, 'dump_interval': None}
init_par = [-1.4146372810146723e-06, -0.0003938752843018405, -0.00021301831126581205, -0.00024104711684296568, -0.00026157498456479925, 0.00021406705465003772, 0.00010614942798873423, -0.0004471934890263674, -0.0004496129933360158, -0.00040834227334699257, 0.00024754352698529744, -0.00020410118419234447, -0.00019093094812382795, -8.5707378484124e-05, -0.0004774234046140239, 0.0002775305055076443, 0.00016992941536380886, -2.9640537076108028e-05, -0.00012804355564567763, -0.0002941779897269745, 1.4749811537184123e-05, -0.00016217295754456087, -0.00036230600395359967, 0.00043536100554413524, 0.0003989245660037746, -0.00025913139159479783, 0.0002447464174285582, -0.00012752369268450062, -0.00014864638915291817, -8.063123890167644e-05, -0.00039520548791842613, 0.0002524396249387891, -0.00045932770143499845, -0.00024927541712380276, -0.00016495779606196307, 0.0002570274539582055, 0.000424639658360938, -0.00029383416565343106, -3.0479938886231162e-05, 0.00020198863074584125, -5.868542846198388e-05, 0.00025564247144269233, -2.2272506139076932e-05, 6.012855680651724e-05, -5.124118140408039e-05, -8.040533874414978e-05, 5.642589580666607e-05, -6.0099420700371765e-05, -0.0003909087931122802, 0.00017804817839032192, 3.2410247919385836e-05, -0.00035640923448176676]
 
RESULTS:
--------
E_VQE = -7.520379525158814
inf_VQE = 0.3759719324920552
n_fn_calls = 303
Wall-clock time 0.11536969198120965 hours
 
For more output, see /home/jorisk2/HVQE/data/kagome/periodic/own_graph/opl/infidelity/3x2/output.txt
Plots of output saved in /home/jorisk2/HVQE/data/kagome/periodic/own_graph/opl/infidelity/3x2
End of HVQE.py
==========================================================================================
CuPy installation found, continuing using GPU acceleration.
having the CPUs {0, 4, 8, 12, 16, 20, 24, 28} available.
Started basinhopping at 2020-12-25 09:04:06.185752 UTC, with
command line arguments = {'path': '/home/jorisk2/HVQE/data/kagome/periodic/own_graph/opl/infidelity/3x2', 'n_par': 56, 'par_multiplicity': 9, 'n_iter': 0, 'cost_fn': 'infidelity', 'temperature': 1.0, 'stepsize': 1.0, 'init_par': None, 'dump_interval': None}
runtime variables =  {'GPU': True, 'date_start': '2020-12-25 09:04:06.185752', 'complete_graph': [(0, 6), (2, 8), (4, 10), (12, 9), (14, 11), (16, 7), (15, 1), (17, 3), (13, 5), (1, 6), (3, 8), (5, 10), (7, 12), (9, 14), (11, 16), (13, 0), (15, 2), (17, 4), (1, 2), (3, 4), (5, 0), (8, 12), (10, 14), (6, 16), (7, 13), (9, 15), (11, 17), (0, 1), (2, 3), (4, 5), (6, 7), (8, 9), (10, 11), (12, 13), (14, 15), (16, 17)], 'init_layer': [(0, 1), (2, 3), (4, 5), (6, 7), (8, 9), (10, 11), (12, 13), (14, 15), (16, 17)], 'layers': [[(0, 6), (2, 8), (4, 10), (12, 9), (14, 11), (16, 7), (15, 1), (17, 3), (13, 5)], [(1, 6), (3, 8), (5, 10), (7, 12), (9, 14), (11, 16), (13, 0), (15, 2), (17, 4)], [(1, 2), (3, 4), (5, 0), (8, 12), (10, 14), (6, 16), (7, 13), (9, 15), (11, 17)], [(0, 1), (2, 3), (4, 5), (6, 7), (8, 9), (10, 11), (12, 13), (14, 15), (16, 17)]], 'n': 18}
.......................................................................................................................................................................................................................................................... 
==========================================================================================
Finished basinhopping of  /home/jorisk2/HVQE/data/kagome/periodic/own_graph/opl/infidelity/3x2 at 2020-12-25 09:10:16.996913 UTC, with
 
{'path': '/home/jorisk2/HVQE/data/kagome/periodic/own_graph/opl/infidelity/3x2', 'n_par': 56, 'par_multiplicity': 9, 'n_iter': 0, 'cost_fn': 'infidelity', 'temperature': 1.0, 'stepsize': 1.0, 'init_par': None, 'dump_interval': None}
init_par = [0.00038523876981493954, -0.00045329619834438086, -0.00045339783331122853, 0.00021732494691010097, 0.0002990221374928989, 0.00038339064230987754, -0.00043732455193915964, -0.00012087995744055469, 1.3932584094003661e-05, 0.00022252122476583197, 0.0003028337141629671, 0.00042362946670698536, -5.332032410071175e-05, 6.678010390117868e-05, 0.0003403696271092983, -0.00014521411871421544, 0.00047779983866655753, -0.00032052592314427695, 0.0003916095864212924, 0.0003438197757478172, 0.0004909801364583082, -0.00015879501646387864, -0.0003568042560111801, -0.0004695677858857935, 0.0003141612850687904, 0.00039254228591837, 0.00032760062639792945, -0.0002363969867619028, -0.0003069451928670699, 0.00028373870429475117, 0.00029772248516243436, -9.367597376052093e-05, -0.00014503023190807774, 8.255405802889536e-05, 7.152624374546016e-05, -0.0002381194189077047, -0.00037212249725005224, 2.5820416916970857e-05, 0.00045772634443424956, -0.00012827090241450281, -0.00045143361770427185, -0.00024735625453386546, 0.00017663381967685258, -4.100921111026257e-05, 0.00022091794637767918, 0.0003627213462711981, 0.0004958316499920085, 8.005629291345825e-05, 0.0001919634311154276, 0.0002687642817700074, 8.76773508997372e-06, -0.0004321201090523621, -0.00027650464068967287, 0.00011658440479020557, 0.00034662319399518006, 0.0003053057278014029]
 
RESULTS:
--------
E_VQE = -7.6023949165694855
inf_VQE = 0.2890787296390215
n_fn_calls = 250
Wall-clock time 0.10277452303303612 hours
 
For more output, see /home/jorisk2/HVQE/data/kagome/periodic/own_graph/opl/infidelity/3x2/output.txt
Plots of output saved in /home/jorisk2/HVQE/data/kagome/periodic/own_graph/opl/infidelity/3x2
End of HVQE.py
==========================================================================================
CuPy installation found, continuing using GPU acceleration.
having the CPUs {0, 4, 8, 12, 16, 20, 24, 28} available.
Started basinhopping at 2020-12-25 09:10:21.721840 UTC, with
command line arguments = {'path': '/home/jorisk2/HVQE/data/kagome/periodic/own_graph/opl/infidelity/3x2', 'n_par': 60, 'par_multiplicity': 9, 'n_iter': 0, 'cost_fn': 'infidelity', 'temperature': 1.0, 'stepsize': 1.0, 'init_par': None, 'dump_interval': None}
runtime variables =  {'GPU': True, 'date_start': '2020-12-25 09:10:21.721840', 'complete_graph': [(0, 6), (2, 8), (4, 10), (12, 9), (14, 11), (16, 7), (15, 1), (17, 3), (13, 5), (1, 6), (3, 8), (5, 10), (7, 12), (9, 14), (11, 16), (13, 0), (15, 2), (17, 4), (1, 2), (3, 4), (5, 0), (8, 12), (10, 14), (6, 16), (7, 13), (9, 15), (11, 17), (0, 1), (2, 3), (4, 5), (6, 7), (8, 9), (10, 11), (12, 13), (14, 15), (16, 17)], 'init_layer': [(0, 1), (2, 3), (4, 5), (6, 7), (8, 9), (10, 11), (12, 13), (14, 15), (16, 17)], 'layers': [[(0, 6), (2, 8), (4, 10), (12, 9), (14, 11), (16, 7), (15, 1), (17, 3), (13, 5)], [(1, 6), (3, 8), (5, 10), (7, 12), (9, 14), (11, 16), (13, 0), (15, 2), (17, 4)], [(1, 2), (3, 4), (5, 0), (8, 12), (10, 14), (6, 16), (7, 13), (9, 15), (11, 17)], [(0, 1), (2, 3), (4, 5), (6, 7), (8, 9), (10, 11), (12, 13), (14, 15), (16, 17)]], 'n': 18}
............................................................................................................................................................................................................................................................................................................... 
==========================================================================================
Finished basinhopping of  /home/jorisk2/HVQE/data/kagome/periodic/own_graph/opl/infidelity/3x2 at 2020-12-25 09:18:22.313813 UTC, with
 
{'path': '/home/jorisk2/HVQE/data/kagome/periodic/own_graph/opl/infidelity/3x2', 'n_par': 60, 'par_multiplicity': 9, 'n_iter': 0, 'cost_fn': 'infidelity', 'temperature': 1.0, 'stepsize': 1.0, 'init_par': None, 'dump_interval': None}
init_par = [0.00013993446984986375, -0.00043267332694243944, 0.0003544799406565674, -0.00028734773792643965, -0.00048672915748002954, 0.0004486912349458979, -0.00037809199470699277, -8.345622577281519e-05, -8.177829435180857e-06, 1.6388527202968015e-05, -0.00046452315709659577, -5.688958919212696e-05, 0.00021835178798580073, -2.1050848357488856e-05, -0.00013825095205719363, 6.0535668863528165e-05, 4.6145107446428314e-05, 0.000433384718127228, 0.00012454920670702482, 0.00025202934272593983, -0.00031473424999206524, 0.00021055324852490328, -0.00024441418659785, 0.00020848652481733263, 0.0002498908032715634, -1.985112696993276e-05, -0.00014210697245389895, -0.00011929340852762793, -0.0004870432291912552, 0.00015186475357729001, 8.94712094448659e-05, -0.0002906101639998616, 0.0003319529597744802, -0.0003247533889644756, -0.00024219360413781289, -0.0003586860226547691, 0.0003130342633979107, -0.0004860819329393987, 0.00042750112956713214, 0.00030339538011479406, 9.273346995688255e-05, 0.00017830935090923903, -0.0004974190748358866, 0.0001625682436685209, 0.0002775727469144781, 0.00045779588399772776, -7.580458448437356e-05, -0.00030019577424088165, 0.0001473722684795023, -0.0003343117798270052, 0.00015584433169436168, 0.00021542419396874404, 5.724533797852379e-05, -0.0002726425032098473, 0.00026776659556238, -0.0001433103164571372, -0.00026394466194711654, -0.00019376442772401807, -6.237736289036247e-05, -0.00016213184097788925]
 
RESULTS:
--------
E_VQE = -7.608719277671738
inf_VQE = 0.36717102980256255
n_fn_calls = 303
Wall-clock time 0.13325934178299376 hours
 
For more output, see /home/jorisk2/HVQE/data/kagome/periodic/own_graph/opl/infidelity/3x2/output.txt
Plots of output saved in /home/jorisk2/HVQE/data/kagome/periodic/own_graph/opl/infidelity/3x2
End of HVQE.py
==========================================================================================
CuPy installation found, continuing using GPU acceleration.
having the CPUs {0, 4, 8, 12, 16, 20, 24, 28} available.
Started basinhopping at 2020-12-25 09:18:27.341273 UTC, with
command line arguments = {'path': '/home/jorisk2/HVQE/data/kagome/periodic/own_graph/opl/infidelity/3x2', 'n_par': 64, 'par_multiplicity': 9, 'n_iter': 0, 'cost_fn': 'infidelity', 'temperature': 1.0, 'stepsize': 1.0, 'init_par': None, 'dump_interval': None}
runtime variables =  {'GPU': True, 'date_start': '2020-12-25 09:18:27.341273', 'complete_graph': [(0, 6), (2, 8), (4, 10), (12, 9), (14, 11), (16, 7), (15, 1), (17, 3), (13, 5), (1, 6), (3, 8), (5, 10), (7, 12), (9, 14), (11, 16), (13, 0), (15, 2), (17, 4), (1, 2), (3, 4), (5, 0), (8, 12), (10, 14), (6, 16), (7, 13), (9, 15), (11, 17), (0, 1), (2, 3), (4, 5), (6, 7), (8, 9), (10, 11), (12, 13), (14, 15), (16, 17)], 'init_layer': [(0, 1), (2, 3), (4, 5), (6, 7), (8, 9), (10, 11), (12, 13), (14, 15), (16, 17)], 'layers': [[(0, 6), (2, 8), (4, 10), (12, 9), (14, 11), (16, 7), (15, 1), (17, 3), (13, 5)], [(1, 6), (3, 8), (5, 10), (7, 12), (9, 14), (11, 16), (13, 0), (15, 2), (17, 4)], [(1, 2), (3, 4), (5, 0), (8, 12), (10, 14), (6, 16), (7, 13), (9, 15), (11, 17)], [(0, 1), (2, 3), (4, 5), (6, 7), (8, 9), (10, 11), (12, 13), (14, 15), (16, 17)]], 'n': 18}
........................................................................................................................................................................................................................................................................................................................................................... 
==========================================================================================
Finished basinhopping of  /home/jorisk2/HVQE/data/kagome/periodic/own_graph/opl/infidelity/3x2 at 2020-12-25 09:28:22.264481 UTC, with
 
{'path': '/home/jorisk2/HVQE/data/kagome/periodic/own_graph/opl/infidelity/3x2', 'n_par': 64, 'par_multiplicity': 9, 'n_iter': 0, 'cost_fn': 'infidelity', 'temperature': 1.0, 'stepsize': 1.0, 'init_par': None, 'dump_interval': None}
init_par = [-0.00023817208292612667, 0.000388788396537712, -0.0004889224441225055, -0.00033790234475860085, 8.974348792053079e-05, -0.00016360451792775968, -1.8106227443826406e-05, -0.00048234211793109417, -2.3423451692110428e-06, 0.00014738093250193983, -0.00019546577828794454, 9.97961304350784e-05, 7.368515783969648e-05, 0.00040854159796270106, -0.0002390956056095678, 0.00046842502338571726, 0.00010209686352573755, -0.00013526023490756855, -0.0004871224215298118, 0.00042288700901639586, 0.00019333000090997882, -0.00018427542267454957, -4.971254141531735e-05, -0.0003963192708427088, -0.00038642755865150717, -0.0002585252375709268, 0.0001563692622169291, 0.00030556155716819655, 8.672621606521495e-05, -0.0002755494760755646, -0.00045657082011259155, 0.00026805009011346816, 0.00016070637412231227, -0.00010238035571701043, 0.00042505263050272683, 0.00020839182305154103, 3.066269362199468e-05, 0.00010696475924650473, -0.00041482305981259437, 6.133958203451704e-05, -0.00014713254324259675, 0.00033701607767847106, -6.849320582693198e-05, -0.00027205371468097273, -0.00045369155996151936, 5.028943267505661e-05, -0.00013075477081561903, -4.091434573212096e-05, -0.00037387138963348825, -5.597736626376413e-06, -0.00019720309125530736, 0.00040328450742746806, -0.00043272642440699927, 0.00032830060410230454, 9.741312830179841e-05, 0.00014238766946385718, 0.00029331718536882356, -0.0003468430746604576, -7.812201067086222e-05, -6.611618412214403e-05, 7.33351871847485e-05, -0.0003250837809371386, 0.00011487594303854066, -0.0001066234731649769]
 
RESULTS:
--------
E_VQE = -7.540223416081198
inf_VQE = 0.3476349295214153
n_fn_calls = 347
Wall-clock time 0.16499791701634725 hours
 
For more output, see /home/jorisk2/HVQE/data/kagome/periodic/own_graph/opl/infidelity/3x2/output.txt
Plots of output saved in /home/jorisk2/HVQE/data/kagome/periodic/own_graph/opl/infidelity/3x2
End of HVQE.py
==========================================================================================
CuPy installation found, continuing using GPU acceleration.
having the CPUs {0, 4, 8, 12, 16, 20, 24, 28} available.
Started basinhopping at 2020-12-25 09:28:27.328990 UTC, with
command line arguments = {'path': '/home/jorisk2/HVQE/data/kagome/periodic/own_graph/opl/infidelity/3x2', 'n_par': 68, 'par_multiplicity': 9, 'n_iter': 0, 'cost_fn': 'infidelity', 'temperature': 1.0, 'stepsize': 1.0, 'init_par': None, 'dump_interval': None}
runtime variables =  {'GPU': True, 'date_start': '2020-12-25 09:28:27.328990', 'complete_graph': [(0, 6), (2, 8), (4, 10), (12, 9), (14, 11), (16, 7), (15, 1), (17, 3), (13, 5), (1, 6), (3, 8), (5, 10), (7, 12), (9, 14), (11, 16), (13, 0), (15, 2), (17, 4), (1, 2), (3, 4), (5, 0), (8, 12), (10, 14), (6, 16), (7, 13), (9, 15), (11, 17), (0, 1), (2, 3), (4, 5), (6, 7), (8, 9), (10, 11), (12, 13), (14, 15), (16, 17)], 'init_layer': [(0, 1), (2, 3), (4, 5), (6, 7), (8, 9), (10, 11), (12, 13), (14, 15), (16, 17)], 'layers': [[(0, 6), (2, 8), (4, 10), (12, 9), (14, 11), (16, 7), (15, 1), (17, 3), (13, 5)], [(1, 6), (3, 8), (5, 10), (7, 12), (9, 14), (11, 16), (13, 0), (15, 2), (17, 4)], [(1, 2), (3, 4), (5, 0), (8, 12), (10, 14), (6, 16), (7, 13), (9, 15), (11, 17)], [(0, 1), (2, 3), (4, 5), (6, 7), (8, 9), (10, 11), (12, 13), (14, 15), (16, 17)]], 'n': 18}
.................................................................................................................................................................................................................................................................................................................................................................................................................................................. 
==========================================================================================
Finished basinhopping of  /home/jorisk2/HVQE/data/kagome/periodic/own_graph/opl/infidelity/3x2 at 2020-12-25 09:41:40.290241 UTC, with
 
{'path': '/home/jorisk2/HVQE/data/kagome/periodic/own_graph/opl/infidelity/3x2', 'n_par': 68, 'par_multiplicity': 9, 'n_iter': 0, 'cost_fn': 'infidelity', 'temperature': 1.0, 'stepsize': 1.0, 'init_par': None, 'dump_interval': None}
init_par = [0.0004714984554169887, -0.00015829228713744293, 0.00039894318484363586, 0.00027363144077053453, 0.0003108215100131271, -0.0003918036516490988, 0.00035151291183699426, 9.13575091124818e-05, -8.138553387395352e-06, 0.0001590411836440513, -0.00027349463036361444, 0.00024074426776904108, 0.00033146035830580733, -0.00033830160724301596, 1.4306233392128711e-05, 0.000215254232933069, 0.00047740616657400816, -8.688199033796731e-05, 0.00027993514547508525, 0.00019428990584894202, -0.00036022906324648855, 0.00017904816237965108, -0.00038519676213016483, 0.00020850215621151557, 0.0002747768355269363, -0.00019959215534469003, 1.752040019250699e-05, 0.00021278285336971876, 0.00024410066838681359, -2.7357890076071375e-05, 0.00017425258945921935, 0.000313038220913362, 0.00025186322806590466, -0.0004010670919263432, -0.00031693414444750246, 6.660883499428076e-05, -5.3617705042304485e-05, -6.641979484182714e-05, 0.0004255643080817161, -0.00010136786097135855, -0.00021013236404470858, -2.189881932748364e-05, -0.000428647942400365, -4.6533255088545904e-05, 0.00029391255630025414, 3.005504123829313e-06, 0.0003055166504989798, -0.000383174360913381, 5.281116680201062e-05, -1.863109024709855e-05, -0.00027725581879323223, -0.0004726661149805991, -0.00040656456984111347, 0.00033978374678470956, 0.00016111599010503028, -0.00021476421113115509, -5.049534374850683e-05, -2.268096934404895e-05, -0.0004474321986081126, -0.0003214461831548229, 0.00043257824211994386, 0.00023520178260179282, 0.00027271560020970364, 0.00021747062519828257, -9.374750416288557e-05, 0.0004889123704496985, -7.519355450682043e-05, -7.705043932674149e-05]
 
RESULTS:
--------
E_VQE = -7.718684622979503
inf_VQE = 0.1909994634962785
n_fn_calls = 434
Wall-clock time 0.22000074843565623 hours
 
For more output, see /home/jorisk2/HVQE/data/kagome/periodic/own_graph/opl/infidelity/3x2/output.txt
Plots of output saved in /home/jorisk2/HVQE/data/kagome/periodic/own_graph/opl/infidelity/3x2
End of HVQE.py
==========================================================================================
CuPy installation found, continuing using GPU acceleration.
having the CPUs {0, 4, 8, 12, 16, 20, 24, 28} available.
Started basinhopping at 2020-12-25 09:41:45.460792 UTC, with
command line arguments = {'path': '/home/jorisk2/HVQE/data/kagome/periodic/own_graph/opl/infidelity/3x2', 'n_par': 72, 'par_multiplicity': 9, 'n_iter': 0, 'cost_fn': 'infidelity', 'temperature': 1.0, 'stepsize': 1.0, 'init_par': None, 'dump_interval': None}
runtime variables =  {'GPU': True, 'date_start': '2020-12-25 09:41:45.460792', 'complete_graph': [(0, 6), (2, 8), (4, 10), (12, 9), (14, 11), (16, 7), (15, 1), (17, 3), (13, 5), (1, 6), (3, 8), (5, 10), (7, 12), (9, 14), (11, 16), (13, 0), (15, 2), (17, 4), (1, 2), (3, 4), (5, 0), (8, 12), (10, 14), (6, 16), (7, 13), (9, 15), (11, 17), (0, 1), (2, 3), (4, 5), (6, 7), (8, 9), (10, 11), (12, 13), (14, 15), (16, 17)], 'init_layer': [(0, 1), (2, 3), (4, 5), (6, 7), (8, 9), (10, 11), (12, 13), (14, 15), (16, 17)], 'layers': [[(0, 6), (2, 8), (4, 10), (12, 9), (14, 11), (16, 7), (15, 1), (17, 3), (13, 5)], [(1, 6), (3, 8), (5, 10), (7, 12), (9, 14), (11, 16), (13, 0), (15, 2), (17, 4)], [(1, 2), (3, 4), (5, 0), (8, 12), (10, 14), (6, 16), (7, 13), (9, 15), (11, 17)], [(0, 1), (2, 3), (4, 5), (6, 7), (8, 9), (10, 11), (12, 13), (14, 15), (16, 17)]], 'n': 18}
....................................................................................................................................................................................................................................................................................................................................................................................................................................................................................................................................................................... 
==========================================================================================
Finished basinhopping of  /home/jorisk2/HVQE/data/kagome/periodic/own_graph/opl/infidelity/3x2 at 2020-12-25 09:59:16.264973 UTC, with
 
{'path': '/home/jorisk2/HVQE/data/kagome/periodic/own_graph/opl/infidelity/3x2', 'n_par': 72, 'par_multiplicity': 9, 'n_iter': 0, 'cost_fn': 'infidelity', 'temperature': 1.0, 'stepsize': 1.0, 'init_par': None, 'dump_interval': None}
init_par = [0.0002443196630660113, 0.00017658715492764436, 0.00025584470727229604, 0.0004994312708342578, -0.00046126957481317746, -0.00029300539332313973, -4.084041234710345e-05, 9.303509010137893e-05, -0.0004003579568213872, 7.415246322075501e-05, 0.00035269919320768297, -0.00023685181745399057, 0.00020150109905425588, -8.382373102224498e-05, 8.603958385527413e-05, 0.000254896166391843, -5.063314155676692e-05, -9.629893251144174e-05, 0.00043217831437535146, -0.0003977958777454488, 0.0004964947531552544, -0.00021521219288168735, -0.0002353900718869104, 0.00032406638645950917, -0.00019571527463337616, 0.00018531023287273233, 6.0836114499021035e-05, 0.00046461521588983133, 9.382485755120306e-05, -0.0001898379101167562, 1.4104506163959839e-05, 0.0003271316297071734, -0.00024050336988670572, 8.362961306140903e-05, 0.00010921937027968118, -0.0003009648274993513, 0.00044030719525491556, -0.00015379108340423108, 0.0002574816133965696, 1.589805555491611e-05, -5.276472542595136e-06, 0.00016215944861417287, -0.00013513267575290512, -7.486137311901356e-05, 1.1227439610200611e-07, 0.00040739016671544775, -0.00026235391827571697, -0.0003453153663324546, -0.00010378662237743732, -0.00010538394178119482, -6.3620918804442e-05, -0.00015360047053859582, -0.00017164898682303024, -0.00040747371092709095, -0.0003503814400713481, 0.00036570561153002033, -0.00030579086623712805, 0.0001468852531966182, 0.00019659239197347114, -8.611549159629286e-05, 2.5150003864912122e-05, 0.0004731414813120208, -8.572882622819977e-05, -7.042592575874407e-05, -0.00030518943296052337, 0.0004158593930474701, -2.386028863127042e-05, 0.00013971907994155311, -0.0002487103617149885, 0.000444223991386415, -0.0002164272563294448, -0.00018123141931495614]
 
RESULTS:
--------
E_VQE = -7.670235452013688
inf_VQE = 0.2158934328572425
n_fn_calls = 551
Wall-clock time 0.2916192232237922 hours
 
For more output, see /home/jorisk2/HVQE/data/kagome/periodic/own_graph/opl/infidelity/3x2/output.txt
Plots of output saved in /home/jorisk2/HVQE/data/kagome/periodic/own_graph/opl/infidelity/3x2
End of HVQE.py
==========================================================================================
CuPy installation found, continuing using GPU acceleration.
having the CPUs {0, 4, 8, 12, 16, 20, 24, 28} available.
Started basinhopping at 2020-12-25 09:59:21.400695 UTC, with
command line arguments = {'path': '/home/jorisk2/HVQE/data/kagome/periodic/own_graph/opl/infidelity/3x2', 'n_par': 76, 'par_multiplicity': 9, 'n_iter': 0, 'cost_fn': 'infidelity', 'temperature': 1.0, 'stepsize': 1.0, 'init_par': None, 'dump_interval': None}
runtime variables =  {'GPU': True, 'date_start': '2020-12-25 09:59:21.400695', 'complete_graph': [(0, 6), (2, 8), (4, 10), (12, 9), (14, 11), (16, 7), (15, 1), (17, 3), (13, 5), (1, 6), (3, 8), (5, 10), (7, 12), (9, 14), (11, 16), (13, 0), (15, 2), (17, 4), (1, 2), (3, 4), (5, 0), (8, 12), (10, 14), (6, 16), (7, 13), (9, 15), (11, 17), (0, 1), (2, 3), (4, 5), (6, 7), (8, 9), (10, 11), (12, 13), (14, 15), (16, 17)], 'init_layer': [(0, 1), (2, 3), (4, 5), (6, 7), (8, 9), (10, 11), (12, 13), (14, 15), (16, 17)], 'layers': [[(0, 6), (2, 8), (4, 10), (12, 9), (14, 11), (16, 7), (15, 1), (17, 3), (13, 5)], [(1, 6), (3, 8), (5, 10), (7, 12), (9, 14), (11, 16), (13, 0), (15, 2), (17, 4)], [(1, 2), (3, 4), (5, 0), (8, 12), (10, 14), (6, 16), (7, 13), (9, 15), (11, 17)], [(0, 1), (2, 3), (4, 5), (6, 7), (8, 9), (10, 11), (12, 13), (14, 15), (16, 17)]], 'n': 18}
.......................................................................................................................................................................................................................................................................................................... 
==========================================================================================
Finished basinhopping of  /home/jorisk2/HVQE/data/kagome/periodic/own_graph/opl/infidelity/3x2 at 2020-12-25 10:09:32.633166 UTC, with
 
{'path': '/home/jorisk2/HVQE/data/kagome/periodic/own_graph/opl/infidelity/3x2', 'n_par': 76, 'par_multiplicity': 9, 'n_iter': 0, 'cost_fn': 'infidelity', 'temperature': 1.0, 'stepsize': 1.0, 'init_par': None, 'dump_interval': None}
init_par = [-0.00044811230181131777, 0.0004193270079608642, -0.00012877416435125413, -0.0004948220236638915, -2.7452058824170707e-05, -0.0002864513188902232, 0.00020864112542908029, -0.0004205228311669438, 0.00011676461176870925, -0.00012540703041976741, 0.0004309633339139639, -9.244166813801824e-05, 0.00041820852427469017, 9.231130893546952e-05, -0.00019947848755745714, 0.0004338735851101025, -0.00016887722891595412, 0.0004085424351199029, 0.0004321596343481454, 0.00016902456667326738, -0.0004734215202079394, -0.00033470375588751143, -0.00037743463912500564, -0.0003498149135894162, 8.892033711740944e-05, 0.0004153416617309895, -0.0002921409056072154, 3.450369283142913e-05, -0.0001948180264496434, -0.00041441109872623384, 0.00029864983834788775, 0.0001684281111595683, -9.749886301317482e-05, -0.0004142788310303589, -7.92554833798055e-05, -0.00022106508680662563, 0.00033201475713798853, -9.260416893944282e-05, -0.00015480132024846185, 7.0128450545004e-05, 0.00021280359779505967, -6.08711163135489e-05, 0.0001503771040654992, 1.6429672175108856e-06, -0.00040460536799330173, 0.0002805723131534337, -5.387579677471055e-05, -0.00036267538072740156, -0.00010003315473544415, 0.0001267037323245708, 0.0004858142026833061, -0.0002848231940847831, -0.00020252626532499854, 6.0065974820677727e-05, 0.00015073359617012142, -0.0004664585943537849, 9.162860071515043e-06, 0.00010348488108491102, 1.574124724780003e-05, -0.0004940371168414555, -0.00035167525545558233, 0.000108540119615651, -0.0004988473102183141, -0.000276617296615278, 5.414227341907132e-05, 8.31258326210978e-05, 0.00034552380503293987, 0.0004551360817531139, 0.00027639680318683945, -8.111742641062406e-05, -2.1554781404377202e-06, 0.00025178405332882867, -0.0003689442808720774, 0.00030773810429622725, -7.811452600625825e-05, -1.9254009755960595e-05]
 
RESULTS:
--------
E_VQE = -7.5139790736563
inf_VQE = 0.3027771968293057
n_fn_calls = 298
Wall-clock time 0.16948394166098701 hours
 
For more output, see /home/jorisk2/HVQE/data/kagome/periodic/own_graph/opl/infidelity/3x2/output.txt
Plots of output saved in /home/jorisk2/HVQE/data/kagome/periodic/own_graph/opl/infidelity/3x2
End of HVQE.py
==========================================================================================
CuPy installation found, continuing using GPU acceleration.
having the CPUs {0, 4, 8, 12, 16, 20, 24, 28} available.
Started basinhopping at 2020-12-25 10:09:34.790518 UTC, with
command line arguments = {'path': '/home/jorisk2/HVQE/data/kagome/periodic/own_graph/opl/infidelity/3x2', 'n_par': 80, 'par_multiplicity': 9, 'n_iter': 0, 'cost_fn': 'infidelity', 'temperature': 1.0, 'stepsize': 1.0, 'init_par': None, 'dump_interval': None}
runtime variables =  {'GPU': True, 'date_start': '2020-12-25 10:09:34.790518', 'complete_graph': [(0, 6), (2, 8), (4, 10), (12, 9), (14, 11), (16, 7), (15, 1), (17, 3), (13, 5), (1, 6), (3, 8), (5, 10), (7, 12), (9, 14), (11, 16), (13, 0), (15, 2), (17, 4), (1, 2), (3, 4), (5, 0), (8, 12), (10, 14), (6, 16), (7, 13), (9, 15), (11, 17), (0, 1), (2, 3), (4, 5), (6, 7), (8, 9), (10, 11), (12, 13), (14, 15), (16, 17)], 'init_layer': [(0, 1), (2, 3), (4, 5), (6, 7), (8, 9), (10, 11), (12, 13), (14, 15), (16, 17)], 'layers': [[(0, 6), (2, 8), (4, 10), (12, 9), (14, 11), (16, 7), (15, 1), (17, 3), (13, 5)], [(1, 6), (3, 8), (5, 10), (7, 12), (9, 14), (11, 16), (13, 0), (15, 2), (17, 4)], [(1, 2), (3, 4), (5, 0), (8, 12), (10, 14), (6, 16), (7, 13), (9, 15), (11, 17)], [(0, 1), (2, 3), (4, 5), (6, 7), (8, 9), (10, 11), (12, 13), (14, 15), (16, 17)]], 'n': 18}
................................................................................................................................................................................................................................................................................................................................................................................. 
==========================================================================================
Finished basinhopping of  /home/jorisk2/HVQE/data/kagome/periodic/own_graph/opl/infidelity/3x2 at 2020-12-25 10:22:51.828396 UTC, with
 
{'path': '/home/jorisk2/HVQE/data/kagome/periodic/own_graph/opl/infidelity/3x2', 'n_par': 80, 'par_multiplicity': 9, 'n_iter': 0, 'cost_fn': 'infidelity', 'temperature': 1.0, 'stepsize': 1.0, 'init_par': None, 'dump_interval': None}
init_par = [0.0004612818701347749, 0.0003272823085170315, 0.00042993168313504835, -0.0003020405388369494, 0.0001755151818923328, -0.0003730114126493812, 0.0002456328065364033, 0.0002987715004449179, -0.0002408797214034745, 0.00011594287322375899, -0.0004133922833854184, 0.0003001240760692423, -0.00023528725421467322, -0.00032333210291640615, 8.562201794993628e-06, -6.883761882168463e-05, -0.00033324737076138194, 0.00024845164832755376, -0.00018020054079245643, -0.00017474784718163463, 0.00035922243155724553, 4.263664098908839e-05, 0.0003000469833168922, 0.00034001669448097257, 0.00040193816166324476, 0.00020769836390947967, -2.9075792518323037e-05, -0.0001353676500766059, 0.0003299241326040886, 0.00010699298241465384, 0.0003907746144041788, -0.0003550586479981344, 5.234994265691589e-05, 0.0003623249269456408, -0.0002669743668434542, -0.000317922707089994, -0.00034559064014319274, 0.0004233774781905531, 0.00042148785274037355, -0.0002485586475683289, -0.0001087364277048474, -0.00022966274737267877, -0.0004240647884953268, 0.0003470984491953231, -0.00031739515760790464, -3.1765361995454125e-05, -9.655409309799101e-05, 0.0003773153153015978, -0.0003718593853517928, 0.0003309315684424456, -0.00022228964082506464, -3.584361022338048e-05, 3.2684170546541246e-05, -0.00028893772042811274, -0.00038419997097423374, 0.00039737349920862845, -0.00030264613258604436, 0.00012101688254475738, 0.00047378091032282627, -0.00018650399562655985, -0.0004345132667308226, -7.330621569359946e-06, 0.00041101488018966455, 0.0003966784399577136, 4.595746672606113e-05, -0.0003457727678846592, 0.0002589098521229809, -0.0002469428560749413, 0.00044763035210730563, 0.0004553571355718581, 0.0004449899919786219, 0.00010621229808946203, -0.0004495614704394666, 0.0001397636567405209, -5.707790139501548e-06, -0.00017072363531267146, 0.00016528237831254242, 0.00010826762108482918, 0.0004379896238651982, 0.0004840078846227707]
 
RESULTS:
--------
E_VQE = -7.112303338143481
inf_VQE = 0.27128289239453995
n_fn_calls = 369
Wall-clock time 0.2210938279496299 hours
 
For more output, see /home/jorisk2/HVQE/data/kagome/periodic/own_graph/opl/infidelity/3x2/output.txt
Plots of output saved in /home/jorisk2/HVQE/data/kagome/periodic/own_graph/opl/infidelity/3x2
End of HVQE.py
==========================================================================================
