CuPy installation found, continuing using GPU acceleration.
having the CPUs {1, 5, 9, 13, 17, 21, 25, 29} available.
Started basinhopping at 2020-12-25 08:35:29.450791 UTC, with
command line arguments = {'path': '/home/jorisk2/HVQE/data/kagome/periodic/own_graph/opl/infidelity/3x2', 'n_par': 4, 'par_multiplicity': 9, 'n_iter': 0, 'cost_fn': 'infidelity', 'temperature': 1.0, 'stepsize': 1.0, 'init_par': None, 'dump_interval': None}
runtime variables =  {'GPU': True, 'date_start': '2020-12-25 08:35:29.450791', 'complete_graph': [(0, 6), (2, 8), (4, 10), (12, 9), (14, 11), (16, 7), (15, 1), (17, 3), (13, 5), (1, 6), (3, 8), (5, 10), (7, 12), (9, 14), (11, 16), (13, 0), (15, 2), (17, 4), (1, 2), (3, 4), (5, 0), (8, 12), (10, 14), (6, 16), (7, 13), (9, 15), (11, 17), (0, 1), (2, 3), (4, 5), (6, 7), (8, 9), (10, 11), (12, 13), (14, 15), (16, 17)], 'init_layer': [(0, 1), (2, 3), (4, 5), (6, 7), (8, 9), (10, 11), (12, 13), (14, 15), (16, 17)], 'layers': [[(0, 6), (2, 8), (4, 10), (12, 9), (14, 11), (16, 7), (15, 1), (17, 3), (13, 5)], [(1, 6), (3, 8), (5, 10), (7, 12), (9, 14), (11, 16), (13, 0), (15, 2), (17, 4)], [(1, 2), (3, 4), (5, 0), (8, 12), (10, 14), (6, 16), (7, 13), (9, 15), (11, 17)], [(0, 1), (2, 3), (4, 5), (6, 7), (8, 9), (10, 11), (12, 13), (14, 15), (16, 17)]], 'n': 18}
............................................ 
==========================================================================================
Finished basinhopping of  /home/jorisk2/HVQE/data/kagome/periodic/own_graph/opl/infidelity/3x2 at 2020-12-25 08:35:34.400402 UTC, with
 
{'path': '/home/jorisk2/HVQE/data/kagome/periodic/own_graph/opl/infidelity/3x2', 'n_par': 4, 'par_multiplicity': 9, 'n_iter': 0, 'cost_fn': 'infidelity', 'temperature': 1.0, 'stepsize': 1.0, 'init_par': None, 'dump_interval': None}
init_par = [-5.974841627499829e-05, -0.00031549338343559005, 0.0002029061764014633, 5.390570420918189e-05]
 
RESULTS:
--------
E_VQE = -7.0876843406994645
inf_VQE = 0.7024962827803822
n_fn_calls = 44
Wall-clock time 0.0012876405980851915 hours
 
For more output, see /home/jorisk2/HVQE/data/kagome/periodic/own_graph/opl/infidelity/3x2/output.txt
Plots of output saved in /home/jorisk2/HVQE/data/kagome/periodic/own_graph/opl/infidelity/3x2
End of HVQE.py
==========================================================================================
CuPy installation found, continuing using GPU acceleration.
having the CPUs {1, 5, 9, 13, 17, 21, 25, 29} available.
Started basinhopping at 2020-12-25 08:35:36.170738 UTC, with
command line arguments = {'path': '/home/jorisk2/HVQE/data/kagome/periodic/own_graph/opl/infidelity/3x2', 'n_par': 8, 'par_multiplicity': 9, 'n_iter': 0, 'cost_fn': 'infidelity', 'temperature': 1.0, 'stepsize': 1.0, 'init_par': None, 'dump_interval': None}
runtime variables =  {'GPU': True, 'date_start': '2020-12-25 08:35:36.170738', 'complete_graph': [(0, 6), (2, 8), (4, 10), (12, 9), (14, 11), (16, 7), (15, 1), (17, 3), (13, 5), (1, 6), (3, 8), (5, 10), (7, 12), (9, 14), (11, 16), (13, 0), (15, 2), (17, 4), (1, 2), (3, 4), (5, 0), (8, 12), (10, 14), (6, 16), (7, 13), (9, 15), (11, 17), (0, 1), (2, 3), (4, 5), (6, 7), (8, 9), (10, 11), (12, 13), (14, 15), (16, 17)], 'init_layer': [(0, 1), (2, 3), (4, 5), (6, 7), (8, 9), (10, 11), (12, 13), (14, 15), (16, 17)], 'layers': [[(0, 6), (2, 8), (4, 10), (12, 9), (14, 11), (16, 7), (15, 1), (17, 3), (13, 5)], [(1, 6), (3, 8), (5, 10), (7, 12), (9, 14), (11, 16), (13, 0), (15, 2), (17, 4)], [(1, 2), (3, 4), (5, 0), (8, 12), (10, 14), (6, 16), (7, 13), (9, 15), (11, 17)], [(0, 1), (2, 3), (4, 5), (6, 7), (8, 9), (10, 11), (12, 13), (14, 15), (16, 17)]], 'n': 18}
............................................. 
==========================================================================================
Finished basinhopping of  /home/jorisk2/HVQE/data/kagome/periodic/own_graph/opl/infidelity/3x2 at 2020-12-25 08:35:45.755901 UTC, with
 
{'path': '/home/jorisk2/HVQE/data/kagome/periodic/own_graph/opl/infidelity/3x2', 'n_par': 8, 'par_multiplicity': 9, 'n_iter': 0, 'cost_fn': 'infidelity', 'temperature': 1.0, 'stepsize': 1.0, 'init_par': None, 'dump_interval': None}
init_par = [-0.0003985658233627977, 0.000453181906508261, -9.834692517170983e-05, 3.882160167025222e-05, -0.0004898924540559357, -4.673060253384577e-05, 0.00011327283521523235, 0.00032239751590910676]
 
RESULTS:
--------
E_VQE = -7.498758693708302
inf_VQE = 0.6258411086538456
n_fn_calls = 45
Wall-clock time 0.0025685823625988427 hours
 
For more output, see /home/jorisk2/HVQE/data/kagome/periodic/own_graph/opl/infidelity/3x2/output.txt
Plots of output saved in /home/jorisk2/HVQE/data/kagome/periodic/own_graph/opl/infidelity/3x2
End of HVQE.py
==========================================================================================
CuPy installation found, continuing using GPU acceleration.
having the CPUs {1, 5, 9, 13, 17, 21, 25, 29} available.
Started basinhopping at 2020-12-25 08:35:47.512726 UTC, with
command line arguments = {'path': '/home/jorisk2/HVQE/data/kagome/periodic/own_graph/opl/infidelity/3x2', 'n_par': 12, 'par_multiplicity': 9, 'n_iter': 0, 'cost_fn': 'infidelity', 'temperature': 1.0, 'stepsize': 1.0, 'init_par': None, 'dump_interval': None}
runtime variables =  {'GPU': True, 'date_start': '2020-12-25 08:35:47.512726', 'complete_graph': [(0, 6), (2, 8), (4, 10), (12, 9), (14, 11), (16, 7), (15, 1), (17, 3), (13, 5), (1, 6), (3, 8), (5, 10), (7, 12), (9, 14), (11, 16), (13, 0), (15, 2), (17, 4), (1, 2), (3, 4), (5, 0), (8, 12), (10, 14), (6, 16), (7, 13), (9, 15), (11, 17), (0, 1), (2, 3), (4, 5), (6, 7), (8, 9), (10, 11), (12, 13), (14, 15), (16, 17)], 'init_layer': [(0, 1), (2, 3), (4, 5), (6, 7), (8, 9), (10, 11), (12, 13), (14, 15), (16, 17)], 'layers': [[(0, 6), (2, 8), (4, 10), (12, 9), (14, 11), (16, 7), (15, 1), (17, 3), (13, 5)], [(1, 6), (3, 8), (5, 10), (7, 12), (9, 14), (11, 16), (13, 0), (15, 2), (17, 4)], [(1, 2), (3, 4), (5, 0), (8, 12), (10, 14), (6, 16), (7, 13), (9, 15), (11, 17)], [(0, 1), (2, 3), (4, 5), (6, 7), (8, 9), (10, 11), (12, 13), (14, 15), (16, 17)]], 'n': 18}
...................................................................... 
==========================================================================================
Finished basinhopping of  /home/jorisk2/HVQE/data/kagome/periodic/own_graph/opl/infidelity/3x2 at 2020-12-25 08:36:09.357561 UTC, with
 
{'path': '/home/jorisk2/HVQE/data/kagome/periodic/own_graph/opl/infidelity/3x2', 'n_par': 12, 'par_multiplicity': 9, 'n_iter': 0, 'cost_fn': 'infidelity', 'temperature': 1.0, 'stepsize': 1.0, 'init_par': None, 'dump_interval': None}
init_par = [3.653476539897159e-05, -0.00015761137977712147, -0.0001824222056596683, 0.0003656717695429526, -0.0002456061911758865, 0.00018339586727612444, 0.0003119917931987533, 0.000495961958774738, -5.4482201983025694e-05, 0.00044782604840464793, 0.0004078780632962237, 0.00019493765739817892]
 
RESULTS:
--------
E_VQE = -7.385930467150677
inf_VQE = 0.6563095601514481
n_fn_calls = 70
Wall-clock time 0.005954977340168423 hours
 
For more output, see /home/jorisk2/HVQE/data/kagome/periodic/own_graph/opl/infidelity/3x2/output.txt
Plots of output saved in /home/jorisk2/HVQE/data/kagome/periodic/own_graph/opl/infidelity/3x2
End of HVQE.py
==========================================================================================
CuPy installation found, continuing using GPU acceleration.
having the CPUs {1, 5, 9, 13, 17, 21, 25, 29} available.
Started basinhopping at 2020-12-25 08:36:11.116467 UTC, with
command line arguments = {'path': '/home/jorisk2/HVQE/data/kagome/periodic/own_graph/opl/infidelity/3x2', 'n_par': 16, 'par_multiplicity': 9, 'n_iter': 0, 'cost_fn': 'infidelity', 'temperature': 1.0, 'stepsize': 1.0, 'init_par': None, 'dump_interval': None}
runtime variables =  {'GPU': True, 'date_start': '2020-12-25 08:36:11.116467', 'complete_graph': [(0, 6), (2, 8), (4, 10), (12, 9), (14, 11), (16, 7), (15, 1), (17, 3), (13, 5), (1, 6), (3, 8), (5, 10), (7, 12), (9, 14), (11, 16), (13, 0), (15, 2), (17, 4), (1, 2), (3, 4), (5, 0), (8, 12), (10, 14), (6, 16), (7, 13), (9, 15), (11, 17), (0, 1), (2, 3), (4, 5), (6, 7), (8, 9), (10, 11), (12, 13), (14, 15), (16, 17)], 'init_layer': [(0, 1), (2, 3), (4, 5), (6, 7), (8, 9), (10, 11), (12, 13), (14, 15), (16, 17)], 'layers': [[(0, 6), (2, 8), (4, 10), (12, 9), (14, 11), (16, 7), (15, 1), (17, 3), (13, 5)], [(1, 6), (3, 8), (5, 10), (7, 12), (9, 14), (11, 16), (13, 0), (15, 2), (17, 4)], [(1, 2), (3, 4), (5, 0), (8, 12), (10, 14), (6, 16), (7, 13), (9, 15), (11, 17)], [(0, 1), (2, 3), (4, 5), (6, 7), (8, 9), (10, 11), (12, 13), (14, 15), (16, 17)]], 'n': 18}
................................................................................................. 
==========================================================================================
Finished basinhopping of  /home/jorisk2/HVQE/data/kagome/periodic/own_graph/opl/infidelity/3x2 at 2020-12-25 08:36:52.961726 UTC, with
 
{'path': '/home/jorisk2/HVQE/data/kagome/periodic/own_graph/opl/infidelity/3x2', 'n_par': 16, 'par_multiplicity': 9, 'n_iter': 0, 'cost_fn': 'infidelity', 'temperature': 1.0, 'stepsize': 1.0, 'init_par': None, 'dump_interval': None}
init_par = [-0.00019670763512610922, 0.00028150819285239093, 0.0003956672479962602, 0.000478772562024253, -0.00043373061729282516, 0.00016111089989480777, -0.0002969318038522556, -0.0001908206203304751, 0.0002769959105886414, 0.00011528817854893634, -0.0002767145516441562, -0.0004714037208993416, 0.0001304095929022263, 0.0004646903856082114, 0.00040130614748964065, -8.79803852177379e-05]
 
RESULTS:
--------
E_VQE = -7.622519468251132
inf_VQE = 0.5346996284136798
n_fn_calls = 97
Wall-clock time 0.011503500276141696 hours
 
For more output, see /home/jorisk2/HVQE/data/kagome/periodic/own_graph/opl/infidelity/3x2/output.txt
Plots of output saved in /home/jorisk2/HVQE/data/kagome/periodic/own_graph/opl/infidelity/3x2
End of HVQE.py
==========================================================================================
CuPy installation found, continuing using GPU acceleration.
having the CPUs {1, 5, 9, 13, 17, 21, 25, 29} available.
Started basinhopping at 2020-12-25 08:36:57.258427 UTC, with
command line arguments = {'path': '/home/jorisk2/HVQE/data/kagome/periodic/own_graph/opl/infidelity/3x2', 'n_par': 20, 'par_multiplicity': 9, 'n_iter': 0, 'cost_fn': 'infidelity', 'temperature': 1.0, 'stepsize': 1.0, 'init_par': None, 'dump_interval': None}
runtime variables =  {'GPU': True, 'date_start': '2020-12-25 08:36:57.258427', 'complete_graph': [(0, 6), (2, 8), (4, 10), (12, 9), (14, 11), (16, 7), (15, 1), (17, 3), (13, 5), (1, 6), (3, 8), (5, 10), (7, 12), (9, 14), (11, 16), (13, 0), (15, 2), (17, 4), (1, 2), (3, 4), (5, 0), (8, 12), (10, 14), (6, 16), (7, 13), (9, 15), (11, 17), (0, 1), (2, 3), (4, 5), (6, 7), (8, 9), (10, 11), (12, 13), (14, 15), (16, 17)], 'init_layer': [(0, 1), (2, 3), (4, 5), (6, 7), (8, 9), (10, 11), (12, 13), (14, 15), (16, 17)], 'layers': [[(0, 6), (2, 8), (4, 10), (12, 9), (14, 11), (16, 7), (15, 1), (17, 3), (13, 5)], [(1, 6), (3, 8), (5, 10), (7, 12), (9, 14), (11, 16), (13, 0), (15, 2), (17, 4)], [(1, 2), (3, 4), (5, 0), (8, 12), (10, 14), (6, 16), (7, 13), (9, 15), (11, 17)], [(0, 1), (2, 3), (4, 5), (6, 7), (8, 9), (10, 11), (12, 13), (14, 15), (16, 17)]], 'n': 18}
........................................................................................... 
==========================================================================================
Finished basinhopping of  /home/jorisk2/HVQE/data/kagome/periodic/own_graph/opl/infidelity/3x2 at 2020-12-25 08:37:44.936931 UTC, with
 
{'path': '/home/jorisk2/HVQE/data/kagome/periodic/own_graph/opl/infidelity/3x2', 'n_par': 20, 'par_multiplicity': 9, 'n_iter': 0, 'cost_fn': 'infidelity', 'temperature': 1.0, 'stepsize': 1.0, 'init_par': None, 'dump_interval': None}
init_par = [-0.0004646618705970418, -0.00042018154821887486, -1.9084864329351088e-05, -0.00012532881875784783, -0.00018729007794812458, 0.00025110141131966083, 3.118785799439505e-05, 0.00033774188301856703, 0.000436928450041666, -4.8556166328101575e-05, 0.00022935436352298122, -8.690407997561945e-05, 0.0002904473354962559, 0.0002961568749586369, -0.0004424201236835147, 0.00018104767641664973, 0.0002159756493394111, -0.00048397465963333474, 0.0002852727140066118, 0.00020432437252206135]
 
RESULTS:
--------
E_VQE = -7.685578366915095
inf_VQE = 0.4898638219062479
n_fn_calls = 91
Wall-clock time 0.013107362919383579 hours
 
For more output, see /home/jorisk2/HVQE/data/kagome/periodic/own_graph/opl/infidelity/3x2/output.txt
Plots of output saved in /home/jorisk2/HVQE/data/kagome/periodic/own_graph/opl/infidelity/3x2
End of HVQE.py
==========================================================================================
CuPy installation found, continuing using GPU acceleration.
having the CPUs {1, 5, 9, 13, 17, 21, 25, 29} available.
Started basinhopping at 2020-12-25 08:37:46.726415 UTC, with
command line arguments = {'path': '/home/jorisk2/HVQE/data/kagome/periodic/own_graph/opl/infidelity/3x2', 'n_par': 24, 'par_multiplicity': 9, 'n_iter': 0, 'cost_fn': 'infidelity', 'temperature': 1.0, 'stepsize': 1.0, 'init_par': None, 'dump_interval': None}
runtime variables =  {'GPU': True, 'date_start': '2020-12-25 08:37:46.726415', 'complete_graph': [(0, 6), (2, 8), (4, 10), (12, 9), (14, 11), (16, 7), (15, 1), (17, 3), (13, 5), (1, 6), (3, 8), (5, 10), (7, 12), (9, 14), (11, 16), (13, 0), (15, 2), (17, 4), (1, 2), (3, 4), (5, 0), (8, 12), (10, 14), (6, 16), (7, 13), (9, 15), (11, 17), (0, 1), (2, 3), (4, 5), (6, 7), (8, 9), (10, 11), (12, 13), (14, 15), (16, 17)], 'init_layer': [(0, 1), (2, 3), (4, 5), (6, 7), (8, 9), (10, 11), (12, 13), (14, 15), (16, 17)], 'layers': [[(0, 6), (2, 8), (4, 10), (12, 9), (14, 11), (16, 7), (15, 1), (17, 3), (13, 5)], [(1, 6), (3, 8), (5, 10), (7, 12), (9, 14), (11, 16), (13, 0), (15, 2), (17, 4)], [(1, 2), (3, 4), (5, 0), (8, 12), (10, 14), (6, 16), (7, 13), (9, 15), (11, 17)], [(0, 1), (2, 3), (4, 5), (6, 7), (8, 9), (10, 11), (12, 13), (14, 15), (16, 17)]], 'n': 18}
..................................................................................................... 
==========================================================================================
Finished basinhopping of  /home/jorisk2/HVQE/data/kagome/periodic/own_graph/opl/infidelity/3x2 at 2020-12-25 08:38:50.551355 UTC, with
 
{'path': '/home/jorisk2/HVQE/data/kagome/periodic/own_graph/opl/infidelity/3x2', 'n_par': 24, 'par_multiplicity': 9, 'n_iter': 0, 'cost_fn': 'infidelity', 'temperature': 1.0, 'stepsize': 1.0, 'init_par': None, 'dump_interval': None}
init_par = [-1.6486242419545664e-05, 3.1221964080082915e-05, -4.632434328472268e-05, 0.00027949483762666413, -8.345929404219931e-05, -0.0004055759721352027, -0.00014084601562130143, -0.0003787131878223962, -5.418576965409349e-06, 0.0002330511810234773, -0.0004311009718740372, -0.0004668178374203732, 0.00012527051783352446, 1.6184047420076363e-05, 0.0001801401112117378, 0.00040821373777455265, -0.00038625273786511614, -3.079697114260907e-05, 0.0003192449299100279, 0.0001371133243171283, 0.00045609400002180275, 0.000387123834071754, 0.0003958955126496527, -0.0002103092994067046]
 
RESULTS:
--------
E_VQE = -7.749777133600128
inf_VQE = 0.48076767635264295
n_fn_calls = 101
Wall-clock time 0.01758191208044688 hours
 
For more output, see /home/jorisk2/HVQE/data/kagome/periodic/own_graph/opl/infidelity/3x2/output.txt
Plots of output saved in /home/jorisk2/HVQE/data/kagome/periodic/own_graph/opl/infidelity/3x2
End of HVQE.py
==========================================================================================
CuPy installation found, continuing using GPU acceleration.
having the CPUs {1, 5, 9, 13, 17, 21, 25, 29} available.
Started basinhopping at 2020-12-25 08:38:54.978720 UTC, with
command line arguments = {'path': '/home/jorisk2/HVQE/data/kagome/periodic/own_graph/opl/infidelity/3x2', 'n_par': 28, 'par_multiplicity': 9, 'n_iter': 0, 'cost_fn': 'infidelity', 'temperature': 1.0, 'stepsize': 1.0, 'init_par': None, 'dump_interval': None}
runtime variables =  {'GPU': True, 'date_start': '2020-12-25 08:38:54.978720', 'complete_graph': [(0, 6), (2, 8), (4, 10), (12, 9), (14, 11), (16, 7), (15, 1), (17, 3), (13, 5), (1, 6), (3, 8), (5, 10), (7, 12), (9, 14), (11, 16), (13, 0), (15, 2), (17, 4), (1, 2), (3, 4), (5, 0), (8, 12), (10, 14), (6, 16), (7, 13), (9, 15), (11, 17), (0, 1), (2, 3), (4, 5), (6, 7), (8, 9), (10, 11), (12, 13), (14, 15), (16, 17)], 'init_layer': [(0, 1), (2, 3), (4, 5), (6, 7), (8, 9), (10, 11), (12, 13), (14, 15), (16, 17)], 'layers': [[(0, 6), (2, 8), (4, 10), (12, 9), (14, 11), (16, 7), (15, 1), (17, 3), (13, 5)], [(1, 6), (3, 8), (5, 10), (7, 12), (9, 14), (11, 16), (13, 0), (15, 2), (17, 4)], [(1, 2), (3, 4), (5, 0), (8, 12), (10, 14), (6, 16), (7, 13), (9, 15), (11, 17)], [(0, 1), (2, 3), (4, 5), (6, 7), (8, 9), (10, 11), (12, 13), (14, 15), (16, 17)]], 'n': 18}
........................................................................................................................................................ 
==========================================================================================
Finished basinhopping of  /home/jorisk2/HVQE/data/kagome/periodic/own_graph/opl/infidelity/3x2 at 2020-12-25 08:40:44.444277 UTC, with
 
{'path': '/home/jorisk2/HVQE/data/kagome/periodic/own_graph/opl/infidelity/3x2', 'n_par': 28, 'par_multiplicity': 9, 'n_iter': 0, 'cost_fn': 'infidelity', 'temperature': 1.0, 'stepsize': 1.0, 'init_par': None, 'dump_interval': None}
init_par = [-0.0003984027910964828, -0.00042153341597083805, 0.0004035225408455847, 0.00017313451788359086, -0.00023504134868944149, 2.6841781804828662e-05, -0.00032226184720754556, 0.0004163977043767091, -0.00026073207907429064, 0.00021555262956302686, -0.00045163587596135524, -0.0003332015598687706, -0.00014345100536724268, -0.0002788372667114999, 0.000203109393220654, -0.0002183216407956873, -0.00041020627792082934, -0.00023849287914819693, -0.00043879935875618906, -8.1718650271032e-05, -0.00019580334602258633, -0.0003196048100097019, -0.0001232046341187959, -0.00012774339814283553, 0.00020170559510163338, 0.0003580516214127008, 0.00037730672549201574, -0.0003235915220050332]
 
RESULTS:
--------
E_VQE = -7.724117728682404
inf_VQE = 0.472392348630268
n_fn_calls = 152
Wall-clock time 0.030254702170689898 hours
 
For more output, see /home/jorisk2/HVQE/data/kagome/periodic/own_graph/opl/infidelity/3x2/output.txt
Plots of output saved in /home/jorisk2/HVQE/data/kagome/periodic/own_graph/opl/infidelity/3x2
End of HVQE.py
==========================================================================================
CuPy installation found, continuing using GPU acceleration.
having the CPUs {1, 5, 9, 13, 17, 21, 25, 29} available.
Started basinhopping at 2020-12-25 08:40:46.230394 UTC, with
command line arguments = {'path': '/home/jorisk2/HVQE/data/kagome/periodic/own_graph/opl/infidelity/3x2', 'n_par': 32, 'par_multiplicity': 9, 'n_iter': 0, 'cost_fn': 'infidelity', 'temperature': 1.0, 'stepsize': 1.0, 'init_par': None, 'dump_interval': None}
runtime variables =  {'GPU': True, 'date_start': '2020-12-25 08:40:46.230394', 'complete_graph': [(0, 6), (2, 8), (4, 10), (12, 9), (14, 11), (16, 7), (15, 1), (17, 3), (13, 5), (1, 6), (3, 8), (5, 10), (7, 12), (9, 14), (11, 16), (13, 0), (15, 2), (17, 4), (1, 2), (3, 4), (5, 0), (8, 12), (10, 14), (6, 16), (7, 13), (9, 15), (11, 17), (0, 1), (2, 3), (4, 5), (6, 7), (8, 9), (10, 11), (12, 13), (14, 15), (16, 17)], 'init_layer': [(0, 1), (2, 3), (4, 5), (6, 7), (8, 9), (10, 11), (12, 13), (14, 15), (16, 17)], 'layers': [[(0, 6), (2, 8), (4, 10), (12, 9), (14, 11), (16, 7), (15, 1), (17, 3), (13, 5)], [(1, 6), (3, 8), (5, 10), (7, 12), (9, 14), (11, 16), (13, 0), (15, 2), (17, 4)], [(1, 2), (3, 4), (5, 0), (8, 12), (10, 14), (6, 16), (7, 13), (9, 15), (11, 17)], [(0, 1), (2, 3), (4, 5), (6, 7), (8, 9), (10, 11), (12, 13), (14, 15), (16, 17)]], 'n': 18}
.................................................................................................................................................................. 
==========================================================================================
Finished basinhopping of  /home/jorisk2/HVQE/data/kagome/periodic/own_graph/opl/infidelity/3x2 at 2020-12-25 08:43:01.576919 UTC, with
 
{'path': '/home/jorisk2/HVQE/data/kagome/periodic/own_graph/opl/infidelity/3x2', 'n_par': 32, 'par_multiplicity': 9, 'n_iter': 0, 'cost_fn': 'infidelity', 'temperature': 1.0, 'stepsize': 1.0, 'init_par': None, 'dump_interval': None}
init_par = [0.00035940728032969095, 0.00015585922783188275, 0.0003248328171362578, 0.0003307074589751636, 0.00020490643107205265, 0.0003180012582953175, 0.00042460453417210225, -0.0001370316117606476, 0.0003138008910847333, -0.0003923108735370525, -0.00041967888150885933, 0.0003779493019513752, 0.00042799511844693837, 0.00013113537024550255, 9.057416109040561e-05, -0.00037270773798394306, 0.0001760947910585442, 0.0001712700169517491, 0.0004515321256998075, -0.00010213417547044615, 0.00029198547536015015, 0.00035038344096558166, -0.00030185245911453894, -6.171926838452669e-05, 4.060680009069259e-05, -0.0002930009911155093, 0.000469746860041637, 0.0003424383664626182, 6.409922350644867e-05, -0.00010484258621815844, 0.0003715890352493521, 1.801157388896745e-05]
 
RESULTS:
--------
E_VQE = -7.758312709815298
inf_VQE = 0.4585896814940953
n_fn_calls = 162
Wall-clock time 0.037426386343108284 hours
 
For more output, see /home/jorisk2/HVQE/data/kagome/periodic/own_graph/opl/infidelity/3x2/output.txt
Plots of output saved in /home/jorisk2/HVQE/data/kagome/periodic/own_graph/opl/infidelity/3x2
End of HVQE.py
==========================================================================================
CuPy installation found, continuing using GPU acceleration.
having the CPUs {1, 5, 9, 13, 17, 21, 25, 29} available.
Started basinhopping at 2020-12-25 08:43:05.826894 UTC, with
command line arguments = {'path': '/home/jorisk2/HVQE/data/kagome/periodic/own_graph/opl/infidelity/3x2', 'n_par': 36, 'par_multiplicity': 9, 'n_iter': 0, 'cost_fn': 'infidelity', 'temperature': 1.0, 'stepsize': 1.0, 'init_par': None, 'dump_interval': None}
runtime variables =  {'GPU': True, 'date_start': '2020-12-25 08:43:05.826894', 'complete_graph': [(0, 6), (2, 8), (4, 10), (12, 9), (14, 11), (16, 7), (15, 1), (17, 3), (13, 5), (1, 6), (3, 8), (5, 10), (7, 12), (9, 14), (11, 16), (13, 0), (15, 2), (17, 4), (1, 2), (3, 4), (5, 0), (8, 12), (10, 14), (6, 16), (7, 13), (9, 15), (11, 17), (0, 1), (2, 3), (4, 5), (6, 7), (8, 9), (10, 11), (12, 13), (14, 15), (16, 17)], 'init_layer': [(0, 1), (2, 3), (4, 5), (6, 7), (8, 9), (10, 11), (12, 13), (14, 15), (16, 17)], 'layers': [[(0, 6), (2, 8), (4, 10), (12, 9), (14, 11), (16, 7), (15, 1), (17, 3), (13, 5)], [(1, 6), (3, 8), (5, 10), (7, 12), (9, 14), (11, 16), (13, 0), (15, 2), (17, 4)], [(1, 2), (3, 4), (5, 0), (8, 12), (10, 14), (6, 16), (7, 13), (9, 15), (11, 17)], [(0, 1), (2, 3), (4, 5), (6, 7), (8, 9), (10, 11), (12, 13), (14, 15), (16, 17)]], 'n': 18}
...................................................................................................................................................................... 
==========================================================================================
Finished basinhopping of  /home/jorisk2/HVQE/data/kagome/periodic/own_graph/opl/infidelity/3x2 at 2020-12-25 08:45:41.920623 UTC, with
 
{'path': '/home/jorisk2/HVQE/data/kagome/periodic/own_graph/opl/infidelity/3x2', 'n_par': 36, 'par_multiplicity': 9, 'n_iter': 0, 'cost_fn': 'infidelity', 'temperature': 1.0, 'stepsize': 1.0, 'init_par': None, 'dump_interval': None}
init_par = [0.00019250341177549707, -0.0004954878995616024, -0.00025437017965199637, 2.1580035071457017e-05, -0.00047424727209440534, -0.0001889174598577397, 3.96479786491414e-05, 0.0002918788896136467, -0.0003370942396363727, 0.00012201799374640654, 0.0004756921890270298, -0.000496367536498401, -1.700447182897437e-05, 0.00042430073326003815, 6.018573803324978e-05, 0.000342430627123499, 6.420545721741618e-05, -0.0004849805194202035, 0.00012148567216729324, -1.1030320600232324e-05, -0.0002754772624757306, -0.00022536416513696902, -0.00047446015076937475, -3.9578693371980945e-05, -0.000422905892956418, -4.2179837238705763e-05, 0.00025386864392538564, 0.0003428235827434463, 0.00036920530719459544, -0.0004467643801728861, 3.120088974189041e-05, 0.00045557523324781326, 0.0003547568882146348, 0.00014535999350084026, -0.00015004912639334222, -0.0002595924231699852]
 
RESULTS:
--------
E_VQE = -7.72127465557682
inf_VQE = 0.4558510676081765
n_fn_calls = 166
Wall-clock time 0.0431867915391922 hours
 
For more output, see /home/jorisk2/HVQE/data/kagome/periodic/own_graph/opl/infidelity/3x2/output.txt
Plots of output saved in /home/jorisk2/HVQE/data/kagome/periodic/own_graph/opl/infidelity/3x2
End of HVQE.py
==========================================================================================
CuPy installation found, continuing using GPU acceleration.
having the CPUs {1, 5, 9, 13, 17, 21, 25, 29} available.
Started basinhopping at 2020-12-25 08:45:47.116491 UTC, with
command line arguments = {'path': '/home/jorisk2/HVQE/data/kagome/periodic/own_graph/opl/infidelity/3x2', 'n_par': 40, 'par_multiplicity': 9, 'n_iter': 0, 'cost_fn': 'infidelity', 'temperature': 1.0, 'stepsize': 1.0, 'init_par': None, 'dump_interval': None}
runtime variables =  {'GPU': True, 'date_start': '2020-12-25 08:45:47.116491', 'complete_graph': [(0, 6), (2, 8), (4, 10), (12, 9), (14, 11), (16, 7), (15, 1), (17, 3), (13, 5), (1, 6), (3, 8), (5, 10), (7, 12), (9, 14), (11, 16), (13, 0), (15, 2), (17, 4), (1, 2), (3, 4), (5, 0), (8, 12), (10, 14), (6, 16), (7, 13), (9, 15), (11, 17), (0, 1), (2, 3), (4, 5), (6, 7), (8, 9), (10, 11), (12, 13), (14, 15), (16, 17)], 'init_layer': [(0, 1), (2, 3), (4, 5), (6, 7), (8, 9), (10, 11), (12, 13), (14, 15), (16, 17)], 'layers': [[(0, 6), (2, 8), (4, 10), (12, 9), (14, 11), (16, 7), (15, 1), (17, 3), (13, 5)], [(1, 6), (3, 8), (5, 10), (7, 12), (9, 14), (11, 16), (13, 0), (15, 2), (17, 4)], [(1, 2), (3, 4), (5, 0), (8, 12), (10, 14), (6, 16), (7, 13), (9, 15), (11, 17)], [(0, 1), (2, 3), (4, 5), (6, 7), (8, 9), (10, 11), (12, 13), (14, 15), (16, 17)]], 'n': 18}
................................................................................................................................................................................................................................................................................................................. 
==========================================================================================
Finished basinhopping of  /home/jorisk2/HVQE/data/kagome/periodic/own_graph/opl/infidelity/3x2 at 2020-12-25 08:51:00.109802 UTC, with
 
{'path': '/home/jorisk2/HVQE/data/kagome/periodic/own_graph/opl/infidelity/3x2', 'n_par': 40, 'par_multiplicity': 9, 'n_iter': 0, 'cost_fn': 'infidelity', 'temperature': 1.0, 'stepsize': 1.0, 'init_par': None, 'dump_interval': None}
init_par = [-0.00041535526759797325, 0.0001358132436136821, -0.0002314816251919727, -0.0003103238026714437, 9.664222065015687e-05, -0.00014023172553597732, 0.00012898964474282752, 0.00024263814113715057, 0.0003639458939060066, -0.00025092656270268946, -1.8135500394812027e-05, 6.767747184122433e-05, 0.0001715299048879144, 0.00038559238386964606, 0.00033480054992863085, -5.839711891073322e-06, 8.57823207233156e-05, 0.0002550236925177602, 5.477983417476347e-05, -0.00010720925195505636, 5.833211293874161e-05, -0.00046188098013943903, -6.404035163500498e-05, 0.00014905001996833554, 0.0004263873371322097, 0.0003088168540046171, 0.0003655935539606576, -0.0003232833070927431, 0.00046833523169443865, -4.8974786457543155e-05, 0.00024791170435714094, -0.00010693565649366358, -6.907080609319492e-05, -0.00013086866571151892, -4.727051186152623e-05, 0.00044497675125795084, -0.0003205620120203843, -0.00023107559067486473, 0.00043307947084899473, -0.00010174035880489553]
 
RESULTS:
--------
E_VQE = -7.675779404433482
inf_VQE = 0.41717950965902884
n_fn_calls = 305
Wall-clock time 0.08675319174925486 hours
 
For more output, see /home/jorisk2/HVQE/data/kagome/periodic/own_graph/opl/infidelity/3x2/output.txt
Plots of output saved in /home/jorisk2/HVQE/data/kagome/periodic/own_graph/opl/infidelity/3x2
End of HVQE.py
==========================================================================================
CuPy installation found, continuing using GPU acceleration.
having the CPUs {1, 5, 9, 13, 17, 21, 25, 29} available.
Started basinhopping at 2020-12-25 08:51:04.849522 UTC, with
command line arguments = {'path': '/home/jorisk2/HVQE/data/kagome/periodic/own_graph/opl/infidelity/3x2', 'n_par': 44, 'par_multiplicity': 9, 'n_iter': 0, 'cost_fn': 'infidelity', 'temperature': 1.0, 'stepsize': 1.0, 'init_par': None, 'dump_interval': None}
runtime variables =  {'GPU': True, 'date_start': '2020-12-25 08:51:04.849522', 'complete_graph': [(0, 6), (2, 8), (4, 10), (12, 9), (14, 11), (16, 7), (15, 1), (17, 3), (13, 5), (1, 6), (3, 8), (5, 10), (7, 12), (9, 14), (11, 16), (13, 0), (15, 2), (17, 4), (1, 2), (3, 4), (5, 0), (8, 12), (10, 14), (6, 16), (7, 13), (9, 15), (11, 17), (0, 1), (2, 3), (4, 5), (6, 7), (8, 9), (10, 11), (12, 13), (14, 15), (16, 17)], 'init_layer': [(0, 1), (2, 3), (4, 5), (6, 7), (8, 9), (10, 11), (12, 13), (14, 15), (16, 17)], 'layers': [[(0, 6), (2, 8), (4, 10), (12, 9), (14, 11), (16, 7), (15, 1), (17, 3), (13, 5)], [(1, 6), (3, 8), (5, 10), (7, 12), (9, 14), (11, 16), (13, 0), (15, 2), (17, 4)], [(1, 2), (3, 4), (5, 0), (8, 12), (10, 14), (6, 16), (7, 13), (9, 15), (11, 17)], [(0, 1), (2, 3), (4, 5), (6, 7), (8, 9), (10, 11), (12, 13), (14, 15), (16, 17)]], 'n': 18}
................................................................................................................................................................................................... 
==========================================================================================
Finished basinhopping of  /home/jorisk2/HVQE/data/kagome/periodic/own_graph/opl/infidelity/3x2 at 2020-12-25 08:54:45.529777 UTC, with
 
{'path': '/home/jorisk2/HVQE/data/kagome/periodic/own_graph/opl/infidelity/3x2', 'n_par': 44, 'par_multiplicity': 9, 'n_iter': 0, 'cost_fn': 'infidelity', 'temperature': 1.0, 'stepsize': 1.0, 'init_par': None, 'dump_interval': None}
init_par = [0.00027077518362507826, 1.5186199003822142e-05, 0.00041025760463946005, -0.00012073145741949996, 0.0001167878582204637, -0.000378785008573451, 0.0004844739361915694, 0.0004434095660084868, -0.00011690603899978139, 0.00047634881883027694, 0.0001896572567302165, -0.0001513098598559137, -0.0001463031499089613, 0.00048759652146372883, 0.00043105695367802216, -5.2392909165674395e-05, -0.0003163312147559335, 0.00010161555033777838, 0.0002409285583994565, -0.000294250923972007, -5.3948768998131726e-05, -0.00036731385438968647, -0.0001374718474575473, -0.00026804040110865024, 0.0002903255113823257, -7.926316090678712e-05, 0.00047312443721992607, -0.00010631757655433442, 0.00020229631332221152, -0.00044413674125024974, -0.00011193051066463189, -0.0004478425422534794, 0.0003593261455916829, 9.3829147192288e-05, -0.00010464504674968843, -2.1293892817189186e-05, 2.450539851724554e-05, 0.00028170988775558757, -0.00013947283814216404, 5.652482110808828e-06, -1.078880519253013e-05, -1.6758755653580417e-05, 1.9375692409071888e-05, -5.848126061906543e-05]
 
RESULTS:
--------
E_VQE = -7.616040467038811
inf_VQE = 0.3990772960696438
n_fn_calls = 195
Wall-clock time 0.06111278507444594 hours
 
For more output, see /home/jorisk2/HVQE/data/kagome/periodic/own_graph/opl/infidelity/3x2/output.txt
Plots of output saved in /home/jorisk2/HVQE/data/kagome/periodic/own_graph/opl/infidelity/3x2
End of HVQE.py
==========================================================================================
CuPy installation found, continuing using GPU acceleration.
having the CPUs {1, 5, 9, 13, 17, 21, 25, 29} available.
Started basinhopping at 2020-12-25 08:54:50.294348 UTC, with
command line arguments = {'path': '/home/jorisk2/HVQE/data/kagome/periodic/own_graph/opl/infidelity/3x2', 'n_par': 48, 'par_multiplicity': 9, 'n_iter': 0, 'cost_fn': 'infidelity', 'temperature': 1.0, 'stepsize': 1.0, 'init_par': None, 'dump_interval': None}
runtime variables =  {'GPU': True, 'date_start': '2020-12-25 08:54:50.294348', 'complete_graph': [(0, 6), (2, 8), (4, 10), (12, 9), (14, 11), (16, 7), (15, 1), (17, 3), (13, 5), (1, 6), (3, 8), (5, 10), (7, 12), (9, 14), (11, 16), (13, 0), (15, 2), (17, 4), (1, 2), (3, 4), (5, 0), (8, 12), (10, 14), (6, 16), (7, 13), (9, 15), (11, 17), (0, 1), (2, 3), (4, 5), (6, 7), (8, 9), (10, 11), (12, 13), (14, 15), (16, 17)], 'init_layer': [(0, 1), (2, 3), (4, 5), (6, 7), (8, 9), (10, 11), (12, 13), (14, 15), (16, 17)], 'layers': [[(0, 6), (2, 8), (4, 10), (12, 9), (14, 11), (16, 7), (15, 1), (17, 3), (13, 5)], [(1, 6), (3, 8), (5, 10), (7, 12), (9, 14), (11, 16), (13, 0), (15, 2), (17, 4)], [(1, 2), (3, 4), (5, 0), (8, 12), (10, 14), (6, 16), (7, 13), (9, 15), (11, 17)], [(0, 1), (2, 3), (4, 5), (6, 7), (8, 9), (10, 11), (12, 13), (14, 15), (16, 17)]], 'n': 18}
.................................................................................................................................................................................................................................................... 
==========================================================================================
Finished basinhopping of  /home/jorisk2/HVQE/data/kagome/periodic/own_graph/opl/infidelity/3x2 at 2020-12-25 08:59:55.678996 UTC, with
 
{'path': '/home/jorisk2/HVQE/data/kagome/periodic/own_graph/opl/infidelity/3x2', 'n_par': 48, 'par_multiplicity': 9, 'n_iter': 0, 'cost_fn': 'infidelity', 'temperature': 1.0, 'stepsize': 1.0, 'init_par': None, 'dump_interval': None}
init_par = [6.832493429473807e-05, 0.0002884649447728922, -0.0001001242187079363, 5.363302756313231e-05, -0.00016285835965708308, 0.0003886604915388527, 0.0002116760705918561, 0.0002068406831206434, -0.0004675624448538158, 0.000127533657522736, 0.00021603977760606744, 0.00018621681637398003, -0.0004283989386089042, 3.528198809595615e-05, -6.576981659104253e-05, -0.00017448202951325556, 0.0003267310274864528, 0.0002505823261329985, 7.140404979832948e-05, -0.000498753147141205, 2.71736222835357e-05, 0.00013399584733202413, 0.00028271583350783177, 0.00015209573464394462, 1.6322938630285405e-05, 0.00019625424685495497, 0.00021947401861634533, -6.990394387292151e-06, 0.0003328855595169135, -0.00012658080859538824, -0.00041577404052543234, 0.00045126339688321393, -8.039394344601792e-05, -0.0004231351635464501, 6.496363346586117e-05, 0.0002743974578535938, 0.0004511414019349939, -0.00015023564710644447, 0.00013864086811928315, 0.00016836971973747895, 0.0001367042198247801, -0.00013753462824567356, -8.970457250701572e-05, 0.00035155475762654767, 0.00030450860442266447, -0.00043716162822248807, 0.0002407277061128733, 0.00047286306512581665]
 
RESULTS:
--------
E_VQE = -7.5700346406066945
inf_VQE = 0.32332846940277615
n_fn_calls = 244
Wall-clock time 0.08462132546636793 hours
 
For more output, see /home/jorisk2/HVQE/data/kagome/periodic/own_graph/opl/infidelity/3x2/output.txt
Plots of output saved in /home/jorisk2/HVQE/data/kagome/periodic/own_graph/opl/infidelity/3x2
End of HVQE.py
==========================================================================================
CuPy installation found, continuing using GPU acceleration.
having the CPUs {1, 5, 9, 13, 17, 21, 25, 29} available.
Started basinhopping at 2020-12-25 08:59:57.822539 UTC, with
command line arguments = {'path': '/home/jorisk2/HVQE/data/kagome/periodic/own_graph/opl/infidelity/3x2', 'n_par': 52, 'par_multiplicity': 9, 'n_iter': 0, 'cost_fn': 'infidelity', 'temperature': 1.0, 'stepsize': 1.0, 'init_par': None, 'dump_interval': None}
runtime variables =  {'GPU': True, 'date_start': '2020-12-25 08:59:57.822539', 'complete_graph': [(0, 6), (2, 8), (4, 10), (12, 9), (14, 11), (16, 7), (15, 1), (17, 3), (13, 5), (1, 6), (3, 8), (5, 10), (7, 12), (9, 14), (11, 16), (13, 0), (15, 2), (17, 4), (1, 2), (3, 4), (5, 0), (8, 12), (10, 14), (6, 16), (7, 13), (9, 15), (11, 17), (0, 1), (2, 3), (4, 5), (6, 7), (8, 9), (10, 11), (12, 13), (14, 15), (16, 17)], 'init_layer': [(0, 1), (2, 3), (4, 5), (6, 7), (8, 9), (10, 11), (12, 13), (14, 15), (16, 17)], 'layers': [[(0, 6), (2, 8), (4, 10), (12, 9), (14, 11), (16, 7), (15, 1), (17, 3), (13, 5)], [(1, 6), (3, 8), (5, 10), (7, 12), (9, 14), (11, 16), (13, 0), (15, 2), (17, 4)], [(1, 2), (3, 4), (5, 0), (8, 12), (10, 14), (6, 16), (7, 13), (9, 15), (11, 17)], [(0, 1), (2, 3), (4, 5), (6, 7), (8, 9), (10, 11), (12, 13), (14, 15), (16, 17)]], 'n': 18}
......................................................................................................................................................................................................................................................................................................................................................................................... 
==========================================================================================
Finished basinhopping of  /home/jorisk2/HVQE/data/kagome/periodic/own_graph/opl/infidelity/3x2 at 2020-12-25 09:09:02.139582 UTC, with
 
{'path': '/home/jorisk2/HVQE/data/kagome/periodic/own_graph/opl/infidelity/3x2', 'n_par': 52, 'par_multiplicity': 9, 'n_iter': 0, 'cost_fn': 'infidelity', 'temperature': 1.0, 'stepsize': 1.0, 'init_par': None, 'dump_interval': None}
init_par = [7.347242580904589e-05, 0.00014786161441874104, -0.00021764669443727135, -0.00013051637768318313, -0.0004910024069442546, 5.408406872071123e-05, -0.00036253958321785074, 0.00020929484515401617, -9.98466508952837e-05, 0.0002390841826889527, -0.00028177299690756573, -0.00022984208820904582, 0.00016262027339107815, -0.00012332706277107052, 0.0004570221778371649, 0.00017104113827979314, 6.599749495354629e-05, -0.0003719253935233403, 0.0004346548519177577, -3.725687443653338e-05, -6.540474391938055e-05, -0.00048692323921725603, -0.0004525425132088644, 9.437887813602103e-05, 0.00012469937996560068, 0.0002274064771405418, -2.4662264021748205e-05, 0.0004876101650315289, 1.4123393973347652e-05, -0.00025911193076017414, 0.00048772047091961783, 4.970856000371883e-05, -7.670515503572129e-05, 0.00023187893041589996, -0.00046146748429810305, 9.535775872359959e-05, -0.00011996856612202591, -8.696477992825981e-05, 0.00017890457644586242, -0.00036458383518507434, 0.00024413299191564477, 7.807571755473648e-05, -1.2167231569131052e-06, -0.00024346974846372574, -0.00022175725362134647, 0.0003993410851649984, 0.0003416970206674316, 0.0003094613968290563, 0.00019675033765803205, -0.0001743130190949569, -0.00048145847845759595, -0.00020341488909392328]
 
RESULTS:
--------
E_VQE = -7.593789727383036
inf_VQE = 0.29858088476806066
n_fn_calls = 377
Wall-clock time 0.15097128993935055 hours
 
For more output, see /home/jorisk2/HVQE/data/kagome/periodic/own_graph/opl/infidelity/3x2/output.txt
Plots of output saved in /home/jorisk2/HVQE/data/kagome/periodic/own_graph/opl/infidelity/3x2
End of HVQE.py
==========================================================================================
CuPy installation found, continuing using GPU acceleration.
having the CPUs {1, 5, 9, 13, 17, 21, 25, 29} available.
Started basinhopping at 2020-12-25 09:09:06.940669 UTC, with
command line arguments = {'path': '/home/jorisk2/HVQE/data/kagome/periodic/own_graph/opl/infidelity/3x2', 'n_par': 56, 'par_multiplicity': 9, 'n_iter': 0, 'cost_fn': 'infidelity', 'temperature': 1.0, 'stepsize': 1.0, 'init_par': None, 'dump_interval': None}
runtime variables =  {'GPU': True, 'date_start': '2020-12-25 09:09:06.940669', 'complete_graph': [(0, 6), (2, 8), (4, 10), (12, 9), (14, 11), (16, 7), (15, 1), (17, 3), (13, 5), (1, 6), (3, 8), (5, 10), (7, 12), (9, 14), (11, 16), (13, 0), (15, 2), (17, 4), (1, 2), (3, 4), (5, 0), (8, 12), (10, 14), (6, 16), (7, 13), (9, 15), (11, 17), (0, 1), (2, 3), (4, 5), (6, 7), (8, 9), (10, 11), (12, 13), (14, 15), (16, 17)], 'init_layer': [(0, 1), (2, 3), (4, 5), (6, 7), (8, 9), (10, 11), (12, 13), (14, 15), (16, 17)], 'layers': [[(0, 6), (2, 8), (4, 10), (12, 9), (14, 11), (16, 7), (15, 1), (17, 3), (13, 5)], [(1, 6), (3, 8), (5, 10), (7, 12), (9, 14), (11, 16), (13, 0), (15, 2), (17, 4)], [(1, 2), (3, 4), (5, 0), (8, 12), (10, 14), (6, 16), (7, 13), (9, 15), (11, 17)], [(0, 1), (2, 3), (4, 5), (6, 7), (8, 9), (10, 11), (12, 13), (14, 15), (16, 17)]], 'n': 18}
............................................................................................................................................................................................................................................................................................................................................................................................................................................................................................................... 
==========================================================================================
Finished basinhopping of  /home/jorisk2/HVQE/data/kagome/periodic/own_graph/opl/infidelity/3x2 at 2020-12-25 09:21:06.627846 UTC, with
 
{'path': '/home/jorisk2/HVQE/data/kagome/periodic/own_graph/opl/infidelity/3x2', 'n_par': 56, 'par_multiplicity': 9, 'n_iter': 0, 'cost_fn': 'infidelity', 'temperature': 1.0, 'stepsize': 1.0, 'init_par': None, 'dump_interval': None}
init_par = [0.0004923426167331281, 0.0004361625982511223, 0.0003303203315037468, -0.00020188921797893532, 0.00018474376587448863, -0.00026771130637710816, -0.0002835708614683834, 0.00043010196734134115, 3.734811318930134e-05, -0.0004548157834457035, -0.00023677684889777527, -0.0004835434121551854, -6.322993162781454e-05, 0.00017866953291928, -0.00011237617107756717, 4.052717204814098e-05, -0.00019894724593436743, 2.1544641098154567e-05, -0.00012513889736154651, -0.00024263799166545274, 0.00022310135402344008, -0.00042044944916101425, -0.000416733511575625, 5.6700433607682985e-05, -0.00030598343016817117, 0.0003337906774378501, -0.00023368720383671574, -0.00020636934940596854, -0.0003372454702169416, -0.00011888806530295482, 0.00041037737331737036, 0.00028860880933002865, 0.00013276001687577128, -0.00042339804609026443, 0.0002064871424186783, 0.0004592775003077349, -4.241704641304712e-05, 0.00010880149681137638, 0.0003229294622478331, 0.000447431793155833, -0.00023806004264976323, -0.00030887964147696093, -0.00031851225420162586, -0.0003490471022566164, -0.00012821266384619215, 5.0211879175321395e-05, 0.00027669209274096154, -2.6220926161764553e-05, 0.00027548022483351784, 0.00030376724323202223, -1.7410770302738517e-05, 1.4424192050323096e-05, -0.00014592648630443785, 0.0001725741855736865, -0.000341884534342824, -0.0002878010245471895]
 
RESULTS:
--------
E_VQE = -7.547556792291932
inf_VQE = 0.35732994781730143
n_fn_calls = 495
Wall-clock time 0.19968302408854166 hours
 
For more output, see /home/jorisk2/HVQE/data/kagome/periodic/own_graph/opl/infidelity/3x2/output.txt
Plots of output saved in /home/jorisk2/HVQE/data/kagome/periodic/own_graph/opl/infidelity/3x2
End of HVQE.py
==========================================================================================
CuPy installation found, continuing using GPU acceleration.
having the CPUs {1, 5, 9, 13, 17, 21, 25, 29} available.
Started basinhopping at 2020-12-25 09:21:11.431020 UTC, with
command line arguments = {'path': '/home/jorisk2/HVQE/data/kagome/periodic/own_graph/opl/infidelity/3x2', 'n_par': 60, 'par_multiplicity': 9, 'n_iter': 0, 'cost_fn': 'infidelity', 'temperature': 1.0, 'stepsize': 1.0, 'init_par': None, 'dump_interval': None}
runtime variables =  {'GPU': True, 'date_start': '2020-12-25 09:21:11.431020', 'complete_graph': [(0, 6), (2, 8), (4, 10), (12, 9), (14, 11), (16, 7), (15, 1), (17, 3), (13, 5), (1, 6), (3, 8), (5, 10), (7, 12), (9, 14), (11, 16), (13, 0), (15, 2), (17, 4), (1, 2), (3, 4), (5, 0), (8, 12), (10, 14), (6, 16), (7, 13), (9, 15), (11, 17), (0, 1), (2, 3), (4, 5), (6, 7), (8, 9), (10, 11), (12, 13), (14, 15), (16, 17)], 'init_layer': [(0, 1), (2, 3), (4, 5), (6, 7), (8, 9), (10, 11), (12, 13), (14, 15), (16, 17)], 'layers': [[(0, 6), (2, 8), (4, 10), (12, 9), (14, 11), (16, 7), (15, 1), (17, 3), (13, 5)], [(1, 6), (3, 8), (5, 10), (7, 12), (9, 14), (11, 16), (13, 0), (15, 2), (17, 4)], [(1, 2), (3, 4), (5, 0), (8, 12), (10, 14), (6, 16), (7, 13), (9, 15), (11, 17)], [(0, 1), (2, 3), (4, 5), (6, 7), (8, 9), (10, 11), (12, 13), (14, 15), (16, 17)]], 'n': 18}
.................................................................................................................................................................................................................................................................................................................................................................. 
==========================================================================================
Finished basinhopping of  /home/jorisk2/HVQE/data/kagome/periodic/own_graph/opl/infidelity/3x2 at 2020-12-25 09:30:33.252247 UTC, with
 
{'path': '/home/jorisk2/HVQE/data/kagome/periodic/own_graph/opl/infidelity/3x2', 'n_par': 60, 'par_multiplicity': 9, 'n_iter': 0, 'cost_fn': 'infidelity', 'temperature': 1.0, 'stepsize': 1.0, 'init_par': None, 'dump_interval': None}
init_par = [-0.0003672505455929963, -9.437412787522017e-05, -2.4638710683110292e-05, -8.859609622692002e-05, -2.4564844723866245e-05, -6.891762803675638e-05, -0.0002514594271086529, -1.2946053234400186e-07, 0.00042772216311381115, -0.0002801711834177037, 5.651404866209965e-06, -7.384437995664183e-05, 0.00035051516019702137, -0.0004259045474305966, 2.9286342914779475e-05, 6.209395045722176e-05, 0.00017434088945622096, -0.000253646486522542, -0.0003914062226600097, 0.00045030759889194835, 4.9425882670930455e-05, -0.00022410399927237933, -0.0001621925798937146, -0.0004583020229372753, 0.00017883324112762946, -4.1856332743539265e-05, 0.00030893086308594246, -0.00028721939602566085, -0.00040368245154760984, -0.00020376569156938288, -0.0003710712517277691, 0.00021590190706795103, 0.000167030011553974, 0.00025632788185031596, -0.00012825129447204453, -0.0001727418510793322, -0.00023357327659485796, -0.0003276179129902083, 0.0002095329460862096, 0.0004589041779576224, -8.25684174057806e-06, -5.3773888869929065e-06, 0.0004918011224242639, -6.428202273181207e-05, -4.2720275228074866e-05, 0.00038441123908147334, 0.00019149254244709942, -0.0004327430517556934, 0.0004868217107161395, 0.0002942699818351092, -0.00014462312788439912, -0.000365203341569861, -0.0004031217441214336, -3.559466381137247e-05, -0.00046620722538445205, 0.00028300847345088533, -0.0002943300550499186, 8.994058087993047e-05, 0.00025851069919977814, -0.0004200533083349509]
 
RESULTS:
--------
E_VQE = -7.565863411066489
inf_VQE = 0.2938456424218798
n_fn_calls = 354
Wall-clock time 0.15581727041138543 hours
 
For more output, see /home/jorisk2/HVQE/data/kagome/periodic/own_graph/opl/infidelity/3x2/output.txt
Plots of output saved in /home/jorisk2/HVQE/data/kagome/periodic/own_graph/opl/infidelity/3x2
End of HVQE.py
==========================================================================================
CuPy installation found, continuing using GPU acceleration.
having the CPUs {1, 5, 9, 13, 17, 21, 25, 29} available.
Started basinhopping at 2020-12-25 09:30:35.289952 UTC, with
command line arguments = {'path': '/home/jorisk2/HVQE/data/kagome/periodic/own_graph/opl/infidelity/3x2', 'n_par': 64, 'par_multiplicity': 9, 'n_iter': 0, 'cost_fn': 'infidelity', 'temperature': 1.0, 'stepsize': 1.0, 'init_par': None, 'dump_interval': None}
runtime variables =  {'GPU': True, 'date_start': '2020-12-25 09:30:35.289952', 'complete_graph': [(0, 6), (2, 8), (4, 10), (12, 9), (14, 11), (16, 7), (15, 1), (17, 3), (13, 5), (1, 6), (3, 8), (5, 10), (7, 12), (9, 14), (11, 16), (13, 0), (15, 2), (17, 4), (1, 2), (3, 4), (5, 0), (8, 12), (10, 14), (6, 16), (7, 13), (9, 15), (11, 17), (0, 1), (2, 3), (4, 5), (6, 7), (8, 9), (10, 11), (12, 13), (14, 15), (16, 17)], 'init_layer': [(0, 1), (2, 3), (4, 5), (6, 7), (8, 9), (10, 11), (12, 13), (14, 15), (16, 17)], 'layers': [[(0, 6), (2, 8), (4, 10), (12, 9), (14, 11), (16, 7), (15, 1), (17, 3), (13, 5)], [(1, 6), (3, 8), (5, 10), (7, 12), (9, 14), (11, 16), (13, 0), (15, 2), (17, 4)], [(1, 2), (3, 4), (5, 0), (8, 12), (10, 14), (6, 16), (7, 13), (9, 15), (11, 17)], [(0, 1), (2, 3), (4, 5), (6, 7), (8, 9), (10, 11), (12, 13), (14, 15), (16, 17)]], 'n': 18}
................................................................................................................................................................................................................................................................................................................................................ 
==========================================================================================
Finished basinhopping of  /home/jorisk2/HVQE/data/kagome/periodic/own_graph/opl/infidelity/3x2 at 2020-12-25 09:40:11.083466 UTC, with
 
{'path': '/home/jorisk2/HVQE/data/kagome/periodic/own_graph/opl/infidelity/3x2', 'n_par': 64, 'par_multiplicity': 9, 'n_iter': 0, 'cost_fn': 'infidelity', 'temperature': 1.0, 'stepsize': 1.0, 'init_par': None, 'dump_interval': None}
init_par = [-0.00019285998305636367, 0.0002739077623517851, -0.00039839440382206595, 0.00032948202090818553, -1.9429393028681276e-06, 0.0004013899448293216, -0.00010688082197113949, -0.000294090399319957, -0.00021653923351623296, 3.530615533470856e-05, -0.00011040778487457313, 0.00020790212380042883, -0.00014705568095552135, -0.00032072853026125683, -0.000344027659253568, 0.00027950378743304754, -0.00027548464520803207, 0.00013924692884006312, -0.00038968330218994786, 5.090447277748551e-05, -0.00030500997991996545, -0.00043350837840274093, -0.00024814397550916215, 0.00027682702108834786, 8.092945502709639e-05, 0.000448591007725633, -5.457511777294435e-05, 0.0001387310255657856, -4.907528462097532e-05, -0.00026655636670573483, 0.0004370585954834109, -0.00048649734745866927, 0.00019299080726355167, -9.010025669384903e-05, 0.0004961607361977601, 0.0004301947325849124, 0.0002938869247130284, -0.0004294488552694732, -0.0004920490685171173, 3.9616225155778375e-05, -0.0004272520955140623, 0.00040821226106487786, 0.00025116679971853124, -9.738654503429946e-05, -0.0002706650423335334, 0.0002738692207841514, -0.00037714659255954876, 0.0004245410950055672, 0.00046150532614021875, 0.0002210636390728248, -0.00041360679510170416, 0.0004334500827443562, 0.0002184957840060931, -0.00018568390646203604, -0.0004314044788082466, 0.00027273842906322095, 0.0004602841981243711, 0.0003470505170637357, -0.00027207492894917287, 6.11992880782512e-05, 0.00019140830926294675, 0.00025650483429893154, -0.0004025553014301049, 0.0003416227201589199]
 
RESULTS:
--------
E_VQE = -7.60594530598756
inf_VQE = 0.23005640577591424
n_fn_calls = 336
Wall-clock time 0.15968017882770963 hours
 
For more output, see /home/jorisk2/HVQE/data/kagome/periodic/own_graph/opl/infidelity/3x2/output.txt
Plots of output saved in /home/jorisk2/HVQE/data/kagome/periodic/own_graph/opl/infidelity/3x2
End of HVQE.py
==========================================================================================
CuPy installation found, continuing using GPU acceleration.
having the CPUs {1, 5, 9, 13, 17, 21, 25, 29} available.
Started basinhopping at 2020-12-25 09:40:16.255009 UTC, with
command line arguments = {'path': '/home/jorisk2/HVQE/data/kagome/periodic/own_graph/opl/infidelity/3x2', 'n_par': 68, 'par_multiplicity': 9, 'n_iter': 0, 'cost_fn': 'infidelity', 'temperature': 1.0, 'stepsize': 1.0, 'init_par': None, 'dump_interval': None}
runtime variables =  {'GPU': True, 'date_start': '2020-12-25 09:40:16.255009', 'complete_graph': [(0, 6), (2, 8), (4, 10), (12, 9), (14, 11), (16, 7), (15, 1), (17, 3), (13, 5), (1, 6), (3, 8), (5, 10), (7, 12), (9, 14), (11, 16), (13, 0), (15, 2), (17, 4), (1, 2), (3, 4), (5, 0), (8, 12), (10, 14), (6, 16), (7, 13), (9, 15), (11, 17), (0, 1), (2, 3), (4, 5), (6, 7), (8, 9), (10, 11), (12, 13), (14, 15), (16, 17)], 'init_layer': [(0, 1), (2, 3), (4, 5), (6, 7), (8, 9), (10, 11), (12, 13), (14, 15), (16, 17)], 'layers': [[(0, 6), (2, 8), (4, 10), (12, 9), (14, 11), (16, 7), (15, 1), (17, 3), (13, 5)], [(1, 6), (3, 8), (5, 10), (7, 12), (9, 14), (11, 16), (13, 0), (15, 2), (17, 4)], [(1, 2), (3, 4), (5, 0), (8, 12), (10, 14), (6, 16), (7, 13), (9, 15), (11, 17)], [(0, 1), (2, 3), (4, 5), (6, 7), (8, 9), (10, 11), (12, 13), (14, 15), (16, 17)]], 'n': 18}
................................................................................................................................................................................................................................................................................................ 
==========================================================================================
Finished basinhopping of  /home/jorisk2/HVQE/data/kagome/periodic/own_graph/opl/infidelity/3x2 at 2020-12-25 09:48:45.846562 UTC, with
 
{'path': '/home/jorisk2/HVQE/data/kagome/periodic/own_graph/opl/infidelity/3x2', 'n_par': 68, 'par_multiplicity': 9, 'n_iter': 0, 'cost_fn': 'infidelity', 'temperature': 1.0, 'stepsize': 1.0, 'init_par': None, 'dump_interval': None}
init_par = [-0.0004752757465257611, 6.776925276315423e-05, -0.00020711532290635526, -0.0001887281991757598, 0.00025834745186973653, -8.552225079428333e-05, -8.958875841670746e-05, 0.0004629040655054715, 0.00040048621050231645, -0.0004623685051652973, 0.0004166065764799465, 0.0001824282650037314, 0.0004031473643678138, -2.1656110506343873e-05, 0.00015786258815442896, 0.00020687878380859926, 4.8817018229668904e-05, 0.0002033421183181834, 0.00037368264793789015, -0.00040848125044339257, -0.00032151102687689705, 0.0004161430544711203, -0.00014916360546773835, -0.00047814304278286334, 0.0001240338656991136, 0.00011746145707190964, 0.00039671593883258097, -0.00044559722329785015, -0.00022310898266651193, -0.0002537802861744408, 0.00022030709401873994, -9.965044558980064e-05, 0.0004559971009858171, 0.0004537184292282859, -0.00042800970742734747, -0.0004784570319431917, 0.00046712510229535815, 0.0001297664360510308, -0.00010637625763490732, 0.0002421182412745156, -0.0002766903012409284, 0.00011139132996096065, 0.00043412602736057557, 0.00028380387441379344, -6.9632742742008116e-06, -8.246953212720076e-05, -3.490863309132952e-05, -0.000436330150072746, 0.00023791607624246646, -0.0002827707234589925, -4.849972087330281e-05, 9.722779731561096e-05, -0.0003657461263591724, -0.00016157557732115715, -5.475039210978139e-05, 0.0004536136271773223, -0.0003417093276113169, 0.0003313262779104379, 0.00041406940653938623, 0.0002052400044930061, 0.00040690337099431027, -0.0003574929575386394, -0.00026071707455682257, -0.0003807587668719686, -0.0002373065572214452, -0.00037849449439159656, 0.0004341042524963034, -0.00020316861094456386]
 
RESULTS:
--------
E_VQE = -7.599330722351535
inf_VQE = 0.3541554430266012
n_fn_calls = 288
Wall-clock time 0.14129980358812544 hours
 
For more output, see /home/jorisk2/HVQE/data/kagome/periodic/own_graph/opl/infidelity/3x2/output.txt
Plots of output saved in /home/jorisk2/HVQE/data/kagome/periodic/own_graph/opl/infidelity/3x2
End of HVQE.py
==========================================================================================
CuPy installation found, continuing using GPU acceleration.
having the CPUs {1, 5, 9, 13, 17, 21, 25, 29} available.
Started basinhopping at 2020-12-25 09:48:50.903457 UTC, with
command line arguments = {'path': '/home/jorisk2/HVQE/data/kagome/periodic/own_graph/opl/infidelity/3x2', 'n_par': 72, 'par_multiplicity': 9, 'n_iter': 0, 'cost_fn': 'infidelity', 'temperature': 1.0, 'stepsize': 1.0, 'init_par': None, 'dump_interval': None}
runtime variables =  {'GPU': True, 'date_start': '2020-12-25 09:48:50.903457', 'complete_graph': [(0, 6), (2, 8), (4, 10), (12, 9), (14, 11), (16, 7), (15, 1), (17, 3), (13, 5), (1, 6), (3, 8), (5, 10), (7, 12), (9, 14), (11, 16), (13, 0), (15, 2), (17, 4), (1, 2), (3, 4), (5, 0), (8, 12), (10, 14), (6, 16), (7, 13), (9, 15), (11, 17), (0, 1), (2, 3), (4, 5), (6, 7), (8, 9), (10, 11), (12, 13), (14, 15), (16, 17)], 'init_layer': [(0, 1), (2, 3), (4, 5), (6, 7), (8, 9), (10, 11), (12, 13), (14, 15), (16, 17)], 'layers': [[(0, 6), (2, 8), (4, 10), (12, 9), (14, 11), (16, 7), (15, 1), (17, 3), (13, 5)], [(1, 6), (3, 8), (5, 10), (7, 12), (9, 14), (11, 16), (13, 0), (15, 2), (17, 4)], [(1, 2), (3, 4), (5, 0), (8, 12), (10, 14), (6, 16), (7, 13), (9, 15), (11, 17)], [(0, 1), (2, 3), (4, 5), (6, 7), (8, 9), (10, 11), (12, 13), (14, 15), (16, 17)]], 'n': 18}
......................................................................................................................................................................................................................................................................................................................................................................................................................................... 
==========================================================================================
Finished basinhopping of  /home/jorisk2/HVQE/data/kagome/periodic/own_graph/opl/infidelity/3x2 at 2020-12-25 10:02:13.252478 UTC, with
 
{'path': '/home/jorisk2/HVQE/data/kagome/periodic/own_graph/opl/infidelity/3x2', 'n_par': 72, 'par_multiplicity': 9, 'n_iter': 0, 'cost_fn': 'infidelity', 'temperature': 1.0, 'stepsize': 1.0, 'init_par': None, 'dump_interval': None}
init_par = [-3.5554472617372896e-05, -0.000283787379817089, 0.0004245440770642996, 0.0003203199614843214, -0.0004770961749129431, 0.0003101121671588564, 0.00015999413718252044, -0.00011069129654885936, 0.0003720372452526671, 0.0003931479544238474, -0.00038422756369436176, 0.00023009453435320895, 0.00021596019269351909, -0.00014767276620274953, -0.00040951693172306026, -8.890558724853882e-05, -0.00032541897817722244, -0.00010604954863327655, -0.00020995783261685278, -0.0001700975284843912, -0.00041010241000511116, -0.00040314428277504603, -0.00041465387098360774, 0.0003214531934521529, 0.0004210779269303704, 0.00027266281684549447, 0.0003456635483100385, -0.0004497789762333447, 7.172385452293287e-05, 0.00018342234371049434, 0.00024590556284228584, 0.0003489041896163266, -0.00011286083623105646, -0.0003887008579846497, -0.0004087566149374188, 0.0004683317649386209, -0.0003707575108937802, -0.00027261583115862156, 0.00016466761595368775, -1.8023063633469628e-05, 0.0002552127458491999, 0.00030954841062166773, -8.834380226796859e-05, -9.800338079305132e-06, 0.00018173915838462734, 0.000311370629384777, 0.000489537265163966, -0.0004631059161356027, -0.00015898549975096977, -0.00027915421925949716, -9.043118776724823e-05, -0.0003103365888097875, 0.00013061808154387884, 0.00035235503800008425, -0.00019018470993514667, -0.0004999573477345577, 0.000206456548159573, 1.3101565969054997e-06, 0.00018293949850123207, -0.00032069577737086464, 1.4315355363815185e-05, -6.909717718617541e-06, 0.0002912752669503206, -0.00034473285317975226, -8.133488479440876e-05, -0.00014474908394720857, 0.00014285634808683097, -0.00027165228584575, -8.292252803458869e-05, -3.605448024748413e-05, -0.00043078029725808476, 0.00048757944262877557]
 
RESULTS:
--------
E_VQE = -7.6847423870383675
inf_VQE = 0.21996409791332328
n_fn_calls = 425
Wall-clock time 0.22260325186782415 hours
 
For more output, see /home/jorisk2/HVQE/data/kagome/periodic/own_graph/opl/infidelity/3x2/output.txt
Plots of output saved in /home/jorisk2/HVQE/data/kagome/periodic/own_graph/opl/infidelity/3x2
End of HVQE.py
==========================================================================================
CuPy installation found, continuing using GPU acceleration.
having the CPUs {1, 5, 9, 13, 17, 21, 25, 29} available.
Started basinhopping at 2020-12-25 10:02:18.192946 UTC, with
command line arguments = {'path': '/home/jorisk2/HVQE/data/kagome/periodic/own_graph/opl/infidelity/3x2', 'n_par': 76, 'par_multiplicity': 9, 'n_iter': 0, 'cost_fn': 'infidelity', 'temperature': 1.0, 'stepsize': 1.0, 'init_par': None, 'dump_interval': None}
runtime variables =  {'GPU': True, 'date_start': '2020-12-25 10:02:18.192946', 'complete_graph': [(0, 6), (2, 8), (4, 10), (12, 9), (14, 11), (16, 7), (15, 1), (17, 3), (13, 5), (1, 6), (3, 8), (5, 10), (7, 12), (9, 14), (11, 16), (13, 0), (15, 2), (17, 4), (1, 2), (3, 4), (5, 0), (8, 12), (10, 14), (6, 16), (7, 13), (9, 15), (11, 17), (0, 1), (2, 3), (4, 5), (6, 7), (8, 9), (10, 11), (12, 13), (14, 15), (16, 17)], 'init_layer': [(0, 1), (2, 3), (4, 5), (6, 7), (8, 9), (10, 11), (12, 13), (14, 15), (16, 17)], 'layers': [[(0, 6), (2, 8), (4, 10), (12, 9), (14, 11), (16, 7), (15, 1), (17, 3), (13, 5)], [(1, 6), (3, 8), (5, 10), (7, 12), (9, 14), (11, 16), (13, 0), (15, 2), (17, 4)], [(1, 2), (3, 4), (5, 0), (8, 12), (10, 14), (6, 16), (7, 13), (9, 15), (11, 17)], [(0, 1), (2, 3), (4, 5), (6, 7), (8, 9), (10, 11), (12, 13), (14, 15), (16, 17)]], 'n': 18}
............................................................................................................................................................................................................................................................................................................................................................................................................................................................................................................. 
==========================================================================================
Finished basinhopping of  /home/jorisk2/HVQE/data/kagome/periodic/own_graph/opl/infidelity/3x2 at 2020-12-25 10:19:03.946910 UTC, with
 
{'path': '/home/jorisk2/HVQE/data/kagome/periodic/own_graph/opl/infidelity/3x2', 'n_par': 76, 'par_multiplicity': 9, 'n_iter': 0, 'cost_fn': 'infidelity', 'temperature': 1.0, 'stepsize': 1.0, 'init_par': None, 'dump_interval': None}
init_par = [0.00010510034306803807, 0.0004724213290836077, -0.0003803471833596213, -0.0002913120276877942, 0.00013878765121436805, 0.00044458171692368577, -2.8537541502459275e-05, 0.0004729510232436841, 0.00027116837218202805, -0.0003443293535636075, -3.6559982371774395e-05, -0.0003789942693677928, 4.784417180438605e-05, 0.00035348890848798243, -0.00038737216548243036, 0.00014941573591317043, 0.0004314375653920523, 5.0719519494243155e-05, 0.00010355808417470325, 0.0001976485645874532, -0.00019099964940151115, 0.0002163672680041386, 0.0004128199604741523, -0.00048475461609997675, -0.0003755133291914231, -7.234720720000884e-06, 0.00020886906160876159, -0.00042167590000685674, -0.0002821095285909657, -0.0004165490645570137, -0.00014711365240233223, -0.0001429826720156038, 0.00033813203185382014, -6.68722405074997e-07, -0.0003430592881265707, 0.00032434601569454114, 0.00011635484165790195, 0.0001804237523273884, -0.0004901407926523057, -0.00041608639711568097, -0.00038026003350506525, -0.0003138451659922641, 0.00038534264641802566, 0.00030934354179857715, -0.00011764522813590772, 3.567933950137964e-05, 0.0001527309488710834, -0.0002686396545973979, 0.00027543269169772193, -7.948554193731242e-05, 0.0003937961131362538, -5.900007189139239e-06, 5.132926381423014e-05, 0.00018757019259693793, 0.00023830768999664564, -0.0003596885229934618, -0.0003166089453053656, 0.0004282521826975863, -0.0004841929112866219, -0.0001140623557835373, 0.0003808404493042557, -0.00026362038160196563, 0.0004889645930687865, -0.0003052691989935862, 0.0004590315252550344, 0.0004931446815129375, 5.845143380474175e-05, 0.00046601940693162525, 3.1859704640259086e-05, 0.00013478501187164072, -1.7616709432352736e-05, -0.00022949755388229133, 0.00021032054535935246, -0.0001312952526096982, -0.000371393128582984, 3.533460587399164e-05]
 
RESULTS:
--------
E_VQE = -7.486692104632654
inf_VQE = 0.311083178137588
n_fn_calls = 493
Wall-clock time 0.2790752812888887 hours
 
For more output, see /home/jorisk2/HVQE/data/kagome/periodic/own_graph/opl/infidelity/3x2/output.txt
Plots of output saved in /home/jorisk2/HVQE/data/kagome/periodic/own_graph/opl/infidelity/3x2
End of HVQE.py
==========================================================================================
CuPy installation found, continuing using GPU acceleration.
having the CPUs {1, 5, 9, 13, 17, 21, 25, 29} available.
Started basinhopping at 2020-12-25 10:19:08.975198 UTC, with
command line arguments = {'path': '/home/jorisk2/HVQE/data/kagome/periodic/own_graph/opl/infidelity/3x2', 'n_par': 80, 'par_multiplicity': 9, 'n_iter': 0, 'cost_fn': 'infidelity', 'temperature': 1.0, 'stepsize': 1.0, 'init_par': None, 'dump_interval': None}
runtime variables =  {'GPU': True, 'date_start': '2020-12-25 10:19:08.975198', 'complete_graph': [(0, 6), (2, 8), (4, 10), (12, 9), (14, 11), (16, 7), (15, 1), (17, 3), (13, 5), (1, 6), (3, 8), (5, 10), (7, 12), (9, 14), (11, 16), (13, 0), (15, 2), (17, 4), (1, 2), (3, 4), (5, 0), (8, 12), (10, 14), (6, 16), (7, 13), (9, 15), (11, 17), (0, 1), (2, 3), (4, 5), (6, 7), (8, 9), (10, 11), (12, 13), (14, 15), (16, 17)], 'init_layer': [(0, 1), (2, 3), (4, 5), (6, 7), (8, 9), (10, 11), (12, 13), (14, 15), (16, 17)], 'layers': [[(0, 6), (2, 8), (4, 10), (12, 9), (14, 11), (16, 7), (15, 1), (17, 3), (13, 5)], [(1, 6), (3, 8), (5, 10), (7, 12), (9, 14), (11, 16), (13, 0), (15, 2), (17, 4)], [(1, 2), (3, 4), (5, 0), (8, 12), (10, 14), (6, 16), (7, 13), (9, 15), (11, 17)], [(0, 1), (2, 3), (4, 5), (6, 7), (8, 9), (10, 11), (12, 13), (14, 15), (16, 17)]], 'n': 18}
.................................................................................................................................................................................................................................................................................................................................................................................................................................................................................................................................................................................................................................................. 
==========================================================================================
Finished basinhopping of  /home/jorisk2/HVQE/data/kagome/periodic/own_graph/opl/infidelity/3x2 at 2020-12-25 10:40:57.877078 UTC, with
 
{'path': '/home/jorisk2/HVQE/data/kagome/periodic/own_graph/opl/infidelity/3x2', 'n_par': 80, 'par_multiplicity': 9, 'n_iter': 0, 'cost_fn': 'infidelity', 'temperature': 1.0, 'stepsize': 1.0, 'init_par': None, 'dump_interval': None}
init_par = [0.00048627969460171626, -0.0004544825853074568, 2.6089056692171872e-05, 0.0002721789055898638, -5.1372163736431743e-05, 0.00042741015223359544, 0.00015293785237253834, -0.0004846918118397107, 0.00040091279710004484, -0.00011757434014888026, 0.0003321664969616919, 0.0004948164710409614, 0.0002192971284951116, -0.00044320519079184316, 0.00042805560326635624, -0.00023450342729077834, 0.00037008248650112073, -4.447791251498248e-05, 0.00024139451783521842, 6.151858203034481e-05, -2.329454345465534e-05, 0.00016549086168412392, 0.00045656365151235253, -0.00029422132705881254, 0.00033788373978593095, 1.2364910363968189e-06, -0.00032176109144702557, 0.00023286328725510353, 0.00028512830559503067, -0.00010408897060312506, 0.0002919600668062534, 1.5495616086907754e-05, -0.0002165451230225383, 7.214873379761053e-06, -0.000469525829367803, -5.488332532746563e-05, -0.00017590004353478786, 2.3433138304627303e-05, 0.0002530516894180745, -0.00016696904465859398, -0.0003681096263869589, -0.00013226744531870963, 0.0004963480097369929, 0.00015167635558260286, -0.0002940028083400739, -0.0004362646859491588, 0.0002217167683807868, -7.378252977678211e-05, 0.0002468380217685314, 6.147683635976354e-05, 0.0004820916791511735, -0.00029736613389471386, 8.222602770086018e-05, -1.852076358392575e-05, 0.0001498937874670228, 0.00017531869394824028, -0.00011870759993118097, 0.00039530731551763775, 0.00014330683082316206, -0.0004333567100960767, -6.217482746343096e-05, 0.00010942079901111762, 0.0004967036249599803, -0.00035498545087313504, -0.0003612323010842288, -0.0004945221291950064, -0.0002431853514636544, -0.00011954686796923034, -0.000346193425260135, 0.00048425888967805865, 0.00012190741105725788, 0.00042042320917768826, -0.00010974682830649818, 0.00012617080714432815, -0.00011491695535002078, 0.0003422878662078979, -0.00027973727609972886, 0.00041347031150032595, 0.0003694334793995154, -0.00038793313289210566]
 
RESULTS:
--------
E_VQE = -7.5532523914778125
inf_VQE = 0.24129011474382667
n_fn_calls = 626
Wall-clock time 0.3632914493481318 hours
 
For more output, see /home/jorisk2/HVQE/data/kagome/periodic/own_graph/opl/infidelity/3x2/output.txt
Plots of output saved in /home/jorisk2/HVQE/data/kagome/periodic/own_graph/opl/infidelity/3x2
End of HVQE.py
==========================================================================================
