CuPy installation found, continuing using GPU acceleration.
having the CPUs {32, 36, 8, 12, 16, 20, 24, 28} available.
Started basinhopping at 2020-12-25 06:48:55.101386 UTC, with
command line arguments = {'path': '/home/jorisk2/HVQE/data/kagome/periodic/own_graph/opl/infidelity/3x2', 'n_par': 4, 'par_multiplicity': 9, 'n_iter': 0, 'cost_fn': 'infidelity', 'temperature': 1.0, 'stepsize': 1.0, 'init_par': None, 'dump_interval': None}
runtime variables =  {'GPU': True, 'date_start': '2020-12-25 06:48:55.101386', 'complete_graph': [(0, 6), (2, 8), (4, 10), (12, 9), (14, 11), (16, 7), (15, 1), (17, 3), (13, 5), (1, 6), (3, 8), (5, 10), (7, 12), (9, 14), (11, 16), (13, 0), (15, 2), (17, 4), (1, 2), (3, 4), (5, 0), (8, 12), (10, 14), (6, 16), (7, 13), (9, 15), (11, 17), (0, 1), (2, 3), (4, 5), (6, 7), (8, 9), (10, 11), (12, 13), (14, 15), (16, 17)], 'init_layer': [(0, 1), (2, 3), (4, 5), (6, 7), (8, 9), (10, 11), (12, 13), (14, 15), (16, 17)], 'layers': [[(0, 6), (2, 8), (4, 10), (12, 9), (14, 11), (16, 7), (15, 1), (17, 3), (13, 5)], [(1, 6), (3, 8), (5, 10), (7, 12), (9, 14), (11, 16), (13, 0), (15, 2), (17, 4)], [(1, 2), (3, 4), (5, 0), (8, 12), (10, 14), (6, 16), (7, 13), (9, 15), (11, 17)], [(0, 1), (2, 3), (4, 5), (6, 7), (8, 9), (10, 11), (12, 13), (14, 15), (16, 17)]], 'n': 18}
.................................... 
==========================================================================================
Finished basinhopping of  /home/jorisk2/HVQE/data/kagome/periodic/own_graph/opl/infidelity/3x2 at 2020-12-25 06:48:59.221182 UTC, with
 
{'path': '/home/jorisk2/HVQE/data/kagome/periodic/own_graph/opl/infidelity/3x2', 'n_par': 4, 'par_multiplicity': 9, 'n_iter': 0, 'cost_fn': 'infidelity', 'temperature': 1.0, 'stepsize': 1.0, 'init_par': None, 'dump_interval': None}
init_par = [0.0003208458139706098, 0.0002913471552788739, 0.0004157385866449492, 1.3987847206432856e-05]
 
RESULTS:
--------
E_VQE = -7.087685876639383
inf_VQE = 0.7024962827783103
n_fn_calls = 36
Wall-clock time 0.0010546937916013932 hours
 
For more output, see /home/jorisk2/HVQE/data/kagome/periodic/own_graph/opl/infidelity/3x2/output.txt
Plots of output saved in /home/jorisk2/HVQE/data/kagome/periodic/own_graph/opl/infidelity/3x2
End of HVQE.py
==========================================================================================
CuPy installation found, continuing using GPU acceleration.
having the CPUs {32, 36, 8, 12, 16, 20, 24, 28} available.
Started basinhopping at 2020-12-25 06:49:00.956751 UTC, with
command line arguments = {'path': '/home/jorisk2/HVQE/data/kagome/periodic/own_graph/opl/infidelity/3x2', 'n_par': 8, 'par_multiplicity': 9, 'n_iter': 0, 'cost_fn': 'infidelity', 'temperature': 1.0, 'stepsize': 1.0, 'init_par': None, 'dump_interval': None}
runtime variables =  {'GPU': True, 'date_start': '2020-12-25 06:49:00.956751', 'complete_graph': [(0, 6), (2, 8), (4, 10), (12, 9), (14, 11), (16, 7), (15, 1), (17, 3), (13, 5), (1, 6), (3, 8), (5, 10), (7, 12), (9, 14), (11, 16), (13, 0), (15, 2), (17, 4), (1, 2), (3, 4), (5, 0), (8, 12), (10, 14), (6, 16), (7, 13), (9, 15), (11, 17), (0, 1), (2, 3), (4, 5), (6, 7), (8, 9), (10, 11), (12, 13), (14, 15), (16, 17)], 'init_layer': [(0, 1), (2, 3), (4, 5), (6, 7), (8, 9), (10, 11), (12, 13), (14, 15), (16, 17)], 'layers': [[(0, 6), (2, 8), (4, 10), (12, 9), (14, 11), (16, 7), (15, 1), (17, 3), (13, 5)], [(1, 6), (3, 8), (5, 10), (7, 12), (9, 14), (11, 16), (13, 0), (15, 2), (17, 4)], [(1, 2), (3, 4), (5, 0), (8, 12), (10, 14), (6, 16), (7, 13), (9, 15), (11, 17)], [(0, 1), (2, 3), (4, 5), (6, 7), (8, 9), (10, 11), (12, 13), (14, 15), (16, 17)]], 'n': 18}
..................................................... 
==========================================================================================
Finished basinhopping of  /home/jorisk2/HVQE/data/kagome/periodic/own_graph/opl/infidelity/3x2 at 2020-12-25 06:49:12.321459 UTC, with
 
{'path': '/home/jorisk2/HVQE/data/kagome/periodic/own_graph/opl/infidelity/3x2', 'n_par': 8, 'par_multiplicity': 9, 'n_iter': 0, 'cost_fn': 'infidelity', 'temperature': 1.0, 'stepsize': 1.0, 'init_par': None, 'dump_interval': None}
init_par = [-0.0003012941253535741, -0.000484202726144401, -0.00013343384814066487, -9.37680697687332e-05, -0.0002715920490259992, -6.586644685931787e-05, 0.0004083689463367829, 0.0001575791229623144]
 
RESULTS:
--------
E_VQE = -7.498759222835406
inf_VQE = 0.6258411086597568
n_fn_calls = 53
Wall-clock time 0.003062691224945916 hours
 
For more output, see /home/jorisk2/HVQE/data/kagome/periodic/own_graph/opl/infidelity/3x2/output.txt
Plots of output saved in /home/jorisk2/HVQE/data/kagome/periodic/own_graph/opl/infidelity/3x2
End of HVQE.py
==========================================================================================
CuPy installation found, continuing using GPU acceleration.
having the CPUs {32, 36, 8, 12, 16, 20, 24, 28} available.
Started basinhopping at 2020-12-25 06:49:14.017441 UTC, with
command line arguments = {'path': '/home/jorisk2/HVQE/data/kagome/periodic/own_graph/opl/infidelity/3x2', 'n_par': 12, 'par_multiplicity': 9, 'n_iter': 0, 'cost_fn': 'infidelity', 'temperature': 1.0, 'stepsize': 1.0, 'init_par': None, 'dump_interval': None}
runtime variables =  {'GPU': True, 'date_start': '2020-12-25 06:49:14.017441', 'complete_graph': [(0, 6), (2, 8), (4, 10), (12, 9), (14, 11), (16, 7), (15, 1), (17, 3), (13, 5), (1, 6), (3, 8), (5, 10), (7, 12), (9, 14), (11, 16), (13, 0), (15, 2), (17, 4), (1, 2), (3, 4), (5, 0), (8, 12), (10, 14), (6, 16), (7, 13), (9, 15), (11, 17), (0, 1), (2, 3), (4, 5), (6, 7), (8, 9), (10, 11), (12, 13), (14, 15), (16, 17)], 'init_layer': [(0, 1), (2, 3), (4, 5), (6, 7), (8, 9), (10, 11), (12, 13), (14, 15), (16, 17)], 'layers': [[(0, 6), (2, 8), (4, 10), (12, 9), (14, 11), (16, 7), (15, 1), (17, 3), (13, 5)], [(1, 6), (3, 8), (5, 10), (7, 12), (9, 14), (11, 16), (13, 0), (15, 2), (17, 4)], [(1, 2), (3, 4), (5, 0), (8, 12), (10, 14), (6, 16), (7, 13), (9, 15), (11, 17)], [(0, 1), (2, 3), (4, 5), (6, 7), (8, 9), (10, 11), (12, 13), (14, 15), (16, 17)]], 'n': 18}
............................................................ 
==========================================================================================
Finished basinhopping of  /home/jorisk2/HVQE/data/kagome/periodic/own_graph/opl/infidelity/3x2 at 2020-12-25 06:49:33.355139 UTC, with
 
{'path': '/home/jorisk2/HVQE/data/kagome/periodic/own_graph/opl/infidelity/3x2', 'n_par': 12, 'par_multiplicity': 9, 'n_iter': 0, 'cost_fn': 'infidelity', 'temperature': 1.0, 'stepsize': 1.0, 'init_par': None, 'dump_interval': None}
init_par = [0.00043112893712702737, -0.0002799057071137446, 0.0004511839760036314, 0.00034871383094262336, -0.00017003019744944405, 0.00034363784930178086, -0.0004292564848442303, 0.0004007006591346036, -0.00030353502388713865, 0.00041834649792652943, -0.00025889229455125696, 0.00019336974172168774]
 
RESULTS:
--------
E_VQE = -7.5452182438872315
inf_VQE = 0.6136491404085529
n_fn_calls = 60
Wall-clock time 0.005264984435505337 hours
 
For more output, see /home/jorisk2/HVQE/data/kagome/periodic/own_graph/opl/infidelity/3x2/output.txt
Plots of output saved in /home/jorisk2/HVQE/data/kagome/periodic/own_graph/opl/infidelity/3x2
End of HVQE.py
==========================================================================================
CuPy installation found, continuing using GPU acceleration.
having the CPUs {32, 36, 8, 12, 16, 20, 24, 28} available.
Started basinhopping at 2020-12-25 06:49:35.082127 UTC, with
command line arguments = {'path': '/home/jorisk2/HVQE/data/kagome/periodic/own_graph/opl/infidelity/3x2', 'n_par': 16, 'par_multiplicity': 9, 'n_iter': 0, 'cost_fn': 'infidelity', 'temperature': 1.0, 'stepsize': 1.0, 'init_par': None, 'dump_interval': None}
runtime variables =  {'GPU': True, 'date_start': '2020-12-25 06:49:35.082127', 'complete_graph': [(0, 6), (2, 8), (4, 10), (12, 9), (14, 11), (16, 7), (15, 1), (17, 3), (13, 5), (1, 6), (3, 8), (5, 10), (7, 12), (9, 14), (11, 16), (13, 0), (15, 2), (17, 4), (1, 2), (3, 4), (5, 0), (8, 12), (10, 14), (6, 16), (7, 13), (9, 15), (11, 17), (0, 1), (2, 3), (4, 5), (6, 7), (8, 9), (10, 11), (12, 13), (14, 15), (16, 17)], 'init_layer': [(0, 1), (2, 3), (4, 5), (6, 7), (8, 9), (10, 11), (12, 13), (14, 15), (16, 17)], 'layers': [[(0, 6), (2, 8), (4, 10), (12, 9), (14, 11), (16, 7), (15, 1), (17, 3), (13, 5)], [(1, 6), (3, 8), (5, 10), (7, 12), (9, 14), (11, 16), (13, 0), (15, 2), (17, 4)], [(1, 2), (3, 4), (5, 0), (8, 12), (10, 14), (6, 16), (7, 13), (9, 15), (11, 17)], [(0, 1), (2, 3), (4, 5), (6, 7), (8, 9), (10, 11), (12, 13), (14, 15), (16, 17)]], 'n': 18}
................................................................................ 
==========================================================================================
Finished basinhopping of  /home/jorisk2/HVQE/data/kagome/periodic/own_graph/opl/infidelity/3x2 at 2020-12-25 06:50:09.055497 UTC, with
 
{'path': '/home/jorisk2/HVQE/data/kagome/periodic/own_graph/opl/infidelity/3x2', 'n_par': 16, 'par_multiplicity': 9, 'n_iter': 0, 'cost_fn': 'infidelity', 'temperature': 1.0, 'stepsize': 1.0, 'init_par': None, 'dump_interval': None}
init_par = [0.00036486617894480856, -0.00024506984763755346, 0.00014003054766802397, 0.0002616081387426727, -0.00048285367343051447, 0.0002789779257897021, -1.5581774078373258e-05, 0.0003222172182554074, 9.637184598971517e-05, -0.0003772136935892115, 0.00013165623621067349, -0.0004278070049009656, -0.0002500401413314026, -0.0003923296480531572, 0.0004431822582424389, -0.0003530879885574172]
 
RESULTS:
--------
E_VQE = -7.578564028966156
inf_VQE = 0.5564408337186801
n_fn_calls = 80
Wall-clock time 0.009310760431819493 hours
 
For more output, see /home/jorisk2/HVQE/data/kagome/periodic/own_graph/opl/infidelity/3x2/output.txt
Plots of output saved in /home/jorisk2/HVQE/data/kagome/periodic/own_graph/opl/infidelity/3x2
End of HVQE.py
==========================================================================================
CuPy installation found, continuing using GPU acceleration.
having the CPUs {32, 36, 8, 12, 16, 20, 24, 28} available.
Started basinhopping at 2020-12-25 06:50:13.575271 UTC, with
command line arguments = {'path': '/home/jorisk2/HVQE/data/kagome/periodic/own_graph/opl/infidelity/3x2', 'n_par': 20, 'par_multiplicity': 9, 'n_iter': 0, 'cost_fn': 'infidelity', 'temperature': 1.0, 'stepsize': 1.0, 'init_par': None, 'dump_interval': None}
runtime variables =  {'GPU': True, 'date_start': '2020-12-25 06:50:13.575271', 'complete_graph': [(0, 6), (2, 8), (4, 10), (12, 9), (14, 11), (16, 7), (15, 1), (17, 3), (13, 5), (1, 6), (3, 8), (5, 10), (7, 12), (9, 14), (11, 16), (13, 0), (15, 2), (17, 4), (1, 2), (3, 4), (5, 0), (8, 12), (10, 14), (6, 16), (7, 13), (9, 15), (11, 17), (0, 1), (2, 3), (4, 5), (6, 7), (8, 9), (10, 11), (12, 13), (14, 15), (16, 17)], 'init_layer': [(0, 1), (2, 3), (4, 5), (6, 7), (8, 9), (10, 11), (12, 13), (14, 15), (16, 17)], 'layers': [[(0, 6), (2, 8), (4, 10), (12, 9), (14, 11), (16, 7), (15, 1), (17, 3), (13, 5)], [(1, 6), (3, 8), (5, 10), (7, 12), (9, 14), (11, 16), (13, 0), (15, 2), (17, 4)], [(1, 2), (3, 4), (5, 0), (8, 12), (10, 14), (6, 16), (7, 13), (9, 15), (11, 17)], [(0, 1), (2, 3), (4, 5), (6, 7), (8, 9), (10, 11), (12, 13), (14, 15), (16, 17)]], 'n': 18}
........................................................................... 
==========================================================================================
Finished basinhopping of  /home/jorisk2/HVQE/data/kagome/periodic/own_graph/opl/infidelity/3x2 at 2020-12-25 06:50:53.314148 UTC, with
 
{'path': '/home/jorisk2/HVQE/data/kagome/periodic/own_graph/opl/infidelity/3x2', 'n_par': 20, 'par_multiplicity': 9, 'n_iter': 0, 'cost_fn': 'infidelity', 'temperature': 1.0, 'stepsize': 1.0, 'init_par': None, 'dump_interval': None}
init_par = [0.00048775864205547956, 0.0004938051816227253, -0.000444304932140592, -0.0004909271234494431, 0.00029337624435793344, 0.0004277210641203753, 0.0004751127476621377, -0.0004110268143106675, 0.00021689767031882017, -0.00014093983989131923, 9.991833528752317e-05, 4.728899253776241e-05, 0.00032642010250091965, -0.00031008900839347335, -0.00025337166832998793, 0.00016958160055148, 0.00029682420205787683, -0.00048577093937219077, 2.667182087651523e-05, 7.95972528371754e-05]
 
RESULTS:
--------
E_VQE = -7.709165950241059
inf_VQE = 0.5086351666873248
n_fn_calls = 75
Wall-clock time 0.010901960531870526 hours
 
For more output, see /home/jorisk2/HVQE/data/kagome/periodic/own_graph/opl/infidelity/3x2/output.txt
Plots of output saved in /home/jorisk2/HVQE/data/kagome/periodic/own_graph/opl/infidelity/3x2
End of HVQE.py
==========================================================================================
CuPy installation found, continuing using GPU acceleration.
having the CPUs {32, 36, 8, 12, 16, 20, 24, 28} available.
Started basinhopping at 2020-12-25 06:50:55.139639 UTC, with
command line arguments = {'path': '/home/jorisk2/HVQE/data/kagome/periodic/own_graph/opl/infidelity/3x2', 'n_par': 24, 'par_multiplicity': 9, 'n_iter': 0, 'cost_fn': 'infidelity', 'temperature': 1.0, 'stepsize': 1.0, 'init_par': None, 'dump_interval': None}
runtime variables =  {'GPU': True, 'date_start': '2020-12-25 06:50:55.139639', 'complete_graph': [(0, 6), (2, 8), (4, 10), (12, 9), (14, 11), (16, 7), (15, 1), (17, 3), (13, 5), (1, 6), (3, 8), (5, 10), (7, 12), (9, 14), (11, 16), (13, 0), (15, 2), (17, 4), (1, 2), (3, 4), (5, 0), (8, 12), (10, 14), (6, 16), (7, 13), (9, 15), (11, 17), (0, 1), (2, 3), (4, 5), (6, 7), (8, 9), (10, 11), (12, 13), (14, 15), (16, 17)], 'init_layer': [(0, 1), (2, 3), (4, 5), (6, 7), (8, 9), (10, 11), (12, 13), (14, 15), (16, 17)], 'layers': [[(0, 6), (2, 8), (4, 10), (12, 9), (14, 11), (16, 7), (15, 1), (17, 3), (13, 5)], [(1, 6), (3, 8), (5, 10), (7, 12), (9, 14), (11, 16), (13, 0), (15, 2), (17, 4)], [(1, 2), (3, 4), (5, 0), (8, 12), (10, 14), (6, 16), (7, 13), (9, 15), (11, 17)], [(0, 1), (2, 3), (4, 5), (6, 7), (8, 9), (10, 11), (12, 13), (14, 15), (16, 17)]], 'n': 18}
..................................................................................................................................... 
==========================================================================================
Finished basinhopping of  /home/jorisk2/HVQE/data/kagome/periodic/own_graph/opl/infidelity/3x2 at 2020-12-25 06:52:18.459202 UTC, with
 
{'path': '/home/jorisk2/HVQE/data/kagome/periodic/own_graph/opl/infidelity/3x2', 'n_par': 24, 'par_multiplicity': 9, 'n_iter': 0, 'cost_fn': 'infidelity', 'temperature': 1.0, 'stepsize': 1.0, 'init_par': None, 'dump_interval': None}
init_par = [0.00044359473032947426, 0.00020316071123142518, 0.0001481543898263711, -5.098024798823298e-05, -2.829115201166888e-05, 0.0004980028545522647, -0.0003584852549601805, 6.780479679598713e-05, -0.00013292125467505658, 7.028822138797994e-05, -0.0002208767335508061, 0.00020218541848711108, 0.0002839039452035099, -0.0004503892974088133, -5.653125301433818e-05, 4.3201939067199525e-05, 0.00021551739157143254, -0.00030495557166066323, -0.0004670561955341547, -0.00036175643304454594, -8.238200882920222e-05, -0.00010593266892023722, -0.00029491361914466696, 0.0004164788664728045]
 
RESULTS:
--------
E_VQE = -7.735830529344556
inf_VQE = 0.47753841359797145
n_fn_calls = 133
Wall-clock time 0.02299717194504208 hours
 
For more output, see /home/jorisk2/HVQE/data/kagome/periodic/own_graph/opl/infidelity/3x2/output.txt
Plots of output saved in /home/jorisk2/HVQE/data/kagome/periodic/own_graph/opl/infidelity/3x2
End of HVQE.py
==========================================================================================
CuPy installation found, continuing using GPU acceleration.
having the CPUs {32, 36, 8, 12, 16, 20, 24, 28} available.
Started basinhopping at 2020-12-25 06:52:22.871178 UTC, with
command line arguments = {'path': '/home/jorisk2/HVQE/data/kagome/periodic/own_graph/opl/infidelity/3x2', 'n_par': 28, 'par_multiplicity': 9, 'n_iter': 0, 'cost_fn': 'infidelity', 'temperature': 1.0, 'stepsize': 1.0, 'init_par': None, 'dump_interval': None}
runtime variables =  {'GPU': True, 'date_start': '2020-12-25 06:52:22.871178', 'complete_graph': [(0, 6), (2, 8), (4, 10), (12, 9), (14, 11), (16, 7), (15, 1), (17, 3), (13, 5), (1, 6), (3, 8), (5, 10), (7, 12), (9, 14), (11, 16), (13, 0), (15, 2), (17, 4), (1, 2), (3, 4), (5, 0), (8, 12), (10, 14), (6, 16), (7, 13), (9, 15), (11, 17), (0, 1), (2, 3), (4, 5), (6, 7), (8, 9), (10, 11), (12, 13), (14, 15), (16, 17)], 'init_layer': [(0, 1), (2, 3), (4, 5), (6, 7), (8, 9), (10, 11), (12, 13), (14, 15), (16, 17)], 'layers': [[(0, 6), (2, 8), (4, 10), (12, 9), (14, 11), (16, 7), (15, 1), (17, 3), (13, 5)], [(1, 6), (3, 8), (5, 10), (7, 12), (9, 14), (11, 16), (13, 0), (15, 2), (17, 4)], [(1, 2), (3, 4), (5, 0), (8, 12), (10, 14), (6, 16), (7, 13), (9, 15), (11, 17)], [(0, 1), (2, 3), (4, 5), (6, 7), (8, 9), (10, 11), (12, 13), (14, 15), (16, 17)]], 'n': 18}
............................................................................................................... 
==========================================================================================
Finished basinhopping of  /home/jorisk2/HVQE/data/kagome/periodic/own_graph/opl/infidelity/3x2 at 2020-12-25 06:53:46.546562 UTC, with
 
{'path': '/home/jorisk2/HVQE/data/kagome/periodic/own_graph/opl/infidelity/3x2', 'n_par': 28, 'par_multiplicity': 9, 'n_iter': 0, 'cost_fn': 'infidelity', 'temperature': 1.0, 'stepsize': 1.0, 'init_par': None, 'dump_interval': None}
init_par = [0.000183861688408841, 0.0001447524142291597, 0.00014565436467189744, 0.0004052350567021165, -0.0001551800640259784, -0.0002192062186424452, 0.00029973737163268015, 0.0004877060209154179, -7.837834148215428e-05, -0.00022378509953842394, 0.0002890735341425201, 8.06831152589556e-05, -0.0004667612730995895, -0.00010577002398679826, -3.5428064257252785e-05, 0.00047848714888614895, 0.00011233447112313601, -3.0099984710788344e-05, -0.0002062562192307602, 0.00040462656019079766, 9.514035755614112e-05, -0.00039842410497999635, -0.0001753332159713781, -0.000232601847709218, -0.00017687563972151556, 1.8249582214528346e-05, -0.00031461294045412736, 0.00043855657308985746]
 
RESULTS:
--------
E_VQE = -7.747070758861544
inf_VQE = 0.4607860998598521
n_fn_calls = 111
Wall-clock time 0.023083993991216023 hours
 
For more output, see /home/jorisk2/HVQE/data/kagome/periodic/own_graph/opl/infidelity/3x2/output.txt
Plots of output saved in /home/jorisk2/HVQE/data/kagome/periodic/own_graph/opl/infidelity/3x2
End of HVQE.py
==========================================================================================
CuPy installation found, continuing using GPU acceleration.
having the CPUs {32, 36, 8, 12, 16, 20, 24, 28} available.
Started basinhopping at 2020-12-25 06:53:51.398068 UTC, with
command line arguments = {'path': '/home/jorisk2/HVQE/data/kagome/periodic/own_graph/opl/infidelity/3x2', 'n_par': 32, 'par_multiplicity': 9, 'n_iter': 0, 'cost_fn': 'infidelity', 'temperature': 1.0, 'stepsize': 1.0, 'init_par': None, 'dump_interval': None}
runtime variables =  {'GPU': True, 'date_start': '2020-12-25 06:53:51.398068', 'complete_graph': [(0, 6), (2, 8), (4, 10), (12, 9), (14, 11), (16, 7), (15, 1), (17, 3), (13, 5), (1, 6), (3, 8), (5, 10), (7, 12), (9, 14), (11, 16), (13, 0), (15, 2), (17, 4), (1, 2), (3, 4), (5, 0), (8, 12), (10, 14), (6, 16), (7, 13), (9, 15), (11, 17), (0, 1), (2, 3), (4, 5), (6, 7), (8, 9), (10, 11), (12, 13), (14, 15), (16, 17)], 'init_layer': [(0, 1), (2, 3), (4, 5), (6, 7), (8, 9), (10, 11), (12, 13), (14, 15), (16, 17)], 'layers': [[(0, 6), (2, 8), (4, 10), (12, 9), (14, 11), (16, 7), (15, 1), (17, 3), (13, 5)], [(1, 6), (3, 8), (5, 10), (7, 12), (9, 14), (11, 16), (13, 0), (15, 2), (17, 4)], [(1, 2), (3, 4), (5, 0), (8, 12), (10, 14), (6, 16), (7, 13), (9, 15), (11, 17)], [(0, 1), (2, 3), (4, 5), (6, 7), (8, 9), (10, 11), (12, 13), (14, 15), (16, 17)]], 'n': 18}
.................................................................................................................................................................................................... 
==========================================================================================
Finished basinhopping of  /home/jorisk2/HVQE/data/kagome/periodic/own_graph/opl/infidelity/3x2 at 2020-12-25 06:56:36.783072 UTC, with
 
{'path': '/home/jorisk2/HVQE/data/kagome/periodic/own_graph/opl/infidelity/3x2', 'n_par': 32, 'par_multiplicity': 9, 'n_iter': 0, 'cost_fn': 'infidelity', 'temperature': 1.0, 'stepsize': 1.0, 'init_par': None, 'dump_interval': None}
init_par = [-6.14704358869248e-05, -7.45638859546248e-05, 1.4405588435621296e-05, 0.0003754179964593977, -6.957376703001163e-05, 0.0004743780939149658, 0.0003051613484673381, -0.00020641871393919963, -0.0004377226686519452, 0.0004949899093544469, -0.0003958232811597297, 5.9365802306185706e-05, 0.0004795343285854089, -3.6179006916896804e-05, -0.0002358187929148141, -0.00040038877256683484, 0.00025355199353979056, 0.00024982853870820045, 0.00017967738158282582, 0.00037879577333890715, 0.0004902054333509917, -0.00018214073969327437, 0.00011367674893785688, 0.00014365533406144096, -0.0002923606817314487, -0.00025771192397725255, 0.00044994815633841415, 4.76670205135114e-05, 0.0003426321012539094, -0.0003881447910428262, 0.00044670723588511924, 0.0003121249148678917]
 
RESULTS:
--------
E_VQE = -7.7198088297710905
inf_VQE = 0.44966505236444776
n_fn_calls = 196
Wall-clock time 0.045768587854173454 hours
 
For more output, see /home/jorisk2/HVQE/data/kagome/periodic/own_graph/opl/infidelity/3x2/output.txt
Plots of output saved in /home/jorisk2/HVQE/data/kagome/periodic/own_graph/opl/infidelity/3x2
End of HVQE.py
==========================================================================================
CuPy installation found, continuing using GPU acceleration.
having the CPUs {32, 36, 8, 12, 16, 20, 24, 28} available.
Started basinhopping at 2020-12-25 06:56:41.834563 UTC, with
command line arguments = {'path': '/home/jorisk2/HVQE/data/kagome/periodic/own_graph/opl/infidelity/3x2', 'n_par': 36, 'par_multiplicity': 9, 'n_iter': 0, 'cost_fn': 'infidelity', 'temperature': 1.0, 'stepsize': 1.0, 'init_par': None, 'dump_interval': None}
runtime variables =  {'GPU': True, 'date_start': '2020-12-25 06:56:41.834563', 'complete_graph': [(0, 6), (2, 8), (4, 10), (12, 9), (14, 11), (16, 7), (15, 1), (17, 3), (13, 5), (1, 6), (3, 8), (5, 10), (7, 12), (9, 14), (11, 16), (13, 0), (15, 2), (17, 4), (1, 2), (3, 4), (5, 0), (8, 12), (10, 14), (6, 16), (7, 13), (9, 15), (11, 17), (0, 1), (2, 3), (4, 5), (6, 7), (8, 9), (10, 11), (12, 13), (14, 15), (16, 17)], 'init_layer': [(0, 1), (2, 3), (4, 5), (6, 7), (8, 9), (10, 11), (12, 13), (14, 15), (16, 17)], 'layers': [[(0, 6), (2, 8), (4, 10), (12, 9), (14, 11), (16, 7), (15, 1), (17, 3), (13, 5)], [(1, 6), (3, 8), (5, 10), (7, 12), (9, 14), (11, 16), (13, 0), (15, 2), (17, 4)], [(1, 2), (3, 4), (5, 0), (8, 12), (10, 14), (6, 16), (7, 13), (9, 15), (11, 17)], [(0, 1), (2, 3), (4, 5), (6, 7), (8, 9), (10, 11), (12, 13), (14, 15), (16, 17)]], 'n': 18}
..................................................................................................................................................................... 
==========================================================================================
Finished basinhopping of  /home/jorisk2/HVQE/data/kagome/periodic/own_graph/opl/infidelity/3x2 at 2020-12-25 06:59:21.378659 UTC, with
 
{'path': '/home/jorisk2/HVQE/data/kagome/periodic/own_graph/opl/infidelity/3x2', 'n_par': 36, 'par_multiplicity': 9, 'n_iter': 0, 'cost_fn': 'infidelity', 'temperature': 1.0, 'stepsize': 1.0, 'init_par': None, 'dump_interval': None}
init_par = [-0.0003385665716540526, -0.00011391815457788501, 0.0003204486145839136, 0.00045194031964607975, -0.00046463374534672075, -0.00022078189648168178, -0.0004062602574880423, -0.00037291604700520197, 0.0002945260965176946, 0.00029825111186298277, -1.3512432531658577e-05, 0.00021772351974308935, -0.00034411956498382046, -2.2438754021037344e-05, 0.0002886259663757426, 0.0003703913688692012, 0.0001014126763702899, -0.0002790434530376653, -0.0002282597088234012, -5.132688821185094e-05, 0.0001668321565100648, 0.00040531424226976343, 0.00019181054978015906, 0.0004075733229856099, 0.00044813276888470575, 0.00047881982163895946, 0.00015697754143896895, -0.00037644976802512933, 0.0002893484410717843, 6.581057123115778e-05, 0.00030696334174064505, -0.0004064301510874369, 0.00022506405391804524, 0.0003557332155482612, -0.0003448273724473988, -0.00033425236009933923]
 
RESULTS:
--------
E_VQE = -7.73517659729973
inf_VQE = 0.4338565524684349
n_fn_calls = 165
Wall-clock time 0.04413745582103729 hours
 
For more output, see /home/jorisk2/HVQE/data/kagome/periodic/own_graph/opl/infidelity/3x2/output.txt
Plots of output saved in /home/jorisk2/HVQE/data/kagome/periodic/own_graph/opl/infidelity/3x2
End of HVQE.py
==========================================================================================
CuPy installation found, continuing using GPU acceleration.
having the CPUs {32, 36, 8, 12, 16, 20, 24, 28} available.
Started basinhopping at 2020-12-25 06:59:26.448392 UTC, with
command line arguments = {'path': '/home/jorisk2/HVQE/data/kagome/periodic/own_graph/opl/infidelity/3x2', 'n_par': 40, 'par_multiplicity': 9, 'n_iter': 0, 'cost_fn': 'infidelity', 'temperature': 1.0, 'stepsize': 1.0, 'init_par': None, 'dump_interval': None}
runtime variables =  {'GPU': True, 'date_start': '2020-12-25 06:59:26.448392', 'complete_graph': [(0, 6), (2, 8), (4, 10), (12, 9), (14, 11), (16, 7), (15, 1), (17, 3), (13, 5), (1, 6), (3, 8), (5, 10), (7, 12), (9, 14), (11, 16), (13, 0), (15, 2), (17, 4), (1, 2), (3, 4), (5, 0), (8, 12), (10, 14), (6, 16), (7, 13), (9, 15), (11, 17), (0, 1), (2, 3), (4, 5), (6, 7), (8, 9), (10, 11), (12, 13), (14, 15), (16, 17)], 'init_layer': [(0, 1), (2, 3), (4, 5), (6, 7), (8, 9), (10, 11), (12, 13), (14, 15), (16, 17)], 'layers': [[(0, 6), (2, 8), (4, 10), (12, 9), (14, 11), (16, 7), (15, 1), (17, 3), (13, 5)], [(1, 6), (3, 8), (5, 10), (7, 12), (9, 14), (11, 16), (13, 0), (15, 2), (17, 4)], [(1, 2), (3, 4), (5, 0), (8, 12), (10, 14), (6, 16), (7, 13), (9, 15), (11, 17)], [(0, 1), (2, 3), (4, 5), (6, 7), (8, 9), (10, 11), (12, 13), (14, 15), (16, 17)]], 'n': 18}
........................................................................................................................................................................ 
==========================================================================================
Finished basinhopping of  /home/jorisk2/HVQE/data/kagome/periodic/own_graph/opl/infidelity/3x2 at 2020-12-25 07:02:23.217609 UTC, with
 
{'path': '/home/jorisk2/HVQE/data/kagome/periodic/own_graph/opl/infidelity/3x2', 'n_par': 40, 'par_multiplicity': 9, 'n_iter': 0, 'cost_fn': 'infidelity', 'temperature': 1.0, 'stepsize': 1.0, 'init_par': None, 'dump_interval': None}
init_par = [1.1688777547287556e-05, 0.000185237494615255, -0.00024651154339078033, -0.00022317859885197922, -0.00040568868074112576, -8.536094974577642e-06, -0.00017715071202259626, 0.00016130048526709503, 6.661649368512547e-05, -0.00042891019731442084, 0.00014624126383072742, 0.00041641966937216275, 0.0004670133058662251, -0.00030350753899137676, 0.00040889538077232984, -0.00010424211159948318, 0.0002766523551241978, 0.0002484017785474805, 0.0004632818546494625, 0.0003896770083782931, 0.00012358838826478913, 0.00028043278031021374, -0.00033283902304979106, 0.00013974410678965147, 0.00028015581806317854, 2.696067777877768e-06, -0.00016500955835610997, 0.0003112874798718502, -0.00023575904933703163, -1.4853237713867255e-05, -0.0002690315896215073, -0.00019685156004056693, 1.729013869196448e-05, -0.0001668628932439882, 0.00044714555726568697, -0.0004336440649313078, 0.0001635011578745804, 0.00027403870910199684, -7.074946446174434e-05, -0.00019159888362551072]
 
RESULTS:
--------
E_VQE = -7.6776545032494
inf_VQE = 0.4339017647368191
n_fn_calls = 168
Wall-clock time 0.04892257756657071 hours
 
For more output, see /home/jorisk2/HVQE/data/kagome/periodic/own_graph/opl/infidelity/3x2/output.txt
Plots of output saved in /home/jorisk2/HVQE/data/kagome/periodic/own_graph/opl/infidelity/3x2
End of HVQE.py
==========================================================================================
CuPy installation found, continuing using GPU acceleration.
having the CPUs {32, 36, 8, 12, 16, 20, 24, 28} available.
Started basinhopping at 2020-12-25 07:02:28.185206 UTC, with
command line arguments = {'path': '/home/jorisk2/HVQE/data/kagome/periodic/own_graph/opl/infidelity/3x2', 'n_par': 44, 'par_multiplicity': 9, 'n_iter': 0, 'cost_fn': 'infidelity', 'temperature': 1.0, 'stepsize': 1.0, 'init_par': None, 'dump_interval': None}
runtime variables =  {'GPU': True, 'date_start': '2020-12-25 07:02:28.185206', 'complete_graph': [(0, 6), (2, 8), (4, 10), (12, 9), (14, 11), (16, 7), (15, 1), (17, 3), (13, 5), (1, 6), (3, 8), (5, 10), (7, 12), (9, 14), (11, 16), (13, 0), (15, 2), (17, 4), (1, 2), (3, 4), (5, 0), (8, 12), (10, 14), (6, 16), (7, 13), (9, 15), (11, 17), (0, 1), (2, 3), (4, 5), (6, 7), (8, 9), (10, 11), (12, 13), (14, 15), (16, 17)], 'init_layer': [(0, 1), (2, 3), (4, 5), (6, 7), (8, 9), (10, 11), (12, 13), (14, 15), (16, 17)], 'layers': [[(0, 6), (2, 8), (4, 10), (12, 9), (14, 11), (16, 7), (15, 1), (17, 3), (13, 5)], [(1, 6), (3, 8), (5, 10), (7, 12), (9, 14), (11, 16), (13, 0), (15, 2), (17, 4)], [(1, 2), (3, 4), (5, 0), (8, 12), (10, 14), (6, 16), (7, 13), (9, 15), (11, 17)], [(0, 1), (2, 3), (4, 5), (6, 7), (8, 9), (10, 11), (12, 13), (14, 15), (16, 17)]], 'n': 18}
............................................................................................................................................................................................................................................................................... 
==========================================================================================
Finished basinhopping of  /home/jorisk2/HVQE/data/kagome/periodic/own_graph/opl/infidelity/3x2 at 2020-12-25 07:07:39.674331 UTC, with
 
{'path': '/home/jorisk2/HVQE/data/kagome/periodic/own_graph/opl/infidelity/3x2', 'n_par': 44, 'par_multiplicity': 9, 'n_iter': 0, 'cost_fn': 'infidelity', 'temperature': 1.0, 'stepsize': 1.0, 'init_par': None, 'dump_interval': None}
init_par = [0.0004017550302528297, 0.00042671288958521776, 0.0003560576229581044, -0.000492553496888298, 0.00048323618841540975, -0.0001166230419650689, -0.00024927209410513155, -0.0003389894806274103, 0.0002384613545985154, -0.0003815962631943368, 6.599675550778895e-05, -3.8858376020975654e-05, 0.0003875293475024852, 0.00016762200991442863, -0.000323755545846111, -0.00044662370169351395, 0.0004331894205107955, 0.0003410591340772015, 0.00038721967231114963, -0.0001775103500415014, -6.578400601107016e-05, 0.00019197473374051, -0.00020231902350776064, 0.00023880186687935895, 0.0003380115734032353, 6.472474136568905e-05, 0.0004233660017981234, -1.9955712774301327e-05, -0.00019889954196886382, 0.0002293617830250738, 0.00010034902275872395, -0.00038189718927951976, 1.699682433793095e-05, 0.0004246301038125229, -2.288683906625014e-05, 0.00010978960530907804, -0.0002862463644468451, -0.00013427604885641507, 0.0003713203074519058, -0.00014194826470906644, -0.00017400364063627173, 0.00018617012779119564, -0.0003698216413432476, 0.00022203683362383446]
 
RESULTS:
--------
E_VQE = -7.647844605502405
inf_VQE = 0.3975430772876357
n_fn_calls = 271
Wall-clock time 0.08632658660411835 hours
 
For more output, see /home/jorisk2/HVQE/data/kagome/periodic/own_graph/opl/infidelity/3x2/output.txt
Plots of output saved in /home/jorisk2/HVQE/data/kagome/periodic/own_graph/opl/infidelity/3x2
End of HVQE.py
==========================================================================================
CuPy installation found, continuing using GPU acceleration.
having the CPUs {32, 36, 8, 12, 16, 20, 24, 28} available.
Started basinhopping at 2020-12-25 07:07:44.829943 UTC, with
command line arguments = {'path': '/home/jorisk2/HVQE/data/kagome/periodic/own_graph/opl/infidelity/3x2', 'n_par': 48, 'par_multiplicity': 9, 'n_iter': 0, 'cost_fn': 'infidelity', 'temperature': 1.0, 'stepsize': 1.0, 'init_par': None, 'dump_interval': None}
runtime variables =  {'GPU': True, 'date_start': '2020-12-25 07:07:44.829943', 'complete_graph': [(0, 6), (2, 8), (4, 10), (12, 9), (14, 11), (16, 7), (15, 1), (17, 3), (13, 5), (1, 6), (3, 8), (5, 10), (7, 12), (9, 14), (11, 16), (13, 0), (15, 2), (17, 4), (1, 2), (3, 4), (5, 0), (8, 12), (10, 14), (6, 16), (7, 13), (9, 15), (11, 17), (0, 1), (2, 3), (4, 5), (6, 7), (8, 9), (10, 11), (12, 13), (14, 15), (16, 17)], 'init_layer': [(0, 1), (2, 3), (4, 5), (6, 7), (8, 9), (10, 11), (12, 13), (14, 15), (16, 17)], 'layers': [[(0, 6), (2, 8), (4, 10), (12, 9), (14, 11), (16, 7), (15, 1), (17, 3), (13, 5)], [(1, 6), (3, 8), (5, 10), (7, 12), (9, 14), (11, 16), (13, 0), (15, 2), (17, 4)], [(1, 2), (3, 4), (5, 0), (8, 12), (10, 14), (6, 16), (7, 13), (9, 15), (11, 17)], [(0, 1), (2, 3), (4, 5), (6, 7), (8, 9), (10, 11), (12, 13), (14, 15), (16, 17)]], 'n': 18}
................................................................................................................................................................................................................... 
==========================================================================================
Finished basinhopping of  /home/jorisk2/HVQE/data/kagome/periodic/own_graph/opl/infidelity/3x2 at 2020-12-25 07:12:14.368494 UTC, with
 
{'path': '/home/jorisk2/HVQE/data/kagome/periodic/own_graph/opl/infidelity/3x2', 'n_par': 48, 'par_multiplicity': 9, 'n_iter': 0, 'cost_fn': 'infidelity', 'temperature': 1.0, 'stepsize': 1.0, 'init_par': None, 'dump_interval': None}
init_par = [-5.484193568444683e-05, 0.00020468449930691668, 0.00011834938548490812, 0.00016373590898821914, -0.00026911655024661695, 0.0002628246601762437, -0.00012725980693449504, -0.000236723916530575, 0.00012784012854854545, 0.00013117742425789965, -0.00045812583857997015, 4.403127919906885e-05, -0.00024096425965907585, 0.0002103828703285839, 0.00012750995047570654, -4.694043009075276e-05, 0.00014948281722346386, 2.500985595998268e-06, -1.7678174695956786e-05, 7.782466033285653e-05, 0.00046122004857924624, 0.0001542157736908801, 0.00045286956962406564, 0.00028507880738524516, -0.0004030000556976673, -0.00016079770807980812, -0.00018168148145489196, -0.0001598230838098157, -0.0003913366724655808, -0.0003475562638538661, 0.00033156655232113657, 0.00031204145680436917, 5.407296603192205e-05, 0.00017319999981765008, 0.00032765959390195756, 0.00037439943189008335, -4.11905882791142e-06, -0.000487499650260653, -0.00036596116541415415, 0.0001229535128744549, 0.00013216720451215242, 0.0003271732394062167, 0.0003810908202589538, 0.0001958428288981669, -0.00020760180493211192, 0.00013238132947362838, 0.0004329519489537927, 0.0003597113355530856]
 
RESULTS:
--------
E_VQE = -7.579507926196121
inf_VQE = 0.3700869651567843
n_fn_calls = 211
Wall-clock time 0.07466412007808686 hours
 
For more output, see /home/jorisk2/HVQE/data/kagome/periodic/own_graph/opl/infidelity/3x2/output.txt
Plots of output saved in /home/jorisk2/HVQE/data/kagome/periodic/own_graph/opl/infidelity/3x2
End of HVQE.py
==========================================================================================
CuPy installation found, continuing using GPU acceleration.
having the CPUs {32, 36, 8, 12, 16, 20, 24, 28} available.
Started basinhopping at 2020-12-25 07:12:19.607051 UTC, with
command line arguments = {'path': '/home/jorisk2/HVQE/data/kagome/periodic/own_graph/opl/infidelity/3x2', 'n_par': 52, 'par_multiplicity': 9, 'n_iter': 0, 'cost_fn': 'infidelity', 'temperature': 1.0, 'stepsize': 1.0, 'init_par': None, 'dump_interval': None}
runtime variables =  {'GPU': True, 'date_start': '2020-12-25 07:12:19.607051', 'complete_graph': [(0, 6), (2, 8), (4, 10), (12, 9), (14, 11), (16, 7), (15, 1), (17, 3), (13, 5), (1, 6), (3, 8), (5, 10), (7, 12), (9, 14), (11, 16), (13, 0), (15, 2), (17, 4), (1, 2), (3, 4), (5, 0), (8, 12), (10, 14), (6, 16), (7, 13), (9, 15), (11, 17), (0, 1), (2, 3), (4, 5), (6, 7), (8, 9), (10, 11), (12, 13), (14, 15), (16, 17)], 'init_layer': [(0, 1), (2, 3), (4, 5), (6, 7), (8, 9), (10, 11), (12, 13), (14, 15), (16, 17)], 'layers': [[(0, 6), (2, 8), (4, 10), (12, 9), (14, 11), (16, 7), (15, 1), (17, 3), (13, 5)], [(1, 6), (3, 8), (5, 10), (7, 12), (9, 14), (11, 16), (13, 0), (15, 2), (17, 4)], [(1, 2), (3, 4), (5, 0), (8, 12), (10, 14), (6, 16), (7, 13), (9, 15), (11, 17)], [(0, 1), (2, 3), (4, 5), (6, 7), (8, 9), (10, 11), (12, 13), (14, 15), (16, 17)]], 'n': 18}
.................................................................................................................................................................................................................................................................. 
==========================================================================================
Finished basinhopping of  /home/jorisk2/HVQE/data/kagome/periodic/own_graph/opl/infidelity/3x2 at 2020-12-25 07:18:15.437276 UTC, with
 
{'path': '/home/jorisk2/HVQE/data/kagome/periodic/own_graph/opl/infidelity/3x2', 'n_par': 52, 'par_multiplicity': 9, 'n_iter': 0, 'cost_fn': 'infidelity', 'temperature': 1.0, 'stepsize': 1.0, 'init_par': None, 'dump_interval': None}
init_par = [0.0004295068355852571, 0.0002697691466055042, -2.3142647355533195e-05, 0.0003371733118134178, 0.00027678998528428964, -0.00015470156983545902, 0.00041769956372350754, -4.766736740352442e-06, 0.00010238456665474186, -0.00037406346349094934, -0.0004049360744594629, -0.0002755582282175515, 0.00029746963540660913, 0.0003852401765072252, -8.613781788904102e-06, -0.00013628174416741435, 0.00026739946094185606, 0.0004411090970879404, 0.00046031294418088804, -0.0002075769161260438, 0.000355188508241894, -0.0003517384354327742, -0.0004133509081668002, -0.0003483610198854215, 6.203709486603671e-06, -0.0003485533513222398, 0.00036814810074833177, 0.00036264567714686406, -1.9564616609415346e-05, -0.00032793531271974697, 0.00011706866819632825, 8.111381706533548e-05, -0.00038869402719640325, 0.00029053779818826115, 0.00029129842754336915, -0.0004965759616238809, 0.00034864581528405237, -0.0004619656535532334, -0.0003963066999592052, -0.00044256577378779503, -7.179372641684677e-05, 0.0004192386890788058, -9.270896204836501e-05, -0.00039124967334929915, 0.00041415831680913467, -0.00023994824465266908, -0.00032700491688759047, 0.0002896221265476411, -5.11395704590272e-05, 0.00014913919914571008, -9.97425508722559e-06, 5.5299713657839286e-05]
 
RESULTS:
--------
E_VQE = -7.618136417297625
inf_VQE = 0.3973996385425186
n_fn_calls = 258
Wall-clock time 0.09861212458875443 hours
 
For more output, see /home/jorisk2/HVQE/data/kagome/periodic/own_graph/opl/infidelity/3x2/output.txt
Plots of output saved in /home/jorisk2/HVQE/data/kagome/periodic/own_graph/opl/infidelity/3x2
End of HVQE.py
==========================================================================================
CuPy installation found, continuing using GPU acceleration.
having the CPUs {32, 36, 8, 12, 16, 20, 24, 28} available.
Started basinhopping at 2020-12-25 07:18:20.581033 UTC, with
command line arguments = {'path': '/home/jorisk2/HVQE/data/kagome/periodic/own_graph/opl/infidelity/3x2', 'n_par': 56, 'par_multiplicity': 9, 'n_iter': 0, 'cost_fn': 'infidelity', 'temperature': 1.0, 'stepsize': 1.0, 'init_par': None, 'dump_interval': None}
runtime variables =  {'GPU': True, 'date_start': '2020-12-25 07:18:20.581033', 'complete_graph': [(0, 6), (2, 8), (4, 10), (12, 9), (14, 11), (16, 7), (15, 1), (17, 3), (13, 5), (1, 6), (3, 8), (5, 10), (7, 12), (9, 14), (11, 16), (13, 0), (15, 2), (17, 4), (1, 2), (3, 4), (5, 0), (8, 12), (10, 14), (6, 16), (7, 13), (9, 15), (11, 17), (0, 1), (2, 3), (4, 5), (6, 7), (8, 9), (10, 11), (12, 13), (14, 15), (16, 17)], 'init_layer': [(0, 1), (2, 3), (4, 5), (6, 7), (8, 9), (10, 11), (12, 13), (14, 15), (16, 17)], 'layers': [[(0, 6), (2, 8), (4, 10), (12, 9), (14, 11), (16, 7), (15, 1), (17, 3), (13, 5)], [(1, 6), (3, 8), (5, 10), (7, 12), (9, 14), (11, 16), (13, 0), (15, 2), (17, 4)], [(1, 2), (3, 4), (5, 0), (8, 12), (10, 14), (6, 16), (7, 13), (9, 15), (11, 17)], [(0, 1), (2, 3), (4, 5), (6, 7), (8, 9), (10, 11), (12, 13), (14, 15), (16, 17)]], 'n': 18}
............................................................................................................................................................................................................................................................................................ 
==========================================================================================
Finished basinhopping of  /home/jorisk2/HVQE/data/kagome/periodic/own_graph/opl/infidelity/3x2 at 2020-12-25 07:25:23.533884 UTC, with
 
{'path': '/home/jorisk2/HVQE/data/kagome/periodic/own_graph/opl/infidelity/3x2', 'n_par': 56, 'par_multiplicity': 9, 'n_iter': 0, 'cost_fn': 'infidelity', 'temperature': 1.0, 'stepsize': 1.0, 'init_par': None, 'dump_interval': None}
init_par = [0.00036742696120411306, 0.00043481262177446733, 9.796388497657939e-05, -0.00039696635144660376, 0.0004935064630561942, -0.00010477378352762912, -0.00031986880459255784, 0.00025579538234060055, 0.00025218985704766796, -0.0002501459400988271, 0.0004520644967571307, -0.00019599882754277954, -0.0002298568127785353, 0.00038003622366198926, 0.00013435819272609843, 0.0002588159562370352, -0.0002877312522130051, 0.0003489364405879587, 0.00023568084538683068, 0.0003115712416957531, 0.00022299314122592353, -7.218048728986582e-06, -0.00025831826126680344, -0.0001651065794880308, 0.000265815532287714, -9.620281811156952e-05, 0.00031795287620343515, -0.0004249807446064673, 0.0004516632489636334, 0.00016191293633073458, 0.00031329046788654464, 0.00039936603349413093, 0.0003678427558650092, 0.00037581509760397334, 0.00016466706415685492, -0.00014662647694348098, 8.726020946868223e-05, -0.00020605323867570023, 8.117638132354985e-05, 0.00025551238455157976, 0.00022720400737784904, -0.00015703470400640543, -0.0003133112173404857, 0.0002527437642738055, 0.0004838520208610658, 0.00024474063447562755, -3.5843411221278575e-05, -0.00039419771294847326, 0.000114047225059287, 0.0002911887542519372, 0.0001313827639592447, -0.00018918426525939947, 0.0003879088424036711, 0.00048155405426495985, 0.00035789932955955386, 0.00037727645060970044]
 
RESULTS:
--------
E_VQE = -7.575979236485828
inf_VQE = 0.3863478892260722
n_fn_calls = 284
Wall-clock time 0.11724993169307708 hours
 
For more output, see /home/jorisk2/HVQE/data/kagome/periodic/own_graph/opl/infidelity/3x2/output.txt
Plots of output saved in /home/jorisk2/HVQE/data/kagome/periodic/own_graph/opl/infidelity/3x2
End of HVQE.py
==========================================================================================
CuPy installation found, continuing using GPU acceleration.
having the CPUs {32, 36, 8, 12, 16, 20, 24, 28} available.
Started basinhopping at 2020-12-25 07:25:28.605590 UTC, with
command line arguments = {'path': '/home/jorisk2/HVQE/data/kagome/periodic/own_graph/opl/infidelity/3x2', 'n_par': 60, 'par_multiplicity': 9, 'n_iter': 0, 'cost_fn': 'infidelity', 'temperature': 1.0, 'stepsize': 1.0, 'init_par': None, 'dump_interval': None}
runtime variables =  {'GPU': True, 'date_start': '2020-12-25 07:25:28.605590', 'complete_graph': [(0, 6), (2, 8), (4, 10), (12, 9), (14, 11), (16, 7), (15, 1), (17, 3), (13, 5), (1, 6), (3, 8), (5, 10), (7, 12), (9, 14), (11, 16), (13, 0), (15, 2), (17, 4), (1, 2), (3, 4), (5, 0), (8, 12), (10, 14), (6, 16), (7, 13), (9, 15), (11, 17), (0, 1), (2, 3), (4, 5), (6, 7), (8, 9), (10, 11), (12, 13), (14, 15), (16, 17)], 'init_layer': [(0, 1), (2, 3), (4, 5), (6, 7), (8, 9), (10, 11), (12, 13), (14, 15), (16, 17)], 'layers': [[(0, 6), (2, 8), (4, 10), (12, 9), (14, 11), (16, 7), (15, 1), (17, 3), (13, 5)], [(1, 6), (3, 8), (5, 10), (7, 12), (9, 14), (11, 16), (13, 0), (15, 2), (17, 4)], [(1, 2), (3, 4), (5, 0), (8, 12), (10, 14), (6, 16), (7, 13), (9, 15), (11, 17)], [(0, 1), (2, 3), (4, 5), (6, 7), (8, 9), (10, 11), (12, 13), (14, 15), (16, 17)]], 'n': 18}
................................................................................................................................................................................................................................................................................................................................................................................ 
==========================================================================================
Finished basinhopping of  /home/jorisk2/HVQE/data/kagome/periodic/own_graph/opl/infidelity/3x2 at 2020-12-25 07:35:14.521739 UTC, with
 
{'path': '/home/jorisk2/HVQE/data/kagome/periodic/own_graph/opl/infidelity/3x2', 'n_par': 60, 'par_multiplicity': 9, 'n_iter': 0, 'cost_fn': 'infidelity', 'temperature': 1.0, 'stepsize': 1.0, 'init_par': None, 'dump_interval': None}
init_par = [3.648206149547105e-05, -0.00018384553093656086, 0.0002137466701818562, 0.000388775341538688, 4.674412449504777e-05, -0.00010371748022146478, -0.00038509570323652767, -1.4347293229952313e-05, 0.00028098666172154626, 0.00045479471894975705, 0.00047088550923831925, -0.00028117624389094407, 0.00034416713042176143, 0.0004609220881502127, 0.00018164580079224515, -0.0002505990919891795, -0.0003092596349152084, -0.00029217473963410567, -6.847751985483133e-05, -0.0003977338797394118, 2.5741050326715258e-05, -0.00023253856162708464, -0.00041711245041542867, -0.00019314883476470715, -0.00043602154685758046, 7.491346958079712e-05, 0.000178512530318664, 0.0004674714485608446, -0.00045202069133332546, 0.00034177449597463775, -0.0004230140147627215, 0.0002521163257693551, 0.0001753440767382384, 0.0004138343058063199, 0.00038670887631718726, 0.00010518196849132932, -0.00012635487631362785, -0.0004026769198555803, 5.766264215656836e-05, -3.368392559992408e-05, 7.820465356042877e-05, -0.00034371888263385865, 0.00019799141989168718, 0.0002503295256013041, -0.0002628789104724635, -0.0004418145159492408, 2.4767952415924856e-05, 0.00017273984491648355, 6.188092688248965e-06, 0.00031402878206520735, 0.0004264254840935512, -0.0002553259873403878, -0.0003457474893861655, -0.00022869167424670501, 0.0002194479540993166, -0.0004998061132902294, -0.00041554417027571833, -0.0003586772617342902, -0.00020499678355514805, -0.0004266994442531297]
 
RESULTS:
--------
E_VQE = -7.57077347703192
inf_VQE = 0.3795845049307789
n_fn_calls = 368
Wall-clock time 0.16251669294304316 hours
 
For more output, see /home/jorisk2/HVQE/data/kagome/periodic/own_graph/opl/infidelity/3x2/output.txt
Plots of output saved in /home/jorisk2/HVQE/data/kagome/periodic/own_graph/opl/infidelity/3x2
End of HVQE.py
==========================================================================================
CuPy installation found, continuing using GPU acceleration.
having the CPUs {32, 36, 8, 12, 16, 20, 24, 28} available.
Started basinhopping at 2020-12-25 07:35:19.453212 UTC, with
command line arguments = {'path': '/home/jorisk2/HVQE/data/kagome/periodic/own_graph/opl/infidelity/3x2', 'n_par': 64, 'par_multiplicity': 9, 'n_iter': 0, 'cost_fn': 'infidelity', 'temperature': 1.0, 'stepsize': 1.0, 'init_par': None, 'dump_interval': None}
runtime variables =  {'GPU': True, 'date_start': '2020-12-25 07:35:19.453212', 'complete_graph': [(0, 6), (2, 8), (4, 10), (12, 9), (14, 11), (16, 7), (15, 1), (17, 3), (13, 5), (1, 6), (3, 8), (5, 10), (7, 12), (9, 14), (11, 16), (13, 0), (15, 2), (17, 4), (1, 2), (3, 4), (5, 0), (8, 12), (10, 14), (6, 16), (7, 13), (9, 15), (11, 17), (0, 1), (2, 3), (4, 5), (6, 7), (8, 9), (10, 11), (12, 13), (14, 15), (16, 17)], 'init_layer': [(0, 1), (2, 3), (4, 5), (6, 7), (8, 9), (10, 11), (12, 13), (14, 15), (16, 17)], 'layers': [[(0, 6), (2, 8), (4, 10), (12, 9), (14, 11), (16, 7), (15, 1), (17, 3), (13, 5)], [(1, 6), (3, 8), (5, 10), (7, 12), (9, 14), (11, 16), (13, 0), (15, 2), (17, 4)], [(1, 2), (3, 4), (5, 0), (8, 12), (10, 14), (6, 16), (7, 13), (9, 15), (11, 17)], [(0, 1), (2, 3), (4, 5), (6, 7), (8, 9), (10, 11), (12, 13), (14, 15), (16, 17)]], 'n': 18}
................................................................................................................................................................................................................................................................................................................................ 
==========================================================================================
Finished basinhopping of  /home/jorisk2/HVQE/data/kagome/periodic/own_graph/opl/infidelity/3x2 at 2020-12-25 07:44:27.287865 UTC, with
 
{'path': '/home/jorisk2/HVQE/data/kagome/periodic/own_graph/opl/infidelity/3x2', 'n_par': 64, 'par_multiplicity': 9, 'n_iter': 0, 'cost_fn': 'infidelity', 'temperature': 1.0, 'stepsize': 1.0, 'init_par': None, 'dump_interval': None}
init_par = [-2.7822478030616223e-05, -0.0002916987300109965, 3.0088951693468444e-05, 0.000260270873990551, -0.0003366131427560803, -0.0002798897263305638, 0.00046714063617717626, 0.00019485727273623127, 0.0003234543838622567, 9.722588991447397e-05, -9.15846149755474e-05, 0.000292112514532613, -0.0004510360693775005, 0.00034406260893180983, 0.00022008355879079287, -0.00018710536821888536, -6.474908777284326e-05, 0.00045923033197865944, -0.0004150418458309726, -0.00048164854431169456, 0.00018381541622694022, -0.0004212788626660341, -0.0003854400420415806, 0.00027274297304785483, -0.00020853470993302227, -4.320779964148814e-05, 0.0003347907748945053, -0.00042170644851261907, -0.00023545381702261829, 2.5867639949617442e-05, -0.00029966195371002296, 0.00031721137131562026, 0.00038478682820769516, 0.00035906284170959953, 0.00013683062078930007, -1.0314009255019694e-05, 0.0003075581285958126, 4.1857431898993636e-05, 2.96963885432958e-05, 0.0004745902858562498, -0.00013721079027851892, 0.0004018077265997617, 0.00048463723476829205, -0.0002814235295500053, 0.0001305334739354039, -1.1444736566839416e-05, -0.00012788513226626652, -0.00042653682735038214, 0.0002829385223444116, 0.00034777841832923765, -6.852780715584772e-05, 0.00023101141749402952, 0.00027646810221061485, -0.00022838861350906803, -1.6102586543072076e-05, 0.00021048858008673873, 0.0003121184696013677, -0.00010460206109358118, -0.00024944534071416147, 2.945207018379282e-05, -0.0004649187191196108, 4.5104618615429085e-05, -1.3684710533124931e-05, -0.00010291695363353769]
 
RESULTS:
--------
E_VQE = -7.572186150049281
inf_VQE = 0.40530081553800246
n_fn_calls = 320
Wall-clock time 0.15192535009649066 hours
 
For more output, see /home/jorisk2/HVQE/data/kagome/periodic/own_graph/opl/infidelity/3x2/output.txt
Plots of output saved in /home/jorisk2/HVQE/data/kagome/periodic/own_graph/opl/infidelity/3x2
End of HVQE.py
==========================================================================================
CuPy installation found, continuing using GPU acceleration.
having the CPUs {32, 36, 8, 12, 16, 20, 24, 28} available.
Started basinhopping at 2020-12-25 07:44:32.089314 UTC, with
command line arguments = {'path': '/home/jorisk2/HVQE/data/kagome/periodic/own_graph/opl/infidelity/3x2', 'n_par': 68, 'par_multiplicity': 9, 'n_iter': 0, 'cost_fn': 'infidelity', 'temperature': 1.0, 'stepsize': 1.0, 'init_par': None, 'dump_interval': None}
runtime variables =  {'GPU': True, 'date_start': '2020-12-25 07:44:32.089314', 'complete_graph': [(0, 6), (2, 8), (4, 10), (12, 9), (14, 11), (16, 7), (15, 1), (17, 3), (13, 5), (1, 6), (3, 8), (5, 10), (7, 12), (9, 14), (11, 16), (13, 0), (15, 2), (17, 4), (1, 2), (3, 4), (5, 0), (8, 12), (10, 14), (6, 16), (7, 13), (9, 15), (11, 17), (0, 1), (2, 3), (4, 5), (6, 7), (8, 9), (10, 11), (12, 13), (14, 15), (16, 17)], 'init_layer': [(0, 1), (2, 3), (4, 5), (6, 7), (8, 9), (10, 11), (12, 13), (14, 15), (16, 17)], 'layers': [[(0, 6), (2, 8), (4, 10), (12, 9), (14, 11), (16, 7), (15, 1), (17, 3), (13, 5)], [(1, 6), (3, 8), (5, 10), (7, 12), (9, 14), (11, 16), (13, 0), (15, 2), (17, 4)], [(1, 2), (3, 4), (5, 0), (8, 12), (10, 14), (6, 16), (7, 13), (9, 15), (11, 17)], [(0, 1), (2, 3), (4, 5), (6, 7), (8, 9), (10, 11), (12, 13), (14, 15), (16, 17)]], 'n': 18}
.................................................................................................................................................................................................................................................................... 
==========================================================================================
Finished basinhopping of  /home/jorisk2/HVQE/data/kagome/periodic/own_graph/opl/infidelity/3x2 at 2020-12-25 07:52:27.453595 UTC, with
 
{'path': '/home/jorisk2/HVQE/data/kagome/periodic/own_graph/opl/infidelity/3x2', 'n_par': 68, 'par_multiplicity': 9, 'n_iter': 0, 'cost_fn': 'infidelity', 'temperature': 1.0, 'stepsize': 1.0, 'init_par': None, 'dump_interval': None}
init_par = [-0.00036199748587401715, 2.8447155903148376e-05, 0.0002761307358084611, 0.0004575069935164579, 0.00010315413580887721, -4.993679756372827e-05, -0.00025617857615904205, -0.000194391739453891, -0.00028414077832161874, 6.670458291409384e-05, 0.00021776779564291625, 6.426756303358721e-05, -0.00045487056075036537, -0.0001864132109863186, 0.00038911931243349753, 0.00013742812692243197, 0.00021860016473042548, -1.7977712905670282e-05, 0.00022689344009178705, 0.0004809446572531721, -0.00038368995685321243, 0.0004981667773469333, 0.00046410722350311213, -0.00036338704620200913, 0.00016712907013270717, 0.00020559930574377133, 0.0003382038140253529, -0.0003212215256102517, -0.00048620534529996264, -0.000397875792879279, 0.00048130700144685006, 0.0004452091208075657, -0.00011447660069697287, -9.512817391250705e-05, 0.0002847341230224564, -0.0003197306154169489, 0.00011178105995627511, 0.0004787119622420915, -0.0003860725825129873, 0.00029973991049567965, -0.0002755140479327716, 0.0004915604266206126, -0.0003535485472387402, 0.0002178262561561671, 0.00048221610105312175, 0.00029319396892569507, -0.00046719029693650385, 0.0004800269864347487, 0.00030333853179469736, -0.0003341377157578298, -0.0004491885922750681, -0.00020905003201995511, 0.0004369438405818467, -0.0003818053822584416, -0.0003922670378029555, -0.0002961493670078693, -0.00030472059606574556, -3.412482932572627e-05, 0.00042814305467997016, 0.0003777724589908275, 0.00010963741320158243, 0.0003391657559106871, -0.0003613936732690538, 0.0002851118689765845, 0.000484966250104715, 0.00013072254774365133, -0.00030769429805711736, -0.0004299720767656573]
 
RESULTS:
--------
E_VQE = -7.475217812552063
inf_VQE = 0.32057625056159667
n_fn_calls = 260
Wall-clock time 0.13177651266256968 hours
 
For more output, see /home/jorisk2/HVQE/data/kagome/periodic/own_graph/opl/infidelity/3x2/output.txt
Plots of output saved in /home/jorisk2/HVQE/data/kagome/periodic/own_graph/opl/infidelity/3x2
End of HVQE.py
==========================================================================================
CuPy installation found, continuing using GPU acceleration.
having the CPUs {32, 36, 8, 12, 16, 20, 24, 28} available.
Started basinhopping at 2020-12-25 07:52:32.506548 UTC, with
command line arguments = {'path': '/home/jorisk2/HVQE/data/kagome/periodic/own_graph/opl/infidelity/3x2', 'n_par': 72, 'par_multiplicity': 9, 'n_iter': 0, 'cost_fn': 'infidelity', 'temperature': 1.0, 'stepsize': 1.0, 'init_par': None, 'dump_interval': None}
runtime variables =  {'GPU': True, 'date_start': '2020-12-25 07:52:32.506548', 'complete_graph': [(0, 6), (2, 8), (4, 10), (12, 9), (14, 11), (16, 7), (15, 1), (17, 3), (13, 5), (1, 6), (3, 8), (5, 10), (7, 12), (9, 14), (11, 16), (13, 0), (15, 2), (17, 4), (1, 2), (3, 4), (5, 0), (8, 12), (10, 14), (6, 16), (7, 13), (9, 15), (11, 17), (0, 1), (2, 3), (4, 5), (6, 7), (8, 9), (10, 11), (12, 13), (14, 15), (16, 17)], 'init_layer': [(0, 1), (2, 3), (4, 5), (6, 7), (8, 9), (10, 11), (12, 13), (14, 15), (16, 17)], 'layers': [[(0, 6), (2, 8), (4, 10), (12, 9), (14, 11), (16, 7), (15, 1), (17, 3), (13, 5)], [(1, 6), (3, 8), (5, 10), (7, 12), (9, 14), (11, 16), (13, 0), (15, 2), (17, 4)], [(1, 2), (3, 4), (5, 0), (8, 12), (10, 14), (6, 16), (7, 13), (9, 15), (11, 17)], [(0, 1), (2, 3), (4, 5), (6, 7), (8, 9), (10, 11), (12, 13), (14, 15), (16, 17)]], 'n': 18}
........................................................................................................................................................................................................................................................................................................................................................................................................................................................................................................................................................................................ 
==========================================================================================
Finished basinhopping of  /home/jorisk2/HVQE/data/kagome/periodic/own_graph/opl/infidelity/3x2 at 2020-12-25 08:10:37.012696 UTC, with
 
{'path': '/home/jorisk2/HVQE/data/kagome/periodic/own_graph/opl/infidelity/3x2', 'n_par': 72, 'par_multiplicity': 9, 'n_iter': 0, 'cost_fn': 'infidelity', 'temperature': 1.0, 'stepsize': 1.0, 'init_par': None, 'dump_interval': None}
init_par = [-0.0003803597799786397, 0.0004606524153839937, -0.00023591289778595318, -0.00027798339975866485, 0.00018890394102352042, -0.00045317077558986943, 0.00016612719215152187, 0.00022502777228706496, 0.0003837248363455433, -0.0004965575644965047, -0.00029731392993245787, -0.00023093111714279538, 0.0004520489418008225, 0.0003249840201839353, 0.00021903079708091478, -0.00032004249298062224, 0.00044651454543555085, 0.0004522424422110933, -6.868184289195102e-05, 0.00047547256175801793, 0.00036916830124357524, 0.00039038811555364855, 0.0003508195261683123, -5.1692494253556586e-05, -5.374752634721737e-05, 0.0003676218453360767, -0.0002053116702557879, -0.00035229674385979005, 0.00034351489460378727, -0.00026358934495967394, -0.0002609393387707871, -0.0003117696399856702, -6.263211530095061e-05, -0.00018687752499944665, 0.0002004738250588763, 0.0002595129808419804, 0.00015667246245280398, -0.0002311548821918599, -0.0003025363375543606, -0.0002131626821015792, -0.0002707241247447678, 5.31933804757981e-05, 0.0003165348898477448, 5.5767931359913423e-05, 6.176686107555297e-05, -0.00015884111865558195, -0.0003270485448779619, -0.00034570235955923366, -0.00027697509625724626, 0.00021191582637472897, 0.00019249034417198607, -0.0004053518351879356, 0.00022916663645507652, 0.0004062793962650846, 3.0367831448687246e-05, 0.00023626651873335516, -0.000287897169903652, 0.00038346197735622057, -0.00010881188503848683, -6.0626708359992826e-05, -9.616295018151767e-05, -0.00019143167674035212, -0.00027011365054384784, 0.00023193152322371088, 0.000175822992291908, -4.3562756707257104e-05, -0.0002894685682502219, 0.00024105745269503427, -0.00013229296589453764, 0.00010916964917360311, -0.0002191108932252158, -0.00036771583509913645]
 
RESULTS:
--------
E_VQE = -7.5438663370312105
inf_VQE = 0.34343581158399705
n_fn_calls = 568
Wall-clock time 0.30097469627857204 hours
 
For more output, see /home/jorisk2/HVQE/data/kagome/periodic/own_graph/opl/infidelity/3x2/output.txt
Plots of output saved in /home/jorisk2/HVQE/data/kagome/periodic/own_graph/opl/infidelity/3x2
End of HVQE.py
==========================================================================================
CuPy installation found, continuing using GPU acceleration.
having the CPUs {32, 36, 8, 12, 16, 20, 24, 28} available.
Started basinhopping at 2020-12-25 08:10:42.031637 UTC, with
command line arguments = {'path': '/home/jorisk2/HVQE/data/kagome/periodic/own_graph/opl/infidelity/3x2', 'n_par': 76, 'par_multiplicity': 9, 'n_iter': 0, 'cost_fn': 'infidelity', 'temperature': 1.0, 'stepsize': 1.0, 'init_par': None, 'dump_interval': None}
runtime variables =  {'GPU': True, 'date_start': '2020-12-25 08:10:42.031637', 'complete_graph': [(0, 6), (2, 8), (4, 10), (12, 9), (14, 11), (16, 7), (15, 1), (17, 3), (13, 5), (1, 6), (3, 8), (5, 10), (7, 12), (9, 14), (11, 16), (13, 0), (15, 2), (17, 4), (1, 2), (3, 4), (5, 0), (8, 12), (10, 14), (6, 16), (7, 13), (9, 15), (11, 17), (0, 1), (2, 3), (4, 5), (6, 7), (8, 9), (10, 11), (12, 13), (14, 15), (16, 17)], 'init_layer': [(0, 1), (2, 3), (4, 5), (6, 7), (8, 9), (10, 11), (12, 13), (14, 15), (16, 17)], 'layers': [[(0, 6), (2, 8), (4, 10), (12, 9), (14, 11), (16, 7), (15, 1), (17, 3), (13, 5)], [(1, 6), (3, 8), (5, 10), (7, 12), (9, 14), (11, 16), (13, 0), (15, 2), (17, 4)], [(1, 2), (3, 4), (5, 0), (8, 12), (10, 14), (6, 16), (7, 13), (9, 15), (11, 17)], [(0, 1), (2, 3), (4, 5), (6, 7), (8, 9), (10, 11), (12, 13), (14, 15), (16, 17)]], 'n': 18}
.................................................................................................................................................................................................................................................................................................................................................................................................................................................................................................. 
==========================================================================================
Finished basinhopping of  /home/jorisk2/HVQE/data/kagome/periodic/own_graph/opl/infidelity/3x2 at 2020-12-25 08:27:20.292141 UTC, with
 
{'path': '/home/jorisk2/HVQE/data/kagome/periodic/own_graph/opl/infidelity/3x2', 'n_par': 76, 'par_multiplicity': 9, 'n_iter': 0, 'cost_fn': 'infidelity', 'temperature': 1.0, 'stepsize': 1.0, 'init_par': None, 'dump_interval': None}
init_par = [0.00047464435177185284, 0.0002524466877932509, 0.00047654979411487395, -0.0003639008163495641, 0.00045520918930673255, 3.28495994113844e-05, 0.00038630716902005285, 0.000368695924719581, -4.299921423407097e-05, 3.161873195183971e-05, 0.00033758380569641954, -3.731081869040966e-05, 0.00019667301979827377, -0.0003449657457295463, -0.00036130630876910397, -0.0001300047276292584, 0.00024890863211463456, 0.0004594100975643991, -0.00048288980723023623, 0.00043252496639957863, -0.00039960272989156135, -0.0001686729050590323, -0.00015869712681743087, -0.0002077842610190648, 0.00032088896179769365, 0.0004526383136051799, -3.99284264114688e-05, 0.00040048656346280736, 0.00026616100466638805, 0.0004704688935374341, -0.0004431128030332392, -8.728375916094956e-05, -0.0004201981270636438, 0.0003434781949832206, -5.410641915660087e-05, 6.300406899640545e-05, -0.00032781065310418997, -0.00020062832016461097, 0.0003735226705240508, 0.00015213512739072435, 2.5739590073103e-05, 0.00033351898268894897, -0.00018115622138844867, -0.00014465122884377404, 0.00011943702286354408, -0.00036942169703865606, 0.0001905547071116441, 0.0002607815820470044, 0.00017233715983553256, 0.00022558597628041452, 0.0003300126315814467, 7.37931733959513e-05, -4.8962349354555806e-05, -0.00047367817537299754, 0.0002959196241641021, -0.0003013666648218474, -0.0004391672117691827, 0.0002669384086087021, -6.277947212851977e-05, -0.00030433905210221744, -0.0002779224945671444, 0.00041308681489077097, -0.00036954910080685803, 0.0001436563094903444, -0.00035850940289168, -5.280657440264472e-05, -0.0003849700919589384, -0.0003659511453006544, 0.0004883958879915785, 0.00012974449733787964, 0.000306409668529118, 0.0003405485374967706, 0.0004014616834977446, -3.7103266336273484e-05, -0.00022044077835680774, -2.331343861869796e-05]
 
RESULTS:
--------
E_VQE = -7.51999936391884
inf_VQE = 0.33305060190339364
n_fn_calls = 482
Wall-clock time 0.27700153284602697 hours
 
For more output, see /home/jorisk2/HVQE/data/kagome/periodic/own_graph/opl/infidelity/3x2/output.txt
Plots of output saved in /home/jorisk2/HVQE/data/kagome/periodic/own_graph/opl/infidelity/3x2
End of HVQE.py
==========================================================================================
CuPy installation found, continuing using GPU acceleration.
having the CPUs {32, 36, 8, 12, 16, 20, 24, 28} available.
Started basinhopping at 2020-12-25 08:27:25.479471 UTC, with
command line arguments = {'path': '/home/jorisk2/HVQE/data/kagome/periodic/own_graph/opl/infidelity/3x2', 'n_par': 80, 'par_multiplicity': 9, 'n_iter': 0, 'cost_fn': 'infidelity', 'temperature': 1.0, 'stepsize': 1.0, 'init_par': None, 'dump_interval': None}
runtime variables =  {'GPU': True, 'date_start': '2020-12-25 08:27:25.479471', 'complete_graph': [(0, 6), (2, 8), (4, 10), (12, 9), (14, 11), (16, 7), (15, 1), (17, 3), (13, 5), (1, 6), (3, 8), (5, 10), (7, 12), (9, 14), (11, 16), (13, 0), (15, 2), (17, 4), (1, 2), (3, 4), (5, 0), (8, 12), (10, 14), (6, 16), (7, 13), (9, 15), (11, 17), (0, 1), (2, 3), (4, 5), (6, 7), (8, 9), (10, 11), (12, 13), (14, 15), (16, 17)], 'init_layer': [(0, 1), (2, 3), (4, 5), (6, 7), (8, 9), (10, 11), (12, 13), (14, 15), (16, 17)], 'layers': [[(0, 6), (2, 8), (4, 10), (12, 9), (14, 11), (16, 7), (15, 1), (17, 3), (13, 5)], [(1, 6), (3, 8), (5, 10), (7, 12), (9, 14), (11, 16), (13, 0), (15, 2), (17, 4)], [(1, 2), (3, 4), (5, 0), (8, 12), (10, 14), (6, 16), (7, 13), (9, 15), (11, 17)], [(0, 1), (2, 3), (4, 5), (6, 7), (8, 9), (10, 11), (12, 13), (14, 15), (16, 17)]], 'n': 18}
............................................................................................................................................................................................................................................................................................................................................................................................................................................................................................................................................................................................................................................................................................................................................................................................................... 
==========================================================================================
Finished basinhopping of  /home/jorisk2/HVQE/data/kagome/periodic/own_graph/opl/infidelity/3x2 at 2020-12-25 08:55:06.360904 UTC, with
 
{'path': '/home/jorisk2/HVQE/data/kagome/periodic/own_graph/opl/infidelity/3x2', 'n_par': 80, 'par_multiplicity': 9, 'n_iter': 0, 'cost_fn': 'infidelity', 'temperature': 1.0, 'stepsize': 1.0, 'init_par': None, 'dump_interval': None}
init_par = [-0.0003633537808532712, 0.0002591158980080286, -0.00042398700492604993, -0.00041582131570592687, -1.299189781783116e-05, 2.311170008204586e-05, 0.0004942695217305837, -0.0003659551649880144, 3.3736077561895414e-05, -0.00011383971441790056, -0.00048421164939655613, -0.0003264136806673025, 0.00028417968212192824, -0.0003713913072648342, -2.160868030830665e-05, 5.8770764759213945e-05, -0.00026238992092143066, -3.728460407954838e-05, -0.0003160560079176367, 9.98071806648953e-05, 0.0004450215082561637, 0.00010417090412978385, 0.00033902335116950497, -0.0003082163645497815, -0.00018051694638539662, 0.00018311356088073708, 1.8552913189414516e-05, -0.0004316865878802904, 0.00015059045262284646, -7.935367736343704e-05, 0.0002668593443896118, -0.00019094378823465718, 0.0003380442765309143, 0.00032338217040467376, -0.00031618565980006275, -0.0001752437924150607, -0.0004171353330156065, 0.00023332851353183087, -0.0001795600803218781, 0.0003084569623849772, -6.19671625544429e-05, -0.0004557420823407281, 0.000454661597564135, 0.00034306776510494735, 0.00020516072354050206, -1.8554440517366453e-05, 0.00025906801000203825, 0.00038409090701355694, 0.0002769868479072146, 0.00013740306799938794, -0.0002687952646384957, -0.00011844753969143308, 9.750834727442119e-05, 0.00020456215216501533, 0.00048582739334392306, 0.0003740700433057891, -0.0004247551243294743, -0.00029901971132450514, -8.189785583006507e-05, -2.1718449033627553e-05, 0.0003197648165518238, 0.0004044216650563062, -0.00033127639249786237, -3.83938207402864e-05, -0.00015179137076455244, -0.00031363111704097867, 0.0003324168704742596, 0.00038217330823968646, -0.000181271994717108, 0.00015463365504723254, -0.0003897015058445249, -0.0004561522576852194, 1.8575995002069836e-05, -0.0001055968053692509, -0.00029553073088836346, -0.0003120963961462612, -0.00046501192002572047, -0.0003467170917927072, -9.548556568251122e-05, -0.00014517053523232306]
 
RESULTS:
--------
E_VQE = -7.458858447167405
inf_VQE = 0.26297117234768386
n_fn_calls = 783
Wall-clock time 0.4610607664452659 hours
 
For more output, see /home/jorisk2/HVQE/data/kagome/periodic/own_graph/opl/infidelity/3x2/output.txt
Plots of output saved in /home/jorisk2/HVQE/data/kagome/periodic/own_graph/opl/infidelity/3x2
End of HVQE.py
==========================================================================================
