No CuPy installation found, continuing without GPU acceleration.
having the CPUs {42, 43, 14, 15} available.
Started basinhopping at 2021-01-11 20:50:28.968183 UTC, with
command line arguments = {'path': '/home/jkattem1/HVQE/data/kagome/periodic/own_graph/opg/energy/4x2', 'n_par': 48, 'par_multiplicity': 1, 'n_iter': 0, 'cost_fn': 'energy', 'temperature': 1.0, 'stepsize': 1.0, 'init_par': None, 'dump_interval': 64}
runtime variables =  {'GPU': False, 'date_start': '2021-01-11 20:50:28.968183', 'complete_graph': [(0, 8), (2, 10), (4, 12), (6, 14), (16, 11), (18, 13), (20, 15), (22, 9), (19, 1), (21, 3), (23, 5), (17, 7), (1, 8), (3, 10), (5, 12), (7, 14), (9, 16), (11, 18), (13, 20), (15, 22), (17, 0), (19, 2), (21, 4), (23, 6), (1, 2), (3, 4), (5, 6), (7, 0), (10, 16), (12, 18), (14, 20), (8, 22), (9, 17), (11, 19), (13, 21), (15, 23), (0, 1), (2, 3), (4, 5), (6, 7), (8, 9), (10, 11), (12, 13), (14, 15), (16, 17), (18, 19), (20, 21), (22, 23)], 'init_layer': [(0, 1), (2, 3), (4, 5), (6, 7), (8, 9), (10, 11), (12, 13), (14, 15), (16, 17), (18, 19), (20, 21), (22, 23)], 'layers': [[(0, 8), (2, 10), (4, 12), (6, 14), (16, 11), (18, 13), (20, 15), (22, 9), (19, 1), (21, 3), (23, 5), (17, 7)], [(1, 8), (3, 10), (5, 12), (7, 14), (9, 16), (11, 18), (13, 20), (15, 22), (17, 0), (19, 2), (21, 4), (23, 6)], [(1, 2), (3, 4), (5, 6), (7, 0), (10, 16), (12, 18), (14, 20), (8, 22), (9, 17), (11, 19), (13, 21), (15, 23)], [(0, 1), (2, 3), (4, 5), (6, 7), (8, 9), (10, 11), (12, 13), (14, 15), (16, 17), (18, 19), (20, 21), (22, 23)]], 'n': 24}
................................................................Data dump on 2021-01-11 23:18:35.455124
.................................... 
==========================================================================================
Finished basinhopping of  /home/jkattem1/HVQE/data/kagome/periodic/own_graph/opg/energy/4x2 at 2021-01-12 00:50:08.749018 UTC, with
 
{'path': '/home/jkattem1/HVQE/data/kagome/periodic/own_graph/opg/energy/4x2', 'n_par': 48, 'par_multiplicity': 1, 'n_iter': 0, 'cost_fn': 'energy', 'temperature': 1.0, 'stepsize': 1.0, 'init_par': None, 'dump_interval': 64}
init_par = [-0.0002750664348478045, 0.00045540190726734765, -0.00039792816431644606, 0.00027545995507618083, 0.00026072532143346996, -0.00020856374401377663, 0.00046344236605573835, -9.289380961155058e-05, 0.00021060287754964217, -0.00010245456998942158, -0.0004956714408904738, -0.0003420744816387349, -0.0002931052838424003, -0.00015721486053136202, -0.00039666927564895873, 0.00018585394137001475, -0.00036484937937210837, -0.0003993671006965743, -0.00014239897778270096, -2.9589612117446957e-05, 0.0004249689163702406, -0.0001698091771222389, 0.00040739867700875494, 0.00029201478001097123, 1.2665316744080862e-05, 0.00026967984766397893, -0.00041934035036757277, 7.081154784180192e-06, 0.000223579312323051, 0.00046731575161781784, 0.00020902082189564982, -7.68325887806193e-05, 0.00030326153369697126, 0.0002192578614541212, 9.066481792102806e-05, 0.00048398389434711124, 0.00023815590032344447, 0.0003515468299175997, -0.00025327963314434335, -6.131736672025125e-05, 0.00037876005168001076, 0.00011233796244031148, -0.00025148537204363496, 4.8737812575882426e-05, 0.0003612396311013173, -7.053758029372038e-05, -0.00029045509199656164, -0.00015311983307839675]
 
RESULTS:
--------
E_VQE = -10.268527348629927
inf_VQE = 0.9978237000065666
n_fn_calls = 100
Wall-clock time 3.9868804583946864 hours
 
For more output, see /home/jkattem1/HVQE/data/kagome/periodic/own_graph/opg/energy/4x2/output.txt
Plots of output saved in /home/jkattem1/HVQE/data/kagome/periodic/own_graph/opg/energy/4x2
End of HVQE.py
==========================================================================================
No CuPy installation found, continuing without GPU acceleration.
having the CPUs {42, 43, 14, 15} available.
Started basinhopping at 2021-01-12 00:50:13.098718 UTC, with
command line arguments = {'path': '/home/jkattem1/HVQE/data/kagome/periodic/own_graph/opg/energy/4x2', 'n_par': 96, 'par_multiplicity': 1, 'n_iter': 0, 'cost_fn': 'energy', 'temperature': 1.0, 'stepsize': 1.0, 'init_par': None, 'dump_interval': 64}
runtime variables =  {'GPU': False, 'date_start': '2021-01-12 00:50:13.098718', 'complete_graph': [(0, 8), (2, 10), (4, 12), (6, 14), (16, 11), (18, 13), (20, 15), (22, 9), (19, 1), (21, 3), (23, 5), (17, 7), (1, 8), (3, 10), (5, 12), (7, 14), (9, 16), (11, 18), (13, 20), (15, 22), (17, 0), (19, 2), (21, 4), (23, 6), (1, 2), (3, 4), (5, 6), (7, 0), (10, 16), (12, 18), (14, 20), (8, 22), (9, 17), (11, 19), (13, 21), (15, 23), (0, 1), (2, 3), (4, 5), (6, 7), (8, 9), (10, 11), (12, 13), (14, 15), (16, 17), (18, 19), (20, 21), (22, 23)], 'init_layer': [(0, 1), (2, 3), (4, 5), (6, 7), (8, 9), (10, 11), (12, 13), (14, 15), (16, 17), (18, 19), (20, 21), (22, 23)], 'layers': [[(0, 8), (2, 10), (4, 12), (6, 14), (16, 11), (18, 13), (20, 15), (22, 9), (19, 1), (21, 3), (23, 5), (17, 7)], [(1, 8), (3, 10), (5, 12), (7, 14), (9, 16), (11, 18), (13, 20), (15, 22), (17, 0), (19, 2), (21, 4), (23, 6)], [(1, 2), (3, 4), (5, 6), (7, 0), (10, 16), (12, 18), (14, 20), (8, 22), (9, 17), (11, 19), (13, 21), (15, 23)], [(0, 1), (2, 3), (4, 5), (6, 7), (8, 9), (10, 11), (12, 13), (14, 15), (16, 17), (18, 19), (20, 21), (22, 23)]], 'n': 24}
................................................................Data dump on 2021-01-12 04:56:11.510581
................................................................Data dump on 2021-01-12 08:59:13.225853
................................................................Data dump on 2021-01-12 13:08:59.243745
................................................................Data dump on 2021-01-12 18:08:03.530730
........................................................... 
==========================================================================================
Finished basinhopping of  /home/jkattem1/HVQE/data/kagome/periodic/own_graph/opg/energy/4x2 at 2021-01-12 23:29:38.781531 UTC, with
 
{'path': '/home/jkattem1/HVQE/data/kagome/periodic/own_graph/opg/energy/4x2', 'n_par': 96, 'par_multiplicity': 1, 'n_iter': 0, 'cost_fn': 'energy', 'temperature': 1.0, 'stepsize': 1.0, 'init_par': None, 'dump_interval': 64}
init_par = [7.811672640994991e-05, -7.475511757462926e-05, 9.772291330468726e-05, 0.00031143223480982897, 0.0004238131629868019, 0.00023979124861784132, -0.00021586498101770058, -0.0002049505329786976, -0.0003204587633389024, 0.0003100230218148382, -0.00018979492308854475, 0.00024019322638341774, 0.00046348190575639, -0.00027692119439230766, 0.0004056796594662051, 0.0004413937768160542, -0.00014548956178591136, 0.00040225152666744973, -0.0004333599777300304, -0.000328002166664631, -0.0004897849457105532, -0.00011572194860883102, -0.000345305193675006, -0.0004776050384746233, 0.0004983360310994607, -5.886887296029488e-05, 0.00020060534057925997, -0.00018456627121599237, 8.611056607414234e-06, 1.1112222790172783e-05, -6.365217032998718e-05, 8.487117344472693e-05, -0.00013565166841744746, 0.0004879188468020566, -0.00023801951215203602, -0.0002538873337535319, 0.0002721578153265747, -0.0003756709342376509, -0.0004705236462557936, -0.0004403863100587967, -0.0002458009597143198, -0.0003973560338434216, -0.00013263735209991792, -0.0002894730085772831, 4.792134901611563e-05, -0.00010796042659991445, -0.0001696487184881718, 0.00029618580117392757, -0.00012853914886244955, -0.00044452697299195734, -0.00010382291207258054, -9.169957632372116e-05, -0.0003975417065753867, -0.00045181759073091246, -0.00022085438487898245, -0.00044130594147525726, 7.984803903380558e-05, -6.622878689275472e-05, -8.499175321994911e-05, 0.00011681651655380792, -4.347519612501663e-05, -0.00041240989778767534, -0.00036477548585419977, 0.000380101430617898, 0.00011829607721599352, -0.00038458389549676385, 0.00023884033654039986, -0.00039344890628226193, 0.00045368252235550256, -0.0003216650456976774, -6.393420195618851e-05, -6.828007447970863e-05, 3.134171304906559e-05, -0.00031466321997780254, -3.6959405508440774e-05, 0.00021027402469075594, 0.00042050057888933315, -9.772993181615653e-05, -0.0003031214830365613, 0.00023764787242340133, -0.0004918083602488423, -0.00013498481930069786, -0.0004491784524496507, 0.00020713929457298022, 0.00046558580354201843, -0.00023453408510120234, -0.00015896018585132433, 9.693760049104866e-05, -0.00046308333757648113, -0.00020761536049260346, -0.00010862393667774185, 0.00034833838739887287, 0.00027272007222952103, -0.000387266595326389, -0.0003912623548457075, 0.0002761975855377455]
 
RESULTS:
--------
E_VQE = -10.417576138877404
inf_VQE = 0.9995139981347877
n_fn_calls = 315
Wall-clock time 22.6367746001482 hours
 
For more output, see /home/jkattem1/HVQE/data/kagome/periodic/own_graph/opg/energy/4x2/output.txt
Plots of output saved in /home/jkattem1/HVQE/data/kagome/periodic/own_graph/opg/energy/4x2
End of HVQE.py
==========================================================================================
No CuPy installation found, continuing without GPU acceleration.
having the CPUs {42, 43, 14, 15} available.
Started basinhopping at 2021-01-12 23:29:43.120954 UTC, with
command line arguments = {'path': '/home/jkattem1/HVQE/data/kagome/periodic/own_graph/opg/energy/4x2', 'n_par': 144, 'par_multiplicity': 1, 'n_iter': 0, 'cost_fn': 'energy', 'temperature': 1.0, 'stepsize': 1.0, 'init_par': None, 'dump_interval': 64}
runtime variables =  {'GPU': False, 'date_start': '2021-01-12 23:29:43.120954', 'complete_graph': [(0, 8), (2, 10), (4, 12), (6, 14), (16, 11), (18, 13), (20, 15), (22, 9), (19, 1), (21, 3), (23, 5), (17, 7), (1, 8), (3, 10), (5, 12), (7, 14), (9, 16), (11, 18), (13, 20), (15, 22), (17, 0), (19, 2), (21, 4), (23, 6), (1, 2), (3, 4), (5, 6), (7, 0), (10, 16), (12, 18), (14, 20), (8, 22), (9, 17), (11, 19), (13, 21), (15, 23), (0, 1), (2, 3), (4, 5), (6, 7), (8, 9), (10, 11), (12, 13), (14, 15), (16, 17), (18, 19), (20, 21), (22, 23)], 'init_layer': [(0, 1), (2, 3), (4, 5), (6, 7), (8, 9), (10, 11), (12, 13), (14, 15), (16, 17), (18, 19), (20, 21), (22, 23)], 'layers': [[(0, 8), (2, 10), (4, 12), (6, 14), (16, 11), (18, 13), (20, 15), (22, 9), (19, 1), (21, 3), (23, 5), (17, 7)], [(1, 8), (3, 10), (5, 12), (7, 14), (9, 16), (11, 18), (13, 20), (15, 22), (17, 0), (19, 2), (21, 4), (23, 6)], [(1, 2), (3, 4), (5, 6), (7, 0), (10, 16), (12, 18), (14, 20), (8, 22), (9, 17), (11, 19), (13, 21), (15, 23)], [(0, 1), (2, 3), (4, 5), (6, 7), (8, 9), (10, 11), (12, 13), (14, 15), (16, 17), (18, 19), (20, 21), (22, 23)]], 'n': 24}
................................................................Data dump on 2021-01-13 07:19:08.714779
................................................................Data dump on 2021-01-13 14:41:13.834570
................................................................Data dump on 2021-01-13 22:13:40.358715
................................................................Data dump on 2021-01-14 05:57:53.670516
................................................................Data dump on 2021-01-14 13:41:28.149696
................................................................Data dump on 2021-01-14 21:20:21.981851
.............................. 
==========================================================================================
Finished basinhopping of  /home/jkattem1/HVQE/data/kagome/periodic/own_graph/opg/energy/4x2 at 2021-01-15 00:46:57.075443 UTC, with
 
{'path': '/home/jkattem1/HVQE/data/kagome/periodic/own_graph/opg/energy/4x2', 'n_par': 144, 'par_multiplicity': 1, 'n_iter': 0, 'cost_fn': 'energy', 'temperature': 1.0, 'stepsize': 1.0, 'init_par': None, 'dump_interval': 64}
init_par = [-0.00042680600793886637, -0.00031719887819547053, 0.00016001028199172937, 0.00038377615773408367, 0.00018848091459908525, -9.968794629550696e-05, 2.7518425632258093e-05, 0.00013670975470948268, -5.956883669437966e-06, -0.0002739231148663637, -0.00013269477543665623, -0.0004419148179013304, -0.00023031030573195587, 0.0004848332741016739, -2.023423382855981e-05, -0.0003945064422347709, -8.724805795226864e-05, 0.0004299267743865643, -0.00012688576602480476, -0.0002808372794851896, -0.0004006544356959286, 0.00030749803560130165, -0.00045111040071097033, -1.0842154051188095e-05, -0.00013495578855311806, -0.000488901994437136, 0.0004997699176082732, -0.0002077196379428765, 0.00020884135629157283, -0.00046452308227099595, 0.00023832736589841355, 0.00016592656825610368, -0.0004997029126807941, 3.105907424752756e-05, -0.00017038779023952034, 0.00032626882600604167, 0.00022401602112712387, 0.0004280425542606411, 0.0002589593451163806, -0.0004814902506721972, 0.0002482237232879827, 0.0002897707740408356, -0.00025561630048825533, 0.0003936411044186965, -0.00017147045405690222, 4.3730398231431734e-05, 0.00011257014223442822, 4.080942863250291e-05, 0.0004934008921954384, 0.0004494776850200203, 0.00048132640197903255, -0.0003125401517083806, -0.00034441441410683435, -0.0002629718297605065, 0.0003222647012446127, -0.0003005713596278531, -0.0002956991429444952, 0.00041581344342787256, -0.00048191199482943125, -0.00019916748838390242, -0.0003204448539741813, -0.00012074120295819582, 0.0003801589439566671, 0.00025610576870896645, 1.0415910259951129e-05, -0.00045446562276581947, 4.938490027130821e-05, -0.0002601755933983986, 0.0003511965924567702, -0.00046471552602238785, -0.00021120994207352262, 8.197679763779478e-05, -9.631529902671764e-05, -0.000260971059166437, -0.0001428390942214294, 0.0001104024047978979, -0.00042810992286560824, -0.0001117096578901197, -1.0425043472858447e-05, 0.0004078501372765656, -0.0003194670878821869, 0.00015168629016027867, -0.0003314604125060553, 0.00043287597404063276, 6.184625471409915e-05, -0.00034898771863570567, 0.00023199364565090676, 2.6781609971187844e-05, 7.870024073910586e-05, -0.0004928003043138332, -0.00041225957931534266, -0.00040932316786105493, -2.916996910739899e-05, 0.00023351892195182613, 0.00047927280985027884, 0.00021903196601586405, 0.00023158019960945657, -0.00033441352066422727, 0.00019625817568783076, -0.0004894029183899783, -0.00018090845958125356, 0.00016126449003399325, -4.7545423832308516e-05, 0.00048255636226311304, 0.00043155555995774903, -0.0003284040065647284, -0.0001269071979537384, 0.0004259896194184538, -0.00011843020728134903, 8.971279819578728e-05, -0.00026076843011190576, -0.00022886918803704718, -3.6966375562044176e-05, -0.00020948876626356738, 0.00041451711959899086, 4.2948674815224434e-05, 7.171744409831021e-05, -5.127546236942382e-05, 0.00010374763910475518, -0.000255071673115174, -0.00015061846205910082, 0.00024829419816483516, 0.00016479107073053608, -0.0004819904320434123, 0.00011987318690998819, -0.00018499766891264983, 0.00043782353328890126, 0.0003753225753206601, -0.0004579019871463488, 0.00019053812195263264, -0.00032585433805152795, 0.00012416754921278528, -0.00019736302693655242, 0.0004897957896613067, -0.00022862986040561183, 2.7671791499099823e-05, -0.00021765385301543796, -0.0004576032286564975, -0.00021496192343395707, -0.00022601486531887116, -0.000431585101490675, 0.00044780750781550616, -0.0004981493744119536, -2.3649969678840035e-05]
 
RESULTS:
--------
E_VQE = -10.524509501565385
inf_VQE = 0.9528166043233148
n_fn_calls = 414
Wall-clock time 49.25409556587537 hours
 
For more output, see /home/jkattem1/HVQE/data/kagome/periodic/own_graph/opg/energy/4x2/output.txt
Plots of output saved in /home/jkattem1/HVQE/data/kagome/periodic/own_graph/opg/energy/4x2
End of HVQE.py
==========================================================================================
No CuPy installation found, continuing without GPU acceleration.
having the CPUs {42, 43, 14, 15} available.
Started basinhopping at 2021-01-15 00:47:01.966130 UTC, with
command line arguments = {'path': '/home/jkattem1/HVQE/data/kagome/periodic/own_graph/opg/energy/4x2', 'n_par': 192, 'par_multiplicity': 1, 'n_iter': 0, 'cost_fn': 'energy', 'temperature': 1.0, 'stepsize': 1.0, 'init_par': None, 'dump_interval': 64}
runtime variables =  {'GPU': False, 'date_start': '2021-01-15 00:47:01.966130', 'complete_graph': [(0, 8), (2, 10), (4, 12), (6, 14), (16, 11), (18, 13), (20, 15), (22, 9), (19, 1), (21, 3), (23, 5), (17, 7), (1, 8), (3, 10), (5, 12), (7, 14), (9, 16), (11, 18), (13, 20), (15, 22), (17, 0), (19, 2), (21, 4), (23, 6), (1, 2), (3, 4), (5, 6), (7, 0), (10, 16), (12, 18), (14, 20), (8, 22), (9, 17), (11, 19), (13, 21), (15, 23), (0, 1), (2, 3), (4, 5), (6, 7), (8, 9), (10, 11), (12, 13), (14, 15), (16, 17), (18, 19), (20, 21), (22, 23)], 'init_layer': [(0, 1), (2, 3), (4, 5), (6, 7), (8, 9), (10, 11), (12, 13), (14, 15), (16, 17), (18, 19), (20, 21), (22, 23)], 'layers': [[(0, 8), (2, 10), (4, 12), (6, 14), (16, 11), (18, 13), (20, 15), (22, 9), (19, 1), (21, 3), (23, 5), (17, 7)], [(1, 8), (3, 10), (5, 12), (7, 14), (9, 16), (11, 18), (13, 20), (15, 22), (17, 0), (19, 2), (21, 4), (23, 6)], [(1, 2), (3, 4), (5, 6), (7, 0), (10, 16), (12, 18), (14, 20), (8, 22), (9, 17), (11, 19), (13, 21), (15, 23)], [(0, 1), (2, 3), (4, 5), (6, 7), (8, 9), (10, 11), (12, 13), (14, 15), (16, 17), (18, 19), (20, 21), (22, 23)]], 'n': 24}
................................................................Data dump on 2021-01-15 09:52:37.764002
................................................................Data dump on 2021-01-15 18:57:20.772525
................................................................Data dump on 2021-01-16 03:59:07.754593
................................................................Data dump on 2021-01-16 13:05:28.103451
................................................................Data dump on 2021-01-16 22:45:51.617118
................................................................Data dump on 2021-01-17 08:27:30.433919
................................................................Data dump on 2021-01-17 18:06:20.033510
................................................................Data dump on 2021-01-18 03:33:39.085745
................................................................Data dump on 2021-01-18 12:36:47.867161
................................................................Data dump on 2021-01-18 21:39:35.304799
................................................................Data dump on 2021-01-19 06:43:14.059571
................................ 
==========================================================================================
Finished basinhopping of  /home/jkattem1/HVQE/data/kagome/periodic/own_graph/opg/energy/4x2 at 2021-01-19 11:16:46.675937 UTC, with
 
{'path': '/home/jkattem1/HVQE/data/kagome/periodic/own_graph/opg/energy/4x2', 'n_par': 192, 'par_multiplicity': 1, 'n_iter': 0, 'cost_fn': 'energy', 'temperature': 1.0, 'stepsize': 1.0, 'init_par': None, 'dump_interval': 64}
init_par = [0.0003082648604584851, -2.815260413292287e-05, 0.0002988130833206983, -0.0004695976125653998, -0.0004963106406869693, -0.0004755228409282552, 5.789490101959689e-05, 0.0004555994441414915, 0.00011659592453562573, 0.0002268173829450237, -0.0004749574219858452, -0.00036220143673697247, 0.00041973448859792357, 0.00017102126301846014, 0.00012828418617885542, -0.0002346285338290455, -0.00047546626619633257, -0.0004353608481810541, 0.00038013487284141944, -0.00044585399134408133, -0.0004166151849415604, -6.107987532514051e-05, 0.00044727163672625035, -0.0003646171022183311, 0.000162326032896072, 0.00043802082254049417, -0.00041454031681707493, -0.00026556376966349295, -0.0004730937270248605, -0.0002748971014454054, -0.00025879055919621923, -0.00040368289173422914, 0.0001192525067407837, -0.00047203254722814235, 0.00039327261637222416, -4.29990415781971e-05, -8.690667180802559e-05, 0.00037277265083344264, -5.27870046865806e-05, 6.832182807554009e-05, -0.00037651953160805366, 7.788728756791339e-05, -0.0002621535364387146, 5.807207061348885e-05, -0.00018580498832665958, 9.396737125686805e-05, -1.4130701977963498e-05, 0.00016387638659536344, -0.00048533959905155976, 3.3668612383773834e-05, -0.00018754800986980268, -0.0003810501001320361, -0.00014728945978013155, -0.0003639923985346242, 0.0004709624669600387, 0.00019580651518175183, -6.80195006402615e-05, 0.00017027336789688567, 0.0003685709491004428, 0.0002352908548412184, -0.00036292882510111384, 0.0004423133752760193, 0.00015865842100547007, 0.00024250174676599442, 0.00024508361286957475, 0.00036405866226589046, 0.0004378054080400205, -0.0004440859270972698, -0.00012760590679279616, -0.0002702499086692123, 0.000485665522854963, -0.00048528832826522615, -0.00043276054187211155, -0.00010666002758030589, -0.00030783810056870755, -0.00015813168258688263, 0.0003326275270506988, 0.00022765756752958705, 0.00041756872627472916, -1.4156153585209632e-05, 7.174554278778088e-05, 1.285167772769485e-06, 0.0003770493265641738, -0.0003156430220995993, -0.00021647318602520784, -5.874534484320474e-05, -0.0004909078959656786, 0.0001762619878218852, -0.0004162209676953882, 0.00031082401684854254, -0.00014274570485038672, -0.0002853477869264226, 0.0003502533561783402, -0.00030066220289043735, 0.00012512255575395054, 0.00022847648041010918, -0.00018353529669271117, 7.422392857091265e-05, -5.102606388934051e-05, -0.00011093381399871085, 0.0003334498707842096, -0.0004471835186403859, 0.0003507899194096775, -0.00040771344236593634, -9.123422760064329e-05, 0.00013801292780450398, 0.00017048338334650745, -0.00030463111622930686, 0.0004815686739912065, -0.00030385998400827934, -0.00042369325044206064, -0.00018091224621854618, 0.0002939317876560171, -0.0004736100283058795, -0.00020584256716249917, -0.00028654121282389703, -0.0002942102033194306, 0.0003479410856422546, -7.0414044829238825e-06, 0.00015569244226959814, -0.00017415912394307023, 4.5808219332535145e-05, 0.0002910393763820479, 1.0320810818227849e-05, -0.0004936672242899278, -0.00026349575755772037, 0.00043897606115735554, -0.00041710152449252246, -0.00045053823854386733, -5.2856205663875304e-05, 0.00019212780363772033, 0.00037734030807937905, -0.0004567807276668474, 0.0004078042125561786, -0.0004034269512203127, 0.00015469832045720644, -0.00021703220251835563, -0.000263781818358096, 0.0002470068324713908, -0.00019943874859642175, -5.140590897488676e-05, -8.775579737434913e-05, 0.00018889478268045853, 0.0003615551463223381, -0.000374057327600386, 0.0003765533337200829, 0.0003450005685427329, -3.391953720855833e-05, -0.00046540517320559397, -0.0002818300978135222, -0.00048189611868635897, -0.00046389353230069554, -0.0004861997780667902, 0.00013932092829575414, -0.00041327080602483946, -0.00041719191465732354, 0.00019009644421281449, -0.00019863383602722106, -0.00023870281477198662, 0.0003716428087979099, 0.0003515777610578189, -0.00043983138870726723, 0.00020539610426625313, -2.2287589399745385e-05, 0.00022514630768060014, -0.0003301021405946532, 0.00021420893115836094, 0.00022825362617049532, 2.791985173288805e-05, 0.00010672501160928635, 0.00017719423208175527, -0.0004620827506350457, 1.4466282362655372e-05, -0.0004666364349471556, 0.00027763387377170907, -0.0002679012222615903, 4.554500755299157e-05, 0.0002339431243700143, 0.00033503579226402686, -0.00015110898467864342, 0.00028115161310060066, 0.0003831293742482544, 0.00027241171194600103, -0.0001262811860226766, -0.0004994445318301743, 0.0003950950691145081, 0.0002057847721168843, -0.000146137165652228, -3.5454344794077055e-05, 0.00032331578254504766, -0.00013791602930165472, -0.000458069636813506]
 
RESULTS:
--------
E_VQE = -10.577589388228281
inf_VQE = 0.9997703694676958
n_fn_calls = 736
Wall-clock time 106.45734011669953 hours
 
For more output, see /home/jkattem1/HVQE/data/kagome/periodic/own_graph/opg/energy/4x2/output.txt
Plots of output saved in /home/jkattem1/HVQE/data/kagome/periodic/own_graph/opg/energy/4x2
End of HVQE.py
==========================================================================================
No CuPy installation found, continuing without GPU acceleration.
having the CPUs {42, 43, 14, 15} available.
Started basinhopping at 2021-01-19 11:16:51.794646 UTC, with
command line arguments = {'path': '/home/jkattem1/HVQE/data/kagome/periodic/own_graph/opg/energy/4x2', 'n_par': 240, 'par_multiplicity': 1, 'n_iter': 0, 'cost_fn': 'energy', 'temperature': 1.0, 'stepsize': 1.0, 'init_par': None, 'dump_interval': 64}
runtime variables =  {'GPU': False, 'date_start': '2021-01-19 11:16:51.794646', 'complete_graph': [(0, 8), (2, 10), (4, 12), (6, 14), (16, 11), (18, 13), (20, 15), (22, 9), (19, 1), (21, 3), (23, 5), (17, 7), (1, 8), (3, 10), (5, 12), (7, 14), (9, 16), (11, 18), (13, 20), (15, 22), (17, 0), (19, 2), (21, 4), (23, 6), (1, 2), (3, 4), (5, 6), (7, 0), (10, 16), (12, 18), (14, 20), (8, 22), (9, 17), (11, 19), (13, 21), (15, 23), (0, 1), (2, 3), (4, 5), (6, 7), (8, 9), (10, 11), (12, 13), (14, 15), (16, 17), (18, 19), (20, 21), (22, 23)], 'init_layer': [(0, 1), (2, 3), (4, 5), (6, 7), (8, 9), (10, 11), (12, 13), (14, 15), (16, 17), (18, 19), (20, 21), (22, 23)], 'layers': [[(0, 8), (2, 10), (4, 12), (6, 14), (16, 11), (18, 13), (20, 15), (22, 9), (19, 1), (21, 3), (23, 5), (17, 7)], [(1, 8), (3, 10), (5, 12), (7, 14), (9, 16), (11, 18), (13, 20), (15, 22), (17, 0), (19, 2), (21, 4), (23, 6)], [(1, 2), (3, 4), (5, 6), (7, 0), (10, 16), (12, 18), (14, 20), (8, 22), (9, 17), (11, 19), (13, 21), (15, 23)], [(0, 1), (2, 3), (4, 5), (6, 7), (8, 9), (10, 11), (12, 13), (14, 15), (16, 17), (18, 19), (20, 21), (22, 23)]], 'n': 24}
................................................................Data dump on 2021-01-19 22:05:28.455216
................................................................Data dump on 2021-01-20 08:54:59.898979
................................................................Data dump on 2021-01-20 19:43:33.383391
................................................................Data dump on 2021-01-21 06:33:07.083362
................................................................Data dump on 2021-01-21 17:24:21.742650
................................................................Data dump on 2021-01-22 04:13:50.502009
................................................................Data dump on 2021-01-22 15:02:59.370818
................................................................Data dump on 2021-01-23 00:40:08.052875
................................................................Data dump on 2021-01-23 09:57:57.772024
................................................................Data dump on 2021-01-23 19:15:33.562807
................................................................Data dump on 2021-01-24 04:32:26.146511
................................................................Data dump on 2021-01-24 13:50:19.244741
................................................................Data dump on 2021-01-24 23:07:55.827374
................................................................Data dump on 2021-01-25 08:25:16.192588
................................................................Data dump on 2021-01-25 17:42:32.568399
................................................................Data dump on 2021-01-26 03:00:14.055939
................................................................Data dump on 2021-01-26 12:17:23.295768
................................................................Data dump on 2021-01-26 21:34:29.882588
................................................................Data dump on 2021-01-27 06:51:30.267523
................................................................Data dump on 2021-01-27 16:08:37.875482
................................................................Data dump on 2021-01-28 01:26:10.829152
................................................................Data dump on 2021-01-28 10:43:47.512302
................................................................Data dump on 2021-01-28 20:00:47.946052
............. 
==========================================================================================
Finished basinhopping of  /home/jkattem1/HVQE/data/kagome/periodic/own_graph/opg/energy/4x2 at 2021-01-28 21:56:19.253869 UTC, with
 
{'path': '/home/jkattem1/HVQE/data/kagome/periodic/own_graph/opg/energy/4x2', 'n_par': 240, 'par_multiplicity': 1, 'n_iter': 0, 'cost_fn': 'energy', 'temperature': 1.0, 'stepsize': 1.0, 'init_par': None, 'dump_interval': 64}
init_par = [0.00017522677800636962, 0.00012548415461976353, 6.080528233944288e-05, 0.00046032048361126286, 9.252609442409344e-05, -0.00024100963864574288, 0.00015250090463334205, 0.0002717197165666591, 0.0003706795454285776, -0.0004594713427330387, -0.00027138367207325375, -0.00041854488777161026, -0.0003004191306545987, 0.00025924180444756835, 0.00037998696177789996, -7.309300537038658e-05, 0.00017769529370791602, 0.00028452319726970986, -0.00020670239672659067, -5.719300649331883e-05, -7.64543717411337e-05, 2.052846071434202e-05, -0.0001120981665405617, 0.0004240051509562167, -0.0001608917491325426, 5.82675895469066e-05, -0.00027021081003010365, -7.292923995072677e-05, 0.0002687847084476107, -0.00041393796984769474, 8.331954381813873e-05, 0.0003747670402683901, 0.00028537111083338693, -0.0002959572087487077, 0.0004456535375790215, -2.5469593268197775e-05, -0.0002704920508185377, 0.00030018772205316947, 1.029969503778521e-06, 0.00025456415548637224, 0.0003705871653043835, -0.0001921226009722593, 0.00023629637648366823, 0.0003550337748623616, 1.204732179297687e-05, -0.00044167129342037137, 0.00024087624456475224, 0.000130413713544499, -0.0003002911683377742, -0.000128972059359694, 0.0001238216861139354, 0.0003930724050662641, 4.471272722574135e-05, 0.00021104215638384548, -0.00022122964095502162, -0.0002534566770291242, -0.0003654764797773554, 0.0002487657768218784, -0.00015464511040253615, 0.0002144481708962415, -2.8847766252538393e-05, -0.0002551716765462363, 0.0004927716732914084, -3.738848540417927e-05, 0.0002517970176822503, -0.00039326678323260537, 0.0003641724689858202, 7.983341820918047e-05, -3.2316310399744218e-06, 0.00041496047387161753, -0.00031531738064944704, 0.00024594796415825426, -0.0002687227060620171, 0.0004377003682289819, 0.0004085480610433752, 0.0002219358534889176, -0.0002570545717776267, -0.0002770620586506232, 0.000443876516706809, 0.0001392322123843151, 3.6978222700358924e-05, 3.668855764339088e-05, -0.00035331452365751175, -0.00042419608055195216, 0.0001509237010499676, -0.00038884862726468417, 5.319783151071418e-05, -0.0003684497059201186, -0.00011762897413232867, 0.00042266682876168984, -3.075374156664024e-05, -0.00046254716324787914, -0.0001613973511891166, -0.00043958702497133996, -0.00014283494650112763, -0.00011422300962077303, 0.000195417032895162, 0.00023096386474786602, -0.0002980480939741129, -0.0004618860845597054, -0.0004318520094754633, 2.6654875402197e-05, -9.098258294140227e-05, -0.0004269269151137417, 1.146704699573611e-05, 7.8781568213854e-05, -0.00011813577092310926, -0.0003508848100149339, -5.4670587502569045e-05, -4.347193249619333e-05, 4.418783048094736e-05, -0.0002722821968119735, 0.00043738762378578314, -9.492800052712303e-05, 6.070374114447224e-05, -0.00013641884996084554, 9.67508823144981e-05, 0.000138217064258865, 0.00014633246481892466, -0.0004546466052618844, 0.000285867763195824, -0.0004728624760639999, -5.336145887283896e-05, -5.627322787361323e-05, -0.00017621429619122807, 0.0002042866656508241, 0.00012648268698460063, -0.00018814459249041286, 0.00048299665734615155, -0.000155607702625586, -0.00020331208683470493, -0.00027606095961075117, -0.00042083151036948353, -0.00012452027468932384, -0.00010899358729654087, -0.00023239258337923744, 4.116946068965187e-05, 0.0002663750379005155, 0.00025584907875609837, 0.00024880432110462416, -0.00023762152296178307, -1.755767356958072e-05, 6.031703307762815e-06, 0.0004958268150804176, 0.00019416309198216333, -0.000465769381188108, 0.0002432608116878206, -6.189804297704983e-05, 0.00017273910327182164, -0.0004509315210868227, 0.0004929345211560721, 0.00044635071715190804, -0.000450060576171226, -0.0004219811988793162, 0.00023789256873035748, 0.00033619236682694374, -0.00026044726559075926, -0.00025526744167906766, -0.0001359263824014546, 0.00029130568979169734, -0.00036773695046814767, 8.893770610558349e-05, 0.0003876818918734803, -0.0003072547906625428, 0.00042893087451975826, -0.00040851840354056215, -0.00045242198887135833, -0.0003585319163479962, 2.3221760081168605e-05, -0.0003810266877231986, 0.0003599573930415028, -4.2840587594682156e-05, -0.0003723396598364812, 0.0002413551026842003, -0.00029028493340003774, 0.00029754427335654157, 0.0002970403618400879, 8.386891078701359e-05, -0.00029482460361118047, 1.196322066792906e-06, 0.0003630348405045474, 6.673316146340951e-05, -0.00037465093716631837, 0.0004288345131474194, -0.0004016418830826376, 0.00022467871009378018, -0.0003358629587039087, -0.000337530817806218, -0.0002841711104071059, 4.597793776800279e-05, 0.00022930843553897805, -0.0003263995299057481, 0.0003706174351485954, -0.00028426301932038767, -0.00020449852091540077, 0.00039797522095791316, 0.00047876875060958715, 4.977868652097201e-05, -1.4442500702055916e-05, 7.182299804028066e-05, -0.0002576060575463046, -0.0004509909785642704, 0.00015015420933340846, 0.000470065367381181, 0.00022247524560861578, -0.0004177223997681119, 0.00031246145929377574, 0.00027533959470412946, 0.00047915497013631923, -0.00034558291677390076, 0.00010441383386227028, -7.960205000320575e-05, 0.00032420933765738165, 7.673674453275358e-05, 0.0003206988591553104, -0.00042500882327654865, -0.00021278867871212925, 0.00016811733152461523, 0.00023412259678943083, -0.0003952758059605258, -3.5118280536980797e-06, -0.00010927264135451067, -0.0004066116252628456, -7.794984633633078e-06, -1.4997473867228164e-05, -0.0004828564011708668, -5.936180289692794e-05, -2.450622170339158e-05, -8.359746267216353e-05, 0.00038928635780321173, 0.00022573232629805192, -0.00016570238019803987, -0.00039896685927509314, 0.00014277499487929345, -0.00011605391297103495, -6.618576244716158e-05, -0.0002153652680590942, 0.0003835833102127711, 0.0004992971021859946, 9.101539873541118e-05]
 
RESULTS:
--------
E_VQE = -10.606737939338391
inf_VQE = 0.9660418142487764
n_fn_calls = 1485
Wall-clock time 226.61432697097462 hours
 
For more output, see /home/jkattem1/HVQE/data/kagome/periodic/own_graph/opg/energy/4x2/output.txt
Plots of output saved in /home/jkattem1/HVQE/data/kagome/periodic/own_graph/opg/energy/4x2
End of HVQE.py
==========================================================================================
No CuPy installation found, continuing without GPU acceleration.
having the CPUs {42, 43, 14, 15} available.
Started basinhopping at 2021-01-28 21:56:23.942418 UTC, with
command line arguments = {'path': '/home/jkattem1/HVQE/data/kagome/periodic/own_graph/opg/energy/4x2', 'n_par': 288, 'par_multiplicity': 1, 'n_iter': 0, 'cost_fn': 'energy', 'temperature': 1.0, 'stepsize': 1.0, 'init_par': None, 'dump_interval': 64}
runtime variables =  {'GPU': False, 'date_start': '2021-01-28 21:56:23.942418', 'complete_graph': [(0, 8), (2, 10), (4, 12), (6, 14), (16, 11), (18, 13), (20, 15), (22, 9), (19, 1), (21, 3), (23, 5), (17, 7), (1, 8), (3, 10), (5, 12), (7, 14), (9, 16), (11, 18), (13, 20), (15, 22), (17, 0), (19, 2), (21, 4), (23, 6), (1, 2), (3, 4), (5, 6), (7, 0), (10, 16), (12, 18), (14, 20), (8, 22), (9, 17), (11, 19), (13, 21), (15, 23), (0, 1), (2, 3), (4, 5), (6, 7), (8, 9), (10, 11), (12, 13), (14, 15), (16, 17), (18, 19), (20, 21), (22, 23)], 'init_layer': [(0, 1), (2, 3), (4, 5), (6, 7), (8, 9), (10, 11), (12, 13), (14, 15), (16, 17), (18, 19), (20, 21), (22, 23)], 'layers': [[(0, 8), (2, 10), (4, 12), (6, 14), (16, 11), (18, 13), (20, 15), (22, 9), (19, 1), (21, 3), (23, 5), (17, 7)], [(1, 8), (3, 10), (5, 12), (7, 14), (9, 16), (11, 18), (13, 20), (15, 22), (17, 0), (19, 2), (21, 4), (23, 6)], [(1, 2), (3, 4), (5, 6), (7, 0), (10, 16), (12, 18), (14, 20), (8, 22), (9, 17), (11, 19), (13, 21), (15, 23)], [(0, 1), (2, 3), (4, 5), (6, 7), (8, 9), (10, 11), (12, 13), (14, 15), (16, 17), (18, 19), (20, 21), (22, 23)]], 'n': 24}
................................................................Data dump on 2021-01-29 08:17:43.638689
................................................................Data dump on 2021-01-29 18:36:18.851115
................................................................Data dump on 2021-01-30 05:17:13.581424
................................................................Data dump on 2021-01-30 15:59:43.002785
................................................................Data dump on 2021-01-31 02:42:40.478528
................................................................Data dump on 2021-01-31 13:25:18.545021
................................................................Data dump on 2021-02-01 00:08:20.344011
................................................................Data dump on 2021-02-01 10:51:17.785691
................................................................Data dump on 2021-02-01 21:33:47.481463
................................................................Data dump on 2021-02-02 08:13:48.931241
................................................................Data dump on 2021-02-02 18:57:57.481823
................................................................Data dump on 2021-02-03 05:46:20.692306
................................................................Data dump on 2021-02-03 16:37:30.344438
................................................................Data dump on 2021-02-04 03:30:53.205753
................................................................Data dump on 2021-02-04 14:25:05.364769
................................................................Data dump on 2021-02-05 01:21:37.707519
................................................................Data dump on 2021-02-05 12:18:55.590662
................................................................Data dump on 2021-02-05 23:04:10.558688
................................................................Data dump on 2021-02-06 09:49:34.605597
................................................................Data dump on 2021-02-06 20:35:42.434880
................................................................Data dump on 2021-02-07 07:21:16.382285
................................................................Data dump on 2021-02-07 18:07:04.434136
................................................................Data dump on 2021-02-08 04:52:53.634216
................................................................Data dump on 2021-02-08 15:38:34.279064
................................................................Data dump on 2021-02-09 01:28:36.341532
................................................................Data dump on 2021-02-09 10:34:48.767422
................................................................Data dump on 2021-02-09 19:40:28.450445
................................................................Data dump on 2021-02-10 04:45:46.936911
................................................................Data dump on 2021-02-10 13:51:42.216732
................................................................Data dump on 2021-02-10 22:57:16.866873
................................................................Data dump on 2021-02-11 08:02:46.657408
................................................................Data dump on 2021-02-11 17:08:19.457385
................................................................Data dump on 2021-02-12 02:13:04.730420
................................................................Data dump on 2021-02-12 11:18:01.383223
................................................................Data dump on 2021-02-12 20:23:05.474724
................................................................Data dump on 2021-02-13 05:27:45.094151
................................................................Data dump on 2021-02-13 14:32:16.815564
................................................................Data dump on 2021-02-13 23:37:50.598982
................................................................Data dump on 2021-02-14 08:44:14.496476
....................................... 
==========================================================================================
Finished basinhopping of  /home/jkattem1/HVQE/data/kagome/periodic/own_graph/opg/energy/4x2 at 2021-02-14 14:19:17.630280 UTC, with
 
{'path': '/home/jkattem1/HVQE/data/kagome/periodic/own_graph/opg/energy/4x2', 'n_par': 288, 'par_multiplicity': 1, 'n_iter': 0, 'cost_fn': 'energy', 'temperature': 1.0, 'stepsize': 1.0, 'init_par': None, 'dump_interval': 64}
init_par = [0.0002999074621977398, 0.000325336534516783, -0.00024136529460892688, 0.00015665084686630553, 0.0001326841081873396, -0.0004328282148508571, -0.00011982840441534029, -0.000326715307189547, -0.0002506105067561627, 0.0003759890492880194, -0.00019669737189355953, -9.062984082487159e-05, -0.00030996789761838454, 0.00012588294780156598, -0.0002588933785979416, 0.00010789100274229634, 0.00013432344509589178, 3.741347468788755e-05, 0.0003720700077710122, -0.0001641625832319311, 0.000245228054906573, -0.0002717009530836998, 0.0002502826359154841, 7.032799696389557e-05, -0.00010258822936648059, 0.00031232267594926333, 0.00019385160584332102, -3.6477666359933686e-05, -3.5734565657466824e-05, 0.00024132191241883706, -6.655426803637855e-05, 0.0004127499021608493, 0.0003584621323417149, -0.00015325526587539563, -0.00038678367939175577, 0.00033766515733124115, -0.00022506645835959128, 9.937833121329074e-05, -0.00026636042449839834, -0.0004774065863501813, 0.0004826853725172888, -0.00010664332218479866, 0.00014481624106508204, -0.00022292440071931488, -8.366530851907684e-05, -0.0001126218708153708, 0.0004602561062098732, 3.597860784046512e-06, 0.00010257892168413828, 0.000262455285294466, 6.460144801267835e-05, 0.00028802441715859554, 8.041405136873544e-05, 0.000154164613443398, -0.0001448112705400511, 8.639897665824907e-05, 0.0004556812457511064, 0.0004538761688825135, -0.0003809454158290604, -0.00043377315805592364, -0.0004244181902780113, -0.00016508234139142553, 0.00018419587327800607, -0.0002491588787183563, -0.00036241106144268003, -0.00022870383318655975, -0.00047708509778628317, 4.442966906953254e-05, 7.866257830683326e-05, 0.0003288579353035975, 0.0003236195442608554, 0.0003203382780519377, 2.248633361199594e-05, 0.00023478870231541263, 0.00041883849386941026, 2.1780224785802166e-05, -0.00021889714962967412, -0.00011700571868386724, 0.0002664838798196999, -0.00014175816070528303, 0.00040668286926009317, 0.0003284467484600145, -0.0002527222697645759, -5.672989483515817e-06, -0.00044784930945759193, 0.0001003702432759542, -0.0001012562206752471, -0.0002863187465974578, -0.00017569311530540345, -0.00019724474401414127, -0.0004365233307820955, -0.0002761166414925611, -5.790187895308009e-05, 0.00016656947556186472, -0.00013554420595088658, 0.0002742974971708396, 0.00014252410969628655, -0.00010148029070451318, -0.00022940071558745034, 0.0001039832188145422, -8.997509806376794e-05, -0.0001626008046668213, 8.890688428943967e-05, -3.685900734981751e-05, 5.37311955270003e-05, 2.9191142045809494e-05, 0.0003458644661683759, -0.00045414723873585174, -0.0002671617580096175, 0.00011268090255751374, -0.00010125057018943299, 0.00029727352477579164, -0.00038569123279427796, -3.8531021572323694e-05, -0.00019098947240241604, 0.0003979729119562564, 0.00023536671549240695, 0.00021692153531584007, -0.0001790306232143445, -0.0001382209435624635, -0.0002477012120414696, -0.00033448043268515903, 0.0004934684919715802, -0.0003455757133677542, -0.0004232427448660007, -0.0003767421278648734, 0.0003349179433549196, -0.000428075339931837, -0.0002105820762746171, -0.00029140967903153506, 0.00012918112730574843, -0.0003871913572948266, -0.0003415700738005939, -0.00038553308202740166, -7.181240159619806e-05, 0.00036306396287192136, -0.0003640701763712446, 0.0002804567506381133, -0.0003128471446358637, -0.0003069847241376984, -0.00041220342981237827, -0.0002301481906288262, 0.00015757040810165707, 0.0002313151022447648, -0.0004998993810187325, 0.000431802867719751, 0.00039910080771325717, 0.0003030567310386218, 0.0003956350821996941, -0.00023569477320924072, -0.0003532885009076945, 0.00025944516860286384, -0.000370916443065695, -0.0002606230650161614, 0.0002820464802111549, -0.00045598635775908323, -0.00027122792673925524, -4.5842505544538834e-05, 9.54855480106788e-05, -0.0004550861842061298, 0.000494260248268469, -0.00019472621379555243, -0.00027855348722448457, 1.1962170314796898e-05, 0.0004939252798266463, -5.1396151456017535e-05, -0.0004141049776953766, -9.562064911586288e-05, -9.913024829966236e-05, -0.0003156517329484657, 5.370780698034101e-05, -0.0004501779070131807, 9.991527187659676e-05, 0.00020397748389433448, -0.00010824733821561394, 0.00016432798943417373, 0.00026739819392211975, 0.0002613599475955004, -0.00041639306722427675, 2.4171804649555234e-05, 0.00029342688186131743, 0.0001463519739285619, 0.00020336411657516265, -0.00034932498737240956, -7.733777612243067e-05, 0.0004892858107357714, 0.0003605180492780016, 2.344907765398723e-05, -0.0002739682060456277, 9.952532735861379e-05, -0.00022691849390306086, -9.643043174781209e-05, 0.00035392807661603707, -2.874410530185516e-06, -0.0002030433270634986, 0.00043928483548467164, -0.00042419368295859463, -0.00015096129449655672, -0.00022798202185187014, 0.00029948330060067263, 0.00027461921456143474, 0.00018673447726289287, -0.0002458477700323597, -0.00035263393260625967, -7.23218849213946e-05, -0.00033680955048705143, 0.00041127912445225456, 0.0003536307146735847, -0.00046566402900496344, 0.00036472357824632036, -0.0004708383818984119, -3.915064166843752e-05, 0.00017236453803905368, 9.882443707735279e-05, -0.0001545437588687203, 0.0004981848855350876, 0.00012227934939689367, 0.0002734890746938747, -0.00033181809153743117, 0.0002132079513499247, 0.000447844440769964, 0.00032757230262017635, -0.0004156064525418708, 0.00019207750197999405, -0.00024522197046384254, -0.00039116627670212646, 0.0003670506755931056, 0.0004511860611655662, -0.0001788176535166958, -0.0003768071616264859, -0.0004791675718590918, -0.0003849172968939567, 0.0004986405952886015, 0.00013631179628774079, -0.0004208557318176885, -0.0002727756625159988, 0.00012087076643998518, -0.0004564918470764624, -0.00029578069895130465, 0.0001550890479475309, 4.751786688032887e-05, -0.000462459543918362, 9.54360591264795e-06, -0.00022437838192781393, -0.00035443258952368075, -0.000134072262892336, 3.909883600817577e-05, -0.0001867134625148189, 5.4120590122730145e-05, 0.0003694651026722945, 0.0003218917958974347, -2.644282754690687e-05, 0.00039591872714646466, 0.00048170099199254936, -0.00023243339263489784, -0.00038231214690981276, -0.00014561986182033205, -0.00019508624863448423, -0.00016204517119592033, 0.0003500002362034668, -0.00030165991380743285, 0.0003205206982825542, -0.00046357953657961113, 0.00011279772837530385, -0.0004601169124780751, 0.0002910933279043935, -0.00019898020236445134, -0.0001864176542785715, -0.00030744110166598605, -0.00016566097245763155, -0.0002587461842279906, -0.00012295567318260428, 0.0001314416325756551, -0.00021378844162576452, 0.0001709589280481711, 0.000384860936207267, 0.0003177587715131817, -0.00034277245635221207, -2.465469810921506e-05, -0.000428941082665109, -9.936776269297377e-05, -0.0003012420281770526, 0.000494656626183155, -5.728639736363617e-05, 0.0002709824000966699, 2.801267012258438e-05, -8.397384768875208e-05, 2.9747755305495447e-05]
 
RESULTS:
--------
E_VQE = -10.61698802838638
inf_VQE = 0.996929705559108
n_fn_calls = 2535
Wall-clock time 400.34526501728425 hours
 
For more output, see /home/jkattem1/HVQE/data/kagome/periodic/own_graph/opg/energy/4x2/output.txt
Plots of output saved in /home/jkattem1/HVQE/data/kagome/periodic/own_graph/opg/energy/4x2
End of HVQE.py
==========================================================================================
No CuPy installation found, continuing without GPU acceleration.
having the CPUs {42, 43, 14, 15} available.
Started basinhopping at 2021-02-14 14:19:28.959000 UTC, with
command line arguments = {'path': '/home/jkattem1/HVQE/data/kagome/periodic/own_graph/opg/energy/4x2', 'n_par': 336, 'par_multiplicity': 1, 'n_iter': 0, 'cost_fn': 'energy', 'temperature': 1.0, 'stepsize': 1.0, 'init_par': None, 'dump_interval': 64}
runtime variables =  {'GPU': False, 'date_start': '2021-02-14 14:19:28.959000', 'complete_graph': [(0, 8), (2, 10), (4, 12), (6, 14), (16, 11), (18, 13), (20, 15), (22, 9), (19, 1), (21, 3), (23, 5), (17, 7), (1, 8), (3, 10), (5, 12), (7, 14), (9, 16), (11, 18), (13, 20), (15, 22), (17, 0), (19, 2), (21, 4), (23, 6), (1, 2), (3, 4), (5, 6), (7, 0), (10, 16), (12, 18), (14, 20), (8, 22), (9, 17), (11, 19), (13, 21), (15, 23), (0, 1), (2, 3), (4, 5), (6, 7), (8, 9), (10, 11), (12, 13), (14, 15), (16, 17), (18, 19), (20, 21), (22, 23)], 'init_layer': [(0, 1), (2, 3), (4, 5), (6, 7), (8, 9), (10, 11), (12, 13), (14, 15), (16, 17), (18, 19), (20, 21), (22, 23)], 'layers': [[(0, 8), (2, 10), (4, 12), (6, 14), (16, 11), (18, 13), (20, 15), (22, 9), (19, 1), (21, 3), (23, 5), (17, 7)], [(1, 8), (3, 10), (5, 12), (7, 14), (9, 16), (11, 18), (13, 20), (15, 22), (17, 0), (19, 2), (21, 4), (23, 6)], [(1, 2), (3, 4), (5, 6), (7, 0), (10, 16), (12, 18), (14, 20), (8, 22), (9, 17), (11, 19), (13, 21), (15, 23)], [(0, 1), (2, 3), (4, 5), (6, 7), (8, 9), (10, 11), (12, 13), (14, 15), (16, 17), (18, 19), (20, 21), (22, 23)]], 'n': 24}
................................................................Data dump on 2021-02-15 00:08:29.997039
................................................................Data dump on 2021-02-15 10:03:36.655328
................................................................Data dump on 2021-02-15 19:58:44.433896
................................................................Data dump on 2021-02-16 05:54:55.140326
................................................................Data dump on 2021-02-16 15:41:43.570387
................................................................Data dump on 2021-02-16 23:02:16.884559
................................................................Data dump on 2021-02-17 06:21:34.337276
................................................................Data dump on 2021-02-17 13:40:03.424228
................................................................Data dump on 2021-02-17 20:53:37.669632
................................................................Data dump on 2021-02-18 04:06:45.618700
................................................................Data dump on 2021-02-18 11:19:03.755436
................................................................Data dump on 2021-02-18 18:32:01.978642
................................................................Data dump on 2021-02-19 01:51:09.676933
................................................................Data dump on 2021-02-19 09:03:54.216959
................................................................Data dump on 2021-02-19 16:19:45.540356
................................................................Data dump on 2021-02-19 23:36:26.633582
................................................................Data dump on 2021-02-20 06:55:20.892794
................................................................Data dump on 2021-02-20 14:13:29.779106
................................................................Data dump on 2021-02-20 21:29:51.850755
................................................................Data dump on 2021-02-21 04:48:29.965197
................................................................Data dump on 2021-02-21 12:06:45.384907
................................................................Data dump on 2021-02-21 19:26:11.381981
................................................................Data dump on 2021-02-22 02:40:21.323614
................................................................Data dump on 2021-02-22 09:52:51.162812
................................................................Data dump on 2021-02-22 17:04:54.681059
................................................................Data dump on 2021-02-23 00:17:01.014079
................................................................Data dump on 2021-02-23 07:33:28.984032
................................................................Data dump on 2021-02-23 14:51:58.625577
................................................................Data dump on 2021-02-23 22:12:44.786081
................................................................Data dump on 2021-02-24 05:32:35.292718
................................................................Data dump on 2021-02-24 12:51:01.511576
................................................................Data dump on 2021-02-24 20:09:17.122764
................................................................Data dump on 2021-02-25 03:27:01.145259
................................................................Data dump on 2021-02-25 10:46:15.416957
................................................................Data dump on 2021-02-25 18:05:51.040848
................................................................Data dump on 2021-02-26 01:24:45.298310
................................................................Data dump on 2021-02-26 08:44:59.232065
................................................................Data dump on 2021-02-26 16:05:05.634491
................................................................Data dump on 2021-02-26 23:25:00.020917
................................................................Data dump on 2021-02-27 06:45:57.564967
................................................................Data dump on 2021-02-27 14:06:44.152072
................................................................Data dump on 2021-02-27 21:27:35.953502
................................................................Data dump on 2021-02-28 04:48:41.427190
................................................................Data dump on 2021-02-28 12:09:42.241848
................................................................Data dump on 2021-02-28 19:30:47.527083
................................................................Data dump on 2021-03-01 02:52:25.754866
................................................................Data dump on 2021-03-01 10:12:49.584172
................................................................Data dump on 2021-03-01 17:44:43.289473
................................................................Data dump on 2021-03-02 01:12:42.870553
................................................................Data dump on 2021-03-02 09:06:27.038310
................................................................Data dump on 2021-03-02 16:25:19.037632
................................................................Data dump on 2021-03-02 23:44:21.853563
..................................... 
==========================================================================================
Finished basinhopping of  /home/jkattem1/HVQE/data/kagome/periodic/own_graph/opg/energy/4x2 at 2021-03-03 04:00:10.749756 UTC, with
 
{'path': '/home/jkattem1/HVQE/data/kagome/periodic/own_graph/opg/energy/4x2', 'n_par': 336, 'par_multiplicity': 1, 'n_iter': 0, 'cost_fn': 'energy', 'temperature': 1.0, 'stepsize': 1.0, 'init_par': None, 'dump_interval': 64}
init_par = [0.00016839404811715207, -0.00014375164648920734, -0.0002813929037863442, 1.6116020989361663e-05, 5.988782816658891e-06, -5.897002123278808e-06, 4.439123456139913e-06, -0.0004389215954602125, -0.00035916939613968876, -0.00020771451908708339, -0.0002926950001664534, 5.560587617854261e-05, -0.00017913393269901058, 0.0001631899577187757, -0.00017935469690216743, 0.0003341973410999426, 0.00029056270152122063, -0.00022774564355769645, -0.0004968005962966475, 0.0002665057142970617, -0.00041929113157067576, -0.0001365201001917702, 0.00041563389908110915, -0.0001941003039901198, -2.804283431804091e-05, 0.00018067121766698793, -0.00014736714104898307, 0.00021304810565768515, 0.000334474755356924, 7.3953972233759295e-06, 0.0003879917131486371, -0.00015327257094921041, -0.00016290211825275024, -0.00037194867774979735, 0.0002249486845040035, -6.733046370845e-05, 5.230946699818931e-05, -7.743198452330791e-05, -0.00041375907268298916, -0.0003796873016100333, 3.7890704747453163e-06, 0.00032696471944311284, 3.315297156048912e-05, -9.781702292989837e-05, -0.0001737745596390312, 6.861773162026121e-05, -0.0003792435784889655, -0.0004792675849261975, -0.000391593623191795, -0.000377026236360417, -0.000497347058330482, 0.0004944147919269228, -0.0004587779616318858, -0.00044848511606336973, 9.581839898747794e-05, -5.355901735640533e-05, 0.00028582716354167803, 0.0002794558028898621, 0.0002752380559851305, 0.0003561839274237071, -0.00038709380556085384, 0.00021008344364605654, -8.219584558339391e-05, 1.1713618661096745e-05, 0.00018561725773682343, -0.00032051914987826855, -0.000442121562416816, -0.0001281159692101647, 7.29231035796593e-05, 2.7407604055674855e-05, 2.114489222794307e-05, 0.00020874076130292945, 0.00030497382131615197, -0.0002461231867533893, -9.551083387004966e-05, -0.00013966047193396912, -0.00013590517167795193, 0.00014643048650449686, 0.00035483367244195155, -0.00032815181789980935, -0.00044568527240278547, 0.0001224566537342195, -0.00019147139203885632, 0.00011372332897137405, -0.000293402646815809, -0.0003353428721656452, -0.00025997472581303294, 1.4572581377741002e-05, 8.335411804263144e-05, -5.111300369141315e-05, 0.00025194502066450846, -0.00033180788734285646, 3.9059595452371905e-05, 0.000414259201549209, -0.00030791384612636357, 0.00019660346094504694, 0.00021574323952955928, -0.00010608393599742538, -0.00030698240818256584, 0.00021755527956754937, -0.00019759675425112388, 0.00011961335425300092, 0.00047367384048168976, 0.00028111068978540306, 1.102248222169212e-05, -0.0002468222187013649, -0.0002173181719885633, -0.000294390146022778, 0.0004677826484870574, 0.00019433602424855805, 0.0003163946868908956, 0.00017263235054170367, 0.00012489425396009326, 0.0004830254245346622, 0.00031416764915516513, 0.00045101116937532656, 0.00025384955570805715, -0.0003122675127279817, 0.0002636625619121765, 0.00042321987160396854, -0.00034472705223501153, 9.167858224216766e-05, 0.00010990876426257188, 0.0004452831437760349, -0.00031318916352728423, -2.352102142161007e-05, 6.11873777335122e-05, -0.00029050896382999095, 7.52672687571699e-05, -4.2065785198710994e-05, 0.00043361601956021353, 0.0002590798500478363, 0.0004677409341154981, 0.0001934521006776356, -0.0004295098892023731, -0.00033560204945319, -0.00014059933523610834, -0.00020266171145514477, 0.0003756804819905772, -0.0004226550431585978, 8.200436743136604e-05, 0.0003614551687858079, -0.0003212745513338763, 0.0002463026041790679, -0.00025182012387786834, 0.00026244387875839505, -0.00043420922406994545, 0.0002259106493434221, 0.0002999110327939385, 5.925301957931516e-05, 0.00020592743568051972, -0.00033842255985952165, 0.0004705974534148378, -7.913167511325217e-05, -7.497539415616839e-05, -0.00039147727916642803, -0.000448385870694575, 0.0004927261737132111, -0.00037040140371894957, -0.00026145308401568095, 0.0004750653690368484, 0.0003401304504086928, 3.794278117930051e-05, -0.0004395850658449344, -0.0002995624887894164, -0.0004222315576633272, 0.00030235028287491344, 0.00025461943806863604, -0.0004214139044320384, 0.0004863312745120741, -4.224293627555145e-05, -0.0002020584432120368, -0.00011829161467323193, 0.0002578092079689332, 5.825893976563667e-05, -0.0004983063101610977, -0.0003717635304965034, 8.173045128115862e-06, -9.114951108224825e-05, -0.0004397267454955335, 3.817434034365298e-05, 0.000246159671549207, 0.00011942221874632205, 0.00010100828973122011, 0.0003070469970940528, 0.0003985198729013755, 4.154929679813673e-05, 0.00010919923990173393, -0.0004987514722170814, -0.00022916900853200685, -0.0001500287635510468, 5.8429177130525124e-06, -0.000460724805552856, 4.4994010777540234e-05, -0.0004889572595722456, -0.0003530088691076111, -0.0003595223472002843, -0.00038189710394065444, 0.00048459737837233934, 8.919947483874806e-05, -0.0002797639541221031, -0.00022149171372325453, 2.5263980753918052e-05, -0.000245669393798875, 0.0003020387209760108, -0.00040021925274836233, -0.00017363738578929767, 0.0001659293655391753, 0.0004095043474740634, -0.00017976566393731466, -0.0002902778217981052, -0.0002566074813995929, -7.3271848358253625e-06, -0.0004007685189833493, -0.00035159313899050073, 0.00046545775338363994, 5.703003163688627e-05, 0.00014487288861754683, 0.00044324571091834935, 0.0004916917906317643, 7.85773726290997e-05, 8.376217327046625e-05, -0.00014225651993506175, 0.00047144630698603906, 8.323613150274488e-05, 4.0117166683171276e-05, -0.00032630358172805755, -7.565296095423811e-05, -0.00019232229343189888, 0.0004754158387335432, -6.791385368594286e-05, 9.539921691267437e-05, 0.00019556284000330426, 0.00010334621765302964, 0.00033448609047924773, 0.0004494863960697597, -0.00037282102292481636, 0.00010282938915078454, 0.00023090859015819558, 0.00045972628893703037, -0.0004731036212694344, 0.00041398176034492906, 0.00011881005504853757, 0.00026619898070740595, 0.0001741304485248466, 0.00017618824805990224, 0.00029283772741115627, -7.559268926313992e-05, 0.0004144133744673255, -0.0003117366773799904, 4.673864890471864e-05, 3.3330395400238194e-05, 0.0001713582454289552, 5.4323073556382015e-05, 0.00024715773607863003, 0.00032624896817359827, -3.559067972385083e-06, -0.00036776616381808724, -0.0004082672532714241, -1.818461291155319e-05, -5.222800717445388e-05, 0.0001612579396033778, -0.00022748093897643405, -0.00030350326534250995, 0.000167132422420818, -0.000277236654419705, -9.990465373411095e-05, 7.612448568424489e-05, 4.0564605566022443e-05, -4.78042752658555e-05, 0.0003373603730183778, -0.00035558380262467357, 0.00016453681395799677, 4.955202358579783e-05, 0.00032235021411529884, 0.00021415684909900775, 0.00011712184803624624, 0.00021545860704636486, -0.0004077456755728722, -0.00036690661622875575, 0.000463756061417931, 0.00010376317478590221, 0.00017962115417742867, 0.00039391162885867384, 0.00015368500055172227, 0.0001670663648958592, 0.0002678799173929185, -8.90096299215569e-06, 0.0001466462661927516, 0.00010975579936023448, 0.00044643043734385226, 0.00015661954687594285, -0.00048660286587930726, -0.00021151099569919983, 0.00010006400128638546, -0.000451397097927045, 0.00037061005774359154, 0.00033042700738540565, 1.6518911183232036e-05, -0.00044706217515446604, -0.0001578779501277753, 0.0004894550450650942, 0.00021610345814684613, -2.0059918861408896e-05, -0.0004654298108975761, -0.0003727489849089478, -4.26490020643763e-05, 0.00022485513580141464, 7.541953387519521e-05, 0.00039056618402542745, -0.0004540790226371384, -5.660461250019854e-05, -0.0002675847646673873, 0.00023678324527549063, -0.0003592127218309603, -0.0003503906129496708, -0.0003645288257517311, -2.7649906037943706e-05, -0.0002615580091688398, -0.00024700642074221215, -0.000159058806723698, -0.00013441934704766837, -0.0001284856397329788, -0.00026674573644075005, 0.00036120811885835395, -0.0002923285449799541, 0.00046867175839687865, 4.843381984054361e-05, 4.939906196928408e-05, -3.871898013822528e-05, 0.00019743060052147517, 0.000312349735073938, -0.0004954469734807735, 0.0003085452001763243, -0.0003381976328831641, 0.00035567290959946977]
 
RESULTS:
--------
E_VQE = -10.63629737124211
inf_VQE = 0.9428652992702153
n_fn_calls = 3365
Wall-clock time 397.64208458695146 hours
 
For more output, see /home/jkattem1/HVQE/data/kagome/periodic/own_graph/opg/energy/4x2/output.txt
Plots of output saved in /home/jkattem1/HVQE/data/kagome/periodic/own_graph/opg/energy/4x2
End of HVQE.py
==========================================================================================
No CuPy installation found, continuing without GPU acceleration.
having the CPUs {42, 43, 14, 15} available.
Started basinhopping at 2021-03-03 04:00:32.593263 UTC, with
command line arguments = {'path': '/home/jkattem1/HVQE/data/kagome/periodic/own_graph/opg/energy/4x2', 'n_par': 384, 'par_multiplicity': 1, 'n_iter': 0, 'cost_fn': 'energy', 'temperature': 1.0, 'stepsize': 1.0, 'init_par': None, 'dump_interval': 64}
runtime variables =  {'GPU': False, 'date_start': '2021-03-03 04:00:32.593263', 'complete_graph': [(0, 8), (2, 10), (4, 12), (6, 14), (16, 11), (18, 13), (20, 15), (22, 9), (19, 1), (21, 3), (23, 5), (17, 7), (1, 8), (3, 10), (5, 12), (7, 14), (9, 16), (11, 18), (13, 20), (15, 22), (17, 0), (19, 2), (21, 4), (23, 6), (1, 2), (3, 4), (5, 6), (7, 0), (10, 16), (12, 18), (14, 20), (8, 22), (9, 17), (11, 19), (13, 21), (15, 23), (0, 1), (2, 3), (4, 5), (6, 7), (8, 9), (10, 11), (12, 13), (14, 15), (16, 17), (18, 19), (20, 21), (22, 23)], 'init_layer': [(0, 1), (2, 3), (4, 5), (6, 7), (8, 9), (10, 11), (12, 13), (14, 15), (16, 17), (18, 19), (20, 21), (22, 23)], 'layers': [[(0, 8), (2, 10), (4, 12), (6, 14), (16, 11), (18, 13), (20, 15), (22, 9), (19, 1), (21, 3), (23, 5), (17, 7)], [(1, 8), (3, 10), (5, 12), (7, 14), (9, 16), (11, 18), (13, 20), (15, 22), (17, 0), (19, 2), (21, 4), (23, 6)], [(1, 2), (3, 4), (5, 6), (7, 0), (10, 16), (12, 18), (14, 20), (8, 22), (9, 17), (11, 19), (13, 21), (15, 23)], [(0, 1), (2, 3), (4, 5), (6, 7), (8, 9), (10, 11), (12, 13), (14, 15), (16, 17), (18, 19), (20, 21), (22, 23)]], 'n': 24}
................................................................Data dump on 2021-03-03 12:11:51.574429
................................................................Data dump on 2021-03-03 20:22:38.111764
................................................................Data dump on 2021-03-04 04:33:09.762696
................................................................Data dump on 2021-03-04 12:45:30.302015
................................................................Data dump on 2021-03-04 20:58:08.763530
................................................................Data dump on 2021-03-05 05:09:29.197876
................................................................Data dump on 2021-03-05 13:23:52.606249
................................................................Data dump on 2021-03-05 22:15:37.020932
................................................................Data dump on 2021-03-06 06:50:18.220114
................................................................Data dump on 2021-03-06 15:33:58.598582
................................................................Data dump on 2021-03-07 00:08:13.632269
................................................................Data dump on 2021-03-07 08:43:29.584250
................................................................Data dump on 2021-03-07 17:18:30.186780
................................................................Data dump on 2021-03-08 01:53:50.346865
................................................................Data dump on 2021-03-08 10:29:12.019960
................................................................Data dump on 2021-03-08 19:03:44.614772
................................................................Data dump on 2021-03-09 03:39:07.764525
................................................................Data dump on 2021-03-09 11:57:01.363888
................................................................Data dump on 2021-03-09 20:09:04.272050
................................................................Data dump on 2021-03-10 04:21:40.514285
................................................................Data dump on 2021-03-10 12:34:06.046655
................................................................Data dump on 2021-03-10 20:47:05.630317
................................................................Data dump on 2021-03-11 04:59:42.725607
................................................................Data dump on 2021-03-11 13:11:23.942389
................................................................Data dump on 2021-03-11 21:23:19.824615
................................................................Data dump on 2021-03-12 05:35:40.836137
................................................................Data dump on 2021-03-12 13:48:12.418711
................................................................Data dump on 2021-03-12 22:00:20.344534
................................................................Data dump on 2021-03-13 06:51:34.642194
................................................................Data dump on 2021-03-13 16:12:30.887676
................................................................Data dump on 2021-03-14 01:58:39.526861
................................................................Data dump on 2021-03-14 12:15:40.548543
................................................................Data dump on 2021-03-14 22:34:41.660300
................................................................Data dump on 2021-03-15 08:40:05.334503
................................................................Data dump on 2021-03-15 19:14:24.462657
................................................................Data dump on 2021-03-16 05:57:35.876592
................................................................Data dump on 2021-03-16 16:03:23.474819
................................................................Data dump on 2021-03-17 01:04:45.370093
.......................................... 
==========================================================================================
Finished basinhopping of  /home/jkattem1/HVQE/data/kagome/periodic/own_graph/opg/energy/4x2 at 2021-03-17 06:54:18.794029 UTC, with
 
{'path': '/home/jkattem1/HVQE/data/kagome/periodic/own_graph/opg/energy/4x2', 'n_par': 384, 'par_multiplicity': 1, 'n_iter': 0, 'cost_fn': 'energy', 'temperature': 1.0, 'stepsize': 1.0, 'init_par': None, 'dump_interval': 64}
init_par = [-0.0004889073419914535, 6.6468757233932e-05, 0.0002193782182012006, 4.2758397185472716e-05, 0.00041512034451821576, 0.00017545616225275056, 0.00017427786641186697, 0.00031106216945158934, 8.977976202492537e-05, 0.0002540321058059796, -0.00043561517570068543, -0.0002867743678270405, -7.368172956195043e-05, 0.00011535509130944691, -0.0001657135752596605, 0.00019968003509302943, -0.0003309179852880996, -5.735675437118005e-06, -0.00019762160710920951, -0.00023111453345201697, -0.0002452912407428793, -4.460176731929303e-05, 0.0004358612868384878, 0.00034736109081385104, 8.353279203811574e-05, -0.00047621474024900525, -0.00025707034514196815, -0.00039018572500129314, -0.00019208588768745142, -0.00016384677787951865, 0.00040030016308074826, 0.0003311294891158975, 0.00043391464272207747, -0.00032478759341347075, 0.0003723477457828387, -0.00041208958565508793, 0.00035184402405259696, 0.00026725530091739255, -2.4222657583836138e-05, 0.00032846499370739316, -0.0004946469954378148, -2.8717408547769335e-06, 0.00033326863246783685, -0.0001822178922953468, 0.0004269981308634818, 0.00019641000298646735, -0.0001989606899941139, -0.00038508332357751476, 0.00048402379306361465, 0.00043177849771123145, -5.5835980487181744e-05, -0.00043543924754982203, 0.0004665531621487062, -0.00045497263587529414, -0.00014767354314820747, 0.00022593175275008152, 0.0004118615719006873, -0.00014618695657407941, 9.124974689403973e-05, -0.0001425873490947439, -0.00031664199652292006, -0.00019350106228393593, 0.00031997420824530435, 0.00048439968670657804, -0.00011118434298229432, -0.00020969855728147804, 0.00032055071745673146, -6.377041107490203e-05, -0.00045642551966929934, -0.0003542028643143789, -7.638159026438044e-05, 0.0004198660576611434, -0.0003861978043649953, 2.4184736013206556e-05, 0.00043336151414254337, -0.00017099038713898687, 6.128025554792357e-05, 0.0004407936092659065, 0.0004165329587397377, 0.00034170487765327825, -8.029771695056034e-05, 0.0004803953456283092, -0.0003866225769470486, -0.0002365997393321381, 0.0003958014854198329, 0.00048410630561995945, 0.0004804244254891523, 1.6808188524179007e-05, -0.00039838290362960427, -1.8103931392350993e-05, -0.000487625107053169, 9.155921457951817e-05, -0.00010421728649299744, -0.00041114039701053675, 0.00037895903930043346, -0.00011541129526080652, 0.0001064858541109994, 0.0004554024465336817, -4.17848757505701e-05, -0.0003593010899409435, -0.00010760546313292544, 0.00015483824103938227, 0.0003512584776155465, -6.77452882015648e-05, 0.00013894969243493423, 0.00031223603543285177, 0.000296169356283612, 0.00034501028260088885, 7.001293135829652e-05, 0.0002490137188599442, -0.0002948521467095202, 0.00014946782563669912, 0.0003951454146911372, 0.00024673048551402733, -0.0004258619422021538, -8.280120240709068e-05, -0.0003837177934823124, 0.0004205460664819479, -0.00015897254307735707, -0.00021398950128106878, -0.0004149673463955619, 0.00012797085130969552, -9.531983257617029e-05, -0.00039469811327352144, 0.0002224573065096971, -0.00025484726483570534, 0.0002840440643597415, 0.00017007035288420518, 1.839981762617954e-05, -0.0002977935185589127, 5.851121347658246e-05, -0.0002585559398199991, 7.222253056548135e-06, 0.0002056856769233991, -0.0004460998323805676, -0.0004516481985222014, 0.0004117302319114666, -0.0001301302216243762, 1.683675648788698e-06, 0.0003320748931513756, 0.0001701533376115568, -0.0002228429792334202, -0.00013560178186784787, 5.8467041291642504e-05, -9.525392029172098e-05, 0.0003015946929741316, 0.0003694672125026424, 0.00022754004138358583, -0.00048178246601058986, 0.0004851684061398466, -0.0004277509272978786, 0.00023405497253866834, -0.00019492214803745777, -0.0004260054368110444, -0.00025697090505459987, -5.900652961798972e-05, 0.0004928766346278925, -0.0004956169139340238, 0.00021490066064818554, -0.0004117483207213043, 0.0004242971897620799, -0.000462207690586137, 0.0004429946647148277, -0.00035205591128717207, 0.00014952696334581564, 0.00046971625757641084, 0.00011789713336345488, -0.0004601729740745849, -0.00011782616979085306, -0.00031606016791129647, 0.0003588669065426037, -0.0003051266346142953, -0.0003861922543854659, -0.00044273703614547644, -0.00039986143959080614, -0.00011267987802371338, 1.1044063469535384e-05, -0.00043576881171168415, -0.0002864252449818708, -0.0002735323055376099, 0.0001707540629875328, -0.00019532998723285623, 0.0003109631683454842, -0.0004182419724613228, -0.00017776438749659017, 8.297809088212435e-05, -0.00028985088773210953, -0.0003300947072546977, -0.0001647535531324349, -0.00013720624504852012, -0.0004127499084146087, -0.0004737391649177014, 0.00042844195038550185, -0.00029491725069908737, -5.918160544915273e-05, -0.00023811156946317757, 0.0004818017721502964, 0.00030517379617442473, -0.0004456102894497823, -0.0004630360697053674, 0.0002458243991674715, 0.00013277829699737012, -0.0004598005660924125, 0.0001429399933845244, -0.0004247454578715566, -0.0002991021957646429, -0.00026666336812860235, 0.0004552795745943654, -0.00038762913750230345, -0.00018723862122959023, 4.9465955367286206e-05, 0.0002638002118328372, 5.1125876331297414e-05, 0.0003809618443062192, -1.1122769041573715e-05, -6.82556577617063e-05, 0.0002826688179271076, 0.00017051061669352732, -0.0002382931058058213, -2.561619729326848e-05, 0.00016423548741018729, -0.00023928202255834989, -0.00032093132017741225, 0.00020712470217478266, -0.0002485298269146222, -0.00014658806365206622, 0.00036324914468288346, 0.00027914707293795254, -0.00021331417564212442, -0.0002718610233922429, -2.362205659225806e-05, -0.00046870780134386703, -0.0004264793264425092, -0.00037979168558315967, 0.00015038069637107537, 0.0002963399376219771, 0.00036389910245097456, -0.000329657189517658, 1.6222349827331797e-05, 7.168367096614398e-05, -6.843339149849889e-06, 0.0002630602308363385, 0.00045977948601630804, 0.00042232632447354286, 0.00022872000865101184, 0.00022444819882653708, -0.00037175233075195327, -0.00038104270945828493, 0.00026633160416700567, 0.00023050711206696792, 0.00021161226649046264, 0.0003442613043390556, 0.00027987564153814874, -4.136509779643048e-06, -0.00038513978720198963, -0.000493656534622467, 0.0002172933408561737, 0.00014333064836473007, -2.746952460325479e-05, -0.0004836424624226471, 0.00027644160319802223, -0.0003012629384523854, -0.00022514735976658374, 0.0004936924567863533, -0.00029385324375248424, -0.00013407903533807622, -0.0001471712744347511, 0.00045270799758309187, -0.0001736642783319957, -0.00036477870412232117, -0.0001951004519114209, 0.0004743211783610244, -0.00017625197292530384, 0.0004831915121513463, 0.0004471749175816124, -0.0002626493622480211, 0.0004288402803176595, 0.0002958575145017656, 0.0003145521463490057, -1.9086927562690474e-05, 0.0003308628419324666, -6.943805990816221e-06, -4.6612521848345264e-06, -0.00037579913369280293, -0.0003185090555585266, 1.969017396892135e-05, 0.00011182490671868175, 0.0003251463110110185, 0.0003947026730610221, 0.0002956082442582632, 9.519760626979163e-05, -0.00024944569757496415, -0.00036466750623241726, 0.0002936460529502366, 4.832955301575239e-05, -4.698048291843236e-05, 0.00011723077867914695, -0.0003640036447211336, 0.0003176462063704805, 0.0004190181854606894, 0.0003477344817584418, 0.000178140460416351, 0.00026546426366614196, 0.00044843027359983234, 8.386722336444126e-05, -0.0004703132185302419, -0.00026505347998977515, -0.0003719958477620963, 0.00044981214953144274, -0.00026373867618262206, -3.380215837387726e-05, 0.00019445484553325967, 0.0003244068522849985, 0.00033086326057157715, 0.0001751510837306173, -0.0001267684723506308, -0.00023359663222993012, 0.00043605268453580904, 0.0002667808185182138, 4.794456230077155e-05, -0.000307553475083569, 0.00014534702328163486, 0.0003423557200314362, -0.0001323613754194085, -0.0004924671732533903, 0.00011637429022398778, -0.00042018437212673447, -0.00025078044135228505, -0.00048053240741333027, -0.000289224304908347, 0.0003669137767297483, 0.00017651458398708613, 0.00022931288060247447, 0.00044512927760383093, -0.00015897770784410183, 0.0004740604833652455, 0.00014383999905875412, 0.00017152470320955931, -0.0004408036775421652, -0.0003256514348728745, 0.000472553995928609, -0.0004173239625755912, 0.000437907967171821, -0.0004985916524990853, 0.00035172134764785456, 0.00047937289449875614, -0.00010685447195625189, -2.8390615683186824e-05, -0.00017353978027930938, -0.00015020083750286173, 5.2033193354866347e-05, 0.00023553398739835558, 0.0002182246788125096, -9.786069693950151e-05, -5.970395056789467e-05, -0.000283258270420914, 0.0003282667340315401, 6.658874725850054e-05, 0.0004484412336293, -0.00024186267286005204, -8.333760717922991e-05, -5.582713175107082e-05, -1.9540902279726376e-05, 0.00023853582107242902, -7.839751880173396e-05, 0.0003603388358917163, 5.1961384626346614e-05, -0.0003448232469946101, -9.195814749314314e-05, 0.00012081021818799616, -0.0003345432057647828, -3.244737289151759e-05, -0.00037207411111912526, -0.00032692926101027654, 5.745338760618224e-05, 0.00011443745365692247, -0.00046163011844484647, 3.604682591685246e-05, 7.018685422995985e-05, 0.0002803544608182206, 0.0003537044374458517, 6.353707766590486e-05, -0.00022201503584172623, -0.00020944257930813592]
 
RESULTS:
--------
E_VQE = -10.646772149189337
inf_VQE = 0.9438765497689361
n_fn_calls = 2474
Wall-clock time 338.8542751983139 hours
 
For more output, see /home/jkattem1/HVQE/data/kagome/periodic/own_graph/opg/energy/4x2/output.txt
Plots of output saved in /home/jkattem1/HVQE/data/kagome/periodic/own_graph/opg/energy/4x2
End of HVQE.py
==========================================================================================
No CuPy installation found, continuing without GPU acceleration.
having the CPUs {42, 43, 14, 15} available.
Started basinhopping at 2021-03-17 06:54:42.692947 UTC, with
command line arguments = {'path': '/home/jkattem1/HVQE/data/kagome/periodic/own_graph/opg/energy/4x2', 'n_par': 432, 'par_multiplicity': 1, 'n_iter': 0, 'cost_fn': 'energy', 'temperature': 1.0, 'stepsize': 1.0, 'init_par': None, 'dump_interval': 64}
runtime variables =  {'GPU': False, 'date_start': '2021-03-17 06:54:42.692947', 'complete_graph': [(0, 8), (2, 10), (4, 12), (6, 14), (16, 11), (18, 13), (20, 15), (22, 9), (19, 1), (21, 3), (23, 5), (17, 7), (1, 8), (3, 10), (5, 12), (7, 14), (9, 16), (11, 18), (13, 20), (15, 22), (17, 0), (19, 2), (21, 4), (23, 6), (1, 2), (3, 4), (5, 6), (7, 0), (10, 16), (12, 18), (14, 20), (8, 22), (9, 17), (11, 19), (13, 21), (15, 23), (0, 1), (2, 3), (4, 5), (6, 7), (8, 9), (10, 11), (12, 13), (14, 15), (16, 17), (18, 19), (20, 21), (22, 23)], 'init_layer': [(0, 1), (2, 3), (4, 5), (6, 7), (8, 9), (10, 11), (12, 13), (14, 15), (16, 17), (18, 19), (20, 21), (22, 23)], 'layers': [[(0, 8), (2, 10), (4, 12), (6, 14), (16, 11), (18, 13), (20, 15), (22, 9), (19, 1), (21, 3), (23, 5), (17, 7)], [(1, 8), (3, 10), (5, 12), (7, 14), (9, 16), (11, 18), (13, 20), (15, 22), (17, 0), (19, 2), (21, 4), (23, 6)], [(1, 2), (3, 4), (5, 6), (7, 0), (10, 16), (12, 18), (14, 20), (8, 22), (9, 17), (11, 19), (13, 21), (15, 23)], [(0, 1), (2, 3), (4, 5), (6, 7), (8, 9), (10, 11), (12, 13), (14, 15), (16, 17), (18, 19), (20, 21), (22, 23)]], 'n': 24}
................................................................Data dump on 2021-03-17 16:58:04.651733
................................................................Data dump on 2021-03-18 02:11:35.629595
................................................................Data dump on 2021-03-18 11:15:57.558651
................................................................Data dump on 2021-03-18 20:21:27.383249
................................................................Data dump on 2021-03-19 05:26:29.254379
................................................................Data dump on 2021-03-19 14:53:54.308994
................................................................Data dump on 2021-03-20 00:46:53.325123
................................................................Data dump on 2021-03-20 10:28:27.705598
................................................................Data dump on 2021-03-20 20:04:34.611951
................................................................Data dump on 2021-03-21 05:38:01.899731
................................................................Data dump on 2021-03-21 15:10:53.101274
................................................................Data dump on 2021-03-22 00:45:26.183694
................................................................Data dump on 2021-03-22 10:24:04.326065
................................................................Data dump on 2021-03-22 20:24:11.932338
................................................................Data dump on 2021-03-23 06:14:11.110657
................................................................Data dump on 2021-03-23 15:19:43.016255
................................................................Data dump on 2021-03-24 00:24:21.140076
................................................................Data dump on 2021-03-24 09:29:45.036402
................................................................Data dump on 2021-03-24 18:34:52.980172
................................................................Data dump on 2021-03-25 03:40:22.461401
................................................................Data dump on 2021-03-25 12:45:46.920168
................................................................Data dump on 2021-03-25 21:51:07.119260
................................................................Data dump on 2021-03-26 06:56:46.561566
................................................................Data dump on 2021-03-26 16:07:19.265332
................................................................Data dump on 2021-03-27 01:37:07.764014
................................................................Data dump on 2021-03-27 11:05:10.063035
................................................................Data dump on 2021-03-27 20:25:17.215020
................................................................Data dump on 2021-03-28 05:57:21.301170
................................................................Data dump on 2021-03-28 15:14:51.937582
................................................................Data dump on 2021-03-29 00:39:13.064775
................................................................Data dump on 2021-03-29 10:05:16.401584
................................................................Data dump on 2021-03-29 19:34:15.665146
................................................................Data dump on 2021-03-30 04:59:10.363673
................................................................Data dump on 2021-03-30 14:25:28.913604
................................................................Data dump on 2021-03-30 23:53:59.847080
................................................................Data dump on 2021-03-31 09:02:48.776595
................................................................Data dump on 2021-03-31 18:06:26.087802
................................................................Data dump on 2021-04-01 03:11:51.621528
................................................................Data dump on 2021-04-01 12:17:29.048064
................................................................Data dump on 2021-04-01 21:22:08.370272
................................................................Data dump on 2021-04-02 06:26:35.994703
................................................................Data dump on 2021-04-02 15:31:17.889498
................................................................Data dump on 2021-04-03 00:36:15.584117
................................................................Data dump on 2021-04-03 09:42:02.747027
................................................................Data dump on 2021-04-03 18:47:42.262667
................................................................Data dump on 2021-04-04 03:52:52.316197
................................................................Data dump on 2021-04-04 12:58:03.571284
................................................................Data dump on 2021-04-04 22:03:54.218272
................................................................Data dump on 2021-04-05 07:09:07.165344
................................................................Data dump on 2021-04-05 16:14:28.945318
................................................................Data dump on 2021-04-06 01:20:52.029183
................................................................Data dump on 2021-04-06 10:27:18.684292
................................................................Data dump on 2021-04-06 19:33:57.465534
................................................................Data dump on 2021-04-07 04:45:21.820723
................................................................Data dump on 2021-04-07 13:52:03.052673
................................................................Data dump on 2021-04-08 00:16:52.469504
................................................................Data dump on 2021-04-08 10:32:44.987375
................................................................Data dump on 2021-04-08 19:55:08.785125
................................................................Data dump on 2021-04-09 05:18:47.831801
................................................................Data dump on 2021-04-09 14:52:34.866284
................................................................Data dump on 2021-04-10 00:29:13.378576
................................................................Data dump on 2021-04-10 09:36:17.088268
................................................................Data dump on 2021-04-10 18:43:54.845763
................................................................Data dump on 2021-04-11 03:51:14.380928
................................................................Data dump on 2021-04-11 12:57:57.794880
.......................................................slurmstepd: error: *** JOB 709 ON obelix-cn002 CANCELLED AT 2021-04-11T22:50:23 DUE TO TIME LIMIT ***
