No CuPy installation found, continuing without GPU acceleration.
having the CPUs {24, 25, 28, 29} available.
Started basinhopping at 2020-12-24 22:49:35.784881 UTC, with
command line arguments = {'path': '/home/jorisk2/HVQE/data/kagome/periodic/own_graph/ops/energy/2x2', 'n_par': 24, 'par_multiplicity': 2, 'n_iter': 0, 'cost_fn': 'energy', 'temperature': 1.0, 'stepsize': 1.0, 'init_par': None, 'dump_interval': None}
runtime variables =  {'GPU': False, 'date_start': '2020-12-24 22:49:35.784881', 'complete_graph': [(0, 4), (2, 6), (8, 7), (10, 5), (11, 1), (9, 3), (1, 4), (3, 6), (5, 8), (7, 10), (9, 0), (11, 2), (1, 2), (3, 0), (6, 8), (4, 10), (5, 9), (7, 11), (0, 1), (2, 3), (4, 5), (6, 7), (8, 9), (10, 11)], 'init_layer': [(0, 1), (2, 3), (4, 5), (6, 7), (8, 9), (10, 11)], 'layers': [[(0, 4), (2, 6), (8, 7), (10, 5), (11, 1), (9, 3)], [(1, 4), (3, 6), (5, 8), (7, 10), (9, 0), (11, 2)], [(1, 2), (3, 0), (6, 8), (4, 10), (5, 9), (7, 11)], [(0, 1), (2, 3), (4, 5), (6, 7), (8, 9), (10, 11)]], 'n': 12}
....................................................................................................................................... 
==========================================================================================
Finished basinhopping of  /home/jorisk2/HVQE/data/kagome/periodic/own_graph/ops/energy/2x2 at 2020-12-24 23:09:05.375352 UTC, with
 
{'path': '/home/jorisk2/HVQE/data/kagome/periodic/own_graph/ops/energy/2x2', 'n_par': 24, 'par_multiplicity': 2, 'n_iter': 0, 'cost_fn': 'energy', 'temperature': 1.0, 'stepsize': 1.0, 'init_par': None, 'dump_interval': None}
init_par = [0.0004351413195555177, -0.00020084419759848585, -0.0004706641138373763, -0.0003598143843061795, 0.00023739734401696376, 2.695929017167706e-07, -0.00040602294816355757, -4.931240603451458e-05, -0.0002536711759078535, 0.00047709917402016604, 8.113395522278731e-05, -0.0004546940192283914, 2.3291499963683238e-05, -0.0003731583773598371, 0.00032954821769022515, 0.00046294175851259163, -3.6072268432818294e-05, 5.676385224939696e-05, -0.0003137206604982651, 0.0004573682419886564, -0.00019903144200423596, -9.278001997867842e-06, -0.00021904723594704266, 0.00041704937158975534]
 
RESULTS:
--------
E_VQE = -5.275556678858729
inf_VQE = 0.5765975679544932
n_fn_calls = 135
Wall-clock time 0.3071196636888716 hours
 
For more output, see /home/jorisk2/HVQE/data/kagome/periodic/own_graph/ops/energy/2x2/output.txt
Plots of output saved in /home/jorisk2/HVQE/data/kagome/periodic/own_graph/ops/energy/2x2
End of HVQE.py
==========================================================================================
No CuPy installation found, continuing without GPU acceleration.
having the CPUs {24, 25, 28, 29} available.
Started basinhopping at 2020-12-24 23:15:44.233129 UTC, with
command line arguments = {'path': '/home/jorisk2/HVQE/data/kagome/periodic/own_graph/ops/energy/2x2', 'n_par': 36, 'par_multiplicity': 2, 'n_iter': 0, 'cost_fn': 'energy', 'temperature': 1.0, 'stepsize': 1.0, 'init_par': None, 'dump_interval': None}
runtime variables =  {'GPU': False, 'date_start': '2020-12-24 23:15:44.233129', 'complete_graph': [(0, 4), (2, 6), (8, 7), (10, 5), (11, 1), (9, 3), (1, 4), (3, 6), (5, 8), (7, 10), (9, 0), (11, 2), (1, 2), (3, 0), (6, 8), (4, 10), (5, 9), (7, 11), (0, 1), (2, 3), (4, 5), (6, 7), (8, 9), (10, 11)], 'init_layer': [(0, 1), (2, 3), (4, 5), (6, 7), (8, 9), (10, 11)], 'layers': [[(0, 4), (2, 6), (8, 7), (10, 5), (11, 1), (9, 3)], [(1, 4), (3, 6), (5, 8), (7, 10), (9, 0), (11, 2)], [(1, 2), (3, 0), (6, 8), (4, 10), (5, 9), (7, 11)], [(0, 1), (2, 3), (4, 5), (6, 7), (8, 9), (10, 11)]], 'n': 12}
.................................................................................................................................................................................................................................................................................................... 
==========================================================================================
Finished basinhopping of  /home/jorisk2/HVQE/data/kagome/periodic/own_graph/ops/energy/2x2 at 2020-12-25 00:35:16.312914 UTC, with
 
{'path': '/home/jorisk2/HVQE/data/kagome/periodic/own_graph/ops/energy/2x2', 'n_par': 36, 'par_multiplicity': 2, 'n_iter': 0, 'cost_fn': 'energy', 'temperature': 1.0, 'stepsize': 1.0, 'init_par': None, 'dump_interval': None}
init_par = [0.00028039463128877017, 0.0002881566529183664, -9.023596098172516e-05, 7.75568041188029e-06, 0.000273417787195105, 0.000446355883813839, 1.4060483918578153e-06, -8.297513231448375e-05, 6.851560291390934e-05, -0.0002265552631887903, -0.0001890283493285987, 0.00028013029089642204, 0.00012637752558958834, 0.00037247912194749626, 0.00027569073075467616, -0.00013107518812102383, -0.00027253910342914353, 0.00048169635671841153, -0.0002520211772085648, 0.00013813631351774222, 0.00025832622872595443, -0.0003717237068084487, 5.432474118595356e-05, -6.6794885179568e-05, -4.5358069118296e-05, 0.0004570814391457107, 0.00044338392220693147, -0.00041784475391204326, -6.574153234556148e-05, -5.29101673463651e-05, 0.00047934380430080404, -0.0003867916429825658, 0.0004837629276267081, 0.00025861054981924194, 0.00047460590723982614, -8.100398936994682e-05]
 
RESULTS:
--------
E_VQE = -5.297333580990267
inf_VQE = 0.5327482942499147
n_fn_calls = 292
Wall-clock time 1.307407268020842 hours
 
For more output, see /home/jorisk2/HVQE/data/kagome/periodic/own_graph/ops/energy/2x2/output.txt
Plots of output saved in /home/jorisk2/HVQE/data/kagome/periodic/own_graph/ops/energy/2x2
End of HVQE.py
==========================================================================================
No CuPy installation found, continuing without GPU acceleration.
having the CPUs {24, 25, 28, 29} available.
Started basinhopping at 2020-12-25 00:42:53.425811 UTC, with
command line arguments = {'path': '/home/jorisk2/HVQE/data/kagome/periodic/own_graph/ops/energy/2x2', 'n_par': 48, 'par_multiplicity': 2, 'n_iter': 0, 'cost_fn': 'energy', 'temperature': 1.0, 'stepsize': 1.0, 'init_par': None, 'dump_interval': None}
runtime variables =  {'GPU': False, 'date_start': '2020-12-25 00:42:53.425811', 'complete_graph': [(0, 4), (2, 6), (8, 7), (10, 5), (11, 1), (9, 3), (1, 4), (3, 6), (5, 8), (7, 10), (9, 0), (11, 2), (1, 2), (3, 0), (6, 8), (4, 10), (5, 9), (7, 11), (0, 1), (2, 3), (4, 5), (6, 7), (8, 9), (10, 11)], 'init_layer': [(0, 1), (2, 3), (4, 5), (6, 7), (8, 9), (10, 11)], 'layers': [[(0, 4), (2, 6), (8, 7), (10, 5), (11, 1), (9, 3)], [(1, 4), (3, 6), (5, 8), (7, 10), (9, 0), (11, 2)], [(1, 2), (3, 0), (6, 8), (4, 10), (5, 9), (7, 11)], [(0, 1), (2, 3), (4, 5), (6, 7), (8, 9), (10, 11)]], 'n': 12}
................................................................................................................................................................................................................................................... 
==========================================================================================
Finished basinhopping of  /home/jorisk2/HVQE/data/kagome/periodic/own_graph/ops/energy/2x2 at 2020-12-25 02:11:59.967783 UTC, with
 
{'path': '/home/jorisk2/HVQE/data/kagome/periodic/own_graph/ops/energy/2x2', 'n_par': 48, 'par_multiplicity': 2, 'n_iter': 0, 'cost_fn': 'energy', 'temperature': 1.0, 'stepsize': 1.0, 'init_par': None, 'dump_interval': None}
init_par = [0.00032363104104790456, -3.9376466359223304e-05, 0.00041196507765256464, -0.000436915157976809, -0.000408394238025697, -0.000242978584181461, -0.0004154108070254993, 0.0001895040240471441, 0.00032974861924020874, 0.00028115215480388814, -0.00015525913262138413, 6.500116502647477e-05, 0.000476812511091761, -0.0004323222626156701, 0.00014097641634567052, 0.000300149210410952, -0.0002537191058903658, 0.00039838565101895165, 9.598917916216849e-05, -0.00046818077957778374, 0.0002587993502045047, -0.0001386130835120194, 0.00024634189754080716, 0.00010643504783355742, 0.00018080524691004192, -0.0002772697321098012, 0.00021327767876540206, 0.00041826846728400507, -0.00042899177992872673, 3.9973977562508594e-05, 0.0003944223957123592, -1.8565497015665016e-05, -0.0002950208495089572, 0.0003591812304784667, -0.00017040636561201696, -0.00019822871890702397, 0.0004511135452566747, 0.00012959713819715875, 0.0004570301181992148, 0.00047442637965594407, -0.00017304883820258067, 0.00011864322039865601, -0.00018519276641920402, 0.00028038890827584257, -8.51239305164183e-05, -0.00010625247185448705, -6.536964057150574e-05, -0.00010755707384293203]
 
RESULTS:
--------
E_VQE = -5.347194887196063
inf_VQE = 0.4685564987637363
n_fn_calls = 243
Wall-clock time 1.466761808594068 hours
 
For more output, see /home/jorisk2/HVQE/data/kagome/periodic/own_graph/ops/energy/2x2/output.txt
Plots of output saved in /home/jorisk2/HVQE/data/kagome/periodic/own_graph/ops/energy/2x2
End of HVQE.py
==========================================================================================
No CuPy installation found, continuing without GPU acceleration.
having the CPUs {24, 25, 28, 29} available.
Started basinhopping at 2020-12-25 02:20:15.758534 UTC, with
command line arguments = {'path': '/home/jorisk2/HVQE/data/kagome/periodic/own_graph/ops/energy/2x2', 'n_par': 60, 'par_multiplicity': 2, 'n_iter': 0, 'cost_fn': 'energy', 'temperature': 1.0, 'stepsize': 1.0, 'init_par': None, 'dump_interval': None}
runtime variables =  {'GPU': False, 'date_start': '2020-12-25 02:20:15.758534', 'complete_graph': [(0, 4), (2, 6), (8, 7), (10, 5), (11, 1), (9, 3), (1, 4), (3, 6), (5, 8), (7, 10), (9, 0), (11, 2), (1, 2), (3, 0), (6, 8), (4, 10), (5, 9), (7, 11), (0, 1), (2, 3), (4, 5), (6, 7), (8, 9), (10, 11)], 'init_layer': [(0, 1), (2, 3), (4, 5), (6, 7), (8, 9), (10, 11)], 'layers': [[(0, 4), (2, 6), (8, 7), (10, 5), (11, 1), (9, 3)], [(1, 4), (3, 6), (5, 8), (7, 10), (9, 0), (11, 2)], [(1, 2), (3, 0), (6, 8), (4, 10), (5, 9), (7, 11)], [(0, 1), (2, 3), (4, 5), (6, 7), (8, 9), (10, 11)]], 'n': 12}
...................................................................................................................................................................................................................................................................................................................................................... 
==========================================================================================
Finished basinhopping of  /home/jorisk2/HVQE/data/kagome/periodic/own_graph/ops/energy/2x2 at 2020-12-25 05:35:01.234820 UTC, with
 
{'path': '/home/jorisk2/HVQE/data/kagome/periodic/own_graph/ops/energy/2x2', 'n_par': 60, 'par_multiplicity': 2, 'n_iter': 0, 'cost_fn': 'energy', 'temperature': 1.0, 'stepsize': 1.0, 'init_par': None, 'dump_interval': None}
init_par = [-0.0004527443106383319, 0.00038738648538710267, -0.00025598649086346124, -8.723443590651959e-05, 0.000494297707055501, 0.0002677514280365154, -0.00017054773166547778, 0.0003514679409175941, -0.00023538409493102967, -0.0003781910973157848, 0.00015751136411409287, -0.00010142609866874364, -0.00042744719052219894, 0.0001224645327759092, -1.2400112782534752e-05, -0.00044761456398752307, 0.00011290543676444476, 0.0003268470035979983, -4.575210518483619e-05, 0.0003890105941201211, -0.00025986177629386666, -0.0002007223551915818, -0.00017498834310135792, -0.0004912310884279726, 0.00011455705759150204, 5.847372914893705e-05, -7.707341910037169e-05, 0.0003744994010394019, -4.078128284133113e-05, 0.0002692025091710947, 0.00018464665576891953, -0.00038034880884465084, -6.724668068133234e-05, 8.820991491246145e-05, -0.0003263255001601694, 0.0003339705147819101, -0.00027194948810043464, 1.2818091474208794e-05, 0.0004400552337980771, -0.0003917954626931092, -0.00040088266372899074, -0.00026378975528334303, -0.0004405028714388858, -0.000299395479315273, 0.0003893779388470243, 7.031457210210726e-05, 0.00040053348192903683, -8.174168542163062e-05, 0.0001964050182977951, -0.00010961891731548347, 0.00025129862349200483, 2.0755464920382697e-05, 0.0002205165776741865, -0.0003596639232623242, -5.073286374039822e-05, -0.00026156859444417856, 0.00010678019405951217, -0.0004968608067368793, 5.499504913929318e-05, 0.00033186816692718423]
 
RESULTS:
--------
E_VQE = -5.3735811294734575
inf_VQE = 0.41145431642078767
n_fn_calls = 342
Wall-clock time 3.2230715745687486 hours
 
For more output, see /home/jorisk2/HVQE/data/kagome/periodic/own_graph/ops/energy/2x2/output.txt
Plots of output saved in /home/jorisk2/HVQE/data/kagome/periodic/own_graph/ops/energy/2x2
End of HVQE.py
==========================================================================================
No CuPy installation found, continuing without GPU acceleration.
having the CPUs {24, 25, 28, 29} available.
Started basinhopping at 2020-12-25 05:41:54.833277 UTC, with
command line arguments = {'path': '/home/jorisk2/HVQE/data/kagome/periodic/own_graph/ops/energy/2x2', 'n_par': 72, 'par_multiplicity': 2, 'n_iter': 0, 'cost_fn': 'energy', 'temperature': 1.0, 'stepsize': 1.0, 'init_par': None, 'dump_interval': None}
runtime variables =  {'GPU': False, 'date_start': '2020-12-25 05:41:54.833277', 'complete_graph': [(0, 4), (2, 6), (8, 7), (10, 5), (11, 1), (9, 3), (1, 4), (3, 6), (5, 8), (7, 10), (9, 0), (11, 2), (1, 2), (3, 0), (6, 8), (4, 10), (5, 9), (7, 11), (0, 1), (2, 3), (4, 5), (6, 7), (8, 9), (10, 11)], 'init_layer': [(0, 1), (2, 3), (4, 5), (6, 7), (8, 9), (10, 11)], 'layers': [[(0, 4), (2, 6), (8, 7), (10, 5), (11, 1), (9, 3)], [(1, 4), (3, 6), (5, 8), (7, 10), (9, 0), (11, 2)], [(1, 2), (3, 0), (6, 8), (4, 10), (5, 9), (7, 11)], [(0, 1), (2, 3), (4, 5), (6, 7), (8, 9), (10, 11)]], 'n': 12}
............................................................................................................................................................................................................................................................................................................................................................................................................................................................................................................................................................................................................................................ 
==========================================================================================
Finished basinhopping of  /home/jorisk2/HVQE/data/kagome/periodic/own_graph/ops/energy/2x2 at 2020-12-25 12:59:11.064484 UTC, with
 
{'path': '/home/jorisk2/HVQE/data/kagome/periodic/own_graph/ops/energy/2x2', 'n_par': 72, 'par_multiplicity': 2, 'n_iter': 0, 'cost_fn': 'energy', 'temperature': 1.0, 'stepsize': 1.0, 'init_par': None, 'dump_interval': None}
init_par = [-4.7561001175744236e-05, 0.0003382736265840001, -0.0003751147453123064, -0.00012964211796012806, 0.000395625055307932, 0.0003299752885200072, -2.3889749464126042e-05, 0.0004456754701062718, -0.0001395663147282138, -6.845232790307122e-05, -0.0003139411815878089, 0.0002993558650829178, 0.0003691148310829704, 0.00018945522370048895, 0.0003444207250523168, -0.00043809038182027584, 0.00023559622356854164, 0.0004983409119851277, 0.00042912327930770793, 0.0004985172959944776, -0.0003626085248801301, 0.00019437460490568216, -3.9701709536853484e-05, -0.00013382664168026348, 0.000201135338936904, -0.0004918555599718696, -0.00044239275638261854, -0.0003990644473652878, 7.941194797010795e-05, 1.531243239732982e-05, 0.00021916991155505818, 0.0004190925226293528, 0.00041692934703893775, -0.00043364609519349473, 0.00010396187788467215, 0.00040202250164571404, 0.00010512812452480097, 0.0004434801721924013, -0.00025858567881408424, 0.0004557950509197292, -0.00033998857164365846, 0.0003374706620041494, -0.00044769942592487233, -0.0001264194881708486, 8.033775030052417e-05, -0.0002732566723216283, -0.00048783307659308996, -0.00016008053156926663, 0.00032408054995555194, -0.0003522546265970659, -0.00034650928247902395, -0.0004670205991780393, 0.00019624004023016282, 0.00032869532215568087, -0.0002108196663188502, 0.00011951790117784456, -0.0003695850398860885, 0.00040618483027124225, -0.0004549130458044516, -0.00045342470107437825, -0.00011054229811700958, 0.00034746914259369856, 0.0004853767756741469, -0.0004538324303523984, 5.197367671979855e-05, 0.0002586740138695304, -0.0002710878666938504, -0.00020071346772423303, -3.470385940560584e-05, 0.0002860023149000685, -0.00020782257150381137, 0.0001919196861317247]
 
RESULTS:
--------
E_VQE = -5.386564752877739
inf_VQE = 0.28828182587820406
n_fn_calls = 620
Wall-clock time 7.267865133020613 hours
 
For more output, see /home/jorisk2/HVQE/data/kagome/periodic/own_graph/ops/energy/2x2/output.txt
Plots of output saved in /home/jorisk2/HVQE/data/kagome/periodic/own_graph/ops/energy/2x2
End of HVQE.py
==========================================================================================
No CuPy installation found, continuing without GPU acceleration.
having the CPUs {24, 25, 28, 29} available.
Started basinhopping at 2020-12-25 13:08:52.479377 UTC, with
command line arguments = {'path': '/home/jorisk2/HVQE/data/kagome/periodic/own_graph/ops/energy/2x2', 'n_par': 84, 'par_multiplicity': 2, 'n_iter': 0, 'cost_fn': 'energy', 'temperature': 1.0, 'stepsize': 1.0, 'init_par': None, 'dump_interval': None}
runtime variables =  {'GPU': False, 'date_start': '2020-12-25 13:08:52.479377', 'complete_graph': [(0, 4), (2, 6), (8, 7), (10, 5), (11, 1), (9, 3), (1, 4), (3, 6), (5, 8), (7, 10), (9, 0), (11, 2), (1, 2), (3, 0), (6, 8), (4, 10), (5, 9), (7, 11), (0, 1), (2, 3), (4, 5), (6, 7), (8, 9), (10, 11)], 'init_layer': [(0, 1), (2, 3), (4, 5), (6, 7), (8, 9), (10, 11)], 'layers': [[(0, 4), (2, 6), (8, 7), (10, 5), (11, 1), (9, 3)], [(1, 4), (3, 6), (5, 8), (7, 10), (9, 0), (11, 2)], [(1, 2), (3, 0), (6, 8), (4, 10), (5, 9), (7, 11)], [(0, 1), (2, 3), (4, 5), (6, 7), (8, 9), (10, 11)]], 'n': 12}
............................................................................................................................................................................................................................................................................................................................................................................................................................................................................................. 
==========================================================================================
Finished basinhopping of  /home/jorisk2/HVQE/data/kagome/periodic/own_graph/ops/energy/2x2 at 2020-12-25 19:54:42.508103 UTC, with
 
{'path': '/home/jorisk2/HVQE/data/kagome/periodic/own_graph/ops/energy/2x2', 'n_par': 84, 'par_multiplicity': 2, 'n_iter': 0, 'cost_fn': 'energy', 'temperature': 1.0, 'stepsize': 1.0, 'init_par': None, 'dump_interval': None}
init_par = [-0.00016737630709622665, 0.0003404593644415378, -0.0001881821896004191, -0.00014652718227570107, 0.0003004766919113439, 0.0004885163359461566, -0.00032667317634833663, 0.0004300430024147049, -0.0003907517915848111, -0.00019931615344390466, 0.0004703758254749464, 0.0002863060816381324, -0.00010262222086886922, 0.00014851661586925806, 5.899540263776422e-05, -0.00038899701000405854, -0.00044664569082475283, 0.0003202948395449257, -0.00039580007147827157, -8.243901632397946e-05, -1.3730914398028425e-05, 0.00013532195780676824, 0.0003198018734846186, -0.00032524607247475646, 0.0002986269379396069, 0.000243111506125938, 0.00012304037558035668, 0.0001895266794874975, 2.4811664877569684e-05, -0.00033313037920577936, -0.00040629747440613196, -0.00043768920133532976, 0.0004298024721410066, 0.00048239029618145465, 1.7106307732783722e-05, -9.78396778563757e-05, -0.0004675601529486523, -0.0002624628355919228, -6.597200790040193e-05, -0.00034008173208582685, 1.7780843827217094e-05, 0.00043650426239400767, 8.699755536256725e-05, -0.00041914559670192463, 0.00026190500748561737, 0.0003316455615348065, -0.00028335987885272796, 0.00013978361224718512, -0.00020979842218631686, 0.0002275926997965204, -0.00048533219286368536, 6.491945547610635e-05, -0.0003576532317412126, 0.00040266054411995807, 0.0004905011653237909, -0.0002836539521444051, -0.0001099082501701567, -8.995448008132447e-05, 0.0003730152572735564, -9.683259166559253e-05, -7.89081122996458e-05, 0.00033113302009379257, 0.00028024796569469453, -0.00011933429240630313, 0.00044278287726042995, -0.00013168185716094392, -0.0004141517466321756, -8.68606282268756e-05, 0.00027785142780137014, -0.000402418590159476, 5.378329816931688e-06, -0.0003188845323631492, 0.00020666852247672955, 0.0004802510651259475, -0.00016485862813808016, -0.00018291097450290507, 0.00025159918871271703, 5.803329788727082e-05, 0.0004892135182984576, 0.00021683464275068, -0.00015291543967253584, 0.000369087401720124, -0.00017012412170202385, 0.0001977466505932127]
 
RESULTS:
--------
E_VQE = -5.389947795396812
inf_VQE = 0.2662324593819274
n_fn_calls = 477
Wall-clock time 6.743685374061267 hours
 
For more output, see /home/jorisk2/HVQE/data/kagome/periodic/own_graph/ops/energy/2x2/output.txt
Plots of output saved in /home/jorisk2/HVQE/data/kagome/periodic/own_graph/ops/energy/2x2
End of HVQE.py
==========================================================================================
No CuPy installation found, continuing without GPU acceleration.
having the CPUs {24, 25, 28, 29} available.
Started basinhopping at 2020-12-25 20:04:13.852471 UTC, with
command line arguments = {'path': '/home/jorisk2/HVQE/data/kagome/periodic/own_graph/ops/energy/2x2', 'n_par': 96, 'par_multiplicity': 2, 'n_iter': 0, 'cost_fn': 'energy', 'temperature': 1.0, 'stepsize': 1.0, 'init_par': None, 'dump_interval': None}
runtime variables =  {'GPU': False, 'date_start': '2020-12-25 20:04:13.852471', 'complete_graph': [(0, 4), (2, 6), (8, 7), (10, 5), (11, 1), (9, 3), (1, 4), (3, 6), (5, 8), (7, 10), (9, 0), (11, 2), (1, 2), (3, 0), (6, 8), (4, 10), (5, 9), (7, 11), (0, 1), (2, 3), (4, 5), (6, 7), (8, 9), (10, 11)], 'init_layer': [(0, 1), (2, 3), (4, 5), (6, 7), (8, 9), (10, 11)], 'layers': [[(0, 4), (2, 6), (8, 7), (10, 5), (11, 1), (9, 3)], [(1, 4), (3, 6), (5, 8), (7, 10), (9, 0), (11, 2)], [(1, 2), (3, 0), (6, 8), (4, 10), (5, 9), (7, 11)], [(0, 1), (2, 3), (4, 5), (6, 7), (8, 9), (10, 11)]], 'n': 12}
............................................................................................................................................................slurmstepd: error: *** JOB 7176078 ON r38n3 CANCELLED AT 2020-12-25T23:49:40 DUE TO TIME LIMIT ***
