No CuPy installation found, continuing without GPU acceleration.
having the CPUs {0, 1, 4, 5} available.
Started basinhopping at 2020-12-24 22:49:32.921764 UTC, with
command line arguments = {'path': '/home/jorisk2/HVQE/data/kagome/periodic/own_graph/ops/energy/2x2', 'n_par': 24, 'par_multiplicity': 2, 'n_iter': 0, 'cost_fn': 'energy', 'temperature': 1.0, 'stepsize': 1.0, 'init_par': None, 'dump_interval': None}
runtime variables =  {'GPU': False, 'date_start': '2020-12-24 22:49:32.921764', 'complete_graph': [(0, 4), (2, 6), (8, 7), (10, 5), (11, 1), (9, 3), (1, 4), (3, 6), (5, 8), (7, 10), (9, 0), (11, 2), (1, 2), (3, 0), (6, 8), (4, 10), (5, 9), (7, 11), (0, 1), (2, 3), (4, 5), (6, 7), (8, 9), (10, 11)], 'init_layer': [(0, 1), (2, 3), (4, 5), (6, 7), (8, 9), (10, 11)], 'layers': [[(0, 4), (2, 6), (8, 7), (10, 5), (11, 1), (9, 3)], [(1, 4), (3, 6), (5, 8), (7, 10), (9, 0), (11, 2)], [(1, 2), (3, 0), (6, 8), (4, 10), (5, 9), (7, 11)], [(0, 1), (2, 3), (4, 5), (6, 7), (8, 9), (10, 11)]], 'n': 12}
.................................................................................................................. 
==========================================================================================
Finished basinhopping of  /home/jorisk2/HVQE/data/kagome/periodic/own_graph/ops/energy/2x2 at 2020-12-24 23:09:14.238765 UTC, with
 
{'path': '/home/jorisk2/HVQE/data/kagome/periodic/own_graph/ops/energy/2x2', 'n_par': 24, 'par_multiplicity': 2, 'n_iter': 0, 'cost_fn': 'energy', 'temperature': 1.0, 'stepsize': 1.0, 'init_par': None, 'dump_interval': None}
init_par = [-0.0001335832229733717, 0.00025492364068376006, 0.0003641898910016507, -0.00025061784300359923, 0.00023327597205684357, -0.0002079897557496355, -0.00034396240529499967, 1.301013406235826e-05, -0.00031153252580072544, -0.0004093694818109076, -0.00023683798613095478, -3.223388165623955e-05, -0.0003934659865245072, 0.0003590273952155013, 0.0003041046703578052, -6.423327336549969e-05, 0.00027698980364605265, -3.649560925378728e-05, 0.0002812297238021299, 9.03060847026227e-05, 0.00010897111845979441, 0.0003718211604103929, -0.00036090483854607557, -4.333366491464662e-05]
 
RESULTS:
--------
E_VQE = -5.275804061439304
inf_VQE = 0.5579339459679411
n_fn_calls = 114
Wall-clock time 0.30377632260322573 hours
 
For more output, see /home/jorisk2/HVQE/data/kagome/periodic/own_graph/ops/energy/2x2/output.txt
Plots of output saved in /home/jorisk2/HVQE/data/kagome/periodic/own_graph/ops/energy/2x2
End of HVQE.py
==========================================================================================
No CuPy installation found, continuing without GPU acceleration.
having the CPUs {0, 1, 4, 5} available.
Started basinhopping at 2020-12-24 23:16:25.682230 UTC, with
command line arguments = {'path': '/home/jorisk2/HVQE/data/kagome/periodic/own_graph/ops/energy/2x2', 'n_par': 36, 'par_multiplicity': 2, 'n_iter': 0, 'cost_fn': 'energy', 'temperature': 1.0, 'stepsize': 1.0, 'init_par': None, 'dump_interval': None}
runtime variables =  {'GPU': False, 'date_start': '2020-12-24 23:16:25.682230', 'complete_graph': [(0, 4), (2, 6), (8, 7), (10, 5), (11, 1), (9, 3), (1, 4), (3, 6), (5, 8), (7, 10), (9, 0), (11, 2), (1, 2), (3, 0), (6, 8), (4, 10), (5, 9), (7, 11), (0, 1), (2, 3), (4, 5), (6, 7), (8, 9), (10, 11)], 'init_layer': [(0, 1), (2, 3), (4, 5), (6, 7), (8, 9), (10, 11)], 'layers': [[(0, 4), (2, 6), (8, 7), (10, 5), (11, 1), (9, 3)], [(1, 4), (3, 6), (5, 8), (7, 10), (9, 0), (11, 2)], [(1, 2), (3, 0), (6, 8), (4, 10), (5, 9), (7, 11)], [(0, 1), (2, 3), (4, 5), (6, 7), (8, 9), (10, 11)]], 'n': 12}
.................................................................................................................................................................................................................................................................................................. 
==========================================================================================
Finished basinhopping of  /home/jorisk2/HVQE/data/kagome/periodic/own_graph/ops/energy/2x2 at 2020-12-25 00:38:07.346809 UTC, with
 
{'path': '/home/jorisk2/HVQE/data/kagome/periodic/own_graph/ops/energy/2x2', 'n_par': 36, 'par_multiplicity': 2, 'n_iter': 0, 'cost_fn': 'energy', 'temperature': 1.0, 'stepsize': 1.0, 'init_par': None, 'dump_interval': None}
init_par = [0.0004918239348249427, -0.00011135940696786951, -0.00020805659368761424, 0.0002086299773296767, -0.00030008623800476344, 0.00028556814443374485, -0.0002608930176861894, -0.0001998355700028581, 0.00013057588211651413, -0.00011247429228187399, -0.00034831470434304413, -0.0004410623568771787, 0.00029842374678033595, -3.2206413785735286e-05, 0.0004980365432114397, 0.000244978262890586, 0.00030775953327141304, -0.00013690888413979375, 1.533727650412269e-05, -0.0004928017159167461, -3.169012171344777e-05, 0.0002826885448741611, 0.00046760124925214605, -0.0003321252245635785, 0.00010642921626907741, -4.238626438005566e-05, -0.0004748060954053607, -0.00021306851759960154, -0.000488610439337551, 0.00017292751908581255, 0.00042046202546157515, -0.0003138246561373068, 0.0002400061334277469, -0.0003257416790376418, 0.0001673865396351694, -0.0004632195685610835]
 
RESULTS:
--------
E_VQE = -5.327603954409659
inf_VQE = 0.4836508032788195
n_fn_calls = 290
Wall-clock time 1.3418886366155411 hours
 
For more output, see /home/jorisk2/HVQE/data/kagome/periodic/own_graph/ops/energy/2x2/output.txt
Plots of output saved in /home/jorisk2/HVQE/data/kagome/periodic/own_graph/ops/energy/2x2
End of HVQE.py
==========================================================================================
No CuPy installation found, continuing without GPU acceleration.
having the CPUs {0, 1, 4, 5} available.
Started basinhopping at 2020-12-25 00:46:49.220040 UTC, with
command line arguments = {'path': '/home/jorisk2/HVQE/data/kagome/periodic/own_graph/ops/energy/2x2', 'n_par': 48, 'par_multiplicity': 2, 'n_iter': 0, 'cost_fn': 'energy', 'temperature': 1.0, 'stepsize': 1.0, 'init_par': None, 'dump_interval': None}
runtime variables =  {'GPU': False, 'date_start': '2020-12-25 00:46:49.220040', 'complete_graph': [(0, 4), (2, 6), (8, 7), (10, 5), (11, 1), (9, 3), (1, 4), (3, 6), (5, 8), (7, 10), (9, 0), (11, 2), (1, 2), (3, 0), (6, 8), (4, 10), (5, 9), (7, 11), (0, 1), (2, 3), (4, 5), (6, 7), (8, 9), (10, 11)], 'init_layer': [(0, 1), (2, 3), (4, 5), (6, 7), (8, 9), (10, 11)], 'layers': [[(0, 4), (2, 6), (8, 7), (10, 5), (11, 1), (9, 3)], [(1, 4), (3, 6), (5, 8), (7, 10), (9, 0), (11, 2)], [(1, 2), (3, 0), (6, 8), (4, 10), (5, 9), (7, 11)], [(0, 1), (2, 3), (4, 5), (6, 7), (8, 9), (10, 11)]], 'n': 12}
.................................................................................................................................................................................................................................................................................................................................................................................................................................................................................................. 
==========================================================================================
Finished basinhopping of  /home/jorisk2/HVQE/data/kagome/periodic/own_graph/ops/energy/2x2 at 2020-12-25 03:40:29.890261 UTC, with
 
{'path': '/home/jorisk2/HVQE/data/kagome/periodic/own_graph/ops/energy/2x2', 'n_par': 48, 'par_multiplicity': 2, 'n_iter': 0, 'cost_fn': 'energy', 'temperature': 1.0, 'stepsize': 1.0, 'init_par': None, 'dump_interval': None}
init_par = [-0.000411390263384033, -0.000237705929409909, -0.00016362919835569704, -0.00022906457507594602, 0.00018251739856386864, -0.00033209123188503143, 0.00026012595716626264, 0.00010992360307531565, -0.0003241299773833194, -0.00020554869745389927, -0.00036029656847507964, 0.00014823535994379724, 0.00034318298170742773, 0.0003706226850290562, 0.0003159519121208289, 0.0003166692240206345, -1.3282460258603676e-05, -0.00017062131834505147, 0.00025978845455532876, -0.00022410252037953184, -0.00010411969853026484, -0.00025805922193206766, 0.0004926727748896023, 0.0004843663078258323, 0.00041477164419827337, 0.0003432107577193886, -6.570562265605253e-05, -0.0004467725348129179, -0.0003359645202535206, -0.000345745888032344, -0.00020745165977921568, -0.0002805948918106464, 1.8862894828301758e-05, 3.263383505678263e-06, 0.00026188921719208535, -0.00018915860829572394, -0.0001839047768501937, 0.00042597373079737797, 0.00010546035002912855, 0.0004193550329217214, -0.00035101100632938675, 0.00013995181852918673, -0.00030607803020748516, 0.00041825779231570686, -0.0003086475308438038, -9.923128433912817e-07, -0.00035968906756453855, 0.0003518182066198928]
 
RESULTS:
--------
E_VQE = -5.36584015617186
inf_VQE = 0.4128311493021898
n_fn_calls = 482
Wall-clock time 2.879551931023598 hours
 
For more output, see /home/jorisk2/HVQE/data/kagome/periodic/own_graph/ops/energy/2x2/output.txt
Plots of output saved in /home/jorisk2/HVQE/data/kagome/periodic/own_graph/ops/energy/2x2
End of HVQE.py
==========================================================================================
No CuPy installation found, continuing without GPU acceleration.
having the CPUs {0, 1, 4, 5} available.
Started basinhopping at 2020-12-25 03:48:37.735166 UTC, with
command line arguments = {'path': '/home/jorisk2/HVQE/data/kagome/periodic/own_graph/ops/energy/2x2', 'n_par': 60, 'par_multiplicity': 2, 'n_iter': 0, 'cost_fn': 'energy', 'temperature': 1.0, 'stepsize': 1.0, 'init_par': None, 'dump_interval': None}
runtime variables =  {'GPU': False, 'date_start': '2020-12-25 03:48:37.735166', 'complete_graph': [(0, 4), (2, 6), (8, 7), (10, 5), (11, 1), (9, 3), (1, 4), (3, 6), (5, 8), (7, 10), (9, 0), (11, 2), (1, 2), (3, 0), (6, 8), (4, 10), (5, 9), (7, 11), (0, 1), (2, 3), (4, 5), (6, 7), (8, 9), (10, 11)], 'init_layer': [(0, 1), (2, 3), (4, 5), (6, 7), (8, 9), (10, 11)], 'layers': [[(0, 4), (2, 6), (8, 7), (10, 5), (11, 1), (9, 3)], [(1, 4), (3, 6), (5, 8), (7, 10), (9, 0), (11, 2)], [(1, 2), (3, 0), (6, 8), (4, 10), (5, 9), (7, 11)], [(0, 1), (2, 3), (4, 5), (6, 7), (8, 9), (10, 11)]], 'n': 12}
.............................................................................................................................................................................................................................................................................................................................. 
==========================================================================================
Finished basinhopping of  /home/jorisk2/HVQE/data/kagome/periodic/own_graph/ops/energy/2x2 at 2020-12-25 06:39:46.533626 UTC, with
 
{'path': '/home/jorisk2/HVQE/data/kagome/periodic/own_graph/ops/energy/2x2', 'n_par': 60, 'par_multiplicity': 2, 'n_iter': 0, 'cost_fn': 'energy', 'temperature': 1.0, 'stepsize': 1.0, 'init_par': None, 'dump_interval': None}
init_par = [-0.00022186515019803735, 4.523075085432495e-05, 0.0004870485697972208, -0.00031181475352268305, 0.00015015174703383112, -0.00010106967455225348, -0.0002463287427783627, -0.0004560521963035147, -0.0004213644459331282, 0.00026370961081545637, 0.0002841295214874633, -0.00021186755658334356, 0.00042707247815372464, 0.00012557090771169583, -0.00023744014434605486, -0.00010893572826248276, -0.000387522022241922, -0.00019716536820891807, 0.00044272171707736903, 0.00021662249008870017, 0.00020679512876839207, -0.00012491082583705992, -4.278753859177618e-05, -3.7216013194010464e-05, -0.00024562653857721796, -0.0004611614501944532, -9.814697912760594e-05, 0.00039421439873588756, -0.00038856888408032885, -0.0003458379126317872, 0.0002042813014490446, -0.00036669011614455185, -0.00024215160883391175, -3.189016622775142e-05, 0.0003840028598655819, -0.0004942325318562856, 0.00045868593770127667, -7.993992998701048e-05, -0.0004497733561625955, 0.0002145076714480885, -0.0004139959072275733, -0.00015794736640157138, -0.00012960417499267244, 7.806520982270087e-07, 0.0003488983767079327, -0.00024151065343884894, -0.00012046962937401796, -0.0002321631600938844, -0.00037721915664477824, -2.6885931310819083e-05, -4.623253334797386e-05, -9.11721261424663e-05, -0.0003327717034265702, -0.000304117080115852, 0.00013352897073554018, -0.0002256043039527863, -0.0004578692791975326, 0.0002609251001338607, -3.540440275032989e-05, 2.016028250468021e-05]
 
RESULTS:
--------
E_VQE = -5.366548141499118
inf_VQE = 0.40323140148672487
n_fn_calls = 318
Wall-clock time 2.834971081018448 hours
 
For more output, see /home/jorisk2/HVQE/data/kagome/periodic/own_graph/ops/energy/2x2/output.txt
Plots of output saved in /home/jorisk2/HVQE/data/kagome/periodic/own_graph/ops/energy/2x2
End of HVQE.py
==========================================================================================
No CuPy installation found, continuing without GPU acceleration.
having the CPUs {0, 1, 4, 5} available.
Started basinhopping at 2020-12-25 06:49:12.108048 UTC, with
command line arguments = {'path': '/home/jorisk2/HVQE/data/kagome/periodic/own_graph/ops/energy/2x2', 'n_par': 72, 'par_multiplicity': 2, 'n_iter': 0, 'cost_fn': 'energy', 'temperature': 1.0, 'stepsize': 1.0, 'init_par': None, 'dump_interval': None}
runtime variables =  {'GPU': False, 'date_start': '2020-12-25 06:49:12.108048', 'complete_graph': [(0, 4), (2, 6), (8, 7), (10, 5), (11, 1), (9, 3), (1, 4), (3, 6), (5, 8), (7, 10), (9, 0), (11, 2), (1, 2), (3, 0), (6, 8), (4, 10), (5, 9), (7, 11), (0, 1), (2, 3), (4, 5), (6, 7), (8, 9), (10, 11)], 'init_layer': [(0, 1), (2, 3), (4, 5), (6, 7), (8, 9), (10, 11)], 'layers': [[(0, 4), (2, 6), (8, 7), (10, 5), (11, 1), (9, 3)], [(1, 4), (3, 6), (5, 8), (7, 10), (9, 0), (11, 2)], [(1, 2), (3, 0), (6, 8), (4, 10), (5, 9), (7, 11)], [(0, 1), (2, 3), (4, 5), (6, 7), (8, 9), (10, 11)]], 'n': 12}
............................................................................................................................................................................................................................................................................................................................................................ 
==========================================================================================
Finished basinhopping of  /home/jorisk2/HVQE/data/kagome/periodic/own_graph/ops/energy/2x2 at 2020-12-25 10:42:10.771213 UTC, with
 
{'path': '/home/jorisk2/HVQE/data/kagome/periodic/own_graph/ops/energy/2x2', 'n_par': 72, 'par_multiplicity': 2, 'n_iter': 0, 'cost_fn': 'energy', 'temperature': 1.0, 'stepsize': 1.0, 'init_par': None, 'dump_interval': None}
init_par = [-0.00027680962057651215, 1.8988691845358186e-05, 8.47644242887004e-05, 6.583124038156104e-05, -0.00014174577012644675, 0.00026267920608083223, 0.000451725277159847, 0.0002419736212686752, -0.00032598710297617654, 0.0004444267617750479, 0.000468988619688268, -0.0004920764983241261, -0.0004239882466237684, 0.00025755586204321114, 0.0002765354603067391, -0.00016267987176496137, 0.0004066033111197778, -0.00014149201026696957, -0.00027185832679809687, -0.0003380338985177771, 0.00023265174415877654, 0.00010007750816691302, -8.874217095092475e-05, -0.00016263461899905475, -0.00037256492770128844, -0.0004499004143401676, 0.00017941876581023194, 0.00026537780664206577, -0.00046687042230918966, 0.0003715904789047776, -0.00036292313100784804, -7.503210063654873e-05, 0.00042552035055846104, -0.0003422808479063839, -0.00013148011742738607, -0.00039342723159509544, -0.00028746704326491456, 8.339648107153039e-05, -4.451595203616146e-06, -0.00015814593674636738, 0.0004968912119738501, 0.00031647302734380913, -0.00015113033600555804, -0.0003345929137475405, 0.0001028077639985091, -0.00047142623323320266, -0.0002816683295495297, -0.0004671647422430142, -0.00021506024522115864, 0.0004730771432312524, -8.338396192727462e-05, -0.00038112701283572514, 0.0002771243167858826, -0.00011221127584751613, 0.00037621463394040553, -0.00027021875160331964, -9.647058211849959e-05, -0.000404456379343749, -0.00036829276915001743, -0.00021474506111642688, 0.00031549411520674826, 0.00031965837424625335, -0.00034166547050860495, -0.0003866746248452472, -0.000274038915559645, -0.0004065555197629796, -0.000265076177475451, -0.00020796447703990827, 0.0003879344739818343, -0.0002511500931936355, -0.0002386921574604193, 0.00044389716985283065]
 
RESULTS:
--------
E_VQE = -5.383558641692035
inf_VQE = 0.33495334668573185
n_fn_calls = 348
Wall-clock time 3.8644585018025506 hours
 
For more output, see /home/jorisk2/HVQE/data/kagome/periodic/own_graph/ops/energy/2x2/output.txt
Plots of output saved in /home/jorisk2/HVQE/data/kagome/periodic/own_graph/ops/energy/2x2
End of HVQE.py
==========================================================================================
No CuPy installation found, continuing without GPU acceleration.
having the CPUs {0, 1, 4, 5} available.
Started basinhopping at 2020-12-25 10:49:04.499425 UTC, with
command line arguments = {'path': '/home/jorisk2/HVQE/data/kagome/periodic/own_graph/ops/energy/2x2', 'n_par': 84, 'par_multiplicity': 2, 'n_iter': 0, 'cost_fn': 'energy', 'temperature': 1.0, 'stepsize': 1.0, 'init_par': None, 'dump_interval': None}
runtime variables =  {'GPU': False, 'date_start': '2020-12-25 10:49:04.499425', 'complete_graph': [(0, 4), (2, 6), (8, 7), (10, 5), (11, 1), (9, 3), (1, 4), (3, 6), (5, 8), (7, 10), (9, 0), (11, 2), (1, 2), (3, 0), (6, 8), (4, 10), (5, 9), (7, 11), (0, 1), (2, 3), (4, 5), (6, 7), (8, 9), (10, 11)], 'init_layer': [(0, 1), (2, 3), (4, 5), (6, 7), (8, 9), (10, 11)], 'layers': [[(0, 4), (2, 6), (8, 7), (10, 5), (11, 1), (9, 3)], [(1, 4), (3, 6), (5, 8), (7, 10), (9, 0), (11, 2)], [(1, 2), (3, 0), (6, 8), (4, 10), (5, 9), (7, 11)], [(0, 1), (2, 3), (4, 5), (6, 7), (8, 9), (10, 11)]], 'n': 12}
.............................................................................................................................................................................................................................................................................................................................................................................................................................................................................................................................................................................................................. 
==========================================================================================
Finished basinhopping of  /home/jorisk2/HVQE/data/kagome/periodic/own_graph/ops/energy/2x2 at 2020-12-25 19:27:17.268796 UTC, with
 
{'path': '/home/jorisk2/HVQE/data/kagome/periodic/own_graph/ops/energy/2x2', 'n_par': 84, 'par_multiplicity': 2, 'n_iter': 0, 'cost_fn': 'energy', 'temperature': 1.0, 'stepsize': 1.0, 'init_par': None, 'dump_interval': None}
init_par = [-0.0001448592261965842, 0.0004931008345173367, -0.0001239162126336453, -0.00020406006833182603, 0.00044916824078125735, -7.125322457883065e-05, 7.417105992181192e-06, -0.00041032885609401383, -4.097117409148564e-05, 2.6570923490805702e-05, -0.00029724249781336266, 0.00028049829322960554, 0.00038715879230298534, 0.00039857505030624905, 0.000477007051593849, 0.00012956685462235738, 0.00044760807603104545, 0.0003581731201924064, -0.0004940593077026304, 0.00037138426946796746, -0.00038067801319946216, 0.0004909668689413282, -0.0003057263627281743, -7.97119723494896e-05, -0.0002831792247852623, 0.0004966338790854748, 0.0003868988139695995, 0.00035433675844055723, 0.0001884689752693515, -0.00028552276607520454, -0.00022203746912602754, -0.0002583292660038554, -0.00020705707325251069, -2.8123768468879204e-05, 3.218373638299904e-05, 7.311843906133953e-05, 0.00021191499715206687, -6.454954880423839e-05, 4.652762611361764e-05, -0.00044523042544976, -0.000325961819162976, 6.97741832259819e-05, 0.00040481333313384664, 0.0004954224532153176, 7.868244084695741e-05, -0.00016907822412167795, -0.00015423200065534624, -0.00030336028550883296, 0.00028589259307171093, -0.00022071680092134306, 0.00046733006803847184, -0.0003052530171181194, -0.0004977095584491741, -0.0002927430650408033, 0.00024210713353873246, -0.00027972900378804425, -1.338758910447523e-05, -0.00036490510380907234, 0.0002456412178872959, 0.0004493500785817177, -0.00037780946926945056, 0.0001783718295330066, -7.481081631289979e-05, 0.00046221239110036047, 0.0002731568271677103, -0.00029508728280960796, 0.0004846704136841722, 0.0003279831123083935, 6.289442326333256e-05, -0.00022825422426570773, -0.0003297486202105532, 0.0004238694722064816, -0.00037653724552424295, 0.0004333610733831681, 0.00030718640557431554, -0.00012866787486020295, 0.00026316126097183413, 1.52441497692109e-05, -0.0002820687327953592, 0.0002768817377349778, -0.00030103931556014845, -0.0002653004634838201, -0.0002438794999776648, -0.00021942121416495386]
 
RESULTS:
--------
E_VQE = -5.402895500613677
inf_VQE = 0.1658271867738743
n_fn_calls = 590
Wall-clock time 8.616525017089314 hours
 
For more output, see /home/jorisk2/HVQE/data/kagome/periodic/own_graph/ops/energy/2x2/output.txt
Plots of output saved in /home/jorisk2/HVQE/data/kagome/periodic/own_graph/ops/energy/2x2
End of HVQE.py
==========================================================================================
No CuPy installation found, continuing without GPU acceleration.
having the CPUs {0, 1, 4, 5} available.
Started basinhopping at 2020-12-25 19:37:54.978974 UTC, with
command line arguments = {'path': '/home/jorisk2/HVQE/data/kagome/periodic/own_graph/ops/energy/2x2', 'n_par': 96, 'par_multiplicity': 2, 'n_iter': 0, 'cost_fn': 'energy', 'temperature': 1.0, 'stepsize': 1.0, 'init_par': None, 'dump_interval': None}
runtime variables =  {'GPU': False, 'date_start': '2020-12-25 19:37:54.978974', 'complete_graph': [(0, 4), (2, 6), (8, 7), (10, 5), (11, 1), (9, 3), (1, 4), (3, 6), (5, 8), (7, 10), (9, 0), (11, 2), (1, 2), (3, 0), (6, 8), (4, 10), (5, 9), (7, 11), (0, 1), (2, 3), (4, 5), (6, 7), (8, 9), (10, 11)], 'init_layer': [(0, 1), (2, 3), (4, 5), (6, 7), (8, 9), (10, 11)], 'layers': [[(0, 4), (2, 6), (8, 7), (10, 5), (11, 1), (9, 3)], [(1, 4), (3, 6), (5, 8), (7, 10), (9, 0), (11, 2)], [(1, 2), (3, 0), (6, 8), (4, 10), (5, 9), (7, 11)], [(0, 1), (2, 3), (4, 5), (6, 7), (8, 9), (10, 11)]], 'n': 12}
.....................................................................................................................................................................................slurmstepd: error: *** JOB 7176075 ON r38n3 CANCELLED AT 2020-12-25T23:49:40 DUE TO TIME LIMIT ***
