No CuPy installation found, continuing without GPU acceleration.
having the CPUs {32, 33, 36, 37} available.
Started basinhopping at 2020-12-24 22:49:32.846691 UTC, with
command line arguments = {'path': '/home/jorisk2/HVQE/data/kagome/periodic/own_graph/ops/energy/2x2', 'n_par': 24, 'par_multiplicity': 2, 'n_iter': 0, 'cost_fn': 'energy', 'temperature': 1.0, 'stepsize': 1.0, 'init_par': None, 'dump_interval': None}
runtime variables =  {'GPU': False, 'date_start': '2020-12-24 22:49:32.846691', 'complete_graph': [(0, 4), (2, 6), (8, 7), (10, 5), (11, 1), (9, 3), (1, 4), (3, 6), (5, 8), (7, 10), (9, 0), (11, 2), (1, 2), (3, 0), (6, 8), (4, 10), (5, 9), (7, 11), (0, 1), (2, 3), (4, 5), (6, 7), (8, 9), (10, 11)], 'init_layer': [(0, 1), (2, 3), (4, 5), (6, 7), (8, 9), (10, 11)], 'layers': [[(0, 4), (2, 6), (8, 7), (10, 5), (11, 1), (9, 3)], [(1, 4), (3, 6), (5, 8), (7, 10), (9, 0), (11, 2)], [(1, 2), (3, 0), (6, 8), (4, 10), (5, 9), (7, 11)], [(0, 1), (2, 3), (4, 5), (6, 7), (8, 9), (10, 11)]], 'n': 12}
................................................................................................................................................ 
==========================================================================================
Finished basinhopping of  /home/jorisk2/HVQE/data/kagome/periodic/own_graph/ops/energy/2x2 at 2020-12-24 23:10:30.328879 UTC, with
 
{'path': '/home/jorisk2/HVQE/data/kagome/periodic/own_graph/ops/energy/2x2', 'n_par': 24, 'par_multiplicity': 2, 'n_iter': 0, 'cost_fn': 'energy', 'temperature': 1.0, 'stepsize': 1.0, 'init_par': None, 'dump_interval': None}
init_par = [-0.00039453132041370224, -0.00044306404076887353, -0.00037935817148957617, -0.00046073247980276213, 0.000373966123420923, 0.00018454402499168637, 0.00019273699746947712, 0.0004712585900617393, 0.00024021572753496435, 8.204880998782197e-05, -0.00029911832915084115, 0.0004744996068213258, -0.0003516200587655335, -8.198613682887552e-06, -0.0003814060114477871, -0.0002486422511433805, -0.0003160671870427705, 0.00040471617580758936, 0.000301886925148299, -0.00045156027902142716, -0.00020602247443370894, -0.0001111102008052787, 2.3869736839050425e-05, 4.5635588436098926e-05]
 
RESULTS:
--------
E_VQE = -5.291310646303433
inf_VQE = 0.5026161006077982
n_fn_calls = 144
Wall-clock time 0.31970626129044427 hours
 
For more output, see /home/jorisk2/HVQE/data/kagome/periodic/own_graph/ops/energy/2x2/output.txt
Plots of output saved in /home/jorisk2/HVQE/data/kagome/periodic/own_graph/ops/energy/2x2
End of HVQE.py
==========================================================================================
No CuPy installation found, continuing without GPU acceleration.
having the CPUs {32, 33, 36, 37} available.
Started basinhopping at 2020-12-24 23:17:54.804295 UTC, with
command line arguments = {'path': '/home/jorisk2/HVQE/data/kagome/periodic/own_graph/ops/energy/2x2', 'n_par': 36, 'par_multiplicity': 2, 'n_iter': 0, 'cost_fn': 'energy', 'temperature': 1.0, 'stepsize': 1.0, 'init_par': None, 'dump_interval': None}
runtime variables =  {'GPU': False, 'date_start': '2020-12-24 23:17:54.804295', 'complete_graph': [(0, 4), (2, 6), (8, 7), (10, 5), (11, 1), (9, 3), (1, 4), (3, 6), (5, 8), (7, 10), (9, 0), (11, 2), (1, 2), (3, 0), (6, 8), (4, 10), (5, 9), (7, 11), (0, 1), (2, 3), (4, 5), (6, 7), (8, 9), (10, 11)], 'init_layer': [(0, 1), (2, 3), (4, 5), (6, 7), (8, 9), (10, 11)], 'layers': [[(0, 4), (2, 6), (8, 7), (10, 5), (11, 1), (9, 3)], [(1, 4), (3, 6), (5, 8), (7, 10), (9, 0), (11, 2)], [(1, 2), (3, 0), (6, 8), (4, 10), (5, 9), (7, 11)], [(0, 1), (2, 3), (4, 5), (6, 7), (8, 9), (10, 11)]], 'n': 12}
.............................................................................................................................................................. 
==========================================================================================
Finished basinhopping of  /home/jorisk2/HVQE/data/kagome/periodic/own_graph/ops/energy/2x2 at 2020-12-24 23:55:21.549234 UTC, with
 
{'path': '/home/jorisk2/HVQE/data/kagome/periodic/own_graph/ops/energy/2x2', 'n_par': 36, 'par_multiplicity': 2, 'n_iter': 0, 'cost_fn': 'energy', 'temperature': 1.0, 'stepsize': 1.0, 'init_par': None, 'dump_interval': None}
init_par = [0.00024603581826854203, 8.425310329386387e-05, -0.00039689855583956656, -0.0001258392168883308, 1.922464893534771e-05, -0.00022275660107888475, -0.00028576510730611603, 8.785568102988913e-05, -0.0001791258514578572, 0.0002529970833163325, -6.73802759840232e-05, -2.5494554680242096e-06, -0.0002815493172978829, -8.01918819298697e-05, -0.0003909232426211207, 0.0003451228846578263, 0.0004180320222051772, -0.00016417578106923681, 0.00021597469855983928, -0.00021604042781984235, -0.0004988782611042005, 0.00014063222311133227, 0.000408386444789168, 7.229345312270881e-05, 0.00014040363769102693, -0.0001643861911045156, -0.00038688757380984885, -0.0003298624875908696, 0.00015608490085885975, 0.00011605464016557787, -8.112593836213244e-05, -0.00028123753022811726, 9.106448356821398e-05, -0.00022909783523817576, 0.00027414603904353844, 0.00017231304082255487]
 
RESULTS:
--------
E_VQE = -5.349570776831516
inf_VQE = 0.48397684068964186
n_fn_calls = 158
Wall-clock time 0.608991173307101 hours
 
For more output, see /home/jorisk2/HVQE/data/kagome/periodic/own_graph/ops/energy/2x2/output.txt
Plots of output saved in /home/jorisk2/HVQE/data/kagome/periodic/own_graph/ops/energy/2x2
End of HVQE.py
==========================================================================================
No CuPy installation found, continuing without GPU acceleration.
having the CPUs {32, 33, 36, 37} available.
Started basinhopping at 2020-12-25 00:02:09.947526 UTC, with
command line arguments = {'path': '/home/jorisk2/HVQE/data/kagome/periodic/own_graph/ops/energy/2x2', 'n_par': 48, 'par_multiplicity': 2, 'n_iter': 0, 'cost_fn': 'energy', 'temperature': 1.0, 'stepsize': 1.0, 'init_par': None, 'dump_interval': None}
runtime variables =  {'GPU': False, 'date_start': '2020-12-25 00:02:09.947526', 'complete_graph': [(0, 4), (2, 6), (8, 7), (10, 5), (11, 1), (9, 3), (1, 4), (3, 6), (5, 8), (7, 10), (9, 0), (11, 2), (1, 2), (3, 0), (6, 8), (4, 10), (5, 9), (7, 11), (0, 1), (2, 3), (4, 5), (6, 7), (8, 9), (10, 11)], 'init_layer': [(0, 1), (2, 3), (4, 5), (6, 7), (8, 9), (10, 11)], 'layers': [[(0, 4), (2, 6), (8, 7), (10, 5), (11, 1), (9, 3)], [(1, 4), (3, 6), (5, 8), (7, 10), (9, 0), (11, 2)], [(1, 2), (3, 0), (6, 8), (4, 10), (5, 9), (7, 11)], [(0, 1), (2, 3), (4, 5), (6, 7), (8, 9), (10, 11)]], 'n': 12}
.................................................................................................................................................................................................................................................................................... 
==========================================================================================
Finished basinhopping of  /home/jorisk2/HVQE/data/kagome/periodic/own_graph/ops/energy/2x2 at 2020-12-25 01:40:47.801026 UTC, with
 
{'path': '/home/jorisk2/HVQE/data/kagome/periodic/own_graph/ops/energy/2x2', 'n_par': 48, 'par_multiplicity': 2, 'n_iter': 0, 'cost_fn': 'energy', 'temperature': 1.0, 'stepsize': 1.0, 'init_par': None, 'dump_interval': None}
init_par = [0.0004143065465090866, 0.0002775977659160309, 0.00029940542919453016, -4.3810670661906356e-05, 0.00048176824434934483, -0.0003204331019545209, -0.0002263631760744219, -7.244926508545195e-05, -0.0004637456560948118, 0.0001279078680095951, 0.0001569747207853531, -0.00037816525748523536, -8.802235077967402e-05, -0.00044169553390408233, -0.00041298283826263373, 0.00046723829522582515, 9.721678790900368e-05, -4.163448943943438e-05, -1.03030463372148e-05, -0.00031222884795220683, -0.0002830826708491164, -0.00020274974915196155, 6.70913968031623e-05, 0.00020956502783004815, 0.00023558157137071583, 0.00012957799555982118, -0.0002045908271703615, 0.00027027762428129634, 0.0004722417275134337, -0.00032046706026079934, 0.00010560689077382618, 0.00017111625389581184, -0.0004268243123073575, -0.00040876675282813547, 4.220883826940643e-05, -0.0003241806939565295, -0.00046767098385280315, 0.0003826720016601485, 0.0003995224757665202, 0.00035086511561097284, -0.00045005742501801315, 0.0004531095346368254, -1.2378649581818628e-06, -0.00030490612138365917, -0.00030557602845546726, 0.00020046013665028664, -4.528377698740803e-05, 0.00021192642951737629]
 
RESULTS:
--------
E_VQE = -5.357943299725421
inf_VQE = 0.4469547703295851
n_fn_calls = 276
Wall-clock time 1.6029261144664553 hours
 
For more output, see /home/jorisk2/HVQE/data/kagome/periodic/own_graph/ops/energy/2x2/output.txt
Plots of output saved in /home/jorisk2/HVQE/data/kagome/periodic/own_graph/ops/energy/2x2
End of HVQE.py
==========================================================================================
No CuPy installation found, continuing without GPU acceleration.
having the CPUs {32, 33, 36, 37} available.
Started basinhopping at 2020-12-25 01:46:14.116453 UTC, with
command line arguments = {'path': '/home/jorisk2/HVQE/data/kagome/periodic/own_graph/ops/energy/2x2', 'n_par': 60, 'par_multiplicity': 2, 'n_iter': 0, 'cost_fn': 'energy', 'temperature': 1.0, 'stepsize': 1.0, 'init_par': None, 'dump_interval': None}
runtime variables =  {'GPU': False, 'date_start': '2020-12-25 01:46:14.116453', 'complete_graph': [(0, 4), (2, 6), (8, 7), (10, 5), (11, 1), (9, 3), (1, 4), (3, 6), (5, 8), (7, 10), (9, 0), (11, 2), (1, 2), (3, 0), (6, 8), (4, 10), (5, 9), (7, 11), (0, 1), (2, 3), (4, 5), (6, 7), (8, 9), (10, 11)], 'init_layer': [(0, 1), (2, 3), (4, 5), (6, 7), (8, 9), (10, 11)], 'layers': [[(0, 4), (2, 6), (8, 7), (10, 5), (11, 1), (9, 3)], [(1, 4), (3, 6), (5, 8), (7, 10), (9, 0), (11, 2)], [(1, 2), (3, 0), (6, 8), (4, 10), (5, 9), (7, 11)], [(0, 1), (2, 3), (4, 5), (6, 7), (8, 9), (10, 11)]], 'n': 12}
.................................................................................................................................................................................................................................................................................................................................................................................................................... 
==========================================================================================
Finished basinhopping of  /home/jorisk2/HVQE/data/kagome/periodic/own_graph/ops/energy/2x2 at 2020-12-25 04:54:03.530009 UTC, with
 
{'path': '/home/jorisk2/HVQE/data/kagome/periodic/own_graph/ops/energy/2x2', 'n_par': 60, 'par_multiplicity': 2, 'n_iter': 0, 'cost_fn': 'energy', 'temperature': 1.0, 'stepsize': 1.0, 'init_par': None, 'dump_interval': None}
init_par = [0.00012367138728068875, -0.00041476465114203046, -0.00017286267895235433, 6.45135138942287e-05, -0.0003227587020898583, 0.0003397622596925835, -5.033492067560452e-05, 0.0004089448489864231, 0.00020302491858157376, -0.00017100061679642208, -0.0003165876176539354, -0.00014427167936843712, 0.00033720149252248295, -0.00021164526103057378, -0.0003990119186599993, 0.00033617524676182525, 0.0004831010480755673, -0.0002774313417079737, -0.0003719556589170734, -0.0004454600334253418, 7.695937830577693e-05, 0.0002636880270087099, -0.0002380905692475214, -6.947992433916831e-05, 0.00012301043867723267, -0.0003277648869701317, -2.4206877361570363e-05, 0.00046328541165039966, 5.712011637259626e-05, -0.00013742393057364577, 0.0002590209406476815, -0.00040732459578284833, 0.0004385283268441446, -0.0003484883438851237, -0.00017382291597951084, 0.00047924040776834375, 0.00043303897407360905, -5.125152655504261e-07, -0.0003080831533632143, 0.00021744022250122866, -0.00018117148951333665, 0.0002310196140845348, -0.00025745255507584843, 0.00015091942730504552, -0.0002686705764915465, 0.00047541585327371425, 0.00013108457436773573, 0.0002529726023320785, -0.00017043522975123147, 0.00024024515748515094, -2.2107526489713043e-05, 0.0003617150007638976, 1.391690818056113e-05, -0.000471927639433353, 0.0003702660334408607, -0.00011307254581904483, -0.0001793511238115423, -0.0004469571554819275, 0.00018752366692879733, 0.0003212963680816125]
 
RESULTS:
--------
E_VQE = -5.377098829205424
inf_VQE = 0.3786441970227291
n_fn_calls = 404
Wall-clock time 3.1143975869814553 hours
 
For more output, see /home/jorisk2/HVQE/data/kagome/periodic/own_graph/ops/energy/2x2/output.txt
Plots of output saved in /home/jorisk2/HVQE/data/kagome/periodic/own_graph/ops/energy/2x2
End of HVQE.py
==========================================================================================
No CuPy installation found, continuing without GPU acceleration.
having the CPUs {32, 33, 36, 37} available.
Started basinhopping at 2020-12-25 05:02:04.554449 UTC, with
command line arguments = {'path': '/home/jorisk2/HVQE/data/kagome/periodic/own_graph/ops/energy/2x2', 'n_par': 72, 'par_multiplicity': 2, 'n_iter': 0, 'cost_fn': 'energy', 'temperature': 1.0, 'stepsize': 1.0, 'init_par': None, 'dump_interval': None}
runtime variables =  {'GPU': False, 'date_start': '2020-12-25 05:02:04.554449', 'complete_graph': [(0, 4), (2, 6), (8, 7), (10, 5), (11, 1), (9, 3), (1, 4), (3, 6), (5, 8), (7, 10), (9, 0), (11, 2), (1, 2), (3, 0), (6, 8), (4, 10), (5, 9), (7, 11), (0, 1), (2, 3), (4, 5), (6, 7), (8, 9), (10, 11)], 'init_layer': [(0, 1), (2, 3), (4, 5), (6, 7), (8, 9), (10, 11)], 'layers': [[(0, 4), (2, 6), (8, 7), (10, 5), (11, 1), (9, 3)], [(1, 4), (3, 6), (5, 8), (7, 10), (9, 0), (11, 2)], [(1, 2), (3, 0), (6, 8), (4, 10), (5, 9), (7, 11)], [(0, 1), (2, 3), (4, 5), (6, 7), (8, 9), (10, 11)]], 'n': 12}
..................................................................................................................................................................................................................................................................................................................................................................................................................................... 
==========================================================================================
Finished basinhopping of  /home/jorisk2/HVQE/data/kagome/periodic/own_graph/ops/energy/2x2 at 2020-12-25 09:17:49.396250 UTC, with
 
{'path': '/home/jorisk2/HVQE/data/kagome/periodic/own_graph/ops/energy/2x2', 'n_par': 72, 'par_multiplicity': 2, 'n_iter': 0, 'cost_fn': 'energy', 'temperature': 1.0, 'stepsize': 1.0, 'init_par': None, 'dump_interval': None}
init_par = [-0.0002741168916919401, 0.00044804855236891357, 0.00014172370731488002, 3.42073012766246e-05, 0.00026209709030659487, -0.0003075698832333072, 0.00024311801468840702, 0.00014738636070918952, 0.0002336121287186628, -0.00016042618701499954, 0.0004778087645810195, 0.0004293472210355778, -1.6933649875442206e-05, 0.0001844063026497654, 0.0003677008230900683, 0.0002706662696723472, 0.000465223196131813, 8.387954144427573e-05, -0.00010902666544994799, -3.86016137088945e-05, -0.00030129603253273155, -0.0003139545737668505, -0.0004644736610139171, -0.00031694529032366193, 0.0003274608678540713, 0.0003847985027537346, -4.0284527387978526e-05, 5.05918462452914e-05, 0.00045577680190100737, 0.0004933521758469157, 0.00020207741809146222, 0.0003724277874838706, -5.879946958312277e-05, 0.0002769985073199405, -0.00024322425296906394, -0.00041070461227365844, -2.4972088771659786e-05, 0.00022762814104024384, 0.00045172754870250874, -0.0003415298090186375, -0.00048018454831338665, 0.00022867934005909847, 4.679890308645655e-06, 0.00040553445935865304, -0.000445162855051666, 0.00026285455403671806, -0.0002887008256937762, -0.0003389247825037207, 0.00046867508956753275, 0.00037297309212989624, -0.00013743695023751926, 3.889942611351926e-05, -0.0004834466488351883, -0.00018981868235080348, 6.711166682802706e-05, -0.0004562538542227852, 0.0002257104755833113, 0.00012544004504575293, -0.00015967632244988107, 0.0003788105711918575, 0.00021125688616903068, -0.0003693747865512792, -0.00018919345057903772, 0.0001672433300951839, -0.0002949534721792109, 2.3818935029123892e-05, -0.0002478002946323643, 0.0001482926170645845, -1.6333277919990726e-05, 0.00011066627752668006, 0.00027010564248760585, -0.0002668815321428907]
 
RESULTS:
--------
E_VQE = -5.392618773958208
inf_VQE = 0.2368383395341842
n_fn_calls = 421
Wall-clock time 4.244335105154249 hours
 
For more output, see /home/jorisk2/HVQE/data/kagome/periodic/own_graph/ops/energy/2x2/output.txt
Plots of output saved in /home/jorisk2/HVQE/data/kagome/periodic/own_graph/ops/energy/2x2
End of HVQE.py
==========================================================================================
No CuPy installation found, continuing without GPU acceleration.
having the CPUs {32, 33, 36, 37} available.
Started basinhopping at 2020-12-25 09:27:01.158457 UTC, with
command line arguments = {'path': '/home/jorisk2/HVQE/data/kagome/periodic/own_graph/ops/energy/2x2', 'n_par': 84, 'par_multiplicity': 2, 'n_iter': 0, 'cost_fn': 'energy', 'temperature': 1.0, 'stepsize': 1.0, 'init_par': None, 'dump_interval': None}
runtime variables =  {'GPU': False, 'date_start': '2020-12-25 09:27:01.158457', 'complete_graph': [(0, 4), (2, 6), (8, 7), (10, 5), (11, 1), (9, 3), (1, 4), (3, 6), (5, 8), (7, 10), (9, 0), (11, 2), (1, 2), (3, 0), (6, 8), (4, 10), (5, 9), (7, 11), (0, 1), (2, 3), (4, 5), (6, 7), (8, 9), (10, 11)], 'init_layer': [(0, 1), (2, 3), (4, 5), (6, 7), (8, 9), (10, 11)], 'layers': [[(0, 4), (2, 6), (8, 7), (10, 5), (11, 1), (9, 3)], [(1, 4), (3, 6), (5, 8), (7, 10), (9, 0), (11, 2)], [(1, 2), (3, 0), (6, 8), (4, 10), (5, 9), (7, 11)], [(0, 1), (2, 3), (4, 5), (6, 7), (8, 9), (10, 11)]], 'n': 12}
..................................................................................................................................................................................................................................................................................................................................................................................... 
==========================================================================================
Finished basinhopping of  /home/jorisk2/HVQE/data/kagome/periodic/own_graph/ops/energy/2x2 at 2020-12-25 13:54:57.788497 UTC, with
 
{'path': '/home/jorisk2/HVQE/data/kagome/periodic/own_graph/ops/energy/2x2', 'n_par': 84, 'par_multiplicity': 2, 'n_iter': 0, 'cost_fn': 'energy', 'temperature': 1.0, 'stepsize': 1.0, 'init_par': None, 'dump_interval': None}
init_par = [-0.0003972036330549651, 0.0003839868169255099, 0.0001134696175922299, -0.000178064275199488, -0.00024472041867891736, -0.00030697945916383367, -0.00043555988049081076, -0.00040885817733901024, -0.0002405852655263313, 6.164335001021689e-05, -0.000190870011005728, 0.00030848809968886924, 0.00040159086962676335, -7.037490845781538e-05, -0.0004409409755415463, -0.00028046354753347294, -0.0003747327256187364, -0.00043092979350333697, 0.0002992540361367646, -8.5058422665316e-06, -0.0003826923326409607, 0.0004312477530838408, 5.44315443844548e-06, 0.00016561459268484902, -7.395122017121047e-05, -0.00048466082747730134, 0.0004408581361887208, 0.00038958940605767227, -0.0004681835841356032, -0.00011956151554530915, 0.0004376382476627518, 5.515558814359414e-05, 0.00020877772974447562, 0.00028749321592530085, -0.0001976232164290792, 0.0001883673680798955, -8.132097070327467e-06, -0.0003687111363699881, -0.00020706221539962234, -0.00025099923085990396, 7.855686215575458e-05, -0.00023028736733359721, -0.0001244041497584122, 0.00029108441788777185, -2.6689372956832506e-05, -0.0004224856572942131, 0.00018675350177311395, 0.00047014022414641114, -0.0002593343924373406, 3.4321504572023295e-05, 0.00027584946799681057, -0.0002668178834629476, -0.0004420992387944045, -0.00010951633179128806, -0.000393936462429372, -0.00012811561993144216, 0.00026585835271968733, -0.0003697593662163695, 2.9877145295639654e-06, 0.00038068848669831924, -0.00035574406262828056, 6.560021461037534e-05, -6.48253267986313e-05, 0.00021959168319616977, -7.348362858563412e-06, -0.0004103859990217956, -0.0002271777112808662, -0.00013160103353816976, -0.000495327797999824, -0.0004437433715841622, -2.6709861363359848e-05, -0.00020186955735625037, 0.0002657906212035349, -6.632601436679e-05, 0.00013600679418347098, -5.82702959178644e-05, -0.00019227340372852356, 0.0004190251380822796, 0.00033133149419386555, -0.000403583309109917, -0.00044362120784775463, 0.0003413582626547614, 0.00042810191516782527, 0.0003752823391338603]
 
RESULTS:
--------
E_VQE = -5.393225364426915
inf_VQE = 0.24034199888596564
n_fn_calls = 373
Wall-clock time 4.417577856977781 hours
 
For more output, see /home/jorisk2/HVQE/data/kagome/periodic/own_graph/ops/energy/2x2/output.txt
Plots of output saved in /home/jorisk2/HVQE/data/kagome/periodic/own_graph/ops/energy/2x2
End of HVQE.py
==========================================================================================
No CuPy installation found, continuing without GPU acceleration.
having the CPUs {32, 33, 36, 37} available.
Started basinhopping at 2020-12-25 14:01:30.332520 UTC, with
command line arguments = {'path': '/home/jorisk2/HVQE/data/kagome/periodic/own_graph/ops/energy/2x2', 'n_par': 96, 'par_multiplicity': 2, 'n_iter': 0, 'cost_fn': 'energy', 'temperature': 1.0, 'stepsize': 1.0, 'init_par': None, 'dump_interval': None}
runtime variables =  {'GPU': False, 'date_start': '2020-12-25 14:01:30.332520', 'complete_graph': [(0, 4), (2, 6), (8, 7), (10, 5), (11, 1), (9, 3), (1, 4), (3, 6), (5, 8), (7, 10), (9, 0), (11, 2), (1, 2), (3, 0), (6, 8), (4, 10), (5, 9), (7, 11), (0, 1), (2, 3), (4, 5), (6, 7), (8, 9), (10, 11)], 'init_layer': [(0, 1), (2, 3), (4, 5), (6, 7), (8, 9), (10, 11)], 'layers': [[(0, 4), (2, 6), (8, 7), (10, 5), (11, 1), (9, 3)], [(1, 4), (3, 6), (5, 8), (7, 10), (9, 0), (11, 2)], [(1, 2), (3, 0), (6, 8), (4, 10), (5, 9), (7, 11)], [(0, 1), (2, 3), (4, 5), (6, 7), (8, 9), (10, 11)]], 'n': 12}
........................................................................................................................................................................................................................................................................................................................................................................................................................... 
==========================================================================================
Finished basinhopping of  /home/jorisk2/HVQE/data/kagome/periodic/own_graph/ops/energy/2x2 at 2020-12-25 20:51:32.364465 UTC, with
 
{'path': '/home/jorisk2/HVQE/data/kagome/periodic/own_graph/ops/energy/2x2', 'n_par': 96, 'par_multiplicity': 2, 'n_iter': 0, 'cost_fn': 'energy', 'temperature': 1.0, 'stepsize': 1.0, 'init_par': None, 'dump_interval': None}
init_par = [0.00040978002479368273, 2.522838772200638e-05, -0.0003636735576423946, 0.0002573502882636928, 0.00025398027237671483, 0.00018997894199579337, -0.00010201116327322756, 0.00034656277032543367, -0.00019072393303040116, 0.00013695708722601585, 0.00023160207843454274, -0.00014009753599954043, 0.0004687474509570134, -0.0003586486324975278, -0.0002608043787227513, 0.0004893357039426147, 4.747843919175945e-05, -2.7875372154400192e-05, 0.00013961664547497454, -0.0004233716716711108, -0.0002976683783162141, -0.0004995711133865752, 0.00025917436005601347, 0.00023127698033827626, 0.0004027243523011478, 0.00021578727649231152, -0.00010298951249658293, -0.000175477658129129, 0.00029665780443392656, -0.00020280288725993233, -0.00024327261088690502, 0.00047289466180053914, -7.609770934642645e-05, -5.252718326781945e-05, -3.710448499664987e-05, -0.00020764965950200088, 0.00047364275826263554, 0.0002166924350067884, 0.00013834421472931234, 4.348535340658276e-05, 0.0004863048055049504, 0.00015677598205274972, -0.00026611114438811017, -1.591699651696491e-05, 0.00019502167508884396, 0.0004663339562678159, 0.000439780406490472, -5.0956518246379626e-05, -0.0004385907086478903, -9.398059300641239e-05, -0.0002522732791919684, -0.00019482651457839595, -7.226348937711271e-05, -0.0003803211207132188, -0.0004893355289196839, 6.501768392262644e-05, 0.0003500904286485359, -6.648117512890917e-05, -0.0004910101374887803, -8.586016860161693e-06, 2.7679232437375625e-05, 0.00036047879870537095, 8.745120951854054e-05, 0.0002728952813771388, -0.0002705509469430848, 0.00039930412417982296, -0.0004943680274392476, -9.313761742934927e-05, 0.0002678628211480712, 0.0002804029397720755, -7.101576042339044e-05, 0.00025609437158803986, -0.00023953663189162647, 0.0002835559327771561, -0.0001381932564667313, 0.0002398258440526748, 6.7255174815540955e-06, 0.0004143017211014376, 0.00031013251824682877, -0.0004606094916623572, -0.0003091686904470682, 0.0002707373167917483, -0.0003147018161874061, 6.896067822017573e-05, -0.0001686797951444252, -0.0002006596569975131, 0.0004392142296055718, -9.241744907300363e-05, 9.211175416729705e-05, 0.0004890356278571195, -0.00017651173583648486, 0.00029529483484258697, 0.0004767575613392194, -0.00010584083585010506, 0.0002880949090990671, 0.00017744256276910192]
 
RESULTS:
--------
E_VQE = -5.40822483849332
inf_VQE = 0.1359106260576517
n_fn_calls = 411
Wall-clock time 6.818575145072407 hours
 
For more output, see /home/jorisk2/HVQE/data/kagome/periodic/own_graph/ops/energy/2x2/output.txt
Plots of output saved in /home/jorisk2/HVQE/data/kagome/periodic/own_graph/ops/energy/2x2
End of HVQE.py
==========================================================================================
No CuPy installation found, continuing without GPU acceleration.
having the CPUs {32, 33, 36, 37} available.
Started basinhopping at 2020-12-25 20:59:45.560594 UTC, with
command line arguments = {'path': '/home/jorisk2/HVQE/data/kagome/periodic/own_graph/ops/energy/2x2', 'n_par': 108, 'par_multiplicity': 2, 'n_iter': 0, 'cost_fn': 'energy', 'temperature': 1.0, 'stepsize': 1.0, 'init_par': None, 'dump_interval': None}
runtime variables =  {'GPU': False, 'date_start': '2020-12-25 20:59:45.560594', 'complete_graph': [(0, 4), (2, 6), (8, 7), (10, 5), (11, 1), (9, 3), (1, 4), (3, 6), (5, 8), (7, 10), (9, 0), (11, 2), (1, 2), (3, 0), (6, 8), (4, 10), (5, 9), (7, 11), (0, 1), (2, 3), (4, 5), (6, 7), (8, 9), (10, 11)], 'init_layer': [(0, 1), (2, 3), (4, 5), (6, 7), (8, 9), (10, 11)], 'layers': [[(0, 4), (2, 6), (8, 7), (10, 5), (11, 1), (9, 3)], [(1, 4), (3, 6), (5, 8), (7, 10), (9, 0), (11, 2)], [(1, 2), (3, 0), (6, 8), (4, 10), (5, 9), (7, 11)], [(0, 1), (2, 3), (4, 5), (6, 7), (8, 9), (10, 11)]], 'n': 12}
..................................................................................................slurmstepd: error: *** JOB 7176069 ON r38n3 CANCELLED AT 2020-12-25T23:49:40 DUE TO TIME LIMIT ***
