No CuPy installation found, continuing without GPU acceleration.
having the CPUs {26, 27, 30, 31} available.
Started basinhopping at 2020-12-24 22:49:20.641394 UTC, with
command line arguments = {'path': '/home/jorisk2/HVQE/data/kagome/periodic/own_graph/ops/energy/2x2', 'n_par': 24, 'par_multiplicity': 2, 'n_iter': 0, 'cost_fn': 'energy', 'temperature': 1.0, 'stepsize': 1.0, 'init_par': None, 'dump_interval': None}
runtime variables =  {'GPU': False, 'date_start': '2020-12-24 22:49:20.641394', 'complete_graph': [(0, 4), (2, 6), (8, 7), (10, 5), (11, 1), (9, 3), (1, 4), (3, 6), (5, 8), (7, 10), (9, 0), (11, 2), (1, 2), (3, 0), (6, 8), (4, 10), (5, 9), (7, 11), (0, 1), (2, 3), (4, 5), (6, 7), (8, 9), (10, 11)], 'init_layer': [(0, 1), (2, 3), (4, 5), (6, 7), (8, 9), (10, 11)], 'layers': [[(0, 4), (2, 6), (8, 7), (10, 5), (11, 1), (9, 3)], [(1, 4), (3, 6), (5, 8), (7, 10), (9, 0), (11, 2)], [(1, 2), (3, 0), (6, 8), (4, 10), (5, 9), (7, 11)], [(0, 1), (2, 3), (4, 5), (6, 7), (8, 9), (10, 11)]], 'n': 12}
................................................................................................................................................... 
==========================================================================================
Finished basinhopping of  /home/jorisk2/HVQE/data/kagome/periodic/own_graph/ops/energy/2x2 at 2020-12-24 23:32:00.875380 UTC, with
 
{'path': '/home/jorisk2/HVQE/data/kagome/periodic/own_graph/ops/energy/2x2', 'n_par': 24, 'par_multiplicity': 2, 'n_iter': 0, 'cost_fn': 'energy', 'temperature': 1.0, 'stepsize': 1.0, 'init_par': None, 'dump_interval': None}
init_par = [-0.0004691994348163805, -0.00042285956489557545, 0.00026535024014374064, 0.00022355753759789967, 0.00013610852317000983, 0.00036083339345965035, 2.358606860433047e-06, -0.0001658108250967473, 0.00019175229976761297, -0.0003985489280108636, 3.634886670452408e-05, 9.92906842730598e-05, -0.0004506506931564193, -0.00047377099059938376, 0.00039779388656766804, -0.0004483870443996102, 1.262316399567719e-05, 0.00026828136804233683, -0.00012751070594438076, -0.00032528343615152115, -0.00022569002685760296, 0.00016215299216590698, -0.00023689817305550556, 0.00016613304851846968]
 
RESULTS:
--------
E_VQE = -5.257526507058466
inf_VQE = 0.6420755142560751
n_fn_calls = 147
Wall-clock time 0.7002184656593535 hours
 
For more output, see /home/jorisk2/HVQE/data/kagome/periodic/own_graph/ops/energy/2x2/output.txt
Plots of output saved in /home/jorisk2/HVQE/data/kagome/periodic/own_graph/ops/energy/2x2
End of HVQE.py
==========================================================================================
No CuPy installation found, continuing without GPU acceleration.
having the CPUs {26, 27, 30, 31} available.
Started basinhopping at 2020-12-24 23:49:17.126202 UTC, with
command line arguments = {'path': '/home/jorisk2/HVQE/data/kagome/periodic/own_graph/ops/energy/2x2', 'n_par': 36, 'par_multiplicity': 2, 'n_iter': 0, 'cost_fn': 'energy', 'temperature': 1.0, 'stepsize': 1.0, 'init_par': None, 'dump_interval': None}
runtime variables =  {'GPU': False, 'date_start': '2020-12-24 23:49:17.126202', 'complete_graph': [(0, 4), (2, 6), (8, 7), (10, 5), (11, 1), (9, 3), (1, 4), (3, 6), (5, 8), (7, 10), (9, 0), (11, 2), (1, 2), (3, 0), (6, 8), (4, 10), (5, 9), (7, 11), (0, 1), (2, 3), (4, 5), (6, 7), (8, 9), (10, 11)], 'init_layer': [(0, 1), (2, 3), (4, 5), (6, 7), (8, 9), (10, 11)], 'layers': [[(0, 4), (2, 6), (8, 7), (10, 5), (11, 1), (9, 3)], [(1, 4), (3, 6), (5, 8), (7, 10), (9, 0), (11, 2)], [(1, 2), (3, 0), (6, 8), (4, 10), (5, 9), (7, 11)], [(0, 1), (2, 3), (4, 5), (6, 7), (8, 9), (10, 11)]], 'n': 12}
........................................................................................................................................................................................................................................................ 
==========================================================================================
Finished basinhopping of  /home/jorisk2/HVQE/data/kagome/periodic/own_graph/ops/energy/2x2 at 2020-12-25 02:40:47.154557 UTC, with
 
{'path': '/home/jorisk2/HVQE/data/kagome/periodic/own_graph/ops/energy/2x2', 'n_par': 36, 'par_multiplicity': 2, 'n_iter': 0, 'cost_fn': 'energy', 'temperature': 1.0, 'stepsize': 1.0, 'init_par': None, 'dump_interval': None}
init_par = [-0.00042968418094166817, 5.180610874853432e-05, 0.0001069265050786495, 0.00012708580263404547, -0.0001408449141770355, -0.0004369397789725034, -0.00019145087806266773, -0.000465050414797739, -0.00014898316193255102, 0.00040892469787111004, 5.904122424138796e-06, 0.00013287578479492562, -0.00012597276480978817, -5.272961866126214e-05, 8.362871655400112e-05, 0.0001464927279856155, 0.00017973736611472222, -0.00028605226490267376, 0.0004081815704079731, 0.00028458469155722733, -7.671472187346739e-05, -0.00027882123570756757, -0.00026300628354534707, -0.00016715839374718046, -0.0002911937254564299, -0.00048350967288020844, 0.0004254560770945911, 0.00017491970781412952, -0.0003193933105820594, -0.00020572712238225445, 0.0003990606751198896, -0.00046947169481492955, -0.0004985445109698733, 0.0002144724029331873, 2.165219318810076e-05, 0.0001549371806557991]
 
RESULTS:
--------
E_VQE = -5.3473352387860915
inf_VQE = 0.4595009065753315
n_fn_calls = 248
Wall-clock time 2.8146022578080494 hours
 
For more output, see /home/jorisk2/HVQE/data/kagome/periodic/own_graph/ops/energy/2x2/output.txt
Plots of output saved in /home/jorisk2/HVQE/data/kagome/periodic/own_graph/ops/energy/2x2
End of HVQE.py
==========================================================================================
No CuPy installation found, continuing without GPU acceleration.
having the CPUs {26, 27, 30, 31} available.
Started basinhopping at 2020-12-25 02:56:55.579205 UTC, with
command line arguments = {'path': '/home/jorisk2/HVQE/data/kagome/periodic/own_graph/ops/energy/2x2', 'n_par': 48, 'par_multiplicity': 2, 'n_iter': 0, 'cost_fn': 'energy', 'temperature': 1.0, 'stepsize': 1.0, 'init_par': None, 'dump_interval': None}
runtime variables =  {'GPU': False, 'date_start': '2020-12-25 02:56:55.579205', 'complete_graph': [(0, 4), (2, 6), (8, 7), (10, 5), (11, 1), (9, 3), (1, 4), (3, 6), (5, 8), (7, 10), (9, 0), (11, 2), (1, 2), (3, 0), (6, 8), (4, 10), (5, 9), (7, 11), (0, 1), (2, 3), (4, 5), (6, 7), (8, 9), (10, 11)], 'init_layer': [(0, 1), (2, 3), (4, 5), (6, 7), (8, 9), (10, 11)], 'layers': [[(0, 4), (2, 6), (8, 7), (10, 5), (11, 1), (9, 3)], [(1, 4), (3, 6), (5, 8), (7, 10), (9, 0), (11, 2)], [(1, 2), (3, 0), (6, 8), (4, 10), (5, 9), (7, 11)], [(0, 1), (2, 3), (4, 5), (6, 7), (8, 9), (10, 11)]], 'n': 12}
.................................................................................................................................................................................................................... 
==========================================================================================
Finished basinhopping of  /home/jorisk2/HVQE/data/kagome/periodic/own_graph/ops/energy/2x2 at 2020-12-25 05:59:57.994863 UTC, with
 
{'path': '/home/jorisk2/HVQE/data/kagome/periodic/own_graph/ops/energy/2x2', 'n_par': 48, 'par_multiplicity': 2, 'n_iter': 0, 'cost_fn': 'energy', 'temperature': 1.0, 'stepsize': 1.0, 'init_par': None, 'dump_interval': None}
init_par = [-0.00023014814730473867, -0.00016693108249843668, -0.0002369604857318478, -0.00020362049032423115, 4.4377434269702405e-05, -0.00039740775895513107, -0.00012230271816467342, -5.9643020536808377e-05, 0.0001518376804793114, -0.00020949359656633983, -0.0003775231300341564, -0.00031497172792443366, 0.00015063641707989232, -0.00045018027802676156, 4.2952938934594643e-05, -8.269172566893735e-05, 0.00027913448508170495, -0.000272385772893739, -0.0003003168036508517, 5.886211474373743e-05, -0.00039144865186005587, 4.75891439295547e-05, 0.00020258553529120603, -3.6913238623035086e-05, -1.7036551705788318e-05, -4.9270191536137015e-05, -5.782674190851224e-06, -0.000286155479067187, -0.0003573648863882292, -0.00035745770921384015, -0.00021239152747439015, 0.00010599805687102281, 6.755013058737684e-05, -0.00037556956963067105, 0.0004565352890135958, -0.00037407103479371285, 0.00018304547105217324, -0.00019284028145226162, -0.00010324653831012557, -0.0003684776451281659, 0.00011120114569330682, 0.00047154565868828314, -0.00036815824630186366, -9.338505427083845e-05, -1.8279107393675447e-05, -0.0002260107971762564, -0.00040806775526459573, 0.00026055222810032297]
 
RESULTS:
--------
E_VQE = -5.350365894406217
inf_VQE = 0.4735958710351119
n_fn_calls = 212
Wall-clock time 3.0059973089562524 hours
 
For more output, see /home/jorisk2/HVQE/data/kagome/periodic/own_graph/ops/energy/2x2/output.txt
Plots of output saved in /home/jorisk2/HVQE/data/kagome/periodic/own_graph/ops/energy/2x2
End of HVQE.py
==========================================================================================
No CuPy installation found, continuing without GPU acceleration.
having the CPUs {26, 27, 30, 31} available.
Started basinhopping at 2020-12-25 06:12:42.921221 UTC, with
command line arguments = {'path': '/home/jorisk2/HVQE/data/kagome/periodic/own_graph/ops/energy/2x2', 'n_par': 60, 'par_multiplicity': 2, 'n_iter': 0, 'cost_fn': 'energy', 'temperature': 1.0, 'stepsize': 1.0, 'init_par': None, 'dump_interval': None}
runtime variables =  {'GPU': False, 'date_start': '2020-12-25 06:12:42.921221', 'complete_graph': [(0, 4), (2, 6), (8, 7), (10, 5), (11, 1), (9, 3), (1, 4), (3, 6), (5, 8), (7, 10), (9, 0), (11, 2), (1, 2), (3, 0), (6, 8), (4, 10), (5, 9), (7, 11), (0, 1), (2, 3), (4, 5), (6, 7), (8, 9), (10, 11)], 'init_layer': [(0, 1), (2, 3), (4, 5), (6, 7), (8, 9), (10, 11)], 'layers': [[(0, 4), (2, 6), (8, 7), (10, 5), (11, 1), (9, 3)], [(1, 4), (3, 6), (5, 8), (7, 10), (9, 0), (11, 2)], [(1, 2), (3, 0), (6, 8), (4, 10), (5, 9), (7, 11)], [(0, 1), (2, 3), (4, 5), (6, 7), (8, 9), (10, 11)]], 'n': 12}
.................................................................................................................................................................................................................................................................................................................................... 
==========================================================================================
Finished basinhopping of  /home/jorisk2/HVQE/data/kagome/periodic/own_graph/ops/energy/2x2 at 2020-12-25 13:04:35.638872 UTC, with
 
{'path': '/home/jorisk2/HVQE/data/kagome/periodic/own_graph/ops/energy/2x2', 'n_par': 60, 'par_multiplicity': 2, 'n_iter': 0, 'cost_fn': 'energy', 'temperature': 1.0, 'stepsize': 1.0, 'init_par': None, 'dump_interval': None}
init_par = [-0.00019788275578544424, 0.0002460528207112961, 0.00034242632666602307, 0.00019909437651649683, 0.00023591984428134797, 0.00036455652377775493, -3.384241493873308e-05, 5.0644925814039986e-05, 0.00045909125549515586, 0.00014124178843703112, 0.0004314231290050985, -8.956616330649524e-05, 0.0004482285433987347, -5.235943324287764e-05, -7.779424611738397e-05, -0.00011295323554620364, -1.8987429653611557e-05, -0.0003107498435246293, 0.00013471037975434105, -0.00023688566311727457, 0.0003088046398223792, -7.29927309905679e-05, -0.000488700501919221, 0.00013832073334753053, -0.0003884298767783639, -4.369231889289561e-05, -0.00044093389606794946, -9.90630232767381e-06, 0.0003550719687603291, -7.43019194390069e-05, -2.009206344397987e-05, -0.00026767011684841925, -9.590913124309233e-05, 2.068628729115789e-06, 3.8420433650683344e-05, -0.0002967218117960775, -0.0004449461387348809, -0.00024218359073866603, 0.0003218157125347434, 0.0004447246118517164, 0.0004727331451466534, 0.00010127911571656547, -0.00026805887068395663, -0.0002721463082341327, 1.3254419856587301e-05, -0.0002860691230945044, -0.00014724607911318098, -0.000452101487872971, -0.0001259856984301766, -0.0003522894014509127, 0.0002720235461434623, 0.00014176689581453798, -7.354262733703243e-05, -0.00045843969294424847, -0.00045174921414221117, -0.00042999269989439117, 0.0002678341855877164, 0.00011156448606214602, -0.00047733443746449843, 0.00047336264389152307]
 
RESULTS:
--------
E_VQE = -5.374884311107387
inf_VQE = 0.36988892742961954
n_fn_calls = 324
Wall-clock time 6.712409574919277 hours
 
For more output, see /home/jorisk2/HVQE/data/kagome/periodic/own_graph/ops/energy/2x2/output.txt
Plots of output saved in /home/jorisk2/HVQE/data/kagome/periodic/own_graph/ops/energy/2x2
End of HVQE.py
==========================================================================================
No CuPy installation found, continuing without GPU acceleration.
having the CPUs {26, 27, 30, 31} available.
Started basinhopping at 2020-12-25 13:20:55.946917 UTC, with
command line arguments = {'path': '/home/jorisk2/HVQE/data/kagome/periodic/own_graph/ops/energy/2x2', 'n_par': 72, 'par_multiplicity': 2, 'n_iter': 0, 'cost_fn': 'energy', 'temperature': 1.0, 'stepsize': 1.0, 'init_par': None, 'dump_interval': None}
runtime variables =  {'GPU': False, 'date_start': '2020-12-25 13:20:55.946917', 'complete_graph': [(0, 4), (2, 6), (8, 7), (10, 5), (11, 1), (9, 3), (1, 4), (3, 6), (5, 8), (7, 10), (9, 0), (11, 2), (1, 2), (3, 0), (6, 8), (4, 10), (5, 9), (7, 11), (0, 1), (2, 3), (4, 5), (6, 7), (8, 9), (10, 11)], 'init_layer': [(0, 1), (2, 3), (4, 5), (6, 7), (8, 9), (10, 11)], 'layers': [[(0, 4), (2, 6), (8, 7), (10, 5), (11, 1), (9, 3)], [(1, 4), (3, 6), (5, 8), (7, 10), (9, 0), (11, 2)], [(1, 2), (3, 0), (6, 8), (4, 10), (5, 9), (7, 11)], [(0, 1), (2, 3), (4, 5), (6, 7), (8, 9), (10, 11)]], 'n': 12}
.................................................................................................................................................................................................................................................................................................................................................................................slurmstepd: error: *** JOB 7176071 ON r38n4 CANCELLED AT 2020-12-25T23:49:40 DUE TO TIME LIMIT ***
