No CuPy installation found, continuing without GPU acceleration.
having the CPUs {8, 9, 12, 13} available.
Started basinhopping at 2020-12-24 22:49:43.092457 UTC, with
command line arguments = {'path': '/home/jorisk2/HVQE/data/kagome/periodic/own_graph/ops/energy/2x2', 'n_par': 24, 'par_multiplicity': 2, 'n_iter': 0, 'cost_fn': 'energy', 'temperature': 1.0, 'stepsize': 1.0, 'init_par': None, 'dump_interval': None}
runtime variables =  {'GPU': False, 'date_start': '2020-12-24 22:49:43.092457', 'complete_graph': [(0, 4), (2, 6), (8, 7), (10, 5), (11, 1), (9, 3), (1, 4), (3, 6), (5, 8), (7, 10), (9, 0), (11, 2), (1, 2), (3, 0), (6, 8), (4, 10), (5, 9), (7, 11), (0, 1), (2, 3), (4, 5), (6, 7), (8, 9), (10, 11)], 'init_layer': [(0, 1), (2, 3), (4, 5), (6, 7), (8, 9), (10, 11)], 'layers': [[(0, 4), (2, 6), (8, 7), (10, 5), (11, 1), (9, 3)], [(1, 4), (3, 6), (5, 8), (7, 10), (9, 0), (11, 2)], [(1, 2), (3, 0), (6, 8), (4, 10), (5, 9), (7, 11)], [(0, 1), (2, 3), (4, 5), (6, 7), (8, 9), (10, 11)]], 'n': 12}
...................................................................................................................... 
==========================================================================================
Finished basinhopping of  /home/jorisk2/HVQE/data/kagome/periodic/own_graph/ops/energy/2x2 at 2020-12-24 23:11:02.199602 UTC, with
 
{'path': '/home/jorisk2/HVQE/data/kagome/periodic/own_graph/ops/energy/2x2', 'n_par': 24, 'par_multiplicity': 2, 'n_iter': 0, 'cost_fn': 'energy', 'temperature': 1.0, 'stepsize': 1.0, 'init_par': None, 'dump_interval': None}
init_par = [0.0001872245408706737, 0.00025070085095418144, 0.0003007355529715301, 0.00048513882655972537, -7.849960660585208e-05, 0.0002458208439920582, -0.00043966310215714854, 0.0002120112677233703, -8.888031030415423e-05, 4.9570007080763684e-05, -0.0004540878017774701, -0.0004299397556841802, 0.0003801360211990512, -0.00010623682373349732, -0.0004463220982292905, -0.00022940218234905206, -0.0003246582361886446, 0.00020680954679089898, -0.00012189982996799312, 0.00044518344106437343, 0.00018806263647055694, -0.00028585224810436384, 0.00024813870500336153, -9.486641157869374e-06]
 
RESULTS:
--------
E_VQE = -5.278242127159837
inf_VQE = 0.5764207669719733
n_fn_calls = 118
Wall-clock time 0.33123057749536305 hours
 
For more output, see /home/jorisk2/HVQE/data/kagome/periodic/own_graph/ops/energy/2x2/output.txt
Plots of output saved in /home/jorisk2/HVQE/data/kagome/periodic/own_graph/ops/energy/2x2
End of HVQE.py
==========================================================================================
No CuPy installation found, continuing without GPU acceleration.
having the CPUs {8, 9, 12, 13} available.
Started basinhopping at 2020-12-24 23:18:04.608520 UTC, with
command line arguments = {'path': '/home/jorisk2/HVQE/data/kagome/periodic/own_graph/ops/energy/2x2', 'n_par': 36, 'par_multiplicity': 2, 'n_iter': 0, 'cost_fn': 'energy', 'temperature': 1.0, 'stepsize': 1.0, 'init_par': None, 'dump_interval': None}
runtime variables =  {'GPU': False, 'date_start': '2020-12-24 23:18:04.608520', 'complete_graph': [(0, 4), (2, 6), (8, 7), (10, 5), (11, 1), (9, 3), (1, 4), (3, 6), (5, 8), (7, 10), (9, 0), (11, 2), (1, 2), (3, 0), (6, 8), (4, 10), (5, 9), (7, 11), (0, 1), (2, 3), (4, 5), (6, 7), (8, 9), (10, 11)], 'init_layer': [(0, 1), (2, 3), (4, 5), (6, 7), (8, 9), (10, 11)], 'layers': [[(0, 4), (2, 6), (8, 7), (10, 5), (11, 1), (9, 3)], [(1, 4), (3, 6), (5, 8), (7, 10), (9, 0), (11, 2)], [(1, 2), (3, 0), (6, 8), (4, 10), (5, 9), (7, 11)], [(0, 1), (2, 3), (4, 5), (6, 7), (8, 9), (10, 11)]], 'n': 12}
........................................................................................................................................................................................................................................ 
==========================================================================================
Finished basinhopping of  /home/jorisk2/HVQE/data/kagome/periodic/own_graph/ops/energy/2x2 at 2020-12-25 00:24:58.107976 UTC, with
 
{'path': '/home/jorisk2/HVQE/data/kagome/periodic/own_graph/ops/energy/2x2', 'n_par': 36, 'par_multiplicity': 2, 'n_iter': 0, 'cost_fn': 'energy', 'temperature': 1.0, 'stepsize': 1.0, 'init_par': None, 'dump_interval': None}
init_par = [5.700298022677801e-06, -0.0003643011650748993, 0.00029529144570411125, -0.00039940146092294404, 0.0003145966459001422, -0.0003720524940611364, -6.052641641437394e-05, 0.0003370622580678525, 0.00011089738568980951, -0.0003578766956241253, 0.00012192429990271554, -0.00018999655365414906, -0.000309320558042246, 0.0003773768967215065, 0.00025462979073837444, -0.00019254037018590753, -0.00017301299992397278, 0.00010764330466315737, 0.0003795047313903605, 1.6213225886810073e-05, 0.00019286638720706652, -0.00019249725926807183, 0.00021564810987721803, -9.154741337441671e-06, 0.0004114770379772159, -0.00016570489107606534, -0.00025416737970869284, -0.0004078347593427546, -0.00014461403342070912, 0.0003916148403207816, 0.00027342516942895155, -0.0003792738562249579, -0.0002303782649093522, -2.100123568750048e-05, -0.0004535050903304936, -0.00045696518399763265]
 
RESULTS:
--------
E_VQE = -5.3416559241051695
inf_VQE = 0.4865456828446918
n_fn_calls = 232
Wall-clock time 1.0886629078123304 hours
 
For more output, see /home/jorisk2/HVQE/data/kagome/periodic/own_graph/ops/energy/2x2/output.txt
Plots of output saved in /home/jorisk2/HVQE/data/kagome/periodic/own_graph/ops/energy/2x2
End of HVQE.py
==========================================================================================
No CuPy installation found, continuing without GPU acceleration.
having the CPUs {8, 9, 12, 13} available.
Started basinhopping at 2020-12-25 00:31:03.813173 UTC, with
command line arguments = {'path': '/home/jorisk2/HVQE/data/kagome/periodic/own_graph/ops/energy/2x2', 'n_par': 48, 'par_multiplicity': 2, 'n_iter': 0, 'cost_fn': 'energy', 'temperature': 1.0, 'stepsize': 1.0, 'init_par': None, 'dump_interval': None}
runtime variables =  {'GPU': False, 'date_start': '2020-12-25 00:31:03.813173', 'complete_graph': [(0, 4), (2, 6), (8, 7), (10, 5), (11, 1), (9, 3), (1, 4), (3, 6), (5, 8), (7, 10), (9, 0), (11, 2), (1, 2), (3, 0), (6, 8), (4, 10), (5, 9), (7, 11), (0, 1), (2, 3), (4, 5), (6, 7), (8, 9), (10, 11)], 'init_layer': [(0, 1), (2, 3), (4, 5), (6, 7), (8, 9), (10, 11)], 'layers': [[(0, 4), (2, 6), (8, 7), (10, 5), (11, 1), (9, 3)], [(1, 4), (3, 6), (5, 8), (7, 10), (9, 0), (11, 2)], [(1, 2), (3, 0), (6, 8), (4, 10), (5, 9), (7, 11)], [(0, 1), (2, 3), (4, 5), (6, 7), (8, 9), (10, 11)]], 'n': 12}
............................................................................................................................................................................................................................................. 
==========================================================================================
Finished basinhopping of  /home/jorisk2/HVQE/data/kagome/periodic/own_graph/ops/energy/2x2 at 2020-12-25 01:59:39.942417 UTC, with
 
{'path': '/home/jorisk2/HVQE/data/kagome/periodic/own_graph/ops/energy/2x2', 'n_par': 48, 'par_multiplicity': 2, 'n_iter': 0, 'cost_fn': 'energy', 'temperature': 1.0, 'stepsize': 1.0, 'init_par': None, 'dump_interval': None}
init_par = [-0.00013698369976581514, 4.591329591114093e-05, 0.000382097735525185, -0.00013726592852200838, -0.0002753271172945233, -3.6357098002282387e-06, 0.00012343760218795987, -0.0002446233671313338, -0.0001309751841252569, -0.00044576666212411866, 0.00017947665040473476, 0.0004904156216160465, 0.00038390971528247245, -0.00033666003009917415, -0.00021135687891693733, -0.0004728108580394935, 0.00021269633100738324, 6.0690143346437656e-05, 0.00021681961178459622, -0.00046658489924454496, 0.00014814873652499623, -0.00015659604284384344, 8.567951190127914e-05, 0.0002402186757370485, 0.0004966765773657289, 2.4420864625065595e-05, -4.066767892989265e-05, 7.103540904207723e-05, -0.0001217379275424534, -0.0003516687737783154, -0.00044386295490680906, 0.00014138114688630422, -0.00016248815695015152, 0.00030090831512190384, -0.00029024976492255473, 0.0003575861083222469, -7.255920781479709e-05, 0.0001474907442315953, -0.00017403175546107266, 0.000402631355086831, -5.7707458737857754e-05, 0.0002935596406330116, 0.00021035652059185552, -0.00029630801853160107, -0.0004884466923831846, -0.00031734227901705303, -0.00030877863996166434, 0.0004773332945422579]
 
RESULTS:
--------
E_VQE = -5.348974239360706
inf_VQE = 0.4624144872731214
n_fn_calls = 237
Wall-clock time 1.4636256981558269 hours
 
For more output, see /home/jorisk2/HVQE/data/kagome/periodic/own_graph/ops/energy/2x2/output.txt
Plots of output saved in /home/jorisk2/HVQE/data/kagome/periodic/own_graph/ops/energy/2x2
End of HVQE.py
==========================================================================================
No CuPy installation found, continuing without GPU acceleration.
having the CPUs {8, 9, 12, 13} available.
Started basinhopping at 2020-12-25 02:08:12.549741 UTC, with
command line arguments = {'path': '/home/jorisk2/HVQE/data/kagome/periodic/own_graph/ops/energy/2x2', 'n_par': 60, 'par_multiplicity': 2, 'n_iter': 0, 'cost_fn': 'energy', 'temperature': 1.0, 'stepsize': 1.0, 'init_par': None, 'dump_interval': None}
runtime variables =  {'GPU': False, 'date_start': '2020-12-25 02:08:12.549741', 'complete_graph': [(0, 4), (2, 6), (8, 7), (10, 5), (11, 1), (9, 3), (1, 4), (3, 6), (5, 8), (7, 10), (9, 0), (11, 2), (1, 2), (3, 0), (6, 8), (4, 10), (5, 9), (7, 11), (0, 1), (2, 3), (4, 5), (6, 7), (8, 9), (10, 11)], 'init_layer': [(0, 1), (2, 3), (4, 5), (6, 7), (8, 9), (10, 11)], 'layers': [[(0, 4), (2, 6), (8, 7), (10, 5), (11, 1), (9, 3)], [(1, 4), (3, 6), (5, 8), (7, 10), (9, 0), (11, 2)], [(1, 2), (3, 0), (6, 8), (4, 10), (5, 9), (7, 11)], [(0, 1), (2, 3), (4, 5), (6, 7), (8, 9), (10, 11)]], 'n': 12}
............................................................................................................................................................................................................................................................................................................................. 
==========================================================================================
Finished basinhopping of  /home/jorisk2/HVQE/data/kagome/periodic/own_graph/ops/energy/2x2 at 2020-12-25 05:04:48.421420 UTC, with
 
{'path': '/home/jorisk2/HVQE/data/kagome/periodic/own_graph/ops/energy/2x2', 'n_par': 60, 'par_multiplicity': 2, 'n_iter': 0, 'cost_fn': 'energy', 'temperature': 1.0, 'stepsize': 1.0, 'init_par': None, 'dump_interval': None}
init_par = [0.0001081283512033356, -6.826858620357333e-05, 0.0001089254986669575, 0.0003861483953672834, 0.0004825427275312517, -0.00044110809555586173, -0.000386157734232082, 0.00037705142726085375, -0.0004398909966566922, 0.00027110942658748166, 0.00024939603249816457, -0.0002874146274746671, 0.0004427947464224518, -0.0003772255376797313, -0.0001195502508276667, -0.0004399947686447836, -0.0003355408245721249, 0.00020401685203350734, 0.00019501802398259893, -0.00028860453593703686, 4.8497207537232076e-05, -0.00015021150567385145, 2.67407459340755e-06, -2.247910327658932e-05, -0.00042911050898425233, -8.918002851018636e-05, 0.0002069022424642517, 0.00013557009913335615, 7.092167861173424e-05, -0.0002671494308632681, 0.00013245749882162517, 0.00017331326686535016, -3.254096017758735e-05, -0.00037493736213202293, 0.00048799355397316263, -0.0001765178492851395, -0.0004245322556116815, -4.649191035867805e-06, -0.00010739212911387377, -0.00018473033488509185, -0.0004312696263068465, 0.0004287402780019366, 0.00020417786470688308, 7.515961339998715e-05, -2.2100468761546285e-05, 0.00041364400035288874, 7.220908721120554e-05, 6.093286382376391e-05, 0.00025127500664118003, -0.00011273769065688136, 0.00037084443341949957, 7.51745506812389e-05, 4.1998839121120475e-05, 0.000393740369225369, -0.00010940680979412167, -0.00021071780433731758, -0.0004867892058169365, 0.0004181916139916361, -0.00021698971138368005, -7.682601082330368e-05]
 
RESULTS:
--------
E_VQE = -5.341525803304584
inf_VQE = 0.46171799717658946
n_fn_calls = 317
Wall-clock time 2.9222441142135196 hours
 
For more output, see /home/jorisk2/HVQE/data/kagome/periodic/own_graph/ops/energy/2x2/output.txt
Plots of output saved in /home/jorisk2/HVQE/data/kagome/periodic/own_graph/ops/energy/2x2
End of HVQE.py
==========================================================================================
No CuPy installation found, continuing without GPU acceleration.
having the CPUs {8, 9, 12, 13} available.
Started basinhopping at 2020-12-25 05:14:25.646839 UTC, with
command line arguments = {'path': '/home/jorisk2/HVQE/data/kagome/periodic/own_graph/ops/energy/2x2', 'n_par': 72, 'par_multiplicity': 2, 'n_iter': 0, 'cost_fn': 'energy', 'temperature': 1.0, 'stepsize': 1.0, 'init_par': None, 'dump_interval': None}
runtime variables =  {'GPU': False, 'date_start': '2020-12-25 05:14:25.646839', 'complete_graph': [(0, 4), (2, 6), (8, 7), (10, 5), (11, 1), (9, 3), (1, 4), (3, 6), (5, 8), (7, 10), (9, 0), (11, 2), (1, 2), (3, 0), (6, 8), (4, 10), (5, 9), (7, 11), (0, 1), (2, 3), (4, 5), (6, 7), (8, 9), (10, 11)], 'init_layer': [(0, 1), (2, 3), (4, 5), (6, 7), (8, 9), (10, 11)], 'layers': [[(0, 4), (2, 6), (8, 7), (10, 5), (11, 1), (9, 3)], [(1, 4), (3, 6), (5, 8), (7, 10), (9, 0), (11, 2)], [(1, 2), (3, 0), (6, 8), (4, 10), (5, 9), (7, 11)], [(0, 1), (2, 3), (4, 5), (6, 7), (8, 9), (10, 11)]], 'n': 12}
......................................................................................................................................................................................................................................................................................................................................................................................................................................................................................................................................................................................... 
==========================================================================================
Finished basinhopping of  /home/jorisk2/HVQE/data/kagome/periodic/own_graph/ops/energy/2x2 at 2020-12-25 11:39:30.319067 UTC, with
 
{'path': '/home/jorisk2/HVQE/data/kagome/periodic/own_graph/ops/energy/2x2', 'n_par': 72, 'par_multiplicity': 2, 'n_iter': 0, 'cost_fn': 'energy', 'temperature': 1.0, 'stepsize': 1.0, 'init_par': None, 'dump_interval': None}
init_par = [0.00020930686569861656, -0.0003333206227302024, 8.698239378782265e-05, -0.0002597932820267084, 0.0002864805063051652, -0.0002764586648157441, -0.00020358772862671406, -0.00036518618194177044, 0.000327144944281648, 9.707622431565663e-05, 7.794096355685754e-05, -0.0004277777913974206, 0.00011595152192008862, -0.00012263004831008085, -0.0001734761516703075, -0.000337486144415284, -0.0003447601184015634, 0.00037382679256053896, -4.049492662455933e-05, 1.509486937233183e-05, 0.0004097731141666285, 0.00016193472544380623, -4.060654655081708e-05, 7.853432977200712e-05, 0.00021412377161261992, 0.0004900235205087993, 0.00011493380364623398, -4.976849680372696e-05, -0.00031125753337220546, 0.00035384993552762655, 0.00020622428946585035, -0.0004271520954187529, -6.493789786656207e-06, -0.0004055552818908781, -0.0004570629529116172, -1.0813217976510248e-06, -0.00030812525312889796, 0.0004652028922301841, -0.00040598695517760585, -0.00043454326346717377, 0.00028717334928339143, 0.00047379490522565543, 0.0004710542445779557, -0.00016478139263784408, -0.00046024053161850155, -9.284106527711989e-05, -0.00023576413206792958, 0.00039758603041299917, -0.00016004481709438193, 0.0004678633929741657, 0.00040119633936994646, -0.0001884914232326057, 4.205689851854641e-06, -0.00016891532078906545, -0.00047907554703516676, 0.00016879225700407782, 0.00017826068663671436, -0.00026122953451003495, -0.00010882680163379067, 0.00013494763195119966, -0.00011492925088247419, -1.7676016263036976e-05, 0.000327615037407567, -0.0003668487712950797, 0.00013915730636601252, -0.0003281010687459318, -4.637002832945592e-05, 0.0002523584046205255, -0.00010606423949175651, -0.00012383961103359367, -0.0004499467152723005, -8.41788657861018e-05]
 
RESULTS:
--------
E_VQE = -5.384845447231164
inf_VQE = 0.29998175868906296
n_fn_calls = 569
Wall-clock time 6.401438872549269 hours
 
For more output, see /home/jorisk2/HVQE/data/kagome/periodic/own_graph/ops/energy/2x2/output.txt
Plots of output saved in /home/jorisk2/HVQE/data/kagome/periodic/own_graph/ops/energy/2x2
End of HVQE.py
==========================================================================================
No CuPy installation found, continuing without GPU acceleration.
having the CPUs {8, 9, 12, 13} available.
Started basinhopping at 2020-12-25 11:46:28.304147 UTC, with
command line arguments = {'path': '/home/jorisk2/HVQE/data/kagome/periodic/own_graph/ops/energy/2x2', 'n_par': 84, 'par_multiplicity': 2, 'n_iter': 0, 'cost_fn': 'energy', 'temperature': 1.0, 'stepsize': 1.0, 'init_par': None, 'dump_interval': None}
runtime variables =  {'GPU': False, 'date_start': '2020-12-25 11:46:28.304147', 'complete_graph': [(0, 4), (2, 6), (8, 7), (10, 5), (11, 1), (9, 3), (1, 4), (3, 6), (5, 8), (7, 10), (9, 0), (11, 2), (1, 2), (3, 0), (6, 8), (4, 10), (5, 9), (7, 11), (0, 1), (2, 3), (4, 5), (6, 7), (8, 9), (10, 11)], 'init_layer': [(0, 1), (2, 3), (4, 5), (6, 7), (8, 9), (10, 11)], 'layers': [[(0, 4), (2, 6), (8, 7), (10, 5), (11, 1), (9, 3)], [(1, 4), (3, 6), (5, 8), (7, 10), (9, 0), (11, 2)], [(1, 2), (3, 0), (6, 8), (4, 10), (5, 9), (7, 11)], [(0, 1), (2, 3), (4, 5), (6, 7), (8, 9), (10, 11)]], 'n': 12}
.............................................................................................................................................................................................................................................................................................................................................................................................................................................................................................................. 
==========================================================================================
Finished basinhopping of  /home/jorisk2/HVQE/data/kagome/periodic/own_graph/ops/energy/2x2 at 2020-12-25 18:45:45.561699 UTC, with
 
{'path': '/home/jorisk2/HVQE/data/kagome/periodic/own_graph/ops/energy/2x2', 'n_par': 84, 'par_multiplicity': 2, 'n_iter': 0, 'cost_fn': 'energy', 'temperature': 1.0, 'stepsize': 1.0, 'init_par': None, 'dump_interval': None}
init_par = [-0.00020046957670219803, -0.00010410050377941129, -0.0004401605674570497, 0.00012652519238224257, 6.805363751380975e-05, 7.431218514026997e-05, -0.00042182192689907015, -8.321510301570624e-05, -0.0002881518391142706, 0.00042036372579128405, -0.0004867549829409126, -2.7520459566911877e-05, 0.0004614399830662581, -0.0004957970413682437, -0.0003888666349151944, -0.00012161968506875379, 0.00010701871198995068, -0.0001534703779672987, -0.00036094399046872794, 0.0002545027285559107, 2.602048923509479e-05, 0.00044981901072301824, 0.00017365510158580107, -8.880320713810911e-05, -0.00037907301299341733, 0.00043574412146437996, 0.0002174867325477395, -0.0004829794842492967, 0.000310060730498053, 0.0002601724067261249, -0.0001911386363097586, -0.00032635137887462564, -0.0003325571258322261, -0.00039898619022936854, -0.00040935819639448213, -4.186496554134091e-05, 1.4320549586277053e-05, 0.000333148449882575, 0.0003766306251989318, 0.0002223452321050525, 0.0002772093344969776, 0.0002474360652369429, 6.114608745914159e-05, 0.00033640508372727524, 0.00035762074879034744, 4.2052041717724974e-05, 0.0003870825042568307, 0.00031617993671281374, -0.00023037635101397772, -3.7764922129377657e-07, -9.454010547940131e-05, 0.0004893757826544239, 0.00041018985455995723, -4.4446581879581046e-05, -4.217387003132981e-05, 0.00010487849356405191, 0.00024800916267194307, -0.00012595960192409616, 0.000420869867062632, -0.00030930629043516346, 0.000408907830297085, -0.0001345812012594241, -0.0002622889932771623, 3.7176227800697344e-05, -0.0002900581394177038, -0.0001587074030205049, 5.014965374110323e-05, 3.218022869167728e-05, 0.00015962449343671968, 0.0002513440148457581, 0.0004979355808051541, 0.00019978465432205243, -0.00044270762982698687, 9.704882745084295e-05, 2.257235773836031e-05, -0.00042744606876255354, -0.0003742510695458638, -0.00021844964583205982, 0.0004215613816831846, -6.68919918257247e-05, 0.0001610121204122857, -9.096392429831898e-06, 0.0003715642732772356, -0.00021918941729430567]
 
RESULTS:
--------
E_VQE = -5.406356896867247
inf_VQE = 0.16644229398685428
n_fn_calls = 494
Wall-clock time 6.96575003736549 hours
 
For more output, see /home/jorisk2/HVQE/data/kagome/periodic/own_graph/ops/energy/2x2/output.txt
Plots of output saved in /home/jorisk2/HVQE/data/kagome/periodic/own_graph/ops/energy/2x2
End of HVQE.py
==========================================================================================
No CuPy installation found, continuing without GPU acceleration.
having the CPUs {8, 9, 12, 13} available.
Started basinhopping at 2020-12-25 18:55:30.623918 UTC, with
command line arguments = {'path': '/home/jorisk2/HVQE/data/kagome/periodic/own_graph/ops/energy/2x2', 'n_par': 96, 'par_multiplicity': 2, 'n_iter': 0, 'cost_fn': 'energy', 'temperature': 1.0, 'stepsize': 1.0, 'init_par': None, 'dump_interval': None}
runtime variables =  {'GPU': False, 'date_start': '2020-12-25 18:55:30.623918', 'complete_graph': [(0, 4), (2, 6), (8, 7), (10, 5), (11, 1), (9, 3), (1, 4), (3, 6), (5, 8), (7, 10), (9, 0), (11, 2), (1, 2), (3, 0), (6, 8), (4, 10), (5, 9), (7, 11), (0, 1), (2, 3), (4, 5), (6, 7), (8, 9), (10, 11)], 'init_layer': [(0, 1), (2, 3), (4, 5), (6, 7), (8, 9), (10, 11)], 'layers': [[(0, 4), (2, 6), (8, 7), (10, 5), (11, 1), (9, 3)], [(1, 4), (3, 6), (5, 8), (7, 10), (9, 0), (11, 2)], [(1, 2), (3, 0), (6, 8), (4, 10), (5, 9), (7, 11)], [(0, 1), (2, 3), (4, 5), (6, 7), (8, 9), (10, 11)]], 'n': 12}
........................................................................................................................................................................................................................................slurmstepd: error: *** JOB 7176076 ON r38n3 CANCELLED AT 2020-12-25T23:49:40 DUE TO TIME LIMIT ***
