No CuPy installation found, continuing without GPU acceleration.
having the CPUs {26, 27, 30, 31} available.
Started basinhopping at 2020-12-24 22:50:02.044651 UTC, with
command line arguments = {'path': '/home/jorisk2/HVQE/data/kagome/periodic/own_graph/ops/energy/2x2', 'n_par': 24, 'par_multiplicity': 2, 'n_iter': 0, 'cost_fn': 'energy', 'temperature': 1.0, 'stepsize': 1.0, 'init_par': None, 'dump_interval': None}
runtime variables =  {'GPU': False, 'date_start': '2020-12-24 22:50:02.044651', 'complete_graph': [(0, 4), (2, 6), (8, 7), (10, 5), (11, 1), (9, 3), (1, 4), (3, 6), (5, 8), (7, 10), (9, 0), (11, 2), (1, 2), (3, 0), (6, 8), (4, 10), (5, 9), (7, 11), (0, 1), (2, 3), (4, 5), (6, 7), (8, 9), (10, 11)], 'init_layer': [(0, 1), (2, 3), (4, 5), (6, 7), (8, 9), (10, 11)], 'layers': [[(0, 4), (2, 6), (8, 7), (10, 5), (11, 1), (9, 3)], [(1, 4), (3, 6), (5, 8), (7, 10), (9, 0), (11, 2)], [(1, 2), (3, 0), (6, 8), (4, 10), (5, 9), (7, 11)], [(0, 1), (2, 3), (4, 5), (6, 7), (8, 9), (10, 11)]], 'n': 12}
.......................................................................................................... 
==========================================================================================
Finished basinhopping of  /home/jorisk2/HVQE/data/kagome/periodic/own_graph/ops/energy/2x2 at 2020-12-24 23:07:30.108857 UTC, with
 
{'path': '/home/jorisk2/HVQE/data/kagome/periodic/own_graph/ops/energy/2x2', 'n_par': 24, 'par_multiplicity': 2, 'n_iter': 0, 'cost_fn': 'energy', 'temperature': 1.0, 'stepsize': 1.0, 'init_par': None, 'dump_interval': None}
init_par = [-0.0004647725153166095, -2.9709363565240247e-05, -0.0003190623053927786, -0.00034717152137715495, 0.00011569274223328496, 0.0003450836433719793, 0.00035948395162493647, -0.00030383670358124994, 0.00037569365540084424, 4.152941955002385e-05, -0.00034407760272803527, 0.0004532340203492857, 6.662531149126058e-05, 8.65972568681447e-05, -0.0002831419668413562, -0.00046778095493426165, -0.00040816222426434435, -0.00015868357680098047, -0.00046827555701059654, 2.696007090214627e-05, 9.716072872884625e-05, 0.0004976029981991648, 0.00018026244532470565, 0.0002637408303608651]
 
RESULTS:
--------
E_VQE = -5.27824212713045
inf_VQE = 0.5764217069083679
n_fn_calls = 106
Wall-clock time 0.26121374315685697 hours
 
For more output, see /home/jorisk2/HVQE/data/kagome/periodic/own_graph/ops/energy/2x2/output.txt
Plots of output saved in /home/jorisk2/HVQE/data/kagome/periodic/own_graph/ops/energy/2x2
End of HVQE.py
==========================================================================================
No CuPy installation found, continuing without GPU acceleration.
having the CPUs {26, 27, 30, 31} available.
Started basinhopping at 2020-12-24 23:14:41.094079 UTC, with
command line arguments = {'path': '/home/jorisk2/HVQE/data/kagome/periodic/own_graph/ops/energy/2x2', 'n_par': 36, 'par_multiplicity': 2, 'n_iter': 0, 'cost_fn': 'energy', 'temperature': 1.0, 'stepsize': 1.0, 'init_par': None, 'dump_interval': None}
runtime variables =  {'GPU': False, 'date_start': '2020-12-24 23:14:41.094079', 'complete_graph': [(0, 4), (2, 6), (8, 7), (10, 5), (11, 1), (9, 3), (1, 4), (3, 6), (5, 8), (7, 10), (9, 0), (11, 2), (1, 2), (3, 0), (6, 8), (4, 10), (5, 9), (7, 11), (0, 1), (2, 3), (4, 5), (6, 7), (8, 9), (10, 11)], 'init_layer': [(0, 1), (2, 3), (4, 5), (6, 7), (8, 9), (10, 11)], 'layers': [[(0, 4), (2, 6), (8, 7), (10, 5), (11, 1), (9, 3)], [(1, 4), (3, 6), (5, 8), (7, 10), (9, 0), (11, 2)], [(1, 2), (3, 0), (6, 8), (4, 10), (5, 9), (7, 11)], [(0, 1), (2, 3), (4, 5), (6, 7), (8, 9), (10, 11)]], 'n': 12}
...................................................................................................................................................................................... 
==========================================================================================
Finished basinhopping of  /home/jorisk2/HVQE/data/kagome/periodic/own_graph/ops/energy/2x2 at 2020-12-25 00:00:21.362794 UTC, with
 
{'path': '/home/jorisk2/HVQE/data/kagome/periodic/own_graph/ops/energy/2x2', 'n_par': 36, 'par_multiplicity': 2, 'n_iter': 0, 'cost_fn': 'energy', 'temperature': 1.0, 'stepsize': 1.0, 'init_par': None, 'dump_interval': None}
init_par = [-0.00016616287761467985, -0.000460060120415505, 0.00018538695819309925, 0.0001468881287345911, -0.00042594592610899207, -0.0004978678698288779, -0.0004027545082661007, -0.00012745821921619538, -0.00019758772216573063, -0.00033495819611244974, 0.000495384789450308, -0.0002525877614997487, -0.00041228481569678633, -0.00041927733490236465, 0.0001785871676090767, 0.00031156562286872543, 6.521666781951453e-05, 0.0003147452278856103, -0.0003274121388908895, 4.4712106269162986e-05, -5.4413416408638266e-05, 0.00023757858967618061, -0.00046003351860193976, 0.0001339383615721532, -0.0004401642719669604, -0.0002736005151024025, 0.0003945447752182029, -0.00026623684172756026, 8.677363607286978e-06, -0.00047965749583339613, -0.00014681849539620583, -0.00028491713868795856, 0.0004778925253686485, 0.00019201740666007926, -0.00018310566256670737, 0.0004545264975314866]
 
RESULTS:
--------
E_VQE = -5.342846557151359
inf_VQE = 0.4777401869063771
n_fn_calls = 182
Wall-clock time 0.7464479074213239 hours
 
For more output, see /home/jorisk2/HVQE/data/kagome/periodic/own_graph/ops/energy/2x2/output.txt
Plots of output saved in /home/jorisk2/HVQE/data/kagome/periodic/own_graph/ops/energy/2x2
End of HVQE.py
==========================================================================================
No CuPy installation found, continuing without GPU acceleration.
having the CPUs {26, 27, 30, 31} available.
Started basinhopping at 2020-12-25 00:05:16.951186 UTC, with
command line arguments = {'path': '/home/jorisk2/HVQE/data/kagome/periodic/own_graph/ops/energy/2x2', 'n_par': 48, 'par_multiplicity': 2, 'n_iter': 0, 'cost_fn': 'energy', 'temperature': 1.0, 'stepsize': 1.0, 'init_par': None, 'dump_interval': None}
runtime variables =  {'GPU': False, 'date_start': '2020-12-25 00:05:16.951186', 'complete_graph': [(0, 4), (2, 6), (8, 7), (10, 5), (11, 1), (9, 3), (1, 4), (3, 6), (5, 8), (7, 10), (9, 0), (11, 2), (1, 2), (3, 0), (6, 8), (4, 10), (5, 9), (7, 11), (0, 1), (2, 3), (4, 5), (6, 7), (8, 9), (10, 11)], 'init_layer': [(0, 1), (2, 3), (4, 5), (6, 7), (8, 9), (10, 11)], 'layers': [[(0, 4), (2, 6), (8, 7), (10, 5), (11, 1), (9, 3)], [(1, 4), (3, 6), (5, 8), (7, 10), (9, 0), (11, 2)], [(1, 2), (3, 0), (6, 8), (4, 10), (5, 9), (7, 11)], [(0, 1), (2, 3), (4, 5), (6, 7), (8, 9), (10, 11)]], 'n': 12}
..................................................................................................................................................................................................................................................................................................................... 
==========================================================================================
Finished basinhopping of  /home/jorisk2/HVQE/data/kagome/periodic/own_graph/ops/energy/2x2 at 2020-12-25 01:50:36.312228 UTC, with
 
{'path': '/home/jorisk2/HVQE/data/kagome/periodic/own_graph/ops/energy/2x2', 'n_par': 48, 'par_multiplicity': 2, 'n_iter': 0, 'cost_fn': 'energy', 'temperature': 1.0, 'stepsize': 1.0, 'init_par': None, 'dump_interval': None}
init_par = [-6.659494651460086e-05, -0.00025423890620410964, 0.0004563878481729872, 0.00011655571833642849, -0.0004932156285105115, 3.758885160450856e-05, 0.0004156198222021838, -4.3440079284349327e-05, -0.00026376044747207896, 0.0004617717540862991, 0.0002551136074161013, -0.0003914069518387078, -0.0002507066527213133, -0.00037800737734462807, 1.355778926274238e-05, 0.0003962671145977784, 0.00040645191302671397, 0.00021866832429161395, -0.0004816662343022413, 0.00023918272169817572, 0.00044894797228072435, 0.00020159633252652667, 0.0003602197456691568, 7.579486863123867e-05, 0.00043804412183814695, -0.00012134990462379436, -0.0003445252435957014, -0.0004033908616886465, -0.0002433248857745182, -0.0003859053111842874, 6.504191299167689e-05, -0.00013830210884875404, 0.0003064756294305776, -0.00047322019677018115, 0.00019974780331193705, 7.8442282689103e-06, 0.00043642372599258866, -0.00047939462355181973, -2.4999222099874186e-05, -0.0004445321665741279, 0.00032740078504674966, -0.0004668212972547757, 0.00019530433098748892, -0.0003656469568052423, 0.00022005048283502767, -0.00042849309672993987, 0.0001643954786865096, 0.00016879528141408053]
 
RESULTS:
--------
E_VQE = -5.362355218971298
inf_VQE = 0.43875320976276755
n_fn_calls = 309
Wall-clock time 1.7435726575056711 hours
 
For more output, see /home/jorisk2/HVQE/data/kagome/periodic/own_graph/ops/energy/2x2/output.txt
Plots of output saved in /home/jorisk2/HVQE/data/kagome/periodic/own_graph/ops/energy/2x2
End of HVQE.py
==========================================================================================
No CuPy installation found, continuing without GPU acceleration.
having the CPUs {26, 27, 30, 31} available.
Started basinhopping at 2020-12-25 01:55:50.605350 UTC, with
command line arguments = {'path': '/home/jorisk2/HVQE/data/kagome/periodic/own_graph/ops/energy/2x2', 'n_par': 60, 'par_multiplicity': 2, 'n_iter': 0, 'cost_fn': 'energy', 'temperature': 1.0, 'stepsize': 1.0, 'init_par': None, 'dump_interval': None}
runtime variables =  {'GPU': False, 'date_start': '2020-12-25 01:55:50.605350', 'complete_graph': [(0, 4), (2, 6), (8, 7), (10, 5), (11, 1), (9, 3), (1, 4), (3, 6), (5, 8), (7, 10), (9, 0), (11, 2), (1, 2), (3, 0), (6, 8), (4, 10), (5, 9), (7, 11), (0, 1), (2, 3), (4, 5), (6, 7), (8, 9), (10, 11)], 'init_layer': [(0, 1), (2, 3), (4, 5), (6, 7), (8, 9), (10, 11)], 'layers': [[(0, 4), (2, 6), (8, 7), (10, 5), (11, 1), (9, 3)], [(1, 4), (3, 6), (5, 8), (7, 10), (9, 0), (11, 2)], [(1, 2), (3, 0), (6, 8), (4, 10), (5, 9), (7, 11)], [(0, 1), (2, 3), (4, 5), (6, 7), (8, 9), (10, 11)]], 'n': 12}
.................................................................................................................................................................................................................................................................................................................................................................................................................................................................................... 
==========================================================================================
Finished basinhopping of  /home/jorisk2/HVQE/data/kagome/periodic/own_graph/ops/energy/2x2 at 2020-12-25 05:18:07.983885 UTC, with
 
{'path': '/home/jorisk2/HVQE/data/kagome/periodic/own_graph/ops/energy/2x2', 'n_par': 60, 'par_multiplicity': 2, 'n_iter': 0, 'cost_fn': 'energy', 'temperature': 1.0, 'stepsize': 1.0, 'init_par': None, 'dump_interval': None}
init_par = [0.0004980651256061136, 0.00027481773882286097, -0.0003613889272836376, 0.00024129769398328058, -0.00024184297313682945, 0.00032687977012503067, 0.0002597537165100783, 0.00041057328371268585, -0.00044116063586492436, 0.00026533855963640585, -0.000372728089041135, -2.454625701825788e-06, -0.0003498816346577813, -0.00025998683184205506, 6.536399122375686e-06, -0.0004081896957792739, -1.7262210962284193e-05, -8.555319337245838e-05, 7.565950476503896e-05, 0.0003834213312725595, 0.00032925415643998473, 8.209198301459698e-05, -0.0004917338789693442, -0.00014091299397346016, -9.640092724339113e-05, 0.00046155047381725304, 0.0004842158072958598, -0.0004449793325639037, -0.00016603935030449227, 7.470730029029667e-05, -0.00015979734096665453, -0.0002934367298946763, 0.00035885339072876685, 0.000259362252860744, -0.00026842495614138185, 0.00020698508879278934, 8.516185493731034e-05, -0.0002872277141986137, -0.0002386435507376801, -0.0002481810406941504, -0.0003427808812437903, -0.0003406607042867099, 0.00018686857783974434, -0.00047955544758439164, 0.0002031824578154392, 0.00018165798766464159, 0.0004995728052449697, -3.561274163164864e-05, -4.391534535633435e-05, 0.0002812454626400253, -0.00022216324010411183, -6.4253442737177225e-06, 0.000457332569196571, -6.754284988698232e-05, 0.0001721772799785251, -0.0001103808364999659, -0.00030928940104850433, 3.89862182623744e-05, 0.0003410520605643669, 0.0004280599831594336]
 
RESULTS:
--------
E_VQE = -5.38104459337537
inf_VQE = 0.3314919040807671
n_fn_calls = 468
Wall-clock time 3.360758192009396 hours
 
For more output, see /home/jorisk2/HVQE/data/kagome/periodic/own_graph/ops/energy/2x2/output.txt
Plots of output saved in /home/jorisk2/HVQE/data/kagome/periodic/own_graph/ops/energy/2x2
End of HVQE.py
==========================================================================================
No CuPy installation found, continuing without GPU acceleration.
having the CPUs {26, 27, 30, 31} available.
Started basinhopping at 2020-12-25 05:23:37.918511 UTC, with
command line arguments = {'path': '/home/jorisk2/HVQE/data/kagome/periodic/own_graph/ops/energy/2x2', 'n_par': 72, 'par_multiplicity': 2, 'n_iter': 0, 'cost_fn': 'energy', 'temperature': 1.0, 'stepsize': 1.0, 'init_par': None, 'dump_interval': None}
runtime variables =  {'GPU': False, 'date_start': '2020-12-25 05:23:37.918511', 'complete_graph': [(0, 4), (2, 6), (8, 7), (10, 5), (11, 1), (9, 3), (1, 4), (3, 6), (5, 8), (7, 10), (9, 0), (11, 2), (1, 2), (3, 0), (6, 8), (4, 10), (5, 9), (7, 11), (0, 1), (2, 3), (4, 5), (6, 7), (8, 9), (10, 11)], 'init_layer': [(0, 1), (2, 3), (4, 5), (6, 7), (8, 9), (10, 11)], 'layers': [[(0, 4), (2, 6), (8, 7), (10, 5), (11, 1), (9, 3)], [(1, 4), (3, 6), (5, 8), (7, 10), (9, 0), (11, 2)], [(1, 2), (3, 0), (6, 8), (4, 10), (5, 9), (7, 11)], [(0, 1), (2, 3), (4, 5), (6, 7), (8, 9), (10, 11)]], 'n': 12}
............................................................................................................................................................................................................................................................................................................................................................................................... 
==========================================================================================
Finished basinhopping of  /home/jorisk2/HVQE/data/kagome/periodic/own_graph/ops/energy/2x2 at 2020-12-25 09:02:45.911630 UTC, with
 
{'path': '/home/jorisk2/HVQE/data/kagome/periodic/own_graph/ops/energy/2x2', 'n_par': 72, 'par_multiplicity': 2, 'n_iter': 0, 'cost_fn': 'energy', 'temperature': 1.0, 'stepsize': 1.0, 'init_par': None, 'dump_interval': None}
init_par = [0.000236897279291885, 7.073462604932797e-05, 0.0003147084432374899, -0.00018531907764573, -0.00018364798563170326, 5.2781187946654776e-05, -0.0003867948903399454, 0.00040814894872923514, -0.0001644057240200342, -0.0004013368073700168, -0.00032450308408177883, 0.00024287093636621998, -0.0003691485423215078, 0.00045308582463591217, 0.0003331173385605618, -0.0002020035821554609, -0.0003646961971830488, 0.0004193573185186796, -0.0002599474517423143, -0.00044559004358073873, -0.0004344796237456089, -0.0004860325588968516, -4.519799715710105e-05, 0.0004933416235329195, -8.602205180955301e-05, 0.00048614399489971087, -0.0004908721016721216, -0.00019359488311467357, -0.0002141342060435649, 0.0001167670686389316, -0.0001986853421095882, -0.00038915532061856774, -0.0004726609329619818, 0.00011971566341629093, 0.00044698412049635724, -0.00011153287902727351, -0.0002980401513090636, 0.00015239417696886332, 0.00015231541941790447, -8.032977320796854e-05, 0.000403592713238455, -0.000362969331845517, -0.0003512150379994522, 0.00011838514246392394, -9.928670173232857e-05, -0.00019447098987018053, 0.00037883884676455056, 0.00021847100537982801, -0.0004418005856070334, -0.00019687824824592284, -0.00046142914099936563, -0.0002741779572970469, 0.0003731007587361344, 0.0003112317374382846, 0.0004840235231335921, -0.00040399456180868965, -0.00031547642131387845, -9.26049807774607e-05, 0.000468739703750033, -0.0003750072885717294, 0.00015773569446570304, 0.00032622306795726324, 0.0003836344510543333, -0.00018545046026590973, -5.6360873166901775e-05, -0.00045776754791732765, -0.00020719717323342636, 1.3405653809656993e-05, 0.00047389406797665944, -0.00012354755607929904, 0.00023906523470727695, 0.00015999107076176305]
 
RESULTS:
--------
E_VQE = -5.3852624864230485
inf_VQE = 0.3250207048909184
n_fn_calls = 383
Wall-clock time 3.6041419604089526 hours
 
For more output, see /home/jorisk2/HVQE/data/kagome/periodic/own_graph/ops/energy/2x2/output.txt
Plots of output saved in /home/jorisk2/HVQE/data/kagome/periodic/own_graph/ops/energy/2x2
End of HVQE.py
==========================================================================================
No CuPy installation found, continuing without GPU acceleration.
having the CPUs {26, 27, 30, 31} available.
Started basinhopping at 2020-12-25 09:08:16.051704 UTC, with
command line arguments = {'path': '/home/jorisk2/HVQE/data/kagome/periodic/own_graph/ops/energy/2x2', 'n_par': 84, 'par_multiplicity': 2, 'n_iter': 0, 'cost_fn': 'energy', 'temperature': 1.0, 'stepsize': 1.0, 'init_par': None, 'dump_interval': None}
runtime variables =  {'GPU': False, 'date_start': '2020-12-25 09:08:16.051704', 'complete_graph': [(0, 4), (2, 6), (8, 7), (10, 5), (11, 1), (9, 3), (1, 4), (3, 6), (5, 8), (7, 10), (9, 0), (11, 2), (1, 2), (3, 0), (6, 8), (4, 10), (5, 9), (7, 11), (0, 1), (2, 3), (4, 5), (6, 7), (8, 9), (10, 11)], 'init_layer': [(0, 1), (2, 3), (4, 5), (6, 7), (8, 9), (10, 11)], 'layers': [[(0, 4), (2, 6), (8, 7), (10, 5), (11, 1), (9, 3)], [(1, 4), (3, 6), (5, 8), (7, 10), (9, 0), (11, 2)], [(1, 2), (3, 0), (6, 8), (4, 10), (5, 9), (7, 11)], [(0, 1), (2, 3), (4, 5), (6, 7), (8, 9), (10, 11)]], 'n': 12}
......................................................................................................................................................................................................................................................................................................................................................................................................................................................................................... 
==========================================================================================
Finished basinhopping of  /home/jorisk2/HVQE/data/kagome/periodic/own_graph/ops/energy/2x2 at 2020-12-25 13:59:37.671026 UTC, with
 
{'path': '/home/jorisk2/HVQE/data/kagome/periodic/own_graph/ops/energy/2x2', 'n_par': 84, 'par_multiplicity': 2, 'n_iter': 0, 'cost_fn': 'energy', 'temperature': 1.0, 'stepsize': 1.0, 'init_par': None, 'dump_interval': None}
init_par = [-0.00036975449212464954, 7.993665218228698e-05, -0.00040242471268359006, 0.00019947468889232095, -0.000263997479014121, -0.0002299717646461772, -0.00021968588098213138, 0.00019594079082311893, -1.5018640774399738e-05, 0.0004271937941019465, 0.00027771166704704264, 0.0004389884885312628, 0.00047283256053059196, -0.00038668493860847695, 0.0002550524463454599, -0.00023435835981469935, -2.0743483410949224e-06, -0.0003142435103627442, 0.00026419100534167956, 0.0003226256917543952, 0.0002787325084192333, 0.00015479529243099717, 0.00038145754797887016, -0.00021282607474128315, 5.0629228049900964e-05, -2.2217221290671708e-05, 0.00031598264924096017, 0.0004310673977093784, -1.6340962967052015e-05, -0.00046881066549225446, -0.00023064651676721419, -0.0002230530893490147, 0.00038709924016151276, -0.00029954449763031185, -0.0003099833190446709, -7.486533889987704e-05, -0.0004741596242064988, -0.00044067888131856404, -0.0001729138671667173, 0.00031181203767607945, 0.00036533813462908554, 0.0004122861857011012, 0.0004907916493395365, -0.00031666734018971843, -0.00030987782048961675, -0.00013945687125955088, 8.292177895708385e-05, -0.00031558742112308973, -0.000370362024737375, 2.5245590595094985e-05, -0.0003725569831186817, -0.0004607723774224084, 0.00012529884524368866, -0.00034575313855759397, 0.0001848131558972913, 0.00032469928230846666, 9.229974505535542e-06, -2.1420839410527545e-05, 0.00047252831746250957, 0.00017187991948693657, 0.0004424069584152839, -0.00016917423353417292, 5.361056149131107e-05, 0.00014275512746924398, 0.00019515351088732376, 0.00014737467239907026, -2.9234203698726775e-05, -0.0003324404502658906, -0.0002942600436967811, -0.0002844247635852648, -8.920532811127927e-05, -0.0003517261689255733, -0.0003970713450158188, 0.0001771799864721021, 0.000314418137077646, 0.00013208496547551267, 0.0003346059502404644, 5.0099287934801174e-05, 4.536445265903677e-05, -0.00012493336933736465, -6.259450960993332e-05, -9.215644172398809e-05, -0.00033916410914495667, -6.444259983099667e-05]
 
RESULTS:
--------
E_VQE = -5.398518469028637
inf_VQE = 0.1871163390385988
n_fn_calls = 473
Wall-clock time 4.843417924178971 hours
 
For more output, see /home/jorisk2/HVQE/data/kagome/periodic/own_graph/ops/energy/2x2/output.txt
Plots of output saved in /home/jorisk2/HVQE/data/kagome/periodic/own_graph/ops/energy/2x2
End of HVQE.py
==========================================================================================
No CuPy installation found, continuing without GPU acceleration.
having the CPUs {26, 27, 30, 31} available.
Started basinhopping at 2020-12-25 14:07:54.316288 UTC, with
command line arguments = {'path': '/home/jorisk2/HVQE/data/kagome/periodic/own_graph/ops/energy/2x2', 'n_par': 96, 'par_multiplicity': 2, 'n_iter': 0, 'cost_fn': 'energy', 'temperature': 1.0, 'stepsize': 1.0, 'init_par': None, 'dump_interval': None}
runtime variables =  {'GPU': False, 'date_start': '2020-12-25 14:07:54.316288', 'complete_graph': [(0, 4), (2, 6), (8, 7), (10, 5), (11, 1), (9, 3), (1, 4), (3, 6), (5, 8), (7, 10), (9, 0), (11, 2), (1, 2), (3, 0), (6, 8), (4, 10), (5, 9), (7, 11), (0, 1), (2, 3), (4, 5), (6, 7), (8, 9), (10, 11)], 'init_layer': [(0, 1), (2, 3), (4, 5), (6, 7), (8, 9), (10, 11)], 'layers': [[(0, 4), (2, 6), (8, 7), (10, 5), (11, 1), (9, 3)], [(1, 4), (3, 6), (5, 8), (7, 10), (9, 0), (11, 2)], [(1, 2), (3, 0), (6, 8), (4, 10), (5, 9), (7, 11)], [(0, 1), (2, 3), (4, 5), (6, 7), (8, 9), (10, 11)]], 'n': 12}
.......................................................................................................................................................................................................................................................................................................................................................................................................................................................................................................................................................................................................slurmstepd: error: *** JOB 7176073 ON r38n2 CANCELLED AT 2020-12-25T23:49:40 DUE TO TIME LIMIT ***
