No CuPy installation found, continuing without GPU acceleration.
having the CPUs {26, 27, 30, 31} available.
Started basinhopping at 2020-12-24 22:36:36.144347 UTC, with
command line arguments = {'path': '/home/jorisk2/HVQE/data/kagome/periodic/own_graph/ops/energy/2x2', 'n_par': 12, 'par_multiplicity': 2, 'n_iter': 0, 'cost_fn': 'energy', 'temperature': 1.0, 'stepsize': 1.0, 'init_par': None, 'dump_interval': None}
runtime variables =  {'GPU': False, 'date_start': '2020-12-24 22:36:36.144347', 'complete_graph': [(0, 4), (2, 6), (8, 7), (10, 5), (11, 1), (9, 3), (1, 4), (3, 6), (5, 8), (7, 10), (9, 0), (11, 2), (1, 2), (3, 0), (6, 8), (4, 10), (5, 9), (7, 11), (0, 1), (2, 3), (4, 5), (6, 7), (8, 9), (10, 11)], 'init_layer': [(0, 1), (2, 3), (4, 5), (6, 7), (8, 9), (10, 11)], 'layers': [[(0, 4), (2, 6), (8, 7), (10, 5), (11, 1), (9, 3)], [(1, 4), (3, 6), (5, 8), (7, 10), (9, 0), (11, 2)], [(1, 2), (3, 0), (6, 8), (4, 10), (5, 9), (7, 11)], [(0, 1), (2, 3), (4, 5), (6, 7), (8, 9), (10, 11)]], 'n': 12}
............................................................................... 
==========================================================================================
Finished basinhopping of  /home/jorisk2/HVQE/data/kagome/periodic/own_graph/ops/energy/2x2 at 2020-12-24 22:41:01.535118 UTC, with
 
{'path': '/home/jorisk2/HVQE/data/kagome/periodic/own_graph/ops/energy/2x2', 'n_par': 12, 'par_multiplicity': 2, 'n_iter': 0, 'cost_fn': 'energy', 'temperature': 1.0, 'stepsize': 1.0, 'init_par': None, 'dump_interval': None}
init_par = [0.00037377338463737673, 0.0003617081966263213, 0.0001244810996994533, 0.00014768479552695185, 0.0004050851719757338, -0.00022713292038082858, 0.0003590548746915719, -0.0002278421123222069, 0.0003634812274053175, -0.00025341545879095716, -7.10420164365103e-05, 0.00028400399538260307]
 
RESULTS:
--------
E_VQE = -5.138612203223648
inf_VQE = 0.7907449661224474
n_fn_calls = 79
Wall-clock time 0.06323312547471788 hours
 
For more output, see /home/jorisk2/HVQE/data/kagome/periodic/own_graph/ops/energy/2x2/output.txt
Plots of output saved in /home/jorisk2/HVQE/data/kagome/periodic/own_graph/ops/energy/2x2
End of HVQE.py
==========================================================================================
