No CuPy installation found, continuing without GPU acceleration.
having the CPUs {0, 1, 4, 5} available.
Started basinhopping at 2020-12-24 22:36:27.245174 UTC, with
command line arguments = {'path': '/home/jorisk2/HVQE/data/kagome/periodic/own_graph/ops/energy/2x2', 'n_par': 12, 'par_multiplicity': 2, 'n_iter': 0, 'cost_fn': 'energy', 'temperature': 1.0, 'stepsize': 1.0, 'init_par': None, 'dump_interval': None}
runtime variables =  {'GPU': False, 'date_start': '2020-12-24 22:36:27.245174', 'complete_graph': [(0, 4), (2, 6), (8, 7), (10, 5), (11, 1), (9, 3), (1, 4), (3, 6), (5, 8), (7, 10), (9, 0), (11, 2), (1, 2), (3, 0), (6, 8), (4, 10), (5, 9), (7, 11), (0, 1), (2, 3), (4, 5), (6, 7), (8, 9), (10, 11)], 'init_layer': [(0, 1), (2, 3), (4, 5), (6, 7), (8, 9), (10, 11)], 'layers': [[(0, 4), (2, 6), (8, 7), (10, 5), (11, 1), (9, 3)], [(1, 4), (3, 6), (5, 8), (7, 10), (9, 0), (11, 2)], [(1, 2), (3, 0), (6, 8), (4, 10), (5, 9), (7, 11)], [(0, 1), (2, 3), (4, 5), (6, 7), (8, 9), (10, 11)]], 'n': 12}
...................................................................... 
==========================================================================================
Finished basinhopping of  /home/jorisk2/HVQE/data/kagome/periodic/own_graph/ops/energy/2x2 at 2020-12-24 22:45:40.317069 UTC, with
 
{'path': '/home/jorisk2/HVQE/data/kagome/periodic/own_graph/ops/energy/2x2', 'n_par': 12, 'par_multiplicity': 2, 'n_iter': 0, 'cost_fn': 'energy', 'temperature': 1.0, 'stepsize': 1.0, 'init_par': None, 'dump_interval': None}
init_par = [-0.00021451505010940044, -0.0004514386498498564, 0.00018425853153263417, 0.00012549560455124608, -0.000271956414609249, -0.0003467726940887421, -0.00015116312792841927, -8.890024313418297e-05, -0.00028320707392664383, -9.073472848903318e-05, 0.00017607219281732666, -8.559926806089738e-05]
 
RESULTS:
--------
E_VQE = -5.138612203236578
inf_VQE = 0.7907457803027054
n_fn_calls = 70
Wall-clock time 0.12367331564426422 hours
 
For more output, see /home/jorisk2/HVQE/data/kagome/periodic/own_graph/ops/energy/2x2/output.txt
Plots of output saved in /home/jorisk2/HVQE/data/kagome/periodic/own_graph/ops/energy/2x2
End of HVQE.py
==========================================================================================
