No CuPy installation found, continuing without GPU acceleration.
having the CPUs {16, 17, 20, 21} available.
Started basinhopping at 2020-12-24 22:49:32.571290 UTC, with
command line arguments = {'path': '/home/jorisk2/HVQE/data/kagome/periodic/own_graph/ops/energy/2x2', 'n_par': 24, 'par_multiplicity': 2, 'n_iter': 0, 'cost_fn': 'energy', 'temperature': 1.0, 'stepsize': 1.0, 'init_par': None, 'dump_interval': None}
runtime variables =  {'GPU': False, 'date_start': '2020-12-24 22:49:32.571290', 'complete_graph': [(0, 4), (2, 6), (8, 7), (10, 5), (11, 1), (9, 3), (1, 4), (3, 6), (5, 8), (7, 10), (9, 0), (11, 2), (1, 2), (3, 0), (6, 8), (4, 10), (5, 9), (7, 11), (0, 1), (2, 3), (4, 5), (6, 7), (8, 9), (10, 11)], 'init_layer': [(0, 1), (2, 3), (4, 5), (6, 7), (8, 9), (10, 11)], 'layers': [[(0, 4), (2, 6), (8, 7), (10, 5), (11, 1), (9, 3)], [(1, 4), (3, 6), (5, 8), (7, 10), (9, 0), (11, 2)], [(1, 2), (3, 0), (6, 8), (4, 10), (5, 9), (7, 11)], [(0, 1), (2, 3), (4, 5), (6, 7), (8, 9), (10, 11)]], 'n': 12}
............................................................................................................................. 
==========================================================================================
Finished basinhopping of  /home/jorisk2/HVQE/data/kagome/periodic/own_graph/ops/energy/2x2 at 2020-12-24 23:07:14.981664 UTC, with
 
{'path': '/home/jorisk2/HVQE/data/kagome/periodic/own_graph/ops/energy/2x2', 'n_par': 24, 'par_multiplicity': 2, 'n_iter': 0, 'cost_fn': 'energy', 'temperature': 1.0, 'stepsize': 1.0, 'init_par': None, 'dump_interval': None}
init_par = [-0.0002886383134742431, -0.00043180738824713283, 3.086128775234851e-05, -0.00031739780425423035, -7.333732433547816e-05, 2.6213696974515185e-05, 0.00029217984855025724, -0.00047466054338498253, 0.0001708869131951409, -0.00013033113675743423, 8.36835918991294e-05, 0.0003413324806379527, 0.00047086916296495995, 0.0003336034456519171, 0.00044760351104712614, -2.8475324283162688e-05, 0.00029152850589881643, 0.00033703997821056227, 0.0001406967589630448, 0.00011138886285338111, 0.00037653471334293093, -5.4978006879812815e-05, -0.0003577351281167493, 0.000277852948475811]
 
RESULTS:
--------
E_VQE = -5.277388427847117
inf_VQE = 0.5240487419116675
n_fn_calls = 125
Wall-clock time 0.2743616445859273 hours
 
For more output, see /home/jorisk2/HVQE/data/kagome/periodic/own_graph/ops/energy/2x2/output.txt
Plots of output saved in /home/jorisk2/HVQE/data/kagome/periodic/own_graph/ops/energy/2x2
End of HVQE.py
==========================================================================================
No CuPy installation found, continuing without GPU acceleration.
having the CPUs {16, 17, 20, 21} available.
Started basinhopping at 2020-12-24 23:13:57.412126 UTC, with
command line arguments = {'path': '/home/jorisk2/HVQE/data/kagome/periodic/own_graph/ops/energy/2x2', 'n_par': 36, 'par_multiplicity': 2, 'n_iter': 0, 'cost_fn': 'energy', 'temperature': 1.0, 'stepsize': 1.0, 'init_par': None, 'dump_interval': None}
runtime variables =  {'GPU': False, 'date_start': '2020-12-24 23:13:57.412126', 'complete_graph': [(0, 4), (2, 6), (8, 7), (10, 5), (11, 1), (9, 3), (1, 4), (3, 6), (5, 8), (7, 10), (9, 0), (11, 2), (1, 2), (3, 0), (6, 8), (4, 10), (5, 9), (7, 11), (0, 1), (2, 3), (4, 5), (6, 7), (8, 9), (10, 11)], 'init_layer': [(0, 1), (2, 3), (4, 5), (6, 7), (8, 9), (10, 11)], 'layers': [[(0, 4), (2, 6), (8, 7), (10, 5), (11, 1), (9, 3)], [(1, 4), (3, 6), (5, 8), (7, 10), (9, 0), (11, 2)], [(1, 2), (3, 0), (6, 8), (4, 10), (5, 9), (7, 11)], [(0, 1), (2, 3), (4, 5), (6, 7), (8, 9), (10, 11)]], 'n': 12}
..................................................................................................................................................................... 
==========================================================================================
Finished basinhopping of  /home/jorisk2/HVQE/data/kagome/periodic/own_graph/ops/energy/2x2 at 2020-12-25 00:00:30.046074 UTC, with
 
{'path': '/home/jorisk2/HVQE/data/kagome/periodic/own_graph/ops/energy/2x2', 'n_par': 36, 'par_multiplicity': 2, 'n_iter': 0, 'cost_fn': 'energy', 'temperature': 1.0, 'stepsize': 1.0, 'init_par': None, 'dump_interval': None}
init_par = [0.00020170640484983536, -0.00017233083831174814, -0.00019458741526733536, -0.00015099728876673502, 3.311381914679107e-05, 0.0003910294793358209, 4.485442579721258e-05, -0.00013117377517615216, -0.0001497413025285994, -0.00022056141295979757, -0.00045785435611191795, 0.0004523111342816345, 0.00019927422714538978, -0.00046230859925619705, -0.00022340409918743124, 0.00029559047349857876, -0.0002938165951697937, -0.00019441706495585298, 0.000336818324370643, -2.905805085492432e-05, -8.649433512132566e-05, 2.1808332412737424e-05, 1.2670120466492683e-05, -0.00043940523564124867, -0.00019710299445593584, -5.654576075706289e-05, 0.00013246086738250647, -0.000372150712061583, -2.81044102430961e-05, -0.00043645097320992997, 0.0003526837263744503, 0.0003636685186924133, 0.00021856083318520282, -7.553651485296909e-05, -3.811589010846737e-05, -0.0004753581966906301]
 
RESULTS:
--------
E_VQE = -5.347717091219431
inf_VQE = 0.468042250176524
n_fn_calls = 165
Wall-clock time 0.7547097027964063 hours
 
For more output, see /home/jorisk2/HVQE/data/kagome/periodic/own_graph/ops/energy/2x2/output.txt
Plots of output saved in /home/jorisk2/HVQE/data/kagome/periodic/own_graph/ops/energy/2x2
End of HVQE.py
==========================================================================================
No CuPy installation found, continuing without GPU acceleration.
having the CPUs {16, 17, 20, 21} available.
Started basinhopping at 2020-12-25 00:08:37.728392 UTC, with
command line arguments = {'path': '/home/jorisk2/HVQE/data/kagome/periodic/own_graph/ops/energy/2x2', 'n_par': 48, 'par_multiplicity': 2, 'n_iter': 0, 'cost_fn': 'energy', 'temperature': 1.0, 'stepsize': 1.0, 'init_par': None, 'dump_interval': None}
runtime variables =  {'GPU': False, 'date_start': '2020-12-25 00:08:37.728392', 'complete_graph': [(0, 4), (2, 6), (8, 7), (10, 5), (11, 1), (9, 3), (1, 4), (3, 6), (5, 8), (7, 10), (9, 0), (11, 2), (1, 2), (3, 0), (6, 8), (4, 10), (5, 9), (7, 11), (0, 1), (2, 3), (4, 5), (6, 7), (8, 9), (10, 11)], 'init_layer': [(0, 1), (2, 3), (4, 5), (6, 7), (8, 9), (10, 11)], 'layers': [[(0, 4), (2, 6), (8, 7), (10, 5), (11, 1), (9, 3)], [(1, 4), (3, 6), (5, 8), (7, 10), (9, 0), (11, 2)], [(1, 2), (3, 0), (6, 8), (4, 10), (5, 9), (7, 11)], [(0, 1), (2, 3), (4, 5), (6, 7), (8, 9), (10, 11)]], 'n': 12}
........................................................................................................................................................................................................................................................................................................... 
==========================================================================================
Finished basinhopping of  /home/jorisk2/HVQE/data/kagome/periodic/own_graph/ops/energy/2x2 at 2020-12-25 02:05:02.216981 UTC, with
 
{'path': '/home/jorisk2/HVQE/data/kagome/periodic/own_graph/ops/energy/2x2', 'n_par': 48, 'par_multiplicity': 2, 'n_iter': 0, 'cost_fn': 'energy', 'temperature': 1.0, 'stepsize': 1.0, 'init_par': None, 'dump_interval': None}
init_par = [0.00028834366617562425, -0.0001602148922194813, -0.0002017034521867033, 0.0003234805587307223, -0.0003621859693588697, -0.00023363989003959384, 0.00025103768666548203, 0.00021112622510728368, -0.0001925327314302081, 0.0003744774814792815, 0.00019925908989564813, 0.00047446851236132993, 2.6109694129648146e-05, -0.00020712991974527085, 0.00036097824002292653, 0.00018236906741807756, 0.0003273108668251216, -0.0003399808670596627, -0.0004672740436969324, -5.583285135582353e-05, 0.00011696937792715113, 9.116279345194975e-05, -0.00032783877751242684, 8.319286716325976e-05, -0.0004352008784914806, -0.0002654883796912173, -0.0001044093553288845, 5.835658007846982e-05, -0.00034146105853190213, -0.00029075009016373145, 8.923861606425978e-05, 0.000168039152437753, -0.00032016957187814676, -8.1357395329564e-06, -0.0004145614985936991, -0.00025479836052328645, 0.00023313209315580018, -0.0004122582243247648, -0.0004725456740698131, 6.773100834409822e-05, 0.0003209768962202284, -0.00028823852441737044, -0.0004078645262791537, 0.0002701104792494223, -0.0004992018747426309, -2.821133860422023e-05, -0.00019081253889998063, 0.00029092802415372197]
 
RESULTS:
--------
E_VQE = -5.358285619966019
inf_VQE = 0.439090879220978
n_fn_calls = 299
Wall-clock time 1.9223946304453745 hours
 
For more output, see /home/jorisk2/HVQE/data/kagome/periodic/own_graph/ops/energy/2x2/output.txt
Plots of output saved in /home/jorisk2/HVQE/data/kagome/periodic/own_graph/ops/energy/2x2
End of HVQE.py
==========================================================================================
No CuPy installation found, continuing without GPU acceleration.
having the CPUs {16, 17, 20, 21} available.
Started basinhopping at 2020-12-25 02:11:45.603278 UTC, with
command line arguments = {'path': '/home/jorisk2/HVQE/data/kagome/periodic/own_graph/ops/energy/2x2', 'n_par': 60, 'par_multiplicity': 2, 'n_iter': 0, 'cost_fn': 'energy', 'temperature': 1.0, 'stepsize': 1.0, 'init_par': None, 'dump_interval': None}
runtime variables =  {'GPU': False, 'date_start': '2020-12-25 02:11:45.603278', 'complete_graph': [(0, 4), (2, 6), (8, 7), (10, 5), (11, 1), (9, 3), (1, 4), (3, 6), (5, 8), (7, 10), (9, 0), (11, 2), (1, 2), (3, 0), (6, 8), (4, 10), (5, 9), (7, 11), (0, 1), (2, 3), (4, 5), (6, 7), (8, 9), (10, 11)], 'init_layer': [(0, 1), (2, 3), (4, 5), (6, 7), (8, 9), (10, 11)], 'layers': [[(0, 4), (2, 6), (8, 7), (10, 5), (11, 1), (9, 3)], [(1, 4), (3, 6), (5, 8), (7, 10), (9, 0), (11, 2)], [(1, 2), (3, 0), (6, 8), (4, 10), (5, 9), (7, 11)], [(0, 1), (2, 3), (4, 5), (6, 7), (8, 9), (10, 11)]], 'n': 12}
.................................................................................................................................................................................................................................................................................................................................................................................................................................. 
==========================================================================================
Finished basinhopping of  /home/jorisk2/HVQE/data/kagome/periodic/own_graph/ops/energy/2x2 at 2020-12-25 06:04:58.050471 UTC, with
 
{'path': '/home/jorisk2/HVQE/data/kagome/periodic/own_graph/ops/energy/2x2', 'n_par': 60, 'par_multiplicity': 2, 'n_iter': 0, 'cost_fn': 'energy', 'temperature': 1.0, 'stepsize': 1.0, 'init_par': None, 'dump_interval': None}
init_par = [3.093384987351664e-05, 0.00011570641141802132, -0.00041637165569498357, -0.00016459541679605429, 4.535090621351882e-05, -0.0004942828243758957, -0.00031220685372681514, 0.000475144984426133, -6.087287892024616e-05, 0.00025829021420664645, 0.0004834115013729384, 0.00011181556524062126, -0.0002082861523690087, -0.0003881825020062446, 0.00021438230957666372, -0.00035533397710230574, 0.00038230135052911185, 0.00031023280304057655, -3.87779733090695e-05, 0.0001529396597652106, -7.666988327980842e-05, 0.0001537569580428585, -0.00020625784589349918, -0.0002103823376219951, -0.00018694973993736323, 0.00022501672826043988, 0.0004557644391380896, 0.00026480748733626297, 0.00035665144681205744, -0.000497977510844998, 0.00013881413335875797, 0.00014543101965565559, 0.0003336032546881237, 0.00031882130364653603, 0.00046599341569609934, -0.0003135251622699493, 0.00024645322087483653, -0.00023265287175231754, 0.0003198708164429588, -0.00013484158968390958, 0.0002759358178998194, 0.00047036791536935233, -0.0002304111081126431, -0.00028174185325836344, 0.0004622656730156161, -0.00034882457275850454, 4.651562689162098e-05, 0.0003082413470378181, 0.0004451257817330046, 6.792131642998874e-05, 0.0004975457513793837, -0.00034218120413842014, 0.0004326697142531074, -7.043410210936206e-05, -2.7273485481746676e-05, 0.0001566884892297497, -0.00044209281013250735, -6.465743446669637e-05, -0.0002794130737694226, -6.005906516215519e-05]
 
RESULTS:
--------
E_VQE = -5.380484156794084
inf_VQE = 0.36651036598567877
n_fn_calls = 418
Wall-clock time 3.8615149467521244 hours
 
For more output, see /home/jorisk2/HVQE/data/kagome/periodic/own_graph/ops/energy/2x2/output.txt
Plots of output saved in /home/jorisk2/HVQE/data/kagome/periodic/own_graph/ops/energy/2x2
End of HVQE.py
==========================================================================================
No CuPy installation found, continuing without GPU acceleration.
having the CPUs {16, 17, 20, 21} available.
Started basinhopping at 2020-12-25 06:14:43.446536 UTC, with
command line arguments = {'path': '/home/jorisk2/HVQE/data/kagome/periodic/own_graph/ops/energy/2x2', 'n_par': 72, 'par_multiplicity': 2, 'n_iter': 0, 'cost_fn': 'energy', 'temperature': 1.0, 'stepsize': 1.0, 'init_par': None, 'dump_interval': None}
runtime variables =  {'GPU': False, 'date_start': '2020-12-25 06:14:43.446536', 'complete_graph': [(0, 4), (2, 6), (8, 7), (10, 5), (11, 1), (9, 3), (1, 4), (3, 6), (5, 8), (7, 10), (9, 0), (11, 2), (1, 2), (3, 0), (6, 8), (4, 10), (5, 9), (7, 11), (0, 1), (2, 3), (4, 5), (6, 7), (8, 9), (10, 11)], 'init_layer': [(0, 1), (2, 3), (4, 5), (6, 7), (8, 9), (10, 11)], 'layers': [[(0, 4), (2, 6), (8, 7), (10, 5), (11, 1), (9, 3)], [(1, 4), (3, 6), (5, 8), (7, 10), (9, 0), (11, 2)], [(1, 2), (3, 0), (6, 8), (4, 10), (5, 9), (7, 11)], [(0, 1), (2, 3), (4, 5), (6, 7), (8, 9), (10, 11)]], 'n': 12}
................................................................................................................................................................................................................................................................................................................................................................................................................................................................................................................................................................................................................................................................................................................................................................................. 
==========================================================================================
Finished basinhopping of  /home/jorisk2/HVQE/data/kagome/periodic/own_graph/ops/energy/2x2 at 2020-12-25 14:51:18.691961 UTC, with
 
{'path': '/home/jorisk2/HVQE/data/kagome/periodic/own_graph/ops/energy/2x2', 'n_par': 72, 'par_multiplicity': 2, 'n_iter': 0, 'cost_fn': 'energy', 'temperature': 1.0, 'stepsize': 1.0, 'init_par': None, 'dump_interval': None}
init_par = [-0.0003425228231934167, 4.984049807450362e-05, 8.219397716797061e-05, -0.00025976607800981164, 8.413589981022215e-05, 0.000407745370555547, -0.0004198574099897431, 0.00014003449896727422, -0.00030157570635020185, 9.419941114555195e-06, 9.265836656393743e-06, -5.607479666118421e-05, -0.00031142081188375426, -4.63648472860353e-06, -0.0003566388379993979, 0.00031161411500895244, 9.110156004921762e-06, 0.00046265490323258037, -5.844360634421511e-05, -0.00038790828609878373, -0.00029996652751498876, -0.00019339517446119035, -0.00020097648262870085, 0.00045466887363547904, 5.9889437630979126e-05, -0.00043866628857661984, -0.00021412649509314544, 0.00023571934845034585, 0.00043136234160580725, -0.0003950120484370753, 9.990103866350914e-05, -1.5008364766187039e-05, 0.0004962217969010363, 0.0001778991711182162, 0.00019333798192791248, -7.190705982266133e-05, -0.000405637173190732, 0.000434453957752081, -8.946582730913011e-05, -0.00039752019574913435, 0.00018552105216938536, 0.000127053957281216, 9.987439702845006e-05, -0.00036545419034189717, 5.21417604241914e-05, 0.0001396543105761359, 4.052556785971522e-05, 4.374082881368729e-05, -0.00016231527225124965, 0.00027475362363590353, -0.00040809943951480734, 0.00024783850116031866, -8.983219036746363e-05, -0.00024740520167115863, 0.00029430431512213597, 0.0004478491774128324, -0.00018150588251974933, 0.00033799249341066135, 0.00048494495032452606, -0.00023233741812586384, -0.0004902639854919774, 0.0002614686600832414, 0.0003859477504143063, -0.0004988640643894404, -0.0001053925011710799, 0.000343933143751698, -7.321288739424247e-05, -0.00044803403289459854, -0.00018962482206041854, 0.00028810871436856704, 0.00047050680841671073, -0.00028100924642065616]
 
RESULTS:
--------
E_VQE = -5.384230384517831
inf_VQE = 0.3335822747710899
n_fn_calls = 753
Wall-clock time 8.553945364157359 hours
 
For more output, see /home/jorisk2/HVQE/data/kagome/periodic/own_graph/ops/energy/2x2/output.txt
Plots of output saved in /home/jorisk2/HVQE/data/kagome/periodic/own_graph/ops/energy/2x2
End of HVQE.py
==========================================================================================
No CuPy installation found, continuing without GPU acceleration.
having the CPUs {16, 17, 20, 21} available.
Started basinhopping at 2020-12-25 14:58:22.367344 UTC, with
command line arguments = {'path': '/home/jorisk2/HVQE/data/kagome/periodic/own_graph/ops/energy/2x2', 'n_par': 84, 'par_multiplicity': 2, 'n_iter': 0, 'cost_fn': 'energy', 'temperature': 1.0, 'stepsize': 1.0, 'init_par': None, 'dump_interval': None}
runtime variables =  {'GPU': False, 'date_start': '2020-12-25 14:58:22.367344', 'complete_graph': [(0, 4), (2, 6), (8, 7), (10, 5), (11, 1), (9, 3), (1, 4), (3, 6), (5, 8), (7, 10), (9, 0), (11, 2), (1, 2), (3, 0), (6, 8), (4, 10), (5, 9), (7, 11), (0, 1), (2, 3), (4, 5), (6, 7), (8, 9), (10, 11)], 'init_layer': [(0, 1), (2, 3), (4, 5), (6, 7), (8, 9), (10, 11)], 'layers': [[(0, 4), (2, 6), (8, 7), (10, 5), (11, 1), (9, 3)], [(1, 4), (3, 6), (5, 8), (7, 10), (9, 0), (11, 2)], [(1, 2), (3, 0), (6, 8), (4, 10), (5, 9), (7, 11)], [(0, 1), (2, 3), (4, 5), (6, 7), (8, 9), (10, 11)]], 'n': 12}
...................................................................................................................................................................................................................................................................................................................................................................................................................................................................................................................................................................................................................slurmstepd: error: *** JOB 7176077 ON r38n3 CANCELLED AT 2020-12-25T23:49:40 DUE TO TIME LIMIT ***
