No CuPy installation found, continuing without GPU acceleration.
having the CPUs {34, 35, 38, 39} available.
Started basinhopping at 2020-12-24 22:49:55.634467 UTC, with
command line arguments = {'path': '/home/jorisk2/HVQE/data/kagome/periodic/own_graph/ops/energy/2x2', 'n_par': 24, 'par_multiplicity': 2, 'n_iter': 0, 'cost_fn': 'energy', 'temperature': 1.0, 'stepsize': 1.0, 'init_par': None, 'dump_interval': None}
runtime variables =  {'GPU': False, 'date_start': '2020-12-24 22:49:55.634467', 'complete_graph': [(0, 4), (2, 6), (8, 7), (10, 5), (11, 1), (9, 3), (1, 4), (3, 6), (5, 8), (7, 10), (9, 0), (11, 2), (1, 2), (3, 0), (6, 8), (4, 10), (5, 9), (7, 11), (0, 1), (2, 3), (4, 5), (6, 7), (8, 9), (10, 11)], 'init_layer': [(0, 1), (2, 3), (4, 5), (6, 7), (8, 9), (10, 11)], 'layers': [[(0, 4), (2, 6), (8, 7), (10, 5), (11, 1), (9, 3)], [(1, 4), (3, 6), (5, 8), (7, 10), (9, 0), (11, 2)], [(1, 2), (3, 0), (6, 8), (4, 10), (5, 9), (7, 11)], [(0, 1), (2, 3), (4, 5), (6, 7), (8, 9), (10, 11)]], 'n': 12}
..................................................................................................... 
==========================================================================================
Finished basinhopping of  /home/jorisk2/HVQE/data/kagome/periodic/own_graph/ops/energy/2x2 at 2020-12-24 23:08:14.100006 UTC, with
 
{'path': '/home/jorisk2/HVQE/data/kagome/periodic/own_graph/ops/energy/2x2', 'n_par': 24, 'par_multiplicity': 2, 'n_iter': 0, 'cost_fn': 'energy', 'temperature': 1.0, 'stepsize': 1.0, 'init_par': None, 'dump_interval': None}
init_par = [-4.7008715378705026e-05, 0.0003350814554666042, -0.0002889954428215907, 0.00033943612442308006, -0.00024073259762351942, 0.0004986450782146553, -0.0002900976183022678, -6.974218566493115e-06, -0.000344839859226208, -0.0004083705503181598, -0.0002253538690272111, 3.947523769638587e-05, 0.0001319086385791244, -0.0003562348381297167, -0.00040173284779292074, -0.00024243443796966924, -0.00042062700677696096, 0.00023487393338194132, -0.0001595081563989057, 6.827374423417135e-05, -7.235403157619024e-05, 0.0003444298917370662, -0.0004987285354601677, 0.00010688892762808965]
 
RESULTS:
--------
E_VQE = -5.2735167707560535
inf_VQE = 0.5529374935277105
n_fn_calls = 101
Wall-clock time 0.2685623024569617 hours
 
For more output, see /home/jorisk2/HVQE/data/kagome/periodic/own_graph/ops/energy/2x2/output.txt
Plots of output saved in /home/jorisk2/HVQE/data/kagome/periodic/own_graph/ops/energy/2x2
End of HVQE.py
==========================================================================================
No CuPy installation found, continuing without GPU acceleration.
having the CPUs {34, 35, 38, 39} available.
Started basinhopping at 2020-12-24 23:13:22.681255 UTC, with
command line arguments = {'path': '/home/jorisk2/HVQE/data/kagome/periodic/own_graph/ops/energy/2x2', 'n_par': 36, 'par_multiplicity': 2, 'n_iter': 0, 'cost_fn': 'energy', 'temperature': 1.0, 'stepsize': 1.0, 'init_par': None, 'dump_interval': None}
runtime variables =  {'GPU': False, 'date_start': '2020-12-24 23:13:22.681255', 'complete_graph': [(0, 4), (2, 6), (8, 7), (10, 5), (11, 1), (9, 3), (1, 4), (3, 6), (5, 8), (7, 10), (9, 0), (11, 2), (1, 2), (3, 0), (6, 8), (4, 10), (5, 9), (7, 11), (0, 1), (2, 3), (4, 5), (6, 7), (8, 9), (10, 11)], 'init_layer': [(0, 1), (2, 3), (4, 5), (6, 7), (8, 9), (10, 11)], 'layers': [[(0, 4), (2, 6), (8, 7), (10, 5), (11, 1), (9, 3)], [(1, 4), (3, 6), (5, 8), (7, 10), (9, 0), (11, 2)], [(1, 2), (3, 0), (6, 8), (4, 10), (5, 9), (7, 11)], [(0, 1), (2, 3), (4, 5), (6, 7), (8, 9), (10, 11)]], 'n': 12}
.............................................................................................................................................................................. 
==========================================================================================
Finished basinhopping of  /home/jorisk2/HVQE/data/kagome/periodic/own_graph/ops/energy/2x2 at 2020-12-25 00:01:46.678380 UTC, with
 
{'path': '/home/jorisk2/HVQE/data/kagome/periodic/own_graph/ops/energy/2x2', 'n_par': 36, 'par_multiplicity': 2, 'n_iter': 0, 'cost_fn': 'energy', 'temperature': 1.0, 'stepsize': 1.0, 'init_par': None, 'dump_interval': None}
init_par = [0.00040011495568019473, 0.0004506111024925743, 9.441401507427518e-05, -0.00022902075619539132, 0.0001192947878664517, 0.0002844940596868704, 0.00010065712166450907, -5.690299474281791e-05, 0.00012545601753372732, 0.00024871151486729397, -0.0004793633400125543, -1.1017456465723828e-05, 8.248535756195203e-05, 0.0002915601628608848, -0.00013659837385728615, -0.0002679768351566385, -0.0004808244478144027, 0.00021838001220010313, 0.0004493128602868707, -0.00036482438528234805, 4.6190306034468915e-05, -0.0004581982701584587, -0.00018724932631709158, -4.130030574178299e-05, 0.00011743877601170919, -3.775188715714829e-05, -0.00022074365835489021, 0.00030735886847176215, -5.800523237678445e-05, 0.00037842738525677123, 5.733928294165578e-05, 5.7460191603795827e-05, 0.00034851622263602625, -4.364669669967771e-05, -0.00016636368442523377, 0.0003969906312814134]
 
RESULTS:
--------
E_VQE = -5.3495707768193554
inf_VQE = 0.483975407563513
n_fn_calls = 174
Wall-clock time 0.7833220955398347 hours
 
For more output, see /home/jorisk2/HVQE/data/kagome/periodic/own_graph/ops/energy/2x2/output.txt
Plots of output saved in /home/jorisk2/HVQE/data/kagome/periodic/own_graph/ops/energy/2x2
End of HVQE.py
==========================================================================================
No CuPy installation found, continuing without GPU acceleration.
having the CPUs {34, 35, 38, 39} available.
Started basinhopping at 2020-12-25 00:08:01.777630 UTC, with
command line arguments = {'path': '/home/jorisk2/HVQE/data/kagome/periodic/own_graph/ops/energy/2x2', 'n_par': 48, 'par_multiplicity': 2, 'n_iter': 0, 'cost_fn': 'energy', 'temperature': 1.0, 'stepsize': 1.0, 'init_par': None, 'dump_interval': None}
runtime variables =  {'GPU': False, 'date_start': '2020-12-25 00:08:01.777630', 'complete_graph': [(0, 4), (2, 6), (8, 7), (10, 5), (11, 1), (9, 3), (1, 4), (3, 6), (5, 8), (7, 10), (9, 0), (11, 2), (1, 2), (3, 0), (6, 8), (4, 10), (5, 9), (7, 11), (0, 1), (2, 3), (4, 5), (6, 7), (8, 9), (10, 11)], 'init_layer': [(0, 1), (2, 3), (4, 5), (6, 7), (8, 9), (10, 11)], 'layers': [[(0, 4), (2, 6), (8, 7), (10, 5), (11, 1), (9, 3)], [(1, 4), (3, 6), (5, 8), (7, 10), (9, 0), (11, 2)], [(1, 2), (3, 0), (6, 8), (4, 10), (5, 9), (7, 11)], [(0, 1), (2, 3), (4, 5), (6, 7), (8, 9), (10, 11)]], 'n': 12}
.................................................................................................................................................................................................................................................................................................................................................................................................................. 
==========================================================================================
Finished basinhopping of  /home/jorisk2/HVQE/data/kagome/periodic/own_graph/ops/energy/2x2 at 2020-12-25 02:34:35.936686 UTC, with
 
{'path': '/home/jorisk2/HVQE/data/kagome/periodic/own_graph/ops/energy/2x2', 'n_par': 48, 'par_multiplicity': 2, 'n_iter': 0, 'cost_fn': 'energy', 'temperature': 1.0, 'stepsize': 1.0, 'init_par': None, 'dump_interval': None}
init_par = [0.00026989560588072767, 0.0002189882252886878, 0.0003429025558121982, -0.00011242697027613504, 0.00034756685602178416, -0.0004915721975380637, 0.00029076967107422697, 0.0002515978094260544, 0.00012513936436011144, 0.0002510649267909031, 0.0004769334487672377, 0.0004357190536127799, 0.0002570667854193176, 0.00015646609288371544, -0.00015324349146827868, -0.00046241084570837335, 0.0004822486861732762, 0.00022307346632021536, 2.5201391662524005e-05, -0.0001533548073613733, 0.0001901902033034019, -0.00040570292699131604, -0.00040124218172114936, 0.0002505689578992253, 0.0002570625007044514, 8.473665038328778e-05, -9.142961271384778e-05, 6.060962644390596e-05, 0.0001426976884771323, 6.522576009318666e-05, -0.0001471278886268502, -0.0002501349035782841, -0.00016568133029585066, 0.00010178483328951112, -0.00028601563368099074, -0.0003089322759885792, -7.711466792966772e-05, -1.687848877632124e-05, 0.00025713517500886495, 3.511627248266812e-05, -0.0004523792731826728, -0.00037047229748763636, -0.00031605808945405693, -0.00035759169250362756, 0.00016794860691392516, 0.00010398777660245871, 3.820178354945586e-06, 0.00011282128951054047]
 
RESULTS:
--------
E_VQE = -5.348584523465496
inf_VQE = 0.46944054057599915
n_fn_calls = 402
Wall-clock time 2.4242621352275213 hours
 
For more output, see /home/jorisk2/HVQE/data/kagome/periodic/own_graph/ops/energy/2x2/output.txt
Plots of output saved in /home/jorisk2/HVQE/data/kagome/periodic/own_graph/ops/energy/2x2
End of HVQE.py
==========================================================================================
No CuPy installation found, continuing without GPU acceleration.
having the CPUs {34, 35, 38, 39} available.
Started basinhopping at 2020-12-25 02:40:42.388428 UTC, with
command line arguments = {'path': '/home/jorisk2/HVQE/data/kagome/periodic/own_graph/ops/energy/2x2', 'n_par': 60, 'par_multiplicity': 2, 'n_iter': 0, 'cost_fn': 'energy', 'temperature': 1.0, 'stepsize': 1.0, 'init_par': None, 'dump_interval': None}
runtime variables =  {'GPU': False, 'date_start': '2020-12-25 02:40:42.388428', 'complete_graph': [(0, 4), (2, 6), (8, 7), (10, 5), (11, 1), (9, 3), (1, 4), (3, 6), (5, 8), (7, 10), (9, 0), (11, 2), (1, 2), (3, 0), (6, 8), (4, 10), (5, 9), (7, 11), (0, 1), (2, 3), (4, 5), (6, 7), (8, 9), (10, 11)], 'init_layer': [(0, 1), (2, 3), (4, 5), (6, 7), (8, 9), (10, 11)], 'layers': [[(0, 4), (2, 6), (8, 7), (10, 5), (11, 1), (9, 3)], [(1, 4), (3, 6), (5, 8), (7, 10), (9, 0), (11, 2)], [(1, 2), (3, 0), (6, 8), (4, 10), (5, 9), (7, 11)], [(0, 1), (2, 3), (4, 5), (6, 7), (8, 9), (10, 11)]], 'n': 12}
........................................................................................................................................................................................................................................................................................................................................... 
==========================================================================================
Finished basinhopping of  /home/jorisk2/HVQE/data/kagome/periodic/own_graph/ops/energy/2x2 at 2020-12-25 05:24:27.978864 UTC, with
 
{'path': '/home/jorisk2/HVQE/data/kagome/periodic/own_graph/ops/energy/2x2', 'n_par': 60, 'par_multiplicity': 2, 'n_iter': 0, 'cost_fn': 'energy', 'temperature': 1.0, 'stepsize': 1.0, 'init_par': None, 'dump_interval': None}
init_par = [-6.922941140183314e-05, 8.56211884986361e-05, 0.0003953959224588299, 0.0001979389223702333, -0.0002472594101764012, -0.00024581995364383527, -0.0003990086670606854, -0.00014083721492497993, -0.00035206461506928155, 0.0003832164027025446, -0.00047838226124809235, 0.0004165456529663029, 7.418512885251042e-05, -0.00012556778468970632, -0.00023661441425416207, 0.00025826276125341836, -9.629649549030796e-05, -0.00032111524405922066, 3.593275192191386e-05, 0.00025588255786703374, 0.00041839404498772545, 0.00047384829719675236, 3.6063568031282516e-05, 0.00026037396841471576, 6.962724111109631e-05, 2.726995748639552e-05, -1.566745627678656e-05, 0.0003369918717376616, 0.00022654930656847312, 0.0002959574168776829, 0.00019145201243921572, 7.431295951503165e-05, 3.6867411202625225e-05, 0.0002604332622679009, -9.486788378272116e-05, -0.00035404371112990275, -8.309199652014834e-05, 0.0003967189016556562, 0.0004029731746015247, -0.000392145235964695, 0.00015749043359616552, -4.2432367938127465e-05, 0.0003742040444906329, -0.00012807265667216252, 0.00048072703768994906, -0.00037914471816504814, 0.00019852245729686533, -0.0004028982405540274, 0.00024482820943416705, 0.00038533069966463257, 0.00019915714518289006, 0.00011859676379987632, 4.799662234090062e-05, 0.00020085370176374767, 0.00031479026434023624, 0.0004581030200197326, -0.00040422045125706866, -0.0004138832743087856, -5.138016157722904e-05, -0.00016171898528469686]
 
RESULTS:
--------
E_VQE = -5.382115785660826
inf_VQE = 0.33370085017135964
n_fn_calls = 331
Wall-clock time 2.7123604166507724 hours
 
For more output, see /home/jorisk2/HVQE/data/kagome/periodic/own_graph/ops/energy/2x2/output.txt
Plots of output saved in /home/jorisk2/HVQE/data/kagome/periodic/own_graph/ops/energy/2x2
End of HVQE.py
==========================================================================================
No CuPy installation found, continuing without GPU acceleration.
having the CPUs {34, 35, 38, 39} available.
Started basinhopping at 2020-12-25 05:33:22.614914 UTC, with
command line arguments = {'path': '/home/jorisk2/HVQE/data/kagome/periodic/own_graph/ops/energy/2x2', 'n_par': 72, 'par_multiplicity': 2, 'n_iter': 0, 'cost_fn': 'energy', 'temperature': 1.0, 'stepsize': 1.0, 'init_par': None, 'dump_interval': None}
runtime variables =  {'GPU': False, 'date_start': '2020-12-25 05:33:22.614914', 'complete_graph': [(0, 4), (2, 6), (8, 7), (10, 5), (11, 1), (9, 3), (1, 4), (3, 6), (5, 8), (7, 10), (9, 0), (11, 2), (1, 2), (3, 0), (6, 8), (4, 10), (5, 9), (7, 11), (0, 1), (2, 3), (4, 5), (6, 7), (8, 9), (10, 11)], 'init_layer': [(0, 1), (2, 3), (4, 5), (6, 7), (8, 9), (10, 11)], 'layers': [[(0, 4), (2, 6), (8, 7), (10, 5), (11, 1), (9, 3)], [(1, 4), (3, 6), (5, 8), (7, 10), (9, 0), (11, 2)], [(1, 2), (3, 0), (6, 8), (4, 10), (5, 9), (7, 11)], [(0, 1), (2, 3), (4, 5), (6, 7), (8, 9), (10, 11)]], 'n': 12}
.......................................................................................................................................................................................................................................................................................................................................................................................................................................................................................................................................................................................................................... 
==========================================================================================
Finished basinhopping of  /home/jorisk2/HVQE/data/kagome/periodic/own_graph/ops/energy/2x2 at 2020-12-25 12:06:32.942379 UTC, with
 
{'path': '/home/jorisk2/HVQE/data/kagome/periodic/own_graph/ops/energy/2x2', 'n_par': 72, 'par_multiplicity': 2, 'n_iter': 0, 'cost_fn': 'energy', 'temperature': 1.0, 'stepsize': 1.0, 'init_par': None, 'dump_interval': None}
init_par = [-0.0003236882618223659, -0.0003032456658751188, 0.0001579893282659127, 0.0004840574688650065, 0.00039427202876859524, -9.979056139131992e-06, -9.398146012662282e-05, -0.00023466842741260774, 0.000460688657972521, -0.00022444616720445232, -0.00017488244795706013, 0.00043587801711825257, -0.0002700411371468072, 0.00013184536522037945, -9.254521844546905e-05, -1.0143651612002638e-05, -1.7363698143743177e-05, 0.0002775700408177975, 0.00026464609591224657, -7.63290219554085e-05, 0.000301169269980714, 4.676637644485538e-05, -0.00011871661652959354, 0.00018823298265983055, -0.000206297388882181, 0.0004917913272048425, 0.00038746127705730534, 0.0004211369227646081, 0.00038064716931101986, -0.00010543035320928165, -0.000208650263819101, -0.00014503895067690265, 7.338722823707936e-05, -6.925109620666784e-06, -0.0002497950107189628, -0.00015706425575788828, 0.00028198237635624495, 0.0002663314328451486, 0.0004676562614794928, 0.00026672385762701624, -0.0004718408137867802, 3.998833875458712e-05, 0.00045246012533965696, 8.344839358619572e-05, 2.856104478004282e-05, -7.037178973839188e-05, 0.00014101358152076237, 0.0001703913675382574, -0.0003408546621770576, -0.00022224359935386684, 0.00029690655895518356, 0.00039412553289941595, 0.0001281702810528941, -0.00015152247329040623, 0.00047016834882256044, -0.00030177785848552885, -0.00020367393505913713, -0.0003442320149129525, 0.00021508732257343355, -0.00022021349005344582, 9.170572231281511e-05, -0.000419504170590256, -0.00048749240770268543, 0.0004866299552987339, -6.72488501053572e-05, -0.00030026817400021313, -0.00032038195061130317, 0.0003920488021437301, 0.0003842613953277314, -5.895421099690176e-06, -9.98066355995293e-05, 0.0002091784538219123]
 
RESULTS:
--------
E_VQE = -5.385113694110734
inf_VQE = 0.33288602899138797
n_fn_calls = 602
Wall-clock time 6.5349447802040315 hours
 
For more output, see /home/jorisk2/HVQE/data/kagome/periodic/own_graph/ops/energy/2x2/output.txt
Plots of output saved in /home/jorisk2/HVQE/data/kagome/periodic/own_graph/ops/energy/2x2
End of HVQE.py
==========================================================================================
No CuPy installation found, continuing without GPU acceleration.
having the CPUs {34, 35, 38, 39} available.
Started basinhopping at 2020-12-25 12:16:00.604659 UTC, with
command line arguments = {'path': '/home/jorisk2/HVQE/data/kagome/periodic/own_graph/ops/energy/2x2', 'n_par': 84, 'par_multiplicity': 2, 'n_iter': 0, 'cost_fn': 'energy', 'temperature': 1.0, 'stepsize': 1.0, 'init_par': None, 'dump_interval': None}
runtime variables =  {'GPU': False, 'date_start': '2020-12-25 12:16:00.604659', 'complete_graph': [(0, 4), (2, 6), (8, 7), (10, 5), (11, 1), (9, 3), (1, 4), (3, 6), (5, 8), (7, 10), (9, 0), (11, 2), (1, 2), (3, 0), (6, 8), (4, 10), (5, 9), (7, 11), (0, 1), (2, 3), (4, 5), (6, 7), (8, 9), (10, 11)], 'init_layer': [(0, 1), (2, 3), (4, 5), (6, 7), (8, 9), (10, 11)], 'layers': [[(0, 4), (2, 6), (8, 7), (10, 5), (11, 1), (9, 3)], [(1, 4), (3, 6), (5, 8), (7, 10), (9, 0), (11, 2)], [(1, 2), (3, 0), (6, 8), (4, 10), (5, 9), (7, 11)], [(0, 1), (2, 3), (4, 5), (6, 7), (8, 9), (10, 11)]], 'n': 12}
.................................................................................................................................................................................................................................................................................................................................................................................... 
==========================================================================================
Finished basinhopping of  /home/jorisk2/HVQE/data/kagome/periodic/own_graph/ops/energy/2x2 at 2020-12-25 16:40:54.050840 UTC, with
 
{'path': '/home/jorisk2/HVQE/data/kagome/periodic/own_graph/ops/energy/2x2', 'n_par': 84, 'par_multiplicity': 2, 'n_iter': 0, 'cost_fn': 'energy', 'temperature': 1.0, 'stepsize': 1.0, 'init_par': None, 'dump_interval': None}
init_par = [-0.00020802457627707517, -0.000163703349272036, -0.00039274684990377477, -0.00010455112616331123, -9.95779542662796e-05, -0.00022919927438949883, 8.318533735613158e-05, -0.00021088914629208345, -0.00016547190285930358, 0.00046068889554630606, 4.244485446101083e-05, 0.00011309648508415354, 0.00010552540472204795, -0.00017122960282672464, 0.0004901991835784564, -5.967503236762895e-05, 0.0001678912003471155, -0.00017286337998091386, -0.0004159003929393081, 0.00011634196358274642, 0.00037651504440170856, 0.00015909503739686007, -0.0004554011104406441, 0.00041982639228942034, 0.00026483714307405995, -0.00039497247945896184, 0.00011657622277458206, -0.00024739584240060297, 0.00014910959414084777, 0.00021270229350227484, 0.00025271242751314, 0.00042219488512385786, -0.00015872381724346652, -0.000138279343318354, -0.00027836611246997176, 7.137960090568404e-05, -0.00019139563801197633, -0.0004924944346457335, 0.0002938476060437721, -0.00036507236199993874, 0.0004190692413660774, 9.73839025073496e-05, -0.00044399045147450335, 0.00020044430059403906, 0.00016802618425216522, -9.57792250205315e-05, 0.0004239938149949656, -0.00013725990608139528, 0.0002998652763913705, 0.0002402862134986113, -0.0003818717272758948, 0.00044143270218554155, -8.52832205346452e-05, 0.00036008368256635703, 8.461353416956631e-05, 0.0001485692601562559, 0.00042809188271472403, -0.0003348568289335583, 0.00032237144616591195, -0.00010052652319519917, 0.00031024093358491113, 0.000461560829989108, -0.000492697220090089, -0.00017896501328499084, 0.0002456440926756926, 0.00029882472630142476, -8.379150939885106e-05, -4.708948064263994e-05, 0.0004334134094766699, -0.0002771959191437685, 0.00043141413143375535, 7.97764689534383e-05, -0.0003924673759487023, 0.0004661754791304687, 0.00040051730768993253, -0.0003861168438219316, 0.0002795109779021465, -0.0003326021216716194, -0.00035803320364098787, -0.0003916098411048915, -0.00015256152231675794, -0.0003603642622041595, -0.00022230614372948553, -7.6843410271777e-05]
 
RESULTS:
--------
E_VQE = -5.389049890080044
inf_VQE = 0.3079367380021163
n_fn_calls = 372
Wall-clock time 4.395535814960797 hours
 
For more output, see /home/jorisk2/HVQE/data/kagome/periodic/own_graph/ops/energy/2x2/output.txt
Plots of output saved in /home/jorisk2/HVQE/data/kagome/periodic/own_graph/ops/energy/2x2
End of HVQE.py
==========================================================================================
No CuPy installation found, continuing without GPU acceleration.
having the CPUs {34, 35, 38, 39} available.
Started basinhopping at 2020-12-25 16:49:59.002370 UTC, with
command line arguments = {'path': '/home/jorisk2/HVQE/data/kagome/periodic/own_graph/ops/energy/2x2', 'n_par': 96, 'par_multiplicity': 2, 'n_iter': 0, 'cost_fn': 'energy', 'temperature': 1.0, 'stepsize': 1.0, 'init_par': None, 'dump_interval': None}
runtime variables =  {'GPU': False, 'date_start': '2020-12-25 16:49:59.002370', 'complete_graph': [(0, 4), (2, 6), (8, 7), (10, 5), (11, 1), (9, 3), (1, 4), (3, 6), (5, 8), (7, 10), (9, 0), (11, 2), (1, 2), (3, 0), (6, 8), (4, 10), (5, 9), (7, 11), (0, 1), (2, 3), (4, 5), (6, 7), (8, 9), (10, 11)], 'init_layer': [(0, 1), (2, 3), (4, 5), (6, 7), (8, 9), (10, 11)], 'layers': [[(0, 4), (2, 6), (8, 7), (10, 5), (11, 1), (9, 3)], [(1, 4), (3, 6), (5, 8), (7, 10), (9, 0), (11, 2)], [(1, 2), (3, 0), (6, 8), (4, 10), (5, 9), (7, 11)], [(0, 1), (2, 3), (4, 5), (6, 7), (8, 9), (10, 11)]], 'n': 12}
........................................................................................................................................................................................................................................................................................................................................................slurmstepd: error: *** JOB 7176074 ON r38n2 CANCELLED AT 2020-12-25T23:49:40 DUE TO TIME LIMIT ***
