No CuPy installation found, continuing without GPU acceleration.
having the CPUs {10, 11, 14, 15} available.
Started basinhopping at 2020-12-24 22:49:30.999511 UTC, with
command line arguments = {'path': '/home/jorisk2/HVQE/data/kagome/periodic/own_graph/ops/energy/2x2', 'n_par': 24, 'par_multiplicity': 2, 'n_iter': 0, 'cost_fn': 'energy', 'temperature': 1.0, 'stepsize': 1.0, 'init_par': None, 'dump_interval': None}
runtime variables =  {'GPU': False, 'date_start': '2020-12-24 22:49:30.999511', 'complete_graph': [(0, 4), (2, 6), (8, 7), (10, 5), (11, 1), (9, 3), (1, 4), (3, 6), (5, 8), (7, 10), (9, 0), (11, 2), (1, 2), (3, 0), (6, 8), (4, 10), (5, 9), (7, 11), (0, 1), (2, 3), (4, 5), (6, 7), (8, 9), (10, 11)], 'init_layer': [(0, 1), (2, 3), (4, 5), (6, 7), (8, 9), (10, 11)], 'layers': [[(0, 4), (2, 6), (8, 7), (10, 5), (11, 1), (9, 3)], [(1, 4), (3, 6), (5, 8), (7, 10), (9, 0), (11, 2)], [(1, 2), (3, 0), (6, 8), (4, 10), (5, 9), (7, 11)], [(0, 1), (2, 3), (4, 5), (6, 7), (8, 9), (10, 11)]], 'n': 12}
............................................................................................................................................ 
==========================================================================================
Finished basinhopping of  /home/jorisk2/HVQE/data/kagome/periodic/own_graph/ops/energy/2x2 at 2020-12-24 23:39:11.176248 UTC, with
 
{'path': '/home/jorisk2/HVQE/data/kagome/periodic/own_graph/ops/energy/2x2', 'n_par': 24, 'par_multiplicity': 2, 'n_iter': 0, 'cost_fn': 'energy', 'temperature': 1.0, 'stepsize': 1.0, 'init_par': None, 'dump_interval': None}
init_par = [-7.912430292038964e-05, 2.4153688549374483e-05, 0.00042083242605337563, 2.033736492474509e-05, -0.0002792241880932102, 0.000235227769534482, 0.00029504805921884013, 0.00036057600768399747, 0.0003431989044871437, -0.00011036268491276813, 0.00037032791435878264, 0.0004523195045727568, 0.00018887775770463108, -5.906878038915218e-05, 0.0003619282195042357, 0.0004512680902106419, 0.00035752012445237446, -3.847817230846805e-05, 3.4049085174171507e-06, -0.0001569319220479023, -0.00018301775403557942, -0.00028651265125967086, 0.00014192141610744964, 0.00024484674909543646]
 
RESULTS:
--------
E_VQE = -5.288684225284837
inf_VQE = 0.5198561040230235
n_fn_calls = 140
Wall-clock time 0.8129389121135076 hours
 
For more output, see /home/jorisk2/HVQE/data/kagome/periodic/own_graph/ops/energy/2x2/output.txt
Plots of output saved in /home/jorisk2/HVQE/data/kagome/periodic/own_graph/ops/energy/2x2
End of HVQE.py
==========================================================================================
No CuPy installation found, continuing without GPU acceleration.
having the CPUs {10, 11, 14, 15} available.
Started basinhopping at 2020-12-24 23:51:43.286035 UTC, with
command line arguments = {'path': '/home/jorisk2/HVQE/data/kagome/periodic/own_graph/ops/energy/2x2', 'n_par': 36, 'par_multiplicity': 2, 'n_iter': 0, 'cost_fn': 'energy', 'temperature': 1.0, 'stepsize': 1.0, 'init_par': None, 'dump_interval': None}
runtime variables =  {'GPU': False, 'date_start': '2020-12-24 23:51:43.286035', 'complete_graph': [(0, 4), (2, 6), (8, 7), (10, 5), (11, 1), (9, 3), (1, 4), (3, 6), (5, 8), (7, 10), (9, 0), (11, 2), (1, 2), (3, 0), (6, 8), (4, 10), (5, 9), (7, 11), (0, 1), (2, 3), (4, 5), (6, 7), (8, 9), (10, 11)], 'init_layer': [(0, 1), (2, 3), (4, 5), (6, 7), (8, 9), (10, 11)], 'layers': [[(0, 4), (2, 6), (8, 7), (10, 5), (11, 1), (9, 3)], [(1, 4), (3, 6), (5, 8), (7, 10), (9, 0), (11, 2)], [(1, 2), (3, 0), (6, 8), (4, 10), (5, 9), (7, 11)], [(0, 1), (2, 3), (4, 5), (6, 7), (8, 9), (10, 11)]], 'n': 12}
............................................................................................................................................................................... 
==========================================================================================
Finished basinhopping of  /home/jorisk2/HVQE/data/kagome/periodic/own_graph/ops/energy/2x2 at 2020-12-25 02:03:03.267557 UTC, with
 
{'path': '/home/jorisk2/HVQE/data/kagome/periodic/own_graph/ops/energy/2x2', 'n_par': 36, 'par_multiplicity': 2, 'n_iter': 0, 'cost_fn': 'energy', 'temperature': 1.0, 'stepsize': 1.0, 'init_par': None, 'dump_interval': None}
init_par = [0.0003895841731271592, 4.782445130223898e-05, -0.00017529772371641897, -0.0001905225160350549, 0.00014118146924537724, -0.0001475337729392736, 0.0004816418399770806, 0.0003896617730889796, 0.0003647270841057995, -0.0004984354135147049, -0.00010367611301105416, -0.00035549493131806697, -0.0004996507735286764, 0.0001752644336563572, -0.0003517982816122265, -0.00010403287110914163, 0.0002936438753828967, 7.065496052661622e-05, -0.00024362889080515075, -0.00036597876297753275, -0.00014907753735923855, -0.0002200919565610586, 0.00037991463923168003, 0.0002986364551764738, 0.0002521267659265354, -0.00039810134062890235, -0.00014265501840554363, -0.0004031290579513002, 0.00033586165591670497, 0.00011993253154963125, -1.8304374492333377e-05, 3.5672702283468514e-05, 0.000360329736552153, -0.0003629415872523432, -0.00047915330695684987, -0.0003176829691241282]
 
RESULTS:
--------
E_VQE = -5.326012146860708
inf_VQE = 0.49320611665790814
n_fn_calls = 175
Wall-clock time 2.131482119560242 hours
 
For more output, see /home/jorisk2/HVQE/data/kagome/periodic/own_graph/ops/energy/2x2/output.txt
Plots of output saved in /home/jorisk2/HVQE/data/kagome/periodic/own_graph/ops/energy/2x2
End of HVQE.py
==========================================================================================
No CuPy installation found, continuing without GPU acceleration.
having the CPUs {10, 11, 14, 15} available.
Started basinhopping at 2020-12-25 02:19:13.464331 UTC, with
command line arguments = {'path': '/home/jorisk2/HVQE/data/kagome/periodic/own_graph/ops/energy/2x2', 'n_par': 48, 'par_multiplicity': 2, 'n_iter': 0, 'cost_fn': 'energy', 'temperature': 1.0, 'stepsize': 1.0, 'init_par': None, 'dump_interval': None}
runtime variables =  {'GPU': False, 'date_start': '2020-12-25 02:19:13.464331', 'complete_graph': [(0, 4), (2, 6), (8, 7), (10, 5), (11, 1), (9, 3), (1, 4), (3, 6), (5, 8), (7, 10), (9, 0), (11, 2), (1, 2), (3, 0), (6, 8), (4, 10), (5, 9), (7, 11), (0, 1), (2, 3), (4, 5), (6, 7), (8, 9), (10, 11)], 'init_layer': [(0, 1), (2, 3), (4, 5), (6, 7), (8, 9), (10, 11)], 'layers': [[(0, 4), (2, 6), (8, 7), (10, 5), (11, 1), (9, 3)], [(1, 4), (3, 6), (5, 8), (7, 10), (9, 0), (11, 2)], [(1, 2), (3, 0), (6, 8), (4, 10), (5, 9), (7, 11)], [(0, 1), (2, 3), (4, 5), (6, 7), (8, 9), (10, 11)]], 'n': 12}
................................................................................................................................................................................................................................................................................................................... 
==========================================================================================
Finished basinhopping of  /home/jorisk2/HVQE/data/kagome/periodic/own_graph/ops/energy/2x2 at 2020-12-25 07:38:01.426557 UTC, with
 
{'path': '/home/jorisk2/HVQE/data/kagome/periodic/own_graph/ops/energy/2x2', 'n_par': 48, 'par_multiplicity': 2, 'n_iter': 0, 'cost_fn': 'energy', 'temperature': 1.0, 'stepsize': 1.0, 'init_par': None, 'dump_interval': None}
init_par = [0.00025603120820976485, 2.437906682534847e-05, -0.00013472797790630396, -0.00020533428222524675, 0.0001357882836409963, -9.192670847266762e-05, -0.0003556639666026769, 3.999023048821234e-05, -0.0002709686464157456, 0.00040475346595003224, 0.0004957284104812546, 0.00025957614075780425, 0.00037673782721118023, -0.00013539313545173195, -0.0001236102878658765, 0.00012231363599835585, -0.00020276292602528715, -5.5020823035927576e-05, -0.0003405054765824502, 0.0004229769475368537, -0.00023139845604930266, 3.588843384585462e-05, -0.0003443497607285543, -0.0002152355867039725, 7.205317177239664e-05, -0.0002950916264858617, 0.0003717860316036656, -0.000499038349830069, -3.274198515215487e-05, 9.313291727522616e-06, -2.3356491643063105e-05, -0.0004968350497701629, 0.00033887084525748305, 0.0002721658481145161, 0.0002429450961542372, 0.0004549023055264974, 0.00014653897566962255, -5.80324119860667e-05, -8.282883766390359e-05, 0.0004125220486742853, 0.0004370228353962176, 0.00020780788763771654, -4.243642010783743e-05, 0.0004976080651206277, 0.00015262056103102894, 0.00047558287281625894, -0.00010099429388972693, -6.932998734210697e-05]
 
RESULTS:
--------
E_VQE = -5.365955165905249
inf_VQE = 0.42000703116967
n_fn_calls = 307
Wall-clock time 5.25996872431702 hours
 
For more output, see /home/jorisk2/HVQE/data/kagome/periodic/own_graph/ops/energy/2x2/output.txt
Plots of output saved in /home/jorisk2/HVQE/data/kagome/periodic/own_graph/ops/energy/2x2
End of HVQE.py
==========================================================================================
No CuPy installation found, continuing without GPU acceleration.
having the CPUs {10, 11, 14, 15} available.
Started basinhopping at 2020-12-25 08:00:19.407319 UTC, with
command line arguments = {'path': '/home/jorisk2/HVQE/data/kagome/periodic/own_graph/ops/energy/2x2', 'n_par': 60, 'par_multiplicity': 2, 'n_iter': 0, 'cost_fn': 'energy', 'temperature': 1.0, 'stepsize': 1.0, 'init_par': None, 'dump_interval': None}
runtime variables =  {'GPU': False, 'date_start': '2020-12-25 08:00:19.407319', 'complete_graph': [(0, 4), (2, 6), (8, 7), (10, 5), (11, 1), (9, 3), (1, 4), (3, 6), (5, 8), (7, 10), (9, 0), (11, 2), (1, 2), (3, 0), (6, 8), (4, 10), (5, 9), (7, 11), (0, 1), (2, 3), (4, 5), (6, 7), (8, 9), (10, 11)], 'init_layer': [(0, 1), (2, 3), (4, 5), (6, 7), (8, 9), (10, 11)], 'layers': [[(0, 4), (2, 6), (8, 7), (10, 5), (11, 1), (9, 3)], [(1, 4), (3, 6), (5, 8), (7, 10), (9, 0), (11, 2)], [(1, 2), (3, 0), (6, 8), (4, 10), (5, 9), (7, 11)], [(0, 1), (2, 3), (4, 5), (6, 7), (8, 9), (10, 11)]], 'n': 12}
................................................................................................................................................................................................................................................................................................................................................................................................................................ 
==========================================================================================
Finished basinhopping of  /home/jorisk2/HVQE/data/kagome/periodic/own_graph/ops/energy/2x2 at 2020-12-25 17:06:57.864400 UTC, with
 
{'path': '/home/jorisk2/HVQE/data/kagome/periodic/own_graph/ops/energy/2x2', 'n_par': 60, 'par_multiplicity': 2, 'n_iter': 0, 'cost_fn': 'energy', 'temperature': 1.0, 'stepsize': 1.0, 'init_par': None, 'dump_interval': None}
init_par = [0.00023128621815169737, 0.00033863736792110713, 0.00043073224952412377, -0.0004242341850660559, -0.00015545766915011716, 0.00017626968586360338, -0.0001453335427291478, 0.0001298330485559816, 3.806766159877124e-05, 2.4830353195102605e-05, -0.0003367792582903788, 1.0439232624695764e-05, -0.00025794485161040207, 8.712869181453969e-05, -0.00018788894018643, 0.00044180689652833756, 0.00022766682507019452, -4.956354948747177e-05, -0.0001682157993750645, -0.0004116606335454974, -0.00017959096567399946, 5.790128889703256e-05, 0.00017098306159573035, -0.0003858377840083671, -0.0002454062317115091, 8.891381044869734e-05, 0.00011823258724149113, -0.00039548572715329255, 0.0003518403892192641, -0.0001495057203305107, -7.347960262285699e-06, 0.00010164922677515908, -2.0348690650896827e-06, -0.00010326555562822958, 3.323428923516169e-05, -0.00012532222497073977, 0.0003609694602981398, 0.0004751656191600862, -0.00030520941894249286, 1.5510221013850497e-05, 0.00024259158773580957, -0.00017467613438335537, 3.707660211527055e-05, -0.00020492789005442273, -0.0002995678160772235, -0.0003525658487139213, -0.0004894736375824983, 0.00017088571045618505, 0.0004853721329845936, 0.00010867496569849026, -0.00019363759176473463, -0.00010382608888904077, -0.000407670224048304, 0.00021081686576568035, -0.00031744429804472053, 0.00024080556376760093, 0.00031909412079320456, 0.000478207924759228, 7.656737461310468e-05, -0.0001444925711768895]
 
RESULTS:
--------
E_VQE = -5.373316236236633
inf_VQE = 0.3643764020150869
n_fn_calls = 416
Wall-clock time 9.041788963344363 hours
 
For more output, see /home/jorisk2/HVQE/data/kagome/periodic/own_graph/ops/energy/2x2/output.txt
Plots of output saved in /home/jorisk2/HVQE/data/kagome/periodic/own_graph/ops/energy/2x2
End of HVQE.py
==========================================================================================
No CuPy installation found, continuing without GPU acceleration.
having the CPUs {10, 11, 14, 15} available.
Started basinhopping at 2020-12-25 17:22:35.604778 UTC, with
command line arguments = {'path': '/home/jorisk2/HVQE/data/kagome/periodic/own_graph/ops/energy/2x2', 'n_par': 72, 'par_multiplicity': 2, 'n_iter': 0, 'cost_fn': 'energy', 'temperature': 1.0, 'stepsize': 1.0, 'init_par': None, 'dump_interval': None}
runtime variables =  {'GPU': False, 'date_start': '2020-12-25 17:22:35.604778', 'complete_graph': [(0, 4), (2, 6), (8, 7), (10, 5), (11, 1), (9, 3), (1, 4), (3, 6), (5, 8), (7, 10), (9, 0), (11, 2), (1, 2), (3, 0), (6, 8), (4, 10), (5, 9), (7, 11), (0, 1), (2, 3), (4, 5), (6, 7), (8, 9), (10, 11)], 'init_layer': [(0, 1), (2, 3), (4, 5), (6, 7), (8, 9), (10, 11)], 'layers': [[(0, 4), (2, 6), (8, 7), (10, 5), (11, 1), (9, 3)], [(1, 4), (3, 6), (5, 8), (7, 10), (9, 0), (11, 2)], [(1, 2), (3, 0), (6, 8), (4, 10), (5, 9), (7, 11)], [(0, 1), (2, 3), (4, 5), (6, 7), (8, 9), (10, 11)]], 'n': 12}
..................................................................................................................................................................slurmstepd: error: *** JOB 7176070 ON r38n4 CANCELLED AT 2020-12-25T23:49:40 DUE TO TIME LIMIT ***
