No CuPy installation found, continuing without GPU acceleration.
having the CPUs {18, 19, 22, 23} available.
Started basinhopping at 2020-12-24 22:50:06.789710 UTC, with
command line arguments = {'path': '/home/jorisk2/HVQE/data/kagome/periodic/own_graph/ops/energy/2x2', 'n_par': 24, 'par_multiplicity': 2, 'n_iter': 0, 'cost_fn': 'energy', 'temperature': 1.0, 'stepsize': 1.0, 'init_par': None, 'dump_interval': None}
runtime variables =  {'GPU': False, 'date_start': '2020-12-24 22:50:06.789710', 'complete_graph': [(0, 4), (2, 6), (8, 7), (10, 5), (11, 1), (9, 3), (1, 4), (3, 6), (5, 8), (7, 10), (9, 0), (11, 2), (1, 2), (3, 0), (6, 8), (4, 10), (5, 9), (7, 11), (0, 1), (2, 3), (4, 5), (6, 7), (8, 9), (10, 11)], 'init_layer': [(0, 1), (2, 3), (4, 5), (6, 7), (8, 9), (10, 11)], 'layers': [[(0, 4), (2, 6), (8, 7), (10, 5), (11, 1), (9, 3)], [(1, 4), (3, 6), (5, 8), (7, 10), (9, 0), (11, 2)], [(1, 2), (3, 0), (6, 8), (4, 10), (5, 9), (7, 11)], [(0, 1), (2, 3), (4, 5), (6, 7), (8, 9), (10, 11)]], 'n': 12}
................................................................................................................. 
==========================================================================================
Finished basinhopping of  /home/jorisk2/HVQE/data/kagome/periodic/own_graph/ops/energy/2x2 at 2020-12-24 23:09:18.301772 UTC, with
 
{'path': '/home/jorisk2/HVQE/data/kagome/periodic/own_graph/ops/energy/2x2', 'n_par': 24, 'par_multiplicity': 2, 'n_iter': 0, 'cost_fn': 'energy', 'temperature': 1.0, 'stepsize': 1.0, 'init_par': None, 'dump_interval': None}
init_par = [-0.00040716843091715164, 0.00016156137081946352, -0.0001774252410217937, -0.00010743563944030232, 0.00014678282156092956, -0.00026511338730638443, 1.5549998142610783e-06, 0.00037760189636438526, -0.00011664537509850371, -0.0004516467153875222, -0.0002258823797797046, -0.00022114408879116186, 0.00013618730823957304, -0.00046691907082157516, -0.00045850640272897036, -4.1372608855702044e-05, -5.074793168168836e-05, 2.9040464230285865e-07, -4.503929162966326e-05, -0.00027307338214692487, -0.00043705767400697293, -5.364136354160312e-05, 0.00011174183129598165, 0.0001442765458306394]
 
RESULTS:
--------
E_VQE = -5.288684225294723
inf_VQE = 0.5198563424433562
n_fn_calls = 113
Wall-clock time 0.29147226413091026 hours
 
For more output, see /home/jorisk2/HVQE/data/kagome/periodic/own_graph/ops/energy/2x2/output.txt
Plots of output saved in /home/jorisk2/HVQE/data/kagome/periodic/own_graph/ops/energy/2x2
End of HVQE.py
==========================================================================================
No CuPy installation found, continuing without GPU acceleration.
having the CPUs {18, 19, 22, 23} available.
Started basinhopping at 2020-12-24 23:17:02.854874 UTC, with
command line arguments = {'path': '/home/jorisk2/HVQE/data/kagome/periodic/own_graph/ops/energy/2x2', 'n_par': 36, 'par_multiplicity': 2, 'n_iter': 0, 'cost_fn': 'energy', 'temperature': 1.0, 'stepsize': 1.0, 'init_par': None, 'dump_interval': None}
runtime variables =  {'GPU': False, 'date_start': '2020-12-24 23:17:02.854874', 'complete_graph': [(0, 4), (2, 6), (8, 7), (10, 5), (11, 1), (9, 3), (1, 4), (3, 6), (5, 8), (7, 10), (9, 0), (11, 2), (1, 2), (3, 0), (6, 8), (4, 10), (5, 9), (7, 11), (0, 1), (2, 3), (4, 5), (6, 7), (8, 9), (10, 11)], 'init_layer': [(0, 1), (2, 3), (4, 5), (6, 7), (8, 9), (10, 11)], 'layers': [[(0, 4), (2, 6), (8, 7), (10, 5), (11, 1), (9, 3)], [(1, 4), (3, 6), (5, 8), (7, 10), (9, 0), (11, 2)], [(1, 2), (3, 0), (6, 8), (4, 10), (5, 9), (7, 11)], [(0, 1), (2, 3), (4, 5), (6, 7), (8, 9), (10, 11)]], 'n': 12}
....................................................................................................................................................................... 
==========================================================================================
Finished basinhopping of  /home/jorisk2/HVQE/data/kagome/periodic/own_graph/ops/energy/2x2 at 2020-12-24 23:59:28.778297 UTC, with
 
{'path': '/home/jorisk2/HVQE/data/kagome/periodic/own_graph/ops/energy/2x2', 'n_par': 36, 'par_multiplicity': 2, 'n_iter': 0, 'cost_fn': 'energy', 'temperature': 1.0, 'stepsize': 1.0, 'init_par': None, 'dump_interval': None}
init_par = [-0.00013881554039160015, -0.0004603433936635046, 0.0001507516278865356, -0.0004903756693508797, 0.0004846062955790292, 0.00021208879785513182, 6.353074113711794e-05, -0.000328212063232312, 0.0004814795979920701, -0.00033553768978633917, 0.00011644094034429504, -0.0002825471340791757, -0.00019545650083311087, -0.00018299661375457222, 0.00016057772188444834, 0.00011953837225933586, 0.00014117136506406128, -0.000179076561444261, 0.0002360439104762208, -0.0003093332153507592, 0.00040596758063507976, -0.000146262384754057, 0.00040338592853325823, -0.00033827609281036517, 0.0002735710842027266, 5.1480655090514185e-05, -0.0003248405164726827, 0.00039935719490025146, -0.00020166636848068718, 0.0004863880319471276, 8.609540695544591e-05, -0.00023406032299360036, -0.0002015929017236826, 0.00019618931528118965, -0.00025938721905590387, -0.00012685675622744932]
 
RESULTS:
--------
E_VQE = -5.342256477925671
inf_VQE = 0.5060916892726077
n_fn_calls = 167
Wall-clock time 0.6847997662093904 hours
 
For more output, see /home/jorisk2/HVQE/data/kagome/periodic/own_graph/ops/energy/2x2/output.txt
Plots of output saved in /home/jorisk2/HVQE/data/kagome/periodic/own_graph/ops/energy/2x2
End of HVQE.py
==========================================================================================
No CuPy installation found, continuing without GPU acceleration.
having the CPUs {18, 19, 22, 23} available.
Started basinhopping at 2020-12-25 00:03:54.681683 UTC, with
command line arguments = {'path': '/home/jorisk2/HVQE/data/kagome/periodic/own_graph/ops/energy/2x2', 'n_par': 48, 'par_multiplicity': 2, 'n_iter': 0, 'cost_fn': 'energy', 'temperature': 1.0, 'stepsize': 1.0, 'init_par': None, 'dump_interval': None}
runtime variables =  {'GPU': False, 'date_start': '2020-12-25 00:03:54.681683', 'complete_graph': [(0, 4), (2, 6), (8, 7), (10, 5), (11, 1), (9, 3), (1, 4), (3, 6), (5, 8), (7, 10), (9, 0), (11, 2), (1, 2), (3, 0), (6, 8), (4, 10), (5, 9), (7, 11), (0, 1), (2, 3), (4, 5), (6, 7), (8, 9), (10, 11)], 'init_layer': [(0, 1), (2, 3), (4, 5), (6, 7), (8, 9), (10, 11)], 'layers': [[(0, 4), (2, 6), (8, 7), (10, 5), (11, 1), (9, 3)], [(1, 4), (3, 6), (5, 8), (7, 10), (9, 0), (11, 2)], [(1, 2), (3, 0), (6, 8), (4, 10), (5, 9), (7, 11)], [(0, 1), (2, 3), (4, 5), (6, 7), (8, 9), (10, 11)]], 'n': 12}
................................................................................................................................................................................................................................................................................................... 
==========================================================================================
Finished basinhopping of  /home/jorisk2/HVQE/data/kagome/periodic/own_graph/ops/energy/2x2 at 2020-12-25 01:37:22.228245 UTC, with
 
{'path': '/home/jorisk2/HVQE/data/kagome/periodic/own_graph/ops/energy/2x2', 'n_par': 48, 'par_multiplicity': 2, 'n_iter': 0, 'cost_fn': 'energy', 'temperature': 1.0, 'stepsize': 1.0, 'init_par': None, 'dump_interval': None}
init_par = [-0.0002077575478994889, -0.00010356685651775546, -0.00014596662107965378, 0.00013072945015352644, 0.0003682074341927688, -0.00036998894121235797, -0.00017605119647023037, 0.0002170050427507985, -4.867867788280899e-05, 3.0671318970592796e-05, -0.00048337524578748604, -0.00011776849038170603, 0.0004446518011215107, -0.0004409858306906427, -0.00034482542168219523, -0.0003136083018125289, -0.0003532436999189228, 0.000462347980270077, -0.0003773595305478935, 0.00012154784478826729, -5.463039180486916e-05, -0.0003995737068431338, -0.0002053807500263516, 0.00041053277576192043, 6.956937943131244e-05, -0.00023587140510237902, -0.00030355471341094245, 0.0004680574317287616, 0.00024732904692037917, -0.00023812512665757023, -0.00015193467254729075, 4.097418979552342e-05, 0.0002726573106583488, -9.289749204719963e-06, -9.82173137941448e-05, 9.997383266173649e-05, -5.124776313535095e-05, 7.296478332514424e-05, -5.85455515583435e-05, -0.00017742942333489622, -3.849685990365041e-05, 0.00046174399566843564, -0.00044737358722247934, -0.0004372338053798767, 0.000402894964353268, -0.00027331171582748934, 0.0003980423494987389, -0.00021023786149990099]
 
RESULTS:
--------
E_VQE = -5.365488428722365
inf_VQE = 0.4485006633442148
n_fn_calls = 291
Wall-clock time 1.5490886401467854 hours
 
For more output, see /home/jorisk2/HVQE/data/kagome/periodic/own_graph/ops/energy/2x2/output.txt
Plots of output saved in /home/jorisk2/HVQE/data/kagome/periodic/own_graph/ops/energy/2x2
End of HVQE.py
==========================================================================================
No CuPy installation found, continuing without GPU acceleration.
having the CPUs {18, 19, 22, 23} available.
Started basinhopping at 2020-12-25 01:44:09.404386 UTC, with
command line arguments = {'path': '/home/jorisk2/HVQE/data/kagome/periodic/own_graph/ops/energy/2x2', 'n_par': 60, 'par_multiplicity': 2, 'n_iter': 0, 'cost_fn': 'energy', 'temperature': 1.0, 'stepsize': 1.0, 'init_par': None, 'dump_interval': None}
runtime variables =  {'GPU': False, 'date_start': '2020-12-25 01:44:09.404386', 'complete_graph': [(0, 4), (2, 6), (8, 7), (10, 5), (11, 1), (9, 3), (1, 4), (3, 6), (5, 8), (7, 10), (9, 0), (11, 2), (1, 2), (3, 0), (6, 8), (4, 10), (5, 9), (7, 11), (0, 1), (2, 3), (4, 5), (6, 7), (8, 9), (10, 11)], 'init_layer': [(0, 1), (2, 3), (4, 5), (6, 7), (8, 9), (10, 11)], 'layers': [[(0, 4), (2, 6), (8, 7), (10, 5), (11, 1), (9, 3)], [(1, 4), (3, 6), (5, 8), (7, 10), (9, 0), (11, 2)], [(1, 2), (3, 0), (6, 8), (4, 10), (5, 9), (7, 11)], [(0, 1), (2, 3), (4, 5), (6, 7), (8, 9), (10, 11)]], 'n': 12}
................................................................................................................................................................................................................................................................................................................................................................................................................................................................................. 
==========================================================================================
Finished basinhopping of  /home/jorisk2/HVQE/data/kagome/periodic/own_graph/ops/energy/2x2 at 2020-12-25 05:18:00.272623 UTC, with
 
{'path': '/home/jorisk2/HVQE/data/kagome/periodic/own_graph/ops/energy/2x2', 'n_par': 60, 'par_multiplicity': 2, 'n_iter': 0, 'cost_fn': 'energy', 'temperature': 1.0, 'stepsize': 1.0, 'init_par': None, 'dump_interval': None}
init_par = [-0.0003828451925222161, 0.0003262800045171377, 0.00028750965962910993, -0.0003522221233577557, 0.00041077131784017235, -5.658533206592288e-05, -0.00012032339531783655, 0.00028600579840028575, 0.0004405522921222783, 0.0004265251547474632, 0.00038287649096070827, 0.00030007940837661494, -9.860062750228349e-05, -0.00028632406905096375, -0.0002985823663056513, 0.00013635464463913384, -0.00030404971957966303, 0.00033230834126397294, 5.907157451328423e-05, -0.00044349037096751685, 0.000336771050805201, 0.000363762502037514, -0.00022832442459199575, 0.00017760241824668112, 0.00045615698371096554, -6.283532599454024e-05, -0.00041992932992197427, -0.00041347175802995976, -0.0004128950537845873, -0.0002819596052894228, -0.0004743094919470683, -0.00020417346807533146, -0.00024890700428094174, -0.0001856996379950755, -0.00020518991651978405, -0.00010459198003372682, 0.00024179254431084358, -0.0003046662135791448, 0.0002023258657471705, -0.00012994714206080582, 8.758623061481843e-06, 0.0002293790028151222, -0.00041609824518462824, -0.00024077988258475495, 0.0003194510143730264, 0.00045784969910490523, -0.0001071231744749077, -0.0003996079905384268, -0.0003264168622249004, 3.716451147307701e-05, 0.00041539598641455035, -0.00042789271653559, -0.00025525855742067804, -0.000388342920185345, -2.4074185609959436e-05, 0.0004550415031581551, -0.00033556481487284954, 0.00016793027588584428, 0.00016612270603704707, -0.0003778659711704455]
 
RESULTS:
--------
E_VQE = -5.379695108847303
inf_VQE = 0.3762945138710665
n_fn_calls = 465
Wall-clock time 3.548985612127516 hours
 
For more output, see /home/jorisk2/HVQE/data/kagome/periodic/own_graph/ops/energy/2x2/output.txt
Plots of output saved in /home/jorisk2/HVQE/data/kagome/periodic/own_graph/ops/energy/2x2
End of HVQE.py
==========================================================================================
No CuPy installation found, continuing without GPU acceleration.
having the CPUs {18, 19, 22, 23} available.
Started basinhopping at 2020-12-25 05:26:06.935507 UTC, with
command line arguments = {'path': '/home/jorisk2/HVQE/data/kagome/periodic/own_graph/ops/energy/2x2', 'n_par': 72, 'par_multiplicity': 2, 'n_iter': 0, 'cost_fn': 'energy', 'temperature': 1.0, 'stepsize': 1.0, 'init_par': None, 'dump_interval': None}
runtime variables =  {'GPU': False, 'date_start': '2020-12-25 05:26:06.935507', 'complete_graph': [(0, 4), (2, 6), (8, 7), (10, 5), (11, 1), (9, 3), (1, 4), (3, 6), (5, 8), (7, 10), (9, 0), (11, 2), (1, 2), (3, 0), (6, 8), (4, 10), (5, 9), (7, 11), (0, 1), (2, 3), (4, 5), (6, 7), (8, 9), (10, 11)], 'init_layer': [(0, 1), (2, 3), (4, 5), (6, 7), (8, 9), (10, 11)], 'layers': [[(0, 4), (2, 6), (8, 7), (10, 5), (11, 1), (9, 3)], [(1, 4), (3, 6), (5, 8), (7, 10), (9, 0), (11, 2)], [(1, 2), (3, 0), (6, 8), (4, 10), (5, 9), (7, 11)], [(0, 1), (2, 3), (4, 5), (6, 7), (8, 9), (10, 11)]], 'n': 12}
.......................................................................................................................................................................................................................................................................................................................................................................................................................... 
==========================================================================================
Finished basinhopping of  /home/jorisk2/HVQE/data/kagome/periodic/own_graph/ops/energy/2x2 at 2020-12-25 09:28:42.280917 UTC, with
 
{'path': '/home/jorisk2/HVQE/data/kagome/periodic/own_graph/ops/energy/2x2', 'n_par': 72, 'par_multiplicity': 2, 'n_iter': 0, 'cost_fn': 'energy', 'temperature': 1.0, 'stepsize': 1.0, 'init_par': None, 'dump_interval': None}
init_par = [-5.777961313336758e-05, 0.0004949619463975651, 0.00048766827176181674, -0.00011822501440398491, -8.476252853399505e-05, -0.0002176736812624278, 0.0001823309068123705, -0.0003075558917736594, -0.0004131181628070301, 0.00013569866764327244, 0.00038612436986311676, 1.5345239287837208e-05, 0.00021468015097484035, 0.0004847376979720669, -2.5232101681678463e-05, 0.0002212019181836738, -0.00042737775403794607, -0.000389115918703579, -0.0004508549991072685, 7.296799105890807e-05, -0.00032244414524675713, 0.0003082441362460221, 0.00013209571305423603, -0.0003887801139887329, 7.523365177044303e-05, -0.00014298323540861682, 0.00027538510550129927, 0.0003703008204932654, -0.0004140495315554753, 2.573548097377777e-06, -0.00016923356827411654, 0.0003916293476025378, -0.0004182397473276147, -0.00038995617250254833, 0.00023636016594266165, 0.00030251700839350115, 0.0004990508124303856, -0.00022115432680142933, 0.0004998341051954498, -0.0004817838354939299, -0.00026912594406573276, -7.563984433609427e-06, -0.00022011632069862588, -0.0002678507532623603, -0.00010000234355072592, -0.00032101549419168764, -0.00021057643428003107, -0.000497739628726815, 0.00020585271490565428, 0.0003358724531523743, -0.00027079378306958836, -0.00046308606149998943, -0.00012947985048938036, -0.00011998309941849307, -0.0004274275514807222, -0.00012239720213877783, 0.0002014794391967795, -0.0003192075174448493, 7.196883684828495e-05, -1.181735481847057e-05, -1.630200566107409e-05, -0.0001817916006108743, 0.0004974469254024141, -0.0003365712694020704, -0.00018146481385145796, 0.0003186131006628404, 0.0003477090922508674, -0.00030834140536765335, -8.702189082285917e-05, -0.00047646598270304185, -0.00031591967668389263, -0.0003440251742787369]
 
RESULTS:
--------
E_VQE = -5.389060886410819
inf_VQE = 0.2976652003246558
n_fn_calls = 410
Wall-clock time 4.0249701333045955 hours
 
For more output, see /home/jorisk2/HVQE/data/kagome/periodic/own_graph/ops/energy/2x2/output.txt
Plots of output saved in /home/jorisk2/HVQE/data/kagome/periodic/own_graph/ops/energy/2x2
End of HVQE.py
==========================================================================================
No CuPy installation found, continuing without GPU acceleration.
having the CPUs {18, 19, 22, 23} available.
Started basinhopping at 2020-12-25 09:37:47.872299 UTC, with
command line arguments = {'path': '/home/jorisk2/HVQE/data/kagome/periodic/own_graph/ops/energy/2x2', 'n_par': 84, 'par_multiplicity': 2, 'n_iter': 0, 'cost_fn': 'energy', 'temperature': 1.0, 'stepsize': 1.0, 'init_par': None, 'dump_interval': None}
runtime variables =  {'GPU': False, 'date_start': '2020-12-25 09:37:47.872299', 'complete_graph': [(0, 4), (2, 6), (8, 7), (10, 5), (11, 1), (9, 3), (1, 4), (3, 6), (5, 8), (7, 10), (9, 0), (11, 2), (1, 2), (3, 0), (6, 8), (4, 10), (5, 9), (7, 11), (0, 1), (2, 3), (4, 5), (6, 7), (8, 9), (10, 11)], 'init_layer': [(0, 1), (2, 3), (4, 5), (6, 7), (8, 9), (10, 11)], 'layers': [[(0, 4), (2, 6), (8, 7), (10, 5), (11, 1), (9, 3)], [(1, 4), (3, 6), (5, 8), (7, 10), (9, 0), (11, 2)], [(1, 2), (3, 0), (6, 8), (4, 10), (5, 9), (7, 11)], [(0, 1), (2, 3), (4, 5), (6, 7), (8, 9), (10, 11)]], 'n': 12}
...................................................................................................................................................................................................................................................................................................................................................................................................................................................................................................................................... 
==========================================================================================
Finished basinhopping of  /home/jorisk2/HVQE/data/kagome/periodic/own_graph/ops/energy/2x2 at 2020-12-25 15:31:05.670118 UTC, with
 
{'path': '/home/jorisk2/HVQE/data/kagome/periodic/own_graph/ops/energy/2x2', 'n_par': 84, 'par_multiplicity': 2, 'n_iter': 0, 'cost_fn': 'energy', 'temperature': 1.0, 'stepsize': 1.0, 'init_par': None, 'dump_interval': None}
init_par = [0.0004031736642123039, 0.0004955149081106167, -0.0004166989868316783, -0.00048429943669494767, -8.746107440325948e-05, 1.3714940604475992e-05, -8.849897970204633e-05, -0.0002959942789956699, 0.0004960799209376527, 0.00026544520412913764, 4.266231761709501e-05, -0.00012656667513292384, 0.00017093132206582456, -0.0004855011133067658, -0.000448283493935901, 0.00048552023506153504, -0.0003622510466980283, 0.00013115406355827808, 9.720056198942177e-05, 0.00011090407997896409, 4.098987716933571e-05, -0.00025871887229923763, 0.00038641503314316983, -5.268326028533824e-05, -0.0002018692722838743, -0.00034002180487245745, 0.00031076559442062075, 0.00043002681608255995, -0.00046305618393344453, -0.0003626781044886811, -0.0001904659733940357, -0.0004274030633836349, -0.00028722544625119507, -0.0003047681168096126, 0.00018195547567889452, -0.00030034696176485764, 5.997761106417551e-05, -0.00032313631218953656, -0.00026103652050570773, 8.687209729039838e-05, 8.082075945325918e-05, 0.0004185400156496717, 0.00025733924857126067, -6.258242409145308e-05, 0.0001839897747620856, -0.0002312526709650499, 0.0003228281952941304, 0.00028791479785789044, -0.00013945850428217268, 9.993777243543606e-05, -0.0003611088689459425, 0.00043983434907418097, -0.0001699721356059102, -0.00045118992641189984, 0.0004761212914682212, -0.0004423474571578571, -0.00022475750626780265, 4.2360656985769465e-05, -0.0004505685156407151, -0.00027626034373135703, -0.00033483397695986173, -0.00036155511683417217, -0.00019553679019159944, 0.00018042220198457649, 0.00043763504230965244, -3.327255560350151e-05, -0.00021431324790878383, 0.0002466992569711285, -3.614631133750003e-05, 0.00020056156723012076, -9.855931466496836e-05, -0.00048533539286110773, -0.00026193619357907925, 0.00014843732372337142, 0.00025261697679744154, -0.00021556292424311296, -0.00034029730133818903, 0.00039739901546354916, -9.42696365094245e-06, -0.00040654532994184123, -0.00048249571423976433, -0.00039843807780120047, -0.00011251912416542143, 6.760603609109778e-05]
 
RESULTS:
--------
E_VQE = -5.398073672636071
inf_VQE = 0.2129079676720882
n_fn_calls = 518
Wall-clock time 5.871622408760918 hours
 
For more output, see /home/jorisk2/HVQE/data/kagome/periodic/own_graph/ops/energy/2x2/output.txt
Plots of output saved in /home/jorisk2/HVQE/data/kagome/periodic/own_graph/ops/energy/2x2
End of HVQE.py
==========================================================================================
No CuPy installation found, continuing without GPU acceleration.
having the CPUs {18, 19, 22, 23} available.
Started basinhopping at 2020-12-25 15:41:01.029821 UTC, with
command line arguments = {'path': '/home/jorisk2/HVQE/data/kagome/periodic/own_graph/ops/energy/2x2', 'n_par': 96, 'par_multiplicity': 2, 'n_iter': 0, 'cost_fn': 'energy', 'temperature': 1.0, 'stepsize': 1.0, 'init_par': None, 'dump_interval': None}
runtime variables =  {'GPU': False, 'date_start': '2020-12-25 15:41:01.029821', 'complete_graph': [(0, 4), (2, 6), (8, 7), (10, 5), (11, 1), (9, 3), (1, 4), (3, 6), (5, 8), (7, 10), (9, 0), (11, 2), (1, 2), (3, 0), (6, 8), (4, 10), (5, 9), (7, 11), (0, 1), (2, 3), (4, 5), (6, 7), (8, 9), (10, 11)], 'init_layer': [(0, 1), (2, 3), (4, 5), (6, 7), (8, 9), (10, 11)], 'layers': [[(0, 4), (2, 6), (8, 7), (10, 5), (11, 1), (9, 3)], [(1, 4), (3, 6), (5, 8), (7, 10), (9, 0), (11, 2)], [(1, 2), (3, 0), (6, 8), (4, 10), (5, 9), (7, 11)], [(0, 1), (2, 3), (4, 5), (6, 7), (8, 9), (10, 11)]], 'n': 12}
......................................................................................................................................................................................................................................................................................................................................................................................................................................slurmstepd: error: *** JOB 7176072 ON r38n2 CANCELLED AT 2020-12-25T23:49:40 DUE TO TIME LIMIT ***
