No CuPy installation found, continuing without GPU acceleration.
having the CPUs {42, 43, 14, 15} available.
Started basinhopping at 2020-12-25 00:36:50.920402 UTC, with
command line arguments = {'path': '/home/jkattem1/HVQE/data/kagome/periodic/own_graph/ops/energy/4x2', 'n_par': 48, 'par_multiplicity': 4, 'n_iter': 0, 'cost_fn': 'energy', 'temperature': 1.0, 'stepsize': 1.0, 'init_par': None, 'dump_interval': 64}
runtime variables =  {'GPU': False, 'date_start': '2020-12-25 00:36:50.920402', 'complete_graph': [(0, 8), (2, 10), (4, 12), (6, 14), (16, 11), (18, 13), (20, 15), (22, 9), (19, 1), (21, 3), (23, 5), (17, 7), (1, 8), (3, 10), (5, 12), (7, 14), (9, 16), (11, 18), (13, 20), (15, 22), (17, 0), (19, 2), (21, 4), (23, 6), (1, 2), (3, 4), (5, 6), (7, 0), (10, 16), (12, 18), (14, 20), (8, 22), (9, 17), (11, 19), (13, 21), (15, 23), (0, 1), (2, 3), (4, 5), (6, 7), (8, 9), (10, 11), (12, 13), (14, 15), (16, 17), (18, 19), (20, 21), (22, 23)], 'init_layer': [(0, 1), (2, 3), (4, 5), (6, 7), (8, 9), (10, 11), (12, 13), (14, 15), (16, 17), (18, 19), (20, 21), (22, 23)], 'layers': [[(0, 8), (2, 10), (4, 12), (6, 14), (16, 11), (18, 13), (20, 15), (22, 9), (19, 1), (21, 3), (23, 5), (17, 7)], [(1, 8), (3, 10), (5, 12), (7, 14), (9, 16), (11, 18), (13, 20), (15, 22), (17, 0), (19, 2), (21, 4), (23, 6)], [(1, 2), (3, 4), (5, 6), (7, 0), (10, 16), (12, 18), (14, 20), (8, 22), (9, 17), (11, 19), (13, 21), (15, 23)], [(0, 1), (2, 3), (4, 5), (6, 7), (8, 9), (10, 11), (12, 13), (14, 15), (16, 17), (18, 19), (20, 21), (22, 23)]], 'n': 24}
................................................................Data dump on 2020-12-25 05:19:24.437131
................................................................Data dump on 2020-12-25 10:02:08.304769
.................................. 
==========================================================================================
Finished basinhopping of  /home/jkattem1/HVQE/data/kagome/periodic/own_graph/ops/energy/4x2 at 2020-12-25 12:33:31.705532 UTC, with
 
{'path': '/home/jkattem1/HVQE/data/kagome/periodic/own_graph/ops/energy/4x2', 'n_par': 48, 'par_multiplicity': 4, 'n_iter': 0, 'cost_fn': 'energy', 'temperature': 1.0, 'stepsize': 1.0, 'init_par': None, 'dump_interval': 64}
init_par = [-0.0002375453080906135, 0.00014455028806270945, 0.0002627885864264624, -0.00022400345211471818, -0.0003782517550961743, 3.502625192867211e-05, 0.0004044386212279079, 0.000371906199783838, 0.0003050189208284792, 0.0003776699650740004, -4.548255240024448e-05, -0.00014450564770397434, 0.00010754253107188479, 0.00043494620901455726, 0.0004738513646545214, -0.00013344971485176362, -0.00039949187309646505, -0.0004318687570239165, 5.043643178561524e-05, 5.687376670854695e-05, -3.901857854343499e-06, 0.00017571679712610408, -0.000181335348097586, -0.000378913893728915, 0.00026745598880198343, -0.00043172564457260324, -0.00037109595920807836, -0.0004352477257523234, 7.985512218079975e-05, 0.00023395223268263743, 0.0003124441271546033, -0.0002920030113561724, -0.00035153570164178605, 0.00028698575239948496, -0.00038334488479433804, 0.00043104396929734875, -0.00033127418857728486, 0.0003563935383597331, -0.00015516661793101862, -0.00038217836942278885, 0.0001726731533217594, -0.0003641293650859255, 0.00021110724280717452, 0.00020525786643476327, 5.705094034778001e-05, -0.00022842651063780163, -0.00019291456441388366, -0.00047730650629480956]
 
RESULTS:
--------
E_VQE = -10.585018853340697
inf_VQE = 1.0
n_fn_calls = 162
Wall-clock time 11.922754746145673 hours
 
For more output, see /home/jkattem1/HVQE/data/kagome/periodic/own_graph/ops/energy/4x2/output.txt
Plots of output saved in /home/jkattem1/HVQE/data/kagome/periodic/own_graph/ops/energy/4x2
End of HVQE.py
==========================================================================================
