No CuPy installation found, continuing without GPU acceleration.
having the CPUs {49, 19, 21, 47} available.
Started basinhopping at 2020-12-25 00:35:54.932582 UTC, with
command line arguments = {'path': '/home/jkattem1/HVQE/data/kagome/periodic/own_graph/ops/energy/4x2', 'n_par': 36, 'par_multiplicity': 4, 'n_iter': 0, 'cost_fn': 'energy', 'temperature': 1.0, 'stepsize': 1.0, 'init_par': None, 'dump_interval': 64}
runtime variables =  {'GPU': False, 'date_start': '2020-12-25 00:35:54.932582', 'complete_graph': [(0, 8), (2, 10), (4, 12), (6, 14), (16, 11), (18, 13), (20, 15), (22, 9), (19, 1), (21, 3), (23, 5), (17, 7), (1, 8), (3, 10), (5, 12), (7, 14), (9, 16), (11, 18), (13, 20), (15, 22), (17, 0), (19, 2), (21, 4), (23, 6), (1, 2), (3, 4), (5, 6), (7, 0), (10, 16), (12, 18), (14, 20), (8, 22), (9, 17), (11, 19), (13, 21), (15, 23), (0, 1), (2, 3), (4, 5), (6, 7), (8, 9), (10, 11), (12, 13), (14, 15), (16, 17), (18, 19), (20, 21), (22, 23)], 'init_layer': [(0, 1), (2, 3), (4, 5), (6, 7), (8, 9), (10, 11), (12, 13), (14, 15), (16, 17), (18, 19), (20, 21), (22, 23)], 'layers': [[(0, 8), (2, 10), (4, 12), (6, 14), (16, 11), (18, 13), (20, 15), (22, 9), (19, 1), (21, 3), (23, 5), (17, 7)], [(1, 8), (3, 10), (5, 12), (7, 14), (9, 16), (11, 18), (13, 20), (15, 22), (17, 0), (19, 2), (21, 4), (23, 6)], [(1, 2), (3, 4), (5, 6), (7, 0), (10, 16), (12, 18), (14, 20), (8, 22), (9, 17), (11, 19), (13, 21), (15, 23)], [(0, 1), (2, 3), (4, 5), (6, 7), (8, 9), (10, 11), (12, 13), (14, 15), (16, 17), (18, 19), (20, 21), (22, 23)]], 'n': 24}
................................................................Data dump on 2020-12-25 06:20:10.034307
................................................................Data dump on 2020-12-25 11:59:30.416013
................................................................Data dump on 2020-12-25 17:42:28.214383
................................................................Data dump on 2020-12-25 23:25:37.226954
.............. 
==========================================================================================
Finished basinhopping of  /home/jkattem1/HVQE/data/kagome/periodic/own_graph/ops/energy/4x2 at 2020-12-26 00:41:41.677261 UTC, with
 
{'path': '/home/jkattem1/HVQE/data/kagome/periodic/own_graph/ops/energy/4x2', 'n_par': 36, 'par_multiplicity': 4, 'n_iter': 0, 'cost_fn': 'energy', 'temperature': 1.0, 'stepsize': 1.0, 'init_par': None, 'dump_interval': 64}
init_par = [5.25377637873287e-05, 4.083067896128352e-05, -0.00029605278833999625, 0.00017050105577173325, -0.00021734341758495711, -5.1491692111058215e-06, 0.00041686714624442067, -2.1653757566889053e-05, -0.0003983776722743827, -8.931632621780107e-05, -0.00045053826775872497, -0.00020470339116105264, -0.0002677913492462376, 0.00028018772035932806, -7.996565309111573e-05, 7.051229705884259e-05, -0.00030670605449970023, -8.685522204650634e-05, 4.806085164509553e-07, -0.00021357442712298646, -0.0003669490869913471, -0.0004227430228758734, -0.00014055638077115388, 0.000250861655361926, -0.00045843415657445606, 0.00012983102330547166, 0.0002842851820859805, 0.0003262257707827603, -0.0001181827397392631, -0.0002898481694443982, -0.000320718212352769, -0.00033092691320210345, 0.00030504522337651194, -0.0001861184521951197, 4.65769715223232e-05, -0.00024342095091850214]
 
RESULTS:
--------
E_VQE = -10.45129911342411
inf_VQE = 1.0
n_fn_calls = 270
Wall-clock time 24.078784661955304 hours
 
For more output, see /home/jkattem1/HVQE/data/kagome/periodic/own_graph/ops/energy/4x2/output.txt
Plots of output saved in /home/jkattem1/HVQE/data/kagome/periodic/own_graph/ops/energy/4x2
End of HVQE.py
==========================================================================================
