No CuPy installation found, continuing without GPU acceleration.
having the CPUs {25, 51, 53, 23} available.
Started basinhopping at 2020-12-25 00:35:42.790955 UTC, with
command line arguments = {'path': '/home/jkattem1/HVQE/data/kagome/periodic/own_graph/ops/energy/4x2', 'n_par': 24, 'par_multiplicity': 4, 'n_iter': 0, 'cost_fn': 'energy', 'temperature': 1.0, 'stepsize': 1.0, 'init_par': None, 'dump_interval': 64}
runtime variables =  {'GPU': False, 'date_start': '2020-12-25 00:35:42.790955', 'complete_graph': [(0, 8), (2, 10), (4, 12), (6, 14), (16, 11), (18, 13), (20, 15), (22, 9), (19, 1), (21, 3), (23, 5), (17, 7), (1, 8), (3, 10), (5, 12), (7, 14), (9, 16), (11, 18), (13, 20), (15, 22), (17, 0), (19, 2), (21, 4), (23, 6), (1, 2), (3, 4), (5, 6), (7, 0), (10, 16), (12, 18), (14, 20), (8, 22), (9, 17), (11, 19), (13, 21), (15, 23), (0, 1), (2, 3), (4, 5), (6, 7), (8, 9), (10, 11), (12, 13), (14, 15), (16, 17), (18, 19), (20, 21), (22, 23)], 'init_layer': [(0, 1), (2, 3), (4, 5), (6, 7), (8, 9), (10, 11), (12, 13), (14, 15), (16, 17), (18, 19), (20, 21), (22, 23)], 'layers': [[(0, 8), (2, 10), (4, 12), (6, 14), (16, 11), (18, 13), (20, 15), (22, 9), (19, 1), (21, 3), (23, 5), (17, 7)], [(1, 8), (3, 10), (5, 12), (7, 14), (9, 16), (11, 18), (13, 20), (15, 22), (17, 0), (19, 2), (21, 4), (23, 6)], [(1, 2), (3, 4), (5, 6), (7, 0), (10, 16), (12, 18), (14, 20), (8, 22), (9, 17), (11, 19), (13, 21), (15, 23)], [(0, 1), (2, 3), (4, 5), (6, 7), (8, 9), (10, 11), (12, 13), (14, 15), (16, 17), (18, 19), (20, 21), (22, 23)]], 'n': 24}
................................................................Data dump on 2020-12-25 03:39:24.930508
....................................................... 
==========================================================================================
Finished basinhopping of  /home/jkattem1/HVQE/data/kagome/periodic/own_graph/ops/energy/4x2 at 2020-12-25 06:14:33.344864 UTC, with
 
{'path': '/home/jkattem1/HVQE/data/kagome/periodic/own_graph/ops/energy/4x2', 'n_par': 24, 'par_multiplicity': 4, 'n_iter': 0, 'cost_fn': 'energy', 'temperature': 1.0, 'stepsize': 1.0, 'init_par': None, 'dump_interval': 64}
init_par = [7.934807371752972e-05, -4.8312871870189876e-05, -4.7965532190497474e-05, -0.00016240646972618956, 0.00038147809028637157, -0.00019785729799305055, 0.00048060045663937375, -0.00025756047738172236, 1.6955353376570115e-05, 1.918690836220417e-05, 0.00019055901323315055, 9.826555462859082e-05, 6.109221229587825e-05, -7.768705490341867e-05, 5.836733892554532e-05, 0.00026046627226045365, -9.592770524612836e-05, -0.00022105153339321392, 0.0002879199916757156, 0.0004905400560782881, -0.0003993389238044846, -0.0003974797341625955, 0.00035002629539891065, 0.00021761818339450015]
 
RESULTS:
--------
E_VQE = -10.394718263671688
inf_VQE = 1.0
n_fn_calls = 119
Wall-clock time 5.635241652992036 hours
 
For more output, see /home/jkattem1/HVQE/data/kagome/periodic/own_graph/ops/energy/4x2/output.txt
Plots of output saved in /home/jkattem1/HVQE/data/kagome/periodic/own_graph/ops/energy/4x2
End of HVQE.py
==========================================================================================
