No CuPy installation found, continuing without GPU acceleration.
having the CPUs {16, 17, 44, 45} available.
Started basinhopping at 2021-01-29 19:30:35.721408 UTC, with
command line arguments = {'path': '/home/jkattem1/HVQE/data/kagome/periodic/own_graph/ops/energy/4x2', 'n_par': 60, 'par_multiplicity': 4, 'n_iter': 0, 'cost_fn': 'energy', 'temperature': 1.0, 'stepsize': 1.0, 'init_par': None, 'dump_interval': None}
runtime variables =  {'GPU': False, 'date_start': '2021-01-29 19:30:35.721408', 'complete_graph': [(0, 8), (2, 10), (4, 12), (6, 14), (16, 11), (18, 13), (20, 15), (22, 9), (19, 1), (21, 3), (23, 5), (17, 7), (1, 8), (3, 10), (5, 12), (7, 14), (9, 16), (11, 18), (13, 20), (15, 22), (17, 0), (19, 2), (21, 4), (23, 6), (1, 2), (3, 4), (5, 6), (7, 0), (10, 16), (12, 18), (14, 20), (8, 22), (9, 17), (11, 19), (13, 21), (15, 23), (0, 1), (2, 3), (4, 5), (6, 7), (8, 9), (10, 11), (12, 13), (14, 15), (16, 17), (18, 19), (20, 21), (22, 23)], 'init_layer': [(0, 1), (2, 3), (4, 5), (6, 7), (8, 9), (10, 11), (12, 13), (14, 15), (16, 17), (18, 19), (20, 21), (22, 23)], 'layers': [[(0, 8), (2, 10), (4, 12), (6, 14), (16, 11), (18, 13), (20, 15), (22, 9), (19, 1), (21, 3), (23, 5), (17, 7)], [(1, 8), (3, 10), (5, 12), (7, 14), (9, 16), (11, 18), (13, 20), (15, 22), (17, 0), (19, 2), (21, 4), (23, 6)], [(1, 2), (3, 4), (5, 6), (7, 0), (10, 16), (12, 18), (14, 20), (8, 22), (9, 17), (11, 19), (13, 21), (15, 23)], [(0, 1), (2, 3), (4, 5), (6, 7), (8, 9), (10, 11), (12, 13), (14, 15), (16, 17), (18, 19), (20, 21), (22, 23)]], 'n': 24}
.................................................................................................................................................................................................................................................................................................................................................................................................................................................................................................................... 
==========================================================================================
Finished basinhopping of  /home/jkattem1/HVQE/data/kagome/periodic/own_graph/ops/energy/4x2 at 2021-02-01 19:47:37.309374 UTC, with
 
{'path': '/home/jkattem1/HVQE/data/kagome/periodic/own_graph/ops/energy/4x2', 'n_par': 60, 'par_multiplicity': 4, 'n_iter': 0, 'cost_fn': 'energy', 'temperature': 1.0, 'stepsize': 1.0, 'init_par': None, 'dump_interval': None}
init_par = [0.00015757609446023617, 5.2107860509540815e-05, 0.0003070878213139251, 0.0003742794213190771, 0.0001365140701549138, 0.0003253271447830529, 0.0002376848604240425, 0.00028430281344671304, 0.0004814723056484624, -0.00014359627298516508, -0.00014084897906637984, -0.00024232240628633672, -0.0002890584742002508, 0.00044939290294341986, -9.795626707029715e-05, 0.000114106259749778, 3.2258160681938527e-06, -0.0004251161228136511, 0.00035878749635121377, -0.0004058909212447618, -0.00019265014853989593, 0.00045350409679716563, 7.976998589694854e-05, -0.00022542737845064885, -0.00010614720806256708, -0.00048118094063190873, -0.00024453966964443376, 0.00020080254965366506, -0.0002339524373147912, -0.0002747055950078801, -0.0003040332138963133, -0.0003419782113171198, -0.00042656278634503944, 4.7572949258957095e-05, 0.0004407786821845972, -2.563775153188551e-05, 0.00042030662449764713, -0.00010550697219095985, 0.0004435016828425242, -0.0003026447928711325, 0.0001524615879036264, 0.00031479107826157585, 0.0004961050651188599, 0.00010511364971014744, -0.00036040226572261303, -0.00029750288648630965, 0.00046455613051008535, 0.0004192373706350834, 0.000463138551290545, 1.735372144046532e-05, -0.00047204249181107195, -0.0004169292993907946, 8.663210557191992e-05, 1.878728459458719e-05, -0.00021607709236660667, -0.00045129791934939547, -7.08869138531586e-05, -0.0004643694813806021, 0.0003847624171858489, -0.0003952690699817012]
 
RESULTS:
--------
E_VQE = -10.593518234955585
inf_VQE = 1.0
n_fn_calls = 500
Wall-clock time 72.24107867737612 hours
 
For more output, see /home/jkattem1/HVQE/data/kagome/periodic/own_graph/ops/energy/4x2/output.txt
Plots of output saved in /home/jkattem1/HVQE/data/kagome/periodic/own_graph/ops/energy/4x2
End of HVQE.py
==========================================================================================
No CuPy installation found, continuing without GPU acceleration.
having the CPUs {16, 17, 44, 45} available.
Started basinhopping at 2021-02-01 19:47:51.086022 UTC, with
command line arguments = {'path': '/home/jkattem1/HVQE/data/kagome/periodic/own_graph/ops/energy/4x2', 'n_par': 72, 'par_multiplicity': 4, 'n_iter': 0, 'cost_fn': 'energy', 'temperature': 1.0, 'stepsize': 1.0, 'init_par': None, 'dump_interval': None}
runtime variables =  {'GPU': False, 'date_start': '2021-02-01 19:47:51.086022', 'complete_graph': [(0, 8), (2, 10), (4, 12), (6, 14), (16, 11), (18, 13), (20, 15), (22, 9), (19, 1), (21, 3), (23, 5), (17, 7), (1, 8), (3, 10), (5, 12), (7, 14), (9, 16), (11, 18), (13, 20), (15, 22), (17, 0), (19, 2), (21, 4), (23, 6), (1, 2), (3, 4), (5, 6), (7, 0), (10, 16), (12, 18), (14, 20), (8, 22), (9, 17), (11, 19), (13, 21), (15, 23), (0, 1), (2, 3), (4, 5), (6, 7), (8, 9), (10, 11), (12, 13), (14, 15), (16, 17), (18, 19), (20, 21), (22, 23)], 'init_layer': [(0, 1), (2, 3), (4, 5), (6, 7), (8, 9), (10, 11), (12, 13), (14, 15), (16, 17), (18, 19), (20, 21), (22, 23)], 'layers': [[(0, 8), (2, 10), (4, 12), (6, 14), (16, 11), (18, 13), (20, 15), (22, 9), (19, 1), (21, 3), (23, 5), (17, 7)], [(1, 8), (3, 10), (5, 12), (7, 14), (9, 16), (11, 18), (13, 20), (15, 22), (17, 0), (19, 2), (21, 4), (23, 6)], [(1, 2), (3, 4), (5, 6), (7, 0), (10, 16), (12, 18), (14, 20), (8, 22), (9, 17), (11, 19), (13, 21), (15, 23)], [(0, 1), (2, 3), (4, 5), (6, 7), (8, 9), (10, 11), (12, 13), (14, 15), (16, 17), (18, 19), (20, 21), (22, 23)]], 'n': 24}
........................................................................................................................................................................................................................................................................................................................................................................................................................................................................................................................................ 
==========================================================================================
Finished basinhopping of  /home/jkattem1/HVQE/data/kagome/periodic/own_graph/ops/energy/4x2 at 2021-02-05 11:58:02.013167 UTC, with
 
{'path': '/home/jkattem1/HVQE/data/kagome/periodic/own_graph/ops/energy/4x2', 'n_par': 72, 'par_multiplicity': 4, 'n_iter': 0, 'cost_fn': 'energy', 'temperature': 1.0, 'stepsize': 1.0, 'init_par': None, 'dump_interval': None}
init_par = [0.00019317760303725273, 0.00025294777209606786, -0.0001608354553341943, -0.0003158695918053529, -0.0003347259617849862, -0.0002121479463318711, -0.0002940986490985238, -0.0002598536169341068, -0.0001841826638821621, 0.0004101195183026505, 0.0001831599876154559, 0.00018010579144886148, 0.0003187485501674549, 0.0003760944211849333, -0.0003223674049119845, 0.00018145558907441996, 0.00018620159251676665, 0.0004141421682792983, 0.0001970183359014414, 9.343488172330796e-05, -0.00033386558107905285, 5.7719847322852745e-05, 0.0002833861150859227, 0.00013512007070674446, -0.00043663969741943324, 0.00021458154410386508, 0.000109328510680225, 0.0002081580047251702, 0.0003750438259412653, 0.0001394973237402985, 0.0002373997240175575, -0.00016687578412097662, -0.00033263207526438367, 0.0002448737372865239, 0.00047064754229719113, -0.0001065685437040215, 0.0002905793241960591, -0.00018284374533414263, -0.00010463679603149546, 7.803138718604245e-05, -0.00021843676524473078, -0.00027837058830120176, 2.5478071585465206e-05, 0.00037778431878032173, -0.00029809320854696467, 0.00046423232486530336, 9.157309460091126e-05, 0.0003073810957989928, -0.00046532208019085233, -4.153521688145636e-05, 0.0003463561545597475, 2.8679398325123415e-05, -0.0003468032610596699, -0.00025042962847659556, -4.608561255023603e-05, 0.00023181206403458067, -5.986285468081098e-05, 0.0002721870957715245, 0.00032362715199400305, -0.000491101160540459, -0.0004199087529393415, 0.000354397966548159, 0.0001408715569356598, -0.00030829148617533017, -0.00015434104826033134, -0.00047837076358024167, 0.00031841285662377464, 0.00032306990476852057, 0.0004094277114102911, 0.00047371847899528054, -0.00018897624717596642, 0.0004984629059534308]
 
RESULTS:
--------
E_VQE = -10.608416618408068
inf_VQE = 1.0
n_fn_calls = 520
Wall-clock time 88.11591825703779 hours
 
For more output, see /home/jkattem1/HVQE/data/kagome/periodic/own_graph/ops/energy/4x2/output.txt
Plots of output saved in /home/jkattem1/HVQE/data/kagome/periodic/own_graph/ops/energy/4x2
End of HVQE.py
==========================================================================================
No CuPy installation found, continuing without GPU acceleration.
having the CPUs {16, 17, 44, 45} available.
Started basinhopping at 2021-02-05 11:58:12.099152 UTC, with
command line arguments = {'path': '/home/jkattem1/HVQE/data/kagome/periodic/own_graph/ops/energy/4x2', 'n_par': 84, 'par_multiplicity': 4, 'n_iter': 0, 'cost_fn': 'energy', 'temperature': 1.0, 'stepsize': 1.0, 'init_par': None, 'dump_interval': None}
runtime variables =  {'GPU': False, 'date_start': '2021-02-05 11:58:12.099152', 'complete_graph': [(0, 8), (2, 10), (4, 12), (6, 14), (16, 11), (18, 13), (20, 15), (22, 9), (19, 1), (21, 3), (23, 5), (17, 7), (1, 8), (3, 10), (5, 12), (7, 14), (9, 16), (11, 18), (13, 20), (15, 22), (17, 0), (19, 2), (21, 4), (23, 6), (1, 2), (3, 4), (5, 6), (7, 0), (10, 16), (12, 18), (14, 20), (8, 22), (9, 17), (11, 19), (13, 21), (15, 23), (0, 1), (2, 3), (4, 5), (6, 7), (8, 9), (10, 11), (12, 13), (14, 15), (16, 17), (18, 19), (20, 21), (22, 23)], 'init_layer': [(0, 1), (2, 3), (4, 5), (6, 7), (8, 9), (10, 11), (12, 13), (14, 15), (16, 17), (18, 19), (20, 21), (22, 23)], 'layers': [[(0, 8), (2, 10), (4, 12), (6, 14), (16, 11), (18, 13), (20, 15), (22, 9), (19, 1), (21, 3), (23, 5), (17, 7)], [(1, 8), (3, 10), (5, 12), (7, 14), (9, 16), (11, 18), (13, 20), (15, 22), (17, 0), (19, 2), (21, 4), (23, 6)], [(1, 2), (3, 4), (5, 6), (7, 0), (10, 16), (12, 18), (14, 20), (8, 22), (9, 17), (11, 19), (13, 21), (15, 23)], [(0, 1), (2, 3), (4, 5), (6, 7), (8, 9), (10, 11), (12, 13), (14, 15), (16, 17), (18, 19), (20, 21), (22, 23)]], 'n': 24}
...................................................................................................................................................................................................................................................................................................................................................................................................................................slurmstepd: error: *** JOB 2630 ON obelix-cn002 CANCELLED AT 2021-02-08T21:13:53 ***
