CuPy installation found, continuing using GPU acceleration.
having the CPUs {1, 3, 5} available.
Started basinhopping at 2021-01-16 19:29:34.611272 UTC, with
command line arguments = {'path': '/home/jkgpu/HVQE/data/chain/periodic/own_graph/ops/energy/18', 'n_par': 16, 'par_multiplicity': 9, 'n_iter': 0, 'cost_fn': 'energy', 'temperature': 1.0, 'stepsize': 1.0, 'init_par': None, 'dump_interval': None}
runtime variables =  {'GPU': True, 'date_start': '2021-01-16 19:29:34.611272', 'complete_graph': [(1, 2), (3, 4), (5, 6), (7, 8), (9, 10), (11, 12), (13, 14), (15, 16), (17, 0), (0, 1), (2, 3), (4, 5), (6, 7), (8, 9), (10, 11), (12, 13), (14, 15), (16, 17)], 'init_layer': [(0, 1), (2, 3), (4, 5), (6, 7), (8, 9), (10, 11), (12, 13), (14, 15), (16, 17)], 'layers': [[(1, 2), (3, 4), (5, 6), (7, 8), (9, 10), (11, 12), (13, 14), (15, 16), (17, 0)], [(0, 1), (2, 3), (4, 5), (6, 7), (8, 9), (10, 11), (12, 13), (14, 15), (16, 17)]], 'n': 18}
................................................................................................................................................................................................................................................................................................................................./home/jkgpu/miniconda3/lib/python3.8/site-packages/chainer/backends/cuda.py:142: UserWarning: cuDNN is not enabled.
Please reinstall CuPy after you install cudnn
(see https://docs-cupy.chainer.org/en/stable/install.html#install-cudnn).
  warnings.warn(
/home/jkgpu/miniconda3/lib/python3.8/site-packages/chainer/_environment_check.py:70: UserWarning: 
--------------------------------------------------------------------------------
CuPy (cupy) version 8.0.0 may not be compatible with this version of Chainer.
Please consider installing the supported version by running:
  $ pip install 'cupy>=6.3.0,<7.0.0'

See the following page for more details:
  https://docs-cupy.chainer.org/en/latest/install.html
--------------------------------------------------------------------------------

  warnings.warn(msg.format(
 
==========================================================================================
Finished basinhopping of  /home/jkgpu/HVQE/data/chain/periodic/own_graph/ops/energy/18 at 2021-01-16 19:44:16.906628 UTC, with
 
{'path': '/home/jkgpu/HVQE/data/chain/periodic/own_graph/ops/energy/18', 'n_par': 16, 'par_multiplicity': 9, 'n_iter': 0, 'cost_fn': 'energy', 'temperature': 1.0, 'stepsize': 1.0, 'init_par': None, 'dump_interval': None}
init_par = [-1.548969549878377e-05, -0.00032212706373278626, -0.00022652937802876384, 0.0003075989179195564, 0.0004559132119804232, 0.00040929317908194646, 0.0001866592313056111, 0.0002859515907287037, -0.0002833440871231217, 5.644593485985513e-05, 0.0004313346987386683, -0.000487309483151515, -0.00036880492575029915, -0.00040002701726039825, -0.00025839832065969917, 0.00045677897883214947]
 
RESULTS:
--------
E_VQE = -7.983113090590636
inf_VQE = 0.059188383280209145
n_fn_calls = 321
Wall-clock time 0.2447359495692783 hours
 
For more output, see /home/jkgpu/HVQE/data/chain/periodic/own_graph/ops/energy/18/output.txt
Plots of output saved in /home/jkgpu/HVQE/data/chain/periodic/own_graph/ops/energy/18
End of HVQE.py
==========================================================================================
