/home/jkgpu/miniconda3/lib/python3.8/site-packages/chainer/backends/cuda.py:142: UserWarning: cuDNN is not enabled.
Please reinstall CuPy after you install cudnn
(see https://docs-cupy.chainer.org/en/stable/install.html#install-cudnn).
  warnings.warn(
/home/jkgpu/miniconda3/lib/python3.8/site-packages/chainer/_environment_check.py:70: UserWarning: 
--------------------------------------------------------------------------------
CuPy (cupy) version 8.0.0 may not be compatible with this version of Chainer.
Please consider installing the supported version by running:
  $ pip install 'cupy>=6.3.0,<7.0.0'

See the following page for more details:
  https://docs-cupy.chainer.org/en/latest/install.html
--------------------------------------------------------------------------------

  warnings.warn(msg.format(
CuPy installation found, continuing using GPU acceleration.
having the CPUs {0, 2, 4} available.
Started basinhopping at 2021-01-16 21:49:35.095378 UTC, with
command line arguments = {'path': '/home/jkgpu/HVQE/data/chain/periodic/own_graph/ops/energy/18', 'n_par': 0, 'par_multiplicity': 9, 'n_iter': 0, 'cost_fn': 'energy', 'temperature': 1.0, 'stepsize': 1.0, 'init_par': None, 'dump_interval': None}
runtime variables =  {'GPU': True, 'date_start': '2021-01-16 21:49:35.095378', 'complete_graph': [(1, 2), (3, 4), (5, 6), (7, 8), (9, 10), (11, 12), (13, 14), (15, 16), (17, 0), (0, 1), (2, 3), (4, 5), (6, 7), (8, 9), (10, 11), (12, 13), (14, 15), (16, 17)], 'init_layer': [(0, 1), (2, 3), (4, 5), (6, 7), (8, 9), (10, 11), (12, 13), (14, 15), (16, 17)], 'layers': [[(1, 2), (3, 4), (5, 6), (7, 8), (9, 10), (11, 12), (13, 14), (15, 16), (17, 0)], [(0, 1), (2, 3), (4, 5), (6, 7), (8, 9), (10, 11), (12, 13), (14, 15), (16, 17)]], 'n': 18}
 
==========================================================================================
Finished basinhopping of  /home/jkgpu/HVQE/data/chain/periodic/own_graph/ops/energy/18 at 2021-01-16 21:49:35.725230 UTC, with
 
{'path': '/home/jkgpu/HVQE/data/chain/periodic/own_graph/ops/energy/18', 'n_par': 0, 'par_multiplicity': 9, 'n_iter': 0, 'cost_fn': 'energy', 'temperature': 1.0, 'stepsize': 1.0, 'init_par': None, 'dump_interval': None}
init_par = []
 
RESULTS:
--------
E_VQE = -6.74999999999999
inf_VQE = 0.7792873293483105
n_fn_calls = 0
Wall-clock time 5.021101898617214e-05 hours
 
For more output, see /home/jkgpu/HVQE/data/chain/periodic/own_graph/ops/energy/18/output.txt
Plots of output saved in /home/jkgpu/HVQE/data/chain/periodic/own_graph/ops/energy/18
End of HVQE.py
==========================================================================================
CuPy installation found, continuing using GPU acceleration.
having the CPUs {0, 2, 4} available.
Started basinhopping at 2021-01-16 21:49:41.181374 UTC, with
command line arguments = {'path': '/home/jkgpu/HVQE/data/chain/periodic/own_graph/ops/energy/18', 'n_par': 2, 'par_multiplicity': 9, 'n_iter': 0, 'cost_fn': 'energy', 'temperature': 1.0, 'stepsize': 1.0, 'init_par': None, 'dump_interval': None}
runtime variables =  {'GPU': True, 'date_start': '2021-01-16 21:49:41.181374', 'complete_graph': [(1, 2), (3, 4), (5, 6), (7, 8), (9, 10), (11, 12), (13, 14), (15, 16), (17, 0), (0, 1), (2, 3), (4, 5), (6, 7), (8, 9), (10, 11), (12, 13), (14, 15), (16, 17)], 'init_layer': [(0, 1), (2, 3), (4, 5), (6, 7), (8, 9), (10, 11), (12, 13), (14, 15), (16, 17)], 'layers': [[(1, 2), (3, 4), (5, 6), (7, 8), (9, 10), (11, 12), (13, 14), (15, 16), (17, 0)], [(0, 1), (2, 3), (4, 5), (6, 7), (8, 9), (10, 11), (12, 13), (14, 15), (16, 17)]], 'n': 18}
................................./home/jkgpu/miniconda3/lib/python3.8/site-packages/chainer/backends/cuda.py:142: UserWarning: cuDNN is not enabled.
Please reinstall CuPy after you install cudnn
(see https://docs-cupy.chainer.org/en/stable/install.html#install-cudnn).
  warnings.warn(
/home/jkgpu/miniconda3/lib/python3.8/site-packages/chainer/_environment_check.py:70: UserWarning: 
--------------------------------------------------------------------------------
CuPy (cupy) version 8.0.0 may not be compatible with this version of Chainer.
Please consider installing the supported version by running:
  $ pip install 'cupy>=6.3.0,<7.0.0'

See the following page for more details:
  https://docs-cupy.chainer.org/en/latest/install.html
--------------------------------------------------------------------------------

  warnings.warn(msg.format(
 
==========================================================================================
Finished basinhopping of  /home/jkgpu/HVQE/data/chain/periodic/own_graph/ops/energy/18 at 2021-01-16 21:49:55.640772 UTC, with
 
{'path': '/home/jkgpu/HVQE/data/chain/periodic/own_graph/ops/energy/18', 'n_par': 2, 'par_multiplicity': 9, 'n_iter': 0, 'cost_fn': 'energy', 'temperature': 1.0, 'stepsize': 1.0, 'init_par': None, 'dump_interval': None}
init_par = [8.563790666653e-05, -0.00015982542367358346]
 
RESULTS:
--------
E_VQE = -7.695166169667747
inf_VQE = 0.504710257925707
n_fn_calls = 33
Wall-clock time 0.0038925768269432916 hours
 
For more output, see /home/jkgpu/HVQE/data/chain/periodic/own_graph/ops/energy/18/output.txt
Plots of output saved in /home/jkgpu/HVQE/data/chain/periodic/own_graph/ops/energy/18
End of HVQE.py
==========================================================================================
CuPy installation found, continuing using GPU acceleration.
having the CPUs {0, 2, 4} available.
Started basinhopping at 2021-01-16 21:50:00.950696 UTC, with
command line arguments = {'path': '/home/jkgpu/HVQE/data/chain/periodic/own_graph/ops/energy/18', 'n_par': 4, 'par_multiplicity': 9, 'n_iter': 0, 'cost_fn': 'energy', 'temperature': 1.0, 'stepsize': 1.0, 'init_par': None, 'dump_interval': None}
runtime variables =  {'GPU': True, 'date_start': '2021-01-16 21:50:00.950696', 'complete_graph': [(1, 2), (3, 4), (5, 6), (7, 8), (9, 10), (11, 12), (13, 14), (15, 16), (17, 0), (0, 1), (2, 3), (4, 5), (6, 7), (8, 9), (10, 11), (12, 13), (14, 15), (16, 17)], 'init_layer': [(0, 1), (2, 3), (4, 5), (6, 7), (8, 9), (10, 11), (12, 13), (14, 15), (16, 17)], 'layers': [[(1, 2), (3, 4), (5, 6), (7, 8), (9, 10), (11, 12), (13, 14), (15, 16), (17, 0)], [(0, 1), (2, 3), (4, 5), (6, 7), (8, 9), (10, 11), (12, 13), (14, 15), (16, 17)]], 'n': 18}
......................................................................../home/jkgpu/miniconda3/lib/python3.8/site-packages/chainer/backends/cuda.py:142: UserWarning: cuDNN is not enabled.
Please reinstall CuPy after you install cudnn
(see https://docs-cupy.chainer.org/en/stable/install.html#install-cudnn).
  warnings.warn(
/home/jkgpu/miniconda3/lib/python3.8/site-packages/chainer/_environment_check.py:70: UserWarning: 
--------------------------------------------------------------------------------
CuPy (cupy) version 8.0.0 may not be compatible with this version of Chainer.
Please consider installing the supported version by running:
  $ pip install 'cupy>=6.3.0,<7.0.0'

See the following page for more details:
  https://docs-cupy.chainer.org/en/latest/install.html
--------------------------------------------------------------------------------

  warnings.warn(msg.format(
 
==========================================================================================
Finished basinhopping of  /home/jkgpu/HVQE/data/chain/periodic/own_graph/ops/energy/18 at 2021-01-16 21:50:52.344444 UTC, with
 
{'path': '/home/jkgpu/HVQE/data/chain/periodic/own_graph/ops/energy/18', 'n_par': 4, 'par_multiplicity': 9, 'n_iter': 0, 'cost_fn': 'energy', 'temperature': 1.0, 'stepsize': 1.0, 'init_par': None, 'dump_interval': None}
init_par = [-0.0002938454582200042, -2.033868734860057e-05, 0.0004515824140484935, 0.00043016354656985666]
 
RESULTS:
--------
E_VQE = -7.732257141328496
inf_VQE = 0.47642902161768497
n_fn_calls = 72
Wall-clock time 0.01414398259586758 hours
 
For more output, see /home/jkgpu/HVQE/data/chain/periodic/own_graph/ops/energy/18/output.txt
Plots of output saved in /home/jkgpu/HVQE/data/chain/periodic/own_graph/ops/energy/18
End of HVQE.py
==========================================================================================
CuPy installation found, continuing using GPU acceleration.
having the CPUs {0, 2, 4} available.
Started basinhopping at 2021-01-16 21:51:00.970714 UTC, with
command line arguments = {'path': '/home/jkgpu/HVQE/data/chain/periodic/own_graph/ops/energy/18', 'n_par': 6, 'par_multiplicity': 9, 'n_iter': 0, 'cost_fn': 'energy', 'temperature': 1.0, 'stepsize': 1.0, 'init_par': None, 'dump_interval': None}
runtime variables =  {'GPU': True, 'date_start': '2021-01-16 21:51:00.970714', 'complete_graph': [(1, 2), (3, 4), (5, 6), (7, 8), (9, 10), (11, 12), (13, 14), (15, 16), (17, 0), (0, 1), (2, 3), (4, 5), (6, 7), (8, 9), (10, 11), (12, 13), (14, 15), (16, 17)], 'init_layer': [(0, 1), (2, 3), (4, 5), (6, 7), (8, 9), (10, 11), (12, 13), (14, 15), (16, 17)], 'layers': [[(1, 2), (3, 4), (5, 6), (7, 8), (9, 10), (11, 12), (13, 14), (15, 16), (17, 0)], [(0, 1), (2, 3), (4, 5), (6, 7), (8, 9), (10, 11), (12, 13), (14, 15), (16, 17)]], 'n': 18}
........................................................................../home/jkgpu/miniconda3/lib/python3.8/site-packages/chainer/backends/cuda.py:142: UserWarning: cuDNN is not enabled.
Please reinstall CuPy after you install cudnn
(see https://docs-cupy.chainer.org/en/stable/install.html#install-cudnn).
  warnings.warn(
/home/jkgpu/miniconda3/lib/python3.8/site-packages/chainer/_environment_check.py:70: UserWarning: 
--------------------------------------------------------------------------------
CuPy (cupy) version 8.0.0 may not be compatible with this version of Chainer.
Please consider installing the supported version by running:
  $ pip install 'cupy>=6.3.0,<7.0.0'

See the following page for more details:
  https://docs-cupy.chainer.org/en/latest/install.html
--------------------------------------------------------------------------------

  warnings.warn(msg.format(
 
==========================================================================================
Finished basinhopping of  /home/jkgpu/HVQE/data/chain/periodic/own_graph/ops/energy/18 at 2021-01-16 21:52:14.408379 UTC, with
 
{'path': '/home/jkgpu/HVQE/data/chain/periodic/own_graph/ops/energy/18', 'n_par': 6, 'par_multiplicity': 9, 'n_iter': 0, 'cost_fn': 'energy', 'temperature': 1.0, 'stepsize': 1.0, 'init_par': None, 'dump_interval': None}
init_par = [-0.0003634384481033344, -0.00017157163924439377, -0.0003886971353608185, -0.0004986061963645182, -0.0004221342436355008, -0.0002005843620151826]
 
RESULTS:
--------
E_VQE = -7.854962404439517
inf_VQE = 0.3555601686535115
n_fn_calls = 74
Wall-clock time 0.020241973996162413 hours
 
For more output, see /home/jkgpu/HVQE/data/chain/periodic/own_graph/ops/energy/18/output.txt
Plots of output saved in /home/jkgpu/HVQE/data/chain/periodic/own_graph/ops/energy/18
End of HVQE.py
==========================================================================================
CuPy installation found, continuing using GPU acceleration.
having the CPUs {0, 2, 4} available.
Started basinhopping at 2021-01-16 21:52:23.176355 UTC, with
command line arguments = {'path': '/home/jkgpu/HVQE/data/chain/periodic/own_graph/ops/energy/18', 'n_par': 8, 'par_multiplicity': 9, 'n_iter': 0, 'cost_fn': 'energy', 'temperature': 1.0, 'stepsize': 1.0, 'init_par': None, 'dump_interval': None}
runtime variables =  {'GPU': True, 'date_start': '2021-01-16 21:52:23.176355', 'complete_graph': [(1, 2), (3, 4), (5, 6), (7, 8), (9, 10), (11, 12), (13, 14), (15, 16), (17, 0), (0, 1), (2, 3), (4, 5), (6, 7), (8, 9), (10, 11), (12, 13), (14, 15), (16, 17)], 'init_layer': [(0, 1), (2, 3), (4, 5), (6, 7), (8, 9), (10, 11), (12, 13), (14, 15), (16, 17)], 'layers': [[(1, 2), (3, 4), (5, 6), (7, 8), (9, 10), (11, 12), (13, 14), (15, 16), (17, 0)], [(0, 1), (2, 3), (4, 5), (6, 7), (8, 9), (10, 11), (12, 13), (14, 15), (16, 17)]], 'n': 18}
.............................................................................................................../home/jkgpu/miniconda3/lib/python3.8/site-packages/chainer/backends/cuda.py:142: UserWarning: cuDNN is not enabled.
Please reinstall CuPy after you install cudnn
(see https://docs-cupy.chainer.org/en/stable/install.html#install-cudnn).
  warnings.warn(
/home/jkgpu/miniconda3/lib/python3.8/site-packages/chainer/_environment_check.py:70: UserWarning: 
--------------------------------------------------------------------------------
CuPy (cupy) version 8.0.0 may not be compatible with this version of Chainer.
Please consider installing the supported version by running:
  $ pip install 'cupy>=6.3.0,<7.0.0'

See the following page for more details:
  https://docs-cupy.chainer.org/en/latest/install.html
--------------------------------------------------------------------------------

  warnings.warn(msg.format(
 
==========================================================================================
Finished basinhopping of  /home/jkgpu/HVQE/data/chain/periodic/own_graph/ops/energy/18 at 2021-01-16 21:54:42.472074 UTC, with
 
{'path': '/home/jkgpu/HVQE/data/chain/periodic/own_graph/ops/energy/18', 'n_par': 8, 'par_multiplicity': 9, 'n_iter': 0, 'cost_fn': 'energy', 'temperature': 1.0, 'stepsize': 1.0, 'init_par': None, 'dump_interval': None}
init_par = [-0.00014995934144202008, -0.0004172356921248155, 1.1061854209277891e-05, 0.00043395716068896745, 0.00012135134347855128, -0.0003364576287173708, -0.00035086418254056697, -0.0003027708758187225]
 
RESULTS:
--------
E_VQE = -7.903377215409319
inf_VQE = 0.2704518734183936
n_fn_calls = 111
Wall-clock time 0.038533498181237115 hours
 
For more output, see /home/jkgpu/HVQE/data/chain/periodic/own_graph/ops/energy/18/output.txt
Plots of output saved in /home/jkgpu/HVQE/data/chain/periodic/own_graph/ops/energy/18
End of HVQE.py
==========================================================================================
CuPy installation found, continuing using GPU acceleration.
having the CPUs {0, 2, 4} available.
Started basinhopping at 2021-01-16 21:54:47.867634 UTC, with
command line arguments = {'path': '/home/jkgpu/HVQE/data/chain/periodic/own_graph/ops/energy/18', 'n_par': 10, 'par_multiplicity': 9, 'n_iter': 0, 'cost_fn': 'energy', 'temperature': 1.0, 'stepsize': 1.0, 'init_par': None, 'dump_interval': None}
runtime variables =  {'GPU': True, 'date_start': '2021-01-16 21:54:47.867634', 'complete_graph': [(1, 2), (3, 4), (5, 6), (7, 8), (9, 10), (11, 12), (13, 14), (15, 16), (17, 0), (0, 1), (2, 3), (4, 5), (6, 7), (8, 9), (10, 11), (12, 13), (14, 15), (16, 17)], 'init_layer': [(0, 1), (2, 3), (4, 5), (6, 7), (8, 9), (10, 11), (12, 13), (14, 15), (16, 17)], 'layers': [[(1, 2), (3, 4), (5, 6), (7, 8), (9, 10), (11, 12), (13, 14), (15, 16), (17, 0)], [(0, 1), (2, 3), (4, 5), (6, 7), (8, 9), (10, 11), (12, 13), (14, 15), (16, 17)]], 'n': 18}
....................................................................................................................../home/jkgpu/miniconda3/lib/python3.8/site-packages/chainer/backends/cuda.py:142: UserWarning: cuDNN is not enabled.
Please reinstall CuPy after you install cudnn
(see https://docs-cupy.chainer.org/en/stable/install.html#install-cudnn).
  warnings.warn(
/home/jkgpu/miniconda3/lib/python3.8/site-packages/chainer/_environment_check.py:70: UserWarning: 
--------------------------------------------------------------------------------
CuPy (cupy) version 8.0.0 may not be compatible with this version of Chainer.
Please consider installing the supported version by running:
  $ pip install 'cupy>=6.3.0,<7.0.0'

See the following page for more details:
  https://docs-cupy.chainer.org/en/latest/install.html
--------------------------------------------------------------------------------

  warnings.warn(msg.format(
 
==========================================================================================
Finished basinhopping of  /home/jkgpu/HVQE/data/chain/periodic/own_graph/ops/energy/18 at 2021-01-16 21:57:49.342235 UTC, with
 
{'path': '/home/jkgpu/HVQE/data/chain/periodic/own_graph/ops/energy/18', 'n_par': 10, 'par_multiplicity': 9, 'n_iter': 0, 'cost_fn': 'energy', 'temperature': 1.0, 'stepsize': 1.0, 'init_par': None, 'dump_interval': None}
init_par = [-0.0003062318047796904, 0.00024281412922408472, 4.567708003820159e-05, 0.0003830879983165921, -0.0002955689648711348, -0.0002726125826461935, 0.0004550734527093657, -0.00021397519397177732, -0.0003856445851497807, 0.0002450457338042467]
 
RESULTS:
--------
E_VQE = -7.9297515521558894
inf_VQE = 0.187045051931507
n_fn_calls = 118
Wall-clock time 0.0502244770526886 hours
 
For more output, see /home/jkgpu/HVQE/data/chain/periodic/own_graph/ops/energy/18/output.txt
Plots of output saved in /home/jkgpu/HVQE/data/chain/periodic/own_graph/ops/energy/18
End of HVQE.py
==========================================================================================
CuPy installation found, continuing using GPU acceleration.
having the CPUs {0, 2, 4} available.
Started basinhopping at 2021-01-16 21:57:54.762239 UTC, with
command line arguments = {'path': '/home/jkgpu/HVQE/data/chain/periodic/own_graph/ops/energy/18', 'n_par': 12, 'par_multiplicity': 9, 'n_iter': 0, 'cost_fn': 'energy', 'temperature': 1.0, 'stepsize': 1.0, 'init_par': None, 'dump_interval': None}
runtime variables =  {'GPU': True, 'date_start': '2021-01-16 21:57:54.762239', 'complete_graph': [(1, 2), (3, 4), (5, 6), (7, 8), (9, 10), (11, 12), (13, 14), (15, 16), (17, 0), (0, 1), (2, 3), (4, 5), (6, 7), (8, 9), (10, 11), (12, 13), (14, 15), (16, 17)], 'init_layer': [(0, 1), (2, 3), (4, 5), (6, 7), (8, 9), (10, 11), (12, 13), (14, 15), (16, 17)], 'layers': [[(1, 2), (3, 4), (5, 6), (7, 8), (9, 10), (11, 12), (13, 14), (15, 16), (17, 0)], [(0, 1), (2, 3), (4, 5), (6, 7), (8, 9), (10, 11), (12, 13), (14, 15), (16, 17)]], 'n': 18}
....................................................................................................................................................................../home/jkgpu/miniconda3/lib/python3.8/site-packages/chainer/backends/cuda.py:142: UserWarning: cuDNN is not enabled.
Please reinstall CuPy after you install cudnn
(see https://docs-cupy.chainer.org/en/stable/install.html#install-cudnn).
  warnings.warn(
/home/jkgpu/miniconda3/lib/python3.8/site-packages/chainer/_environment_check.py:70: UserWarning: 
--------------------------------------------------------------------------------
CuPy (cupy) version 8.0.0 may not be compatible with this version of Chainer.
Please consider installing the supported version by running:
  $ pip install 'cupy>=6.3.0,<7.0.0'

See the following page for more details:
  https://docs-cupy.chainer.org/en/latest/install.html
--------------------------------------------------------------------------------

  warnings.warn(msg.format(
 
==========================================================================================
Finished basinhopping of  /home/jkgpu/HVQE/data/chain/periodic/own_graph/ops/energy/18 at 2021-01-16 22:02:59.382573 UTC, with
 
{'path': '/home/jkgpu/HVQE/data/chain/periodic/own_graph/ops/energy/18', 'n_par': 12, 'par_multiplicity': 9, 'n_iter': 0, 'cost_fn': 'energy', 'temperature': 1.0, 'stepsize': 1.0, 'init_par': None, 'dump_interval': None}
init_par = [0.0002859589019312285, -0.00019237396781986794, -0.0003880549255037965, 0.0002265939773315824, -0.0004113081031267802, -0.00012609318501170022, 0.00027012825615452165, 1.3464607444621437e-05, -0.00015997881472892974, 0.0003969233866092011, 9.936043107006793e-05, -0.00030366970727273594]
 
RESULTS:
--------
E_VQE = -7.951085934965008
inf_VQE = 0.11979071276135311
n_fn_calls = 166
Wall-clock time 0.08442691014872657 hours
 
For more output, see /home/jkgpu/HVQE/data/chain/periodic/own_graph/ops/energy/18/output.txt
Plots of output saved in /home/jkgpu/HVQE/data/chain/periodic/own_graph/ops/energy/18
End of HVQE.py
==========================================================================================
CuPy installation found, continuing using GPU acceleration.
having the CPUs {0, 2, 4} available.
Started basinhopping at 2021-01-16 22:03:04.835375 UTC, with
command line arguments = {'path': '/home/jkgpu/HVQE/data/chain/periodic/own_graph/ops/energy/18', 'n_par': 14, 'par_multiplicity': 9, 'n_iter': 0, 'cost_fn': 'energy', 'temperature': 1.0, 'stepsize': 1.0, 'init_par': None, 'dump_interval': None}
runtime variables =  {'GPU': True, 'date_start': '2021-01-16 22:03:04.835375', 'complete_graph': [(1, 2), (3, 4), (5, 6), (7, 8), (9, 10), (11, 12), (13, 14), (15, 16), (17, 0), (0, 1), (2, 3), (4, 5), (6, 7), (8, 9), (10, 11), (12, 13), (14, 15), (16, 17)], 'init_layer': [(0, 1), (2, 3), (4, 5), (6, 7), (8, 9), (10, 11), (12, 13), (14, 15), (16, 17)], 'layers': [[(1, 2), (3, 4), (5, 6), (7, 8), (9, 10), (11, 12), (13, 14), (15, 16), (17, 0)], [(0, 1), (2, 3), (4, 5), (6, 7), (8, 9), (10, 11), (12, 13), (14, 15), (16, 17)]], 'n': 18}
........................................................................................................................................................................................................................................................................./home/jkgpu/miniconda3/lib/python3.8/site-packages/chainer/backends/cuda.py:142: UserWarning: cuDNN is not enabled.
Please reinstall CuPy after you install cudnn
(see https://docs-cupy.chainer.org/en/stable/install.html#install-cudnn).
  warnings.warn(
/home/jkgpu/miniconda3/lib/python3.8/site-packages/chainer/_environment_check.py:70: UserWarning: 
--------------------------------------------------------------------------------
CuPy (cupy) version 8.0.0 may not be compatible with this version of Chainer.
Please consider installing the supported version by running:
  $ pip install 'cupy>=6.3.0,<7.0.0'

See the following page for more details:
  https://docs-cupy.chainer.org/en/latest/install.html
--------------------------------------------------------------------------------

  warnings.warn(msg.format(
 
==========================================================================================
Finished basinhopping of  /home/jkgpu/HVQE/data/chain/periodic/own_graph/ops/energy/18 at 2021-01-16 22:12:32.684099 UTC, with
 
{'path': '/home/jkgpu/HVQE/data/chain/periodic/own_graph/ops/energy/18', 'n_par': 14, 'par_multiplicity': 9, 'n_iter': 0, 'cost_fn': 'energy', 'temperature': 1.0, 'stepsize': 1.0, 'init_par': None, 'dump_interval': None}
init_par = [-0.00032626855764250455, -7.881882483471971e-05, -0.00027036650635253, -0.00046199683591747413, -2.5711495364542014e-05, -0.00041288355828044456, 0.0003278539885879447, -0.00042240179304770973, 0.0003641717911465483, -0.0003687939560306509, 0.0002520736856478521, 5.851201404899161e-05, -0.00037952768136023717, 0.00026608820269461103]
 
RESULTS:
--------
E_VQE = -7.969347500518505
inf_VQE = 0.08071880841223522
n_fn_calls = 265
Wall-clock time 0.1575513501962026 hours
 
For more output, see /home/jkgpu/HVQE/data/chain/periodic/own_graph/ops/energy/18/output.txt
Plots of output saved in /home/jkgpu/HVQE/data/chain/periodic/own_graph/ops/energy/18
End of HVQE.py
==========================================================================================
CuPy installation found, continuing using GPU acceleration.
having the CPUs {0, 2, 4} available.
Started basinhopping at 2021-01-16 22:12:41.534487 UTC, with
command line arguments = {'path': '/home/jkgpu/HVQE/data/chain/periodic/own_graph/ops/energy/18', 'n_par': 16, 'par_multiplicity': 9, 'n_iter': 0, 'cost_fn': 'energy', 'temperature': 1.0, 'stepsize': 1.0, 'init_par': None, 'dump_interval': None}
runtime variables =  {'GPU': True, 'date_start': '2021-01-16 22:12:41.534487', 'complete_graph': [(1, 2), (3, 4), (5, 6), (7, 8), (9, 10), (11, 12), (13, 14), (15, 16), (17, 0), (0, 1), (2, 3), (4, 5), (6, 7), (8, 9), (10, 11), (12, 13), (14, 15), (16, 17)], 'init_layer': [(0, 1), (2, 3), (4, 5), (6, 7), (8, 9), (10, 11), (12, 13), (14, 15), (16, 17)], 'layers': [[(1, 2), (3, 4), (5, 6), (7, 8), (9, 10), (11, 12), (13, 14), (15, 16), (17, 0)], [(0, 1), (2, 3), (4, 5), (6, 7), (8, 9), (10, 11), (12, 13), (14, 15), (16, 17)]], 'n': 18}
................................................................................................................................................................................................................................................................................................................/home/jkgpu/miniconda3/lib/python3.8/site-packages/chainer/backends/cuda.py:142: UserWarning: cuDNN is not enabled.
Please reinstall CuPy after you install cudnn
(see https://docs-cupy.chainer.org/en/stable/install.html#install-cudnn).
  warnings.warn(
/home/jkgpu/miniconda3/lib/python3.8/site-packages/chainer/_environment_check.py:70: UserWarning: 
--------------------------------------------------------------------------------
CuPy (cupy) version 8.0.0 may not be compatible with this version of Chainer.
Please consider installing the supported version by running:
  $ pip install 'cupy>=6.3.0,<7.0.0'

See the following page for more details:
  https://docs-cupy.chainer.org/en/latest/install.html
--------------------------------------------------------------------------------

  warnings.warn(msg.format(
 
==========================================================================================
Finished basinhopping of  /home/jkgpu/HVQE/data/chain/periodic/own_graph/ops/energy/18 at 2021-01-16 22:25:01.283066 UTC, with
 
{'path': '/home/jkgpu/HVQE/data/chain/periodic/own_graph/ops/energy/18', 'n_par': 16, 'par_multiplicity': 9, 'n_iter': 0, 'cost_fn': 'energy', 'temperature': 1.0, 'stepsize': 1.0, 'init_par': None, 'dump_interval': None}
init_par = [0.00043640904570599944, 7.377094660519507e-05, -0.0001966814521515954, 0.0004261844123645835, 5.6379647001362707e-05, 0.00013106273583365208, -0.00010759350660391985, 7.811106355251173e-05, -0.00030864758972664165, 0.00046830047290172055, -0.00023507987174757182, 0.00037380690509593686, -0.0004424466749381888, 0.0003301493249397359, -3.689240740446765e-05, 0.00019089173693745995]
 
RESULTS:
--------
E_VQE = -8.011243491698915
inf_VQE = 0.01254064376827757
n_fn_calls = 304
Wall-clock time 0.20527630421850415 hours
 
For more output, see /home/jkgpu/HVQE/data/chain/periodic/own_graph/ops/energy/18/output.txt
Plots of output saved in /home/jkgpu/HVQE/data/chain/periodic/own_graph/ops/energy/18
End of HVQE.py
==========================================================================================
CuPy installation found, continuing using GPU acceleration.
having the CPUs {0, 2, 4} available.
Started basinhopping at 2021-01-16 22:25:10.775598 UTC, with
command line arguments = {'path': '/home/jkgpu/HVQE/data/chain/periodic/own_graph/ops/energy/18', 'n_par': 18, 'par_multiplicity': 9, 'n_iter': 0, 'cost_fn': 'energy', 'temperature': 1.0, 'stepsize': 1.0, 'init_par': None, 'dump_interval': None}
runtime variables =  {'GPU': True, 'date_start': '2021-01-16 22:25:10.775598', 'complete_graph': [(1, 2), (3, 4), (5, 6), (7, 8), (9, 10), (11, 12), (13, 14), (15, 16), (17, 0), (0, 1), (2, 3), (4, 5), (6, 7), (8, 9), (10, 11), (12, 13), (14, 15), (16, 17)], 'init_layer': [(0, 1), (2, 3), (4, 5), (6, 7), (8, 9), (10, 11), (12, 13), (14, 15), (16, 17)], 'layers': [[(1, 2), (3, 4), (5, 6), (7, 8), (9, 10), (11, 12), (13, 14), (15, 16), (17, 0)], [(0, 1), (2, 3), (4, 5), (6, 7), (8, 9), (10, 11), (12, 13), (14, 15), (16, 17)]], 'n': 18}
........................................................................................................................................................................................................................................................................................................................................................................................................................................................................................................................................./home/jkgpu/miniconda3/lib/python3.8/site-packages/chainer/backends/cuda.py:142: UserWarning: cuDNN is not enabled.
Please reinstall CuPy after you install cudnn
(see https://docs-cupy.chainer.org/en/stable/install.html#install-cudnn).
  warnings.warn(
/home/jkgpu/miniconda3/lib/python3.8/site-packages/chainer/_environment_check.py:70: UserWarning: 
--------------------------------------------------------------------------------
CuPy (cupy) version 8.0.0 may not be compatible with this version of Chainer.
Please consider installing the supported version by running:
  $ pip install 'cupy>=6.3.0,<7.0.0'

See the following page for more details:
  https://docs-cupy.chainer.org/en/latest/install.html
--------------------------------------------------------------------------------

  warnings.warn(msg.format(
 
==========================================================================================
Finished basinhopping of  /home/jkgpu/HVQE/data/chain/periodic/own_graph/ops/energy/18 at 2021-01-16 22:49:04.198921 UTC, with
 
{'path': '/home/jkgpu/HVQE/data/chain/periodic/own_graph/ops/energy/18', 'n_par': 18, 'par_multiplicity': 9, 'n_iter': 0, 'cost_fn': 'energy', 'temperature': 1.0, 'stepsize': 1.0, 'init_par': None, 'dump_interval': None}
init_par = [-0.0004507323800137926, 0.00011813077023532814, -4.519776688751396e-05, 0.00012185054750598581, 0.00047534866027148755, -1.8518997478815394e-06, 0.0004872158888986416, 0.00014109760926374261, -0.0002012274388410593, -0.0004872491373303297, 0.00043544210218227476, 0.00045724396741675605, 0.00028201238970570206, 0.0004945287089864693, -0.0003248942105190751, -0.00046378967460024615, 0.0002697018265732748, -7.08749373395885e-05]
 
RESULTS:
--------
E_VQE = -7.925657265635526
inf_VQE = 0.20989097645939536
n_fn_calls = 521
Wall-clock time 0.39795113073454963 hours
 
For more output, see /home/jkgpu/HVQE/data/chain/periodic/own_graph/ops/energy/18/output.txt
Plots of output saved in /home/jkgpu/HVQE/data/chain/periodic/own_graph/ops/energy/18
End of HVQE.py
==========================================================================================
CuPy installation found, continuing using GPU acceleration.
having the CPUs {0, 2, 4} available.
Started basinhopping at 2021-01-16 22:49:13.688015 UTC, with
command line arguments = {'path': '/home/jkgpu/HVQE/data/chain/periodic/own_graph/ops/energy/18', 'n_par': 20, 'par_multiplicity': 9, 'n_iter': 0, 'cost_fn': 'energy', 'temperature': 1.0, 'stepsize': 1.0, 'init_par': None, 'dump_interval': None}
runtime variables =  {'GPU': True, 'date_start': '2021-01-16 22:49:13.688015', 'complete_graph': [(1, 2), (3, 4), (5, 6), (7, 8), (9, 10), (11, 12), (13, 14), (15, 16), (17, 0), (0, 1), (2, 3), (4, 5), (6, 7), (8, 9), (10, 11), (12, 13), (14, 15), (16, 17)], 'init_layer': [(0, 1), (2, 3), (4, 5), (6, 7), (8, 9), (10, 11), (12, 13), (14, 15), (16, 17)], 'layers': [[(1, 2), (3, 4), (5, 6), (7, 8), (9, 10), (11, 12), (13, 14), (15, 16), (17, 0)], [(0, 1), (2, 3), (4, 5), (6, 7), (8, 9), (10, 11), (12, 13), (14, 15), (16, 17)]], 'n': 18}
........................................................................................................................................................................................................................................................................................../home/jkgpu/miniconda3/lib/python3.8/site-packages/chainer/backends/cuda.py:142: UserWarning: cuDNN is not enabled.
Please reinstall CuPy after you install cudnn
(see https://docs-cupy.chainer.org/en/stable/install.html#install-cudnn).
  warnings.warn(
/home/jkgpu/miniconda3/lib/python3.8/site-packages/chainer/_environment_check.py:70: UserWarning: 
--------------------------------------------------------------------------------
CuPy (cupy) version 8.0.0 may not be compatible with this version of Chainer.
Please consider installing the supported version by running:
  $ pip install 'cupy>=6.3.0,<7.0.0'

See the following page for more details:
  https://docs-cupy.chainer.org/en/latest/install.html
--------------------------------------------------------------------------------

  warnings.warn(msg.format(
 
==========================================================================================
Finished basinhopping of  /home/jkgpu/HVQE/data/chain/periodic/own_graph/ops/energy/18 at 2021-01-16 23:03:34.807213 UTC, with
 
{'path': '/home/jkgpu/HVQE/data/chain/periodic/own_graph/ops/energy/18', 'n_par': 20, 'par_multiplicity': 9, 'n_iter': 0, 'cost_fn': 'energy', 'temperature': 1.0, 'stepsize': 1.0, 'init_par': None, 'dump_interval': None}
init_par = [2.396165373038403e-05, 0.00014702187104735848, -0.0003180654792274783, 0.00034412178963248523, -0.00027515092478683017, 0.0002268265448231681, 6.421026779914211e-05, 0.0001458226687192255, 2.221785409968111e-05, 0.0004808359354891501, 0.0004277168965197616, 0.00044367291296665376, 1.3169118447015158e-05, -9.730468720392597e-05, -0.0004758129026147293, -0.00012434596856185777, 0.00027609319789432727, 9.00314866679353e-05, -0.00020367770442040523, -0.0004934256145746797]
 
RESULTS:
--------
E_VQE = -7.9369721291955875
inf_VQE = 0.17408857157387247
n_fn_calls = 282
Wall-clock time 0.23895553131898245 hours
 
For more output, see /home/jkgpu/HVQE/data/chain/periodic/own_graph/ops/energy/18/output.txt
Plots of output saved in /home/jkgpu/HVQE/data/chain/periodic/own_graph/ops/energy/18
End of HVQE.py
==========================================================================================
CuPy installation found, continuing using GPU acceleration.
having the CPUs {0, 2, 4} available.
Started basinhopping at 2021-01-16 23:03:44.619531 UTC, with
command line arguments = {'path': '/home/jkgpu/HVQE/data/chain/periodic/own_graph/ops/energy/18', 'n_par': 22, 'par_multiplicity': 9, 'n_iter': 0, 'cost_fn': 'energy', 'temperature': 1.0, 'stepsize': 1.0, 'init_par': None, 'dump_interval': None}
runtime variables =  {'GPU': True, 'date_start': '2021-01-16 23:03:44.619531', 'complete_graph': [(1, 2), (3, 4), (5, 6), (7, 8), (9, 10), (11, 12), (13, 14), (15, 16), (17, 0), (0, 1), (2, 3), (4, 5), (6, 7), (8, 9), (10, 11), (12, 13), (14, 15), (16, 17)], 'init_layer': [(0, 1), (2, 3), (4, 5), (6, 7), (8, 9), (10, 11), (12, 13), (14, 15), (16, 17)], 'layers': [[(1, 2), (3, 4), (5, 6), (7, 8), (9, 10), (11, 12), (13, 14), (15, 16), (17, 0)], [(0, 1), (2, 3), (4, 5), (6, 7), (8, 9), (10, 11), (12, 13), (14, 15), (16, 17)]], 'n': 18}
.............................................................................................................................................................................................................................................................................................................................................................................................................................................../home/jkgpu/miniconda3/lib/python3.8/site-packages/chainer/backends/cuda.py:142: UserWarning: cuDNN is not enabled.
Please reinstall CuPy after you install cudnn
(see https://docs-cupy.chainer.org/en/stable/install.html#install-cudnn).
  warnings.warn(
/home/jkgpu/miniconda3/lib/python3.8/site-packages/chainer/_environment_check.py:70: UserWarning: 
--------------------------------------------------------------------------------
CuPy (cupy) version 8.0.0 may not be compatible with this version of Chainer.
Please consider installing the supported version by running:
  $ pip install 'cupy>=6.3.0,<7.0.0'

See the following page for more details:
  https://docs-cupy.chainer.org/en/latest/install.html
--------------------------------------------------------------------------------

  warnings.warn(msg.format(
 
==========================================================================================
Finished basinhopping of  /home/jkgpu/HVQE/data/chain/periodic/own_graph/ops/energy/18 at 2021-01-16 23:27:54.530232 UTC, with
 
{'path': '/home/jkgpu/HVQE/data/chain/periodic/own_graph/ops/energy/18', 'n_par': 22, 'par_multiplicity': 9, 'n_iter': 0, 'cost_fn': 'energy', 'temperature': 1.0, 'stepsize': 1.0, 'init_par': None, 'dump_interval': None}
init_par = [-3.752001252306839e-06, -3.6744658547539376e-05, 0.00037151154190112796, -0.0003972521294249969, 2.007906840127108e-05, 8.946993355346674e-06, -0.0004583127022347906, 0.00029180414681622953, -4.689987556912793e-05, 0.0002442291056837659, 0.00026489999033369675, 8.240600077949315e-06, -0.0002481521403360135, 0.0004340666300826858, 2.2293776789172968e-05, 0.00023615451684217033, 0.00026361780425691774, -0.00010346850184637701, 0.0003271993357077136, 0.00043795912929860885, -0.0001687971812192437, -0.0003735652981424833]
 
RESULTS:
--------
E_VQE = -7.9884960458546255
inf_VQE = 0.04225504361306898
n_fn_calls = 431
Wall-clock time 0.40252236266930896 hours
 
For more output, see /home/jkgpu/HVQE/data/chain/periodic/own_graph/ops/energy/18/output.txt
Plots of output saved in /home/jkgpu/HVQE/data/chain/periodic/own_graph/ops/energy/18
End of HVQE.py
==========================================================================================
CuPy installation found, continuing using GPU acceleration.
having the CPUs {0, 2, 4} available.
Started basinhopping at 2021-01-16 23:28:04.011711 UTC, with
command line arguments = {'path': '/home/jkgpu/HVQE/data/chain/periodic/own_graph/ops/energy/18', 'n_par': 24, 'par_multiplicity': 9, 'n_iter': 0, 'cost_fn': 'energy', 'temperature': 1.0, 'stepsize': 1.0, 'init_par': None, 'dump_interval': None}
runtime variables =  {'GPU': True, 'date_start': '2021-01-16 23:28:04.011711', 'complete_graph': [(1, 2), (3, 4), (5, 6), (7, 8), (9, 10), (11, 12), (13, 14), (15, 16), (17, 0), (0, 1), (2, 3), (4, 5), (6, 7), (8, 9), (10, 11), (12, 13), (14, 15), (16, 17)], 'init_layer': [(0, 1), (2, 3), (4, 5), (6, 7), (8, 9), (10, 11), (12, 13), (14, 15), (16, 17)], 'layers': [[(1, 2), (3, 4), (5, 6), (7, 8), (9, 10), (11, 12), (13, 14), (15, 16), (17, 0)], [(0, 1), (2, 3), (4, 5), (6, 7), (8, 9), (10, 11), (12, 13), (14, 15), (16, 17)]], 'n': 18}
........................................................................................................................................................................................................................................................................................................................................................................................................................................................................................................................................................................................................................................................................................../home/jkgpu/miniconda3/lib/python3.8/site-packages/chainer/backends/cuda.py:142: UserWarning: cuDNN is not enabled.
Please reinstall CuPy after you install cudnn
(see https://docs-cupy.chainer.org/en/stable/install.html#install-cudnn).
  warnings.warn(
/home/jkgpu/miniconda3/lib/python3.8/site-packages/chainer/_environment_check.py:70: UserWarning: 
--------------------------------------------------------------------------------
CuPy (cupy) version 8.0.0 may not be compatible with this version of Chainer.
Please consider installing the supported version by running:
  $ pip install 'cupy>=6.3.0,<7.0.0'

See the following page for more details:
  https://docs-cupy.chainer.org/en/latest/install.html
--------------------------------------------------------------------------------

  warnings.warn(msg.format(
 
==========================================================================================
Finished basinhopping of  /home/jkgpu/HVQE/data/chain/periodic/own_graph/ops/energy/18 at 2021-01-17 00:08:27.511558 UTC, with
 
{'path': '/home/jkgpu/HVQE/data/chain/periodic/own_graph/ops/energy/18', 'n_par': 24, 'par_multiplicity': 9, 'n_iter': 0, 'cost_fn': 'energy', 'temperature': 1.0, 'stepsize': 1.0, 'init_par': None, 'dump_interval': None}
init_par = [0.00035998751872466227, -8.997799171957911e-05, -1.0923983920505865e-05, 0.0003877331747145664, -0.0003674031950708988, 0.00040876141506160206, 7.240105641650714e-05, 0.00029527177183451985, 8.17899398035378e-05, 0.0003499785372081686, -0.00016107415810239992, -0.00011107844638229812, -0.0002575798190729669, 0.00016365204051953664, -0.00023307063212095572, -0.0001843296010844989, 0.0004093290911738683, 0.0001984805997956745, 0.00017867116719739323, -0.0003106324060431416, 9.120978005607754e-07, 1.2010026946974181e-05, 0.00019795024150585667, 0.00011269350165682792]
 
RESULTS:
--------
E_VQE = -8.014797553113038
inf_VQE = 0.0064540512446154
n_fn_calls = 666
Wall-clock time 0.6729462758700053 hours
 
For more output, see /home/jkgpu/HVQE/data/chain/periodic/own_graph/ops/energy/18/output.txt
Plots of output saved in /home/jkgpu/HVQE/data/chain/periodic/own_graph/ops/energy/18
End of HVQE.py
==========================================================================================
CuPy installation found, continuing using GPU acceleration.
having the CPUs {0, 2, 4} available.
Started basinhopping at 2021-01-17 00:08:36.848644 UTC, with
command line arguments = {'path': '/home/jkgpu/HVQE/data/chain/periodic/own_graph/ops/energy/18', 'n_par': 26, 'par_multiplicity': 9, 'n_iter': 0, 'cost_fn': 'energy', 'temperature': 1.0, 'stepsize': 1.0, 'init_par': None, 'dump_interval': None}
runtime variables =  {'GPU': True, 'date_start': '2021-01-17 00:08:36.848644', 'complete_graph': [(1, 2), (3, 4), (5, 6), (7, 8), (9, 10), (11, 12), (13, 14), (15, 16), (17, 0), (0, 1), (2, 3), (4, 5), (6, 7), (8, 9), (10, 11), (12, 13), (14, 15), (16, 17)], 'init_layer': [(0, 1), (2, 3), (4, 5), (6, 7), (8, 9), (10, 11), (12, 13), (14, 15), (16, 17)], 'layers': [[(1, 2), (3, 4), (5, 6), (7, 8), (9, 10), (11, 12), (13, 14), (15, 16), (17, 0)], [(0, 1), (2, 3), (4, 5), (6, 7), (8, 9), (10, 11), (12, 13), (14, 15), (16, 17)]], 'n': 18}
................................................................................................................................................................................................................................................................................................................................................................................................................................................................................................................................................................................................................................................................................................................................................................................................................................................................................/home/jkgpu/miniconda3/lib/python3.8/site-packages/chainer/backends/cuda.py:142: UserWarning: cuDNN is not enabled.
Please reinstall CuPy after you install cudnn
(see https://docs-cupy.chainer.org/en/stable/install.html#install-cudnn).
  warnings.warn(
/home/jkgpu/miniconda3/lib/python3.8/site-packages/chainer/_environment_check.py:70: UserWarning: 
--------------------------------------------------------------------------------
CuPy (cupy) version 8.0.0 may not be compatible with this version of Chainer.
Please consider installing the supported version by running:
  $ pip install 'cupy>=6.3.0,<7.0.0'

See the following page for more details:
  https://docs-cupy.chainer.org/en/latest/install.html
--------------------------------------------------------------------------------

  warnings.warn(msg.format(
 
==========================================================================================
Finished basinhopping of  /home/jkgpu/HVQE/data/chain/periodic/own_graph/ops/energy/18 at 2021-01-17 01:04:23.756710 UTC, with
 
{'path': '/home/jkgpu/HVQE/data/chain/periodic/own_graph/ops/energy/18', 'n_par': 26, 'par_multiplicity': 9, 'n_iter': 0, 'cost_fn': 'energy', 'temperature': 1.0, 'stepsize': 1.0, 'init_par': None, 'dump_interval': None}
init_par = [0.00044577309352818867, 0.0001752117633744305, -0.00040750931960493265, -0.00025741080439515716, 0.00029048096389991894, -0.00048394876208880666, 0.00042711515483338347, -0.0002412035248093648, -0.0004670090964764714, -0.000489960987677751, -0.0001613485168793335, -7.609240420891438e-05, 0.0004880955880310193, -8.496813513202275e-05, -0.0002768911128512642, -0.00011869701257897006, 0.0004595883360459979, 0.00043392254898778416, 0.00023672038751858617, 0.0004088354928195554, -0.00019713263942157155, -1.6723344408350318e-06, 4.6035865393432955e-06, -0.00047090095895120957, 0.00021182044204912803, -2.7003765507222714e-05]
 
RESULTS:
--------
E_VQE = -7.993603962770774
inf_VQE = 0.03400223404096381
n_fn_calls = 848
Wall-clock time 0.9294794768095016 hours
 
For more output, see /home/jkgpu/HVQE/data/chain/periodic/own_graph/ops/energy/18/output.txt
Plots of output saved in /home/jkgpu/HVQE/data/chain/periodic/own_graph/ops/energy/18
End of HVQE.py
==========================================================================================
CuPy installation found, continuing using GPU acceleration.
having the CPUs {0, 2, 4} available.
Started basinhopping at 2021-01-17 01:04:32.859446 UTC, with
command line arguments = {'path': '/home/jkgpu/HVQE/data/chain/periodic/own_graph/ops/energy/18', 'n_par': 28, 'par_multiplicity': 9, 'n_iter': 0, 'cost_fn': 'energy', 'temperature': 1.0, 'stepsize': 1.0, 'init_par': None, 'dump_interval': None}
runtime variables =  {'GPU': True, 'date_start': '2021-01-17 01:04:32.859446', 'complete_graph': [(1, 2), (3, 4), (5, 6), (7, 8), (9, 10), (11, 12), (13, 14), (15, 16), (17, 0), (0, 1), (2, 3), (4, 5), (6, 7), (8, 9), (10, 11), (12, 13), (14, 15), (16, 17)], 'init_layer': [(0, 1), (2, 3), (4, 5), (6, 7), (8, 9), (10, 11), (12, 13), (14, 15), (16, 17)], 'layers': [[(1, 2), (3, 4), (5, 6), (7, 8), (9, 10), (11, 12), (13, 14), (15, 16), (17, 0)], [(0, 1), (2, 3), (4, 5), (6, 7), (8, 9), (10, 11), (12, 13), (14, 15), (16, 17)]], 'n': 18}
........................................................................................................................................................................................................................................................................................................................................................................................................................................................................../home/jkgpu/miniconda3/lib/python3.8/site-packages/chainer/backends/cuda.py:142: UserWarning: cuDNN is not enabled.
Please reinstall CuPy after you install cudnn
(see https://docs-cupy.chainer.org/en/stable/install.html#install-cudnn).
  warnings.warn(
/home/jkgpu/miniconda3/lib/python3.8/site-packages/chainer/_environment_check.py:70: UserWarning: 
--------------------------------------------------------------------------------
CuPy (cupy) version 8.0.0 may not be compatible with this version of Chainer.
Please consider installing the supported version by running:
  $ pip install 'cupy>=6.3.0,<7.0.0'

See the following page for more details:
  https://docs-cupy.chainer.org/en/latest/install.html
--------------------------------------------------------------------------------

  warnings.warn(msg.format(
 
==========================================================================================
Finished basinhopping of  /home/jkgpu/HVQE/data/chain/periodic/own_graph/ops/energy/18 at 2021-01-17 01:37:16.103698 UTC, with
 
{'path': '/home/jkgpu/HVQE/data/chain/periodic/own_graph/ops/energy/18', 'n_par': 28, 'par_multiplicity': 9, 'n_iter': 0, 'cost_fn': 'energy', 'temperature': 1.0, 'stepsize': 1.0, 'init_par': None, 'dump_interval': None}
init_par = [-0.00044037212580139216, 0.0004319440214721582, -0.00019317397300908844, 0.0003657181723941375, 0.0001860860465485659, 0.00015681971673290956, -0.00035903936317751683, -0.00018168477200264664, 0.00031321656362368424, -0.00037789935894938357, 0.0004964435297142181, -0.000396205963177797, -0.00018208345443926046, -0.00035371382554540343, -0.00046353292473415764, 5.346520140982246e-05, -0.00016184960016988237, 0.0004925556014266173, 0.0003969522541868094, 0.0004110526923184162, 0.0004426371203151265, -0.0004368054065435674, 0.0004810563968567511, 0.0003826303887014404, -0.000226840524931358, 0.00036484228121461636, 9.266540732136622e-05, 0.00039305095739781525]
 
RESULTS:
--------
E_VQE = -8.002662710119758
inf_VQE = 0.015397817523844948
n_fn_calls = 458
Wall-clock time 0.5451084141598808 hours
 
For more output, see /home/jkgpu/HVQE/data/chain/periodic/own_graph/ops/energy/18/output.txt
Plots of output saved in /home/jkgpu/HVQE/data/chain/periodic/own_graph/ops/energy/18
End of HVQE.py
==========================================================================================
CuPy installation found, continuing using GPU acceleration.
having the CPUs {0, 2, 4} available.
Started basinhopping at 2021-01-17 01:37:25.499476 UTC, with
command line arguments = {'path': '/home/jkgpu/HVQE/data/chain/periodic/own_graph/ops/energy/18', 'n_par': 30, 'par_multiplicity': 9, 'n_iter': 0, 'cost_fn': 'energy', 'temperature': 1.0, 'stepsize': 1.0, 'init_par': None, 'dump_interval': None}
runtime variables =  {'GPU': True, 'date_start': '2021-01-17 01:37:25.499476', 'complete_graph': [(1, 2), (3, 4), (5, 6), (7, 8), (9, 10), (11, 12), (13, 14), (15, 16), (17, 0), (0, 1), (2, 3), (4, 5), (6, 7), (8, 9), (10, 11), (12, 13), (14, 15), (16, 17)], 'init_layer': [(0, 1), (2, 3), (4, 5), (6, 7), (8, 9), (10, 11), (12, 13), (14, 15), (16, 17)], 'layers': [[(1, 2), (3, 4), (5, 6), (7, 8), (9, 10), (11, 12), (13, 14), (15, 16), (17, 0)], [(0, 1), (2, 3), (4, 5), (6, 7), (8, 9), (10, 11), (12, 13), (14, 15), (16, 17)]], 'n': 18}
........................................................................................................................................................................................................................................................................................................................................................................................................................................................................................................................................................................................................................................................................................................................................................................................................................................................................................................................../home/jkgpu/miniconda3/lib/python3.8/site-packages/chainer/backends/cuda.py:142: UserWarning: cuDNN is not enabled.
Please reinstall CuPy after you install cudnn
(see https://docs-cupy.chainer.org/en/stable/install.html#install-cudnn).
  warnings.warn(
/home/jkgpu/miniconda3/lib/python3.8/site-packages/chainer/_environment_check.py:70: UserWarning: 
--------------------------------------------------------------------------------
CuPy (cupy) version 8.0.0 may not be compatible with this version of Chainer.
Please consider installing the supported version by running:
  $ pip install 'cupy>=6.3.0,<7.0.0'

See the following page for more details:
  https://docs-cupy.chainer.org/en/latest/install.html
--------------------------------------------------------------------------------

  warnings.warn(msg.format(
 
==========================================================================================
Finished basinhopping of  /home/jkgpu/HVQE/data/chain/periodic/own_graph/ops/energy/18 at 2021-01-17 02:45:18.007517 UTC, with
 
{'path': '/home/jkgpu/HVQE/data/chain/periodic/own_graph/ops/energy/18', 'n_par': 30, 'par_multiplicity': 9, 'n_iter': 0, 'cost_fn': 'energy', 'temperature': 1.0, 'stepsize': 1.0, 'init_par': None, 'dump_interval': None}
init_par = [-2.9008466289827135e-05, 0.00036913392485887655, -0.0004487432614231095, -1.4409278771016854e-05, -0.00030080338483589697, -8.695200358932144e-05, -0.00043003509443216516, 0.00014355884142391916, -0.00019161089307072554, 0.00014459516452954447, -0.00048111592483922084, 1.2208735948304023e-05, -0.00030926174510893513, -0.00020869286304414013, -0.0003747344332625987, -0.0002048375699801459, -0.00025165324660145617, 0.0004210514307467629, 0.00020823519724784097, -0.00028506808038360036, 0.0003467886455849493, -0.0004725692397905821, 0.00043721954641422894, 0.00046079638239825214, 0.00040484561160492906, 0.0003418035421037691, 0.00027064502107926607, 0.00039066135183898356, 0.00020455624572911734, 0.0002673483889794662]
 
RESULTS:
--------
E_VQE = -8.014473309972306
inf_VQE = 0.007880549244609347
n_fn_calls = 890
Wall-clock time 1.1309757669766745 hours
 
For more output, see /home/jkgpu/HVQE/data/chain/periodic/own_graph/ops/energy/18/output.txt
Plots of output saved in /home/jkgpu/HVQE/data/chain/periodic/own_graph/ops/energy/18
End of HVQE.py
==========================================================================================
