CuPy installation found, continuing using GPU acceleration.
having the CPUs {1, 3, 5} available.
Started basinhopping at 2021-01-16 20:11:58.130631 UTC, with
command line arguments = {'path': '/home/jkgpu/HVQE/data/chain/periodic/own_graph/ops/energy/18', 'n_par': 20, 'par_multiplicity': 9, 'n_iter': 0, 'cost_fn': 'energy', 'temperature': 1.0, 'stepsize': 1.0, 'init_par': None, 'dump_interval': None}
runtime variables =  {'GPU': True, 'date_start': '2021-01-16 20:11:58.130631', 'complete_graph': [(1, 2), (3, 4), (5, 6), (7, 8), (9, 10), (11, 12), (13, 14), (15, 16), (17, 0), (0, 1), (2, 3), (4, 5), (6, 7), (8, 9), (10, 11), (12, 13), (14, 15), (16, 17)], 'init_layer': [(0, 1), (2, 3), (4, 5), (6, 7), (8, 9), (10, 11), (12, 13), (14, 15), (16, 17)], 'layers': [[(1, 2), (3, 4), (5, 6), (7, 8), (9, 10), (11, 12), (13, 14), (15, 16), (17, 0)], [(0, 1), (2, 3), (4, 5), (6, 7), (8, 9), (10, 11), (12, 13), (14, 15), (16, 17)]], 'n': 18}
...................................................................................................................................................................................................................................................................................................................................................................................................................................................................................../home/jkgpu/miniconda3/lib/python3.8/site-packages/chainer/backends/cuda.py:142: UserWarning: cuDNN is not enabled.
Please reinstall CuPy after you install cudnn
(see https://docs-cupy.chainer.org/en/stable/install.html#install-cudnn).
  warnings.warn(
/home/jkgpu/miniconda3/lib/python3.8/site-packages/chainer/_environment_check.py:70: UserWarning: 
--------------------------------------------------------------------------------
CuPy (cupy) version 8.0.0 may not be compatible with this version of Chainer.
Please consider installing the supported version by running:
  $ pip install 'cupy>=6.3.0,<7.0.0'

See the following page for more details:
  https://docs-cupy.chainer.org/en/latest/install.html
--------------------------------------------------------------------------------

  warnings.warn(msg.format(
 
==========================================================================================
Finished basinhopping of  /home/jkgpu/HVQE/data/chain/periodic/own_graph/ops/energy/18 at 2021-01-16 20:35:59.497899 UTC, with
 
{'path': '/home/jkgpu/HVQE/data/chain/periodic/own_graph/ops/energy/18', 'n_par': 20, 'par_multiplicity': 9, 'n_iter': 0, 'cost_fn': 'energy', 'temperature': 1.0, 'stepsize': 1.0, 'init_par': None, 'dump_interval': None}
init_par = [-0.0004790054319339836, 0.0004913391366531596, -0.0004078738551052277, -0.0004328272955895665, 0.00023065752980091657, -0.00015549298374319153, -0.00040065163804365765, 0.00037975328691413593, -0.0004048728405027735, 3.044976487810388e-05, -0.00020214275560774298, 0.0003043395295188663, -0.00010510684999491993, -6.193405307440748e-05, -0.00012444177376737101, 8.332095428803575e-05, 0.0003857507402151857, -0.00010541814079836708, 6.0584687467006636e-05, -4.491103459225058e-05]
 
RESULTS:
--------
E_VQE = -8.020329547908245
inf_VQE = 0.0012920896265552484
n_fn_calls = 469
Wall-clock time 0.4001713522275289 hours
 
For more output, see /home/jkgpu/HVQE/data/chain/periodic/own_graph/ops/energy/18/output.txt
Plots of output saved in /home/jkgpu/HVQE/data/chain/periodic/own_graph/ops/energy/18
End of HVQE.py
==========================================================================================
