/home/jkgpu/miniconda3/lib/python3.8/site-packages/chainer/backends/cuda.py:142: UserWarning: cuDNN is not enabled.
Please reinstall CuPy after you install cudnn
(see https://docs-cupy.chainer.org/en/stable/install.html#install-cudnn).
  warnings.warn(
/home/jkgpu/miniconda3/lib/python3.8/site-packages/chainer/_environment_check.py:70: UserWarning: 
--------------------------------------------------------------------------------
CuPy (cupy) version 8.0.0 may not be compatible with this version of Chainer.
Please consider installing the supported version by running:
  $ pip install 'cupy>=6.3.0,<7.0.0'

See the following page for more details:
  https://docs-cupy.chainer.org/en/latest/install.html
--------------------------------------------------------------------------------

  warnings.warn(msg.format(
CuPy installation found, continuing using GPU acceleration.
having the CPUs {0, 2, 10} available.
Started basinhopping at 2021-01-16 22:15:37.606376 UTC, with
command line arguments = {'path': '/home/jkgpu/HVQE/data/chain/periodic/own_graph/ops/energy/18', 'n_par': 0, 'par_multiplicity': 9, 'n_iter': 0, 'cost_fn': 'energy', 'temperature': 1.0, 'stepsize': 1.0, 'init_par': None, 'dump_interval': None}
runtime variables =  {'GPU': True, 'date_start': '2021-01-16 22:15:37.606376', 'complete_graph': [(1, 2), (3, 4), (5, 6), (7, 8), (9, 10), (11, 12), (13, 14), (15, 16), (17, 0), (0, 1), (2, 3), (4, 5), (6, 7), (8, 9), (10, 11), (12, 13), (14, 15), (16, 17)], 'init_layer': [(0, 1), (2, 3), (4, 5), (6, 7), (8, 9), (10, 11), (12, 13), (14, 15), (16, 17)], 'layers': [[(1, 2), (3, 4), (5, 6), (7, 8), (9, 10), (11, 12), (13, 14), (15, 16), (17, 0)], [(0, 1), (2, 3), (4, 5), (6, 7), (8, 9), (10, 11), (12, 13), (14, 15), (16, 17)]], 'n': 18}
 
==========================================================================================
Finished basinhopping of  /home/jkgpu/HVQE/data/chain/periodic/own_graph/ops/energy/18 at 2021-01-16 22:15:38.028435 UTC, with
 
{'path': '/home/jkgpu/HVQE/data/chain/periodic/own_graph/ops/energy/18', 'n_par': 0, 'par_multiplicity': 9, 'n_iter': 0, 'cost_fn': 'energy', 'temperature': 1.0, 'stepsize': 1.0, 'init_par': None, 'dump_interval': None}
init_par = []
 
RESULTS:
--------
E_VQE = -6.74999999999999
inf_VQE = 0.7792873293483105
n_fn_calls = 0
Wall-clock time 2.6942955123053656e-05 hours
 
For more output, see /home/jkgpu/HVQE/data/chain/periodic/own_graph/ops/energy/18/output.txt
Plots of output saved in /home/jkgpu/HVQE/data/chain/periodic/own_graph/ops/energy/18
End of HVQE.py
==========================================================================================
CuPy installation found, continuing using GPU acceleration.
having the CPUs {0, 2, 10} available.
Started basinhopping at 2021-01-16 22:15:43.306558 UTC, with
command line arguments = {'path': '/home/jkgpu/HVQE/data/chain/periodic/own_graph/ops/energy/18', 'n_par': 2, 'par_multiplicity': 9, 'n_iter': 0, 'cost_fn': 'energy', 'temperature': 1.0, 'stepsize': 1.0, 'init_par': None, 'dump_interval': None}
runtime variables =  {'GPU': True, 'date_start': '2021-01-16 22:15:43.306558', 'complete_graph': [(1, 2), (3, 4), (5, 6), (7, 8), (9, 10), (11, 12), (13, 14), (15, 16), (17, 0), (0, 1), (2, 3), (4, 5), (6, 7), (8, 9), (10, 11), (12, 13), (14, 15), (16, 17)], 'init_layer': [(0, 1), (2, 3), (4, 5), (6, 7), (8, 9), (10, 11), (12, 13), (14, 15), (16, 17)], 'layers': [[(1, 2), (3, 4), (5, 6), (7, 8), (9, 10), (11, 12), (13, 14), (15, 16), (17, 0)], [(0, 1), (2, 3), (4, 5), (6, 7), (8, 9), (10, 11), (12, 13), (14, 15), (16, 17)]], 'n': 18}
.............................../home/jkgpu/miniconda3/lib/python3.8/site-packages/chainer/backends/cuda.py:142: UserWarning: cuDNN is not enabled.
Please reinstall CuPy after you install cudnn
(see https://docs-cupy.chainer.org/en/stable/install.html#install-cudnn).
  warnings.warn(
/home/jkgpu/miniconda3/lib/python3.8/site-packages/chainer/_environment_check.py:70: UserWarning: 
--------------------------------------------------------------------------------
CuPy (cupy) version 8.0.0 may not be compatible with this version of Chainer.
Please consider installing the supported version by running:
  $ pip install 'cupy>=6.3.0,<7.0.0'

See the following page for more details:
  https://docs-cupy.chainer.org/en/latest/install.html
--------------------------------------------------------------------------------

  warnings.warn(msg.format(
 
==========================================================================================
Finished basinhopping of  /home/jkgpu/HVQE/data/chain/periodic/own_graph/ops/energy/18 at 2021-01-16 22:15:56.905415 UTC, with
 
{'path': '/home/jkgpu/HVQE/data/chain/periodic/own_graph/ops/energy/18', 'n_par': 2, 'par_multiplicity': 9, 'n_iter': 0, 'cost_fn': 'energy', 'temperature': 1.0, 'stepsize': 1.0, 'init_par': None, 'dump_interval': None}
init_par = [0.00021468784202650015, 0.00024519138162029306]
 
RESULTS:
--------
E_VQE = -7.695166169667753
inf_VQE = 0.5047102674627533
n_fn_calls = 31
Wall-clock time 0.003658757077323066 hours
 
For more output, see /home/jkgpu/HVQE/data/chain/periodic/own_graph/ops/energy/18/output.txt
Plots of output saved in /home/jkgpu/HVQE/data/chain/periodic/own_graph/ops/energy/18
End of HVQE.py
==========================================================================================
CuPy installation found, continuing using GPU acceleration.
having the CPUs {0, 2, 10} available.
Started basinhopping at 2021-01-16 22:16:02.282325 UTC, with
command line arguments = {'path': '/home/jkgpu/HVQE/data/chain/periodic/own_graph/ops/energy/18', 'n_par': 4, 'par_multiplicity': 9, 'n_iter': 0, 'cost_fn': 'energy', 'temperature': 1.0, 'stepsize': 1.0, 'init_par': None, 'dump_interval': None}
runtime variables =  {'GPU': True, 'date_start': '2021-01-16 22:16:02.282325', 'complete_graph': [(1, 2), (3, 4), (5, 6), (7, 8), (9, 10), (11, 12), (13, 14), (15, 16), (17, 0), (0, 1), (2, 3), (4, 5), (6, 7), (8, 9), (10, 11), (12, 13), (14, 15), (16, 17)], 'init_layer': [(0, 1), (2, 3), (4, 5), (6, 7), (8, 9), (10, 11), (12, 13), (14, 15), (16, 17)], 'layers': [[(1, 2), (3, 4), (5, 6), (7, 8), (9, 10), (11, 12), (13, 14), (15, 16), (17, 0)], [(0, 1), (2, 3), (4, 5), (6, 7), (8, 9), (10, 11), (12, 13), (14, 15), (16, 17)]], 'n': 18}
............................................/home/jkgpu/miniconda3/lib/python3.8/site-packages/chainer/backends/cuda.py:142: UserWarning: cuDNN is not enabled.
Please reinstall CuPy after you install cudnn
(see https://docs-cupy.chainer.org/en/stable/install.html#install-cudnn).
  warnings.warn(
/home/jkgpu/miniconda3/lib/python3.8/site-packages/chainer/_environment_check.py:70: UserWarning: 
--------------------------------------------------------------------------------
CuPy (cupy) version 8.0.0 may not be compatible with this version of Chainer.
Please consider installing the supported version by running:
  $ pip install 'cupy>=6.3.0,<7.0.0'

See the following page for more details:
  https://docs-cupy.chainer.org/en/latest/install.html
--------------------------------------------------------------------------------

  warnings.warn(msg.format(
 
==========================================================================================
Finished basinhopping of  /home/jkgpu/HVQE/data/chain/periodic/own_graph/ops/energy/18 at 2021-01-16 22:16:34.184202 UTC, with
 
{'path': '/home/jkgpu/HVQE/data/chain/periodic/own_graph/ops/energy/18', 'n_par': 4, 'par_multiplicity': 9, 'n_iter': 0, 'cost_fn': 'energy', 'temperature': 1.0, 'stepsize': 1.0, 'init_par': None, 'dump_interval': None}
init_par = [-0.0003565482415671938, 0.00036277186076340046, 0.00020199898719770943, -0.00010925660116974144]
 
RESULTS:
--------
E_VQE = -7.851930354001873
inf_VQE = 0.3627150383339607
n_fn_calls = 44
Wall-clock time 0.008742628826035393 hours
 
For more output, see /home/jkgpu/HVQE/data/chain/periodic/own_graph/ops/energy/18/output.txt
Plots of output saved in /home/jkgpu/HVQE/data/chain/periodic/own_graph/ops/energy/18
End of HVQE.py
==========================================================================================
CuPy installation found, continuing using GPU acceleration.
having the CPUs {0, 2, 10} available.
Started basinhopping at 2021-01-16 22:16:43.069632 UTC, with
command line arguments = {'path': '/home/jkgpu/HVQE/data/chain/periodic/own_graph/ops/energy/18', 'n_par': 6, 'par_multiplicity': 9, 'n_iter': 0, 'cost_fn': 'energy', 'temperature': 1.0, 'stepsize': 1.0, 'init_par': None, 'dump_interval': None}
runtime variables =  {'GPU': True, 'date_start': '2021-01-16 22:16:43.069632', 'complete_graph': [(1, 2), (3, 4), (5, 6), (7, 8), (9, 10), (11, 12), (13, 14), (15, 16), (17, 0), (0, 1), (2, 3), (4, 5), (6, 7), (8, 9), (10, 11), (12, 13), (14, 15), (16, 17)], 'init_layer': [(0, 1), (2, 3), (4, 5), (6, 7), (8, 9), (10, 11), (12, 13), (14, 15), (16, 17)], 'layers': [[(1, 2), (3, 4), (5, 6), (7, 8), (9, 10), (11, 12), (13, 14), (15, 16), (17, 0)], [(0, 1), (2, 3), (4, 5), (6, 7), (8, 9), (10, 11), (12, 13), (14, 15), (16, 17)]], 'n': 18}
.............................................................../home/jkgpu/miniconda3/lib/python3.8/site-packages/chainer/backends/cuda.py:142: UserWarning: cuDNN is not enabled.
Please reinstall CuPy after you install cudnn
(see https://docs-cupy.chainer.org/en/stable/install.html#install-cudnn).
  warnings.warn(
/home/jkgpu/miniconda3/lib/python3.8/site-packages/chainer/_environment_check.py:70: UserWarning: 
--------------------------------------------------------------------------------
CuPy (cupy) version 8.0.0 may not be compatible with this version of Chainer.
Please consider installing the supported version by running:
  $ pip install 'cupy>=6.3.0,<7.0.0'

See the following page for more details:
  https://docs-cupy.chainer.org/en/latest/install.html
--------------------------------------------------------------------------------

  warnings.warn(msg.format(
 
==========================================================================================
Finished basinhopping of  /home/jkgpu/HVQE/data/chain/periodic/own_graph/ops/energy/18 at 2021-01-16 22:17:45.796265 UTC, with
 
{'path': '/home/jkgpu/HVQE/data/chain/periodic/own_graph/ops/energy/18', 'n_par': 6, 'par_multiplicity': 9, 'n_iter': 0, 'cost_fn': 'energy', 'temperature': 1.0, 'stepsize': 1.0, 'init_par': None, 'dump_interval': None}
init_par = [0.00038315000219511894, -0.000482158358579083, -0.00034740084795458625, 0.00040777713777441645, 0.00030901188362263674, -0.00042990679571411393]
 
RESULTS:
--------
E_VQE = -7.860817736470778
inf_VQE = 0.3507716736060109
n_fn_calls = 63
Wall-clock time 0.017284614112642076 hours
 
For more output, see /home/jkgpu/HVQE/data/chain/periodic/own_graph/ops/energy/18/output.txt
Plots of output saved in /home/jkgpu/HVQE/data/chain/periodic/own_graph/ops/energy/18
End of HVQE.py
==========================================================================================
CuPy installation found, continuing using GPU acceleration.
having the CPUs {0, 2, 10} available.
Started basinhopping at 2021-01-16 22:17:55.844818 UTC, with
command line arguments = {'path': '/home/jkgpu/HVQE/data/chain/periodic/own_graph/ops/energy/18', 'n_par': 8, 'par_multiplicity': 9, 'n_iter': 0, 'cost_fn': 'energy', 'temperature': 1.0, 'stepsize': 1.0, 'init_par': None, 'dump_interval': None}
runtime variables =  {'GPU': True, 'date_start': '2021-01-16 22:17:55.844818', 'complete_graph': [(1, 2), (3, 4), (5, 6), (7, 8), (9, 10), (11, 12), (13, 14), (15, 16), (17, 0), (0, 1), (2, 3), (4, 5), (6, 7), (8, 9), (10, 11), (12, 13), (14, 15), (16, 17)], 'init_layer': [(0, 1), (2, 3), (4, 5), (6, 7), (8, 9), (10, 11), (12, 13), (14, 15), (16, 17)], 'layers': [[(1, 2), (3, 4), (5, 6), (7, 8), (9, 10), (11, 12), (13, 14), (15, 16), (17, 0)], [(0, 1), (2, 3), (4, 5), (6, 7), (8, 9), (10, 11), (12, 13), (14, 15), (16, 17)]], 'n': 18}
............................................................................................................../home/jkgpu/miniconda3/lib/python3.8/site-packages/chainer/backends/cuda.py:142: UserWarning: cuDNN is not enabled.
Please reinstall CuPy after you install cudnn
(see https://docs-cupy.chainer.org/en/stable/install.html#install-cudnn).
  warnings.warn(
/home/jkgpu/miniconda3/lib/python3.8/site-packages/chainer/_environment_check.py:70: UserWarning: 
--------------------------------------------------------------------------------
CuPy (cupy) version 8.0.0 may not be compatible with this version of Chainer.
Please consider installing the supported version by running:
  $ pip install 'cupy>=6.3.0,<7.0.0'

See the following page for more details:
  https://docs-cupy.chainer.org/en/latest/install.html
--------------------------------------------------------------------------------

  warnings.warn(msg.format(
 
==========================================================================================
Finished basinhopping of  /home/jkgpu/HVQE/data/chain/periodic/own_graph/ops/energy/18 at 2021-01-16 22:20:15.677109 UTC, with
 
{'path': '/home/jkgpu/HVQE/data/chain/periodic/own_graph/ops/energy/18', 'n_par': 8, 'par_multiplicity': 9, 'n_iter': 0, 'cost_fn': 'energy', 'temperature': 1.0, 'stepsize': 1.0, 'init_par': None, 'dump_interval': None}
init_par = [8.375530784944356e-05, 3.627965096810381e-05, -0.00013743364111576807, 0.00044751179139938314, 0.0004721224168744145, 0.00012293699284627376, -0.0003766662390245801, -0.0004368544154135772]
 
RESULTS:
--------
E_VQE = -7.805605796547278
inf_VQE = 0.4137790647896614
n_fn_calls = 110
Wall-clock time 0.038702680468559264 hours
 
For more output, see /home/jkgpu/HVQE/data/chain/periodic/own_graph/ops/energy/18/output.txt
Plots of output saved in /home/jkgpu/HVQE/data/chain/periodic/own_graph/ops/energy/18
End of HVQE.py
==========================================================================================
CuPy installation found, continuing using GPU acceleration.
having the CPUs {0, 2, 10} available.
Started basinhopping at 2021-01-16 22:20:24.562111 UTC, with
command line arguments = {'path': '/home/jkgpu/HVQE/data/chain/periodic/own_graph/ops/energy/18', 'n_par': 10, 'par_multiplicity': 9, 'n_iter': 0, 'cost_fn': 'energy', 'temperature': 1.0, 'stepsize': 1.0, 'init_par': None, 'dump_interval': None}
runtime variables =  {'GPU': True, 'date_start': '2021-01-16 22:20:24.562111', 'complete_graph': [(1, 2), (3, 4), (5, 6), (7, 8), (9, 10), (11, 12), (13, 14), (15, 16), (17, 0), (0, 1), (2, 3), (4, 5), (6, 7), (8, 9), (10, 11), (12, 13), (14, 15), (16, 17)], 'init_layer': [(0, 1), (2, 3), (4, 5), (6, 7), (8, 9), (10, 11), (12, 13), (14, 15), (16, 17)], 'layers': [[(1, 2), (3, 4), (5, 6), (7, 8), (9, 10), (11, 12), (13, 14), (15, 16), (17, 0)], [(0, 1), (2, 3), (4, 5), (6, 7), (8, 9), (10, 11), (12, 13), (14, 15), (16, 17)]], 'n': 18}
........................................................................................................................................................................./home/jkgpu/miniconda3/lib/python3.8/site-packages/chainer/backends/cuda.py:142: UserWarning: cuDNN is not enabled.
Please reinstall CuPy after you install cudnn
(see https://docs-cupy.chainer.org/en/stable/install.html#install-cudnn).
  warnings.warn(
/home/jkgpu/miniconda3/lib/python3.8/site-packages/chainer/_environment_check.py:70: UserWarning: 
--------------------------------------------------------------------------------
CuPy (cupy) version 8.0.0 may not be compatible with this version of Chainer.
Please consider installing the supported version by running:
  $ pip install 'cupy>=6.3.0,<7.0.0'

See the following page for more details:
  https://docs-cupy.chainer.org/en/latest/install.html
--------------------------------------------------------------------------------

  warnings.warn(msg.format(
 
==========================================================================================
Finished basinhopping of  /home/jkgpu/HVQE/data/chain/periodic/own_graph/ops/energy/18 at 2021-01-16 22:24:44.639084 UTC, with
 
{'path': '/home/jkgpu/HVQE/data/chain/periodic/own_graph/ops/energy/18', 'n_par': 10, 'par_multiplicity': 9, 'n_iter': 0, 'cost_fn': 'energy', 'temperature': 1.0, 'stepsize': 1.0, 'init_par': None, 'dump_interval': None}
init_par = [0.0004794594001929927, -0.0003011872194727331, -0.0004224080009788657, 0.00016720520882546194, -0.00045627803757040134, 0.0003293408367949734, -0.0004073933178830003, -0.0004559344302124565, 0.00017135574693299147, 0.0001157776044391338]
 
RESULTS:
--------
E_VQE = -7.917597008610903
inf_VQE = 0.2353402435088474
n_fn_calls = 169
Wall-clock time 0.07208661377429963 hours
 
For more output, see /home/jkgpu/HVQE/data/chain/periodic/own_graph/ops/energy/18/output.txt
Plots of output saved in /home/jkgpu/HVQE/data/chain/periodic/own_graph/ops/energy/18
End of HVQE.py
==========================================================================================
CuPy installation found, continuing using GPU acceleration.
having the CPUs {0, 2, 10} available.
Started basinhopping at 2021-01-16 22:24:53.574441 UTC, with
command line arguments = {'path': '/home/jkgpu/HVQE/data/chain/periodic/own_graph/ops/energy/18', 'n_par': 12, 'par_multiplicity': 9, 'n_iter': 0, 'cost_fn': 'energy', 'temperature': 1.0, 'stepsize': 1.0, 'init_par': None, 'dump_interval': None}
runtime variables =  {'GPU': True, 'date_start': '2021-01-16 22:24:53.574441', 'complete_graph': [(1, 2), (3, 4), (5, 6), (7, 8), (9, 10), (11, 12), (13, 14), (15, 16), (17, 0), (0, 1), (2, 3), (4, 5), (6, 7), (8, 9), (10, 11), (12, 13), (14, 15), (16, 17)], 'init_layer': [(0, 1), (2, 3), (4, 5), (6, 7), (8, 9), (10, 11), (12, 13), (14, 15), (16, 17)], 'layers': [[(1, 2), (3, 4), (5, 6), (7, 8), (9, 10), (11, 12), (13, 14), (15, 16), (17, 0)], [(0, 1), (2, 3), (4, 5), (6, 7), (8, 9), (10, 11), (12, 13), (14, 15), (16, 17)]], 'n': 18}
........................................................................................................................................................................./home/jkgpu/miniconda3/lib/python3.8/site-packages/chainer/backends/cuda.py:142: UserWarning: cuDNN is not enabled.
Please reinstall CuPy after you install cudnn
(see https://docs-cupy.chainer.org/en/stable/install.html#install-cudnn).
  warnings.warn(
/home/jkgpu/miniconda3/lib/python3.8/site-packages/chainer/_environment_check.py:70: UserWarning: 
--------------------------------------------------------------------------------
CuPy (cupy) version 8.0.0 may not be compatible with this version of Chainer.
Please consider installing the supported version by running:
  $ pip install 'cupy>=6.3.0,<7.0.0'

See the following page for more details:
  https://docs-cupy.chainer.org/en/latest/install.html
--------------------------------------------------------------------------------

  warnings.warn(msg.format(
 
==========================================================================================
Finished basinhopping of  /home/jkgpu/HVQE/data/chain/periodic/own_graph/ops/energy/18 at 2021-01-16 22:30:03.024410 UTC, with
 
{'path': '/home/jkgpu/HVQE/data/chain/periodic/own_graph/ops/energy/18', 'n_par': 12, 'par_multiplicity': 9, 'n_iter': 0, 'cost_fn': 'energy', 'temperature': 1.0, 'stepsize': 1.0, 'init_par': None, 'dump_interval': None}
init_par = [-0.0004945750377555422, -0.000363750409722669, -0.0003756092072170619, -0.0004255590217224954, -5.6332060792223335e-05, 0.00045027458797156517, 0.0002663515468492785, -0.00013509826365362633, 0.0003245212356751927, 0.00025289457789943516, -0.00039218489808071934, 0.00021591830103472715]
 
RESULTS:
--------
E_VQE = -7.901547426102843
inf_VQE = 0.27222728191863554
n_fn_calls = 169
Wall-clock time 0.08580912788709005 hours
 
For more output, see /home/jkgpu/HVQE/data/chain/periodic/own_graph/ops/energy/18/output.txt
Plots of output saved in /home/jkgpu/HVQE/data/chain/periodic/own_graph/ops/energy/18
End of HVQE.py
==========================================================================================
CuPy installation found, continuing using GPU acceleration.
having the CPUs {0, 2, 10} available.
Started basinhopping at 2021-01-16 22:30:12.523543 UTC, with
command line arguments = {'path': '/home/jkgpu/HVQE/data/chain/periodic/own_graph/ops/energy/18', 'n_par': 14, 'par_multiplicity': 9, 'n_iter': 0, 'cost_fn': 'energy', 'temperature': 1.0, 'stepsize': 1.0, 'init_par': None, 'dump_interval': None}
runtime variables =  {'GPU': True, 'date_start': '2021-01-16 22:30:12.523543', 'complete_graph': [(1, 2), (3, 4), (5, 6), (7, 8), (9, 10), (11, 12), (13, 14), (15, 16), (17, 0), (0, 1), (2, 3), (4, 5), (6, 7), (8, 9), (10, 11), (12, 13), (14, 15), (16, 17)], 'init_layer': [(0, 1), (2, 3), (4, 5), (6, 7), (8, 9), (10, 11), (12, 13), (14, 15), (16, 17)], 'layers': [[(1, 2), (3, 4), (5, 6), (7, 8), (9, 10), (11, 12), (13, 14), (15, 16), (17, 0)], [(0, 1), (2, 3), (4, 5), (6, 7), (8, 9), (10, 11), (12, 13), (14, 15), (16, 17)]], 'n': 18}
.........................................................................................................................................................................................................................................................................................................................................................../home/jkgpu/miniconda3/lib/python3.8/site-packages/chainer/backends/cuda.py:142: UserWarning: cuDNN is not enabled.
Please reinstall CuPy after you install cudnn
(see https://docs-cupy.chainer.org/en/stable/install.html#install-cudnn).
  warnings.warn(
/home/jkgpu/miniconda3/lib/python3.8/site-packages/chainer/_environment_check.py:70: UserWarning: 
--------------------------------------------------------------------------------
CuPy (cupy) version 8.0.0 may not be compatible with this version of Chainer.
Please consider installing the supported version by running:
  $ pip install 'cupy>=6.3.0,<7.0.0'

See the following page for more details:
  https://docs-cupy.chainer.org/en/latest/install.html
--------------------------------------------------------------------------------

  warnings.warn(msg.format(
 
==========================================================================================
Finished basinhopping of  /home/jkgpu/HVQE/data/chain/periodic/own_graph/ops/energy/18 at 2021-01-16 22:42:37.826062 UTC, with
 
{'path': '/home/jkgpu/HVQE/data/chain/periodic/own_graph/ops/energy/18', 'n_par': 14, 'par_multiplicity': 9, 'n_iter': 0, 'cost_fn': 'energy', 'temperature': 1.0, 'stepsize': 1.0, 'init_par': None, 'dump_interval': None}
init_par = [2.3926718932702935e-05, 0.00011334413335880894, -0.000452285124365185, 0.0003940765528406185, -0.0004285293817553635, -0.00041880788602528964, 0.0002487220845301106, -0.00037578873283971215, 0.0001948336114536767, 3.132446487341971e-05, -0.00022748995905827208, 0.00010218673294529331, -0.00027593372601923097, 0.00016686820668892013]
 
RESULTS:
--------
E_VQE = -7.9296108418500175
inf_VQE = 0.19861112513428192
n_fn_calls = 347
Wall-clock time 0.20683523032400342 hours
 
For more output, see /home/jkgpu/HVQE/data/chain/periodic/own_graph/ops/energy/18/output.txt
Plots of output saved in /home/jkgpu/HVQE/data/chain/periodic/own_graph/ops/energy/18
End of HVQE.py
==========================================================================================
CuPy installation found, continuing using GPU acceleration.
having the CPUs {0, 2, 10} available.
Started basinhopping at 2021-01-16 22:42:46.606355 UTC, with
command line arguments = {'path': '/home/jkgpu/HVQE/data/chain/periodic/own_graph/ops/energy/18', 'n_par': 16, 'par_multiplicity': 9, 'n_iter': 0, 'cost_fn': 'energy', 'temperature': 1.0, 'stepsize': 1.0, 'init_par': None, 'dump_interval': None}
runtime variables =  {'GPU': True, 'date_start': '2021-01-16 22:42:46.606355', 'complete_graph': [(1, 2), (3, 4), (5, 6), (7, 8), (9, 10), (11, 12), (13, 14), (15, 16), (17, 0), (0, 1), (2, 3), (4, 5), (6, 7), (8, 9), (10, 11), (12, 13), (14, 15), (16, 17)], 'init_layer': [(0, 1), (2, 3), (4, 5), (6, 7), (8, 9), (10, 11), (12, 13), (14, 15), (16, 17)], 'layers': [[(1, 2), (3, 4), (5, 6), (7, 8), (9, 10), (11, 12), (13, 14), (15, 16), (17, 0)], [(0, 1), (2, 3), (4, 5), (6, 7), (8, 9), (10, 11), (12, 13), (14, 15), (16, 17)]], 'n': 18}
................................................................................................................................................................................................................................/home/jkgpu/miniconda3/lib/python3.8/site-packages/chainer/backends/cuda.py:142: UserWarning: cuDNN is not enabled.
Please reinstall CuPy after you install cudnn
(see https://docs-cupy.chainer.org/en/stable/install.html#install-cudnn).
  warnings.warn(
/home/jkgpu/miniconda3/lib/python3.8/site-packages/chainer/_environment_check.py:70: UserWarning: 
--------------------------------------------------------------------------------
CuPy (cupy) version 8.0.0 may not be compatible with this version of Chainer.
Please consider installing the supported version by running:
  $ pip install 'cupy>=6.3.0,<7.0.0'

See the following page for more details:
  https://docs-cupy.chainer.org/en/latest/install.html
--------------------------------------------------------------------------------

  warnings.warn(msg.format(
 
==========================================================================================
Finished basinhopping of  /home/jkgpu/HVQE/data/chain/periodic/own_graph/ops/energy/18 at 2021-01-16 22:51:55.284301 UTC, with
 
{'path': '/home/jkgpu/HVQE/data/chain/periodic/own_graph/ops/energy/18', 'n_par': 16, 'par_multiplicity': 9, 'n_iter': 0, 'cost_fn': 'energy', 'temperature': 1.0, 'stepsize': 1.0, 'init_par': None, 'dump_interval': None}
init_par = [-0.0003030539245068129, -0.00039333223964530006, 0.00044833685160275037, -1.0903762783089229e-05, -2.759514587571222e-05, 6.28851900245621e-05, 9.97308362501926e-05, 0.0001772699939533882, -0.000432299334978467, 0.0001987164558934502, 0.00032778724867334695, -0.0001118223430089115, 0.0004826484127566596, 0.00037347003864169324, 0.0001061810941079351, -0.0004521510283886918]
 
RESULTS:
--------
E_VQE = -7.967126748406372
inf_VQE = 0.08567287756767328
n_fn_calls = 224
Wall-clock time 0.15224155028661093 hours
 
For more output, see /home/jkgpu/HVQE/data/chain/periodic/own_graph/ops/energy/18/output.txt
Plots of output saved in /home/jkgpu/HVQE/data/chain/periodic/own_graph/ops/energy/18
End of HVQE.py
==========================================================================================
CuPy installation found, continuing using GPU acceleration.
having the CPUs {0, 2, 10} available.
Started basinhopping at 2021-01-16 22:52:04.295622 UTC, with
command line arguments = {'path': '/home/jkgpu/HVQE/data/chain/periodic/own_graph/ops/energy/18', 'n_par': 18, 'par_multiplicity': 9, 'n_iter': 0, 'cost_fn': 'energy', 'temperature': 1.0, 'stepsize': 1.0, 'init_par': None, 'dump_interval': None}
runtime variables =  {'GPU': True, 'date_start': '2021-01-16 22:52:04.295622', 'complete_graph': [(1, 2), (3, 4), (5, 6), (7, 8), (9, 10), (11, 12), (13, 14), (15, 16), (17, 0), (0, 1), (2, 3), (4, 5), (6, 7), (8, 9), (10, 11), (12, 13), (14, 15), (16, 17)], 'init_layer': [(0, 1), (2, 3), (4, 5), (6, 7), (8, 9), (10, 11), (12, 13), (14, 15), (16, 17)], 'layers': [[(1, 2), (3, 4), (5, 6), (7, 8), (9, 10), (11, 12), (13, 14), (15, 16), (17, 0)], [(0, 1), (2, 3), (4, 5), (6, 7), (8, 9), (10, 11), (12, 13), (14, 15), (16, 17)]], 'n': 18}
........................................................................................................................................................................................................................................................................../home/jkgpu/miniconda3/lib/python3.8/site-packages/chainer/backends/cuda.py:142: UserWarning: cuDNN is not enabled.
Please reinstall CuPy after you install cudnn
(see https://docs-cupy.chainer.org/en/stable/install.html#install-cudnn).
  warnings.warn(
/home/jkgpu/miniconda3/lib/python3.8/site-packages/chainer/_environment_check.py:70: UserWarning: 
--------------------------------------------------------------------------------
CuPy (cupy) version 8.0.0 may not be compatible with this version of Chainer.
Please consider installing the supported version by running:
  $ pip install 'cupy>=6.3.0,<7.0.0'

See the following page for more details:
  https://docs-cupy.chainer.org/en/latest/install.html
--------------------------------------------------------------------------------

  warnings.warn(msg.format(
 
==========================================================================================
Finished basinhopping of  /home/jkgpu/HVQE/data/chain/periodic/own_graph/ops/energy/18 at 2021-01-16 23:04:20.518065 UTC, with
 
{'path': '/home/jkgpu/HVQE/data/chain/periodic/own_graph/ops/energy/18', 'n_par': 18, 'par_multiplicity': 9, 'n_iter': 0, 'cost_fn': 'energy', 'temperature': 1.0, 'stepsize': 1.0, 'init_par': None, 'dump_interval': None}
init_par = [-0.00023349141309638767, -0.0003753683310015138, -3.580574941773731e-05, -0.00044557165690401623, 0.00017797187675188547, -0.0002474552347844546, 0.00011312856239718068, 0.00011870431353044604, 0.0003507602282193887, 8.352065432826866e-05, -0.0004758252698106433, -0.0002525880725442773, -0.00034273714060848506, -0.00019973762310409216, -0.0002769113907842954, -0.0003734146433556363, -0.0001605325522885245, -0.00047837115377349194]
 
RESULTS:
--------
E_VQE = -7.91716530441448
inf_VQE = 0.23310566945098088
n_fn_calls = 266
Wall-clock time 0.2043141712082757 hours
 
For more output, see /home/jkgpu/HVQE/data/chain/periodic/own_graph/ops/energy/18/output.txt
Plots of output saved in /home/jkgpu/HVQE/data/chain/periodic/own_graph/ops/energy/18
End of HVQE.py
==========================================================================================
CuPy installation found, continuing using GPU acceleration.
having the CPUs {0, 2, 10} available.
Started basinhopping at 2021-01-16 23:04:30.021024 UTC, with
command line arguments = {'path': '/home/jkgpu/HVQE/data/chain/periodic/own_graph/ops/energy/18', 'n_par': 20, 'par_multiplicity': 9, 'n_iter': 0, 'cost_fn': 'energy', 'temperature': 1.0, 'stepsize': 1.0, 'init_par': None, 'dump_interval': None}
runtime variables =  {'GPU': True, 'date_start': '2021-01-16 23:04:30.021024', 'complete_graph': [(1, 2), (3, 4), (5, 6), (7, 8), (9, 10), (11, 12), (13, 14), (15, 16), (17, 0), (0, 1), (2, 3), (4, 5), (6, 7), (8, 9), (10, 11), (12, 13), (14, 15), (16, 17)], 'init_layer': [(0, 1), (2, 3), (4, 5), (6, 7), (8, 9), (10, 11), (12, 13), (14, 15), (16, 17)], 'layers': [[(1, 2), (3, 4), (5, 6), (7, 8), (9, 10), (11, 12), (13, 14), (15, 16), (17, 0)], [(0, 1), (2, 3), (4, 5), (6, 7), (8, 9), (10, 11), (12, 13), (14, 15), (16, 17)]], 'n': 18}
........................................................................................................................................................................................................................................................................................................................................................................................................................................................................................................................................................................................................................................................................................................................................................................................................................................................................................................................................../home/jkgpu/miniconda3/lib/python3.8/site-packages/chainer/backends/cuda.py:142: UserWarning: cuDNN is not enabled.
Please reinstall CuPy after you install cudnn
(see https://docs-cupy.chainer.org/en/stable/install.html#install-cudnn).
  warnings.warn(
/home/jkgpu/miniconda3/lib/python3.8/site-packages/chainer/_environment_check.py:70: UserWarning: 
--------------------------------------------------------------------------------
CuPy (cupy) version 8.0.0 may not be compatible with this version of Chainer.
Please consider installing the supported version by running:
  $ pip install 'cupy>=6.3.0,<7.0.0'

See the following page for more details:
  https://docs-cupy.chainer.org/en/latest/install.html
--------------------------------------------------------------------------------

  warnings.warn(msg.format(
 
==========================================================================================
Finished basinhopping of  /home/jkgpu/HVQE/data/chain/periodic/own_graph/ops/energy/18 at 2021-01-16 23:50:50.195496 UTC, with
 
{'path': '/home/jkgpu/HVQE/data/chain/periodic/own_graph/ops/energy/18', 'n_par': 20, 'par_multiplicity': 9, 'n_iter': 0, 'cost_fn': 'energy', 'temperature': 1.0, 'stepsize': 1.0, 'init_par': None, 'dump_interval': None}
init_par = [0.0002217337774688147, 0.00041137894671527194, 0.00015070599914988056, -0.0001205246225689268, 0.000342369511667802, 0.0003815030611482378, 0.0002123028624406657, -2.573443807015629e-05, -7.66879281668216e-06, 0.00022797353177787902, -0.00046481750072594873, -0.00032046381386835866, -6.259775151990746e-05, -0.00011398829622244976, 4.2688994464009766e-05, 0.00027221831533923244, -4.9072582912098846e-05, 0.00013286196597376524, 0.0004765577893576455, 0.00042262574699225325]
 
RESULTS:
--------
E_VQE = -8.014396674679336
inf_VQE = 0.008240835573838368
n_fn_calls = 906
Wall-clock time 0.7720640277200275 hours
 
For more output, see /home/jkgpu/HVQE/data/chain/periodic/own_graph/ops/energy/18/output.txt
Plots of output saved in /home/jkgpu/HVQE/data/chain/periodic/own_graph/ops/energy/18
End of HVQE.py
==========================================================================================
CuPy installation found, continuing using GPU acceleration.
having the CPUs {0, 2, 10} available.
Started basinhopping at 2021-01-16 23:50:58.933658 UTC, with
command line arguments = {'path': '/home/jkgpu/HVQE/data/chain/periodic/own_graph/ops/energy/18', 'n_par': 22, 'par_multiplicity': 9, 'n_iter': 0, 'cost_fn': 'energy', 'temperature': 1.0, 'stepsize': 1.0, 'init_par': None, 'dump_interval': None}
runtime variables =  {'GPU': True, 'date_start': '2021-01-16 23:50:58.933658', 'complete_graph': [(1, 2), (3, 4), (5, 6), (7, 8), (9, 10), (11, 12), (13, 14), (15, 16), (17, 0), (0, 1), (2, 3), (4, 5), (6, 7), (8, 9), (10, 11), (12, 13), (14, 15), (16, 17)], 'init_layer': [(0, 1), (2, 3), (4, 5), (6, 7), (8, 9), (10, 11), (12, 13), (14, 15), (16, 17)], 'layers': [[(1, 2), (3, 4), (5, 6), (7, 8), (9, 10), (11, 12), (13, 14), (15, 16), (17, 0)], [(0, 1), (2, 3), (4, 5), (6, 7), (8, 9), (10, 11), (12, 13), (14, 15), (16, 17)]], 'n': 18}
...................................................................................................................................................................................................................................................................................................................................................................................................................................................................................................................................................................................................................................................../home/jkgpu/miniconda3/lib/python3.8/site-packages/chainer/backends/cuda.py:142: UserWarning: cuDNN is not enabled.
Please reinstall CuPy after you install cudnn
(see https://docs-cupy.chainer.org/en/stable/install.html#install-cudnn).
  warnings.warn(
/home/jkgpu/miniconda3/lib/python3.8/site-packages/chainer/_environment_check.py:70: UserWarning: 
--------------------------------------------------------------------------------
CuPy (cupy) version 8.0.0 may not be compatible with this version of Chainer.
Please consider installing the supported version by running:
  $ pip install 'cupy>=6.3.0,<7.0.0'

See the following page for more details:
  https://docs-cupy.chainer.org/en/latest/install.html
--------------------------------------------------------------------------------

  warnings.warn(msg.format(
 
==========================================================================================
Finished basinhopping of  /home/jkgpu/HVQE/data/chain/periodic/own_graph/ops/energy/18 at 2021-01-17 00:26:18.681425 UTC, with
 
{'path': '/home/jkgpu/HVQE/data/chain/periodic/own_graph/ops/energy/18', 'n_par': 22, 'par_multiplicity': 9, 'n_iter': 0, 'cost_fn': 'energy', 'temperature': 1.0, 'stepsize': 1.0, 'init_par': None, 'dump_interval': None}
init_par = [0.00041968413821368033, -0.00022174411815611717, -0.0004801642857485879, 0.00022861850403037623, -0.0004060737849928268, -0.00010741042954199909, 0.00032168964856226043, 0.00031319122323405493, -0.00032410386469434294, 0.00023947585597076622, -0.00023340436938849407, -0.00018353904560101307, 0.00029759575192437444, 0.0001887437438202594, -1.5933287544562039e-06, 2.840608151900956e-06, -0.00022892510619722516, 0.0003811678928154296, -0.0003337231654313244, 0.00033563172165829126, 7.132883654735575e-05, -0.00032234734825633404]
 
RESULTS:
--------
E_VQE = -8.022088159469181
inf_VQE = 0.00019803931252693197
n_fn_calls = 629
Wall-clock time 0.5886244855986701 hours
 
For more output, see /home/jkgpu/HVQE/data/chain/periodic/own_graph/ops/energy/18/output.txt
Plots of output saved in /home/jkgpu/HVQE/data/chain/periodic/own_graph/ops/energy/18
End of HVQE.py
==========================================================================================
CuPy installation found, continuing using GPU acceleration.
having the CPUs {0, 2, 10} available.
Started basinhopping at 2021-01-17 00:26:27.743029 UTC, with
command line arguments = {'path': '/home/jkgpu/HVQE/data/chain/periodic/own_graph/ops/energy/18', 'n_par': 24, 'par_multiplicity': 9, 'n_iter': 0, 'cost_fn': 'energy', 'temperature': 1.0, 'stepsize': 1.0, 'init_par': None, 'dump_interval': None}
runtime variables =  {'GPU': True, 'date_start': '2021-01-17 00:26:27.743029', 'complete_graph': [(1, 2), (3, 4), (5, 6), (7, 8), (9, 10), (11, 12), (13, 14), (15, 16), (17, 0), (0, 1), (2, 3), (4, 5), (6, 7), (8, 9), (10, 11), (12, 13), (14, 15), (16, 17)], 'init_layer': [(0, 1), (2, 3), (4, 5), (6, 7), (8, 9), (10, 11), (12, 13), (14, 15), (16, 17)], 'layers': [[(1, 2), (3, 4), (5, 6), (7, 8), (9, 10), (11, 12), (13, 14), (15, 16), (17, 0)], [(0, 1), (2, 3), (4, 5), (6, 7), (8, 9), (10, 11), (12, 13), (14, 15), (16, 17)]], 'n': 18}
................................................................................................................................................................................................................................................................................................................................................................................................................................................................................../home/jkgpu/miniconda3/lib/python3.8/site-packages/chainer/backends/cuda.py:142: UserWarning: cuDNN is not enabled.
Please reinstall CuPy after you install cudnn
(see https://docs-cupy.chainer.org/en/stable/install.html#install-cudnn).
  warnings.warn(
/home/jkgpu/miniconda3/lib/python3.8/site-packages/chainer/_environment_check.py:70: UserWarning: 
--------------------------------------------------------------------------------
CuPy (cupy) version 8.0.0 may not be compatible with this version of Chainer.
Please consider installing the supported version by running:
  $ pip install 'cupy>=6.3.0,<7.0.0'

See the following page for more details:
  https://docs-cupy.chainer.org/en/latest/install.html
--------------------------------------------------------------------------------

  warnings.warn(msg.format(
 
==========================================================================================
Finished basinhopping of  /home/jkgpu/HVQE/data/chain/periodic/own_graph/ops/energy/18 at 2021-01-17 00:54:56.685507 UTC, with
 
{'path': '/home/jkgpu/HVQE/data/chain/periodic/own_graph/ops/energy/18', 'n_par': 24, 'par_multiplicity': 9, 'n_iter': 0, 'cost_fn': 'energy', 'temperature': 1.0, 'stepsize': 1.0, 'init_par': None, 'dump_interval': None}
init_par = [0.00046302216272640093, -2.3963949166651473e-05, -0.0003519036575118276, -0.0004125433386952022, -0.0001692918607308892, -4.844914859612569e-05, -0.00026707682901878514, 0.0002882541059781355, 0.00016806686771501456, 0.0001502965171202745, 0.0001973465669504491, 0.0001605966125838794, 0.00016913649699061898, 0.00046951827694349585, -0.000316069451992775, 0.0004118916581174125, -0.00012096533064588822, -6.783678953573117e-05, 0.00047556540077837127, -0.00028440134369802175, -0.00018822888631636506, -0.0002905750567356216, -0.00017357587199912772, -0.0002781169856195235]
 
RESULTS:
--------
E_VQE = -7.938012821754492
inf_VQE = 0.16932492073809824
n_fn_calls = 466
Wall-clock time 0.4745010904471079 hours
 
For more output, see /home/jkgpu/HVQE/data/chain/periodic/own_graph/ops/energy/18/output.txt
Plots of output saved in /home/jkgpu/HVQE/data/chain/periodic/own_graph/ops/energy/18
End of HVQE.py
==========================================================================================
CuPy installation found, continuing using GPU acceleration.
having the CPUs {0, 2, 10} available.
Started basinhopping at 2021-01-17 00:55:05.893693 UTC, with
command line arguments = {'path': '/home/jkgpu/HVQE/data/chain/periodic/own_graph/ops/energy/18', 'n_par': 26, 'par_multiplicity': 9, 'n_iter': 0, 'cost_fn': 'energy', 'temperature': 1.0, 'stepsize': 1.0, 'init_par': None, 'dump_interval': None}
runtime variables =  {'GPU': True, 'date_start': '2021-01-17 00:55:05.893693', 'complete_graph': [(1, 2), (3, 4), (5, 6), (7, 8), (9, 10), (11, 12), (13, 14), (15, 16), (17, 0), (0, 1), (2, 3), (4, 5), (6, 7), (8, 9), (10, 11), (12, 13), (14, 15), (16, 17)], 'init_layer': [(0, 1), (2, 3), (4, 5), (6, 7), (8, 9), (10, 11), (12, 13), (14, 15), (16, 17)], 'layers': [[(1, 2), (3, 4), (5, 6), (7, 8), (9, 10), (11, 12), (13, 14), (15, 16), (17, 0)], [(0, 1), (2, 3), (4, 5), (6, 7), (8, 9), (10, 11), (12, 13), (14, 15), (16, 17)]], 'n': 18}
............................................................................................................................................................................................................................................................................................................................................................................................................................................................................/home/jkgpu/miniconda3/lib/python3.8/site-packages/chainer/backends/cuda.py:142: UserWarning: cuDNN is not enabled.
Please reinstall CuPy after you install cudnn
(see https://docs-cupy.chainer.org/en/stable/install.html#install-cudnn).
  warnings.warn(
/home/jkgpu/miniconda3/lib/python3.8/site-packages/chainer/_environment_check.py:70: UserWarning: 
--------------------------------------------------------------------------------
CuPy (cupy) version 8.0.0 may not be compatible with this version of Chainer.
Please consider installing the supported version by running:
  $ pip install 'cupy>=6.3.0,<7.0.0'

See the following page for more details:
  https://docs-cupy.chainer.org/en/latest/install.html
--------------------------------------------------------------------------------

  warnings.warn(msg.format(
 
==========================================================================================
Finished basinhopping of  /home/jkgpu/HVQE/data/chain/periodic/own_graph/ops/energy/18 at 2021-01-17 01:25:36.565232 UTC, with
 
{'path': '/home/jkgpu/HVQE/data/chain/periodic/own_graph/ops/energy/18', 'n_par': 26, 'par_multiplicity': 9, 'n_iter': 0, 'cost_fn': 'energy', 'temperature': 1.0, 'stepsize': 1.0, 'init_par': None, 'dump_interval': None}
init_par = [0.000404831069851189, -3.296321643057079e-05, 1.050818586030523e-05, -0.00029863018050580933, 0.0002873688464502688, -0.0004750019457365026, -0.00011694381818742449, 0.00023110651539053984, -0.0004560709783567545, 0.00034764509468820036, -0.000440013723560454, -0.00029382147855925667, -0.0001344673163209087, 0.00039692223013908343, -0.00018288397879514298, 2.7436989223627315e-05, -0.00038255992069649927, -0.0001179081215904898, 0.00011656804311273728, 0.0004166836816284422, -0.0003440772555828763, -6.079188322840191e-05, 0.00037022474229450684, 0.0004761694321203427, -0.00021604370652391779, 0.0003695415631223729]
 
RESULTS:
--------
E_VQE = -8.015478569760772
inf_VQE = 0.0056436672360342666
n_fn_calls = 460
Wall-clock time 0.5082989271481833 hours
 
For more output, see /home/jkgpu/HVQE/data/chain/periodic/own_graph/ops/energy/18/output.txt
Plots of output saved in /home/jkgpu/HVQE/data/chain/periodic/own_graph/ops/energy/18
End of HVQE.py
==========================================================================================
CuPy installation found, continuing using GPU acceleration.
having the CPUs {0, 2, 10} available.
Started basinhopping at 2021-01-17 01:25:45.401888 UTC, with
command line arguments = {'path': '/home/jkgpu/HVQE/data/chain/periodic/own_graph/ops/energy/18', 'n_par': 28, 'par_multiplicity': 9, 'n_iter': 0, 'cost_fn': 'energy', 'temperature': 1.0, 'stepsize': 1.0, 'init_par': None, 'dump_interval': None}
runtime variables =  {'GPU': True, 'date_start': '2021-01-17 01:25:45.401888', 'complete_graph': [(1, 2), (3, 4), (5, 6), (7, 8), (9, 10), (11, 12), (13, 14), (15, 16), (17, 0), (0, 1), (2, 3), (4, 5), (6, 7), (8, 9), (10, 11), (12, 13), (14, 15), (16, 17)], 'init_layer': [(0, 1), (2, 3), (4, 5), (6, 7), (8, 9), (10, 11), (12, 13), (14, 15), (16, 17)], 'layers': [[(1, 2), (3, 4), (5, 6), (7, 8), (9, 10), (11, 12), (13, 14), (15, 16), (17, 0)], [(0, 1), (2, 3), (4, 5), (6, 7), (8, 9), (10, 11), (12, 13), (14, 15), (16, 17)]], 'n': 18}
............................................................................................................................................................................................................................................................................................................................................................................................................................................................................................................................................................................................................................................................................................................................................................................................................................................................................................................................................................................................................................................................................................................................................................................................................................................................................................................................................................................................................................................................................................................................................................................................................................................................................................................................................................................................................................................................................................................................................................................../home/jkgpu/miniconda3/lib/python3.8/site-packages/chainer/backends/cuda.py:142: UserWarning: cuDNN is not enabled.
Please reinstall CuPy after you install cudnn
(see https://docs-cupy.chainer.org/en/stable/install.html#install-cudnn).
  warnings.warn(
/home/jkgpu/miniconda3/lib/python3.8/site-packages/chainer/_environment_check.py:70: UserWarning: 
--------------------------------------------------------------------------------
CuPy (cupy) version 8.0.0 may not be compatible with this version of Chainer.
Please consider installing the supported version by running:
  $ pip install 'cupy>=6.3.0,<7.0.0'

See the following page for more details:
  https://docs-cupy.chainer.org/en/latest/install.html
--------------------------------------------------------------------------------

  warnings.warn(msg.format(
 
==========================================================================================
Finished basinhopping of  /home/jkgpu/HVQE/data/chain/periodic/own_graph/ops/energy/18 at 2021-01-17 03:41:37.655021 UTC, with
 
{'path': '/home/jkgpu/HVQE/data/chain/periodic/own_graph/ops/energy/18', 'n_par': 28, 'par_multiplicity': 9, 'n_iter': 0, 'cost_fn': 'energy', 'temperature': 1.0, 'stepsize': 1.0, 'init_par': None, 'dump_interval': None}
init_par = [0.0004761429672472227, -0.000490462269380527, -0.00045149570807398264, 0.00022477345469217448, 0.000361199572661719, -0.0002470020097313975, -0.0002354485307572547, 0.00017100062621012166, -4.223152253359473e-06, 9.16854098541287e-06, -0.000419025539352787, 7.737947459951055e-06, -0.00028060078671009636, 0.00030474614008046226, 0.0003981986398069923, -0.0004852987234140669, 0.00031851697887006424, 0.00036346778152449694, 0.00014674911864225731, -0.00011239709592232475, -0.000341848405483787, 0.0001170532997620471, -9.97577893238564e-05, -2.376361839713688e-06, 0.00022230449329262484, -0.0004384947958038102, 0.00012929101324001783, -0.00014079864768310824]
 
RESULTS:
--------
E_VQE = -8.022713730910572
inf_VQE = 1.177282898590093e-05
n_fn_calls = 1902
Wall-clock time 2.2642835889259976 hours
 
For more output, see /home/jkgpu/HVQE/data/chain/periodic/own_graph/ops/energy/18/output.txt
Plots of output saved in /home/jkgpu/HVQE/data/chain/periodic/own_graph/ops/energy/18
End of HVQE.py
==========================================================================================
CuPy installation found, continuing using GPU acceleration.
having the CPUs {0, 2, 10} available.
Started basinhopping at 2021-01-17 03:41:46.814509 UTC, with
command line arguments = {'path': '/home/jkgpu/HVQE/data/chain/periodic/own_graph/ops/energy/18', 'n_par': 30, 'par_multiplicity': 9, 'n_iter': 0, 'cost_fn': 'energy', 'temperature': 1.0, 'stepsize': 1.0, 'init_par': None, 'dump_interval': None}
runtime variables =  {'GPU': True, 'date_start': '2021-01-17 03:41:46.814509', 'complete_graph': [(1, 2), (3, 4), (5, 6), (7, 8), (9, 10), (11, 12), (13, 14), (15, 16), (17, 0), (0, 1), (2, 3), (4, 5), (6, 7), (8, 9), (10, 11), (12, 13), (14, 15), (16, 17)], 'init_layer': [(0, 1), (2, 3), (4, 5), (6, 7), (8, 9), (10, 11), (12, 13), (14, 15), (16, 17)], 'layers': [[(1, 2), (3, 4), (5, 6), (7, 8), (9, 10), (11, 12), (13, 14), (15, 16), (17, 0)], [(0, 1), (2, 3), (4, 5), (6, 7), (8, 9), (10, 11), (12, 13), (14, 15), (16, 17)]], 'n': 18}
............................................................................................................................................................................................................................................................................................................................................................................................................................................................................./home/jkgpu/miniconda3/lib/python3.8/site-packages/chainer/backends/cuda.py:142: UserWarning: cuDNN is not enabled.
Please reinstall CuPy after you install cudnn
(see https://docs-cupy.chainer.org/en/stable/install.html#install-cudnn).
  warnings.warn(
/home/jkgpu/miniconda3/lib/python3.8/site-packages/chainer/_environment_check.py:70: UserWarning: 
--------------------------------------------------------------------------------
CuPy (cupy) version 8.0.0 may not be compatible with this version of Chainer.
Please consider installing the supported version by running:
  $ pip install 'cupy>=6.3.0,<7.0.0'

See the following page for more details:
  https://docs-cupy.chainer.org/en/latest/install.html
--------------------------------------------------------------------------------

  warnings.warn(msg.format(
 
==========================================================================================
Finished basinhopping of  /home/jkgpu/HVQE/data/chain/periodic/own_graph/ops/energy/18 at 2021-01-17 04:17:03.390976 UTC, with
 
{'path': '/home/jkgpu/HVQE/data/chain/periodic/own_graph/ops/energy/18', 'n_par': 30, 'par_multiplicity': 9, 'n_iter': 0, 'cost_fn': 'energy', 'temperature': 1.0, 'stepsize': 1.0, 'init_par': None, 'dump_interval': None}
init_par = [1.725686796636718e-05, -0.00027910521984386336, -0.00047837592577241827, -0.00010514594810755266, -0.00026374284468395296, -0.00012224847817192722, -0.0002548493426096069, 0.0004162356301004265, -0.0002040881335265923, -0.00028935730898249287, 0.00025805065166529975, 7.837964070035492e-05, -0.0004616715774711339, 0.0001560638918720851, 0.0004817837635857113, -0.00027087419977255044, -0.00021309848533512745, 0.00035991469396330557, -9.657162311207268e-05, 0.00021599699322668588, -8.811344686524502e-05, 0.0002478712578559036, -0.00016722798750390698, -0.00032566750954590864, -0.0002691882853034476, 0.0003451821919866195, 0.00037206460044099507, 0.00024241794109809353, 0.0001983370038267752, 0.0003081269022373837]
 
RESULTS:
--------
E_VQE = -7.959713512218869
inf_VQE = 0.10655963887852282
n_fn_calls = 461
Wall-clock time 0.5876966351270675 hours
 
For more output, see /home/jkgpu/HVQE/data/chain/periodic/own_graph/ops/energy/18/output.txt
Plots of output saved in /home/jkgpu/HVQE/data/chain/periodic/own_graph/ops/energy/18
End of HVQE.py
==========================================================================================
