CuPy installation found, continuing using GPU acceleration.
having the CPUs {9, 11, 7} available.
Started basinhopping at 2021-01-16 21:24:21.945386 UTC, with
command line arguments = {'path': '/home/jkgpu/HVQE/data/chain/periodic/own_graph/ops/energy/18', 'n_par': 30, 'par_multiplicity': 9, 'n_iter': 0, 'cost_fn': 'energy', 'temperature': 1.0, 'stepsize': 1.0, 'init_par': None, 'dump_interval': None}
runtime variables =  {'GPU': True, 'date_start': '2021-01-16 21:24:21.945386', 'complete_graph': [(1, 2), (3, 4), (5, 6), (7, 8), (9, 10), (11, 12), (13, 14), (15, 16), (17, 0), (0, 1), (2, 3), (4, 5), (6, 7), (8, 9), (10, 11), (12, 13), (14, 15), (16, 17)], 'init_layer': [(0, 1), (2, 3), (4, 5), (6, 7), (8, 9), (10, 11), (12, 13), (14, 15), (16, 17)], 'layers': [[(1, 2), (3, 4), (5, 6), (7, 8), (9, 10), (11, 12), (13, 14), (15, 16), (17, 0)], [(0, 1), (2, 3), (4, 5), (6, 7), (8, 9), (10, 11), (12, 13), (14, 15), (16, 17)]], 'n': 18}
................................................................................................................................................................................................................................................................................................................................................................................................................................................................................................................................................................................................................................................................................................................................................................................................................/home/jkgpu/miniconda3/lib/python3.8/site-packages/chainer/backends/cuda.py:142: UserWarning: cuDNN is not enabled.
Please reinstall CuPy after you install cudnn
(see https://docs-cupy.chainer.org/en/stable/install.html#install-cudnn).
  warnings.warn(
/home/jkgpu/miniconda3/lib/python3.8/site-packages/chainer/_environment_check.py:70: UserWarning: 
--------------------------------------------------------------------------------
CuPy (cupy) version 8.0.0 may not be compatible with this version of Chainer.
Please consider installing the supported version by running:
  $ pip install 'cupy>=6.3.0,<7.0.0'

See the following page for more details:
  https://docs-cupy.chainer.org/en/latest/install.html
--------------------------------------------------------------------------------

  warnings.warn(msg.format(
 
==========================================================================================
Finished basinhopping of  /home/jkgpu/HVQE/data/chain/periodic/own_graph/ops/energy/18 at 2021-01-16 22:23:47.933670 UTC, with
 
{'path': '/home/jkgpu/HVQE/data/chain/periodic/own_graph/ops/energy/18', 'n_par': 30, 'par_multiplicity': 9, 'n_iter': 0, 'cost_fn': 'energy', 'temperature': 1.0, 'stepsize': 1.0, 'init_par': None, 'dump_interval': None}
init_par = [0.0003815606201591344, 0.0001289527795664445, -9.415955047584255e-05, 2.9792734250628562e-05, -0.0003199904262211839, -3.1311855913730854e-05, 0.00040268469321865907, 0.00015231569749468764, -0.00029105517767091517, -0.00018747737742700623, -0.00042413858248895845, -0.0004204922586871841, -0.0003617590619149945, 0.0002023799898035598, -0.0002572789615469816, 1.7876786667899228e-06, -0.0004053301775861081, -0.00026832537028129513, 4.027845718237945e-05, -0.00020004186207552666, 0.00046167400478645576, -0.0004184055620245397, 0.00040409604538127345, 0.0003324088166261224, 4.795535117576677e-05, -0.00038509044869702126, -0.000319821639291702, 2.7852628143514935e-05, -0.000476554406681417, 0.0003144366017258371]
 
RESULTS:
--------
E_VQE = -8.018862185462014
inf_VQE = 0.001207935483586553
n_fn_calls = 784
Wall-clock time 0.9903000078598658 hours
 
For more output, see /home/jkgpu/HVQE/data/chain/periodic/own_graph/ops/energy/18/output.txt
Plots of output saved in /home/jkgpu/HVQE/data/chain/periodic/own_graph/ops/energy/18
End of HVQE.py
==========================================================================================
