No CuPy installation found, continuing without GPU acceleration.
having the CPUs {2, 3, 6, 7} available.
Started basinhopping at 2020-12-24 22:29:37.401794 UTC, with
command line arguments = {'path': '/home/jorisk2/HVQE/data/kagome/periodic/own_graph/opg/infidelity/2x2', 'n_par': 24, 'par_multiplicity': 1, 'n_iter': 0, 'cost_fn': 'infidelity', 'temperature': 1.0, 'stepsize': 1.0, 'init_par': None, 'dump_interval': None}
runtime variables =  {'GPU': False, 'date_start': '2020-12-24 22:29:37.401794', 'complete_graph': [(0, 4), (2, 6), (8, 7), (10, 5), (11, 1), (9, 3), (1, 4), (3, 6), (5, 8), (7, 10), (9, 0), (11, 2), (1, 2), (3, 0), (6, 8), (4, 10), (5, 9), (7, 11), (0, 1), (2, 3), (4, 5), (6, 7), (8, 9), (10, 11)], 'init_layer': [(0, 1), (2, 3), (4, 5), (6, 7), (8, 9), (10, 11)], 'layers': [[(0, 4), (2, 6), (8, 7), (10, 5), (11, 1), (9, 3)], [(1, 4), (3, 6), (5, 8), (7, 10), (9, 0), (11, 2)], [(1, 2), (3, 0), (6, 8), (4, 10), (5, 9), (7, 11)], [(0, 1), (2, 3), (4, 5), (6, 7), (8, 9), (10, 11)]], 'n': 12}
................................................................................................ 
==========================================================================================
Finished basinhopping of  /home/jorisk2/HVQE/data/kagome/periodic/own_graph/opg/infidelity/2x2 at 2020-12-24 22:33:30.050095 UTC, with
 
{'path': '/home/jorisk2/HVQE/data/kagome/periodic/own_graph/opg/infidelity/2x2', 'n_par': 24, 'par_multiplicity': 1, 'n_iter': 0, 'cost_fn': 'infidelity', 'temperature': 1.0, 'stepsize': 1.0, 'init_par': None, 'dump_interval': None}
init_par = [-0.0002102708632098166, 0.00015384800898627705, 0.0003866514333192751, -0.00029152842490497177, -0.0002600350595317962, -0.0002719928825055902, 0.0002084504112553864, -8.198035529029203e-05, 0.0004184160014925031, 0.0001683533724719993, -0.0003983428047445492, -0.00046727387988171765, -0.00016303354837799968, -0.0002961069844288343, -0.00047437976098997295, -0.0003704391493557901, -0.00021045123937039434, -0.0003645041593841722, -0.00018953264483592659, 5.288444941283063e-05, -0.00041915979530726775, 0.0004470228396266379, -0.0003628900039264821, 0.0004493079968782295]
 
RESULTS:
--------
E_VQE = -4.563434068736528
inf_VQE = 0.573127366741085
n_fn_calls = 96
Wall-clock time 0.03206038335959117 hours
 
For more output, see /home/jorisk2/HVQE/data/kagome/periodic/own_graph/opg/infidelity/2x2/output.txt
Plots of output saved in /home/jorisk2/HVQE/data/kagome/periodic/own_graph/opg/infidelity/2x2
End of HVQE.py
==========================================================================================
