No CuPy installation found, continuing without GPU acceleration.
having the CPUs {26, 27, 30, 31} available.
Started basinhopping at 2020-12-24 22:29:45.221989 UTC, with
command line arguments = {'path': '/home/jorisk2/HVQE/data/kagome/periodic/own_graph/opg/infidelity/2x2', 'n_par': 24, 'par_multiplicity': 1, 'n_iter': 0, 'cost_fn': 'infidelity', 'temperature': 1.0, 'stepsize': 1.0, 'init_par': None, 'dump_interval': None}
runtime variables =  {'GPU': False, 'date_start': '2020-12-24 22:29:45.221989', 'complete_graph': [(0, 4), (2, 6), (8, 7), (10, 5), (11, 1), (9, 3), (1, 4), (3, 6), (5, 8), (7, 10), (9, 0), (11, 2), (1, 2), (3, 0), (6, 8), (4, 10), (5, 9), (7, 11), (0, 1), (2, 3), (4, 5), (6, 7), (8, 9), (10, 11)], 'init_layer': [(0, 1), (2, 3), (4, 5), (6, 7), (8, 9), (10, 11)], 'layers': [[(0, 4), (2, 6), (8, 7), (10, 5), (11, 1), (9, 3)], [(1, 4), (3, 6), (5, 8), (7, 10), (9, 0), (11, 2)], [(1, 2), (3, 0), (6, 8), (4, 10), (5, 9), (7, 11)], [(0, 1), (2, 3), (4, 5), (6, 7), (8, 9), (10, 11)]], 'n': 12}
............................................................................................................ 
==========================================================================================
Finished basinhopping of  /home/jorisk2/HVQE/data/kagome/periodic/own_graph/opg/infidelity/2x2 at 2020-12-24 22:33:59.333939 UTC, with
 
{'path': '/home/jorisk2/HVQE/data/kagome/periodic/own_graph/opg/infidelity/2x2', 'n_par': 24, 'par_multiplicity': 1, 'n_iter': 0, 'cost_fn': 'infidelity', 'temperature': 1.0, 'stepsize': 1.0, 'init_par': None, 'dump_interval': None}
init_par = [0.00027934418584419805, 0.00011990429932901307, -9.80514563315197e-05, -0.0002774942129629212, -0.00023981760101562022, -0.0003849792169793346, -0.0004938440361948916, 0.00034429108490742944, 0.000180447664087047, 0.00025690940618678336, 0.00022458904793008088, -0.0003440082645050259, 4.691379840899201e-05, 0.0001898337450874191, 0.00021915588134704012, 0.00015400769624821257, -0.00010860290977002376, -0.00035987701139924834, 0.00042019968746453843, 0.0004042939613720192, -0.00022002899385927368, -0.0003991271412373192, -0.00018473915528730434, -0.00035208581441313505]
 
RESULTS:
--------
E_VQE = -4.563468510402355
inf_VQE = 0.5731273665840287
n_fn_calls = 108
Wall-clock time 0.051621923314200506 hours
 
For more output, see /home/jorisk2/HVQE/data/kagome/periodic/own_graph/opg/infidelity/2x2/output.txt
Plots of output saved in /home/jorisk2/HVQE/data/kagome/periodic/own_graph/opg/infidelity/2x2
End of HVQE.py
==========================================================================================
