No CuPy installation found, continuing without GPU acceleration.
having the CPUs {26, 27, 30, 31} available.
Started basinhopping at 2020-12-24 22:48:51.881923 UTC, with
command line arguments = {'path': '/home/jorisk2/HVQE/data/kagome/periodic/own_graph/opg/infidelity/2x2', 'n_par': 48, 'par_multiplicity': 1, 'n_iter': 0, 'cost_fn': 'infidelity', 'temperature': 1.0, 'stepsize': 1.0, 'init_par': None, 'dump_interval': None}
runtime variables =  {'GPU': False, 'date_start': '2020-12-24 22:48:51.881923', 'complete_graph': [(0, 4), (2, 6), (8, 7), (10, 5), (11, 1), (9, 3), (1, 4), (3, 6), (5, 8), (7, 10), (9, 0), (11, 2), (1, 2), (3, 0), (6, 8), (4, 10), (5, 9), (7, 11), (0, 1), (2, 3), (4, 5), (6, 7), (8, 9), (10, 11)], 'init_layer': [(0, 1), (2, 3), (4, 5), (6, 7), (8, 9), (10, 11)], 'layers': [[(0, 4), (2, 6), (8, 7), (10, 5), (11, 1), (9, 3)], [(1, 4), (3, 6), (5, 8), (7, 10), (9, 0), (11, 2)], [(1, 2), (3, 0), (6, 8), (4, 10), (5, 9), (7, 11)], [(0, 1), (2, 3), (4, 5), (6, 7), (8, 9), (10, 11)]], 'n': 12}
........................................................................................................................................................................... 
==========================================================================================
Finished basinhopping of  /home/jorisk2/HVQE/data/kagome/periodic/own_graph/opg/infidelity/2x2 at 2020-12-24 23:05:37.786564 UTC, with
 
{'path': '/home/jorisk2/HVQE/data/kagome/periodic/own_graph/opg/infidelity/2x2', 'n_par': 48, 'par_multiplicity': 1, 'n_iter': 0, 'cost_fn': 'infidelity', 'temperature': 1.0, 'stepsize': 1.0, 'init_par': None, 'dump_interval': None}
init_par = [0.0003416808461037757, 7.548892943917392e-06, 0.00027640985643182046, 0.00011749743196964814, 7.52940126802149e-05, 8.136582580915187e-05, -0.00034405107504976296, 6.947312449561067e-05, -0.0002340440173386916, -0.0002692298097884252, 0.000316569161020748, -6.948226384239888e-05, 0.00047783861254934736, -0.00042488897489201087, 0.0004670280267733458, 0.00029646234998032374, 0.00027985108276916415, -0.0001301126342300766, 0.00046713637654607844, 0.0002281689699043329, 0.0003087338269307298, 0.00034458132818999477, 0.00020859101508576168, -0.00017525807980674983, 0.00015157789109168662, -0.0004962933073315093, -0.0002407295041920172, 0.000276566759395882, -0.00020954756146338162, -0.00011578219005790359, 0.00010914703037960083, 0.0004522451420074738, -0.0001832327173284556, 2.8819071414929007e-05, -0.00030808700369662733, 0.0004720377051461364, 0.00021618562204421565, -0.00023041419167710585, 0.00044814334614311755, 0.00019822407914648265, 5.0941572840191175e-06, -0.00011025327785652364, 0.00046042116679413463, 1.4930934413268137e-06, -8.33148461629151e-05, 0.000437669971926067, 0.00015629595167209462, 0.00044910335485875237]
 
RESULTS:
--------
E_VQE = -4.767085458034128
inf_VQE = 0.32885205250353433
n_fn_calls = 171
Wall-clock time 0.2570295596122742 hours
 
For more output, see /home/jorisk2/HVQE/data/kagome/periodic/own_graph/opg/infidelity/2x2/output.txt
Plots of output saved in /home/jorisk2/HVQE/data/kagome/periodic/own_graph/opg/infidelity/2x2
End of HVQE.py
==========================================================================================
No CuPy installation found, continuing without GPU acceleration.
having the CPUs {26, 27, 30, 31} available.
Started basinhopping at 2020-12-24 23:15:35.913364 UTC, with
command line arguments = {'path': '/home/jorisk2/HVQE/data/kagome/periodic/own_graph/opg/infidelity/2x2', 'n_par': 72, 'par_multiplicity': 1, 'n_iter': 0, 'cost_fn': 'infidelity', 'temperature': 1.0, 'stepsize': 1.0, 'init_par': None, 'dump_interval': None}
runtime variables =  {'GPU': False, 'date_start': '2020-12-24 23:15:35.913364', 'complete_graph': [(0, 4), (2, 6), (8, 7), (10, 5), (11, 1), (9, 3), (1, 4), (3, 6), (5, 8), (7, 10), (9, 0), (11, 2), (1, 2), (3, 0), (6, 8), (4, 10), (5, 9), (7, 11), (0, 1), (2, 3), (4, 5), (6, 7), (8, 9), (10, 11)], 'init_layer': [(0, 1), (2, 3), (4, 5), (6, 7), (8, 9), (10, 11)], 'layers': [[(0, 4), (2, 6), (8, 7), (10, 5), (11, 1), (9, 3)], [(1, 4), (3, 6), (5, 8), (7, 10), (9, 0), (11, 2)], [(1, 2), (3, 0), (6, 8), (4, 10), (5, 9), (7, 11)], [(0, 1), (2, 3), (4, 5), (6, 7), (8, 9), (10, 11)]], 'n': 12}
....................................................................................................................................................................................................................................... 
==========================================================================================
Finished basinhopping of  /home/jorisk2/HVQE/data/kagome/periodic/own_graph/opg/infidelity/2x2 at 2020-12-24 23:50:39.405975 UTC, with
 
{'path': '/home/jorisk2/HVQE/data/kagome/periodic/own_graph/opg/infidelity/2x2', 'n_par': 72, 'par_multiplicity': 1, 'n_iter': 0, 'cost_fn': 'infidelity', 'temperature': 1.0, 'stepsize': 1.0, 'init_par': None, 'dump_interval': None}
init_par = [0.0001808219707540369, -0.0003761489858636022, 0.0003210841513284278, 0.00010823567024434942, 0.00031868371394397203, 0.00043041914594380004, -0.0003255849001124952, -0.0002747328239064669, -5.5150711432356615e-05, -0.00016788142133973338, 4.709385334273101e-05, -0.0003023813967688711, -3.6184014881985866e-05, -0.00014088682728044847, -5.8307163501202604e-05, 0.00011038023576777681, 0.0004940660074807292, -0.00014509759886813055, 5.001839886306853e-05, -0.000318908415039738, -0.00012770822381990188, 0.00035156466654441933, 0.00012314673315481602, 9.406928079935513e-05, 0.00022339746295102546, -0.00018424852346967736, 8.59205816551834e-05, 0.00044725967367621397, -0.0003239372472185016, 3.200202635077632e-05, 0.0001754152579362927, 0.00040591568598982524, -2.118980470501076e-05, -0.00039841266434227884, -9.668300033603483e-05, -0.0003394205292234808, -0.00010560838402182327, -0.0003244296623966638, 3.5341911535887176e-05, -2.716212328998614e-05, -0.00013514534437393332, 0.000426540262341383, -0.0003512356421222347, -0.0001920951671619047, 6.108769773321867e-05, 9.426316416428354e-05, -0.00046145862578904275, -0.00016875936367197322, -0.00011525149544808292, 0.00041145777127404577, -7.92151298578462e-05, -0.00010853148942587101, 0.000359197239621605, 0.00035518597595792954, -3.835359576103586e-06, -0.00019149155470571112, 4.901144875190018e-05, -0.00016667202629646238, 0.0003547875535698069, -0.00021628512412321733, 0.0001491311070313942, -0.0002954857931866748, -0.0003440563527444698, -0.0002975244019126513, -0.0004403687143044578, -0.0002053540455149092, -0.0003725964291064626, -2.581269203541384e-06, 0.00034028368212567456, 0.00033126649699737206, 0.00014927086987953522, -0.00020833570056609307]
 
RESULTS:
--------
E_VQE = -4.95038536174538
inf_VQE = 0.17898370046288403
n_fn_calls = 231
Wall-clock time 0.5709639379050997 hours
 
For more output, see /home/jorisk2/HVQE/data/kagome/periodic/own_graph/opg/infidelity/2x2/output.txt
Plots of output saved in /home/jorisk2/HVQE/data/kagome/periodic/own_graph/opg/infidelity/2x2
End of HVQE.py
==========================================================================================
No CuPy installation found, continuing without GPU acceleration.
having the CPUs {26, 27, 30, 31} available.
Started basinhopping at 2020-12-24 23:55:21.864562 UTC, with
command line arguments = {'path': '/home/jorisk2/HVQE/data/kagome/periodic/own_graph/opg/infidelity/2x2', 'n_par': 96, 'par_multiplicity': 1, 'n_iter': 0, 'cost_fn': 'infidelity', 'temperature': 1.0, 'stepsize': 1.0, 'init_par': None, 'dump_interval': None}
runtime variables =  {'GPU': False, 'date_start': '2020-12-24 23:55:21.864562', 'complete_graph': [(0, 4), (2, 6), (8, 7), (10, 5), (11, 1), (9, 3), (1, 4), (3, 6), (5, 8), (7, 10), (9, 0), (11, 2), (1, 2), (3, 0), (6, 8), (4, 10), (5, 9), (7, 11), (0, 1), (2, 3), (4, 5), (6, 7), (8, 9), (10, 11)], 'init_layer': [(0, 1), (2, 3), (4, 5), (6, 7), (8, 9), (10, 11)], 'layers': [[(0, 4), (2, 6), (8, 7), (10, 5), (11, 1), (9, 3)], [(1, 4), (3, 6), (5, 8), (7, 10), (9, 0), (11, 2)], [(1, 2), (3, 0), (6, 8), (4, 10), (5, 9), (7, 11)], [(0, 1), (2, 3), (4, 5), (6, 7), (8, 9), (10, 11)]], 'n': 12}
..................................................................................................................................................................................................................................................................................................................................... 
==========================================================================================
Finished basinhopping of  /home/jorisk2/HVQE/data/kagome/periodic/own_graph/opg/infidelity/2x2 at 2020-12-25 01:46:40.606000 UTC, with
 
{'path': '/home/jorisk2/HVQE/data/kagome/periodic/own_graph/opg/infidelity/2x2', 'n_par': 96, 'par_multiplicity': 1, 'n_iter': 0, 'cost_fn': 'infidelity', 'temperature': 1.0, 'stepsize': 1.0, 'init_par': None, 'dump_interval': None}
init_par = [-0.00028859036851506316, -7.481077910028003e-05, 8.901461273687545e-05, 8.940095030363754e-05, 0.0002788483911223584, -0.000415101851126405, 0.00040313772526768177, 0.00017388933976968937, 0.0003898591127298478, -1.5799362647144345e-05, 0.00045081112978991207, 6.863084133366926e-05, 0.0004149389232229987, 0.0002120001171231333, 0.0003889201138014607, 0.00021132265361153838, -0.00043153177446187633, -0.0004576443151941867, 4.232849443324771e-05, 0.00018966127446110167, 0.0002228432442360612, -0.00012550501500141367, 0.00013947606385092794, 0.0002667929535618387, 0.0002090715102203985, -9.558492225702543e-05, -0.00012828096329470516, 0.00024256145110989886, 0.00015062098156300445, 1.959705225647204e-05, -0.00019889540813310672, 0.00020381653413128326, 3.568782482871809e-06, -0.00017283306555634204, -0.00028771759075141935, -0.00039520924325920904, 0.0002916429376401624, -0.0002493387909937046, -6.225006684187098e-05, -0.0004250520647972702, 0.0001649143465677728, 0.00029733777953686047, 0.00033847107204317906, -0.0004954377716582516, 0.00029945297540805225, -4.771453485779588e-05, 0.0001448810673705537, 0.00020374514326675205, 9.452127801458723e-05, -0.0001649531761855314, 0.00049952484707736, -0.00042455017702659325, 0.0003640422921653634, 3.6255827681413435e-05, 0.0002748786576322287, 7.638540266076117e-05, 0.00024281090516666437, -0.0003296621319550596, -0.0004981219763203933, 0.00043523004915066346, -0.00011145600951885073, -0.00034445352570958664, 0.0003075793274917571, -0.0004988532742601592, -0.0003671321742543768, -0.00017894725093459628, 0.0002610519006543702, 0.00022580331548100287, -0.00046374631219515597, -0.000396870110939794, 0.0003833725019494978, 0.00018234097866922283, -0.00019460465996875512, 2.8413953492399972e-05, -0.0004429779158855397, 0.0003339570895442447, -0.00043327733150198545, 0.00016013112481274238, 8.464202183814848e-05, 0.00011317752810492644, 0.00012593966662279574, -0.0003744775337885212, 0.00014563052981184186, -0.00034604667673277423, 0.0004458442653556884, -7.92588825144186e-05, 0.00010370304356993338, 0.0003985906237837767, 9.32798619626737e-05, -0.00030397095171435086, 4.141412664958018e-05, -9.109960143332895e-05, -0.00019207646776379862, 0.00044263918458669683, 0.0001049474265543991, 0.00037362241142093193]
 
RESULTS:
--------
E_VQE = -5.190158777196763
inf_VQE = 0.06927191934188237
n_fn_calls = 325
Wall-clock time 1.8366777051157421 hours
 
For more output, see /home/jorisk2/HVQE/data/kagome/periodic/own_graph/opg/infidelity/2x2/output.txt
Plots of output saved in /home/jorisk2/HVQE/data/kagome/periodic/own_graph/opg/infidelity/2x2
End of HVQE.py
==========================================================================================
No CuPy installation found, continuing without GPU acceleration.
having the CPUs {26, 27, 30, 31} available.
Started basinhopping at 2020-12-25 01:53:39.818504 UTC, with
command line arguments = {'path': '/home/jorisk2/HVQE/data/kagome/periodic/own_graph/opg/infidelity/2x2', 'n_par': 120, 'par_multiplicity': 1, 'n_iter': 0, 'cost_fn': 'infidelity', 'temperature': 1.0, 'stepsize': 1.0, 'init_par': None, 'dump_interval': None}
runtime variables =  {'GPU': False, 'date_start': '2020-12-25 01:53:39.818504', 'complete_graph': [(0, 4), (2, 6), (8, 7), (10, 5), (11, 1), (9, 3), (1, 4), (3, 6), (5, 8), (7, 10), (9, 0), (11, 2), (1, 2), (3, 0), (6, 8), (4, 10), (5, 9), (7, 11), (0, 1), (2, 3), (4, 5), (6, 7), (8, 9), (10, 11)], 'init_layer': [(0, 1), (2, 3), (4, 5), (6, 7), (8, 9), (10, 11)], 'layers': [[(0, 4), (2, 6), (8, 7), (10, 5), (11, 1), (9, 3)], [(1, 4), (3, 6), (5, 8), (7, 10), (9, 0), (11, 2)], [(1, 2), (3, 0), (6, 8), (4, 10), (5, 9), (7, 11)], [(0, 1), (2, 3), (4, 5), (6, 7), (8, 9), (10, 11)]], 'n': 12}
......................................................................................................................................................................................................................................................................................................................................................................................................... 
==========================================================================================
Finished basinhopping of  /home/jorisk2/HVQE/data/kagome/periodic/own_graph/opg/infidelity/2x2 at 2020-12-25 05:06:13.169998 UTC, with
 
{'path': '/home/jorisk2/HVQE/data/kagome/periodic/own_graph/opg/infidelity/2x2', 'n_par': 120, 'par_multiplicity': 1, 'n_iter': 0, 'cost_fn': 'infidelity', 'temperature': 1.0, 'stepsize': 1.0, 'init_par': None, 'dump_interval': None}
init_par = [-0.00040482417013036913, 0.0003703356586837118, 0.00037664044114420247, 3.888439110585006e-05, 0.00026607567213372406, -0.0004256707497135871, -0.0002578830309481768, 0.000248384019617422, 1.0150453611460137e-05, 1.1517296379227968e-05, 0.00023663181749067547, -0.00010549490268678998, 1.1420627802482793e-05, 0.000270424306741744, -0.00035859176071120736, 0.0003751224972155105, -0.00028573629202323836, -8.6358717004577e-05, 8.390138540252526e-05, 0.00021392284345732229, -0.0002783295704246884, 0.00031016199282364197, -0.00041980888241201453, -0.0004061694120060616, -0.000213597584700309, -0.0003194116992476256, 0.00019270399955222594, 0.0004240078167897529, 0.0001229911532202977, -0.0004474061356007443, 0.0001410533478317102, 0.0001002135806507144, 0.00018890856464423046, -0.00044474880448713914, 0.0004867544098551375, 0.0003869169755851068, 0.0004947805199404418, -0.00019467592683463432, 0.000432965934679353, -0.00027338900860326607, -0.0003201627100721415, 0.00022471984742615699, 5.929552378351342e-05, 0.00020365336437138087, 0.0001995831169182864, 0.00028900319896458756, 6.925020964882822e-05, 0.00015089674963981114, 0.00041054496019070656, 0.0002500190105197106, -0.0003577261289488255, 7.875207867649313e-05, 0.0003199710964975628, 0.00044331815952552804, 0.00042036837372743123, -5.904728243235057e-05, -0.0004830219489597324, 0.0001584841368822335, -0.00045963764537464917, -0.000446397364717216, 0.0004893739239253496, 0.00036965568609762434, 1.1506385850589972e-05, 4.9651509019723564e-05, 6.857961344270281e-05, -0.00014157801192985663, 0.0001398531561928241, 2.1722716248766087e-05, -0.00013764915567238904, 9.277249951210797e-06, -5.9804697406641984e-05, 3.046728376805642e-05, -0.00037839948758501676, 0.000431622008340274, 0.0004227729741916645, -0.0004514778358766826, -0.00020909298783169738, -0.00032407094577857767, -0.00012302488891371733, 0.0003550885958128289, 0.000366164728573672, -9.594496959752698e-05, -0.00028403401082918354, 0.00027549205822937565, 0.0003908782354506232, 0.00044312122641469655, -6.114085763322898e-05, -4.375763914006738e-05, 0.0003016237587690076, -0.00038894822129262416, 5.000339703621051e-05, -0.00042604399033770857, -0.000478018396364298, 0.00014960274207846387, 0.00022360144286157676, 0.0003868538288023084, -0.00013526000430385155, 0.00045307557853544464, 0.00044405154362874596, 2.9344015178780483e-05, 0.0002299602049066076, 3.233050111913654e-05, 0.0004737710640081165, 9.325362076239023e-05, 0.0003962720027637389, -3.739321857630163e-05, -0.0003114833604744927, 0.00023672419744613258, 0.00010055710382936441, -0.0003892320897270878, 3.0658081112137654e-05, -0.0001705179626908916, -0.00038986679191622573, 0.0002993621333094856, -0.00032552891481909944, -6.141401105577704e-05, -4.018688021608589e-05, -0.0002277414020735633, 4.588922770114149e-05, 7.934230432627678e-05]
 
RESULTS:
--------
E_VQE = -5.2497092438766
inf_VQE = 0.04989332778049893
n_fn_calls = 393
Wall-clock time 3.146693503591749 hours
 
For more output, see /home/jorisk2/HVQE/data/kagome/periodic/own_graph/opg/infidelity/2x2/output.txt
Plots of output saved in /home/jorisk2/HVQE/data/kagome/periodic/own_graph/opg/infidelity/2x2
End of HVQE.py
==========================================================================================
No CuPy installation found, continuing without GPU acceleration.
having the CPUs {26, 27, 30, 31} available.
Started basinhopping at 2020-12-25 05:13:14.784529 UTC, with
command line arguments = {'path': '/home/jorisk2/HVQE/data/kagome/periodic/own_graph/opg/infidelity/2x2', 'n_par': 144, 'par_multiplicity': 1, 'n_iter': 0, 'cost_fn': 'infidelity', 'temperature': 1.0, 'stepsize': 1.0, 'init_par': None, 'dump_interval': None}
runtime variables =  {'GPU': False, 'date_start': '2020-12-25 05:13:14.784529', 'complete_graph': [(0, 4), (2, 6), (8, 7), (10, 5), (11, 1), (9, 3), (1, 4), (3, 6), (5, 8), (7, 10), (9, 0), (11, 2), (1, 2), (3, 0), (6, 8), (4, 10), (5, 9), (7, 11), (0, 1), (2, 3), (4, 5), (6, 7), (8, 9), (10, 11)], 'init_layer': [(0, 1), (2, 3), (4, 5), (6, 7), (8, 9), (10, 11)], 'layers': [[(0, 4), (2, 6), (8, 7), (10, 5), (11, 1), (9, 3)], [(1, 4), (3, 6), (5, 8), (7, 10), (9, 0), (11, 2)], [(1, 2), (3, 0), (6, 8), (4, 10), (5, 9), (7, 11)], [(0, 1), (2, 3), (4, 5), (6, 7), (8, 9), (10, 11)]], 'n': 12}
................................................................................................................................................................................................................................................................................................................................................................................................................... 
==========================================================================================
Finished basinhopping of  /home/jorisk2/HVQE/data/kagome/periodic/own_graph/opg/infidelity/2x2 at 2020-12-25 09:40:32.698975 UTC, with
 
{'path': '/home/jorisk2/HVQE/data/kagome/periodic/own_graph/opg/infidelity/2x2', 'n_par': 144, 'par_multiplicity': 1, 'n_iter': 0, 'cost_fn': 'infidelity', 'temperature': 1.0, 'stepsize': 1.0, 'init_par': None, 'dump_interval': None}
init_par = [-0.00034351937617414986, 0.0003423556544187383, -0.00021394275390317796, 0.00021656315211458982, 0.0003763580940740875, -0.0001974585566237147, 0.00048536968997698075, -0.0002666261877712563, -0.0003616082249187741, -0.00042272111385924216, 0.0003800967016036836, -0.0003870225031318248, -8.305206929274555e-05, -0.00014981965623537034, 0.0004112183557180956, -4.131390053418749e-05, 0.00035063880686567715, -0.0002378922415750845, 0.0003968867280336667, 0.0002119581438692694, 0.0001027374267341105, -0.000156033945104756, 0.00018561938204207857, -0.00015022269797764946, -3.348580026804783e-05, 0.0002811804531823979, -3.191771045511294e-05, -8.025879093342638e-05, -0.0003962815841447953, -3.643637663409803e-05, 1.519379357519399e-05, 3.297368026973762e-05, -0.00013679276350353996, -6.654145560933323e-05, 0.0004402490577512595, -1.3599931559164378e-05, 0.00040935697119102077, 0.00015743185651983052, 0.00041503496651490077, -0.00026235705076784133, -0.0004447944700049306, 7.86135334798516e-05, -0.00018224882386277431, -0.0003103011867301083, 0.0004982334158743274, 0.0003085055932323219, 0.00028177389690020084, 0.0002923176189923327, -0.000250725984443687, 7.74376326519204e-05, -0.0004959676862682419, 0.0004578713942361382, 0.0003180750181535441, 0.00011341286131380881, -0.0002555040388262958, 0.00039611064576521677, 8.26428010182145e-05, 0.0004882625067194578, 0.0003496959536920057, -0.0004994466025507236, -3.462805418324392e-05, 0.00014691011705979327, -0.0003307740928105445, -0.0004056160399234684, 0.00012663110616667993, 9.051773000989555e-05, 0.0004520505921293339, -0.0002671031600526429, -0.00019820760938482298, 0.00014254623541181852, -0.0004570196510843182, -0.0003010992376106633, -0.0002603458909033736, -0.00020833336963389494, 1.9010346399273058e-05, -0.00044338330300710193, -0.0004740479427306027, 0.0003406748020877751, -0.00036876596855100184, -0.00045883168914244443, -0.00018348031585898342, 0.0004900326818909053, 0.000170623430029447, -5.455516295175687e-06, -0.00021128503357388317, -2.952935473199658e-05, -0.00037192280567188555, 0.0002563723076773097, 0.0003656379954801761, 0.00042626512847597877, 0.00041630651630987644, 0.00022924317452364344, -2.3942008979155793e-05, -3.290743556231201e-05, -0.00026984953493913434, 0.0002004915429685718, -0.0003522333809651811, 0.0004744261775649057, -0.0003384301076276797, -2.539652758727385e-05, -0.00023642013828850493, 0.0002419356382316214, 0.0002694914245370511, 0.00045499055253754746, 0.00043389541906459466, 9.753683391313197e-05, 4.9647756327028344e-05, 9.683176664513488e-05, -0.0001431572549878456, 7.526724502959097e-05, 0.0003176643829201609, -2.1644235505064802e-05, -0.00028077306976944706, -0.00018602395864642483, 0.00017915439900122372, 0.00048712313895430716, 0.0002692946630856827, 0.00043289454162949816, -0.00011358676247899259, 0.00010015471255563676, 2.544676908906667e-05, -2.0051901380366277e-05, 0.0003267513031078137, -0.0001573251953403565, -0.0003391606115199005, -0.00010207619351363252, 0.00027431974335775304, 0.00031402150492405227, -0.00036435434093603315, 0.0002076657248114217, 0.0003673939788893804, -0.00042127207917764934, 0.0003221442977045741, -0.00018817719567621393, 7.632624527563036e-05, -9.68283102983013e-05, -0.0002778503810297418, 0.00035402271898963883, -0.0003446493570225042, -5.511744004300256e-05, 0.00028565167994595993, 0.00040554927092631735, -0.00023262645278043662, 0.00040800732031029516]
 
RESULTS:
--------
E_VQE = -5.297135858761444
inf_VQE = 0.03416744022221152
n_fn_calls = 403
Wall-clock time 4.392608563171493 hours
 
For more output, see /home/jorisk2/HVQE/data/kagome/periodic/own_graph/opg/infidelity/2x2/output.txt
Plots of output saved in /home/jorisk2/HVQE/data/kagome/periodic/own_graph/opg/infidelity/2x2
End of HVQE.py
==========================================================================================
No CuPy installation found, continuing without GPU acceleration.
having the CPUs {26, 27, 30, 31} available.
Started basinhopping at 2020-12-25 09:47:39.364539 UTC, with
command line arguments = {'path': '/home/jorisk2/HVQE/data/kagome/periodic/own_graph/opg/infidelity/2x2', 'n_par': 168, 'par_multiplicity': 1, 'n_iter': 0, 'cost_fn': 'infidelity', 'temperature': 1.0, 'stepsize': 1.0, 'init_par': None, 'dump_interval': None}
runtime variables =  {'GPU': False, 'date_start': '2020-12-25 09:47:39.364539', 'complete_graph': [(0, 4), (2, 6), (8, 7), (10, 5), (11, 1), (9, 3), (1, 4), (3, 6), (5, 8), (7, 10), (9, 0), (11, 2), (1, 2), (3, 0), (6, 8), (4, 10), (5, 9), (7, 11), (0, 1), (2, 3), (4, 5), (6, 7), (8, 9), (10, 11)], 'init_layer': [(0, 1), (2, 3), (4, 5), (6, 7), (8, 9), (10, 11)], 'layers': [[(0, 4), (2, 6), (8, 7), (10, 5), (11, 1), (9, 3)], [(1, 4), (3, 6), (5, 8), (7, 10), (9, 0), (11, 2)], [(1, 2), (3, 0), (6, 8), (4, 10), (5, 9), (7, 11)], [(0, 1), (2, 3), (4, 5), (6, 7), (8, 9), (10, 11)]], 'n': 12}
............................................................................................................................................................................................................................................................................................................................................................................................................................................................................................................................................................................................................... 
==========================================================================================
Finished basinhopping of  /home/jorisk2/HVQE/data/kagome/periodic/own_graph/opg/infidelity/2x2 at 2020-12-25 18:08:57.501474 UTC, with
 
{'path': '/home/jorisk2/HVQE/data/kagome/periodic/own_graph/opg/infidelity/2x2', 'n_par': 168, 'par_multiplicity': 1, 'n_iter': 0, 'cost_fn': 'infidelity', 'temperature': 1.0, 'stepsize': 1.0, 'init_par': None, 'dump_interval': None}
init_par = [-0.00013429036899660987, -0.00016699792617583676, 5.8049922184061115e-05, -0.0004997439595835843, -0.00038278490690649847, 0.00027095343253872824, -9.249286845941642e-05, 8.024569849382891e-05, 0.00037724112535387545, 0.00011883851918778133, -6.458910840846308e-07, 0.00022832693413843853, 0.0001139714095592854, -0.0002750298443231931, -0.00016689227333180812, -0.00014034983693410753, -0.0003286945201258117, 3.776529523077173e-05, -0.00024035059493864074, -0.0004198280941268512, -2.2331754996641107e-05, -0.00015229426224298007, -0.0003336196720684088, -0.00012459757762015955, -0.00012033740318996832, -0.00020001950706748496, -1.4154673194103273e-05, 7.117065898542304e-05, -0.00022973391886114047, 0.00021326280409485795, 0.00011928638830741641, -0.00045564509757848746, 0.00028681195746548395, 0.00019114323101611158, -7.642956910242614e-05, -0.00046835617760296566, -0.00011258939896513167, 0.00012270477066547855, -0.00034030820828114683, 0.00044720134669210703, -0.00036110534048166003, -0.00027889494148078723, -0.00010795407130689794, 7.449369399191875e-05, 0.00029488032231309144, 0.00023638866934466544, -0.0004886465340442303, -0.0003188943448327335, 0.0004023722895967148, 7.66629874718014e-05, 0.0003215655925748503, 0.00030526889819516335, -0.0004000833413164472, 6.57967951015546e-05, 0.0004588694855816735, 0.00031824305291692384, -0.0004944179454921813, -0.000153161933990537, 8.447079220388052e-05, -9.236517455439564e-05, 0.00010243383295682957, 0.0003114323776683371, -0.00024609552848977657, -0.0002818739954280965, 0.0004646010639181424, 0.00040461586498641386, -3.652673865952948e-05, 0.00012221897032961223, 0.0003561338954574727, -0.0004051874606600139, 0.00032284428219913903, -0.0002829840739336872, 7.208238191007128e-05, -0.00020175804942036435, 0.00018966574630496888, -0.00031233176555623353, -0.00026948226161178804, -0.0004134982307045365, 0.00037814020278454914, 0.0004798116134977783, -0.00013559189268229523, 0.0004589163284695098, -3.269025710729437e-05, 0.00048233044618586646, 0.00033500557437144427, 0.00020896113840626238, 0.0001598667315931329, -0.00029736381313680575, 0.00039838842729897903, 0.0002503414818415022, 0.00018435422939898978, 3.9299706634057926e-05, 0.0001682543281099737, -0.00030876898484320504, -0.0002675122614472382, 0.0003581537293218726, -0.00039560941402074103, 0.00013457662841105807, -0.00010094731569505391, 6.305679729574909e-05, 1.1015399593193565e-05, 0.00011684131468251769, -0.0003056626647239139, -0.0004459954433282257, -0.00023236657580102428, -0.00017607105945871473, -0.00021312040068331738, -0.0004836400139038164, 3.646080717046576e-05, 7.348478894674156e-05, -4.418195000465298e-05, 0.00020732865332823006, 0.0004955797096407298, 0.0002312655208367956, -8.26667872814686e-05, -0.00038778460313343855, -3.969762588455197e-05, -9.413279092705174e-05, -0.00042180292354692994, -0.0003275055750687491, -0.00015413501091222117, -0.0003273576039990718, 0.0002757543806348109, 7.257393487447431e-05, -0.0003278612844245524, 1.498629332096922e-05, -0.00021215590408743226, -0.0003449189076237583, 3.078780407354733e-05, 0.00043575161286698986, 0.0001078875700379347, 0.0004930131682753137, 0.0002918084573078051, -0.00019477319061068379, 0.0004478711984507092, 0.0003774819063371988, 0.00014563110952072725, 0.00048582506875670503, 3.410370755166749e-05, 0.0004359363765147516, -0.0001214588895646933, -0.00046192193203078313, 0.00043114766367940353, 0.00047313671417047686, 0.0003140549552844941, -0.0002364889693675041, 5.272976208445907e-05, 5.543120418330665e-05, -0.00021716358442023078, -0.0004374388040690772, -0.00042025163937728637, -0.00014103357578799648, -0.00042231671109950144, 3.955922692089114e-06, 2.967308426660533e-05, -0.00015530585920611772, 0.0004636835289468617, -6.123377544128616e-05, -0.00033470561470095065, 0.00034316259284212266, -0.00016510619328724443, -0.0004948244334405062, -0.00025795793525803336, 0.00013689677883600216, -0.00022662736178775212, -0.00040752310066415813, 0.00031791277747940676, -0.0004236190271394465]
 
RESULTS:
--------
E_VQE = -5.404782285586461
inf_VQE = 0.009189562145343277
n_fn_calls = 591
Wall-clock time 8.325991434587372 hours
 
For more output, see /home/jorisk2/HVQE/data/kagome/periodic/own_graph/opg/infidelity/2x2/output.txt
Plots of output saved in /home/jorisk2/HVQE/data/kagome/periodic/own_graph/opg/infidelity/2x2
End of HVQE.py
==========================================================================================
No CuPy installation found, continuing without GPU acceleration.
having the CPUs {26, 27, 30, 31} available.
Started basinhopping at 2020-12-25 18:20:27.073984 UTC, with
command line arguments = {'path': '/home/jorisk2/HVQE/data/kagome/periodic/own_graph/opg/infidelity/2x2', 'n_par': 192, 'par_multiplicity': 1, 'n_iter': 0, 'cost_fn': 'infidelity', 'temperature': 1.0, 'stepsize': 1.0, 'init_par': None, 'dump_interval': None}
runtime variables =  {'GPU': False, 'date_start': '2020-12-25 18:20:27.073984', 'complete_graph': [(0, 4), (2, 6), (8, 7), (10, 5), (11, 1), (9, 3), (1, 4), (3, 6), (5, 8), (7, 10), (9, 0), (11, 2), (1, 2), (3, 0), (6, 8), (4, 10), (5, 9), (7, 11), (0, 1), (2, 3), (4, 5), (6, 7), (8, 9), (10, 11)], 'init_layer': [(0, 1), (2, 3), (4, 5), (6, 7), (8, 9), (10, 11)], 'layers': [[(0, 4), (2, 6), (8, 7), (10, 5), (11, 1), (9, 3)], [(1, 4), (3, 6), (5, 8), (7, 10), (9, 0), (11, 2)], [(1, 2), (3, 0), (6, 8), (4, 10), (5, 9), (7, 11)], [(0, 1), (2, 3), (4, 5), (6, 7), (8, 9), (10, 11)]], 'n': 12}
...............................................................................................................................................................................................................................................................................slurmstepd: error: *** JOB 7176061 ON r38n5 CANCELLED AT 2020-12-25T23:48:40 DUE TO TIME LIMIT ***
