No CuPy installation found, continuing without GPU acceleration.
having the CPUs {34, 35, 38, 39} available.
Started basinhopping at 2020-12-24 22:49:28.357859 UTC, with
command line arguments = {'path': '/home/jorisk2/HVQE/data/kagome/periodic/own_graph/opg/infidelity/2x2', 'n_par': 48, 'par_multiplicity': 1, 'n_iter': 0, 'cost_fn': 'infidelity', 'temperature': 1.0, 'stepsize': 1.0, 'init_par': None, 'dump_interval': None}
runtime variables =  {'GPU': False, 'date_start': '2020-12-24 22:49:28.357859', 'complete_graph': [(0, 4), (2, 6), (8, 7), (10, 5), (11, 1), (9, 3), (1, 4), (3, 6), (5, 8), (7, 10), (9, 0), (11, 2), (1, 2), (3, 0), (6, 8), (4, 10), (5, 9), (7, 11), (0, 1), (2, 3), (4, 5), (6, 7), (8, 9), (10, 11)], 'init_layer': [(0, 1), (2, 3), (4, 5), (6, 7), (8, 9), (10, 11)], 'layers': [[(0, 4), (2, 6), (8, 7), (10, 5), (11, 1), (9, 3)], [(1, 4), (3, 6), (5, 8), (7, 10), (9, 0), (11, 2)], [(1, 2), (3, 0), (6, 8), (4, 10), (5, 9), (7, 11)], [(0, 1), (2, 3), (4, 5), (6, 7), (8, 9), (10, 11)]], 'n': 12}
........................................................................................................................................................ 
==========================================================================================
Finished basinhopping of  /home/jorisk2/HVQE/data/kagome/periodic/own_graph/opg/infidelity/2x2 at 2020-12-24 23:05:04.993685 UTC, with
 
{'path': '/home/jorisk2/HVQE/data/kagome/periodic/own_graph/opg/infidelity/2x2', 'n_par': 48, 'par_multiplicity': 1, 'n_iter': 0, 'cost_fn': 'infidelity', 'temperature': 1.0, 'stepsize': 1.0, 'init_par': None, 'dump_interval': None}
init_par = [0.00045878848513026193, -0.00040971024954260406, 0.00017608491967477423, -3.439965809219392e-05, -0.00035281837763849445, 7.146978691936084e-05, 0.0004101985813122842, -3.324887226691152e-05, 0.0003421381796642958, 0.00019422125696756264, 4.177433401300959e-05, -0.0004179830109211256, 0.00048277920236534087, 0.00030536539629968517, -7.867174687307157e-05, 0.00020685550742195052, 9.7045686583484e-05, 0.00037031786811379786, 1.897900659681036e-05, 0.0003213441418170482, 0.00010927211525490414, -0.00015640519961561286, 0.000149641145109222, 0.00029054351381634677, -0.0002964264423683538, -2.866540164898169e-05, -0.00037609269307060825, 6.598320671083718e-05, -1.4073831841305824e-05, 0.00043830824126563886, 0.00011811832216379939, 0.0004341253265360412, 0.0004379451909945222, 0.00027056649281818825, 0.0003504582077900804, 7.393770808526668e-06, 0.00014606154235548773, -0.0002067816721760093, -0.0004866807994928175, 0.000495702178353795, 0.00021075030403318686, 0.0002775972036407529, 0.00039449853071578313, -0.00010084546602113045, -0.0003578804689421804, -0.00024297661609028778, 0.00043222968672776115, 0.00017158453081134574]
 
RESULTS:
--------
E_VQE = -4.813546669042305
inf_VQE = 0.27562042953058485
n_fn_calls = 152
Wall-clock time 0.2349536552031835 hours
 
For more output, see /home/jorisk2/HVQE/data/kagome/periodic/own_graph/opg/infidelity/2x2/output.txt
Plots of output saved in /home/jorisk2/HVQE/data/kagome/periodic/own_graph/opg/infidelity/2x2
End of HVQE.py
==========================================================================================
No CuPy installation found, continuing without GPU acceleration.
having the CPUs {34, 35, 38, 39} available.
Started basinhopping at 2020-12-24 23:13:28.723953 UTC, with
command line arguments = {'path': '/home/jorisk2/HVQE/data/kagome/periodic/own_graph/opg/infidelity/2x2', 'n_par': 72, 'par_multiplicity': 1, 'n_iter': 0, 'cost_fn': 'infidelity', 'temperature': 1.0, 'stepsize': 1.0, 'init_par': None, 'dump_interval': None}
runtime variables =  {'GPU': False, 'date_start': '2020-12-24 23:13:28.723953', 'complete_graph': [(0, 4), (2, 6), (8, 7), (10, 5), (11, 1), (9, 3), (1, 4), (3, 6), (5, 8), (7, 10), (9, 0), (11, 2), (1, 2), (3, 0), (6, 8), (4, 10), (5, 9), (7, 11), (0, 1), (2, 3), (4, 5), (6, 7), (8, 9), (10, 11)], 'init_layer': [(0, 1), (2, 3), (4, 5), (6, 7), (8, 9), (10, 11)], 'layers': [[(0, 4), (2, 6), (8, 7), (10, 5), (11, 1), (9, 3)], [(1, 4), (3, 6), (5, 8), (7, 10), (9, 0), (11, 2)], [(1, 2), (3, 0), (6, 8), (4, 10), (5, 9), (7, 11)], [(0, 1), (2, 3), (4, 5), (6, 7), (8, 9), (10, 11)]], 'n': 12}
.......................................................................................................................................................................................................... 
==========================================================================================
Finished basinhopping of  /home/jorisk2/HVQE/data/kagome/periodic/own_graph/opg/infidelity/2x2 at 2020-12-24 23:48:05.026411 UTC, with
 
{'path': '/home/jorisk2/HVQE/data/kagome/periodic/own_graph/opg/infidelity/2x2', 'n_par': 72, 'par_multiplicity': 1, 'n_iter': 0, 'cost_fn': 'infidelity', 'temperature': 1.0, 'stepsize': 1.0, 'init_par': None, 'dump_interval': None}
init_par = [0.00013073973559458594, 6.733633172821313e-05, -0.00010167486920636948, 0.0003116935233224414, 0.00024666292580685287, 0.00020691156689515815, -0.00017795845169323824, -0.0003219564911742683, 0.00010847879951351286, -0.00047521823489849515, -0.0002565592695494664, -8.142629923737891e-06, 0.0004763028491764795, 0.00014909219650162137, 0.00010255364544499131, -0.0004835637299961205, -0.00040687324502480424, 0.00027935711230869353, 0.00022848752708235387, 0.00021980728540294686, 1.661034776841597e-05, -0.00047159746830013606, -0.00047215325787063425, -9.679273974485283e-05, -0.0004980417039979786, -3.666679722697522e-05, -0.0002996493638972686, -0.00014556660614919228, -0.00036762561120584516, 0.0002659478799540097, -4.021731414559761e-05, -4.113995448129504e-05, 0.0004842466454889811, -0.0004576077652582851, 0.0002931650441266567, -0.00029905381577946424, 0.0004568271076509957, 0.00041699474287616473, -0.0004879172676373621, 0.00023501954044555088, 0.00030820654078285794, 0.000200675566769214, -0.00044659559799214955, -0.00023783138198718644, -0.00025878629318502454, 0.00024118472285381692, 0.0004200227865460599, 0.0004895070742694323, 0.00011978144682601825, -0.0002128627847751976, 1.2489428730240297e-05, -0.0004485023003795431, 0.0001941498167908495, 0.00045999546317349114, 0.0002812929783783711, -0.0003359668339673874, -0.00011496973573448769, -0.00041729179381667025, -0.00026652615454333397, -0.00022554233784815203, -0.0004454412211517485, -0.00037614588432154626, -0.0002775716725796284, 0.0004963913783484811, -3.91867047987772e-05, -2.9492184824359805e-05, 0.00047467012194375084, 0.00045235744913286037, 7.721335046298645e-05, -0.0003338377507087372, -0.0003130438658137368, -0.0004573489934696438]
 
RESULTS:
--------
E_VQE = -4.892716724734951
inf_VQE = 0.20193600544335566
n_fn_calls = 202
Wall-clock time 0.5500595000717375 hours
 
For more output, see /home/jorisk2/HVQE/data/kagome/periodic/own_graph/opg/infidelity/2x2/output.txt
Plots of output saved in /home/jorisk2/HVQE/data/kagome/periodic/own_graph/opg/infidelity/2x2
End of HVQE.py
==========================================================================================
No CuPy installation found, continuing without GPU acceleration.
having the CPUs {34, 35, 38, 39} available.
Started basinhopping at 2020-12-24 23:53:39.809004 UTC, with
command line arguments = {'path': '/home/jorisk2/HVQE/data/kagome/periodic/own_graph/opg/infidelity/2x2', 'n_par': 96, 'par_multiplicity': 1, 'n_iter': 0, 'cost_fn': 'infidelity', 'temperature': 1.0, 'stepsize': 1.0, 'init_par': None, 'dump_interval': None}
runtime variables =  {'GPU': False, 'date_start': '2020-12-24 23:53:39.809004', 'complete_graph': [(0, 4), (2, 6), (8, 7), (10, 5), (11, 1), (9, 3), (1, 4), (3, 6), (5, 8), (7, 10), (9, 0), (11, 2), (1, 2), (3, 0), (6, 8), (4, 10), (5, 9), (7, 11), (0, 1), (2, 3), (4, 5), (6, 7), (8, 9), (10, 11)], 'init_layer': [(0, 1), (2, 3), (4, 5), (6, 7), (8, 9), (10, 11)], 'layers': [[(0, 4), (2, 6), (8, 7), (10, 5), (11, 1), (9, 3)], [(1, 4), (3, 6), (5, 8), (7, 10), (9, 0), (11, 2)], [(1, 2), (3, 0), (6, 8), (4, 10), (5, 9), (7, 11)], [(0, 1), (2, 3), (4, 5), (6, 7), (8, 9), (10, 11)]], 'n': 12}
....................................................................................................................................................................................................................................................................................................... 
==========================================================================================
Finished basinhopping of  /home/jorisk2/HVQE/data/kagome/periodic/own_graph/opg/infidelity/2x2 at 2020-12-25 01:28:10.313764 UTC, with
 
{'path': '/home/jorisk2/HVQE/data/kagome/periodic/own_graph/opg/infidelity/2x2', 'n_par': 96, 'par_multiplicity': 1, 'n_iter': 0, 'cost_fn': 'infidelity', 'temperature': 1.0, 'stepsize': 1.0, 'init_par': None, 'dump_interval': None}
init_par = [0.0004958142695694113, 0.0002054857832049405, -2.1622943506853162e-07, 0.0002605759727868463, 0.00029936323568874833, 0.0002378896792559458, 0.00035649654539566015, -0.00010930548700455558, 0.0003889725244668558, -0.00036292910992781577, -0.000329523457225865, 0.0004963979015053673, -0.0002537266646695584, -0.00037593342613587144, -0.0003818707638045128, -0.00022688049680695, 0.0002666438717172138, -0.0003223807941112359, 0.00046447634833368147, -0.0004042440179785751, 0.0002467547075363537, -0.0003463393246905271, 5.086894118493308e-05, 0.0003652234916209318, 1.7917392582112975e-05, 0.0004719173277703644, -0.00018084439612696315, -0.0003558944773389822, 1.129647454203419e-06, -0.00026403687327874325, -0.00048212706640195224, 0.0002750244013786376, 0.00037234748968867034, -0.00013144642508889715, 8.91570453470786e-05, 0.00033114101561974234, -0.00046891101278617254, 0.00015142459274465462, -1.3880594687015854e-05, -0.00045737402519807516, -9.142575811133436e-05, 0.00010886909728648512, -6.594248546423266e-05, -0.0003769335821699648, -0.0004079203196116742, 0.00045007147331657, -8.421109935711823e-05, 0.0002515136218210855, -0.000497487726574144, 0.00013534979435511044, 0.00022599639205062884, -9.031214324597384e-05, -0.00033189114485534415, -0.0001944571602030998, -0.00017671986478043187, -0.00028611006380168535, 0.00013687318888270963, 0.0004920594116721751, 0.0004498084251761827, -0.00033820749901877876, -0.00014642178306037423, 2.0966594857163828e-05, -0.00017257617410729918, 0.0004325229755313258, -0.0004869300738028962, 0.00026521642604041104, -0.0003746836083432211, -0.00048827648869404817, 0.00024073941041461073, -5.25730851694045e-06, 0.0004958119007511005, -6.243911517322221e-05, 0.0001527222276592363, 2.2957331941099706e-05, -0.00013065398927316474, 8.887550369801405e-05, 0.0004479985960411738, -0.00038572631315661563, -0.0004975572751721078, 5.347305640214799e-06, -0.0004668730839433911, -0.00012395355593822742, -0.0003526819166467203, 0.0003653187253999003, 0.0003913171975587407, -0.0003207951069316121, 0.0003173435165402238, -0.00014039994198965933, 0.0002996922131158064, 1.232391021080653e-05, -0.00025889322038940177, -0.00011413901779375028, 0.00017508159863968936, 0.0004047690602144182, 0.0004012170058883945, 0.00032557379488176925]
 
RESULTS:
--------
E_VQE = -5.0937887913467605
inf_VQE = 0.08938001582039812
n_fn_calls = 295
Wall-clock time 1.5589469813638261 hours
 
For more output, see /home/jorisk2/HVQE/data/kagome/periodic/own_graph/opg/infidelity/2x2/output.txt
Plots of output saved in /home/jorisk2/HVQE/data/kagome/periodic/own_graph/opg/infidelity/2x2
End of HVQE.py
==========================================================================================
No CuPy installation found, continuing without GPU acceleration.
having the CPUs {34, 35, 38, 39} available.
Started basinhopping at 2020-12-25 01:34:43.866477 UTC, with
command line arguments = {'path': '/home/jorisk2/HVQE/data/kagome/periodic/own_graph/opg/infidelity/2x2', 'n_par': 120, 'par_multiplicity': 1, 'n_iter': 0, 'cost_fn': 'infidelity', 'temperature': 1.0, 'stepsize': 1.0, 'init_par': None, 'dump_interval': None}
runtime variables =  {'GPU': False, 'date_start': '2020-12-25 01:34:43.866477', 'complete_graph': [(0, 4), (2, 6), (8, 7), (10, 5), (11, 1), (9, 3), (1, 4), (3, 6), (5, 8), (7, 10), (9, 0), (11, 2), (1, 2), (3, 0), (6, 8), (4, 10), (5, 9), (7, 11), (0, 1), (2, 3), (4, 5), (6, 7), (8, 9), (10, 11)], 'init_layer': [(0, 1), (2, 3), (4, 5), (6, 7), (8, 9), (10, 11)], 'layers': [[(0, 4), (2, 6), (8, 7), (10, 5), (11, 1), (9, 3)], [(1, 4), (3, 6), (5, 8), (7, 10), (9, 0), (11, 2)], [(1, 2), (3, 0), (6, 8), (4, 10), (5, 9), (7, 11)], [(0, 1), (2, 3), (4, 5), (6, 7), (8, 9), (10, 11)]], 'n': 12}
......................................................................................................................................................................................................................................................................................................................................................................... 
==========================================================================================
Finished basinhopping of  /home/jorisk2/HVQE/data/kagome/periodic/own_graph/opg/infidelity/2x2 at 2020-12-25 04:21:43.940855 UTC, with
 
{'path': '/home/jorisk2/HVQE/data/kagome/periodic/own_graph/opg/infidelity/2x2', 'n_par': 120, 'par_multiplicity': 1, 'n_iter': 0, 'cost_fn': 'infidelity', 'temperature': 1.0, 'stepsize': 1.0, 'init_par': None, 'dump_interval': None}
init_par = [0.0003638706950061712, 3.558541153631206e-05, 0.00013534017269459914, 0.00032872016708763096, -0.00036119948167969893, 1.4127560362894062e-05, -0.00032214597136250814, 0.00041238314656755854, -0.00011228141394513505, 0.00020745344978996235, 0.0004879020789006832, -5.3047945372358056e-05, -0.00011867488749629616, -0.0004093472173709817, -6.751524189037782e-05, 0.00046968457458631857, 0.0004043776928837967, -0.0004939401682136551, -0.0004708872083128579, 0.0003999136336706781, 0.00034924858091589105, 5.601497923049363e-05, 0.00025982978384258876, -0.00042353913418193066, -0.00026356547117534625, -0.00026881054214700087, -6.787919282496527e-05, -0.00021625527400255643, -0.00017007857986263175, 3.219607700270604e-05, 0.00018070685567178678, 0.00040023663621045985, -0.0003578788874418104, 0.000198199295677011, -0.00041466802114330605, -0.00029461075306360545, 0.0004913978157446467, -0.0004544522344952697, -3.589314367553843e-05, 0.00047633438847411716, -0.0003864182548223657, -0.00023694298933295965, -4.044392682615183e-05, 0.00017808158562551528, 4.800709354359114e-06, 0.00017165182405978632, -0.00033439210544201594, -0.0004421162204555996, 7.806989404577106e-06, -0.0004979697513672116, -0.0002799107000789427, -0.00046289514298766235, 0.0004504060730468333, 9.287740729937717e-05, 0.00031448981902094887, 5.8499193503380796e-05, -3.285917661108442e-05, 4.707464876182652e-05, -0.00017778518321478288, 0.0001813325075425313, 0.00013041939357988884, 0.00036907841200819775, 0.00015762663645214523, 0.00041822997178312706, 0.00027312696415556913, -8.888808724389529e-05, -0.0004016854933122709, 1.9842463852893545e-06, 0.00010851808236952314, -0.00014699878519778875, -0.00038286753429500034, 0.0003621958436367973, 0.0004635002965858103, 4.0301012564559926e-05, 0.0001796421047040055, 7.784457125880999e-05, 7.937342511446337e-05, 0.00039237736393467175, 0.00047283309420855706, -0.00012438892494875243, 0.00022719539837693986, 0.00023447178714944283, 0.0003146045340304102, 0.00013412132585193166, -0.0003956738784303753, 0.0003162161343575583, -0.00033997439619901305, -0.00040363922389797727, 0.0003134351070151935, -0.00011535952071095958, -0.0003295883030828518, -9.463595389819511e-05, -0.00015873283502385673, -0.0004511958235154999, 0.0003599594118514131, 0.0003120172075547048, -0.00021592404221563543, 0.0003668979724317427, 0.0002462539844519726, 0.0004837966281583501, -0.00012156078766797506, 0.0003841128685227469, -0.00011620069283364013, 6.6930561602125465e-06, 0.00019826106066260095, 0.0004986828386877552, 0.0001078801846284361, -0.0004120070082139793, -0.00043144154752089046, 0.0004597027346052864, 0.00039799127125554655, 0.00024229026287071308, 0.0002067274553335986, 0.0002572501057703326, 5.1961045072286614e-05, -0.00040246622705017736, 0.00028378954257229656, -0.00032779979831247763, 2.0309542607197277e-05, 6.3933297048025675e-06]
 
RESULTS:
--------
E_VQE = -5.2720668075281125
inf_VQE = 0.046652973710601175
n_fn_calls = 361
Wall-clock time 2.764096087879605 hours
 
For more output, see /home/jorisk2/HVQE/data/kagome/periodic/own_graph/opg/infidelity/2x2/output.txt
Plots of output saved in /home/jorisk2/HVQE/data/kagome/periodic/own_graph/opg/infidelity/2x2
End of HVQE.py
==========================================================================================
No CuPy installation found, continuing without GPU acceleration.
having the CPUs {34, 35, 38, 39} available.
Started basinhopping at 2020-12-25 04:28:34.576239 UTC, with
command line arguments = {'path': '/home/jorisk2/HVQE/data/kagome/periodic/own_graph/opg/infidelity/2x2', 'n_par': 144, 'par_multiplicity': 1, 'n_iter': 0, 'cost_fn': 'infidelity', 'temperature': 1.0, 'stepsize': 1.0, 'init_par': None, 'dump_interval': None}
runtime variables =  {'GPU': False, 'date_start': '2020-12-25 04:28:34.576239', 'complete_graph': [(0, 4), (2, 6), (8, 7), (10, 5), (11, 1), (9, 3), (1, 4), (3, 6), (5, 8), (7, 10), (9, 0), (11, 2), (1, 2), (3, 0), (6, 8), (4, 10), (5, 9), (7, 11), (0, 1), (2, 3), (4, 5), (6, 7), (8, 9), (10, 11)], 'init_layer': [(0, 1), (2, 3), (4, 5), (6, 7), (8, 9), (10, 11)], 'layers': [[(0, 4), (2, 6), (8, 7), (10, 5), (11, 1), (9, 3)], [(1, 4), (3, 6), (5, 8), (7, 10), (9, 0), (11, 2)], [(1, 2), (3, 0), (6, 8), (4, 10), (5, 9), (7, 11)], [(0, 1), (2, 3), (4, 5), (6, 7), (8, 9), (10, 11)]], 'n': 12}
.......................................................................................................................................................................................................................................................................................................................................................................................................................................................................................................................................................................................................................................... 
==========================================================================================
Finished basinhopping of  /home/jorisk2/HVQE/data/kagome/periodic/own_graph/opg/infidelity/2x2 at 2020-12-25 11:09:01.021820 UTC, with
 
{'path': '/home/jorisk2/HVQE/data/kagome/periodic/own_graph/opg/infidelity/2x2', 'n_par': 144, 'par_multiplicity': 1, 'n_iter': 0, 'cost_fn': 'infidelity', 'temperature': 1.0, 'stepsize': 1.0, 'init_par': None, 'dump_interval': None}
init_par = [0.00021232587719978479, -0.00038605607567027903, 0.00038061189757276936, -1.5863465023547847e-05, -8.236452256290638e-05, 0.00029034831218846383, 0.00041090159705347987, 0.0002003617718993213, 0.00015919885017398095, 0.0002737040211716543, 0.0002334583579892155, 0.0003477335514391923, -0.00043913890065331175, -0.00030244597960302834, -8.100166673947719e-05, -2.262535992626812e-05, -5.622509833099073e-06, -0.0003114307111334668, 0.0003527440676784027, 0.000417435074748087, -0.00017464983336605355, -7.43987628228994e-05, -2.2316841554701503e-05, -0.00044463256355734904, 8.806351306204151e-05, 0.00016155637628860692, 0.0003638317937545569, -0.00034943357740436424, 0.00042016734142084867, 0.00045735340431753667, 0.00021365354714895034, 0.00027502957643760824, -0.0004895563912863593, 0.00041615927875460527, -0.00042605137305194545, 0.00035606729082857927, -9.005631086344093e-05, -0.00022802513686427976, 0.0003563100952212086, -0.0002694529426835457, -0.00040096810683013374, 0.00024477924506733923, -0.0004891265993891127, 9.72831469947087e-05, 0.0001444345643436722, -0.0003843233262740228, 0.0003530407080427295, -0.00014996106034431548, -0.00014748337795677646, -9.419290556241124e-05, 0.0002714271978984051, -0.00012301806713843123, -0.0002146687468147999, 2.7810264373585272e-05, -0.00031540193679170225, -0.00010547595061508773, 0.0003432351572977974, -0.0004959753519985341, 4.6334507866724025e-05, 4.995140858908174e-05, -1.2627187647732394e-05, 0.00014670216830207678, -0.00017690549273048742, -0.00021949978540166607, -5.792340759841697e-05, 0.000142575914872932, 0.00011875604260291482, -0.00025069386849903643, -0.0004035868135890508, 7.789922638206357e-05, 6.667630731395434e-05, -0.0004916230156398841, -0.0002411942029921106, 0.00019100896220935592, -0.00012884890790416562, -7.98648808707093e-05, 0.0003153580888521386, 0.00047583221667313856, -0.00042521186362280396, -0.00039611795912700376, 0.0004706668607862212, 0.00033910149428611623, 0.0003306429181284741, -0.0003330880632876295, 0.00030535488712004624, -8.861916910939073e-05, -0.00034557397145082045, 8.966159434229065e-07, 0.000323864319319428, -0.00015221151019157618, -0.00023462759107923905, -0.0003541336366426525, 0.00032622943907472475, 0.0002863247787256258, -0.00041122809486531756, 3.91274304391223e-05, 4.212256100860319e-06, -0.0004694426102802568, -0.0002511706184954393, 2.676708199298968e-06, 0.0004621658524288643, 0.0001842473745842368, 0.00010369974916432277, 0.00024189144779659217, -0.00023544952739453797, -0.0001950050252069955, 0.0001487253244759221, 0.00040323156717558177, -0.00017282354596429993, -0.0002898012843991974, 0.0004938767762488494, -1.1905375207123118e-05, 0.00034759011962591014, -0.00022618610911998097, -0.00022949936623220204, -1.445142108032183e-05, 0.0002745641786617546, -0.00031996905976518697, 5.315755535236009e-05, 0.0003676162814551816, 7.1133554260602175e-06, -0.0003057259377971062, 0.0002631582563404583, 0.0003842303372902328, 0.00035796929814798284, -9.00076549061023e-05, 6.29668049297817e-05, 0.00037180628284635086, 6.617493432157758e-06, 0.00044098050045325956, 0.00044457206854891097, -0.00022166175439959494, -0.00033244469052502436, 0.0004196537311156621, -0.00024486517363430527, -0.00045547882424932287, 0.00043220463088066265, -0.0001656203666739732, 3.6057949566050502e-06, -0.0003343754195923599, -0.00018626941306707536, 7.928194991566398e-05, -0.00034252010484591057, -0.0002677154846540972]
 
RESULTS:
--------
E_VQE = -5.369156628394633
inf_VQE = 0.017823352054601838
n_fn_calls = 618
Wall-clock time 6.657479502161343 hours
 
For more output, see /home/jorisk2/HVQE/data/kagome/periodic/own_graph/opg/infidelity/2x2/output.txt
Plots of output saved in /home/jorisk2/HVQE/data/kagome/periodic/own_graph/opg/infidelity/2x2
End of HVQE.py
==========================================================================================
No CuPy installation found, continuing without GPU acceleration.
having the CPUs {34, 35, 38, 39} available.
Started basinhopping at 2020-12-25 11:18:24.548369 UTC, with
command line arguments = {'path': '/home/jorisk2/HVQE/data/kagome/periodic/own_graph/opg/infidelity/2x2', 'n_par': 168, 'par_multiplicity': 1, 'n_iter': 0, 'cost_fn': 'infidelity', 'temperature': 1.0, 'stepsize': 1.0, 'init_par': None, 'dump_interval': None}
runtime variables =  {'GPU': False, 'date_start': '2020-12-25 11:18:24.548369', 'complete_graph': [(0, 4), (2, 6), (8, 7), (10, 5), (11, 1), (9, 3), (1, 4), (3, 6), (5, 8), (7, 10), (9, 0), (11, 2), (1, 2), (3, 0), (6, 8), (4, 10), (5, 9), (7, 11), (0, 1), (2, 3), (4, 5), (6, 7), (8, 9), (10, 11)], 'init_layer': [(0, 1), (2, 3), (4, 5), (6, 7), (8, 9), (10, 11)], 'layers': [[(0, 4), (2, 6), (8, 7), (10, 5), (11, 1), (9, 3)], [(1, 4), (3, 6), (5, 8), (7, 10), (9, 0), (11, 2)], [(1, 2), (3, 0), (6, 8), (4, 10), (5, 9), (7, 11)], [(0, 1), (2, 3), (4, 5), (6, 7), (8, 9), (10, 11)]], 'n': 12}
......................................................................................................................................................................................................................................................................................................................................................................................................................................................................................................................... 
==========================================================================================
Finished basinhopping of  /home/jorisk2/HVQE/data/kagome/periodic/own_graph/opg/infidelity/2x2 at 2020-12-25 18:18:57.168317 UTC, with
 
{'path': '/home/jorisk2/HVQE/data/kagome/periodic/own_graph/opg/infidelity/2x2', 'n_par': 168, 'par_multiplicity': 1, 'n_iter': 0, 'cost_fn': 'infidelity', 'temperature': 1.0, 'stepsize': 1.0, 'init_par': None, 'dump_interval': None}
init_par = [0.00011947220689017852, 0.0002973131728386811, 6.296551845601196e-05, -0.0003303498850035862, 0.00026835624667798466, -0.00012448516591235837, 0.0002698012953305921, -0.0002886139105811505, 0.00044534368270947647, -0.0004554851111234972, -1.2243873444382737e-05, -0.00024925465002726956, 0.00023612246416643387, -0.00018455767652588432, 0.00019302470324546542, 0.0004785034049495172, -0.0004834196373053299, -0.000249087307063852, -9.578461384246575e-05, -0.0003827646162202183, -0.0003717236004265645, 0.00011404920953867067, -0.0002001637086695728, -0.00040893220682348844, -0.00037256571336726396, 0.00029084370265575156, -0.0004107348731283998, 7.90369411551602e-05, 0.00028037695524501247, -0.00035996284713501515, 3.187488973471243e-05, -0.000463731739320189, -0.00035925017717138605, -0.00018722360759369062, 0.00046016597596607186, -0.00011568975170695849, 0.0002786502900792862, -0.00021018069815227934, 0.00015155931469905816, -0.00035718148988381405, -0.00016376924711684096, 0.00042355629517545586, 0.0003487441661168707, 0.00042204024891397704, -0.0003015700807616292, 0.0004716721358765841, 0.00013666750077324442, 0.000457013023815283, -5.3685801600363546e-05, -1.4163994888320307e-05, -0.00020725825247179985, -0.0003342754803473187, 0.00017502400058944686, -7.41368869520328e-05, 0.00014912288251033013, -0.00012876233679737882, 0.00018458168074552534, -0.00042143320869725655, 0.0004525552515888538, -0.00021121509091104606, -0.0001025947377993648, -0.0001727130685706175, -0.00025001082883517524, 0.0002869035036968435, 0.000303263732191247, 0.0003726929666550198, -0.000440007202133234, -0.00013310715588119937, 1.4450995507143461e-05, -0.0002618713917269005, 0.0003656023334085974, -0.00010247624466506712, -0.0004815332856939661, -0.0003015034584058012, 0.00045570916236749054, 0.00029288456149915456, -0.0004109083306711141, 0.00013310903484888773, 0.0003194879891743436, 9.384078756360242e-05, -0.00045429758981107416, -0.00041673216370235924, -0.0003610733579657864, 0.00022970739589338774, 0.00018979923263599894, 5.330805453554542e-05, -0.00015060029048678093, -0.00011809028449917113, -9.896026433296501e-05, -0.0003356212166975997, 0.0004469370924440843, -0.0004656231424142433, -3.298128599628445e-06, -0.00048228280550341197, 0.00042655285710479704, 0.0004912274862433044, 8.841629289420717e-05, -0.00039787348527575185, -0.00040730911474416254, -0.00036298930170167935, -0.0004533357036514093, -0.0003887533520206733, 0.00012544372642311918, -0.0004625302132935321, -1.3848845333595881e-05, -0.0001990453340706331, 5.6674711225693946e-05, -0.00021497665195353876, -8.868888262511e-05, -0.00018269199919874703, 0.00021079688344919246, 0.00021729801280684336, -0.00010530828633668345, 0.00036101887677360376, 0.0004452084187994928, -0.0004968601324480164, -0.00027215238730905246, -0.0004602112741024903, 0.00018023738662744054, 0.00017651280843570486, 0.00018398482015356962, -0.0003169435527771869, 0.0002838631277997975, -0.00041104809111803186, 7.787653453319098e-05, -0.0001013134584678337, -0.0004663582258067287, 9.153948565936067e-05, -0.0004738214833249687, -0.00012020274360933424, 7.2479546830800335e-06, -9.650720078559894e-05, 0.0004791122083883188, 0.00029670404174006904, -5.109165678996233e-05, 7.962926702465771e-05, -0.00017420126616636414, -1.584023039618302e-05, -0.00018598125583577308, -0.00012517894729896262, -0.00012911148241844152, 0.00029009476848664624, 3.046442219074787e-05, 0.0002277209385802148, -1.9795010866506502e-05, -0.00015252242174270558, 0.00015029134589831237, -0.00010816378129437722, -0.00017828779894060222, -0.00037779682827289673, 0.00023109399054145174, -4.0771011878549244e-05, -4.4266642198558816e-05, -0.0001317342766896079, -8.441217100134e-05, -0.00023695229206024227, -0.00012572533012605202, -0.00026117449944311943, -4.723466202209036e-05, 0.00014034412754464578, -0.00045117643291573393, 0.000258986128632709, 0.00028203732324287925, 9.574709620387449e-05, 0.00035974823038322553, -0.0004142189811325191, -0.00020440956468072093, 0.00020688916092576862]
 
RESULTS:
--------
E_VQE = -5.398466694141036
inf_VQE = 0.009892174785653074
n_fn_calls = 505
Wall-clock time 6.985953386757108 hours
 
For more output, see /home/jorisk2/HVQE/data/kagome/periodic/own_graph/opg/infidelity/2x2/output.txt
Plots of output saved in /home/jorisk2/HVQE/data/kagome/periodic/own_graph/opg/infidelity/2x2
End of HVQE.py
==========================================================================================
No CuPy installation found, continuing without GPU acceleration.
having the CPUs {34, 35, 38, 39} available.
Started basinhopping at 2020-12-25 18:30:25.130201 UTC, with
command line arguments = {'path': '/home/jorisk2/HVQE/data/kagome/periodic/own_graph/opg/infidelity/2x2', 'n_par': 192, 'par_multiplicity': 1, 'n_iter': 0, 'cost_fn': 'infidelity', 'temperature': 1.0, 'stepsize': 1.0, 'init_par': None, 'dump_interval': None}
runtime variables =  {'GPU': False, 'date_start': '2020-12-25 18:30:25.130201', 'complete_graph': [(0, 4), (2, 6), (8, 7), (10, 5), (11, 1), (9, 3), (1, 4), (3, 6), (5, 8), (7, 10), (9, 0), (11, 2), (1, 2), (3, 0), (6, 8), (4, 10), (5, 9), (7, 11), (0, 1), (2, 3), (4, 5), (6, 7), (8, 9), (10, 11)], 'init_layer': [(0, 1), (2, 3), (4, 5), (6, 7), (8, 9), (10, 11)], 'layers': [[(0, 4), (2, 6), (8, 7), (10, 5), (11, 1), (9, 3)], [(1, 4), (3, 6), (5, 8), (7, 10), (9, 0), (11, 2)], [(1, 2), (3, 0), (6, 8), (4, 10), (5, 9), (7, 11)], [(0, 1), (2, 3), (4, 5), (6, 7), (8, 9), (10, 11)]], 'n': 12}
................................................................................................................................................................................................................................................................slurmstepd: error: *** JOB 7176062 ON r38n5 CANCELLED AT 2020-12-25T23:48:40 DUE TO TIME LIMIT ***
