No CuPy installation found, continuing without GPU acceleration.
having the CPUs {32, 33, 36, 37} available.
Started basinhopping at 2020-12-24 22:49:59.547537 UTC, with
command line arguments = {'path': '/home/jorisk2/HVQE/data/kagome/periodic/own_graph/opg/infidelity/2x2', 'n_par': 48, 'par_multiplicity': 1, 'n_iter': 0, 'cost_fn': 'infidelity', 'temperature': 1.0, 'stepsize': 1.0, 'init_par': None, 'dump_interval': None}
runtime variables =  {'GPU': False, 'date_start': '2020-12-24 22:49:59.547537', 'complete_graph': [(0, 4), (2, 6), (8, 7), (10, 5), (11, 1), (9, 3), (1, 4), (3, 6), (5, 8), (7, 10), (9, 0), (11, 2), (1, 2), (3, 0), (6, 8), (4, 10), (5, 9), (7, 11), (0, 1), (2, 3), (4, 5), (6, 7), (8, 9), (10, 11)], 'init_layer': [(0, 1), (2, 3), (4, 5), (6, 7), (8, 9), (10, 11)], 'layers': [[(0, 4), (2, 6), (8, 7), (10, 5), (11, 1), (9, 3)], [(1, 4), (3, 6), (5, 8), (7, 10), (9, 0), (11, 2)], [(1, 2), (3, 0), (6, 8), (4, 10), (5, 9), (7, 11)], [(0, 1), (2, 3), (4, 5), (6, 7), (8, 9), (10, 11)]], 'n': 12}
.............................................................................................................................................................................................. 
==========================================================================================
Finished basinhopping of  /home/jorisk2/HVQE/data/kagome/periodic/own_graph/opg/infidelity/2x2 at 2020-12-24 23:09:43.389026 UTC, with
 
{'path': '/home/jorisk2/HVQE/data/kagome/periodic/own_graph/opg/infidelity/2x2', 'n_par': 48, 'par_multiplicity': 1, 'n_iter': 0, 'cost_fn': 'infidelity', 'temperature': 1.0, 'stepsize': 1.0, 'init_par': None, 'dump_interval': None}
init_par = [-0.0003791457721075283, -0.0004926123214943314, -0.0003549587350376749, -0.0003879277957508249, 5.4976351309397355e-06, 0.00033111303976658885, 5.324955623846122e-05, -1.7768267437818022e-05, -0.0003577445668384769, 0.000359603596567319, 2.635458636231051e-05, -0.0004322882531032184, 0.0002364789847823759, -0.00047738892885790994, 3.872983298470773e-05, 0.00011482942005894075, 0.00016325667638881212, -0.00046934679368668564, -9.796627723227891e-05, -0.00036678885033224553, -5.345289821988888e-05, -0.000324279621898413, 0.0002211338038742046, 7.535852731816611e-06, -2.1770674880374895e-05, -0.0003213877529512863, -0.00030686620519343634, -6.261435890899465e-06, -4.265229128635361e-05, -0.00048349482550291754, 0.0003596158532190234, -0.00038161321958808203, -8.490311968600145e-07, 0.0004434848154222103, 2.08235828754944e-05, -0.00033660893939151993, 8.319562971573994e-06, 0.000296008052186079, 0.00022544467050251656, 0.0004574908946934486, 0.0003843998990164067, 0.0002416373777149104, -0.00013299563062102026, -2.312874828723667e-05, 0.0004422482530629251, -0.0004680353226013734, -0.0002788327825216417, -0.00024351355167127463]
 
RESULTS:
--------
E_VQE = -4.854854329041199
inf_VQE = 0.31559333287398905
n_fn_calls = 190
Wall-clock time 0.3003203848997752 hours
 
For more output, see /home/jorisk2/HVQE/data/kagome/periodic/own_graph/opg/infidelity/2x2/output.txt
Plots of output saved in /home/jorisk2/HVQE/data/kagome/periodic/own_graph/opg/infidelity/2x2
End of HVQE.py
==========================================================================================
No CuPy installation found, continuing without GPU acceleration.
having the CPUs {32, 33, 36, 37} available.
Started basinhopping at 2020-12-24 23:15:02.640308 UTC, with
command line arguments = {'path': '/home/jorisk2/HVQE/data/kagome/periodic/own_graph/opg/infidelity/2x2', 'n_par': 72, 'par_multiplicity': 1, 'n_iter': 0, 'cost_fn': 'infidelity', 'temperature': 1.0, 'stepsize': 1.0, 'init_par': None, 'dump_interval': None}
runtime variables =  {'GPU': False, 'date_start': '2020-12-24 23:15:02.640308', 'complete_graph': [(0, 4), (2, 6), (8, 7), (10, 5), (11, 1), (9, 3), (1, 4), (3, 6), (5, 8), (7, 10), (9, 0), (11, 2), (1, 2), (3, 0), (6, 8), (4, 10), (5, 9), (7, 11), (0, 1), (2, 3), (4, 5), (6, 7), (8, 9), (10, 11)], 'init_layer': [(0, 1), (2, 3), (4, 5), (6, 7), (8, 9), (10, 11)], 'layers': [[(0, 4), (2, 6), (8, 7), (10, 5), (11, 1), (9, 3)], [(1, 4), (3, 6), (5, 8), (7, 10), (9, 0), (11, 2)], [(1, 2), (3, 0), (6, 8), (4, 10), (5, 9), (7, 11)], [(0, 1), (2, 3), (4, 5), (6, 7), (8, 9), (10, 11)]], 'n': 12}
.......................................................................................................................................................................................................................................................... 
==========================================================================================
Finished basinhopping of  /home/jorisk2/HVQE/data/kagome/periodic/own_graph/opg/infidelity/2x2 at 2020-12-24 23:51:01.258510 UTC, with
 
{'path': '/home/jorisk2/HVQE/data/kagome/periodic/own_graph/opg/infidelity/2x2', 'n_par': 72, 'par_multiplicity': 1, 'n_iter': 0, 'cost_fn': 'infidelity', 'temperature': 1.0, 'stepsize': 1.0, 'init_par': None, 'dump_interval': None}
init_par = [-0.00018308600958051656, 0.0003444842799943677, -0.0003677819930213419, -0.00041052865780453817, 0.00039160245410463606, 0.0003329769709095485, -0.0003677469004255278, -0.00043999791726088847, -0.00026070744655907785, -1.0063177595739589e-05, -0.000289722835172478, -0.00013791177549843348, 0.0002787557984222053, -0.00025072784850174, -6.0671689136562853e-05, -3.2768137946004956e-05, -0.00039462598616074585, -0.00013187955113037208, 0.0004727622302154149, 0.0003273774028434912, 0.00042798234408370785, -0.0004836234968941663, 0.00016248410832611355, 0.00029177712299595056, 0.00010363703391145834, -0.0004199600929827636, -0.0004009649788933467, 0.0003754617344469706, 0.00010852473068597888, -8.515532024488194e-05, 0.0003776780678556585, 0.0004674611957760122, -0.00013156319504490266, 0.0003341489229245604, -0.0003917705322589246, 0.00019468197318715905, 0.00047119352588328165, 0.0002437585623804152, -0.00037707556204181233, -0.0002565114337792988, -0.00047206800154218177, -0.0004935224749780715, -0.0001845355206059043, 0.0002663990846203387, 0.0004426148382664839, 0.00013601372159587858, 0.00024717836329229417, 6.226721450511437e-05, -0.00041027537888990706, 8.658442400184482e-05, -6.737578349795174e-05, -0.0004454796626652101, 0.0003389891179789703, 0.000280764351275955, 0.00044684980773700286, -0.0003660099627916593, -6.790426710189543e-06, -0.00024322544262302505, -9.22409453997446e-05, 0.0004379238759606997, 0.00032437709990426416, -0.00018636374608459075, -0.0004757621449238325, 0.000393638498258482, -0.0002512847947898216, 0.0002103072317859296, -0.0003537611673558045, 3.80028733315814e-05, -8.284267086922738e-05, 0.00015330241606685037, -0.00035778148053123427, 4.479356556719963e-06]
 
RESULTS:
--------
E_VQE = -4.804974760764599
inf_VQE = 0.18837909876682835
n_fn_calls = 250
Wall-clock time 0.5861366677946515 hours
 
For more output, see /home/jorisk2/HVQE/data/kagome/periodic/own_graph/opg/infidelity/2x2/output.txt
Plots of output saved in /home/jorisk2/HVQE/data/kagome/periodic/own_graph/opg/infidelity/2x2
End of HVQE.py
==========================================================================================
No CuPy installation found, continuing without GPU acceleration.
having the CPUs {32, 33, 36, 37} available.
Started basinhopping at 2020-12-24 23:57:46.279904 UTC, with
command line arguments = {'path': '/home/jorisk2/HVQE/data/kagome/periodic/own_graph/opg/infidelity/2x2', 'n_par': 96, 'par_multiplicity': 1, 'n_iter': 0, 'cost_fn': 'infidelity', 'temperature': 1.0, 'stepsize': 1.0, 'init_par': None, 'dump_interval': None}
runtime variables =  {'GPU': False, 'date_start': '2020-12-24 23:57:46.279904', 'complete_graph': [(0, 4), (2, 6), (8, 7), (10, 5), (11, 1), (9, 3), (1, 4), (3, 6), (5, 8), (7, 10), (9, 0), (11, 2), (1, 2), (3, 0), (6, 8), (4, 10), (5, 9), (7, 11), (0, 1), (2, 3), (4, 5), (6, 7), (8, 9), (10, 11)], 'init_layer': [(0, 1), (2, 3), (4, 5), (6, 7), (8, 9), (10, 11)], 'layers': [[(0, 4), (2, 6), (8, 7), (10, 5), (11, 1), (9, 3)], [(1, 4), (3, 6), (5, 8), (7, 10), (9, 0), (11, 2)], [(1, 2), (3, 0), (6, 8), (4, 10), (5, 9), (7, 11)], [(0, 1), (2, 3), (4, 5), (6, 7), (8, 9), (10, 11)]], 'n': 12}
..................................................................................................................................................................................................................................................................................................................................................................................................... 
==========================================================================================
Finished basinhopping of  /home/jorisk2/HVQE/data/kagome/periodic/own_graph/opg/infidelity/2x2 at 2020-12-25 01:49:19.924300 UTC, with
 
{'path': '/home/jorisk2/HVQE/data/kagome/periodic/own_graph/opg/infidelity/2x2', 'n_par': 96, 'par_multiplicity': 1, 'n_iter': 0, 'cost_fn': 'infidelity', 'temperature': 1.0, 'stepsize': 1.0, 'init_par': None, 'dump_interval': None}
init_par = [-7.070169523846538e-06, 1.7958278382792614e-05, -0.00024061022798424117, 0.00041561117410608207, -0.0004417132962989464, 0.0002755941307579817, -0.00019619591103601743, 0.00030378840769624724, 5.840158932355515e-05, -0.00017420347919052114, 0.0004218787636223342, -0.00038680834564013976, 0.0002936357398809784, 0.00022203321907083347, 0.00011724616006263447, -9.863386475556071e-05, 0.00021447259640827677, 3.1033788700675596e-05, -0.0001287165556327816, -0.00024042233078192665, 2.168130702177287e-05, -0.0002832642756323009, -0.0004750096086653403, -0.00038187082231087133, -0.0004037267596986009, 6.313455725122374e-05, 0.0001943360578687811, 0.000172906234995377, -0.00039958391528182723, 7.05991796741425e-05, 0.00034183646346635913, -0.0004904424522356753, -0.00041417970798034664, 0.00011409114334829502, 0.000244530462522212, -0.00019934722216352765, -0.0002596273511762075, 0.0001363028198757871, 0.00036159563159780697, -0.0004996202427034952, -8.600388482150634e-05, -5.6230473906063855e-05, 9.516492534482096e-05, 0.00031125843337003205, -0.0004469149538389385, -0.00010377175585206622, 2.7840778786050627e-05, 0.0003911162937323474, -0.00014053347324992919, 0.0003471591020757659, 0.0002715589931496868, -0.00025682791832405043, 2.156235695161457e-05, 4.603402360584788e-06, 7.52554437901202e-05, 0.00014869560759359383, -0.00020613738440954267, 0.00011678189525727721, 6.969250885401187e-05, 0.0004081074987561646, 0.0004506151823873029, 0.00025243069558426965, -0.000203982014347354, 0.0002731798557361534, 0.0003288815422532194, 0.00021860510579855934, 0.00026141658842308824, -0.0004031594343855479, -0.00039150345974061377, -0.00015520102439395457, -0.0003734046475916011, 0.00025083966504508746, 0.0004270484095428471, -0.00016329141127927548, 8.650967179308256e-05, -3.606915307529713e-05, -0.00016445322589846623, 0.00010125938460193637, 0.0003967444973304791, 0.00032702505358824625, 5.354439644091513e-05, -0.00043083673542239885, -0.00025441038680292405, 0.0003241551922174436, -0.0004841350760912333, 0.00011924312720275007, -0.0004722790741095846, 0.00029903064779489047, 0.0004661257445747974, 0.0003629739277867626, 2.402927549751744e-05, -0.00013214761349128793, -0.0001269300557347749, 0.00010835678445480362, 0.00023185686878698963, 0.00023373288253535312]
 
RESULTS:
--------
E_VQE = -5.088799173332922
inf_VQE = 0.09029583174175126
n_fn_calls = 389
Wall-clock time 1.844610300395224 hours
 
For more output, see /home/jorisk2/HVQE/data/kagome/periodic/own_graph/opg/infidelity/2x2/output.txt
Plots of output saved in /home/jorisk2/HVQE/data/kagome/periodic/own_graph/opg/infidelity/2x2
End of HVQE.py
==========================================================================================
No CuPy installation found, continuing without GPU acceleration.
having the CPUs {32, 33, 36, 37} available.
Started basinhopping at 2020-12-25 01:54:50.023678 UTC, with
command line arguments = {'path': '/home/jorisk2/HVQE/data/kagome/periodic/own_graph/opg/infidelity/2x2', 'n_par': 120, 'par_multiplicity': 1, 'n_iter': 0, 'cost_fn': 'infidelity', 'temperature': 1.0, 'stepsize': 1.0, 'init_par': None, 'dump_interval': None}
runtime variables =  {'GPU': False, 'date_start': '2020-12-25 01:54:50.023678', 'complete_graph': [(0, 4), (2, 6), (8, 7), (10, 5), (11, 1), (9, 3), (1, 4), (3, 6), (5, 8), (7, 10), (9, 0), (11, 2), (1, 2), (3, 0), (6, 8), (4, 10), (5, 9), (7, 11), (0, 1), (2, 3), (4, 5), (6, 7), (8, 9), (10, 11)], 'init_layer': [(0, 1), (2, 3), (4, 5), (6, 7), (8, 9), (10, 11)], 'layers': [[(0, 4), (2, 6), (8, 7), (10, 5), (11, 1), (9, 3)], [(1, 4), (3, 6), (5, 8), (7, 10), (9, 0), (11, 2)], [(1, 2), (3, 0), (6, 8), (4, 10), (5, 9), (7, 11)], [(0, 1), (2, 3), (4, 5), (6, 7), (8, 9), (10, 11)]], 'n': 12}
.................................................................................................................................................................................................................................................................................................................................................................................................................. 
==========================================================================================
Finished basinhopping of  /home/jorisk2/HVQE/data/kagome/periodic/own_graph/opg/infidelity/2x2 at 2020-12-25 04:40:53.389948 UTC, with
 
{'path': '/home/jorisk2/HVQE/data/kagome/periodic/own_graph/opg/infidelity/2x2', 'n_par': 120, 'par_multiplicity': 1, 'n_iter': 0, 'cost_fn': 'infidelity', 'temperature': 1.0, 'stepsize': 1.0, 'init_par': None, 'dump_interval': None}
init_par = [-0.00017295768176366435, -0.00014863491562885965, -0.00011643258305652849, -0.00029787295682818984, -1.7257370610438783e-05, 0.0003631105265826268, 0.00020799113436362638, 0.0004919928026344725, -0.0003232045034418304, -0.0001144093151258945, 0.0004576380207653348, 0.000287621574906759, 3.961237985281171e-05, -0.0001930419334997827, 0.0003414491097496101, -0.0003840068589966469, 0.0002848964886183825, -0.00032007313514308047, -0.00032791927868272433, -0.00012640933013726997, -0.0003669460043679124, -0.00039701200384408995, 0.0004985848557107514, -0.00027728825568800884, 0.0004692375524427934, 0.00010951429904030988, 0.00047518774846211755, 0.00025383560967497543, 0.00018968546585108035, -6.227106957579654e-06, 0.0004288956538366169, -0.00011370882198965073, -0.00025662790023117015, -0.0004544070612826047, -0.00025050477288189653, -0.00014906979038934446, 0.00033997968480144994, -8.25445528876746e-05, -0.00020782519844018445, -0.00010522958423567463, -0.0003225753065556698, 0.00013914261128569576, -0.0004806097380493227, 0.000156901718921272, 0.0001323262305861592, -0.0001639728749152928, 0.0003821457714658687, -0.00018577103336731438, -0.0001554905268115895, -0.00031890725267731457, -0.00015721434530114686, -0.00021490015810800045, 3.939826569511148e-05, -0.00023755149367446683, -0.00033998668257991275, -0.00039909533329343964, 0.0002130774590406939, 0.0002604668414165068, 0.00014200618579221903, 0.0001178907186943208, -0.0004347951578790815, 0.0004738063951888128, 0.0003588035198272587, 0.0004376250424617101, 0.0002995111195222183, -0.00018859977869075686, 3.941259321486423e-05, -0.00013591432987777256, 7.942233864540946e-06, -0.0003426409979493399, -0.00031384897893938147, 0.0004203743206920089, 0.00028106213421527865, 0.00039743369117048086, 0.00023507248087788375, 9.112384329115005e-05, -0.00045836555890126974, -7.271148549831976e-05, 2.037747187724065e-05, 0.0001484863238179272, -0.0002375016326900227, -0.00011341260172614842, -0.0001689684475494242, 0.00044146365834407154, -0.0004566897588192238, -0.00037617701460263735, 0.00023538065201273784, 0.0004987723638652083, 1.4679063305398114e-05, 2.4518112690044645e-05, 0.00037317255265931996, -1.169878820113466e-05, -6.48548991176815e-05, 0.0003454370145644528, 0.0003212891691153876, 0.00040402900334751614, 0.0004276887498538298, -0.00012407323905592993, 0.00017554220122635437, 0.00040704650869341486, -0.00016835121473565354, -0.00035984679475305415, -0.0004513200300980278, -0.00010909074011332908, 0.0003685925532209291, 0.00016346848747797568, -0.00036628119915446867, 0.00010330724780712418, -0.00044663516626752034, 7.525084790583887e-05, 0.000371532350633672, -0.00025634461529276144, 0.00039225054917611444, 1.1556155975634991e-05, 0.0001522872760473127, 0.00019540623185105926, -0.0003445377113389536, 6.797578762243067e-05, 0.00044790338929595835, -0.0003477680155159033]
 
RESULTS:
--------
E_VQE = -5.259516437867266
inf_VQE = 0.04798954302959901
n_fn_calls = 402
Wall-clock time 2.753937021560139 hours
 
For more output, see /home/jorisk2/HVQE/data/kagome/periodic/own_graph/opg/infidelity/2x2/output.txt
Plots of output saved in /home/jorisk2/HVQE/data/kagome/periodic/own_graph/opg/infidelity/2x2
End of HVQE.py
==========================================================================================
No CuPy installation found, continuing without GPU acceleration.
having the CPUs {32, 33, 36, 37} available.
Started basinhopping at 2020-12-25 04:48:42.315642 UTC, with
command line arguments = {'path': '/home/jorisk2/HVQE/data/kagome/periodic/own_graph/opg/infidelity/2x2', 'n_par': 144, 'par_multiplicity': 1, 'n_iter': 0, 'cost_fn': 'infidelity', 'temperature': 1.0, 'stepsize': 1.0, 'init_par': None, 'dump_interval': None}
runtime variables =  {'GPU': False, 'date_start': '2020-12-25 04:48:42.315642', 'complete_graph': [(0, 4), (2, 6), (8, 7), (10, 5), (11, 1), (9, 3), (1, 4), (3, 6), (5, 8), (7, 10), (9, 0), (11, 2), (1, 2), (3, 0), (6, 8), (4, 10), (5, 9), (7, 11), (0, 1), (2, 3), (4, 5), (6, 7), (8, 9), (10, 11)], 'init_layer': [(0, 1), (2, 3), (4, 5), (6, 7), (8, 9), (10, 11)], 'layers': [[(0, 4), (2, 6), (8, 7), (10, 5), (11, 1), (9, 3)], [(1, 4), (3, 6), (5, 8), (7, 10), (9, 0), (11, 2)], [(1, 2), (3, 0), (6, 8), (4, 10), (5, 9), (7, 11)], [(0, 1), (2, 3), (4, 5), (6, 7), (8, 9), (10, 11)]], 'n': 12}
................................................................................................................................................................................................................................................................................................................................................................................................................................................................................................................................................................................................................................................................................................................................................ 
==========================================================================================
Finished basinhopping of  /home/jorisk2/HVQE/data/kagome/periodic/own_graph/opg/infidelity/2x2 at 2020-12-25 11:43:28.561026 UTC, with
 
{'path': '/home/jorisk2/HVQE/data/kagome/periodic/own_graph/opg/infidelity/2x2', 'n_par': 144, 'par_multiplicity': 1, 'n_iter': 0, 'cost_fn': 'infidelity', 'temperature': 1.0, 'stepsize': 1.0, 'init_par': None, 'dump_interval': None}
init_par = [-0.00040456272728764555, -0.00034400575743792736, 0.0002611257171604472, 7.696431459714597e-06, -0.0004390828262274608, -0.00023663843471214877, -0.0004347867284468571, 0.00042846883103097775, 0.0004835572674927735, -0.00019493647815153604, 0.00013137760241280368, 0.000226032977768979, -0.00015118171845654584, 0.00010212173745963204, 0.0004651968798577253, -0.00022441669942360932, 0.0002597716908699047, 0.0003749785353633322, 0.0003135123213402469, 0.0004890108644274123, 0.00044856654623268903, 6.450376212636336e-05, -0.0003711332920936692, -4.074333921750108e-05, -0.00010205734291098857, -0.00026059796481104014, 0.00013679021096183906, -0.00022397781289233844, 0.000362198597415186, 0.0003580312494106208, -0.0001951110721179752, 0.0002542350673381236, -0.00013269135322597483, -0.00036960735260059086, 0.0004940563006706809, 0.0003528137841669499, 2.9587756742648877e-05, 1.0335329355422697e-06, -0.00024835351306227803, -0.0004899625883544568, 0.00019214317890298572, 0.000249360745618504, 8.263789985574123e-05, 0.00010965099216481372, -6.221007943096261e-05, 9.321809829888905e-05, 0.0002012542346206804, -2.6554701285807505e-05, 0.00017728785124966758, -0.0004517199523062444, 8.034965392373814e-05, 5.436707074379433e-05, 0.0003157124248524091, 4.26389854407274e-05, -9.231078439163863e-06, 0.00035055708831864313, -0.0004227951977249139, -0.0004202862316473236, 0.00047988725859602396, -0.00027423582108973175, -0.00039059038813447455, -0.00015877347522907806, -0.0002209536270441884, -0.000216721402292961, 0.00025287483103090386, -0.00010467924033757449, 0.0004538598079487508, -4.2883090099636535e-05, 0.00020152827433305668, 0.00010828149489996032, 0.000464864160884093, -0.00029131650935457166, -0.00012057386978326002, 0.00033909668464913306, 0.0001609673470049039, 0.00032354744584657037, -0.0003777293942932126, -0.00037934294107576003, -0.00010513472999250351, 0.00034983525639948015, 0.00013633839438267068, -0.00017475633275512573, -0.0003446925670788593, 0.0004459480404932465, 9.231115477516098e-05, 0.00012085915983347975, -5.217416576331512e-05, -0.0004843276076962101, 0.00011439104563911655, -4.711692579562765e-05, 5.929274775463432e-05, 0.0004588875487581644, -0.00033492795204425967, -0.0002483791196931925, 0.00024473772260970696, 0.00043123676689185686, -1.3215201672374995e-06, 0.00025542990605633255, -0.00015460542159843595, 0.000481416501086831, -0.0003224258165671269, -0.00018758264764110144, 0.00024593445768645423, 0.00031868309084469824, -0.0003434166979696646, -0.00036925531691827686, -0.00048290908545495947, -0.0004793931222230342, -0.00027865512886926535, 0.0001405589770352275, 3.258019851596868e-05, 0.00032310505976911735, 0.00045639701348454864, -0.00010251041051072865, 0.00015742341257172436, -0.00014966927288215639, 0.0003081791243649491, 0.0002459121345336372, -0.00039264728079004165, -0.0001110387217990462, -0.00034649719571328686, -0.00046237633232636924, -0.00042972064031680823, 0.000369481294731009, -0.00012615030641787984, 0.0001942581232367835, -8.260820275577096e-05, 0.00040358763165955513, -0.00018414385539890612, 0.0003519689407017059, -5.546715080907217e-05, 0.00023606400994694281, -0.00036062204945030106, -4.611823420629015e-05, -0.0002900225326877526, -7.996929072337912e-05, -5.9155610333154105e-05, -0.00041944364886440413, 8.373612572627124e-05, -8.6959743784224e-05, -0.0003947638217523216, -0.0003327204736637936, 0.00039181033266117446, -0.00020354581990974477]
 
RESULTS:
--------
E_VQE = -5.355280288038798
inf_VQE = 0.02050942666566835
n_fn_calls = 720
Wall-clock time 6.895916706058714 hours
 
For more output, see /home/jorisk2/HVQE/data/kagome/periodic/own_graph/opg/infidelity/2x2/output.txt
Plots of output saved in /home/jorisk2/HVQE/data/kagome/periodic/own_graph/opg/infidelity/2x2
End of HVQE.py
==========================================================================================
No CuPy installation found, continuing without GPU acceleration.
having the CPUs {32, 33, 36, 37} available.
Started basinhopping at 2020-12-25 11:50:00.064330 UTC, with
command line arguments = {'path': '/home/jorisk2/HVQE/data/kagome/periodic/own_graph/opg/infidelity/2x2', 'n_par': 168, 'par_multiplicity': 1, 'n_iter': 0, 'cost_fn': 'infidelity', 'temperature': 1.0, 'stepsize': 1.0, 'init_par': None, 'dump_interval': None}
runtime variables =  {'GPU': False, 'date_start': '2020-12-25 11:50:00.064330', 'complete_graph': [(0, 4), (2, 6), (8, 7), (10, 5), (11, 1), (9, 3), (1, 4), (3, 6), (5, 8), (7, 10), (9, 0), (11, 2), (1, 2), (3, 0), (6, 8), (4, 10), (5, 9), (7, 11), (0, 1), (2, 3), (4, 5), (6, 7), (8, 9), (10, 11)], 'init_layer': [(0, 1), (2, 3), (4, 5), (6, 7), (8, 9), (10, 11)], 'layers': [[(0, 4), (2, 6), (8, 7), (10, 5), (11, 1), (9, 3)], [(1, 4), (3, 6), (5, 8), (7, 10), (9, 0), (11, 2)], [(1, 2), (3, 0), (6, 8), (4, 10), (5, 9), (7, 11)], [(0, 1), (2, 3), (4, 5), (6, 7), (8, 9), (10, 11)]], 'n': 12}
................................................................................................................................................................................................................................................................................................................................................................................................................................................................................................. 
==========================================================================================
Finished basinhopping of  /home/jorisk2/HVQE/data/kagome/periodic/own_graph/opg/infidelity/2x2 at 2020-12-25 17:28:06.371632 UTC, with
 
{'path': '/home/jorisk2/HVQE/data/kagome/periodic/own_graph/opg/infidelity/2x2', 'n_par': 168, 'par_multiplicity': 1, 'n_iter': 0, 'cost_fn': 'infidelity', 'temperature': 1.0, 'stepsize': 1.0, 'init_par': None, 'dump_interval': None}
init_par = [-0.00019335233628504477, 3.503305858379175e-06, -0.0001342793676638924, 0.0001398102583157865, 1.4421295418138983e-05, -0.00012026248951218534, 0.00044827353457537193, 0.00014678833763554996, 0.0002981300106584372, -9.355666510981234e-05, -0.00022794140065965352, 0.00026310955114305327, 0.0001973909549300841, 0.0003082826709194298, -2.8809092065991578e-05, -0.00021861099356913207, 0.0004865773885730359, -3.6865928091228944e-06, -0.000471676434925321, 0.00042963860139698016, 0.00023359817491159477, -0.00039451133391155867, -0.0003325308069444398, -0.0004674236760645827, -0.0001976702717033998, -9.223793412031756e-05, 0.0003622436794972184, -0.00020369100878796811, -0.0003455679881665052, 8.561082077175044e-05, 0.00044994767350509666, 0.00026960874803504033, 0.00014224126040735853, -0.000287541086703206, 0.00014851446874839414, -0.00023755465780664608, -0.0003758807967654505, -0.00047204387318613007, 0.00042887870206115774, -0.0004547324396405378, -0.00024702873374338863, 0.0003408126004677994, 0.00038297902454199385, 0.00017988706341678462, 8.833109912065177e-05, -7.244904928674156e-05, -0.00012477842716616196, -0.0004335979400144752, -0.00037891318436685374, 0.00034106976152902587, 0.0004777149174394128, -0.000437413580949529, -0.00023294025393492837, -4.729137116838913e-05, 0.0002477012163617395, -7.227951251932599e-05, 0.0002651196986603958, 0.000358855788065933, -0.0004311119514777179, -0.0002096551764481439, -0.0004857093184299386, 0.0002775414183726377, 0.00027358470107847793, -9.479728855903613e-05, -0.00021150513140858498, -0.00045865951790965753, -3.504142791184884e-05, 0.00016199719087613541, 0.0004928776181029133, -0.00020343552679775003, -4.61500355611473e-05, -9.489268957685093e-05, 9.75620384255243e-05, 0.0003887593197156447, 0.0003839779206837639, 0.0003549577236188474, 0.00027452574020973104, 0.00045977057175610337, -7.224960349526025e-05, 3.664722673308381e-05, 0.00013634084745403163, -7.387485611892454e-05, 0.000239003288354504, -0.00034052227265377933, -0.00046974411327983237, -5.375759084831378e-05, -9.026894704980762e-05, -0.00043622417159237494, 0.0002131163374597167, -8.611236378627997e-05, 0.00025318030775819944, -0.00015115483788698172, 0.00033297808182578914, 0.0002356455325048829, -0.00030985979087393834, 0.00021437329778076968, 0.00012785952133648757, 0.00046260308731042236, -0.00033522858151454574, 0.00041313340395951405, 0.00026040766583946, -0.0004471941862750356, 0.0003968143489526247, 5.683644131548632e-05, -0.0004809117202904615, -3.6995221923590406e-05, 0.0002496989563980194, -0.00019787432660652992, 0.00035424935341534446, -0.00016529068442029248, -0.0002536839932226933, 7.907166145530709e-05, -3.478785547939733e-05, 3.730188356251439e-05, -0.0003153185278778795, -0.00045915430315408856, -1.727512955055369e-05, 0.00044641481616924873, -0.00032225354624841965, 0.00011154806535238881, -0.00021020310396688779, 8.276625857705144e-05, -0.0003409953154629793, 0.00026186849068192874, 0.00022197754990417606, -0.0004683137834704624, -9.056618953918018e-05, 0.0002184060172428134, 0.00021453873714496682, -0.00023673024257829067, 0.000304451042073725, -0.0001822410342210794, -0.00019136966728266157, 1.1935687360299782e-05, -0.00040630393444741864, 0.00019576758362477623, 0.00026199709287535143, 0.0004747078363329557, -0.000364727221887944, 0.00020790825924996538, 0.00016007322787823272, 7.423910375883868e-05, 0.0004878238982088043, 0.0002617313314969115, -0.0003404103102719116, -2.4157761394630578e-05, -0.00029398403823294216, -0.0003629722308072605, -0.0003287993810473504, -6.732123162773209e-05, 0.0001867202329595332, -0.0003121984806980108, -0.00038692930689828564, -6.250643231901234e-05, 0.0003523147103164496, -0.00020563375162179376, -0.000382943980429258, 2.070932075370663e-05, -0.00027058549745910234, 0.00020635921598898736, -3.837147700501008e-05, -0.00012128392031921431, 0.00022750282706575668, -1.8013389162702706e-05, -0.000194463378804005, 0.0002228005666622579, -0.00017778443316777726, -0.00012949296652500444]
 
RESULTS:
--------
E_VQE = -5.3934989778724844
inf_VQE = 0.011218152144137128
n_fn_calls = 481
Wall-clock time 5.62021394709746 hours
 
For more output, see /home/jorisk2/HVQE/data/kagome/periodic/own_graph/opg/infidelity/2x2/output.txt
Plots of output saved in /home/jorisk2/HVQE/data/kagome/periodic/own_graph/opg/infidelity/2x2
End of HVQE.py
==========================================================================================
No CuPy installation found, continuing without GPU acceleration.
having the CPUs {32, 33, 36, 37} available.
Started basinhopping at 2020-12-25 17:37:00.049586 UTC, with
command line arguments = {'path': '/home/jorisk2/HVQE/data/kagome/periodic/own_graph/opg/infidelity/2x2', 'n_par': 192, 'par_multiplicity': 1, 'n_iter': 0, 'cost_fn': 'infidelity', 'temperature': 1.0, 'stepsize': 1.0, 'init_par': None, 'dump_interval': None}
runtime variables =  {'GPU': False, 'date_start': '2020-12-25 17:37:00.049586', 'complete_graph': [(0, 4), (2, 6), (8, 7), (10, 5), (11, 1), (9, 3), (1, 4), (3, 6), (5, 8), (7, 10), (9, 0), (11, 2), (1, 2), (3, 0), (6, 8), (4, 10), (5, 9), (7, 11), (0, 1), (2, 3), (4, 5), (6, 7), (8, 9), (10, 11)], 'init_layer': [(0, 1), (2, 3), (4, 5), (6, 7), (8, 9), (10, 11)], 'layers': [[(0, 4), (2, 6), (8, 7), (10, 5), (11, 1), (9, 3)], [(1, 4), (3, 6), (5, 8), (7, 10), (9, 0), (11, 2)], [(1, 2), (3, 0), (6, 8), (4, 10), (5, 9), (7, 11)], [(0, 1), (2, 3), (4, 5), (6, 7), (8, 9), (10, 11)]], 'n': 12}
..................................................................................................................................................................................................................................................................................................................slurmstepd: error: *** JOB 7176067 ON r38n2 CANCELLED AT 2020-12-25T23:48:40 DUE TO TIME LIMIT ***
