No CuPy installation found, continuing without GPU acceleration.
having the CPUs {16, 17, 20, 21} available.
Started basinhopping at 2020-12-24 22:49:00.778414 UTC, with
command line arguments = {'path': '/home/jorisk2/HVQE/data/kagome/periodic/own_graph/opg/infidelity/2x2', 'n_par': 48, 'par_multiplicity': 1, 'n_iter': 0, 'cost_fn': 'infidelity', 'temperature': 1.0, 'stepsize': 1.0, 'init_par': None, 'dump_interval': None}
runtime variables =  {'GPU': False, 'date_start': '2020-12-24 22:49:00.778414', 'complete_graph': [(0, 4), (2, 6), (8, 7), (10, 5), (11, 1), (9, 3), (1, 4), (3, 6), (5, 8), (7, 10), (9, 0), (11, 2), (1, 2), (3, 0), (6, 8), (4, 10), (5, 9), (7, 11), (0, 1), (2, 3), (4, 5), (6, 7), (8, 9), (10, 11)], 'init_layer': [(0, 1), (2, 3), (4, 5), (6, 7), (8, 9), (10, 11)], 'layers': [[(0, 4), (2, 6), (8, 7), (10, 5), (11, 1), (9, 3)], [(1, 4), (3, 6), (5, 8), (7, 10), (9, 0), (11, 2)], [(1, 2), (3, 0), (6, 8), (4, 10), (5, 9), (7, 11)], [(0, 1), (2, 3), (4, 5), (6, 7), (8, 9), (10, 11)]], 'n': 12}
........................................................................................................................................................... 
==========================================================================================
Finished basinhopping of  /home/jorisk2/HVQE/data/kagome/periodic/own_graph/opg/infidelity/2x2 at 2020-12-24 23:06:18.852851 UTC, with
 
{'path': '/home/jorisk2/HVQE/data/kagome/periodic/own_graph/opg/infidelity/2x2', 'n_par': 48, 'par_multiplicity': 1, 'n_iter': 0, 'cost_fn': 'infidelity', 'temperature': 1.0, 'stepsize': 1.0, 'init_par': None, 'dump_interval': None}
init_par = [-0.0002768987613037613, 0.00011947012749287096, -0.0003529173718582074, 0.00033497072493663283, -0.00011648423606220259, -2.274718325568102e-05, -0.0003219562520026227, 0.0004831399858697277, 0.0002727391946040869, 0.0003932291445131617, 4.6854910583228214e-05, 0.00016808151565333594, 0.0002912513938576332, -0.000287164472301684, 7.273744894091929e-05, -0.0002748861056648755, -0.0003368480453438944, 8.84560634748031e-06, 4.2743602718537874e-05, -0.0004596774700733295, 0.00013541687092984438, 0.0001766692288442198, 0.00048562014891438254, 8.68409226861635e-05, 0.0003731038228835424, -0.0004094215596240756, -0.00017843882206061912, -5.971123952766734e-05, 0.0004082081115772978, -0.00045432338605101133, 0.00040062130921463706, 0.00046034797669295064, -0.0002541400795759735, -0.00022081449020932767, -1.570180833923053e-05, -5.988084484318586e-06, 0.0004925794753029588, 0.000353950811798569, 5.8552702820012276e-05, 0.00015431294907362458, 0.00034827300161447436, -0.00029728876329771664, 0.00016587083888720366, 4.654433142062221e-05, 7.318185807166479e-05, 0.00016696383924830833, 0.00017368756010332, 0.0003940061263926303]
 
RESULTS:
--------
E_VQE = -4.830092137549155
inf_VQE = 0.285250621984911
n_fn_calls = 155
Wall-clock time 0.2591035940249761 hours
 
For more output, see /home/jorisk2/HVQE/data/kagome/periodic/own_graph/opg/infidelity/2x2/output.txt
Plots of output saved in /home/jorisk2/HVQE/data/kagome/periodic/own_graph/opg/infidelity/2x2
End of HVQE.py
==========================================================================================
No CuPy installation found, continuing without GPU acceleration.
having the CPUs {16, 17, 20, 21} available.
Started basinhopping at 2020-12-24 23:13:52.117155 UTC, with
command line arguments = {'path': '/home/jorisk2/HVQE/data/kagome/periodic/own_graph/opg/infidelity/2x2', 'n_par': 72, 'par_multiplicity': 1, 'n_iter': 0, 'cost_fn': 'infidelity', 'temperature': 1.0, 'stepsize': 1.0, 'init_par': None, 'dump_interval': None}
runtime variables =  {'GPU': False, 'date_start': '2020-12-24 23:13:52.117155', 'complete_graph': [(0, 4), (2, 6), (8, 7), (10, 5), (11, 1), (9, 3), (1, 4), (3, 6), (5, 8), (7, 10), (9, 0), (11, 2), (1, 2), (3, 0), (6, 8), (4, 10), (5, 9), (7, 11), (0, 1), (2, 3), (4, 5), (6, 7), (8, 9), (10, 11)], 'init_layer': [(0, 1), (2, 3), (4, 5), (6, 7), (8, 9), (10, 11)], 'layers': [[(0, 4), (2, 6), (8, 7), (10, 5), (11, 1), (9, 3)], [(1, 4), (3, 6), (5, 8), (7, 10), (9, 0), (11, 2)], [(1, 2), (3, 0), (6, 8), (4, 10), (5, 9), (7, 11)], [(0, 1), (2, 3), (4, 5), (6, 7), (8, 9), (10, 11)]], 'n': 12}
......................................................................................................................................................................................................................................................................... 
==========================================================================================
Finished basinhopping of  /home/jorisk2/HVQE/data/kagome/periodic/own_graph/opg/infidelity/2x2 at 2020-12-25 00:04:38.924257 UTC, with
 
{'path': '/home/jorisk2/HVQE/data/kagome/periodic/own_graph/opg/infidelity/2x2', 'n_par': 72, 'par_multiplicity': 1, 'n_iter': 0, 'cost_fn': 'infidelity', 'temperature': 1.0, 'stepsize': 1.0, 'init_par': None, 'dump_interval': None}
init_par = [-0.00025145185272725846, 9.39501873933532e-05, -3.0166046719336552e-05, -0.00012931795575554951, -0.000230532544649395, -0.00019069325614436795, 0.00029024623172798107, 0.00043630629237957034, -0.000304931201026911, -0.00045943998553852163, -0.0002543029372298671, -1.8627643756546832e-05, -0.0003534091276836709, -0.0003185470839277086, -0.00016664724445819378, 1.540145915435013e-05, 0.00033960701587782446, -0.00021387180851860013, 0.0003931904790229955, -0.00019399499967833134, -0.0001708660638551042, 0.0003310591102501908, -0.0003950937359971866, 0.0002818711922841471, 0.0003586803980604713, 1.3545483166739047e-05, 0.00041977386477606827, 0.00032045310788702945, 9.400193591430127e-05, -8.195482077029805e-05, 0.00022639598911046433, 0.0004057582442303576, 0.00035074044881639767, -2.089333564479247e-05, -0.00048415520368957346, 2.3858923302533686e-05, 0.000451437841522095, -0.000143069568797386, 0.0004782729253596412, 0.00012788772755353058, 0.0003496984980269832, 0.00044098348571877254, -2.8078889321919286e-05, -0.0004441754722356902, -6.372311890946535e-05, 0.00010694526508890764, -0.00014851684847159166, 5.309674630050705e-05, -0.0003537910539263154, -8.552330401657326e-05, -0.00039255158440609664, 0.00023071506315197187, 0.00012847585331261498, -2.0801029249230892e-05, -0.00024379636682877185, -0.0004290268146251706, -0.00012655766217942443, -0.000372398909189981, -0.00032568312815764314, 0.0002774854952401183, 0.0002952636640881186, -0.0004423693841714538, 1.6702911169302068e-06, -0.0004980274157306216, -0.00039011037033415076, 0.0003613031084943515, -0.00012645188995998637, -0.00044445617352339604, 0.0002745562612105039, -0.00011042024846202181, -0.0003197135186552934, 0.00020593323289611574]
 
RESULTS:
--------
E_VQE = -5.008643319705396
inf_VQE = 0.1341392158252127
n_fn_calls = 265
Wall-clock time 0.8280524043242136 hours
 
For more output, see /home/jorisk2/HVQE/data/kagome/periodic/own_graph/opg/infidelity/2x2/output.txt
Plots of output saved in /home/jorisk2/HVQE/data/kagome/periodic/own_graph/opg/infidelity/2x2
End of HVQE.py
==========================================================================================
No CuPy installation found, continuing without GPU acceleration.
having the CPUs {16, 17, 20, 21} available.
Started basinhopping at 2020-12-25 00:10:02.470199 UTC, with
command line arguments = {'path': '/home/jorisk2/HVQE/data/kagome/periodic/own_graph/opg/infidelity/2x2', 'n_par': 96, 'par_multiplicity': 1, 'n_iter': 0, 'cost_fn': 'infidelity', 'temperature': 1.0, 'stepsize': 1.0, 'init_par': None, 'dump_interval': None}
runtime variables =  {'GPU': False, 'date_start': '2020-12-25 00:10:02.470199', 'complete_graph': [(0, 4), (2, 6), (8, 7), (10, 5), (11, 1), (9, 3), (1, 4), (3, 6), (5, 8), (7, 10), (9, 0), (11, 2), (1, 2), (3, 0), (6, 8), (4, 10), (5, 9), (7, 11), (0, 1), (2, 3), (4, 5), (6, 7), (8, 9), (10, 11)], 'init_layer': [(0, 1), (2, 3), (4, 5), (6, 7), (8, 9), (10, 11)], 'layers': [[(0, 4), (2, 6), (8, 7), (10, 5), (11, 1), (9, 3)], [(1, 4), (3, 6), (5, 8), (7, 10), (9, 0), (11, 2)], [(1, 2), (3, 0), (6, 8), (4, 10), (5, 9), (7, 11)], [(0, 1), (2, 3), (4, 5), (6, 7), (8, 9), (10, 11)]], 'n': 12}
................................................................................................................................................................................................................................................................................ 
==========================================================================================
Finished basinhopping of  /home/jorisk2/HVQE/data/kagome/periodic/own_graph/opg/infidelity/2x2 at 2020-12-25 01:24:53.382412 UTC, with
 
{'path': '/home/jorisk2/HVQE/data/kagome/periodic/own_graph/opg/infidelity/2x2', 'n_par': 96, 'par_multiplicity': 1, 'n_iter': 0, 'cost_fn': 'infidelity', 'temperature': 1.0, 'stepsize': 1.0, 'init_par': None, 'dump_interval': None}
init_par = [0.00019523669192996916, -0.00014408479594553702, 0.00014922608062123747, -0.0001889014080963647, 0.00040077771815774817, 0.0002264743697148469, 0.0001301732526858754, 0.00047007398560594093, 0.00039621389592856427, 0.0002504599467057523, 0.0001606782057616944, -0.00016440089751655488, 0.000303701606541398, 0.00012343576211955548, 0.00017115373463940926, -0.0003064445712468262, 8.226482337376118e-05, -2.013199682359768e-06, 0.00035802276105126557, 0.00015865746832906984, 0.00018607945985443244, 0.00045292840638820435, 0.0002689810947819507, -0.0004114352930460915, -0.00041946671352782587, 0.0003474315363379368, 3.3392151953335475e-07, -5.10718726747135e-06, -4.4814146355166005e-05, -6.448103085181158e-05, 0.00036820499031153407, 1.8972722543893986e-05, -5.253222987461125e-05, -0.00031554070916606615, 0.00013100368935119026, -0.0003515580467041074, 0.00033645717228914006, 0.00030642876605447146, -0.0001740934565455762, -0.000238228720028942, 0.0003910429575574233, -4.390313098356105e-05, 0.00010351643463965663, 0.00022207853553903316, 0.00042793905891403577, 0.00041741499579335496, -0.00047940452663941904, -8.031594789201235e-05, 1.1762553274972834e-05, -4.6784406221308346e-06, -0.0002486532272258046, 0.0004390559742558488, 0.0001521592038730516, 0.00037267652007861316, -0.0002118452942753698, -0.0004330323208826085, -0.000318226061011505, 0.00019967878912202056, -2.2324592678971654e-07, 5.3010025523458925e-05, 0.00039559569749751655, -0.0004538718586987216, 0.00015649621754478134, -0.0001716186161050342, -0.00028477733886311156, -0.0004267259186661308, -0.00016436728728903626, -2.537813582434911e-05, -0.00034609921838385673, 7.378359513701466e-05, 0.00041030668565865045, -0.0003333891194900815, 0.00024404711830294204, -0.00012434871657503047, -7.504752400835392e-05, 0.00042141387704647444, -0.00043911366765685556, 0.0001221448164542675, 0.0001916349951733903, -0.0004608998202552425, -0.00010145756792503193, -1.7084860342432388e-06, 4.9551233114869964e-05, -0.0003592730215114479, -0.00017856888394728813, 0.00042829307318186264, -0.00019368174814128603, 0.00022968627652912381, -0.00014336340061997565, 4.491218878342957e-05, -0.00020854904824775322, -0.00014478977295149045, 3.0478890465842462e-05, 0.0003431903695572255, 0.00035140550690768624, -0.0001240519307548839]
 
RESULTS:
--------
E_VQE = -5.105289194137287
inf_VQE = 0.09624844307183977
n_fn_calls = 272
Wall-clock time 1.229622710413403 hours
 
For more output, see /home/jorisk2/HVQE/data/kagome/periodic/own_graph/opg/infidelity/2x2/output.txt
Plots of output saved in /home/jorisk2/HVQE/data/kagome/periodic/own_graph/opg/infidelity/2x2
End of HVQE.py
==========================================================================================
No CuPy installation found, continuing without GPU acceleration.
having the CPUs {16, 17, 20, 21} available.
Started basinhopping at 2020-12-25 01:33:25.911075 UTC, with
command line arguments = {'path': '/home/jorisk2/HVQE/data/kagome/periodic/own_graph/opg/infidelity/2x2', 'n_par': 120, 'par_multiplicity': 1, 'n_iter': 0, 'cost_fn': 'infidelity', 'temperature': 1.0, 'stepsize': 1.0, 'init_par': None, 'dump_interval': None}
runtime variables =  {'GPU': False, 'date_start': '2020-12-25 01:33:25.911075', 'complete_graph': [(0, 4), (2, 6), (8, 7), (10, 5), (11, 1), (9, 3), (1, 4), (3, 6), (5, 8), (7, 10), (9, 0), (11, 2), (1, 2), (3, 0), (6, 8), (4, 10), (5, 9), (7, 11), (0, 1), (2, 3), (4, 5), (6, 7), (8, 9), (10, 11)], 'init_layer': [(0, 1), (2, 3), (4, 5), (6, 7), (8, 9), (10, 11)], 'layers': [[(0, 4), (2, 6), (8, 7), (10, 5), (11, 1), (9, 3)], [(1, 4), (3, 6), (5, 8), (7, 10), (9, 0), (11, 2)], [(1, 2), (3, 0), (6, 8), (4, 10), (5, 9), (7, 11)], [(0, 1), (2, 3), (4, 5), (6, 7), (8, 9), (10, 11)]], 'n': 12}
................................................................................................................................................................................................................................................................................................................................................................................................................................................................................................................................................................................................................................................................................... 
==========================================================================================
Finished basinhopping of  /home/jorisk2/HVQE/data/kagome/periodic/own_graph/opg/infidelity/2x2 at 2020-12-25 06:08:26.651888 UTC, with
 
{'path': '/home/jorisk2/HVQE/data/kagome/periodic/own_graph/opg/infidelity/2x2', 'n_par': 120, 'par_multiplicity': 1, 'n_iter': 0, 'cost_fn': 'infidelity', 'temperature': 1.0, 'stepsize': 1.0, 'init_par': None, 'dump_interval': None}
init_par = [0.0003995404645534263, -0.00045705513131457433, 4.0794381288410705e-05, -0.0002034049411978243, -3.421988000675176e-06, 0.0004860226457614951, -0.0001786293402877773, 0.0001885812780362331, -0.0004038424130897206, -0.00018806152726698778, -0.0004782465874678995, -0.00022229685194038632, 0.00016862926506520427, -0.0003205106087114147, -0.00022394730373627425, 0.00017026528168016287, 0.0004743308773139895, -0.0001161145715254949, 0.0004249386647367943, 8.866816420939486e-06, 4.6316263196431035e-05, 8.874968441614024e-05, 0.0001668205590246312, -0.00022403721061064943, -0.00041469780045643736, -0.00020405763279071723, 8.819254111624075e-06, -0.00031466181835247545, -0.0003435058336905389, 3.7753060637288447e-05, 0.0001132312915334315, -0.0004840809815179821, -0.00033860350959165065, 0.0004850370711627413, 0.0003465025545634152, -9.173014243298695e-05, -0.0004628077081421724, -0.00025059508365904925, 0.0003889680321015242, -0.00021736941394610236, 0.00023741165007665807, -0.00013827933278803372, -0.00045380501902861115, 4.010426884209378e-05, 0.0004021350339360463, 0.0001915544454543321, -0.00030764447405855514, -0.00047901881627463393, 0.0004043235194139313, 0.00035533188965200394, -0.0002922907385343765, 6.164564216341525e-07, -0.0001900471990166436, -8.32134299723114e-06, -0.0003828281534954009, -0.0002625506161862723, -0.00029713300580867786, -0.00019976680026841722, 3.1347139782967356e-05, -0.00019021471469531147, -0.0003624650229505674, -0.00010986074302515647, -0.00043781881715210106, -6.488195872374891e-05, -0.00019424039830042117, -0.00011046922288911876, 0.0001615986117901397, -0.0001825225482452688, 0.0001433216121406914, -0.00013994262502848675, 5.9337822251820035e-05, 0.00034299908427817545, -6.620609883575959e-05, -7.332491282132226e-05, 0.00037392394978029886, -0.0003884956995568849, 0.0002620183475552662, -0.00021535522130216054, -0.0003038985564174024, -0.00011089191427132207, -1.941603800289149e-05, 0.0003969183656567179, -1.1297942172283073e-05, -0.00026457263215453567, -0.00024492349903769986, -7.236211824052655e-05, -0.0003957500795624793, 0.0004039574710353631, -2.9569436517608207e-06, -0.00040469537962879455, -0.0002539149455983354, 0.00036537825484529284, -0.0002906255200454532, -0.0004316987163985094, 0.00048719904479791625, -2.1835349926905374e-05, -0.00033689696605952024, -0.00025456661617319576, -7.687046340225303e-05, -2.750557003683852e-05, 0.00028133601656535627, -0.0001056448129739205, 0.00046065886398901127, 6.620438798350149e-05, -0.00030815210944222884, -0.0004329371067875457, -0.00022870733879568143, 0.00023173190370739808, -0.00035757740032803524, 0.00020740374795494862, -1.5499123142298315e-05, 0.00026746516450696744, -0.000431565552728177, 2.318641757654259e-05, -0.00025091054414284197, 0.00019322774247183328, -3.83682399113564e-06, 0.0004141541677270278, 9.76917387517423e-05, -0.00037825913843378157]
 
RESULTS:
--------
E_VQE = -5.263389857960987
inf_VQE = 0.046569360057028275
n_fn_calls = 659
Wall-clock time 4.566839740408792 hours
 
For more output, see /home/jorisk2/HVQE/data/kagome/periodic/own_graph/opg/infidelity/2x2/output.txt
Plots of output saved in /home/jorisk2/HVQE/data/kagome/periodic/own_graph/opg/infidelity/2x2
End of HVQE.py
==========================================================================================
No CuPy installation found, continuing without GPU acceleration.
having the CPUs {16, 17, 20, 21} available.
Started basinhopping at 2020-12-25 06:17:06.352760 UTC, with
command line arguments = {'path': '/home/jorisk2/HVQE/data/kagome/periodic/own_graph/opg/infidelity/2x2', 'n_par': 144, 'par_multiplicity': 1, 'n_iter': 0, 'cost_fn': 'infidelity', 'temperature': 1.0, 'stepsize': 1.0, 'init_par': None, 'dump_interval': None}
runtime variables =  {'GPU': False, 'date_start': '2020-12-25 06:17:06.352760', 'complete_graph': [(0, 4), (2, 6), (8, 7), (10, 5), (11, 1), (9, 3), (1, 4), (3, 6), (5, 8), (7, 10), (9, 0), (11, 2), (1, 2), (3, 0), (6, 8), (4, 10), (5, 9), (7, 11), (0, 1), (2, 3), (4, 5), (6, 7), (8, 9), (10, 11)], 'init_layer': [(0, 1), (2, 3), (4, 5), (6, 7), (8, 9), (10, 11)], 'layers': [[(0, 4), (2, 6), (8, 7), (10, 5), (11, 1), (9, 3)], [(1, 4), (3, 6), (5, 8), (7, 10), (9, 0), (11, 2)], [(1, 2), (3, 0), (6, 8), (4, 10), (5, 9), (7, 11)], [(0, 1), (2, 3), (4, 5), (6, 7), (8, 9), (10, 11)]], 'n': 12}
................................................................................................................................................................................................................................................................................................................................................................................................................................................................................................................................................................................................................................................................................................................................... 
==========================================================================================
Finished basinhopping of  /home/jorisk2/HVQE/data/kagome/periodic/own_graph/opg/infidelity/2x2 at 2020-12-25 13:21:31.610750 UTC, with
 
{'path': '/home/jorisk2/HVQE/data/kagome/periodic/own_graph/opg/infidelity/2x2', 'n_par': 144, 'par_multiplicity': 1, 'n_iter': 0, 'cost_fn': 'infidelity', 'temperature': 1.0, 'stepsize': 1.0, 'init_par': None, 'dump_interval': None}
init_par = [-0.000449246516733815, -0.00014948891546220954, -0.00033691436436027926, 0.0002730147714413469, 0.00036965147645898156, 0.00024268917045525064, 3.256728072183971e-05, 0.0003679915347544059, 0.00038412800501126177, 0.0001871591586479986, -0.00012930523193654752, 0.0001314268133289049, -0.000450852402561601, 0.0002686375077171798, -0.0002003132623052124, 0.00015980062070964447, 0.000120469140464534, -0.00010922658219341785, 0.00020060011959756687, 0.00013476519681973685, -8.063672090267851e-05, -0.0003375238069451648, 0.00023622541596709688, -0.00019499492301559997, -0.00046404703575830396, 4.93134669137435e-05, 0.00014090213993355513, -3.7024443996257813e-06, -0.0004420611810059735, 0.0002947814613436493, 0.00012682937613434466, 0.0004483847688191363, 0.0002555725144282638, 0.0002512671122812918, 1.3921520536485299e-05, 0.00010991532084800499, -0.00026732725760657874, 5.1534434937817314e-05, 0.00014221844335834315, -0.00033837790143700084, 0.0002367870095188277, 0.0002173514435757876, 0.0004035591662168958, -0.0002359536036617129, -0.00015491404461478585, -0.0003012879622284004, -0.0003800929386120693, 0.0001677357583252005, 0.0003736741852319469, -0.0004828525884465168, 0.0004586130705758496, -0.00013384455771475116, -0.00019632574139747164, -0.00029185663688714595, -0.0001233119163880011, 0.00046928417325569987, -8.677774891039183e-05, -0.00023126731494152697, 0.00036314796451440256, 8.542056808381177e-05, 0.0003290591483079805, -0.00027071614731819394, 0.000389219035417402, 0.00015085968669702752, -0.0002512718478148892, 0.00034286205330111546, -9.6685295956669e-05, 0.0004364588791622785, -0.0004228057887036941, 0.00039851052719210814, 0.00037119862469382834, 7.439658609665668e-05, -0.00014144753273579878, 0.00028278797455669115, 0.00010714136473711187, -0.00021194996169133552, -0.00014993492272758803, -0.00033173583158649535, -0.00016730146598350625, 0.00016287189627230397, -0.00025330632793489307, -0.0002797333568890801, -0.00023275247256275132, -0.00014988425557749718, 0.0001673352523096685, 7.70389374936647e-06, 0.00013411294339257893, 0.00039009543798052026, -0.0003064714192853276, 8.021324257722208e-05, 0.0004826620960239215, -6.717784342297249e-05, -0.0003365968572336272, -0.000185714537044687, 0.0004032178981375322, -0.00019740615847108636, 4.1726331642044515e-05, 0.0004341312856905254, -2.0083274233798434e-05, 0.00040595927646463646, -0.00035442457513848013, 1.3030022979522936e-05, -0.00039359500601359766, -0.00034023385408865473, 1.9561398303135995e-05, -0.00021177758005190507, 3.0135135158384954e-05, 0.0002678852525889977, 0.00017055912804706853, 0.0002822911105488952, 0.00014631999363476898, -0.0001898678088328826, -6.430085109557785e-05, 0.00020437528952205587, -0.00021834763151492111, 0.00026386696292212287, -0.00022122709624883486, 0.0003794415822646732, -0.00023811561071839784, 0.0004422174079672064, 0.0002447182244112242, -0.00018317459031332197, -0.00020992891080085288, 2.9284306807209493e-05, -0.00042076610600053836, -0.00022788020732145224, 0.00020631907963714361, 0.0004922752682941329, -0.0003276059267074959, -0.00017533952803841404, -0.0002773754931381843, -0.00038501345218102756, -6.175879336798017e-05, 4.415632243397693e-05, 0.0001655643425758441, -1.359613513866512e-05, 0.0002848145065380849, 0.00023480995928694696, -0.00039161835126342594, 3.187093446995967e-05, -0.0003662676298892281, -2.6862201994168355e-05, -0.00016869176013775266, 2.5542101958088924e-05]
 
RESULTS:
--------
E_VQE = -5.334022327171726
inf_VQE = 0.02635342498246307
n_fn_calls = 707
Wall-clock time 7.0114207316769495 hours
 
For more output, see /home/jorisk2/HVQE/data/kagome/periodic/own_graph/opg/infidelity/2x2/output.txt
Plots of output saved in /home/jorisk2/HVQE/data/kagome/periodic/own_graph/opg/infidelity/2x2
End of HVQE.py
==========================================================================================
No CuPy installation found, continuing without GPU acceleration.
having the CPUs {16, 17, 20, 21} available.
Started basinhopping at 2020-12-25 13:27:52.550478 UTC, with
command line arguments = {'path': '/home/jorisk2/HVQE/data/kagome/periodic/own_graph/opg/infidelity/2x2', 'n_par': 168, 'par_multiplicity': 1, 'n_iter': 0, 'cost_fn': 'infidelity', 'temperature': 1.0, 'stepsize': 1.0, 'init_par': None, 'dump_interval': None}
runtime variables =  {'GPU': False, 'date_start': '2020-12-25 13:27:52.550478', 'complete_graph': [(0, 4), (2, 6), (8, 7), (10, 5), (11, 1), (9, 3), (1, 4), (3, 6), (5, 8), (7, 10), (9, 0), (11, 2), (1, 2), (3, 0), (6, 8), (4, 10), (5, 9), (7, 11), (0, 1), (2, 3), (4, 5), (6, 7), (8, 9), (10, 11)], 'init_layer': [(0, 1), (2, 3), (4, 5), (6, 7), (8, 9), (10, 11)], 'layers': [[(0, 4), (2, 6), (8, 7), (10, 5), (11, 1), (9, 3)], [(1, 4), (3, 6), (5, 8), (7, 10), (9, 0), (11, 2)], [(1, 2), (3, 0), (6, 8), (4, 10), (5, 9), (7, 11)], [(0, 1), (2, 3), (4, 5), (6, 7), (8, 9), (10, 11)]], 'n': 12}
..........................................................................................................................................................................................................................................................................................................................................................................................................................................................................................................................................................................................................................................................................................................................................................................slurmstepd: error: *** JOB 7176065 ON r38n2 CANCELLED AT 2020-12-25T23:48:40 DUE TO TIME LIMIT ***
