No CuPy installation found, continuing without GPU acceleration.
having the CPUs {8, 9, 12, 13} available.
Started basinhopping at 2020-12-24 22:50:38.036499 UTC, with
command line arguments = {'path': '/home/jorisk2/HVQE/data/kagome/periodic/own_graph/opg/infidelity/2x2', 'n_par': 48, 'par_multiplicity': 1, 'n_iter': 0, 'cost_fn': 'infidelity', 'temperature': 1.0, 'stepsize': 1.0, 'init_par': None, 'dump_interval': None}
runtime variables =  {'GPU': False, 'date_start': '2020-12-24 22:50:38.036499', 'complete_graph': [(0, 4), (2, 6), (8, 7), (10, 5), (11, 1), (9, 3), (1, 4), (3, 6), (5, 8), (7, 10), (9, 0), (11, 2), (1, 2), (3, 0), (6, 8), (4, 10), (5, 9), (7, 11), (0, 1), (2, 3), (4, 5), (6, 7), (8, 9), (10, 11)], 'init_layer': [(0, 1), (2, 3), (4, 5), (6, 7), (8, 9), (10, 11)], 'layers': [[(0, 4), (2, 6), (8, 7), (10, 5), (11, 1), (9, 3)], [(1, 4), (3, 6), (5, 8), (7, 10), (9, 0), (11, 2)], [(1, 2), (3, 0), (6, 8), (4, 10), (5, 9), (7, 11)], [(0, 1), (2, 3), (4, 5), (6, 7), (8, 9), (10, 11)]], 'n': 12}
..................................................................................................................................................................................................................................................................................................................... 
==========================================================================================
Finished basinhopping of  /home/jorisk2/HVQE/data/kagome/periodic/own_graph/opg/infidelity/2x2 at 2020-12-24 23:29:38.041817 UTC, with
 
{'path': '/home/jorisk2/HVQE/data/kagome/periodic/own_graph/opg/infidelity/2x2', 'n_par': 48, 'par_multiplicity': 1, 'n_iter': 0, 'cost_fn': 'infidelity', 'temperature': 1.0, 'stepsize': 1.0, 'init_par': None, 'dump_interval': None}
init_par = [-0.00036453002757737545, 2.9743135613184463e-05, -0.0002168235798480077, 0.0002703728692814224, 6.62743897950985e-05, -0.00035397447234143133, 0.00027354402918502605, -0.0003297195894802652, -0.00023062588146122187, -0.00015407132381159406, -0.00017144278904605793, -0.0003708564332459974, -0.000334831712315108, -0.00011550913286952248, 2.2421307146690576e-05, -1.6296983119549102e-05, 0.0004630783888677669, -0.00010338774805532301, 0.0002420752195322675, -0.00043334066220826093, 0.00028186410593191184, 0.00014804188481370485, 0.00022298117385768956, -0.00015701559661654598, 0.0004119502041625105, -0.0001333174838537987, 2.517199821258306e-05, -6.307002589422885e-05, -0.0003115529771479139, 8.174578147098659e-05, 0.0004963694252501187, -1.7747787066324093e-05, -0.0004933928285502948, -0.0004982208012771846, -0.00015280117888913928, -0.00031721674321259443, -0.0002222143496394149, 9.087346868691653e-05, -5.0168775109801984e-05, 0.0002402770736520917, -2.8001288443218575e-05, -0.00026667220371559563, -0.00042361584931602746, -0.00014794281312958626, 9.903947097747445e-05, -4.9941693678042594e-05, -0.00038446521156725825, 0.00017953426568297114]
 
RESULTS:
--------
E_VQE = -4.801378797518742
inf_VQE = 0.2734534740914343
n_fn_calls = 309
Wall-clock time 0.6016622440020244 hours
 
For more output, see /home/jorisk2/HVQE/data/kagome/periodic/own_graph/opg/infidelity/2x2/output.txt
Plots of output saved in /home/jorisk2/HVQE/data/kagome/periodic/own_graph/opg/infidelity/2x2
End of HVQE.py
==========================================================================================
No CuPy installation found, continuing without GPU acceleration.
having the CPUs {8, 9, 12, 13} available.
Started basinhopping at 2020-12-24 23:35:16.166863 UTC, with
command line arguments = {'path': '/home/jorisk2/HVQE/data/kagome/periodic/own_graph/opg/infidelity/2x2', 'n_par': 72, 'par_multiplicity': 1, 'n_iter': 0, 'cost_fn': 'infidelity', 'temperature': 1.0, 'stepsize': 1.0, 'init_par': None, 'dump_interval': None}
runtime variables =  {'GPU': False, 'date_start': '2020-12-24 23:35:16.166863', 'complete_graph': [(0, 4), (2, 6), (8, 7), (10, 5), (11, 1), (9, 3), (1, 4), (3, 6), (5, 8), (7, 10), (9, 0), (11, 2), (1, 2), (3, 0), (6, 8), (4, 10), (5, 9), (7, 11), (0, 1), (2, 3), (4, 5), (6, 7), (8, 9), (10, 11)], 'init_layer': [(0, 1), (2, 3), (4, 5), (6, 7), (8, 9), (10, 11)], 'layers': [[(0, 4), (2, 6), (8, 7), (10, 5), (11, 1), (9, 3)], [(1, 4), (3, 6), (5, 8), (7, 10), (9, 0), (11, 2)], [(1, 2), (3, 0), (6, 8), (4, 10), (5, 9), (7, 11)], [(0, 1), (2, 3), (4, 5), (6, 7), (8, 9), (10, 11)]], 'n': 12}
..................................................................................................................................................................................................................................................................................................................................... 
==========================================================================================
Finished basinhopping of  /home/jorisk2/HVQE/data/kagome/periodic/own_graph/opg/infidelity/2x2 at 2020-12-25 00:37:26.134967 UTC, with
 
{'path': '/home/jorisk2/HVQE/data/kagome/periodic/own_graph/opg/infidelity/2x2', 'n_par': 72, 'par_multiplicity': 1, 'n_iter': 0, 'cost_fn': 'infidelity', 'temperature': 1.0, 'stepsize': 1.0, 'init_par': None, 'dump_interval': None}
init_par = [-0.0001855125656863801, -0.00043715902682694464, 0.00038725491499342257, 0.00031029587783563733, -5.0258891354938555e-05, -0.00025605285796192757, 0.0003792798147280689, -0.00011857019081570018, 0.0002898066024855843, -0.0004136756983756316, -0.00012969066451639836, 0.00019098198512469233, 0.00019364166141817157, 0.0004839173481586143, 0.00015895137241317956, 0.00023376999454979331, -0.0002770462162029398, 0.00028237218879879477, -8.962538999265733e-05, 0.0002835240424774012, -0.00015730081257445485, -0.0003872301912296171, 0.00029905918878701506, 0.0003864167248557736, 0.0003262894678253376, 0.00021925254092085094, 0.00017146521260992867, 0.0001954101027595174, 0.0004399675206152704, -0.0002827994966974404, 0.00012860927570879023, -0.0003663205856221509, 0.00023062313143612382, 4.6707247417412186e-05, 0.0002555797525882977, 2.257919184684733e-05, 0.00013106684104612141, 5.565002778513918e-05, 0.0003806379775374969, 0.000407943182981543, -0.0001894535508493861, -0.0003023718408374913, 0.000302187165688003, 0.00013871936860347493, 0.0002925355205830719, 0.0004510712466088123, 0.0004673798849667211, 0.00022591784899448665, -0.0001679472323997425, 0.00035661434313313226, -0.00010932651246343305, -0.0002888147766245103, 0.00026323187245559643, -0.000134665277322088, -8.31480325947308e-05, -0.00037861972799864917, -0.0003336707610980803, 0.0003444983682384501, 0.00044875728088073527, -5.639673476919894e-05, 8.929007241514951e-05, -0.0002666141333377385, 4.506062831045963e-05, -0.0002751586671355292, -0.00011087767431117558, 0.0002548993413452194, 9.132572742431562e-05, -0.00015314607984045662, -0.00043389500019671505, 0.00010628991146884427, 1.1421842213442282e-05, -0.00018066787064328552]
 
RESULTS:
--------
E_VQE = -5.052061089905653
inf_VQE = 0.141710806757818
n_fn_calls = 325
Wall-clock time 1.0166421622700161 hours
 
For more output, see /home/jorisk2/HVQE/data/kagome/periodic/own_graph/opg/infidelity/2x2/output.txt
Plots of output saved in /home/jorisk2/HVQE/data/kagome/periodic/own_graph/opg/infidelity/2x2
End of HVQE.py
==========================================================================================
No CuPy installation found, continuing without GPU acceleration.
having the CPUs {8, 9, 12, 13} available.
Started basinhopping at 2020-12-25 00:43:04.292201 UTC, with
command line arguments = {'path': '/home/jorisk2/HVQE/data/kagome/periodic/own_graph/opg/infidelity/2x2', 'n_par': 96, 'par_multiplicity': 1, 'n_iter': 0, 'cost_fn': 'infidelity', 'temperature': 1.0, 'stepsize': 1.0, 'init_par': None, 'dump_interval': None}
runtime variables =  {'GPU': False, 'date_start': '2020-12-25 00:43:04.292201', 'complete_graph': [(0, 4), (2, 6), (8, 7), (10, 5), (11, 1), (9, 3), (1, 4), (3, 6), (5, 8), (7, 10), (9, 0), (11, 2), (1, 2), (3, 0), (6, 8), (4, 10), (5, 9), (7, 11), (0, 1), (2, 3), (4, 5), (6, 7), (8, 9), (10, 11)], 'init_layer': [(0, 1), (2, 3), (4, 5), (6, 7), (8, 9), (10, 11)], 'layers': [[(0, 4), (2, 6), (8, 7), (10, 5), (11, 1), (9, 3)], [(1, 4), (3, 6), (5, 8), (7, 10), (9, 0), (11, 2)], [(1, 2), (3, 0), (6, 8), (4, 10), (5, 9), (7, 11)], [(0, 1), (2, 3), (4, 5), (6, 7), (8, 9), (10, 11)]], 'n': 12}
......................................................................................................................................................................................................................................................................... 
==========================================================================================
Finished basinhopping of  /home/jorisk2/HVQE/data/kagome/periodic/own_graph/opg/infidelity/2x2 at 2020-12-25 02:03:50.900798 UTC, with
 
{'path': '/home/jorisk2/HVQE/data/kagome/periodic/own_graph/opg/infidelity/2x2', 'n_par': 96, 'par_multiplicity': 1, 'n_iter': 0, 'cost_fn': 'infidelity', 'temperature': 1.0, 'stepsize': 1.0, 'init_par': None, 'dump_interval': None}
init_par = [-0.00013166318348930298, 0.0001385656887401051, 0.0002925150090288018, 0.00031121467228489765, -7.128449705580886e-05, -9.901078193571124e-05, 9.775776715776198e-05, -0.0004244536832520903, 0.0001919366944341022, -1.4990877172427078e-05, -0.00041858714644237894, 0.00038502687146069994, -0.00022759594213094203, 0.0003598007410730696, 8.718516491639807e-05, -0.0003937962037528778, -0.0004586593156844983, -9.151076838497766e-05, 3.657471711903304e-05, 0.0004262212296900957, 8.069531038424585e-06, 0.00010503715140093507, -1.633425758570576e-05, 0.00024272854860293944, -0.0003866439653102932, -0.0004738571809321487, -0.0004805477455788718, -6.500007474152461e-05, -0.00017937112924773535, 0.00021439165999755972, -0.00023397653093603087, -0.00044135221711653184, -0.0002177725961058237, -0.0004421014910591189, 0.0003482426309215007, -0.0002517231375199843, -0.00046112056246664957, 0.00028547802932991917, 0.00035830052945853266, -0.00041943949737556366, -0.00018073990307763168, 0.0003352399232485172, 0.0002567745700853889, 0.00045455162800223635, 0.000153820795318277, -0.00035500825853942286, -7.15178396865217e-05, -0.0004613050109191614, 0.00033787068211077866, -0.0004148589213205469, -0.0001585657596503701, 0.0003432550843637443, -0.0003649169423321543, 0.00025266830615271304, 0.00027078597776977655, 0.00040936127962317803, -0.00048792540272545384, -0.0001182098907632895, -0.00018864251824222402, 0.00014914581881776267, 0.00024333063372434377, -6.159598739142189e-07, -0.00036256854707699695, -0.0003485610758389462, -5.655351200873162e-05, 0.00015488719214279032, 0.00020671046463037414, -0.00029018565084891024, 0.0003607858782472915, 0.00048325292465898413, 0.0004006148467412733, -0.00021468906071615547, 4.788802547565983e-05, 8.444378934593217e-05, 0.0004930581666521114, 0.0001431256180062933, -0.00029650307721101557, 0.0003799880046331356, -0.0004841144300143911, -6.203365124518156e-05, 2.3845374874676426e-05, 0.00011127883612744346, -0.0004922318774205936, 0.0003043655876118652, 0.000490726158838552, 0.00043273848449999666, 0.00020366963404669716, 0.00028228612142403844, -0.00026021791753514214, -7.364580204105667e-05, 0.0002809076432728133, 0.000469471486590046, -5.46270781647542e-05, -0.00036012639730768545, -0.0003932992482155007, -0.00030610369577547473]
 
RESULTS:
--------
E_VQE = -5.182564032598628
inf_VQE = 0.0755194742383396
n_fn_calls = 265
Wall-clock time 1.3294290400213666 hours
 
For more output, see /home/jorisk2/HVQE/data/kagome/periodic/own_graph/opg/infidelity/2x2/output.txt
Plots of output saved in /home/jorisk2/HVQE/data/kagome/periodic/own_graph/opg/infidelity/2x2
End of HVQE.py
==========================================================================================
No CuPy installation found, continuing without GPU acceleration.
having the CPUs {8, 9, 12, 13} available.
Started basinhopping at 2020-12-25 02:12:08.058588 UTC, with
command line arguments = {'path': '/home/jorisk2/HVQE/data/kagome/periodic/own_graph/opg/infidelity/2x2', 'n_par': 120, 'par_multiplicity': 1, 'n_iter': 0, 'cost_fn': 'infidelity', 'temperature': 1.0, 'stepsize': 1.0, 'init_par': None, 'dump_interval': None}
runtime variables =  {'GPU': False, 'date_start': '2020-12-25 02:12:08.058588', 'complete_graph': [(0, 4), (2, 6), (8, 7), (10, 5), (11, 1), (9, 3), (1, 4), (3, 6), (5, 8), (7, 10), (9, 0), (11, 2), (1, 2), (3, 0), (6, 8), (4, 10), (5, 9), (7, 11), (0, 1), (2, 3), (4, 5), (6, 7), (8, 9), (10, 11)], 'init_layer': [(0, 1), (2, 3), (4, 5), (6, 7), (8, 9), (10, 11)], 'layers': [[(0, 4), (2, 6), (8, 7), (10, 5), (11, 1), (9, 3)], [(1, 4), (3, 6), (5, 8), (7, 10), (9, 0), (11, 2)], [(1, 2), (3, 0), (6, 8), (4, 10), (5, 9), (7, 11)], [(0, 1), (2, 3), (4, 5), (6, 7), (8, 9), (10, 11)]], 'n': 12}
.......................................................................................................................................................................................................................................................................................................................................................................... 
==========================================================================================
Finished basinhopping of  /home/jorisk2/HVQE/data/kagome/periodic/own_graph/opg/infidelity/2x2 at 2020-12-25 04:54:59.193557 UTC, with
 
{'path': '/home/jorisk2/HVQE/data/kagome/periodic/own_graph/opg/infidelity/2x2', 'n_par': 120, 'par_multiplicity': 1, 'n_iter': 0, 'cost_fn': 'infidelity', 'temperature': 1.0, 'stepsize': 1.0, 'init_par': None, 'dump_interval': None}
init_par = [8.45752798299224e-05, -0.0001739506102423666, -3.593153052086753e-05, -0.00038591140968973603, -0.00018607635821572957, -0.00013918448219051374, -0.0004674227087693427, -0.00027226872473835184, -0.00037001424794493574, 2.2370927611638832e-05, -0.00013124585034227635, -0.0002935518079514477, 0.0004721848938224533, 0.000209874755555723, -0.0004887290952010445, -2.6861003587701302e-05, -0.00018965448585469126, -0.00019961002657675818, 0.0004821654037568319, -5.187088655459794e-05, 0.00018764884454906382, 0.0001361490474234209, -0.00045697767276064105, 0.00015075385459435708, -0.0002829614501723782, 0.0002647970172370422, 0.00026439166699173354, 0.00034429228195591766, -0.00027285136943318435, -0.00021905125411646588, 0.0004180107612121475, -2.7449458068467246e-05, -0.0001073295225579807, 0.00040424434668994943, 0.00010605146535976897, -0.0003871283890397812, -0.0001375171131224896, -0.00011774770631305201, 6.418502120065183e-05, -0.00018165533014031165, -0.0004417777411246381, 0.00023240893864484233, -0.0003833526064673102, -0.0004647216684292034, -0.000394740478266445, 0.00022434736461658276, -0.00010124224942893647, -0.0003324141990305282, 0.0002824714538464373, -0.00010082478879618918, -0.0003275508879443919, -0.00042560079735879807, -0.00013015826622478225, -0.00038160798522866114, 0.0004799733054047851, -2.595444588991615e-05, -0.00031590522740937335, -6.629817929175197e-05, 0.00034857533976295286, -0.00033401747023790345, 0.0004847663140376834, -0.0004285614763601544, 0.00021307471720875858, -0.00022194084227877755, 0.0003083972868922635, -0.00021054952958032483, 8.573099593501708e-05, -6.115352722893774e-05, 0.0002518578653088843, -0.0003587486015417565, -0.00013641515356017686, 0.00036027451566400905, -0.00022012426675163335, -0.00031398762595119935, 0.00044698933898364027, 0.0002698418731314382, 1.1161605917273804e-05, -0.00010286813569932276, 0.00022067742002998113, 0.00048567714862270584, 0.00014796040722774896, -0.0004928902814641079, -0.00020477128784288713, 0.0003856484542784389, -9.244100189311367e-05, 0.00040076148965353996, -0.00033341902760231654, 0.0001420241202712163, 0.0004724319137415431, -0.000250705137499463, -0.00031406131453060504, 0.0002035501325646623, -0.0003548162134449067, 0.0003379941271630574, 0.00010073829745681337, 8.836332116672824e-05, -0.00034497977421653824, -0.00044796990630679415, 3.323033299142933e-05, -0.00046277991913513993, -3.374680274302144e-05, 0.00013758141163077288, -0.00014801251334387977, -0.00031342516678643903, -0.00021467349652876246, 0.00016255378766222457, -0.00029708265476121465, 9.235372233191107e-05, -0.0002267533429065758, -8.377078053450871e-05, -5.848947732077693e-05, 0.0002700814598648409, 8.707106477391473e-05, -0.00021471502532453292, -0.00026848362731006416, -2.980453836582119e-05, -0.00022206304937525637, 6.785015009575716e-05, 0.00046278182147367283, -0.0003676386666515699]
 
RESULTS:
--------
E_VQE = -5.267951430268665
inf_VQE = 0.04407453079243728
n_fn_calls = 362
Wall-clock time 2.6939348179764218 hours
 
For more output, see /home/jorisk2/HVQE/data/kagome/periodic/own_graph/opg/infidelity/2x2/output.txt
Plots of output saved in /home/jorisk2/HVQE/data/kagome/periodic/own_graph/opg/infidelity/2x2
End of HVQE.py
==========================================================================================
No CuPy installation found, continuing without GPU acceleration.
having the CPUs {8, 9, 12, 13} available.
Started basinhopping at 2020-12-25 05:04:03.868459 UTC, with
command line arguments = {'path': '/home/jorisk2/HVQE/data/kagome/periodic/own_graph/opg/infidelity/2x2', 'n_par': 144, 'par_multiplicity': 1, 'n_iter': 0, 'cost_fn': 'infidelity', 'temperature': 1.0, 'stepsize': 1.0, 'init_par': None, 'dump_interval': None}
runtime variables =  {'GPU': False, 'date_start': '2020-12-25 05:04:03.868459', 'complete_graph': [(0, 4), (2, 6), (8, 7), (10, 5), (11, 1), (9, 3), (1, 4), (3, 6), (5, 8), (7, 10), (9, 0), (11, 2), (1, 2), (3, 0), (6, 8), (4, 10), (5, 9), (7, 11), (0, 1), (2, 3), (4, 5), (6, 7), (8, 9), (10, 11)], 'init_layer': [(0, 1), (2, 3), (4, 5), (6, 7), (8, 9), (10, 11)], 'layers': [[(0, 4), (2, 6), (8, 7), (10, 5), (11, 1), (9, 3)], [(1, 4), (3, 6), (5, 8), (7, 10), (9, 0), (11, 2)], [(1, 2), (3, 0), (6, 8), (4, 10), (5, 9), (7, 11)], [(0, 1), (2, 3), (4, 5), (6, 7), (8, 9), (10, 11)]], 'n': 12}
..................................................................................................................................................................................................................................................................................................................................................................................................................................................... 
==========================================================================================
Finished basinhopping of  /home/jorisk2/HVQE/data/kagome/periodic/own_graph/opg/infidelity/2x2 at 2020-12-25 09:18:22.194849 UTC, with
 
{'path': '/home/jorisk2/HVQE/data/kagome/periodic/own_graph/opg/infidelity/2x2', 'n_par': 144, 'par_multiplicity': 1, 'n_iter': 0, 'cost_fn': 'infidelity', 'temperature': 1.0, 'stepsize': 1.0, 'init_par': None, 'dump_interval': None}
init_par = [-0.0003868199122188153, 0.00035581655253934176, 0.0004492204549660602, -0.0001450501743754579, 0.0001307498345504202, -0.0004468429082535952, -9.749340307143727e-05, 0.0002540562170311412, -0.0003483907441141878, -0.00029840661703082983, -0.0002394614931902456, -0.00046863899583481685, -0.0003287365768929187, 0.0003200200846173192, 0.00020509065533423642, 0.0004796602021706325, 0.00011193784217871359, 0.00019544552519877828, -0.0003215040644076745, -0.00016684081740584003, 0.0002588548067833103, -0.0004527465276648962, -0.000239612501484376, -2.2535605481824523e-05, -0.00027370855650803204, -0.0004407560868976327, -0.0002845257209693321, -4.287810958184782e-05, -0.0003823619621637633, -0.0004240401234273806, -0.0003073047132444571, 0.000210040174136559, 0.0003830381174215224, -0.0003345896051602295, -0.0002719961370620101, -6.641410772904491e-05, -0.00043110047488756895, -1.7890947852338725e-05, 0.00011285494668706242, 7.754814430848095e-05, 0.00011337276319178531, -0.00046755545475432917, 8.573488948357172e-06, -0.00031986658203540135, 0.00017005670637462494, 0.0004914217349050668, 5.82409553564452e-05, -0.00031551788364471, -0.00021906860342024492, -0.00035717257501840626, 0.00036337713704062203, -0.0004412513992581594, -0.0004697332184615004, -0.00021667210220654623, 0.00022045236945024318, 0.00034635446942991204, -0.0001847885710116386, 1.2387999256871897e-05, -0.0004981345598599246, 8.019109474988553e-05, 0.0001144103973522672, 0.00023488503243194862, -0.00021597525883235706, -0.00047187629505740384, 0.00022024556644213364, -0.0003463554383302645, -7.486768313520807e-05, -0.00018354692381628945, 0.00019352860032339385, 0.00034698007505561536, 0.00039129930659161376, -0.0003268138161848427, 0.0004517390013875919, -0.00038038171088790134, -0.00012640797127020867, 0.00033317654925443883, 0.0004947739941823207, 0.0002645739799857417, -0.0002998149107613727, 0.00030173084384995514, -0.0004145697088347546, 0.0001575690267665782, 0.0001426308179678763, -0.00025873506484026034, -7.216913764778398e-05, -0.00046917737612673684, 0.00026216772995303367, 2.3553911373956496e-05, -3.576719996345565e-06, 0.0003226819543165429, -0.00033163037211760753, -7.079318268165592e-05, 0.00041283903334190554, -0.00015845127838356364, 6.39449786405189e-05, -0.00021055614028005134, 0.0002030527872866881, -8.279955056046217e-06, -0.00035867452818903945, 0.00030499551674910896, -0.00017020891107033753, 0.0003062833643295798, 0.00010831220056426339, 0.00022359181662673572, 0.0002926513396715282, 0.00015888255155522494, -0.0001050946831525821, -0.00019476189419676682, 0.00032814074907244165, -6.305878947535451e-05, 0.0004114987543465772, 0.0004025511040397548, 4.502687914210296e-05, -0.0003268052463170389, -0.0003274681642263528, -0.0002497100239448941, 3.096256627726449e-05, 0.00024661786326067646, -0.0004895332089188241, -0.0004647154474177262, 0.0002901631302334737, 0.0002156156542439143, -6.854795724518559e-05, 0.00022124620164419605, 0.00024017284145744276, -0.0003181920896603895, -0.00023769362719828493, 0.00021849899631975144, -0.00035843218759210206, 0.00015517715825576163, 0.00031197922854984527, 0.0003178594513689575, -7.664242745297279e-06, -2.7425063170469102e-05, -0.0001900640720607829, -0.0004890041251342082, -0.0002920070854025581, 9.569539156800222e-05, -0.00032588228898870064, -0.00029216357582007946, 0.00037491530551891895, 0.00013306267549385604, 0.0002822178950228335, -7.931434846940202e-05]
 
RESULTS:
--------
E_VQE = -5.35150684559037
inf_VQE = 0.022525163203588217
n_fn_calls = 437
Wall-clock time 4.217065994607077 hours
 
For more output, see /home/jorisk2/HVQE/data/kagome/periodic/own_graph/opg/infidelity/2x2/output.txt
Plots of output saved in /home/jorisk2/HVQE/data/kagome/periodic/own_graph/opg/infidelity/2x2
End of HVQE.py
==========================================================================================
No CuPy installation found, continuing without GPU acceleration.
having the CPUs {8, 9, 12, 13} available.
Started basinhopping at 2020-12-25 09:27:41.937760 UTC, with
command line arguments = {'path': '/home/jorisk2/HVQE/data/kagome/periodic/own_graph/opg/infidelity/2x2', 'n_par': 168, 'par_multiplicity': 1, 'n_iter': 0, 'cost_fn': 'infidelity', 'temperature': 1.0, 'stepsize': 1.0, 'init_par': None, 'dump_interval': None}
runtime variables =  {'GPU': False, 'date_start': '2020-12-25 09:27:41.937760', 'complete_graph': [(0, 4), (2, 6), (8, 7), (10, 5), (11, 1), (9, 3), (1, 4), (3, 6), (5, 8), (7, 10), (9, 0), (11, 2), (1, 2), (3, 0), (6, 8), (4, 10), (5, 9), (7, 11), (0, 1), (2, 3), (4, 5), (6, 7), (8, 9), (10, 11)], 'init_layer': [(0, 1), (2, 3), (4, 5), (6, 7), (8, 9), (10, 11)], 'layers': [[(0, 4), (2, 6), (8, 7), (10, 5), (11, 1), (9, 3)], [(1, 4), (3, 6), (5, 8), (7, 10), (9, 0), (11, 2)], [(1, 2), (3, 0), (6, 8), (4, 10), (5, 9), (7, 11)], [(0, 1), (2, 3), (4, 5), (6, 7), (8, 9), (10, 11)]], 'n': 12}
............................................................................................................................................................................................................................................................................................................................................................................................................................................................................................................................................................................................................................................ 
==========================================================================================
Finished basinhopping of  /home/jorisk2/HVQE/data/kagome/periodic/own_graph/opg/infidelity/2x2 at 2020-12-25 17:07:42.234902 UTC, with
 
{'path': '/home/jorisk2/HVQE/data/kagome/periodic/own_graph/opg/infidelity/2x2', 'n_par': 168, 'par_multiplicity': 1, 'n_iter': 0, 'cost_fn': 'infidelity', 'temperature': 1.0, 'stepsize': 1.0, 'init_par': None, 'dump_interval': None}
init_par = [0.00043482371138778254, -0.00027940440300406824, -8.770070658046657e-05, 0.0004026321467554731, -0.0004144239343834675, 0.0003794187693173396, -9.083440035515325e-05, 0.000260513681050618, 5.135279900052292e-05, 6.844153458875741e-05, 0.00012428111460498898, 0.00021463491111372896, 0.00013556342003616904, -0.00038498330469213186, -0.0002488999267411942, 0.00014115591340976526, -0.0004828343929023392, 0.0004775889666718061, 0.0003542622131442397, -0.0003410740612770539, -0.00015178809755839206, -0.000462102592900321, -0.00012186422769193417, -7.362037000455422e-05, 8.095382348939596e-05, -7.458072514408831e-05, -0.00024082296956626215, -0.00012940353396299122, -0.00014133828567906528, -0.00015916784527575866, -0.00027003345748701304, 7.532596245964161e-05, -0.0003847055797041918, -0.00016087972729967193, -0.0003260939270643883, 1.9717601164309347e-05, 0.00022829692320099364, -0.0001268707887164994, 0.00013527740286690005, -0.00031760074336748223, 0.00012094413702735485, 0.00014225885506737208, -0.00017492080855237735, 0.00017414564616179747, -0.0002628146868188663, 0.00036564100937846317, 0.00010376399334062838, -0.00027531524063236824, -0.00011247864492672813, -0.00024558637572002617, -0.000386484778745171, -0.00020132449617863638, 0.0004613847853142828, -0.0002578161213626842, -0.0004009225133787584, -0.00013031864765812416, 0.00025208205052581947, 4.0849404288464605e-05, 0.0004838055961262583, -0.00043392285395521513, 0.0003271249438696114, 0.0002639541299211932, 1.7529864646036587e-05, 0.0001105998385463185, 0.00026655186206411667, -0.0002836551608205281, -0.00030777790104622317, -0.000154415339232873, -8.563984006022829e-05, -0.00020057914587322836, 0.0003985945550347503, -7.092227415729003e-05, -0.00045743113805537275, -0.0003691286477280956, 0.00018414230039283472, -0.00019634364493997282, 0.00024224190007455517, -0.0003450453916723789, 0.00016979903271195846, 4.650060376813498e-05, 0.0002283712784348225, -0.00029130905058091284, -0.00029907648365971184, -0.0004952697533406897, 6.989231305196239e-05, 0.00047141030395370055, -0.000264084323622296, 5.424345357445256e-05, -0.00040236762093119794, 0.0001270615506630625, -0.00018371515613350298, -0.0003244641384337628, -0.00012641411857759944, -0.0003080600990252279, -0.00016446785537730703, -0.00017963777357386367, -5.64874769042486e-05, -0.00017035400401159997, -0.0003523789376414298, -7.700389051615601e-06, -0.0002509636055369354, 0.00026367728254487685, 0.00010269149817508704, 0.0001517645859765678, 0.0004312146701374506, -0.0003619841721554833, 0.0003753185843253016, 0.0002897367094596799, -0.00032289641601218524, -0.0003619910151755753, 2.6531385048027094e-05, 0.0003390279249438432, 0.00019472999248894296, -0.00018907561867695112, -0.00046827819067897237, 0.00015246926210281018, -0.00034654874102512333, 0.0004506349192957606, 0.00015255183121971752, 0.00023048965553725312, 0.00010683239108190575, 4.0688792404180454e-05, -0.00015698109759539416, 0.00021041217441091474, -0.0001835270786977896, 8.542921465729426e-05, 0.0002711309823033817, 0.00012317937187338078, -0.00014366414615780808, 0.0001517479595189539, 0.000328800401404644, 0.00020425947854907877, 0.00018329309212099178, 3.10528205598301e-05, 0.0003078967980380263, 0.0004712569189821436, 0.0003606489696212526, 0.00040225239627906097, 0.0004027374114234447, 0.0001800143971832784, 0.0004268306739293893, 0.00030314043049526924, -0.0004599031385955783, -0.00029756177441996257, 0.00038889567585733364, -4.249247716477437e-05, 0.00021525255187335895, -0.0003169026092090381, -0.0004251619674064018, -0.0004464171070470572, -0.00039256840138851177, 0.00013063453645954868, -0.0002405168214863075, 0.0003374644421816192, -0.0004178731003653546, -0.00019305691253559656, 0.00022431811679677672, 0.00032205428856108616, -0.0001478593496422067, 0.00016807653219432514, 0.00018476318092439873, -0.0002314690315545367, -7.914925247899408e-05, 0.00047805020184487246, -0.0002058901087331507, 0.0002719666160699866, -0.0003709047415210655, 7.487828671060622e-06]
 
RESULTS:
--------
E_VQE = -5.3980252085642135
inf_VQE = 0.010111514706744096
n_fn_calls = 620
Wall-clock time 7.646397671434614 hours
 
For more output, see /home/jorisk2/HVQE/data/kagome/periodic/own_graph/opg/infidelity/2x2/output.txt
Plots of output saved in /home/jorisk2/HVQE/data/kagome/periodic/own_graph/opg/infidelity/2x2
End of HVQE.py
==========================================================================================
No CuPy installation found, continuing without GPU acceleration.
having the CPUs {8, 9, 12, 13} available.
Started basinhopping at 2020-12-25 17:14:51.642868 UTC, with
command line arguments = {'path': '/home/jorisk2/HVQE/data/kagome/periodic/own_graph/opg/infidelity/2x2', 'n_par': 192, 'par_multiplicity': 1, 'n_iter': 0, 'cost_fn': 'infidelity', 'temperature': 1.0, 'stepsize': 1.0, 'init_par': None, 'dump_interval': None}
runtime variables =  {'GPU': False, 'date_start': '2020-12-25 17:14:51.642868', 'complete_graph': [(0, 4), (2, 6), (8, 7), (10, 5), (11, 1), (9, 3), (1, 4), (3, 6), (5, 8), (7, 10), (9, 0), (11, 2), (1, 2), (3, 0), (6, 8), (4, 10), (5, 9), (7, 11), (0, 1), (2, 3), (4, 5), (6, 7), (8, 9), (10, 11)], 'init_layer': [(0, 1), (2, 3), (4, 5), (6, 7), (8, 9), (10, 11)], 'layers': [[(0, 4), (2, 6), (8, 7), (10, 5), (11, 1), (9, 3)], [(1, 4), (3, 6), (5, 8), (7, 10), (9, 0), (11, 2)], [(1, 2), (3, 0), (6, 8), (4, 10), (5, 9), (7, 11)], [(0, 1), (2, 3), (4, 5), (6, 7), (8, 9), (10, 11)]], 'n': 12}
......................................................................................................................................................................................................................................................................................................................................slurmstepd: error: *** JOB 7176064 ON r38n2 CANCELLED AT 2020-12-25T23:48:40 DUE TO TIME LIMIT ***
