No CuPy installation found, continuing without GPU acceleration.
having the CPUs {34, 35, 38, 39} available.
Started basinhopping at 2020-12-24 22:29:49.104008 UTC, with
command line arguments = {'path': '/home/jorisk2/HVQE/data/kagome/periodic/own_graph/opg/infidelity/2x2', 'n_par': 24, 'par_multiplicity': 1, 'n_iter': 0, 'cost_fn': 'infidelity', 'temperature': 1.0, 'stepsize': 1.0, 'init_par': None, 'dump_interval': None}
runtime variables =  {'GPU': False, 'date_start': '2020-12-24 22:29:49.104008', 'complete_graph': [(0, 4), (2, 6), (8, 7), (10, 5), (11, 1), (9, 3), (1, 4), (3, 6), (5, 8), (7, 10), (9, 0), (11, 2), (1, 2), (3, 0), (6, 8), (4, 10), (5, 9), (7, 11), (0, 1), (2, 3), (4, 5), (6, 7), (8, 9), (10, 11)], 'init_layer': [(0, 1), (2, 3), (4, 5), (6, 7), (8, 9), (10, 11)], 'layers': [[(0, 4), (2, 6), (8, 7), (10, 5), (11, 1), (9, 3)], [(1, 4), (3, 6), (5, 8), (7, 10), (9, 0), (11, 2)], [(1, 2), (3, 0), (6, 8), (4, 10), (5, 9), (7, 11)], [(0, 1), (2, 3), (4, 5), (6, 7), (8, 9), (10, 11)]], 'n': 12}
................................................................................................................. 
==========================================================================================
Finished basinhopping of  /home/jorisk2/HVQE/data/kagome/periodic/own_graph/opg/infidelity/2x2 at 2020-12-24 22:33:36.507517 UTC, with
 
{'path': '/home/jorisk2/HVQE/data/kagome/periodic/own_graph/opg/infidelity/2x2', 'n_par': 24, 'par_multiplicity': 1, 'n_iter': 0, 'cost_fn': 'infidelity', 'temperature': 1.0, 'stepsize': 1.0, 'init_par': None, 'dump_interval': None}
init_par = [0.0004326892599570834, 0.0004715903835769609, 0.0001597332907760299, -0.0002107449727352635, 3.2665610925273884e-05, -0.0001439427261195938, 0.00037191245541771446, 0.00013164956773332158, -0.00031268720638179346, 0.0003682990829490723, 0.0004082016933969881, -0.0004860812907751978, 0.0003866744804466039, -0.00014835554054054865, 7.29721401586613e-05, -0.0004096824923889628, 0.0002044376281675358, -0.00042908070375414353, 0.0004857870954845067, -0.00022444061114148427, -0.00016096140223540356, -0.0001393021414081416, -0.00020852668798576813, -0.0001316046831842833]
 
RESULTS:
--------
E_VQE = -4.599703227420895
inf_VQE = 0.5442427251657593
n_fn_calls = 113
Wall-clock time 0.05068980892499288 hours
 
For more output, see /home/jorisk2/HVQE/data/kagome/periodic/own_graph/opg/infidelity/2x2/output.txt
Plots of output saved in /home/jorisk2/HVQE/data/kagome/periodic/own_graph/opg/infidelity/2x2
End of HVQE.py
==========================================================================================
