No CuPy installation found, continuing without GPU acceleration.
having the CPUs {10, 11, 14, 15} available.
Started basinhopping at 2020-12-24 22:49:21.357874 UTC, with
command line arguments = {'path': '/home/jorisk2/HVQE/data/kagome/periodic/own_graph/opg/infidelity/2x2', 'n_par': 48, 'par_multiplicity': 1, 'n_iter': 0, 'cost_fn': 'infidelity', 'temperature': 1.0, 'stepsize': 1.0, 'init_par': None, 'dump_interval': None}
runtime variables =  {'GPU': False, 'date_start': '2020-12-24 22:49:21.357874', 'complete_graph': [(0, 4), (2, 6), (8, 7), (10, 5), (11, 1), (9, 3), (1, 4), (3, 6), (5, 8), (7, 10), (9, 0), (11, 2), (1, 2), (3, 0), (6, 8), (4, 10), (5, 9), (7, 11), (0, 1), (2, 3), (4, 5), (6, 7), (8, 9), (10, 11)], 'init_layer': [(0, 1), (2, 3), (4, 5), (6, 7), (8, 9), (10, 11)], 'layers': [[(0, 4), (2, 6), (8, 7), (10, 5), (11, 1), (9, 3)], [(1, 4), (3, 6), (5, 8), (7, 10), (9, 0), (11, 2)], [(1, 2), (3, 0), (6, 8), (4, 10), (5, 9), (7, 11)], [(0, 1), (2, 3), (4, 5), (6, 7), (8, 9), (10, 11)]], 'n': 12}
................................................................................................................................................... 
==========================================================================================
Finished basinhopping of  /home/jorisk2/HVQE/data/kagome/periodic/own_graph/opg/infidelity/2x2 at 2020-12-24 23:05:19.473514 UTC, with
 
{'path': '/home/jorisk2/HVQE/data/kagome/periodic/own_graph/opg/infidelity/2x2', 'n_par': 48, 'par_multiplicity': 1, 'n_iter': 0, 'cost_fn': 'infidelity', 'temperature': 1.0, 'stepsize': 1.0, 'init_par': None, 'dump_interval': None}
init_par = [-0.00015331781315374197, -0.00035555276177054896, -0.0001331432995768114, -0.00031677273415287244, 0.0003072136020706962, -0.00010178973040888753, 0.0002974772606167863, 0.0004310770211729628, 0.00036189882491131995, -0.00015858430550770656, -0.0003506974701063461, -0.00026891457731647184, -0.00042243537075865157, 0.0002546953515362133, 0.0002944352236558524, 1.8949267369844022e-05, 1.3406751493907237e-05, 0.00014285224983445635, 0.0004967647723490502, 0.00039302084284443335, -0.00010121642611413194, -0.0004857897710790288, -0.00028497074940747813, -8.509594343540585e-05, 0.0004025426294110365, 0.0003998834369181297, 0.00013871346920237536, -0.0004690966613956659, -0.00043295502923506945, 0.00018004221816296582, -0.00015141668131766583, 0.0004209385335214493, 0.0004773030942092963, 3.7431777862469845e-05, -0.00024041741104931756, 0.00023847463784483415, -0.00045922418686390667, -0.0003310184716657814, -0.00041180088372562277, -0.00045054135337330636, -8.423180556632116e-05, 0.00010502669412178862, 0.00012879969186804698, 0.0002161846730272224, -4.015011404293002e-05, -0.00046384686595522627, 0.00039137934463517833, -0.00016562438353543975]
 
RESULTS:
--------
E_VQE = -4.765459665000609
inf_VQE = 0.27765344966849304
n_fn_calls = 147
Wall-clock time 0.2385815692610211 hours
 
For more output, see /home/jorisk2/HVQE/data/kagome/periodic/own_graph/opg/infidelity/2x2/output.txt
Plots of output saved in /home/jorisk2/HVQE/data/kagome/periodic/own_graph/opg/infidelity/2x2
End of HVQE.py
==========================================================================================
No CuPy installation found, continuing without GPU acceleration.
having the CPUs {10, 11, 14, 15} available.
Started basinhopping at 2020-12-24 23:11:07.120531 UTC, with
command line arguments = {'path': '/home/jorisk2/HVQE/data/kagome/periodic/own_graph/opg/infidelity/2x2', 'n_par': 72, 'par_multiplicity': 1, 'n_iter': 0, 'cost_fn': 'infidelity', 'temperature': 1.0, 'stepsize': 1.0, 'init_par': None, 'dump_interval': None}
runtime variables =  {'GPU': False, 'date_start': '2020-12-24 23:11:07.120531', 'complete_graph': [(0, 4), (2, 6), (8, 7), (10, 5), (11, 1), (9, 3), (1, 4), (3, 6), (5, 8), (7, 10), (9, 0), (11, 2), (1, 2), (3, 0), (6, 8), (4, 10), (5, 9), (7, 11), (0, 1), (2, 3), (4, 5), (6, 7), (8, 9), (10, 11)], 'init_layer': [(0, 1), (2, 3), (4, 5), (6, 7), (8, 9), (10, 11)], 'layers': [[(0, 4), (2, 6), (8, 7), (10, 5), (11, 1), (9, 3)], [(1, 4), (3, 6), (5, 8), (7, 10), (9, 0), (11, 2)], [(1, 2), (3, 0), (6, 8), (4, 10), (5, 9), (7, 11)], [(0, 1), (2, 3), (4, 5), (6, 7), (8, 9), (10, 11)]], 'n': 12}
.......................................................................................................................................................................................................................................................... 
==========================================================================================
Finished basinhopping of  /home/jorisk2/HVQE/data/kagome/periodic/own_graph/opg/infidelity/2x2 at 2020-12-24 23:58:41.685980 UTC, with
 
{'path': '/home/jorisk2/HVQE/data/kagome/periodic/own_graph/opg/infidelity/2x2', 'n_par': 72, 'par_multiplicity': 1, 'n_iter': 0, 'cost_fn': 'infidelity', 'temperature': 1.0, 'stepsize': 1.0, 'init_par': None, 'dump_interval': None}
init_par = [-0.0002584883542944375, -0.00039776312923279377, -0.000176043515664715, -9.454507306689067e-05, -6.362138292305907e-05, -0.0002852773373733769, -0.0003703892439211253, 0.0001922698690586201, 0.0004057656323717153, -9.721793631130938e-05, 0.0001998966594334295, 0.0003214344658774167, -3.2513860950291764e-05, 0.00038408888957017445, -0.0002664451944048811, 0.0001814190396751806, 3.8107194072578435e-05, -0.0003907652370279482, -0.00015719541667288738, 0.00044210727290301384, -0.0002458122068823573, -0.00044572233376815207, 0.0003910351017560621, 0.0001242214132459868, -7.323667788213504e-05, -0.0004783494075647247, -0.0004190290177815538, -0.00036048614387760073, -0.00025106357322658246, 0.00021591762958074923, 0.0004845976566195669, -2.849669423905533e-05, 0.0002586770592465288, 0.00037797346706077263, -0.00047842417234134337, 6.063613755684979e-05, -0.00021212671854519305, 0.00019933852365984137, -0.0004959028399733614, -0.0002794815437048586, -0.00044039540420854993, 0.0002275890855487271, 0.0002684085984157827, 0.00016031064111331748, -0.0004763205836498803, 0.0001754934871862387, 3.0216355354754313e-05, -0.0003148938505287283, 0.0001765063807024637, 0.00027338701550401934, -0.00044731248228966524, 0.00045551919496067666, -0.0003652355707048951, -0.00044250483205352664, -0.00021190033690383957, 0.00044759151227875057, -0.0001958783409102136, -0.0002980014821079933, 0.00010021150285920827, 0.00045824446685269833, 0.00017857263849450705, -0.00032107461712009767, -0.00010537446096086744, -0.00041679871810477434, -9.48294687172363e-05, 5.314486251844705e-05, -0.00013929500620276606, -0.00014506986649971898, -0.00033083496504471743, 0.0004971125879077061, 0.0001984502746317921, -0.00013376027128494548]
 
RESULTS:
--------
E_VQE = -4.9857605405586
inf_VQE = 0.14796788760003732
n_fn_calls = 250
Wall-clock time 0.7783481105830935 hours
 
For more output, see /home/jorisk2/HVQE/data/kagome/periodic/own_graph/opg/infidelity/2x2/output.txt
Plots of output saved in /home/jorisk2/HVQE/data/kagome/periodic/own_graph/opg/infidelity/2x2
End of HVQE.py
==========================================================================================
No CuPy installation found, continuing without GPU acceleration.
having the CPUs {10, 11, 14, 15} available.
Started basinhopping at 2020-12-25 00:06:55.144287 UTC, with
command line arguments = {'path': '/home/jorisk2/HVQE/data/kagome/periodic/own_graph/opg/infidelity/2x2', 'n_par': 96, 'par_multiplicity': 1, 'n_iter': 0, 'cost_fn': 'infidelity', 'temperature': 1.0, 'stepsize': 1.0, 'init_par': None, 'dump_interval': None}
runtime variables =  {'GPU': False, 'date_start': '2020-12-25 00:06:55.144287', 'complete_graph': [(0, 4), (2, 6), (8, 7), (10, 5), (11, 1), (9, 3), (1, 4), (3, 6), (5, 8), (7, 10), (9, 0), (11, 2), (1, 2), (3, 0), (6, 8), (4, 10), (5, 9), (7, 11), (0, 1), (2, 3), (4, 5), (6, 7), (8, 9), (10, 11)], 'init_layer': [(0, 1), (2, 3), (4, 5), (6, 7), (8, 9), (10, 11)], 'layers': [[(0, 4), (2, 6), (8, 7), (10, 5), (11, 1), (9, 3)], [(1, 4), (3, 6), (5, 8), (7, 10), (9, 0), (11, 2)], [(1, 2), (3, 0), (6, 8), (4, 10), (5, 9), (7, 11)], [(0, 1), (2, 3), (4, 5), (6, 7), (8, 9), (10, 11)]], 'n': 12}
................................................................................................................................................................................................................................................................................................................................................................................. 
==========================================================================================
Finished basinhopping of  /home/jorisk2/HVQE/data/kagome/periodic/own_graph/opg/infidelity/2x2 at 2020-12-25 01:59:08.861126 UTC, with
 
{'path': '/home/jorisk2/HVQE/data/kagome/periodic/own_graph/opg/infidelity/2x2', 'n_par': 96, 'par_multiplicity': 1, 'n_iter': 0, 'cost_fn': 'infidelity', 'temperature': 1.0, 'stepsize': 1.0, 'init_par': None, 'dump_interval': None}
init_par = [-0.00029685908888835855, 0.0003875607936605697, 0.0001911703864223486, 8.733810107705922e-05, -0.00040689147163132453, 0.000299803994270163, 0.0003609282995754355, 0.00021617066981331442, -0.0002565271108338513, -0.00014378706724819658, 0.0004957478667020683, -6.542343959912099e-06, -0.00021508596956389527, 0.00044514228048452703, 0.0004520744888413411, 0.00033197591657632534, -3.772562781144276e-05, -5.966264688400094e-05, -0.0004876636536021829, 0.0002763713293177008, 0.0004188245307650214, -1.7136960521715666e-05, 0.0004930097430528614, 6.325060363388067e-05, 0.00019120450914360645, -0.0001762478060985877, 9.113767348805301e-05, -8.172938760673599e-05, -0.00041771894862985894, 0.00032728577148189147, -0.00021748084371472356, -4.555200776929316e-06, -0.00046269978751749274, 0.0004774756841779146, -0.00015962906187902962, -0.0003344744438411729, 0.0004864953042047252, -0.00019861706299840098, 0.0001689036637184182, 0.00016418868559180426, 0.00015406524453584936, 0.0001236499355495032, -0.00047103192180488916, -8.381726724106519e-05, -4.8780337530208594e-05, -0.0002239192450712806, 5.877014824793214e-05, 0.00034962876547650135, 0.0004448515492652791, -6.6902904145456615e-06, -1.0129314495346971e-05, 9.479237624147505e-05, 0.00017894632828252186, 0.00017145261911071452, 0.0003980366424416482, -0.0004126215883989558, 0.00030568188108238406, -0.00035575462720536914, -0.0002946439464000509, -0.00010967637467780632, 0.0003741262175634963, -0.0003613462249296168, -0.00015327089942587905, -0.00024653722724666795, -1.72899217984546e-05, -0.0004864943553187254, 0.00026996139617903976, -0.0004717817425133505, -0.0002909365981555343, -0.00012105980148670027, 0.00011633530141770239, 0.0003763856124596131, -0.0004005670660543028, 0.00038455108119051504, -0.00033162646484052416, -0.00012814945756151562, -0.00024887552828865123, -0.0004764993807560655, -0.00046500530673443033, 0.00029369416250659764, 0.0002970969217691129, -0.0003498312958331562, 0.00032870281415534584, -0.0003874491861712051, -0.00029451831619465977, 0.00047492206727585656, -0.0003500955270435008, 0.00019177376176989001, -0.00041125799722923874, 0.0004392640122740511, 0.0002839334298944717, 0.0003127287221004119, -0.00043710196634414957, 0.0003110378104444594, 0.00020147207446184962, 0.00038396055291833485]
 
RESULTS:
--------
E_VQE = -5.101320223319313
inf_VQE = 0.09496864568461305
n_fn_calls = 369
Wall-clock time 1.8554550919930142 hours
 
For more output, see /home/jorisk2/HVQE/data/kagome/periodic/own_graph/opg/infidelity/2x2/output.txt
Plots of output saved in /home/jorisk2/HVQE/data/kagome/periodic/own_graph/opg/infidelity/2x2
End of HVQE.py
==========================================================================================
No CuPy installation found, continuing without GPU acceleration.
having the CPUs {10, 11, 14, 15} available.
Started basinhopping at 2020-12-25 02:05:28.139999 UTC, with
command line arguments = {'path': '/home/jorisk2/HVQE/data/kagome/periodic/own_graph/opg/infidelity/2x2', 'n_par': 120, 'par_multiplicity': 1, 'n_iter': 0, 'cost_fn': 'infidelity', 'temperature': 1.0, 'stepsize': 1.0, 'init_par': None, 'dump_interval': None}
runtime variables =  {'GPU': False, 'date_start': '2020-12-25 02:05:28.139999', 'complete_graph': [(0, 4), (2, 6), (8, 7), (10, 5), (11, 1), (9, 3), (1, 4), (3, 6), (5, 8), (7, 10), (9, 0), (11, 2), (1, 2), (3, 0), (6, 8), (4, 10), (5, 9), (7, 11), (0, 1), (2, 3), (4, 5), (6, 7), (8, 9), (10, 11)], 'init_layer': [(0, 1), (2, 3), (4, 5), (6, 7), (8, 9), (10, 11)], 'layers': [[(0, 4), (2, 6), (8, 7), (10, 5), (11, 1), (9, 3)], [(1, 4), (3, 6), (5, 8), (7, 10), (9, 0), (11, 2)], [(1, 2), (3, 0), (6, 8), (4, 10), (5, 9), (7, 11)], [(0, 1), (2, 3), (4, 5), (6, 7), (8, 9), (10, 11)]], 'n': 12}
.............................................................................................................................................................................................................................................................................................................................................................................................................................................................................................................................. 
==========================================================================================
Finished basinhopping of  /home/jorisk2/HVQE/data/kagome/periodic/own_graph/opg/infidelity/2x2 at 2020-12-25 05:38:58.048760 UTC, with
 
{'path': '/home/jorisk2/HVQE/data/kagome/periodic/own_graph/opg/infidelity/2x2', 'n_par': 120, 'par_multiplicity': 1, 'n_iter': 0, 'cost_fn': 'infidelity', 'temperature': 1.0, 'stepsize': 1.0, 'init_par': None, 'dump_interval': None}
init_par = [-0.00043995463184802886, -0.00020970029189319028, -0.00014636936396584502, 0.0004904705838437776, -0.00044038802490849904, -0.0004637121953239823, -0.00029531714595531025, -0.00045300718947724505, -0.00011101060990611968, -0.0004410648113025296, -0.00015913403017839067, -0.00012819154723185265, 0.00020355074896074383, -0.000471024710971508, 0.00011345891052873724, 0.000447798531032899, 9.975064644055832e-05, -5.311643980184178e-05, -0.000320540685900645, -0.00030167744087465057, 0.00037828399545814493, -0.000487389613807066, -0.0003682909347740783, 0.0002583630718665916, 0.00020504075425934875, 0.0002404730255606794, -0.00016258833585799937, -7.388280060344069e-05, -0.00016500713959183554, 0.00013686626040990797, -0.00013077638116918035, -9.516628654266968e-05, 0.00030647841053340545, 0.00026748039141498404, 0.0002374235572551091, -0.00011704352574905665, -0.00023640372565964418, -0.00034315627420088016, 0.00020254976415928934, 1.8594344202741862e-05, 0.00044037118718969685, -0.00045955803132691474, 7.689244116353263e-05, 0.00024266025696088487, 0.0003155856494006378, 5.062865765527208e-05, 0.00035608723106582646, -0.0004399011097871616, 0.00038298759245549677, 0.0001352554253573325, 0.00041016876968714186, -0.00031693886237147415, 0.00028118582154842856, 3.07894066595805e-05, 9.881333707410127e-05, 0.0003173151777954644, 0.00037201642494372514, 0.00021476261784570988, 0.00014464070134138376, -0.0004286662239851786, -0.00034295947909074233, -0.0004905436692280477, 0.00014914822943879445, -7.779992002718609e-05, 0.000262026293237948, -0.000379773776240542, -0.00010158758656023836, -0.00041730163937539456, 0.00041484639860091873, -9.209690327829977e-05, 0.0003073662073571382, -0.00037010150008144496, 0.00024422483070322585, 0.0002678783093491735, -0.000360702136383426, -0.00020749312865719005, 0.00030924267914829385, 4.253270939022112e-05, -5.92864840008448e-05, -0.00016326689446800158, 0.00033854327927857126, 0.0001949256771254114, 0.00026060106414677725, 0.0003379168212154358, 9.753810317465522e-05, -0.00028234429428248886, -0.00011494340477911745, -1.1987117007182459e-05, 0.00047632222529660196, -0.000350309071708132, -2.0139889442981416e-05, 0.00019505740514241376, 0.0003997348037770961, -0.0004977268127982381, -0.00031233679114640964, 0.00039629009712308615, -0.00023182277145567166, 0.0004525688287661797, -0.0004052007645373982, 0.00016194167465731122, 0.000448403942658351, -0.0002346668072043494, -0.00042897848615917867, 0.0004727307247659795, -0.00032277586621138276, -0.00018431573774282294, 0.0002975607569131207, 0.0004351488414946422, 0.00020281650880614596, 6.471963146149732e-05, -0.00017855211069883693, 0.0001686634558163895, -0.00044093955679919106, -6.324889428310299e-05, -0.00037638709312693477, -9.932457627917859e-05, 0.00015258006603854554, 8.528526143548616e-05, 0.0002584585430492508, -0.0002740117817037675]
 
RESULTS:
--------
E_VQE = -5.298072946081109
inf_VQE = 0.036974736292912924
n_fn_calls = 510
Wall-clock time 3.511689725385772 hours
 
For more output, see /home/jorisk2/HVQE/data/kagome/periodic/own_graph/opg/infidelity/2x2/output.txt
Plots of output saved in /home/jorisk2/HVQE/data/kagome/periodic/own_graph/opg/infidelity/2x2
End of HVQE.py
==========================================================================================
No CuPy installation found, continuing without GPU acceleration.
having the CPUs {10, 11, 14, 15} available.
Started basinhopping at 2020-12-25 05:45:21.440514 UTC, with
command line arguments = {'path': '/home/jorisk2/HVQE/data/kagome/periodic/own_graph/opg/infidelity/2x2', 'n_par': 144, 'par_multiplicity': 1, 'n_iter': 0, 'cost_fn': 'infidelity', 'temperature': 1.0, 'stepsize': 1.0, 'init_par': None, 'dump_interval': None}
runtime variables =  {'GPU': False, 'date_start': '2020-12-25 05:45:21.440514', 'complete_graph': [(0, 4), (2, 6), (8, 7), (10, 5), (11, 1), (9, 3), (1, 4), (3, 6), (5, 8), (7, 10), (9, 0), (11, 2), (1, 2), (3, 0), (6, 8), (4, 10), (5, 9), (7, 11), (0, 1), (2, 3), (4, 5), (6, 7), (8, 9), (10, 11)], 'init_layer': [(0, 1), (2, 3), (4, 5), (6, 7), (8, 9), (10, 11)], 'layers': [[(0, 4), (2, 6), (8, 7), (10, 5), (11, 1), (9, 3)], [(1, 4), (3, 6), (5, 8), (7, 10), (9, 0), (11, 2)], [(1, 2), (3, 0), (6, 8), (4, 10), (5, 9), (7, 11)], [(0, 1), (2, 3), (4, 5), (6, 7), (8, 9), (10, 11)]], 'n': 12}
................................................................................................................................................................................................................................................................................................................................................................................................................................................................................................................................................................................................................................................. 
==========================================================================================
Finished basinhopping of  /home/jorisk2/HVQE/data/kagome/periodic/own_graph/opg/infidelity/2x2 at 2020-12-25 11:46:16.076090 UTC, with
 
{'path': '/home/jorisk2/HVQE/data/kagome/periodic/own_graph/opg/infidelity/2x2', 'n_par': 144, 'par_multiplicity': 1, 'n_iter': 0, 'cost_fn': 'infidelity', 'temperature': 1.0, 'stepsize': 1.0, 'init_par': None, 'dump_interval': None}
init_par = [2.8838450839936344e-06, -5.79046238140454e-05, -0.0001720532946156166, -0.00027258354095295356, -0.00037333587549502037, -0.00034109021825817147, 4.649049568154241e-05, 0.000251539684833216, 0.00017213300899599664, -0.00016824234116324813, 0.00025155997432097443, 9.227685395360734e-05, 0.00036495583155102165, -0.0004898610771769231, -2.9699203216908797e-05, 0.00044299504434601716, -0.00038361478575593943, 0.0003359706235504898, -0.00034440435155445794, -2.5341807127236208e-05, -5.1626800609204566e-05, -0.00024372253596598002, -0.00040812925193996376, -0.00012807247632213968, -0.0004399127314434439, -7.955250661780531e-06, 0.00031004572474395723, -0.0003545670704628818, 4.579782495355163e-05, -0.00014179249046419054, -0.00044619650903071807, -0.00037332200833125706, 0.0004222781393895729, 0.00021619288814434402, 0.00026441132562219207, -0.0003959514724547088, -0.0004593004029951944, 0.00032901264886469293, 0.000438186837099597, -0.0004671323768088236, 6.457004631778805e-05, -0.0004594765981027791, -0.00045808894313230597, -0.00040564043421649964, -0.0004864713230368018, 0.0003963518283505251, 0.0003654055031042482, -0.0004807720251619306, 0.00012404938301136762, -0.00016455439671998805, -0.0003471951388483625, -5.542949156835797e-05, -4.861962838164659e-06, -0.00037620338690779967, 1.5780491118378348e-05, -0.0003144234660744554, -0.00047355784233550803, -6.402170723046597e-05, -0.00022743889305481613, 0.00027550705376985763, -6.673708625900388e-05, -0.00043654484875416957, 0.0002788991218728344, -0.0004808562576543667, 0.00021257056451688152, -0.0004771166934669647, -0.0002895059803258128, -0.00043487962079562627, -5.733290967222405e-05, -0.0001196681025941031, 0.00024012797410017663, -0.00038453949722748557, 0.0002694174101076929, -0.00040515601134338765, -7.945145041545501e-05, 0.00021218641033294975, 0.0003509906506172425, 0.0001534220052695275, -0.0002970384082971678, -5.8352931861558905e-05, 0.0004249777949310411, -0.00016372979607618202, 0.00016658808151754387, 0.0003656155258882802, -9.755343479672196e-05, -0.00043647083451526234, 0.0001862949474484239, -0.0004803191190447884, 0.00032584276306100936, -6.383011569784038e-05, 0.0002751458734988419, -0.00026575474363116515, -0.0003373821571233816, -0.0004479149345353768, -0.00027041540493307284, 0.00011139325024847396, 0.00018665164966195512, 0.0002567693820076988, -0.0003132639093789785, -0.00030924584067883545, 4.128170989496161e-06, 0.00024163969889450356, 0.00045180623348829035, -0.0004659561956978433, -2.267437246511705e-05, -7.900814082793686e-05, -0.00042701004916569476, 0.00031396585409116686, -0.0004843650139089599, -0.00022236906196213837, -1.2486520543526281e-05, -6.957421239826378e-05, 0.0003289219834628407, 0.00019517940348962623, 0.0001235020404266315, 0.00047873827803922384, -0.00019667783673374796, -0.00038030316899675753, 0.00013572613269416606, 0.00030473999394481463, 9.507703018985804e-05, 0.0003316835384993339, 0.00041514519069087586, 0.0004837075467764478, 0.00021891465161451892, 0.00022643656021123265, 0.0002876513955365515, 0.0003650431947450429, 0.00048817684411666816, 9.660588494752014e-05, -0.00013356612136360325, -0.00023603642424507187, -0.00017002921394307304, 0.0003949376325678342, 0.000371819295695159, 0.00025857471852693014, 0.00044021483132676814, 0.00015519991750041415, -6.287211876773805e-05, 5.6235877041012805e-05, -8.125542492635362e-05, 0.0001318979596562136, 0.00031592101850348123, 0.000413317563185899]
 
RESULTS:
--------
E_VQE = -5.351836411287441
inf_VQE = 0.02389334109900798
n_fn_calls = 625
Wall-clock time 5.995248918400871 hours
 
For more output, see /home/jorisk2/HVQE/data/kagome/periodic/own_graph/opg/infidelity/2x2/output.txt
Plots of output saved in /home/jorisk2/HVQE/data/kagome/periodic/own_graph/opg/infidelity/2x2
End of HVQE.py
==========================================================================================
No CuPy installation found, continuing without GPU acceleration.
having the CPUs {10, 11, 14, 15} available.
Started basinhopping at 2020-12-25 11:56:14.044556 UTC, with
command line arguments = {'path': '/home/jorisk2/HVQE/data/kagome/periodic/own_graph/opg/infidelity/2x2', 'n_par': 168, 'par_multiplicity': 1, 'n_iter': 0, 'cost_fn': 'infidelity', 'temperature': 1.0, 'stepsize': 1.0, 'init_par': None, 'dump_interval': None}
runtime variables =  {'GPU': False, 'date_start': '2020-12-25 11:56:14.044556', 'complete_graph': [(0, 4), (2, 6), (8, 7), (10, 5), (11, 1), (9, 3), (1, 4), (3, 6), (5, 8), (7, 10), (9, 0), (11, 2), (1, 2), (3, 0), (6, 8), (4, 10), (5, 9), (7, 11), (0, 1), (2, 3), (4, 5), (6, 7), (8, 9), (10, 11)], 'init_layer': [(0, 1), (2, 3), (4, 5), (6, 7), (8, 9), (10, 11)], 'layers': [[(0, 4), (2, 6), (8, 7), (10, 5), (11, 1), (9, 3)], [(1, 4), (3, 6), (5, 8), (7, 10), (9, 0), (11, 2)], [(1, 2), (3, 0), (6, 8), (4, 10), (5, 9), (7, 11)], [(0, 1), (2, 3), (4, 5), (6, 7), (8, 9), (10, 11)]], 'n': 12}
................................................................................................................................................................................................................................................................................................................................................................................................................................................................................................................................................................................................................................................................................................................................................................. 
==========================================================================================
Finished basinhopping of  /home/jorisk2/HVQE/data/kagome/periodic/own_graph/opg/infidelity/2x2 at 2020-12-25 20:45:10.488431 UTC, with
 
{'path': '/home/jorisk2/HVQE/data/kagome/periodic/own_graph/opg/infidelity/2x2', 'n_par': 168, 'par_multiplicity': 1, 'n_iter': 0, 'cost_fn': 'infidelity', 'temperature': 1.0, 'stepsize': 1.0, 'init_par': None, 'dump_interval': None}
init_par = [0.00012518648970511338, -6.517136472126398e-06, -5.053889997287865e-05, -0.0004604882624424982, -0.00020191088803206972, -0.0003995530360134876, 7.992190814222944e-05, -0.0003498135915881039, -0.0003176909295936894, 0.00021922946351013797, 0.00045255025274319, -0.0004561409203593141, 0.000261271693434788, -0.00017633302261023723, -1.2026009241141323e-06, -0.00020921153368439095, 8.495769429590287e-05, 0.0003653523759558729, 9.922287830990023e-05, -0.0002924603409821397, 0.00024888599917575723, -0.000341519378108323, 0.00010365017194167016, 0.00041214717820879383, -0.0002862074535234308, 0.0004628830432813144, 0.00032218393549296323, 0.00014504805514230386, -3.2012750358914805e-05, 0.00012616168701166442, -0.00019720043686067727, 1.8821308081748726e-05, 4.7535638299871425e-05, -0.0003392155425720177, 0.00030557486297667436, -3.727248799463811e-05, 0.0002588848071654477, -0.00048085081887493076, -3.885942923246801e-05, -0.00026750225242644533, -0.0004616347954966218, 0.00042992178840364087, -0.000306384486439301, 0.0004871143591506739, -0.00034037907994883057, -0.00018879921194513594, -5.087413276124353e-05, 0.0002764976721437029, -0.00045428097704512584, -0.00031662245094017075, -0.00034947321519206165, 8.19396251935258e-05, -0.00048072985856294806, -0.0003284091056765517, -2.2915608235335666e-05, 0.00020663251974775677, -0.0004459562056749706, 0.0004453452971176662, 0.00010265377047519164, -0.0004286177607511457, 0.0003320164158291868, 0.00012592492832431891, -0.00042948358529294706, -0.0004605345828126866, 0.0004848787555941931, -0.0003111241110103885, 0.00016498151622608176, 0.0004881364048651112, 0.00014892291689981205, 0.00038887393479174756, -5.714138187744213e-06, -8.285134727961153e-05, 4.620623132784319e-05, -0.00011701763232165708, 0.0004052695132857601, 2.0283723366973372e-05, 0.00031811646905790776, -0.0002666830645367827, 0.000469501987826197, 0.0002649518652954986, -0.00014515916099870955, 0.00018013363859860343, -0.0001380932726548252, 0.00031958212470698227, -0.0004279163451550686, 0.00022491094517924784, -0.00016837618144772905, -6.271385515984132e-05, -0.0003619635073437062, -0.0003409649454847582, -3.893992877615016e-06, -7.108438391530787e-07, -0.00013646037596280568, 0.00031951056756440623, 0.0003646208158465231, 3.795636305743927e-05, 0.00027332464773027775, -0.0004007867366678375, -0.00012311676176113198, 0.0003234018278201878, -0.00010779028739116406, -0.00034995229495629653, 0.0004514523625752592, 0.00037360329242281114, 0.0001409346593871149, 2.4539783965129972e-05, 0.0004991256886850682, 1.725239389167648e-05, -0.00031324057219587564, 0.0003701076632360562, 0.00047231997568565403, -0.00048719154920101273, -0.0003446085476624714, -0.0004125958765624204, 0.0004927989143018372, 2.035780583478945e-05, 0.00042276820305563124, -0.00041309515519815764, -0.0004111522937036746, -0.00047954024186799447, 0.00021994734082418958, -5.8384536429114265e-05, -0.0004668110080256117, 0.00036432836148870553, 0.00015848765272091054, 0.00010005522213863696, -0.0003797995858544474, 0.00028197984108560494, -0.00028473989225733496, -0.00046034193779291577, -0.00048808675951976445, 0.0002810554502247634, 0.00023848974340821686, 0.00026514852445099055, 0.0003962237504889527, 0.00013424192707529132, 9.824733837155331e-05, -7.791723178135414e-05, -8.911201047784778e-05, -0.00028810716832214123, 0.0003657754588408046, 7.328095898096398e-05, 0.0004753163797070613, 0.00020041601185544807, 3.602336370968199e-05, -0.00028296171926648977, 0.00013487886708098715, 0.00031352057651392695, -0.00017488037337686223, 0.00010369274415267043, -0.00033669765065246307, -5.895132980398779e-05, 0.0001349613133934726, 0.00041457869307795904, 0.00032347071430366805, 0.00020589667352312498, -4.5900650745936064e-05, -0.0003388956073640389, -0.00025625711243531347, -3.962342892696439e-05, 0.00020487352936209209, 0.0001571065483725781, -6.881353615196574e-05, -3.231524461055126e-05, -3.3547358423842725e-05, -3.5914756073315726e-05, -0.0004237090170496073, 0.00021917776395199106]
 
RESULTS:
--------
E_VQE = -5.412189569851625
inf_VQE = 0.006868959203517044
n_fn_calls = 737
Wall-clock time 8.798597732716136 hours
 
For more output, see /home/jorisk2/HVQE/data/kagome/periodic/own_graph/opg/infidelity/2x2/output.txt
Plots of output saved in /home/jorisk2/HVQE/data/kagome/periodic/own_graph/opg/infidelity/2x2
End of HVQE.py
==========================================================================================
No CuPy installation found, continuing without GPU acceleration.
having the CPUs {10, 11, 14, 15} available.
Started basinhopping at 2020-12-25 20:52:22.849551 UTC, with
command line arguments = {'path': '/home/jorisk2/HVQE/data/kagome/periodic/own_graph/opg/infidelity/2x2', 'n_par': 192, 'par_multiplicity': 1, 'n_iter': 0, 'cost_fn': 'infidelity', 'temperature': 1.0, 'stepsize': 1.0, 'init_par': None, 'dump_interval': None}
runtime variables =  {'GPU': False, 'date_start': '2020-12-25 20:52:22.849551', 'complete_graph': [(0, 4), (2, 6), (8, 7), (10, 5), (11, 1), (9, 3), (1, 4), (3, 6), (5, 8), (7, 10), (9, 0), (11, 2), (1, 2), (3, 0), (6, 8), (4, 10), (5, 9), (7, 11), (0, 1), (2, 3), (4, 5), (6, 7), (8, 9), (10, 11)], 'init_layer': [(0, 1), (2, 3), (4, 5), (6, 7), (8, 9), (10, 11)], 'layers': [[(0, 4), (2, 6), (8, 7), (10, 5), (11, 1), (9, 3)], [(1, 4), (3, 6), (5, 8), (7, 10), (9, 0), (11, 2)], [(1, 2), (3, 0), (6, 8), (4, 10), (5, 9), (7, 11)], [(0, 1), (2, 3), (4, 5), (6, 7), (8, 9), (10, 11)]], 'n': 12}
.......................................................................................................................slurmstepd: error: *** JOB 7176059 ON r38n2 CANCELLED AT 2020-12-25T23:48:40 DUE TO TIME LIMIT ***
