No CuPy installation found, continuing without GPU acceleration.
having the CPUs {0, 1, 4, 5} available.
Started basinhopping at 2020-12-24 22:50:00.031423 UTC, with
command line arguments = {'path': '/home/jorisk2/HVQE/data/kagome/periodic/own_graph/opg/infidelity/2x2', 'n_par': 48, 'par_multiplicity': 1, 'n_iter': 0, 'cost_fn': 'infidelity', 'temperature': 1.0, 'stepsize': 1.0, 'init_par': None, 'dump_interval': None}
runtime variables =  {'GPU': False, 'date_start': '2020-12-24 22:50:00.031423', 'complete_graph': [(0, 4), (2, 6), (8, 7), (10, 5), (11, 1), (9, 3), (1, 4), (3, 6), (5, 8), (7, 10), (9, 0), (11, 2), (1, 2), (3, 0), (6, 8), (4, 10), (5, 9), (7, 11), (0, 1), (2, 3), (4, 5), (6, 7), (8, 9), (10, 11)], 'init_layer': [(0, 1), (2, 3), (4, 5), (6, 7), (8, 9), (10, 11)], 'layers': [[(0, 4), (2, 6), (8, 7), (10, 5), (11, 1), (9, 3)], [(1, 4), (3, 6), (5, 8), (7, 10), (9, 0), (11, 2)], [(1, 2), (3, 0), (6, 8), (4, 10), (5, 9), (7, 11)], [(0, 1), (2, 3), (4, 5), (6, 7), (8, 9), (10, 11)]], 'n': 12}
............................................................................................................................................ 
==========================================================================================
Finished basinhopping of  /home/jorisk2/HVQE/data/kagome/periodic/own_graph/opg/infidelity/2x2 at 2020-12-24 23:08:19.177354 UTC, with
 
{'path': '/home/jorisk2/HVQE/data/kagome/periodic/own_graph/opg/infidelity/2x2', 'n_par': 48, 'par_multiplicity': 1, 'n_iter': 0, 'cost_fn': 'infidelity', 'temperature': 1.0, 'stepsize': 1.0, 'init_par': None, 'dump_interval': None}
init_par = [0.0004603126317230239, -0.0003064567611766731, 0.000481801731625845, 0.0001700226278579396, 5.090316363734937e-05, 0.00032587566773389443, -6.037403742100133e-05, -0.00029295960256168173, 0.0004875510292934933, -2.647299143779448e-05, -5.508471143591799e-05, -0.0001503509895417402, -7.078326639191492e-05, 0.00029185097806792035, 0.00048395393392448166, 0.0004987895384329472, 0.000317503331549356, -0.0002876871410639936, -4.165644172573937e-05, -0.000231995341316809, -6.245992839850955e-05, 0.0004590341717072579, -0.0003951903117909226, -0.0001461674307685983, -0.0003094409311628994, 6.794511493722827e-05, 2.2051244289437674e-05, 0.00045141845103984705, -0.00023301771825960584, 0.00011493297959177151, -0.00039899776981104873, 0.0002461551834753078, -0.0003355129057401806, -0.00012453987147682864, 5.008528097264517e-06, -0.00027534496144086156, -0.00017559499327434694, -0.00018180010258120392, 3.56032884496634e-05, -0.0002218222507912601, -0.0004888260248426866, -0.0003844994570256113, 7.75887804599785e-06, 0.0004613967126605251, -0.00010206560593249491, 0.00024686773879699776, -0.0003856078357963584, -0.0002593494392463903]
 
RESULTS:
--------
E_VQE = -4.782400843070855
inf_VQE = 0.2705731909138299
n_fn_calls = 140
Wall-clock time 0.2523518076207903 hours
 
For more output, see /home/jorisk2/HVQE/data/kagome/periodic/own_graph/opg/infidelity/2x2/output.txt
Plots of output saved in /home/jorisk2/HVQE/data/kagome/periodic/own_graph/opg/infidelity/2x2
End of HVQE.py
==========================================================================================
No CuPy installation found, continuing without GPU acceleration.
having the CPUs {0, 1, 4, 5} available.
Started basinhopping at 2020-12-24 23:15:58.518824 UTC, with
command line arguments = {'path': '/home/jorisk2/HVQE/data/kagome/periodic/own_graph/opg/infidelity/2x2', 'n_par': 72, 'par_multiplicity': 1, 'n_iter': 0, 'cost_fn': 'infidelity', 'temperature': 1.0, 'stepsize': 1.0, 'init_par': None, 'dump_interval': None}
runtime variables =  {'GPU': False, 'date_start': '2020-12-24 23:15:58.518824', 'complete_graph': [(0, 4), (2, 6), (8, 7), (10, 5), (11, 1), (9, 3), (1, 4), (3, 6), (5, 8), (7, 10), (9, 0), (11, 2), (1, 2), (3, 0), (6, 8), (4, 10), (5, 9), (7, 11), (0, 1), (2, 3), (4, 5), (6, 7), (8, 9), (10, 11)], 'init_layer': [(0, 1), (2, 3), (4, 5), (6, 7), (8, 9), (10, 11)], 'layers': [[(0, 4), (2, 6), (8, 7), (10, 5), (11, 1), (9, 3)], [(1, 4), (3, 6), (5, 8), (7, 10), (9, 0), (11, 2)], [(1, 2), (3, 0), (6, 8), (4, 10), (5, 9), (7, 11)], [(0, 1), (2, 3), (4, 5), (6, 7), (8, 9), (10, 11)]], 'n': 12}
............................................................................................................................................................................................................................................................................................................................................................................................................................................................................. 
==========================================================================================
Finished basinhopping of  /home/jorisk2/HVQE/data/kagome/periodic/own_graph/opg/infidelity/2x2 at 2020-12-25 00:46:49.320419 UTC, with
 
{'path': '/home/jorisk2/HVQE/data/kagome/periodic/own_graph/opg/infidelity/2x2', 'n_par': 72, 'par_multiplicity': 1, 'n_iter': 0, 'cost_fn': 'infidelity', 'temperature': 1.0, 'stepsize': 1.0, 'init_par': None, 'dump_interval': None}
init_par = [-0.0003045951295819722, -0.00042198538664314057, -0.0003997067577567377, -0.0004399374657517533, -0.00021030847064269575, 0.0004962853694199488, 0.00014028117622041187, -0.00047019511634027657, -0.0004935023250560345, -0.00021130951349589957, 0.0003051954854731752, 9.983951835672723e-05, 0.00024633984397564224, 0.00037171258085224993, 0.0002888745659838099, -0.00042813866994693376, -0.00034784094173828, 0.0001551423340534385, -0.00013551966479349056, -0.00020856435056832746, -4.219715256242396e-05, -0.0003552267174664549, 0.00011125141194402504, -0.00012063550994171734, 0.0004863352143974534, -0.0004489914741385259, 0.00031563762774279385, 0.0001485082000032557, -0.00021871542879787164, -0.00035271340043620394, -4.251723790468689e-05, -2.5694577725211896e-05, -0.0003540755292059648, -0.00032561619300848596, 0.00014775621170153074, -0.0004851203775058647, 0.00012897661280854343, 0.00044144073485798184, -0.00011624738472427532, 0.00018560801544379888, -0.00024195987052767109, 0.00019407181182162282, 0.00025792994308368, -0.0003123319527870794, 2.034495359746493e-05, 5.627742167391831e-05, -2.2469291612503463e-05, 0.0004330038848001427, -0.0001480777200468727, -0.000287246322978449, -0.00023876075997851732, 0.00012962431914681233, 8.22428162439128e-05, 9.986430030815201e-05, -0.0003849027462485741, 9.803236664264253e-05, 0.00016597084699904662, 0.0004884093064530574, -0.00039810601628275944, 0.00030632585223451243, 0.00024387920279017388, -0.00025714945959180767, -0.00024095750466429232, -0.00044459067697220114, -3.23215129401697e-05, 1.5257211705511703e-06, -0.00035199898828206975, -0.00017048096020532257, 0.0003766223989108196, 0.00046647203565140685, 0.0003961636116349337, -0.0002706368843125845]
 
RESULTS:
--------
E_VQE = -5.045392502945537
inf_VQE = 0.13488549873730515
n_fn_calls = 461
Wall-clock time 1.495056274202135 hours
 
For more output, see /home/jorisk2/HVQE/data/kagome/periodic/own_graph/opg/infidelity/2x2/output.txt
Plots of output saved in /home/jorisk2/HVQE/data/kagome/periodic/own_graph/opg/infidelity/2x2
End of HVQE.py
==========================================================================================
No CuPy installation found, continuing without GPU acceleration.
having the CPUs {0, 1, 4, 5} available.
Started basinhopping at 2020-12-25 00:55:05.128942 UTC, with
command line arguments = {'path': '/home/jorisk2/HVQE/data/kagome/periodic/own_graph/opg/infidelity/2x2', 'n_par': 96, 'par_multiplicity': 1, 'n_iter': 0, 'cost_fn': 'infidelity', 'temperature': 1.0, 'stepsize': 1.0, 'init_par': None, 'dump_interval': None}
runtime variables =  {'GPU': False, 'date_start': '2020-12-25 00:55:05.128942', 'complete_graph': [(0, 4), (2, 6), (8, 7), (10, 5), (11, 1), (9, 3), (1, 4), (3, 6), (5, 8), (7, 10), (9, 0), (11, 2), (1, 2), (3, 0), (6, 8), (4, 10), (5, 9), (7, 11), (0, 1), (2, 3), (4, 5), (6, 7), (8, 9), (10, 11)], 'init_layer': [(0, 1), (2, 3), (4, 5), (6, 7), (8, 9), (10, 11)], 'layers': [[(0, 4), (2, 6), (8, 7), (10, 5), (11, 1), (9, 3)], [(1, 4), (3, 6), (5, 8), (7, 10), (9, 0), (11, 2)], [(1, 2), (3, 0), (6, 8), (4, 10), (5, 9), (7, 11)], [(0, 1), (2, 3), (4, 5), (6, 7), (8, 9), (10, 11)]], 'n': 12}
......................................................................................................................................................................................................................................................................................................................................................................................................................... 
==========================================================================================
Finished basinhopping of  /home/jorisk2/HVQE/data/kagome/periodic/own_graph/opg/infidelity/2x2 at 2020-12-25 03:04:28.023167 UTC, with
 
{'path': '/home/jorisk2/HVQE/data/kagome/periodic/own_graph/opg/infidelity/2x2', 'n_par': 96, 'par_multiplicity': 1, 'n_iter': 0, 'cost_fn': 'infidelity', 'temperature': 1.0, 'stepsize': 1.0, 'init_par': None, 'dump_interval': None}
init_par = [0.00035663908291471303, 1.3124165859515892e-05, 4.962909668822387e-05, -0.00022311700316263628, 9.984442155445495e-07, 0.0002835319444971612, -0.00029697976326101695, 9.929624789192738e-05, -0.00033780191552282095, -6.907161926286508e-05, -0.0001286340479302267, 0.00010100441341452833, 6.0766758493015975e-05, 2.6662341139961003e-05, -0.00013094201306419398, -0.00034443045859059427, 0.0003571237187974278, 0.00041770616433299025, -0.00039517294109633384, 0.00038489346335779406, 5.073931778536351e-05, 0.0003482271509931867, 0.00020244273306863135, 0.00043427984418492344, 0.0003858080055109482, -0.0004208356904789389, 9.414830543477757e-06, 0.00034508073275403084, 1.268935722074341e-05, 0.0004303291054670471, 0.0001226370388070358, 0.00020135202532622876, 0.00030192528802237795, -0.00033853260720612685, 0.000400360692100394, -0.00045907507719728327, -0.0003719044965475409, -0.0002645044519197083, 0.00024335093154119643, -4.656355520581693e-05, 0.00011972187568836258, 0.00011096776866053996, -0.00014651825566886444, 8.680719519217985e-05, 0.00021049135289759357, -8.679460434558351e-05, -0.00019490994959611832, -0.0004895885998642161, 0.0004318585758566647, -0.0001104586488584254, -8.305780462098978e-05, 1.7598137739535018e-05, 0.00011422496245328147, 3.053609581818201e-05, 0.00010482069104887008, -1.5877556698574524e-05, -0.00045410317738015085, -0.0004675970776932359, 0.00022731813749232385, 0.00025124142802824027, 0.00022956330470034645, -9.14649148263338e-05, 0.0004757874268638343, -0.0001731278081163479, 0.00030693124962174155, -0.00014117689638833207, -0.00045549160244672427, 0.00039143693283789005, -9.913443026430277e-06, -0.00017168125348961995, 0.00010805205405767942, 0.0004392300387591366, -7.188912295257499e-05, -0.00021269429881451966, 0.00024450083486072366, 0.00033258137910342994, -3.424232657423627e-06, -0.0003838356928354759, 6.252988790075961e-05, -0.00015520663155194395, -0.00038445385668163924, -0.00035570821705514755, -0.00045396065949429777, -0.00019684413326863772, 0.00016827331634228248, 1.9258947380383314e-05, 0.00039417893729305157, -0.000192330773431032, -0.0004449297959568375, -5.1671881443915565e-05, 1.5086734388251909e-05, 0.00021304415392283207, -7.063272838838129e-05, 7.02811379217265e-05, -0.0003777669846225804, -0.0004481529983144944]
 
RESULTS:
--------
E_VQE = -5.219836740533639
inf_VQE = 0.06315372128872188
n_fn_calls = 409
Wall-clock time 2.1366409633557004 hours
 
For more output, see /home/jorisk2/HVQE/data/kagome/periodic/own_graph/opg/infidelity/2x2/output.txt
Plots of output saved in /home/jorisk2/HVQE/data/kagome/periodic/own_graph/opg/infidelity/2x2
End of HVQE.py
==========================================================================================
No CuPy installation found, continuing without GPU acceleration.
having the CPUs {0, 1, 4, 5} available.
Started basinhopping at 2020-12-25 03:13:17.348794 UTC, with
command line arguments = {'path': '/home/jorisk2/HVQE/data/kagome/periodic/own_graph/opg/infidelity/2x2', 'n_par': 120, 'par_multiplicity': 1, 'n_iter': 0, 'cost_fn': 'infidelity', 'temperature': 1.0, 'stepsize': 1.0, 'init_par': None, 'dump_interval': None}
runtime variables =  {'GPU': False, 'date_start': '2020-12-25 03:13:17.348794', 'complete_graph': [(0, 4), (2, 6), (8, 7), (10, 5), (11, 1), (9, 3), (1, 4), (3, 6), (5, 8), (7, 10), (9, 0), (11, 2), (1, 2), (3, 0), (6, 8), (4, 10), (5, 9), (7, 11), (0, 1), (2, 3), (4, 5), (6, 7), (8, 9), (10, 11)], 'init_layer': [(0, 1), (2, 3), (4, 5), (6, 7), (8, 9), (10, 11)], 'layers': [[(0, 4), (2, 6), (8, 7), (10, 5), (11, 1), (9, 3)], [(1, 4), (3, 6), (5, 8), (7, 10), (9, 0), (11, 2)], [(1, 2), (3, 0), (6, 8), (4, 10), (5, 9), (7, 11)], [(0, 1), (2, 3), (4, 5), (6, 7), (8, 9), (10, 11)]], 'n': 12}
........................................................................................................................................................................................................................................................................................................................................... 
==========================================================================================
Finished basinhopping of  /home/jorisk2/HVQE/data/kagome/periodic/own_graph/opg/infidelity/2x2 at 2020-12-25 05:53:22.323292 UTC, with
 
{'path': '/home/jorisk2/HVQE/data/kagome/periodic/own_graph/opg/infidelity/2x2', 'n_par': 120, 'par_multiplicity': 1, 'n_iter': 0, 'cost_fn': 'infidelity', 'temperature': 1.0, 'stepsize': 1.0, 'init_par': None, 'dump_interval': None}
init_par = [-0.0003134713562580216, 0.00016311141717243328, -6.16727836632134e-05, 0.00039367842304065346, 0.0001020908918647318, -0.0002371919644147742, 0.0001476299708864522, 0.00035286426904599234, -0.0001544837944402591, 0.00029238906239910877, 0.0002143072054253298, -7.019611539546832e-05, 0.0002812971861946491, 0.000422930509426566, 0.00014421253279835687, -0.00037247202074971964, -9.439829782832178e-05, -7.248408182584367e-06, -0.00024519179778774983, -0.0002228404559108932, 6.911721923893912e-05, -0.00043629473219407923, -0.00013473796687259534, -0.0002911789943485408, -0.0004015123839647178, -0.0001429639945601573, 0.00035923003644286325, 0.00027098698939625153, 0.0001221684489537087, 6.834773471555225e-05, 0.0003324124752198289, 0.00021996695633565188, -0.00032337516748056337, 0.0001911526641428605, 0.0002638146188506577, 0.00036824473346963593, 0.0001844131284964753, -0.00021504220770992, 5.574379976261033e-05, -0.00037982597359296545, -0.00011555612096953506, 0.0003051039427914955, 0.0002689492041677672, -0.00042179763941608173, 0.0003440330650173681, 0.00017808674744610971, 0.000473876377528936, -5.12417650290966e-05, 0.0001461151690903828, 0.0001362231826379012, 0.00013039960486979554, 0.00047778862832767444, 0.00022800459093611576, -7.287766216658757e-05, -4.175347037136903e-05, 0.0004990949419641883, -5.722791516768092e-05, 0.0003924605207887604, 3.183068134651702e-06, 0.0002491771585181803, -0.0004885048500490241, -0.0002699110577291101, -0.00039813729538533193, 0.00045402775569240283, -0.00018346482658123541, -0.00018907450881997846, 0.00010026410561325976, -9.321327450009922e-05, 0.00020417780152927301, 0.00018539085837423303, -0.000117691998597095, -0.000384792525292882, -0.0004355872671884814, -0.00021073225721152854, -8.645938965341906e-05, -2.583446365454436e-05, -0.0003473226287034071, 0.00018671435120330682, 0.0004506879257431944, -0.00020123981722477914, 7.109128814827793e-05, 0.0001529661999289584, 0.00012655568244770456, 0.0001721243217801151, -2.3648378226830092e-06, 0.0003036302737674582, 2.221756542767912e-05, -0.00014649740504247037, -0.00010344357407706485, 0.00031606833324178245, -0.00013850239407797374, 0.00044261973518006786, -0.0004199102695588071, 0.00029253895508188875, 0.0003473696827629916, 0.0003859704816883018, -0.00023351459989852906, 0.00014267694002084654, -0.00033498326068458065, 0.0001910781123364286, -8.898775174508291e-05, 0.00023446803695951687, -0.00010844043489606205, -0.0001659308093694435, 0.00034163825235127975, 4.798929812071997e-05, 0.00040577506199367835, -3.210415363315733e-05, -0.0004637691743956164, -0.0001743783503934304, -7.949178673479049e-06, 0.0003751160092939406, 0.00035603762277100037, 0.0004094979123496741, 0.0004774654088150886, -0.0003120613444580218, 3.0027596111773837e-05, 0.00020915973270677643, 0.00036332483934382767, 1.812333928396452e-05]
 
RESULTS:
--------
E_VQE = -5.2659502129776055
inf_VQE = 0.04438108230655957
n_fn_calls = 331
Wall-clock time 2.6444013512796825 hours
 
For more output, see /home/jorisk2/HVQE/data/kagome/periodic/own_graph/opg/infidelity/2x2/output.txt
Plots of output saved in /home/jorisk2/HVQE/data/kagome/periodic/own_graph/opg/infidelity/2x2
End of HVQE.py
==========================================================================================
No CuPy installation found, continuing without GPU acceleration.
having the CPUs {0, 1, 4, 5} available.
Started basinhopping at 2020-12-25 06:00:24.973047 UTC, with
command line arguments = {'path': '/home/jorisk2/HVQE/data/kagome/periodic/own_graph/opg/infidelity/2x2', 'n_par': 144, 'par_multiplicity': 1, 'n_iter': 0, 'cost_fn': 'infidelity', 'temperature': 1.0, 'stepsize': 1.0, 'init_par': None, 'dump_interval': None}
runtime variables =  {'GPU': False, 'date_start': '2020-12-25 06:00:24.973047', 'complete_graph': [(0, 4), (2, 6), (8, 7), (10, 5), (11, 1), (9, 3), (1, 4), (3, 6), (5, 8), (7, 10), (9, 0), (11, 2), (1, 2), (3, 0), (6, 8), (4, 10), (5, 9), (7, 11), (0, 1), (2, 3), (4, 5), (6, 7), (8, 9), (10, 11)], 'init_layer': [(0, 1), (2, 3), (4, 5), (6, 7), (8, 9), (10, 11)], 'layers': [[(0, 4), (2, 6), (8, 7), (10, 5), (11, 1), (9, 3)], [(1, 4), (3, 6), (5, 8), (7, 10), (9, 0), (11, 2)], [(1, 2), (3, 0), (6, 8), (4, 10), (5, 9), (7, 11)], [(0, 1), (2, 3), (4, 5), (6, 7), (8, 9), (10, 11)]], 'n': 12}
.............................................................................................................................................................................................................................................................................................................................................................................................................................................................................................................................................................................. 
==========================================================================================
Finished basinhopping of  /home/jorisk2/HVQE/data/kagome/periodic/own_graph/opg/infidelity/2x2 at 2020-12-25 11:49:06.709336 UTC, with
 
{'path': '/home/jorisk2/HVQE/data/kagome/periodic/own_graph/opg/infidelity/2x2', 'n_par': 144, 'par_multiplicity': 1, 'n_iter': 0, 'cost_fn': 'infidelity', 'temperature': 1.0, 'stepsize': 1.0, 'init_par': None, 'dump_interval': None}
init_par = [0.00013682718203391188, 2.9436747512269186e-05, 0.0004808496097154012, 0.00017667097924495842, -2.6423741304886915e-05, -0.00026467051088795667, -0.0003014215871138549, 0.0004624801072317787, -0.00038784577925835093, 0.0001377949405481939, -0.00026540816996741933, 6.131201296387151e-05, 0.0001589974234891498, -0.00028933957082132256, 0.0003973151158629198, 4.864540148259635e-05, 0.00034852221943234413, 0.00039515876745252823, -0.00011865660287708801, -5.720560593805603e-05, -0.0002557133029148625, -8.201143631023967e-05, -0.0003501013952247106, -9.499092257882116e-05, 5.168671611285793e-05, -0.0003318511913427811, 0.00045602580497795537, 3.1989775758339356e-05, 0.0002239055418227381, -0.00026342335536128704, 0.00019056303936818193, 0.00037680101614348245, -0.0002197612178443269, 0.00013734588909727983, -0.00011442795190050461, 0.00035692004462432555, 0.0004063908171063395, -0.0004055105137379658, -0.0001414254730658894, -0.00022789768134812963, -0.00042749175167422206, -0.0003796097265395984, -0.0004532302337709325, -0.00024854414347636356, 0.000317739430769397, -0.00017739548637662762, -8.484284627560581e-05, -6.203589606086781e-05, -0.0002904359672240926, 0.000446278686626515, 0.00034090282172366873, 0.000182732465727172, 0.0002345753377360828, -9.689400714677697e-05, -0.00031469474267935206, -0.000366236239931124, 0.0004895556891566697, -2.660876337347496e-05, 0.0002926639831592353, 0.0002596081951604807, -0.0002666859923147243, -0.00048638181792524194, 0.0003429140989938117, 0.0004973486251987904, 0.00045288641708284786, -0.00045991383786936536, 2.8589502733270466e-05, 0.0002849163169807555, 0.0001365314791255363, -0.00036676390940548666, -8.462248680362206e-06, -0.0004838466847840413, 0.0002613637668048278, -0.00048097211306709256, -2.692412712845219e-05, -0.0004971405979584915, 7.344228444286993e-05, -0.0002674406232301362, -0.00013971449322091348, 0.00014935696245281125, 0.00038786591445600467, -7.358448411887944e-05, -0.00043082894369499483, 0.00025395148523308124, 0.00010394714782258378, -0.00010156667951827404, 0.00010799007732024968, -0.00047385847770957704, -0.00036009859014612836, 5.841417267920027e-05, 0.00010369955070528623, 0.00020105350128029231, 0.0004989992176488765, -0.00030661414944822965, -0.00012722801449891775, 0.00012244037048932805, 0.00037499842273744203, -2.0017446102628682e-05, 0.00021323565542628973, -8.882424349455567e-05, 0.0002057918218783889, -0.0003173644534395129, 0.0001685447649602815, -0.00028367622139324647, 0.00011775439646270964, -0.00039217836749286364, 9.668007288264613e-06, 0.0004498198071601411, 0.00036094626061699, -7.961662763206591e-05, -0.00018269483757233366, 4.894311626288102e-05, 0.00013661131059162612, -0.00033801260260500534, 0.00018585418361971573, -7.226471299678504e-05, -0.00014638891399046172, 0.00021894245396331113, 0.00026135195433876865, 0.00039719335091528067, 0.0003003065123085132, -0.00010879721423257384, 0.00017395133446548882, 0.0001327414914306242, 0.00021496509794315794, -0.00048435597695470524, 0.00030510349567320803, 2.356038126835017e-05, -6.443632518953228e-05, -0.0002253049561055216, -0.0003140301032722035, -0.0003010430704886093, 0.00038469162793300545, 0.00024141453357216422, -0.00042229583081904545, 0.00027346796534484584, -0.0003233246456783199, 0.00012087488442136566, 0.00022647639963710735, 0.0004600414731805001, -0.0004312250475425761, 0.00047806723641544927, 0.0004738414426624187, -0.00021358715874349746]
 
RESULTS:
--------
E_VQE = -5.352313441192667
inf_VQE = 0.02261111203660715
n_fn_calls = 558
Wall-clock time 5.794968659016821 hours
 
For more output, see /home/jorisk2/HVQE/data/kagome/periodic/own_graph/opg/infidelity/2x2/output.txt
Plots of output saved in /home/jorisk2/HVQE/data/kagome/periodic/own_graph/opg/infidelity/2x2
End of HVQE.py
==========================================================================================
No CuPy installation found, continuing without GPU acceleration.
having the CPUs {0, 1, 4, 5} available.
Started basinhopping at 2020-12-25 11:58:16.051220 UTC, with
command line arguments = {'path': '/home/jorisk2/HVQE/data/kagome/periodic/own_graph/opg/infidelity/2x2', 'n_par': 168, 'par_multiplicity': 1, 'n_iter': 0, 'cost_fn': 'infidelity', 'temperature': 1.0, 'stepsize': 1.0, 'init_par': None, 'dump_interval': None}
runtime variables =  {'GPU': False, 'date_start': '2020-12-25 11:58:16.051220', 'complete_graph': [(0, 4), (2, 6), (8, 7), (10, 5), (11, 1), (9, 3), (1, 4), (3, 6), (5, 8), (7, 10), (9, 0), (11, 2), (1, 2), (3, 0), (6, 8), (4, 10), (5, 9), (7, 11), (0, 1), (2, 3), (4, 5), (6, 7), (8, 9), (10, 11)], 'init_layer': [(0, 1), (2, 3), (4, 5), (6, 7), (8, 9), (10, 11)], 'layers': [[(0, 4), (2, 6), (8, 7), (10, 5), (11, 1), (9, 3)], [(1, 4), (3, 6), (5, 8), (7, 10), (9, 0), (11, 2)], [(1, 2), (3, 0), (6, 8), (4, 10), (5, 9), (7, 11)], [(0, 1), (2, 3), (4, 5), (6, 7), (8, 9), (10, 11)]], 'n': 12}
.................................................................................................................................................................................................................................................................................................................................................................................................................................................................................................................................................................................................. 
==========================================================================================
Finished basinhopping of  /home/jorisk2/HVQE/data/kagome/periodic/own_graph/opg/infidelity/2x2 at 2020-12-25 19:39:44.393385 UTC, with
 
{'path': '/home/jorisk2/HVQE/data/kagome/periodic/own_graph/opg/infidelity/2x2', 'n_par': 168, 'par_multiplicity': 1, 'n_iter': 0, 'cost_fn': 'infidelity', 'temperature': 1.0, 'stepsize': 1.0, 'init_par': None, 'dump_interval': None}
init_par = [0.0003786594699953351, 3.877419918962258e-05, 0.0002245614123019407, -0.0004860051400153114, -2.6471450847313934e-05, 0.00025941220157294225, -0.00020127072159710127, 0.0003349939676158013, -0.0003080849690827723, -0.0002533540801226112, 0.00019298076384004377, -0.0002033671765971831, -0.00023831224527743412, -0.0002753948471134764, 1.0767709205882457e-06, 0.00043799650650256576, -7.890811913755067e-06, 0.00019561000790763465, 2.5396967553838385e-05, 0.00028578516007813184, 0.00028521974479770427, 0.0001122304110782777, 0.00021615357854191887, 8.730733434404237e-05, 0.00013972277680051302, 0.00023474054525428464, 0.00026296329539221043, 0.0004239878743089358, -0.00028763816143861665, -0.00036972054278315314, -0.00038736687708709863, -0.00025342892229031556, 1.6341528773206873e-05, 5.7892138649482446e-05, -0.0001039535298611343, 0.00012313254978950968, 1.1792083614815645e-05, 0.0003573142378569663, -0.0004346938224105139, 9.978566641939473e-05, -3.117067436132548e-05, 9.603014718239386e-06, 0.00019725463240314646, 0.0003520574089368703, -5.301275141437903e-05, 0.0004557765476577108, 9.93509324789221e-05, 0.00044196643103279313, 0.00029505237578148597, -0.0003766346646340031, -0.00040441169060643914, 8.004816824635434e-05, -0.00021991609794031754, -0.00024901575250146923, 0.00040678347956655766, 9.678858005984846e-05, 0.0003681575032668796, 0.000217156035714826, -0.00039820034647160166, -1.5821841740899648e-05, -0.0004849538187963404, 0.0004879235330223148, 0.00012469893577540293, -0.0004950268319014863, -8.582483568071145e-05, 0.00011149799208598021, 1.0700728223123068e-05, -0.00017870769070249483, 0.00040731360060075757, -0.0002044758757136056, -5.047935948804586e-05, -0.0003418071511824685, 0.0003106091954528917, 4.138808243781835e-05, -7.700637074599669e-05, 0.00015583958505610562, -5.556696602347855e-05, -0.0002665152081342821, -7.876663725605448e-05, 0.0003161481484312581, 0.00011353527488869883, 0.000314214686686277, -0.00020485734543608481, -0.000391044086970068, -0.00037924749974804073, -0.0004083106860201948, -0.0004163493756666281, -1.1756212175111818e-05, 8.211754764267973e-05, 0.00043830216544797564, 0.00043057685854294096, 0.0003890225614740446, -0.0002349177298696136, -2.4486317782038798e-05, 0.000401935779351293, 0.0002753589741951865, -0.00045183845787143253, -0.00025532836016922976, -1.957400113183585e-05, -2.4337829410371094e-05, 0.0003462016012269665, 0.00042578125387314936, 1.0822204333627234e-05, -3.082904037449087e-05, 0.00012496927441953663, 5.76489188871261e-05, 0.000494193825675689, -0.00020553016306081376, 0.00025378908418870866, -0.00046473982505868493, 0.00010930321426286965, 9.202451788108048e-05, 0.0003965967627296385, 0.0003062875251311069, -0.0002461756105050478, -0.00038760805301308254, 0.000405733065694034, 0.00032763103943767914, 0.00016098888255887379, -0.00027560816147170633, 5.1930592843970474e-05, 0.00018090799544413587, 0.0001436925794206349, -0.00016120385529029568, -0.0003901546533260133, 0.00018850831371285755, 0.00012595476010545314, -0.0003971352358811019, 0.00041831223396066324, 0.00030101322149966316, -0.0003127848914873876, 0.0002724215730016996, -7.5470862982001405e-06, 0.0002870340619230145, 7.947972163490171e-05, -1.6924052302832993e-05, -0.0003636878230688646, 6.479594776011603e-05, 0.00010622980569806328, 0.0004329022327053747, -0.0004748062041812561, 2.179300093552378e-05, -0.0001830240685264728, -0.0003063461743442554, 0.0002390174246278897, 0.00025300160758215124, -0.00034579550191820717, 0.0002902708725635437, -4.125993005703245e-05, 7.054110499859784e-05, 0.0004840699738358641, -0.0003262342451630099, 4.3254337049662326e-05, -4.727374250675022e-05, 0.0002717091252048158, 0.00048177685787929555, -0.0002989196228928508, 1.2104402873858275e-05, 3.997561712217176e-05, 0.0002526481903206444, -2.7322180049516834e-05, -0.0002393521206603648, -0.00028752435535758705, 0.00023668597955865168, -1.2662316017197038e-05, -0.0002758445237475152, -1.2771579705474722e-05, 0.0002404326346184181]
 
RESULTS:
--------
E_VQE = -5.392255807175062
inf_VQE = 0.012123452833652681
n_fn_calls = 578
Wall-clock time 7.673187965949377 hours
 
For more output, see /home/jorisk2/HVQE/data/kagome/periodic/own_graph/opg/infidelity/2x2/output.txt
Plots of output saved in /home/jorisk2/HVQE/data/kagome/periodic/own_graph/opg/infidelity/2x2
End of HVQE.py
==========================================================================================
No CuPy installation found, continuing without GPU acceleration.
having the CPUs {0, 1, 4, 5} available.
Started basinhopping at 2020-12-25 19:49:19.724920 UTC, with
command line arguments = {'path': '/home/jorisk2/HVQE/data/kagome/periodic/own_graph/opg/infidelity/2x2', 'n_par': 192, 'par_multiplicity': 1, 'n_iter': 0, 'cost_fn': 'infidelity', 'temperature': 1.0, 'stepsize': 1.0, 'init_par': None, 'dump_interval': None}
runtime variables =  {'GPU': False, 'date_start': '2020-12-25 19:49:19.724920', 'complete_graph': [(0, 4), (2, 6), (8, 7), (10, 5), (11, 1), (9, 3), (1, 4), (3, 6), (5, 8), (7, 10), (9, 0), (11, 2), (1, 2), (3, 0), (6, 8), (4, 10), (5, 9), (7, 11), (0, 1), (2, 3), (4, 5), (6, 7), (8, 9), (10, 11)], 'init_layer': [(0, 1), (2, 3), (4, 5), (6, 7), (8, 9), (10, 11)], 'layers': [[(0, 4), (2, 6), (8, 7), (10, 5), (11, 1), (9, 3)], [(1, 4), (3, 6), (5, 8), (7, 10), (9, 0), (11, 2)], [(1, 2), (3, 0), (6, 8), (4, 10), (5, 9), (7, 11)], [(0, 1), (2, 3), (4, 5), (6, 7), (8, 9), (10, 11)]], 'n': 12}
.................................................................................................................................................................................slurmstepd: error: *** JOB 7176063 ON r38n2 CANCELLED AT 2020-12-25T23:48:40 DUE TO TIME LIMIT ***
