No CuPy installation found, continuing without GPU acceleration.
having the CPUs {32, 33, 36, 37} available.
Started basinhopping at 2020-12-24 22:48:36.598029 UTC, with
command line arguments = {'path': '/home/jorisk2/HVQE/data/kagome/periodic/own_graph/opg/infidelity/2x2', 'n_par': 48, 'par_multiplicity': 1, 'n_iter': 0, 'cost_fn': 'infidelity', 'temperature': 1.0, 'stepsize': 1.0, 'init_par': None, 'dump_interval': None}
runtime variables =  {'GPU': False, 'date_start': '2020-12-24 22:48:36.598029', 'complete_graph': [(0, 4), (2, 6), (8, 7), (10, 5), (11, 1), (9, 3), (1, 4), (3, 6), (5, 8), (7, 10), (9, 0), (11, 2), (1, 2), (3, 0), (6, 8), (4, 10), (5, 9), (7, 11), (0, 1), (2, 3), (4, 5), (6, 7), (8, 9), (10, 11)], 'init_layer': [(0, 1), (2, 3), (4, 5), (6, 7), (8, 9), (10, 11)], 'layers': [[(0, 4), (2, 6), (8, 7), (10, 5), (11, 1), (9, 3)], [(1, 4), (3, 6), (5, 8), (7, 10), (9, 0), (11, 2)], [(1, 2), (3, 0), (6, 8), (4, 10), (5, 9), (7, 11)], [(0, 1), (2, 3), (4, 5), (6, 7), (8, 9), (10, 11)]], 'n': 12}
................................................................................................................................................................................................................ 
==========================================================================================
Finished basinhopping of  /home/jorisk2/HVQE/data/kagome/periodic/own_graph/opg/infidelity/2x2 at 2020-12-24 23:21:41.454690 UTC, with
 
{'path': '/home/jorisk2/HVQE/data/kagome/periodic/own_graph/opg/infidelity/2x2', 'n_par': 48, 'par_multiplicity': 1, 'n_iter': 0, 'cost_fn': 'infidelity', 'temperature': 1.0, 'stepsize': 1.0, 'init_par': None, 'dump_interval': None}
init_par = [0.00019919597381333552, 0.00017803346084950273, 0.00015877050012728857, 0.0004781328949626689, 0.00043876546887960683, -7.632240368353238e-05, 0.00013958030795749104, -0.0003356465217168794, -0.00020273292565176396, -0.00022752622351491115, 3.143560169379788e-05, 0.00013138403663795213, 0.0003404914744004217, 0.00034251661916722255, 0.00040919575609273074, -0.00045136675287731033, 0.0003997572491841098, -0.00036988752461270696, 6.644557035722157e-05, 6.775286363391528e-05, -0.00011083343312949333, 0.0002528538701098684, 8.506441905336594e-05, -0.00025154807267205716, 0.0004924513784403887, -0.0002596431677857726, -0.00017893237903488337, -0.0002657346655922728, 0.00037576258954498507, 0.00027336701956058584, 0.0003277018578788618, 0.00042609362923663795, 0.00021510612952310433, -0.0001709526346731839, -0.00048377242297727776, 0.0001841584499859268, 0.00044059975977196806, 0.00015866428953201998, -0.00014514483833033, 0.00016447374274251424, -3.9159033601226655e-05, -0.00022701691900736622, 0.00011674634149516508, 3.9420190199435275e-05, 5.0224371616633596e-05, 0.00019346764781364605, 0.0003753987323305137, 0.0003261932558146195]
 
RESULTS:
--------
E_VQE = -4.838374611404475
inf_VQE = 0.2873011666039703
n_fn_calls = 208
Wall-clock time 0.537356443670061 hours
 
For more output, see /home/jorisk2/HVQE/data/kagome/periodic/own_graph/opg/infidelity/2x2/output.txt
Plots of output saved in /home/jorisk2/HVQE/data/kagome/periodic/own_graph/opg/infidelity/2x2
End of HVQE.py
==========================================================================================
No CuPy installation found, continuing without GPU acceleration.
having the CPUs {32, 33, 36, 37} available.
Started basinhopping at 2020-12-24 23:34:01.456452 UTC, with
command line arguments = {'path': '/home/jorisk2/HVQE/data/kagome/periodic/own_graph/opg/infidelity/2x2', 'n_par': 72, 'par_multiplicity': 1, 'n_iter': 0, 'cost_fn': 'infidelity', 'temperature': 1.0, 'stepsize': 1.0, 'init_par': None, 'dump_interval': None}
runtime variables =  {'GPU': False, 'date_start': '2020-12-24 23:34:01.456452', 'complete_graph': [(0, 4), (2, 6), (8, 7), (10, 5), (11, 1), (9, 3), (1, 4), (3, 6), (5, 8), (7, 10), (9, 0), (11, 2), (1, 2), (3, 0), (6, 8), (4, 10), (5, 9), (7, 11), (0, 1), (2, 3), (4, 5), (6, 7), (8, 9), (10, 11)], 'init_layer': [(0, 1), (2, 3), (4, 5), (6, 7), (8, 9), (10, 11)], 'layers': [[(0, 4), (2, 6), (8, 7), (10, 5), (11, 1), (9, 3)], [(1, 4), (3, 6), (5, 8), (7, 10), (9, 0), (11, 2)], [(1, 2), (3, 0), (6, 8), (4, 10), (5, 9), (7, 11)], [(0, 1), (2, 3), (4, 5), (6, 7), (8, 9), (10, 11)]], 'n': 12}
....................................................................................................................................................................................................................................................................... 
==========================================================================================
Finished basinhopping of  /home/jorisk2/HVQE/data/kagome/periodic/own_graph/opg/infidelity/2x2 at 2020-12-25 01:12:13.841409 UTC, with
 
{'path': '/home/jorisk2/HVQE/data/kagome/periodic/own_graph/opg/infidelity/2x2', 'n_par': 72, 'par_multiplicity': 1, 'n_iter': 0, 'cost_fn': 'infidelity', 'temperature': 1.0, 'stepsize': 1.0, 'init_par': None, 'dump_interval': None}
init_par = [0.00036054437521563, -0.00021082200080435712, 0.00048773444861366193, -9.836057531955965e-05, -0.00020702443324700992, -2.6424369091026557e-05, 0.0002039644443844477, -0.0002817901362215362, -0.0002373018202971461, -0.0004884996415296288, -0.0004324369797010587, 6.958597600375204e-05, -0.00044799080837887686, 0.0003808643570302816, -0.0003182081134628867, -0.0004102605942010885, -5.007182704114656e-06, -0.0003218858222677575, 1.3506137668807604e-05, -0.0004012369621474269, -5.9026482232070845e-05, 0.00031434871663122105, -0.0001750479067201137, -0.00037426198617338305, -0.00039249001256535013, 4.0717602960552916e-05, 0.00031581276032421847, 0.00035557099652726385, -0.0002827819261973521, 0.0001578232894209221, -0.0002746642315955771, -0.00044232698725214336, -0.00010723762485818135, 4.102860693159377e-05, 7.625938599018205e-06, 0.0003978978517273675, 0.00011148651956162717, 0.00020880355372603, 0.0002251387720753037, -0.00013307585734622008, 6.353383582615704e-05, -0.000303987797173483, -0.00019205385216299108, -9.943058968386854e-05, 0.00037818783608894937, 0.0002745720278264477, 7.978946753790935e-05, 0.0003412745417558689, -0.00015476730935788386, 0.0004556610123200612, 0.00033844513441249377, 2.1514394705297022e-05, -0.00010385745606861609, 2.3930571020489488e-05, 0.0002910785348004927, -0.0004486519214822613, -0.00018315168260896322, 6.380565282267819e-05, 0.0002850462564348168, 3.846734112371872e-05, 0.0001444177185580273, -4.8652242070564055e-05, -0.00042736241042703386, 0.0001057993461828316, -0.00025178230754784606, -9.682836257453108e-05, 0.0004581579536482238, 4.386052583062888e-05, 0.000272522536723694, 8.886269051224373e-05, 0.00010646129959919546, -0.00041624198536646206]
 
RESULTS:
--------
E_VQE = -5.027331155498836
inf_VQE = 0.14177236480050814
n_fn_calls = 263
Wall-clock time 1.5942518054114447 hours
 
For more output, see /home/jorisk2/HVQE/data/kagome/periodic/own_graph/opg/infidelity/2x2/output.txt
Plots of output saved in /home/jorisk2/HVQE/data/kagome/periodic/own_graph/opg/infidelity/2x2
End of HVQE.py
==========================================================================================
No CuPy installation found, continuing without GPU acceleration.
having the CPUs {32, 33, 36, 37} available.
Started basinhopping at 2020-12-25 01:23:38.767420 UTC, with
command line arguments = {'path': '/home/jorisk2/HVQE/data/kagome/periodic/own_graph/opg/infidelity/2x2', 'n_par': 96, 'par_multiplicity': 1, 'n_iter': 0, 'cost_fn': 'infidelity', 'temperature': 1.0, 'stepsize': 1.0, 'init_par': None, 'dump_interval': None}
runtime variables =  {'GPU': False, 'date_start': '2020-12-25 01:23:38.767420', 'complete_graph': [(0, 4), (2, 6), (8, 7), (10, 5), (11, 1), (9, 3), (1, 4), (3, 6), (5, 8), (7, 10), (9, 0), (11, 2), (1, 2), (3, 0), (6, 8), (4, 10), (5, 9), (7, 11), (0, 1), (2, 3), (4, 5), (6, 7), (8, 9), (10, 11)], 'init_layer': [(0, 1), (2, 3), (4, 5), (6, 7), (8, 9), (10, 11)], 'layers': [[(0, 4), (2, 6), (8, 7), (10, 5), (11, 1), (9, 3)], [(1, 4), (3, 6), (5, 8), (7, 10), (9, 0), (11, 2)], [(1, 2), (3, 0), (6, 8), (4, 10), (5, 9), (7, 11)], [(0, 1), (2, 3), (4, 5), (6, 7), (8, 9), (10, 11)]], 'n': 12}
............................................................................................................................................................................................................................................ 
==========================================================================================
Finished basinhopping of  /home/jorisk2/HVQE/data/kagome/periodic/own_graph/opg/infidelity/2x2 at 2020-12-25 03:58:36.821620 UTC, with
 
{'path': '/home/jorisk2/HVQE/data/kagome/periodic/own_graph/opg/infidelity/2x2', 'n_par': 96, 'par_multiplicity': 1, 'n_iter': 0, 'cost_fn': 'infidelity', 'temperature': 1.0, 'stepsize': 1.0, 'init_par': None, 'dump_interval': None}
init_par = [-0.00033595957937139335, -0.00015527802389926837, -0.0003752777121555186, 0.0001406724933444303, -0.0004812442883924153, -0.0004234741124894049, 0.00028012468426561225, -0.0004136955131488518, 0.0001380811557993301, 0.00040970689550214555, 8.472482087971056e-05, 0.00030897114047905635, 0.000440379731884796, -1.831281678391539e-05, -0.0003466989665881782, 0.0003079368141260617, -0.00029503281751230403, 0.00011346711372370614, -0.0002079927951357501, 0.00039623757446306557, 0.0001117014419170589, -0.0002320172815466741, 0.00022679298707656867, 9.981678400285154e-05, 0.00026517731414448724, 0.00014158024147630378, 0.0003742595631828487, 1.5864299574954994e-05, 0.000395186130782649, -0.0003039772359936942, -0.00016147359450647614, -7.110776571351651e-05, 0.0004257827530366543, -0.00045116576543890243, 0.0001296220044895636, 3.0355726457235326e-05, 0.00022296652760363353, -0.00012718007817330427, 0.00035873694433298606, 0.00023165092951606537, -4.14579724848322e-05, -0.00035353147145104273, 0.0001093010087013644, -0.000462128612129159, -0.0002633146705311289, 0.0002112226052623041, -0.00038805398046564565, 0.00032865576682344975, -0.0003620540737159822, -0.00015572128317578273, -0.0002591554765955039, -0.00034291765198107106, -3.412025443862165e-05, 0.00016069677340701648, -0.0004542590595745322, 5.73633127390012e-05, -0.00028228532764382577, -0.00015621659996299832, -0.0004694561022458388, 7.429068389501611e-05, -8.769545346909983e-05, 0.00010852718990310992, 0.0002844011612037256, -0.0003619774645094853, -0.00037683680787828323, -0.0003031487762367928, -0.00016161394177432808, -0.0004319660841119516, 0.00011098843613228796, 0.0003543534896925829, -0.0003442666237872236, 0.0003910036169309101, -0.0001278968136128215, -0.00023611349370736712, 0.00015973116018770954, 0.0003326204802856763, 7.192167399445884e-05, -0.00010744719555293115, -0.0004962376636499312, 0.00047957531146700875, -0.00029576282984130795, -0.0002029431193733142, -0.00020586281869477074, 0.0003203199633809682, 0.0004755733929998081, 0.0002452747164287456, -1.591770296524277e-05, -0.0001998868950611402, -0.0001523796236425006, -0.00024571963723127364, -2.0165859970548868e-05, -0.00025057625325589707, 0.0003858407560433317, 0.0001600073210553303, -5.8473832386370084e-05, 0.00017235675621830317]
 
RESULTS:
--------
E_VQE = -5.085620613236745
inf_VQE = 0.0987005531157088
n_fn_calls = 236
Wall-clock time 2.5384388150109185 hours
 
For more output, see /home/jorisk2/HVQE/data/kagome/periodic/own_graph/opg/infidelity/2x2/output.txt
Plots of output saved in /home/jorisk2/HVQE/data/kagome/periodic/own_graph/opg/infidelity/2x2
End of HVQE.py
==========================================================================================
No CuPy installation found, continuing without GPU acceleration.
having the CPUs {32, 33, 36, 37} available.
Started basinhopping at 2020-12-25 04:15:27.188794 UTC, with
command line arguments = {'path': '/home/jorisk2/HVQE/data/kagome/periodic/own_graph/opg/infidelity/2x2', 'n_par': 120, 'par_multiplicity': 1, 'n_iter': 0, 'cost_fn': 'infidelity', 'temperature': 1.0, 'stepsize': 1.0, 'init_par': None, 'dump_interval': None}
runtime variables =  {'GPU': False, 'date_start': '2020-12-25 04:15:27.188794', 'complete_graph': [(0, 4), (2, 6), (8, 7), (10, 5), (11, 1), (9, 3), (1, 4), (3, 6), (5, 8), (7, 10), (9, 0), (11, 2), (1, 2), (3, 0), (6, 8), (4, 10), (5, 9), (7, 11), (0, 1), (2, 3), (4, 5), (6, 7), (8, 9), (10, 11)], 'init_layer': [(0, 1), (2, 3), (4, 5), (6, 7), (8, 9), (10, 11)], 'layers': [[(0, 4), (2, 6), (8, 7), (10, 5), (11, 1), (9, 3)], [(1, 4), (3, 6), (5, 8), (7, 10), (9, 0), (11, 2)], [(1, 2), (3, 0), (6, 8), (4, 10), (5, 9), (7, 11)], [(0, 1), (2, 3), (4, 5), (6, 7), (8, 9), (10, 11)]], 'n': 12}
................................................................................................................................................................................................................................................................................................................................................................................................................................................................................................................................................ 
==========================================================================================
Finished basinhopping of  /home/jorisk2/HVQE/data/kagome/periodic/own_graph/opg/infidelity/2x2 at 2020-12-25 13:23:45.689005 UTC, with
 
{'path': '/home/jorisk2/HVQE/data/kagome/periodic/own_graph/opg/infidelity/2x2', 'n_par': 120, 'par_multiplicity': 1, 'n_iter': 0, 'cost_fn': 'infidelity', 'temperature': 1.0, 'stepsize': 1.0, 'init_par': None, 'dump_interval': None}
init_par = [0.00036656779382584516, -0.0003881874095295024, 2.976192935315314e-06, 0.00022827097529599678, 6.214804828673002e-05, -4.164591065749623e-05, -0.00013135991536012716, 0.00026708475569132593, -0.0002143425738425964, 5.4543671305840665e-05, 5.441032902239707e-05, 0.0002695252264765139, 0.0001826931443758785, -0.00022762596213879172, -0.00039940515474580187, 5.582820532412083e-05, -0.00038138325871155435, -1.8438391934406657e-05, -0.0004776379015136729, 0.00033532224502246346, -0.0002722369215590563, 6.19730979269658e-05, -0.00020052564793096296, -0.00021552110553808303, -0.00010147829066626494, -0.00018013360997561545, 9.465519191665425e-05, 5.081860574852578e-07, 0.000192451985043176, -0.00023835390430525705, -0.0002867880692529834, -0.0002373072298035195, 7.244870195905579e-05, -0.00011270751802138157, 0.000452856985359889, 3.0132187105950405e-05, 0.00027375111559542313, -0.00014604239671290345, -0.00024603910835623553, -0.00022628166105349325, -0.00041922616065393414, -0.0003454582680381355, 0.0004960500225251524, 0.00027921151473518093, 7.061613955948627e-05, -4.350137844349555e-05, -7.840669809319257e-05, -0.00045730784770627253, -8.637735014740554e-05, -0.0004958067785651452, 0.0003859926682486251, -0.00040170318590626353, -0.00030557834342450865, 0.00032572762818245413, 4.846555611160092e-05, -0.00024167843112799507, 0.0002142527931422902, -6.130524893341056e-06, -0.00025936655852556144, 0.00031683682275264523, 0.0004733523074039375, -0.00031531593818853254, 0.0004554058703724182, 0.00040987219458118096, -1.5084793627371726e-05, -6.958608788442587e-05, 0.00038689712555484666, -0.00022185757955224653, -0.0002998847137213413, 0.00041299363470292635, 0.0003223668607948776, -0.00048417939767293863, 0.0003952594805510483, -0.0003712039386637448, 0.0004889205379635989, -2.3996457181705178e-05, 0.00012350827527407376, 0.0002482693337156757, -0.0002739816329051763, -0.00021767987697771742, -0.00010564885038508664, 0.00012515946119126022, 0.00031020159205458404, 7.679254918406151e-05, -0.00034974360161344354, -3.421253971456242e-05, -0.000349723761580173, -0.000396670302581875, -0.00015862335748751001, 0.00034433510227263164, -0.0001680018374814506, 0.0001293316419281918, -0.0004505090043736412, -0.00017202029343294867, -5.4462442555667265e-05, 0.0001688929097306489, 0.00042362852523014605, 0.000406247471240976, -0.0002506656956901674, -4.174829722713183e-05, 0.00029107883715292896, 0.00035140260647976117, -0.00037381730344610177, 0.00034313572303856104, 0.00012129092647299416, -0.00045338633041852296, -0.0003691746133105675, 0.00031820917035619905, -0.00028019779403000986, -0.0004278051534968067, 0.00020487713810052267, -0.00024902846064320716, -0.0002839328543214628, 0.00022092478163371636, 0.00047191277701571946, -0.0004705828939112876, -0.0001259066381927304, 0.00048402618150311964, 0.00015392151340747528, -0.00035381249947622655]
 
RESULTS:
--------
E_VQE = -5.26543006213254
inf_VQE = 0.04356820179916876
n_fn_calls = 528
Wall-clock time 9.083017451696925 hours
 
For more output, see /home/jorisk2/HVQE/data/kagome/periodic/own_graph/opg/infidelity/2x2/output.txt
Plots of output saved in /home/jorisk2/HVQE/data/kagome/periodic/own_graph/opg/infidelity/2x2
End of HVQE.py
==========================================================================================
No CuPy installation found, continuing without GPU acceleration.
having the CPUs {32, 33, 36, 37} available.
Started basinhopping at 2020-12-25 13:40:32.296389 UTC, with
command line arguments = {'path': '/home/jorisk2/HVQE/data/kagome/periodic/own_graph/opg/infidelity/2x2', 'n_par': 144, 'par_multiplicity': 1, 'n_iter': 0, 'cost_fn': 'infidelity', 'temperature': 1.0, 'stepsize': 1.0, 'init_par': None, 'dump_interval': None}
runtime variables =  {'GPU': False, 'date_start': '2020-12-25 13:40:32.296389', 'complete_graph': [(0, 4), (2, 6), (8, 7), (10, 5), (11, 1), (9, 3), (1, 4), (3, 6), (5, 8), (7, 10), (9, 0), (11, 2), (1, 2), (3, 0), (6, 8), (4, 10), (5, 9), (7, 11), (0, 1), (2, 3), (4, 5), (6, 7), (8, 9), (10, 11)], 'init_layer': [(0, 1), (2, 3), (4, 5), (6, 7), (8, 9), (10, 11)], 'layers': [[(0, 4), (2, 6), (8, 7), (10, 5), (11, 1), (9, 3)], [(1, 4), (3, 6), (5, 8), (7, 10), (9, 0), (11, 2)], [(1, 2), (3, 0), (6, 8), (4, 10), (5, 9), (7, 11)], [(0, 1), (2, 3), (4, 5), (6, 7), (8, 9), (10, 11)]], 'n': 12}
...........................................................................................................................................................................................................................................................................................................................................................................................................................slurmstepd: error: *** JOB 7176060 ON r38n4 CANCELLED AT 2020-12-25T23:48:40 DUE TO TIME LIMIT ***
