No CuPy installation found, continuing without GPU acceleration.
having the CPUs {2, 3, 6, 7} available.
Started basinhopping at 2020-12-24 22:49:11.500046 UTC, with
command line arguments = {'path': '/home/jorisk2/HVQE/data/kagome/periodic/own_graph/opg/infidelity/2x2', 'n_par': 48, 'par_multiplicity': 1, 'n_iter': 0, 'cost_fn': 'infidelity', 'temperature': 1.0, 'stepsize': 1.0, 'init_par': None, 'dump_interval': None}
runtime variables =  {'GPU': False, 'date_start': '2020-12-24 22:49:11.500046', 'complete_graph': [(0, 4), (2, 6), (8, 7), (10, 5), (11, 1), (9, 3), (1, 4), (3, 6), (5, 8), (7, 10), (9, 0), (11, 2), (1, 2), (3, 0), (6, 8), (4, 10), (5, 9), (7, 11), (0, 1), (2, 3), (4, 5), (6, 7), (8, 9), (10, 11)], 'init_layer': [(0, 1), (2, 3), (4, 5), (6, 7), (8, 9), (10, 11)], 'layers': [[(0, 4), (2, 6), (8, 7), (10, 5), (11, 1), (9, 3)], [(1, 4), (3, 6), (5, 8), (7, 10), (9, 0), (11, 2)], [(1, 2), (3, 0), (6, 8), (4, 10), (5, 9), (7, 11)], [(0, 1), (2, 3), (4, 5), (6, 7), (8, 9), (10, 11)]], 'n': 12}
...................................................................................................................................................................... 
==========================================================================================
Finished basinhopping of  /home/jorisk2/HVQE/data/kagome/periodic/own_graph/opg/infidelity/2x2 at 2020-12-24 23:06:30.171514 UTC, with
 
{'path': '/home/jorisk2/HVQE/data/kagome/periodic/own_graph/opg/infidelity/2x2', 'n_par': 48, 'par_multiplicity': 1, 'n_iter': 0, 'cost_fn': 'infidelity', 'temperature': 1.0, 'stepsize': 1.0, 'init_par': None, 'dump_interval': None}
init_par = [-3.619904567808962e-05, -0.000133200910645335, -0.00013553347181828682, 0.00017897149143522204, 0.00013990475200893531, -0.00021890254609517802, -0.00036585312733704924, -0.00029496708624661774, 0.000419926704882405, -0.00019189194419785263, 0.0001659679367377343, -4.919570685286577e-05, 0.00031744621068425, 0.00024102008256773812, -3.828969586683475e-05, 0.0002829174854784653, 0.00046538063356231236, -0.0002588759592026884, -0.000267115501287596, 0.0004628658409650835, 0.0002500581137113285, 0.0002432047075267478, 0.00025564508544439937, -0.0004783715173916447, 3.247002871623473e-05, -0.00015226427978110447, 0.0003597636252683789, 3.984758111173759e-05, 0.00016070659648584947, 4.06747371759341e-05, -4.4685746914343346e-05, -0.0003885374471877764, -0.0002832397813431807, -0.00034494951386372695, 4.7418740461329756e-05, 0.00043017211496493616, 1.658079542394067e-05, -2.05635926083493e-05, 0.000488932583865684, 2.837265965659804e-05, -0.00039006711602211885, 0.0004087510549440716, -0.00041962904448941663, -1.311313787116298e-05, -0.0003381118314815098, 0.00035551101806358435, -0.00042573316905995643, -0.0004733784210583617]
 
RESULTS:
--------
E_VQE = -4.706975217238261
inf_VQE = 0.29194074275017456
n_fn_calls = 166
Wall-clock time 0.2609800300333235 hours
 
For more output, see /home/jorisk2/HVQE/data/kagome/periodic/own_graph/opg/infidelity/2x2/output.txt
Plots of output saved in /home/jorisk2/HVQE/data/kagome/periodic/own_graph/opg/infidelity/2x2
End of HVQE.py
==========================================================================================
No CuPy installation found, continuing without GPU acceleration.
having the CPUs {2, 3, 6, 7} available.
Started basinhopping at 2020-12-24 23:11:16.089049 UTC, with
command line arguments = {'path': '/home/jorisk2/HVQE/data/kagome/periodic/own_graph/opg/infidelity/2x2', 'n_par': 72, 'par_multiplicity': 1, 'n_iter': 0, 'cost_fn': 'infidelity', 'temperature': 1.0, 'stepsize': 1.0, 'init_par': None, 'dump_interval': None}
runtime variables =  {'GPU': False, 'date_start': '2020-12-24 23:11:16.089049', 'complete_graph': [(0, 4), (2, 6), (8, 7), (10, 5), (11, 1), (9, 3), (1, 4), (3, 6), (5, 8), (7, 10), (9, 0), (11, 2), (1, 2), (3, 0), (6, 8), (4, 10), (5, 9), (7, 11), (0, 1), (2, 3), (4, 5), (6, 7), (8, 9), (10, 11)], 'init_layer': [(0, 1), (2, 3), (4, 5), (6, 7), (8, 9), (10, 11)], 'layers': [[(0, 4), (2, 6), (8, 7), (10, 5), (11, 1), (9, 3)], [(1, 4), (3, 6), (5, 8), (7, 10), (9, 0), (11, 2)], [(1, 2), (3, 0), (6, 8), (4, 10), (5, 9), (7, 11)], [(0, 1), (2, 3), (4, 5), (6, 7), (8, 9), (10, 11)]], 'n': 12}
..................................................................................................................................................................................................................................................... 
==========================================================================================
Finished basinhopping of  /home/jorisk2/HVQE/data/kagome/periodic/own_graph/opg/infidelity/2x2 at 2020-12-24 23:45:37.229949 UTC, with
 
{'path': '/home/jorisk2/HVQE/data/kagome/periodic/own_graph/opg/infidelity/2x2', 'n_par': 72, 'par_multiplicity': 1, 'n_iter': 0, 'cost_fn': 'infidelity', 'temperature': 1.0, 'stepsize': 1.0, 'init_par': None, 'dump_interval': None}
init_par = [8.472145443293676e-05, -1.749818482499468e-05, -4.20844904613148e-05, -0.0001369791648277443, 0.0004960510082717689, 0.00014388967668296727, -0.0003974956098212639, 0.00033592882889210284, 0.0004666613081315957, -0.00015429790855027838, -4.433394777934288e-05, 4.535351035402416e-05, -3.0915289502488346e-05, 0.000193442589817272, -0.00022434532580164048, -0.00029200408364754284, -0.00021193568420344033, 0.0003066153073481442, -0.00044044394133738944, 0.0004725208010518692, -0.0003888507328355088, 9.956984839066684e-05, 0.0003486062107456554, -0.00020067092240080479, -0.00013047932085651705, 0.00022654467270027034, 0.000456822975592352, 0.000266968507870573, 0.00017260791001123918, -0.0004203971211052289, 0.00045173799075896284, -0.00026995819048287214, -0.0003699445992699806, 0.00048378057159176183, -0.0003605142369871733, 0.00029394079781813634, 0.0004933332057652114, 0.0004937509663808654, 3.2004617090608946e-05, -0.00022813285942803262, 0.0004300327426964345, 0.00019600520209963636, -6.279569399709697e-05, -0.00025718225348033644, 0.0003778264315572001, -0.0004649634905760097, -8.601703627223047e-05, -0.0003713941193369331, -0.0004898663582712141, 0.00016598651934220479, 7.037341493276532e-05, 8.106726541748431e-05, 0.0001457627457396388, -0.00026450738340244606, -0.0001747039718751028, -0.0002720257030626067, 0.0004261702370983942, 2.34625323115692e-05, -0.00044716961324060546, -5.3385252906847406e-05, 0.0004218669829560356, -6.172979238363495e-05, -0.00027204657443967873, 0.00022071384758158845, 1.8914994213463593e-05, 9.92906230871571e-05, 0.000146920801076696, -0.00038090821559730016, 0.00023035463803843805, 0.0003664784042400539, -0.00039678130712726147, -7.135019210173835e-06]
 
RESULTS:
--------
E_VQE = -4.927263623348167
inf_VQE = 0.17074269052802604
n_fn_calls = 245
Wall-clock time 0.561449207994673 hours
 
For more output, see /home/jorisk2/HVQE/data/kagome/periodic/own_graph/opg/infidelity/2x2/output.txt
Plots of output saved in /home/jorisk2/HVQE/data/kagome/periodic/own_graph/opg/infidelity/2x2
End of HVQE.py
==========================================================================================
No CuPy installation found, continuing without GPU acceleration.
having the CPUs {2, 3, 6, 7} available.
Started basinhopping at 2020-12-24 23:49:59.369603 UTC, with
command line arguments = {'path': '/home/jorisk2/HVQE/data/kagome/periodic/own_graph/opg/infidelity/2x2', 'n_par': 96, 'par_multiplicity': 1, 'n_iter': 0, 'cost_fn': 'infidelity', 'temperature': 1.0, 'stepsize': 1.0, 'init_par': None, 'dump_interval': None}
runtime variables =  {'GPU': False, 'date_start': '2020-12-24 23:49:59.369603', 'complete_graph': [(0, 4), (2, 6), (8, 7), (10, 5), (11, 1), (9, 3), (1, 4), (3, 6), (5, 8), (7, 10), (9, 0), (11, 2), (1, 2), (3, 0), (6, 8), (4, 10), (5, 9), (7, 11), (0, 1), (2, 3), (4, 5), (6, 7), (8, 9), (10, 11)], 'init_layer': [(0, 1), (2, 3), (4, 5), (6, 7), (8, 9), (10, 11)], 'layers': [[(0, 4), (2, 6), (8, 7), (10, 5), (11, 1), (9, 3)], [(1, 4), (3, 6), (5, 8), (7, 10), (9, 0), (11, 2)], [(1, 2), (3, 0), (6, 8), (4, 10), (5, 9), (7, 11)], [(0, 1), (2, 3), (4, 5), (6, 7), (8, 9), (10, 11)]], 'n': 12}
.................................................................................................................................................................................................................................................................................................... 
==========================================================================================
Finished basinhopping of  /home/jorisk2/HVQE/data/kagome/periodic/own_graph/opg/infidelity/2x2 at 2020-12-25 01:13:56.818508 UTC, with
 
{'path': '/home/jorisk2/HVQE/data/kagome/periodic/own_graph/opg/infidelity/2x2', 'n_par': 96, 'par_multiplicity': 1, 'n_iter': 0, 'cost_fn': 'infidelity', 'temperature': 1.0, 'stepsize': 1.0, 'init_par': None, 'dump_interval': None}
init_par = [0.00031185711997125886, -6.942859732441119e-05, 0.0003551829071846529, -0.00023109668867252843, -6.761183450937504e-05, -0.0004431236173510732, -0.0004600332167199748, 0.0004534451171689225, 0.0004408070214324397, 0.0003357352537098231, -0.00018892625957081467, 0.0003313179278906068, 0.000474751931885452, -0.0004138187085004361, 0.00019640341272719806, 0.00014416420306934857, -0.0003751928743219113, 0.00035408017559437736, -5.516132427392517e-08, 0.0002695818652017787, 0.0001741717135961032, 6.676385184670988e-05, -0.0004628754065939669, -0.0001584046356772365, 1.0257425634931441e-05, 0.00024993448604551844, -0.0002832219218412857, 0.0004203285220596442, 0.00013752846500647564, -0.0001833492870909095, 0.00019039981062818313, 0.00022451085394847848, -0.00023501119287600925, 0.00033779013899386885, 0.00035821324564374614, 0.0004827157533360707, 0.00020100354726826548, -0.0004506504036664614, -0.00014238178937876235, 0.0001656230729104697, 0.00024031179849879443, 0.00016027777474006942, -0.000380714627624159, 5.5987280051300256e-05, -0.0003752506997523719, 0.00043427490156916406, -0.00025420690828961115, -6.122724452093482e-06, -7.38588342060771e-05, -0.00015037283723861038, -0.00034975199273570205, 2.964115726695278e-05, -0.00036588090820510136, -0.0002123337159719111, 0.00022024532927158948, -1.4410179938058505e-05, 0.00038608250007317953, 0.000378436022102234, 0.00015761774327219334, -0.00015613172569175972, 0.00046999472737777634, -0.0001522318772531531, -0.00012796175398074096, 0.0004693941860776222, 0.00026615349509995256, -0.00020142976729452613, 0.0001835338461449778, 0.0001800570190402124, -6.910510129396478e-05, 0.0001595140746632706, 0.0002595409654600249, 1.4434545588882467e-05, -0.00021504978902924334, 4.3890963591127125e-05, -0.00011988463618400435, 0.00023713480416335576, -0.00040621746475211006, 0.0004735118118887497, 0.00042141041473722047, 0.000224014048178319, -5.22778285909234e-06, -0.00016359228664916393, 0.0004348019080508103, 9.371620481563796e-06, -0.00040157960014877995, -0.00023484952949987014, 0.0003603589706559322, 0.00029191581688283797, -0.00023150915808781516, -7.191411758579837e-05, -3.166679926641094e-05, 0.00015586094544226556, 0.0003719557229913767, 0.0002986611279956334, 0.0004261317237121118, -0.00036228882798816186]
 
RESULTS:
--------
E_VQE = -5.136331800085887
inf_VQE = 0.09129350514875045
n_fn_calls = 292
Wall-clock time 1.383221619857682 hours
 
For more output, see /home/jorisk2/HVQE/data/kagome/periodic/own_graph/opg/infidelity/2x2/output.txt
Plots of output saved in /home/jorisk2/HVQE/data/kagome/periodic/own_graph/opg/infidelity/2x2
End of HVQE.py
==========================================================================================
No CuPy installation found, continuing without GPU acceleration.
having the CPUs {2, 3, 6, 7} available.
Started basinhopping at 2020-12-25 01:21:22.903651 UTC, with
command line arguments = {'path': '/home/jorisk2/HVQE/data/kagome/periodic/own_graph/opg/infidelity/2x2', 'n_par': 120, 'par_multiplicity': 1, 'n_iter': 0, 'cost_fn': 'infidelity', 'temperature': 1.0, 'stepsize': 1.0, 'init_par': None, 'dump_interval': None}
runtime variables =  {'GPU': False, 'date_start': '2020-12-25 01:21:22.903651', 'complete_graph': [(0, 4), (2, 6), (8, 7), (10, 5), (11, 1), (9, 3), (1, 4), (3, 6), (5, 8), (7, 10), (9, 0), (11, 2), (1, 2), (3, 0), (6, 8), (4, 10), (5, 9), (7, 11), (0, 1), (2, 3), (4, 5), (6, 7), (8, 9), (10, 11)], 'init_layer': [(0, 1), (2, 3), (4, 5), (6, 7), (8, 9), (10, 11)], 'layers': [[(0, 4), (2, 6), (8, 7), (10, 5), (11, 1), (9, 3)], [(1, 4), (3, 6), (5, 8), (7, 10), (9, 0), (11, 2)], [(1, 2), (3, 0), (6, 8), (4, 10), (5, 9), (7, 11)], [(0, 1), (2, 3), (4, 5), (6, 7), (8, 9), (10, 11)]], 'n': 12}
................................................................................................................................................................................................................................................................................................................................................................................................................................................................................................................................................................................................................................................................. 
==========================================================================================
Finished basinhopping of  /home/jorisk2/HVQE/data/kagome/periodic/own_graph/opg/infidelity/2x2 at 2020-12-25 05:35:26.701995 UTC, with
 
{'path': '/home/jorisk2/HVQE/data/kagome/periodic/own_graph/opg/infidelity/2x2', 'n_par': 120, 'par_multiplicity': 1, 'n_iter': 0, 'cost_fn': 'infidelity', 'temperature': 1.0, 'stepsize': 1.0, 'init_par': None, 'dump_interval': None}
init_par = [1.6198828603776233e-05, 0.0004625550060965506, -0.00022829058689614038, -2.3332824673952647e-06, -0.00015956842089792325, 0.000199934422460388, 4.1181178481149074e-05, -4.222634725382186e-06, -0.0003698573568975042, -0.0003232007668182314, -0.00046821542974177365, -0.00044551184539047973, -0.00038676687196110817, 0.000280871310111651, -4.718865586661637e-05, -0.00018740246267138084, -0.0001200070947561144, -0.0004855930674023086, -8.721788140849909e-05, 0.0003100272122562393, -0.00035386110471798647, 4.720590827735028e-05, -3.4825673574648416e-05, 0.00020273157530410226, 0.0003088071951728098, -7.105526367416669e-05, -0.0004864080667377173, -0.0003464178531208573, 4.324064076243459e-05, -0.00017670791274965658, 0.00035833885816641167, -0.00028617143027969994, 0.00032039517578054063, 0.00024672306606451043, -1.6472385686086327e-05, -0.00011932519980472923, -0.0004756294529997007, -0.00017369986718770102, 0.00037582414866893347, -0.00019838391048081374, -0.00023800272173796476, 0.00013646777520282503, -0.0004600203655682552, 0.000197828940419241, -0.00015360196707487218, -0.00023444859292557176, -0.00034501461768597023, 0.0001982998173239818, -1.6466882593412445e-05, 0.00026359012976281417, -0.0002447826305308756, -0.0003782282230524714, 2.3364666129351876e-05, 0.00012038561121214836, 0.00013766578397343264, -0.000439785037988092, 0.0004767485261384862, 0.00041677267099173184, -0.0002682788932286958, -0.0004290499530819324, -0.00013991200398543493, 0.0004801820027896047, -0.0003080900530954006, -0.0003161250579291545, 0.00024122581327967252, 0.00028453978002564704, -0.00045253107520025205, -9.242627028643977e-06, 0.00031052671375789793, 4.8430946599174176e-05, -5.687812121588353e-05, 0.0004889865592042162, 0.0002188364429908785, 0.0001297708849564373, -0.000391841914468697, -0.00027937055542393653, -0.0003656383772232165, 1.8859138225953446e-05, 0.0004500769234880663, -0.00011753418920922899, -0.0003327338709798558, -4.023865440373574e-05, 0.0002095674222900684, -0.00015910845677025143, 0.00015932728236813215, 0.0004283273737933908, 0.00036216776802026256, -0.00024391043477633723, -0.00034387975736253586, 0.00016548998539560127, -0.00027899901028171004, -0.0002330919578941848, -0.0002888802575202575, -0.00022227516116334468, 0.0004909098257877447, -0.0004122887300695373, -0.00010020546522118202, 7.075083628381603e-05, 8.852371582731709e-05, -0.00033500608447994685, 0.0001543897667227712, 0.0003606229024449896, 0.00022132834316806896, 0.00024128786130631996, -6.658387043054117e-05, 0.00025746692371219607, 6.521877482518971e-05, 0.0003055517157069358, 0.00040217856674299574, 0.00015166085190554401, 0.00048521761472147384, 0.0003160517060735701, 0.00018008043668535085, 7.481964881848717e-05, 3.078016063247065e-05, -3.442087374431248e-05, -0.0004408403807196417, 0.0002640057421783355, 0.00022706296669999467, -0.00032028097958712365]
 
RESULTS:
--------
E_VQE = -5.325525323380072
inf_VQE = 0.02941664649157405
n_fn_calls = 641
Wall-clock time 4.190185430314806 hours
 
For more output, see /home/jorisk2/HVQE/data/kagome/periodic/own_graph/opg/infidelity/2x2/output.txt
Plots of output saved in /home/jorisk2/HVQE/data/kagome/periodic/own_graph/opg/infidelity/2x2
End of HVQE.py
==========================================================================================
No CuPy installation found, continuing without GPU acceleration.
having the CPUs {2, 3, 6, 7} available.
Started basinhopping at 2020-12-25 05:41:06.121813 UTC, with
command line arguments = {'path': '/home/jorisk2/HVQE/data/kagome/periodic/own_graph/opg/infidelity/2x2', 'n_par': 144, 'par_multiplicity': 1, 'n_iter': 0, 'cost_fn': 'infidelity', 'temperature': 1.0, 'stepsize': 1.0, 'init_par': None, 'dump_interval': None}
runtime variables =  {'GPU': False, 'date_start': '2020-12-25 05:41:06.121813', 'complete_graph': [(0, 4), (2, 6), (8, 7), (10, 5), (11, 1), (9, 3), (1, 4), (3, 6), (5, 8), (7, 10), (9, 0), (11, 2), (1, 2), (3, 0), (6, 8), (4, 10), (5, 9), (7, 11), (0, 1), (2, 3), (4, 5), (6, 7), (8, 9), (10, 11)], 'init_layer': [(0, 1), (2, 3), (4, 5), (6, 7), (8, 9), (10, 11)], 'layers': [[(0, 4), (2, 6), (8, 7), (10, 5), (11, 1), (9, 3)], [(1, 4), (3, 6), (5, 8), (7, 10), (9, 0), (11, 2)], [(1, 2), (3, 0), (6, 8), (4, 10), (5, 9), (7, 11)], [(0, 1), (2, 3), (4, 5), (6, 7), (8, 9), (10, 11)]], 'n': 12}
.................................................................................................................................................................................................................................................................................................................................................................................................................... 
==========================================================================================
Finished basinhopping of  /home/jorisk2/HVQE/data/kagome/periodic/own_graph/opg/infidelity/2x2 at 2020-12-25 09:33:24.155021 UTC, with
 
{'path': '/home/jorisk2/HVQE/data/kagome/periodic/own_graph/opg/infidelity/2x2', 'n_par': 144, 'par_multiplicity': 1, 'n_iter': 0, 'cost_fn': 'infidelity', 'temperature': 1.0, 'stepsize': 1.0, 'init_par': None, 'dump_interval': None}
init_par = [0.00023047237448063293, -0.0003863546059914058, -0.00010648647360362353, 0.00025784904844551354, 0.0001317021758842767, -0.00037297946419195506, -0.00039056024921601184, 7.477001526768581e-05, -2.915553926646563e-05, -0.00010282180465521432, 0.000151543850698903, -0.00011867651858792061, -0.0003252973602747948, -8.778854536995454e-05, 0.00030638464115668085, 0.00039122750703834486, 0.0003339328003993384, -0.00038279423280304295, 0.0004697028688686552, 0.00013779588849476346, 0.00019321768114636195, -0.00012884031231827874, -0.00010510959081672387, -0.00040165617630885577, 0.0002582139537084823, 6.016228142525571e-05, 0.00045678533979871664, 0.00011552532240966581, 6.843048106919367e-05, -0.0003873362515415447, 0.00041236414084774647, 0.000217958767964913, 0.00012573531279281235, -0.0001229117018177258, 0.00027624227600541406, 0.00039087605220517504, 3.979650499828997e-05, -0.00020182274772140177, -0.00016958956407233072, 0.0003995797507694276, -0.0004824266244122462, 0.00013338589461386278, -0.000379196019844092, -0.00046060276370239316, -0.00016578759789492262, 9.732567102926828e-06, 0.00030603766078716543, -0.00019604423644187555, -0.000454515149853042, -0.0003047187135981256, -5.657666441762001e-05, 0.0004270934849958948, 0.0004571556287827884, -0.00038268040820997173, -5.999715363498614e-05, -0.00042816298916847906, 0.00018490939901103626, -0.00011323115222460503, -0.0004032218900159593, 0.0004912295517796592, 0.0003215114094794279, 0.00018450262461129207, -0.00025060145907170516, 0.00035846818921535543, -5.581039354029361e-05, 0.0004458409150828167, -0.0003894119544430782, 0.00025703301632731194, -0.0004621908129890309, -0.00037724233450946653, -0.0003301278179153514, 0.00021684335779368507, 0.0001940982052277393, -0.00010529536552574448, 0.00017600862290687112, 0.00024093601363817346, 0.00048253632344563897, -9.18798750709158e-05, -0.00031443614032172497, 0.00015348314554129445, -0.0004317558305694855, -0.00013827141360300387, 0.0004513549200762263, 0.00031282350014227335, 0.0003352547571665118, -5.53750042177579e-05, 0.0003769987475464629, 0.0003267093774922654, -0.0002851336074660341, -0.00017953468234597217, -2.965683135218813e-05, 5.6460925811116286e-05, -2.8552557318332157e-05, -8.82485257762715e-05, 0.00020446491896845343, -0.0004034564131135585, 0.00031748027656825384, 0.00042935137805381494, 0.00032488913559323724, -0.00018399146552960092, 0.0003920776632062496, -0.0003705514504206804, 0.00032304532353542067, 0.00010017479232304546, 0.0003617445506885125, 9.018054851055613e-05, 0.0003247427156365903, 0.0004952219178940053, 0.00039051030058997224, 0.0004662252594991572, 0.00047283596016188024, -0.00027164916616674264, 0.0004932322264337428, -0.0002900794620367671, -0.0004506442212882381, 0.0004114284466113433, 9.532489213955725e-06, 0.00038323688680989994, 0.00024638021297219536, 8.9942939538094e-05, -0.0001429416401799415, -0.0004807066370914932, -0.0003309774349527229, 1.2741238381428779e-05, -3.0475418865309484e-05, -0.00018754433056319134, -0.0003379302996108745, 0.00037570107002003815, 0.00038778769085999053, 0.00031983602155426975, -0.00027260407025402316, -0.0003413243304179605, -0.0002068317528348647, -1.206347862685932e-05, -0.00037884608113647337, 0.00039291949901996016, 0.00014283970328870025, -0.0002884228402495793, -0.00010239436386034806, -0.000438758168699531, -0.0004057412037160496, 0.00044604233087181065, 6.31869358824474e-05, -0.00020788995264377398]
 
RESULTS:
--------
E_VQE = -5.322286274219814
inf_VQE = 0.029530707991710425
n_fn_calls = 404
Wall-clock time 3.856803339388635 hours
 
For more output, see /home/jorisk2/HVQE/data/kagome/periodic/own_graph/opg/infidelity/2x2/output.txt
Plots of output saved in /home/jorisk2/HVQE/data/kagome/periodic/own_graph/opg/infidelity/2x2
End of HVQE.py
==========================================================================================
No CuPy installation found, continuing without GPU acceleration.
having the CPUs {2, 3, 6, 7} available.
Started basinhopping at 2020-12-25 09:39:40.819718 UTC, with
command line arguments = {'path': '/home/jorisk2/HVQE/data/kagome/periodic/own_graph/opg/infidelity/2x2', 'n_par': 168, 'par_multiplicity': 1, 'n_iter': 0, 'cost_fn': 'infidelity', 'temperature': 1.0, 'stepsize': 1.0, 'init_par': None, 'dump_interval': None}
runtime variables =  {'GPU': False, 'date_start': '2020-12-25 09:39:40.819718', 'complete_graph': [(0, 4), (2, 6), (8, 7), (10, 5), (11, 1), (9, 3), (1, 4), (3, 6), (5, 8), (7, 10), (9, 0), (11, 2), (1, 2), (3, 0), (6, 8), (4, 10), (5, 9), (7, 11), (0, 1), (2, 3), (4, 5), (6, 7), (8, 9), (10, 11)], 'init_layer': [(0, 1), (2, 3), (4, 5), (6, 7), (8, 9), (10, 11)], 'layers': [[(0, 4), (2, 6), (8, 7), (10, 5), (11, 1), (9, 3)], [(1, 4), (3, 6), (5, 8), (7, 10), (9, 0), (11, 2)], [(1, 2), (3, 0), (6, 8), (4, 10), (5, 9), (7, 11)], [(0, 1), (2, 3), (4, 5), (6, 7), (8, 9), (10, 11)]], 'n': 12}
............................................................................................................................................................................................................................................................................................................................................................................................................................... 
==========================================================================================
Finished basinhopping of  /home/jorisk2/HVQE/data/kagome/periodic/own_graph/opg/infidelity/2x2 at 2020-12-25 14:08:09.152041 UTC, with
 
{'path': '/home/jorisk2/HVQE/data/kagome/periodic/own_graph/opg/infidelity/2x2', 'n_par': 168, 'par_multiplicity': 1, 'n_iter': 0, 'cost_fn': 'infidelity', 'temperature': 1.0, 'stepsize': 1.0, 'init_par': None, 'dump_interval': None}
init_par = [-0.00015600598770171915, -7.473220649913473e-05, 0.000493398938509159, -0.00011461094930962637, -0.00016162417813489163, -0.00017482895978837044, -9.159716537359412e-05, -0.0004332863143366901, -0.0003383408307862898, 0.0002036265683499378, 0.000240666884717337, -0.00029686666275752986, 3.1165154920780405e-05, -0.0004057308992902408, -0.00042777841850806454, -0.0002350512183438185, -0.00023233184346720527, 0.0002836856699255586, -0.00037422485952132915, -0.0003890932997444678, 0.0004347428872287125, 0.0004095472273074373, -0.00033165540174170705, -0.00015561525214374708, 7.820081845333381e-05, -3.9561618910691546e-05, -0.00019688083896859287, 0.00031831113054606565, -0.00041034956911514055, -7.995204022611302e-05, 5.189462430040415e-05, -0.0003157980148101658, -8.13690128184823e-05, 0.0002768028929516404, 0.0004329030046653215, 0.00039488777556722407, -0.00023850790272768107, -9.342405889492772e-06, 0.000298882429001299, -0.0002004697691677435, -0.00041454056656752285, 0.00016357255351143315, 0.0002133632394514855, 5.736202479133168e-05, -0.0002714997430258068, -1.0817083640058409e-05, -0.00040431395016270335, 0.00021020483971427887, -0.00025360628948038446, -0.00012405565071937842, 0.00017432286603929906, 0.0004714365258253903, 0.0004804865631674667, 0.0004574650327322608, -0.00023394993227569605, 0.0003118903047777883, -5.032388450829149e-05, -0.00013565099976915263, 0.00044130685612230123, -0.00012995347751763197, -0.00031830511132804277, -0.0004217526393536221, -0.0003507131741618129, 0.0004436811050369028, -0.00045671932314702256, -1.1798437235746942e-05, -0.00012675259930707526, -0.00035453355948895275, -0.00029151161060218854, -0.0004366253641964525, -6.920267619913979e-05, -0.00024359392941729796, 0.00041778886521152525, 0.0004942950594744706, 0.00033391497721172575, -0.00015459897387918252, -1.8049853591134315e-05, 0.00033066008559751495, -0.0001887333200617288, -8.578904471206984e-05, 0.00012672256616562286, -0.0004513406429979485, 3.1587628136782626e-05, -0.00010447031900532943, 0.00019081879220074558, -0.00040863308682973187, 8.842938307709847e-05, -0.00036305780495415397, 0.00031398889852193726, -9.427188869244531e-05, 0.0002606730544301881, -0.00042779862408891934, -9.958255716819241e-05, 5.8620613781450366e-05, -6.943158047632847e-05, -0.00021380793272519926, 0.0003990684572889604, -0.00030818443039175205, -0.00017894325024543504, 0.00011020675684274685, 0.0002594487975009595, -1.155625606302519e-05, 0.0001453328586307961, -0.00029472423265126236, -0.00019878246327424974, 0.00041316302810927383, -3.693462222364763e-05, 0.0001767532133894375, 2.7230971137878496e-05, -0.0004135039251129154, -0.0004284020487530681, 0.0004008538571201119, 0.0002923100655919063, -0.0003905185550897211, 0.00025046658117920304, -0.0002942525852415868, 3.4376580266303456e-05, 0.00032587514885981954, -8.03312701025252e-05, -0.00016513095715459857, 3.8596427531414576e-05, -0.0004743893210316229, 1.5559919494762724e-05, 5.360770865229451e-05, -0.00026401276674277755, -2.4630387139472972e-05, -0.00046342770011307546, -1.0704769107005782e-05, -1.572616758821325e-05, -0.0003967620693687528, -0.0003195238855445611, -0.00010177898200920856, 0.00039951562039507215, -0.00042351589220618893, -0.0003849590547895606, 2.1433480586625247e-05, -0.0004709936359271253, -7.608135614069623e-05, -0.0002564977219555463, -0.0003077922879001046, -2.629771054394551e-05, -0.00011466827436182282, -7.088913064859972e-05, -0.00034037137684293306, -0.00020505669999194278, -0.00041414156030304585, 0.00031508599249143257, 9.796811679386899e-05, -0.0002451936672296349, -0.0004609370240241889, -6.036271784352155e-05, -0.0003489113870034351, 0.0004588126949537708, -0.0003256676634303706, 0.00036904644601233496, 0.000497823402588604, -0.0004336282938758056, -6.454513394662278e-05, -0.00020055205041135895, -0.0004893760899252207, 0.0004638085325510147, -0.0004004419777629772, -0.00011653355872188385, -0.00012531887976083658, 0.00047777921593440925, 0.00033442562455551154, -0.0003313900413378176, 0.00010288416666758037]
 
RESULTS:
--------
E_VQE = -5.388942018258187
inf_VQE = 0.013354332471172237
n_fn_calls = 415
Wall-clock time 4.460197907355097 hours
 
For more output, see /home/jorisk2/HVQE/data/kagome/periodic/own_graph/opg/infidelity/2x2/output.txt
Plots of output saved in /home/jorisk2/HVQE/data/kagome/periodic/own_graph/opg/infidelity/2x2
End of HVQE.py
==========================================================================================
No CuPy installation found, continuing without GPU acceleration.
having the CPUs {2, 3, 6, 7} available.
Started basinhopping at 2020-12-25 14:16:47.035320 UTC, with
command line arguments = {'path': '/home/jorisk2/HVQE/data/kagome/periodic/own_graph/opg/infidelity/2x2', 'n_par': 192, 'par_multiplicity': 1, 'n_iter': 0, 'cost_fn': 'infidelity', 'temperature': 1.0, 'stepsize': 1.0, 'init_par': None, 'dump_interval': None}
runtime variables =  {'GPU': False, 'date_start': '2020-12-25 14:16:47.035320', 'complete_graph': [(0, 4), (2, 6), (8, 7), (10, 5), (11, 1), (9, 3), (1, 4), (3, 6), (5, 8), (7, 10), (9, 0), (11, 2), (1, 2), (3, 0), (6, 8), (4, 10), (5, 9), (7, 11), (0, 1), (2, 3), (4, 5), (6, 7), (8, 9), (10, 11)], 'init_layer': [(0, 1), (2, 3), (4, 5), (6, 7), (8, 9), (10, 11)], 'layers': [[(0, 4), (2, 6), (8, 7), (10, 5), (11, 1), (9, 3)], [(1, 4), (3, 6), (5, 8), (7, 10), (9, 0), (11, 2)], [(1, 2), (3, 0), (6, 8), (4, 10), (5, 9), (7, 11)], [(0, 1), (2, 3), (4, 5), (6, 7), (8, 9), (10, 11)]], 'n': 12}
...............................................................................................................................................................................................................................................................................................................................................................................................................................................................................................................................................................................................slurmstepd: error: *** JOB 7176068 ON r38n2 CANCELLED AT 2020-12-25T23:48:40 DUE TO TIME LIMIT ***
