No CuPy installation found, continuing without GPU acceleration.
having the CPUs {24, 25, 28, 29} available.
Started basinhopping at 2020-12-24 22:49:15.132146 UTC, with
command line arguments = {'path': '/home/jorisk2/HVQE/data/kagome/periodic/own_graph/opg/infidelity/2x2', 'n_par': 48, 'par_multiplicity': 1, 'n_iter': 0, 'cost_fn': 'infidelity', 'temperature': 1.0, 'stepsize': 1.0, 'init_par': None, 'dump_interval': None}
runtime variables =  {'GPU': False, 'date_start': '2020-12-24 22:49:15.132146', 'complete_graph': [(0, 4), (2, 6), (8, 7), (10, 5), (11, 1), (9, 3), (1, 4), (3, 6), (5, 8), (7, 10), (9, 0), (11, 2), (1, 2), (3, 0), (6, 8), (4, 10), (5, 9), (7, 11), (0, 1), (2, 3), (4, 5), (6, 7), (8, 9), (10, 11)], 'init_layer': [(0, 1), (2, 3), (4, 5), (6, 7), (8, 9), (10, 11)], 'layers': [[(0, 4), (2, 6), (8, 7), (10, 5), (11, 1), (9, 3)], [(1, 4), (3, 6), (5, 8), (7, 10), (9, 0), (11, 2)], [(1, 2), (3, 0), (6, 8), (4, 10), (5, 9), (7, 11)], [(0, 1), (2, 3), (4, 5), (6, 7), (8, 9), (10, 11)]], 'n': 12}
........................................................................................................................................................................................................... 
==========================================================================================
Finished basinhopping of  /home/jorisk2/HVQE/data/kagome/periodic/own_graph/opg/infidelity/2x2 at 2020-12-24 23:09:22.275368 UTC, with
 
{'path': '/home/jorisk2/HVQE/data/kagome/periodic/own_graph/opg/infidelity/2x2', 'n_par': 48, 'par_multiplicity': 1, 'n_iter': 0, 'cost_fn': 'infidelity', 'temperature': 1.0, 'stepsize': 1.0, 'init_par': None, 'dump_interval': None}
init_par = [0.00024077155148057808, 0.0004329974200107512, -0.00046646899473109203, 0.00020713637086554283, 0.0002526457042155881, 0.00021335098906008108, -0.00011079704753467193, 0.0002619930079363077, 5.631707056782563e-06, -0.00012368057913426987, -0.00034265859938182794, -2.1744436006843613e-05, 0.00014159982411696538, 5.94683011932082e-05, -0.000425309883342674, 0.0002729434979500035, 0.00044460026037482475, 0.0002904844101427513, -0.00034900077876733873, -0.0003786152309136377, 0.000249076705837043, -0.0004332838318332621, -7.031310966104079e-05, 0.00036997621296558586, 0.00042225575552947727, -0.0004567841999215504, -0.00010737722817838257, -9.781603979439925e-05, 0.00039482503767244786, 0.0003440764582207539, -0.0003473748117861416, 0.00022037163860911277, 0.0002978347209090526, -0.00013256802346060348, 0.00012023322007904936, 0.0003050615723579986, -0.0002096983500120808, 0.00031965259832315753, -3.595772950142485e-05, 0.0004955940458489583, 0.00032091139723296235, 0.00034841824191462643, -0.00010275045047228315, -0.00026297332707843335, -0.00035080955652884796, 7.229632351131248e-05, -0.00025415609468418856, 9.290383581833867e-05]
 
RESULTS:
--------
E_VQE = -4.822174672681605
inf_VQE = 0.3090578474349699
n_fn_calls = 203
Wall-clock time 0.2942078071170383 hours
 
For more output, see /home/jorisk2/HVQE/data/kagome/periodic/own_graph/opg/infidelity/2x2/output.txt
Plots of output saved in /home/jorisk2/HVQE/data/kagome/periodic/own_graph/opg/infidelity/2x2
End of HVQE.py
==========================================================================================
No CuPy installation found, continuing without GPU acceleration.
having the CPUs {24, 25, 28, 29} available.
Started basinhopping at 2020-12-24 23:15:41.450917 UTC, with
command line arguments = {'path': '/home/jorisk2/HVQE/data/kagome/periodic/own_graph/opg/infidelity/2x2', 'n_par': 72, 'par_multiplicity': 1, 'n_iter': 0, 'cost_fn': 'infidelity', 'temperature': 1.0, 'stepsize': 1.0, 'init_par': None, 'dump_interval': None}
runtime variables =  {'GPU': False, 'date_start': '2020-12-24 23:15:41.450917', 'complete_graph': [(0, 4), (2, 6), (8, 7), (10, 5), (11, 1), (9, 3), (1, 4), (3, 6), (5, 8), (7, 10), (9, 0), (11, 2), (1, 2), (3, 0), (6, 8), (4, 10), (5, 9), (7, 11), (0, 1), (2, 3), (4, 5), (6, 7), (8, 9), (10, 11)], 'init_layer': [(0, 1), (2, 3), (4, 5), (6, 7), (8, 9), (10, 11)], 'layers': [[(0, 4), (2, 6), (8, 7), (10, 5), (11, 1), (9, 3)], [(1, 4), (3, 6), (5, 8), (7, 10), (9, 0), (11, 2)], [(1, 2), (3, 0), (6, 8), (4, 10), (5, 9), (7, 11)], [(0, 1), (2, 3), (4, 5), (6, 7), (8, 9), (10, 11)]], 'n': 12}
...................................................................................................................................................................................................... 
==========================================================================================
Finished basinhopping of  /home/jorisk2/HVQE/data/kagome/periodic/own_graph/opg/infidelity/2x2 at 2020-12-24 23:46:39.391629 UTC, with
 
{'path': '/home/jorisk2/HVQE/data/kagome/periodic/own_graph/opg/infidelity/2x2', 'n_par': 72, 'par_multiplicity': 1, 'n_iter': 0, 'cost_fn': 'infidelity', 'temperature': 1.0, 'stepsize': 1.0, 'init_par': None, 'dump_interval': None}
init_par = [0.00027153384399000464, 6.854695675692635e-05, -0.0004968961026007705, 0.00037678199564250916, -0.0003332058360398687, -0.00010067887788922772, -0.0003656474070192579, -0.000328620651837237, -0.0002398142962966867, -0.00037868335032864277, 0.0002822972335788479, 0.0003517083061789127, -0.00026666800185936267, -0.0003119557280519032, 0.0003316044180308197, -0.00032288180004886094, -3.149357277131259e-05, 0.0004380202502442434, -0.00037044501855988454, 0.00018198416418616927, 3.330875916015717e-05, -4.654514148769764e-05, -0.00030976817515534095, -9.60324305793201e-05, 0.00048731939724039244, -0.00027118618762390315, 0.00017596548396029744, 0.00043519399146637174, -0.0004817956689406544, -0.00010887382894327871, -0.00039490731650508116, -0.00012300089958487893, 0.0004948970993469191, 0.000397076155762916, 9.611321451209525e-05, 0.00021961452000774382, 0.00042060413992436494, -0.00019567265774528834, -0.00013068123293622516, 0.0004747116707613466, 0.00046574835933485125, -0.0001085146544846436, -3.4077540925588914e-05, 0.0004491996255988921, 0.00049398082994812, -0.00039455059082467924, 0.0004903506589483439, 4.9149831173719545e-05, -0.0002098289236126769, 0.00020670622067216595, 0.0003072313500309316, 7.34263605923673e-05, -0.00047677725505402494, -0.0003992903385158841, 0.0003307995609557134, -0.0004337399398419747, 0.0004112887876979917, 0.00011671134945457273, -0.0003431760787583538, 1.7039816336961622e-05, -0.0003652273200918638, -0.00019080099457139202, 0.00040526709390449817, -0.00028020877541262446, -0.00011156715710123753, -0.0003109091298819501, 0.00036963947780974755, -0.000324662312458319, 0.00036990015759707574, 8.379133770476232e-05, 0.0003607359622290579, 0.0001275931101258756]
 
RESULTS:
--------
E_VQE = -5.000249937992272
inf_VQE = 0.13910245102589358
n_fn_calls = 198
Wall-clock time 0.5019465563694636 hours
 
For more output, see /home/jorisk2/HVQE/data/kagome/periodic/own_graph/opg/infidelity/2x2/output.txt
Plots of output saved in /home/jorisk2/HVQE/data/kagome/periodic/own_graph/opg/infidelity/2x2
End of HVQE.py
==========================================================================================
No CuPy installation found, continuing without GPU acceleration.
having the CPUs {24, 25, 28, 29} available.
Started basinhopping at 2020-12-24 23:54:06.078628 UTC, with
command line arguments = {'path': '/home/jorisk2/HVQE/data/kagome/periodic/own_graph/opg/infidelity/2x2', 'n_par': 96, 'par_multiplicity': 1, 'n_iter': 0, 'cost_fn': 'infidelity', 'temperature': 1.0, 'stepsize': 1.0, 'init_par': None, 'dump_interval': None}
runtime variables =  {'GPU': False, 'date_start': '2020-12-24 23:54:06.078628', 'complete_graph': [(0, 4), (2, 6), (8, 7), (10, 5), (11, 1), (9, 3), (1, 4), (3, 6), (5, 8), (7, 10), (9, 0), (11, 2), (1, 2), (3, 0), (6, 8), (4, 10), (5, 9), (7, 11), (0, 1), (2, 3), (4, 5), (6, 7), (8, 9), (10, 11)], 'init_layer': [(0, 1), (2, 3), (4, 5), (6, 7), (8, 9), (10, 11)], 'layers': [[(0, 4), (2, 6), (8, 7), (10, 5), (11, 1), (9, 3)], [(1, 4), (3, 6), (5, 8), (7, 10), (9, 0), (11, 2)], [(1, 2), (3, 0), (6, 8), (4, 10), (5, 9), (7, 11)], [(0, 1), (2, 3), (4, 5), (6, 7), (8, 9), (10, 11)]], 'n': 12}
................................................................................................................................................................................................................................................................. 
==========================================================================================
Finished basinhopping of  /home/jorisk2/HVQE/data/kagome/periodic/own_graph/opg/infidelity/2x2 at 2020-12-25 01:09:06.336550 UTC, with
 
{'path': '/home/jorisk2/HVQE/data/kagome/periodic/own_graph/opg/infidelity/2x2', 'n_par': 96, 'par_multiplicity': 1, 'n_iter': 0, 'cost_fn': 'infidelity', 'temperature': 1.0, 'stepsize': 1.0, 'init_par': None, 'dump_interval': None}
init_par = [-0.0002702112311701347, 0.000416499374847734, -0.00039822183826708577, 7.701417735308223e-05, -0.00043454874741365336, 0.00023294071782972248, -0.00012049529399839321, -0.00042489762214531257, -0.00038169279948948307, 0.00021015478597338408, -0.00039987337404706125, 0.000263034138341944, 5.9673029845348736e-05, -0.00028749543953610816, -0.0004637034900933499, 8.527289872087111e-05, 0.0003218285440475642, -0.00042860241720669225, 0.00013245363631494956, 0.0004357639969709723, -0.00047620762578050703, -0.00010371516703959027, -0.0002022174674902848, 4.5373019931067675e-05, -0.0003336187928901062, 0.0004877982028793767, 0.0003393606167323088, -0.00010639201359466431, -0.0003097398650512916, -0.0002483749439771106, 1.7611997975566502e-05, 7.980306527049434e-05, -0.0003080621616482354, -0.000286394684910074, 5.888377866518672e-05, 9.210877285577019e-05, 0.00033538263231953404, 0.0002839930519545735, 0.00019171841579398172, -0.00020681395697331252, -0.00027609836601449623, 0.00013810924248998716, 0.0003615343796876775, 0.0003404638272444595, -0.0004394699343078796, 0.0004968961608425972, -5.542083943024589e-05, 0.00043231924004268735, -0.00010376246709731653, -4.953077974536414e-05, 0.0003033923740231138, 0.00033799796231236536, -0.00020244156672628887, 0.00045647184774442085, 6.264805624010003e-05, -0.0002189523680843041, 7.874249727181056e-05, -0.00044518479094685695, 0.0003045424471970606, 0.000351818923233128, 0.0004598919892594152, -0.0003229278770618841, -2.0386297363174887e-05, -0.0001867874793917902, -0.00019133009928789423, -0.00028990128991034303, -0.0002478916025661994, -0.00019866717373200928, -6.363908005760778e-05, -0.00012149292910090484, 0.00047934632331985707, -8.871774063029346e-05, 0.000231442180049095, 0.00023799236466044574, 0.000282218937986057, -0.0002850600115915118, -0.0004943096013382395, -0.0003885335449327654, -0.00023051540130530283, -0.00032553709106967056, -6.602028495448456e-05, -0.0002098404825163751, 0.0004484639714166872, 0.0002964027390173577, 0.00031881361243019254, 0.0003807864662476642, -6.46545511045642e-05, 0.00036291995051261736, -0.00013414933929463825, -0.0002525336187337788, -0.0003676082820639249, 2.0241107153980728e-05, -0.0003737793599309597, 0.0004342493113813448, 7.375463938497572e-05, 0.00012345464635108295]
 
RESULTS:
--------
E_VQE = -5.114382299184209
inf_VQE = 0.10178953408366864
n_fn_calls = 257
Wall-clock time 1.234258299138811 hours
 
For more output, see /home/jorisk2/HVQE/data/kagome/periodic/own_graph/opg/infidelity/2x2/output.txt
Plots of output saved in /home/jorisk2/HVQE/data/kagome/periodic/own_graph/opg/infidelity/2x2
End of HVQE.py
==========================================================================================
No CuPy installation found, continuing without GPU acceleration.
having the CPUs {24, 25, 28, 29} available.
Started basinhopping at 2020-12-25 01:14:41.718052 UTC, with
command line arguments = {'path': '/home/jorisk2/HVQE/data/kagome/periodic/own_graph/opg/infidelity/2x2', 'n_par': 120, 'par_multiplicity': 1, 'n_iter': 0, 'cost_fn': 'infidelity', 'temperature': 1.0, 'stepsize': 1.0, 'init_par': None, 'dump_interval': None}
runtime variables =  {'GPU': False, 'date_start': '2020-12-25 01:14:41.718052', 'complete_graph': [(0, 4), (2, 6), (8, 7), (10, 5), (11, 1), (9, 3), (1, 4), (3, 6), (5, 8), (7, 10), (9, 0), (11, 2), (1, 2), (3, 0), (6, 8), (4, 10), (5, 9), (7, 11), (0, 1), (2, 3), (4, 5), (6, 7), (8, 9), (10, 11)], 'init_layer': [(0, 1), (2, 3), (4, 5), (6, 7), (8, 9), (10, 11)], 'layers': [[(0, 4), (2, 6), (8, 7), (10, 5), (11, 1), (9, 3)], [(1, 4), (3, 6), (5, 8), (7, 10), (9, 0), (11, 2)], [(1, 2), (3, 0), (6, 8), (4, 10), (5, 9), (7, 11)], [(0, 1), (2, 3), (4, 5), (6, 7), (8, 9), (10, 11)]], 'n': 12}
............................................................................................................................................................................................................................................................................................................................................................................................................................................. 
==========================================================================================
Finished basinhopping of  /home/jorisk2/HVQE/data/kagome/periodic/own_graph/opg/infidelity/2x2 at 2020-12-25 04:13:09.287476 UTC, with
 
{'path': '/home/jorisk2/HVQE/data/kagome/periodic/own_graph/opg/infidelity/2x2', 'n_par': 120, 'par_multiplicity': 1, 'n_iter': 0, 'cost_fn': 'infidelity', 'temperature': 1.0, 'stepsize': 1.0, 'init_par': None, 'dump_interval': None}
init_par = [0.00037590841253725836, -0.0001745516279021643, -0.000409017240382603, 2.1895724756289345e-05, 0.00045432893161958697, 0.0002575963629592346, -0.0001211476863093255, 0.00021962372002490033, -0.000306964419307866, -0.00034282021733240834, 0.0004713535050878875, 0.00029825417015416546, 0.00021449356679891548, 0.0003354530240952708, -0.00023601791311847296, 0.0001520919729251465, -0.00044289179821473357, 0.0003801162354865391, 0.00017673432387869112, -0.0004091451949282943, -4.354380824142691e-05, 0.0002507148481791703, 4.288346925513677e-06, -9.550853602279707e-05, -1.6185431361672234e-06, -0.00026912554343187377, -0.00011603903714106525, 0.00029481693688301425, -0.00044756268205203256, 0.00029032846820054774, -5.5069135212123545e-05, 0.0004460524798335332, 0.0001651691232390771, 7.85889545552006e-05, 0.00027565323448660217, 0.0004313561836354167, 0.00033398152632187737, -6.435276550189651e-05, 0.00022244703955078611, -0.0003147175023328249, 0.0003228975241175119, -0.0003999943647844373, 0.00023985327017240555, 0.00024785861411453526, 0.00036224048473462354, 3.2602889390176914e-05, 0.0003126154070962337, -0.00027249972487387245, -0.00040397274360437583, 0.0002648368726681932, -0.00031507422632944763, -0.00044361212755650845, -0.0002778468325460093, -0.0004525967545341246, -0.0002984290435562379, 0.0004708021506579003, -6.254634614532808e-05, 7.951219016234562e-05, 0.00010810472638359513, 0.0002636512524909709, -0.00039826066198305843, -0.0003241215098849327, 9.808169251814816e-05, 4.9247095464434736e-05, 0.00037504632358104073, 0.0001941511642279206, 0.00046264619812053055, -0.00042785623714014954, 0.00025795315237291626, 0.0003054323358070305, -0.00021820959931476917, 0.00024284126423528983, 4.896349556338629e-08, 0.000353550994478795, 0.00011674859776287323, -4.490478292265831e-05, -1.7316219896082972e-06, -0.0001918991535599126, 0.00020760588893006533, -0.0004840533598116912, -0.00014926629458591524, 6.368212436678631e-05, 0.00030446757651980693, -0.00014554578784763074, 0.00034467134630626964, 0.00034196314776207474, -0.00018206399880555334, 0.0004460352198907763, 0.00029389291035687335, 0.00018692950104625945, 7.845648615114611e-05, 0.00044044371019988425, 0.00044153952517447174, -0.0003376020418380659, -5.5596753104141374e-05, -0.00025956093678549785, 0.0003579239592507559, 0.0004480597984929314, 0.00037786479328969825, -0.00046497145642788806, -4.9856432659926907e-05, 0.00013459731370954356, 9.464138028971684e-05, 6.763182668037039e-05, -0.0001263612913628204, 0.00033121046707637397, 0.0004756950053036498, 5.923543235300077e-05, -0.0001240862533113614, 5.047638017331951e-05, -0.00028441216633254285, -0.0003537879090179791, -6.2590898211801116e-06, 0.0004963065269244025, 0.0004583935126832116, -2.6625663794754416e-05, -0.00017021300943495656, -0.00047946814401543216, -0.0001601602300176208, 1.5046925405357058e-06]
 
RESULTS:
--------
E_VQE = -5.275865618596545
inf_VQE = 0.043805929408023525
n_fn_calls = 429
Wall-clock time 2.960694480339686 hours
 
For more output, see /home/jorisk2/HVQE/data/kagome/periodic/own_graph/opg/infidelity/2x2/output.txt
Plots of output saved in /home/jorisk2/HVQE/data/kagome/periodic/own_graph/opg/infidelity/2x2
End of HVQE.py
==========================================================================================
No CuPy installation found, continuing without GPU acceleration.
having the CPUs {24, 25, 28, 29} available.
Started basinhopping at 2020-12-25 04:19:12.611244 UTC, with
command line arguments = {'path': '/home/jorisk2/HVQE/data/kagome/periodic/own_graph/opg/infidelity/2x2', 'n_par': 144, 'par_multiplicity': 1, 'n_iter': 0, 'cost_fn': 'infidelity', 'temperature': 1.0, 'stepsize': 1.0, 'init_par': None, 'dump_interval': None}
runtime variables =  {'GPU': False, 'date_start': '2020-12-25 04:19:12.611244', 'complete_graph': [(0, 4), (2, 6), (8, 7), (10, 5), (11, 1), (9, 3), (1, 4), (3, 6), (5, 8), (7, 10), (9, 0), (11, 2), (1, 2), (3, 0), (6, 8), (4, 10), (5, 9), (7, 11), (0, 1), (2, 3), (4, 5), (6, 7), (8, 9), (10, 11)], 'init_layer': [(0, 1), (2, 3), (4, 5), (6, 7), (8, 9), (10, 11)], 'layers': [[(0, 4), (2, 6), (8, 7), (10, 5), (11, 1), (9, 3)], [(1, 4), (3, 6), (5, 8), (7, 10), (9, 0), (11, 2)], [(1, 2), (3, 0), (6, 8), (4, 10), (5, 9), (7, 11)], [(0, 1), (2, 3), (4, 5), (6, 7), (8, 9), (10, 11)]], 'n': 12}
............................................................................................................................................................................................................................................................................................................................................................................................................................................................................................................................................................................................................. 
==========================================================================================
Finished basinhopping of  /home/jorisk2/HVQE/data/kagome/periodic/own_graph/opg/infidelity/2x2 at 2020-12-25 10:01:03.331209 UTC, with
 
{'path': '/home/jorisk2/HVQE/data/kagome/periodic/own_graph/opg/infidelity/2x2', 'n_par': 144, 'par_multiplicity': 1, 'n_iter': 0, 'cost_fn': 'infidelity', 'temperature': 1.0, 'stepsize': 1.0, 'init_par': None, 'dump_interval': None}
init_par = [-5.536801198866427e-05, -0.00010079749101842494, 5.7898521745321555e-05, 0.000345171526128843, 0.0003387547407982379, -0.00035563895902765723, 0.0001452821594479886, -0.00026316440679002596, -0.0004269122630006823, 0.0004936862603500327, -0.0002969167311076328, 0.00037672604241798977, -0.00042486989971759505, 0.00038903448271706686, -8.395397381018809e-05, -8.584432500822759e-05, 0.00013635871712883185, -0.00023034413796150024, 0.00015318114116925062, 3.994416660080139e-05, -0.00012411625395624548, 0.0001747334343412684, 3.645870790355604e-05, 0.00029911275837286584, 0.00044473202413328216, -0.0003123318845950852, 0.000183722336071278, 0.0004745507379155749, 0.00019327106573421263, -0.00035966426629086804, -2.4215048738378308e-05, -0.00039299663693919816, -3.181883604577886e-05, -0.00025539185604960403, -0.00030997589118942904, -0.00016313993958616134, 0.00012514612198126984, 0.00027743627584122523, -0.0004361082782416781, 9.2018423039529e-05, 7.013643448976605e-05, -0.00037208758893312666, -0.00013556628658062056, -3.7853657233477295e-06, -0.00043397057385612906, -2.2946150295721e-06, -0.00033155385065315236, 0.00047467008356964074, 0.00047747509892610124, -0.0003320445520303999, 0.00040064198307982845, 0.0001130409433523072, -0.00037536292016796923, -5.4732641527639703e-05, -0.0001752869200544903, 9.428928423405166e-05, 0.00041903758819414956, -0.0002908481463315328, 0.00023093048746553762, -0.00037622835898199955, -4.439530466063713e-05, 1.59736813651046e-05, 0.00040290758347324756, -0.0003156942614838324, 0.00039674758146130817, 0.0001241872981525661, 0.00048468554549095265, -4.1876989852320705e-05, 0.00036596302765089684, -0.00041466434983351657, -0.00023767355583253949, -0.00018136153906161978, 0.00023704679658386786, 0.00023025015976199453, 5.3665704828470594e-05, -0.00048346407225722534, 0.0003635613898431007, -0.00033524166182905636, -1.799651956261672e-05, -0.0001830158071156222, 0.00038165198888578033, 0.0004980417397392708, -0.00036975370294761245, -0.00028733031549221577, 0.00018456552363784102, -0.00019067724835601787, -0.0004701150807463651, 0.00040017362821045564, -0.0004877657981090119, -0.00011913450087332325, 0.0001259462879612752, 0.00042553549811215807, 6.366519731335714e-05, -0.00045369198304074076, -2.4875468580445544e-05, -0.0001294812132828358, -0.00025145283029891555, -6.2055005272864e-05, 0.0004356430907338279, 0.0002947155851791229, 0.00010110500407473381, 9.220157940398289e-05, -0.00040484382396801903, -0.0003503246998278096, 0.0001949932134204048, 5.2282030318338835e-06, -0.0004011878754415024, 0.0001229417351303082, 0.0003840147901127103, 0.00027010529053747025, -0.000449648648901818, 7.092880525555597e-05, -0.0004637031007759837, -0.0002702247670013677, 0.00016978931359817623, -4.5873544800214584e-05, -0.00045277525514085895, -0.00040354035356362063, 0.00010312578552127978, 5.9557495628086e-05, 0.00020853657329513115, -0.00020864522614788886, 0.0003871249814608878, -0.00011003560519144272, -0.00047008335477296826, -0.0002998548847417017, 0.00040410398272440484, -0.0001127666741567913, -0.00026330104649514223, 0.00039941870382846623, 1.5572470854192922e-05, 0.0004575603406463861, -0.0004726318890897917, 0.000496696000641545, 7.744246738041523e-06, 0.00018991371621034233, -0.00027213583406281806, -3.14967963492172e-05, 0.00011814911026373359, -0.0001293762610293212, 3.214520859990918e-05, 0.00024066400177242576, 0.0003066253538543212, -0.00028578891583248134]
 
RESULTS:
--------
E_VQE = -5.354815471375849
inf_VQE = 0.021000412081785047
n_fn_calls = 589
Wall-clock time 5.6829953736729095 hours
 
For more output, see /home/jorisk2/HVQE/data/kagome/periodic/own_graph/opg/infidelity/2x2/output.txt
Plots of output saved in /home/jorisk2/HVQE/data/kagome/periodic/own_graph/opg/infidelity/2x2
End of HVQE.py
==========================================================================================
No CuPy installation found, continuing without GPU acceleration.
having the CPUs {24, 25, 28, 29} available.
Started basinhopping at 2020-12-25 10:10:43.746273 UTC, with
command line arguments = {'path': '/home/jorisk2/HVQE/data/kagome/periodic/own_graph/opg/infidelity/2x2', 'n_par': 168, 'par_multiplicity': 1, 'n_iter': 0, 'cost_fn': 'infidelity', 'temperature': 1.0, 'stepsize': 1.0, 'init_par': None, 'dump_interval': None}
runtime variables =  {'GPU': False, 'date_start': '2020-12-25 10:10:43.746273', 'complete_graph': [(0, 4), (2, 6), (8, 7), (10, 5), (11, 1), (9, 3), (1, 4), (3, 6), (5, 8), (7, 10), (9, 0), (11, 2), (1, 2), (3, 0), (6, 8), (4, 10), (5, 9), (7, 11), (0, 1), (2, 3), (4, 5), (6, 7), (8, 9), (10, 11)], 'init_layer': [(0, 1), (2, 3), (4, 5), (6, 7), (8, 9), (10, 11)], 'layers': [[(0, 4), (2, 6), (8, 7), (10, 5), (11, 1), (9, 3)], [(1, 4), (3, 6), (5, 8), (7, 10), (9, 0), (11, 2)], [(1, 2), (3, 0), (6, 8), (4, 10), (5, 9), (7, 11)], [(0, 1), (2, 3), (4, 5), (6, 7), (8, 9), (10, 11)]], 'n': 12}
........................................................................................................................................................................................................................................................................................................................................................................................................................................................................................................................ 
==========================================================================================
Finished basinhopping of  /home/jorisk2/HVQE/data/kagome/periodic/own_graph/opg/infidelity/2x2 at 2020-12-25 16:54:39.812411 UTC, with
 
{'path': '/home/jorisk2/HVQE/data/kagome/periodic/own_graph/opg/infidelity/2x2', 'n_par': 168, 'par_multiplicity': 1, 'n_iter': 0, 'cost_fn': 'infidelity', 'temperature': 1.0, 'stepsize': 1.0, 'init_par': None, 'dump_interval': None}
init_par = [0.00029578835153683865, 0.0003229941360682767, -9.148764190993733e-05, 7.037334681741971e-05, 0.0002953020058489059, 3.6013473345687186e-05, -0.0004648203578337824, 0.00043551820904481225, 0.00043548682573034186, 0.0001340067263529295, 0.0004984830322800858, -3.9191537459945416e-05, 8.76026203384104e-06, -0.0004772520594304547, 0.0004033727324675707, 0.0003631767759989259, -0.000341436314374886, 5.031262364499649e-05, -0.0004992874535573573, 0.000291727296868273, -7.7867757027684e-05, 0.0003725280503342757, 0.0004767654326116816, -0.000263490239539142, 0.0004895268310686686, 0.00038329789375814204, 0.00033414536521091294, -0.0003156019030086642, -0.0004161099634287374, -0.00023292928249611932, 7.358633411594839e-05, 0.00048313123085613405, 0.000162459374701884, -0.00026659812333674495, -0.0002564539675841981, 0.00027543000216845857, -0.000396245562580697, 0.0003454496178390649, -2.1963679951894546e-05, 0.0004826068256480621, 0.00014200328759937186, 0.00011159733202273749, -0.00047863704323656664, 0.00046211011012140424, -0.0004081356195646179, -0.000139811939917858, 0.0003334472201318666, 2.5765051707652776e-05, -3.46847923013518e-05, -0.00021079527188442215, 5.2210702470175904e-05, -0.00033729868041070676, -0.00048402896930788765, 5.574429695847662e-05, 0.00043804271096434537, -0.000419003853671772, 0.0002388062851319345, -3.02382821989371e-05, -0.00021052019291862336, 0.00020267242273542564, 0.0002466897954019735, 4.5864332822006886e-05, 4.875010647503633e-05, -0.00010540707595177814, 0.0004446751700879478, -0.0004105869300372764, -0.00037361561875762174, 7.064727095483492e-05, -0.00020679601932437633, -0.00027492287602174216, -1.3874041466651059e-05, -3.7900976663426944e-05, 0.0003158530747579385, -0.00024528740358327017, 0.0004899017122789752, -0.00042828909376645455, -0.0003241915907376692, -0.00029018233812766383, -0.00030263418696097755, -0.00013080834908047004, 0.00010300467907683358, -0.0004955875685880478, 8.340129963588195e-05, -0.0001888809217337111, 2.6188517475105423e-05, 7.144738658786652e-05, 0.00023819175426958994, 0.00013283513524148336, 0.0001055644325533364, 8.309918000793206e-05, -0.00027861313018735003, 0.0003092435046316372, -0.00029032214852470054, -5.033268215432439e-05, 3.0727338260953026e-05, 3.441726408117687e-05, 0.0004473608393285352, 6.708937603314635e-05, -3.8646169297663164e-05, 0.00043719245335781384, -0.00021798848396504232, -4.867516039541909e-05, -2.3439288784143832e-05, 0.0002022889204439151, -0.00021970074268558228, 0.0004879169806390933, 0.00024730775820128083, -0.00037794942533595145, 0.00023700782353642744, -0.0004790341615016285, -0.0002493587957937444, 0.00021652267210353214, 0.00047673935045029715, -9.010495678200684e-06, 0.0004388499494454505, -0.0004285039165196168, 0.00021847952500502106, -5.675358124006491e-05, -3.082774852445545e-05, 8.75738511939792e-05, -0.00024553578225638907, -0.00040084892595265833, 0.0002948058706709018, -4.966266255440442e-05, -0.00036835280359136236, 0.0003131182738389019, -0.0002172249238341676, 8.418859201775211e-06, 0.0004049104064723773, -0.0003154495262737238, -0.0004839710335360732, -0.0004571747403010754, 0.00014316884327029067, -3.112733317932494e-05, 3.355607521254194e-05, -0.00014015583073460203, 0.00024173842245647976, -5.030231538341888e-05, -0.0004765753255332197, 0.0003106637063190061, -0.00041443686579280606, 6.673660522708456e-05, 9.812246798543759e-05, 0.00028923042735663014, 6.192788960085655e-06, 0.00019885776035233641, 0.00025418001430077715, -0.0002964545734265697, 0.00031934741200170173, -4.519658597392396e-05, -0.0001907919341674842, -0.00010991874131512726, -0.00048040559901597814, 0.0004293363373909665, 7.663565025477573e-05, -0.0004613831415857067, -0.00035145231319303177, -0.00019944090001297024, 0.00045841735053591813, 6.480657064298191e-05, 0.00034117918492370444, 0.0003664305536669717, 0.0004827776321464647, -0.00042675419130372254, 0.00012350526143080213, -0.0003287936186366105, 0.00019375338881402662, 0.00017653370764194177]
 
RESULTS:
--------
E_VQE = -5.39777360149454
inf_VQE = 0.010969235526542054
n_fn_calls = 504
Wall-clock time 6.708032696644465 hours
 
For more output, see /home/jorisk2/HVQE/data/kagome/periodic/own_graph/opg/infidelity/2x2/output.txt
Plots of output saved in /home/jorisk2/HVQE/data/kagome/periodic/own_graph/opg/infidelity/2x2
End of HVQE.py
==========================================================================================
No CuPy installation found, continuing without GPU acceleration.
having the CPUs {24, 25, 28, 29} available.
Started basinhopping at 2020-12-25 17:04:47.887179 UTC, with
command line arguments = {'path': '/home/jorisk2/HVQE/data/kagome/periodic/own_graph/opg/infidelity/2x2', 'n_par': 192, 'par_multiplicity': 1, 'n_iter': 0, 'cost_fn': 'infidelity', 'temperature': 1.0, 'stepsize': 1.0, 'init_par': None, 'dump_interval': None}
runtime variables =  {'GPU': False, 'date_start': '2020-12-25 17:04:47.887179', 'complete_graph': [(0, 4), (2, 6), (8, 7), (10, 5), (11, 1), (9, 3), (1, 4), (3, 6), (5, 8), (7, 10), (9, 0), (11, 2), (1, 2), (3, 0), (6, 8), (4, 10), (5, 9), (7, 11), (0, 1), (2, 3), (4, 5), (6, 7), (8, 9), (10, 11)], 'init_layer': [(0, 1), (2, 3), (4, 5), (6, 7), (8, 9), (10, 11)], 'layers': [[(0, 4), (2, 6), (8, 7), (10, 5), (11, 1), (9, 3)], [(1, 4), (3, 6), (5, 8), (7, 10), (9, 0), (11, 2)], [(1, 2), (3, 0), (6, 8), (4, 10), (5, 9), (7, 11)], [(0, 1), (2, 3), (4, 5), (6, 7), (8, 9), (10, 11)]], 'n': 12}
.................................................................................................................................................................................................................................................................................................................................................................slurmstepd: error: *** JOB 7176066 ON r38n2 CANCELLED AT 2020-12-25T23:48:40 DUE TO TIME LIMIT ***
