No CuPy installation found, continuing without GPU acceleration.
having the CPUs {0, 1, 2, 3, 4, 5, 6, 7, 8, 9, 10, 11, 12, 13, 14, 15} available.
Started basinhopping at 2021-01-04 21:41:46.504912 UTC, with
command line arguments = {'path': '/home/jorisk/HVQE/data/kagome/periodic/own_graph/opg/energy/2x2', 'n_par': 120, 'par_multiplicity': 1, 'n_iter': 0, 'cost_fn': 'energy', 'temperature': 1.0, 'stepsize': 1.0, 'init_par': None, 'dump_interval': None}
runtime variables =  {'GPU': False, 'date_start': '2021-01-04 21:41:46.504912', 'complete_graph': [(0, 4), (2, 6), (8, 7), (10, 5), (11, 1), (9, 3), (1, 4), (3, 6), (5, 8), (7, 10), (9, 0), (11, 2), (1, 2), (3, 0), (6, 8), (4, 10), (5, 9), (7, 11), (0, 1), (2, 3), (4, 5), (6, 7), (8, 9), (10, 11)], 'init_layer': [(0, 1), (2, 3), (4, 5), (6, 7), (8, 9), (10, 11)], 'layers': [[(0, 4), (2, 6), (8, 7), (10, 5), (11, 1), (9, 3)], [(1, 4), (3, 6), (5, 8), (7, 10), (9, 0), (11, 2)], [(1, 2), (3, 0), (6, 8), (4, 10), (5, 9), (7, 11)], [(0, 1), (2, 3), (4, 5), (6, 7), (8, 9), (10, 11)]], 'n': 12}
.No CuPy installation found, continuing without GPU acceleration.
having the CPUs {0, 1, 2, 3, 4, 5, 6, 7, 8, 9, 10, 11, 12, 13, 14, 15} available.
Started basinhopping at 2021-01-04 21:41:46.504908 UTC, with
command line arguments = {'path': '/home/jorisk/HVQE/data/kagome/periodic/own_graph/opg/energy/2x2', 'n_par': 120, 'par_multiplicity': 1, 'n_iter': 0, 'cost_fn': 'energy', 'temperature': 1.0, 'stepsize': 1.0, 'init_par': None, 'dump_interval': None}
runtime variables =  {'GPU': False, 'date_start': '2021-01-04 21:41:46.504908', 'complete_graph': [(0, 4), (2, 6), (8, 7), (10, 5), (11, 1), (9, 3), (1, 4), (3, 6), (5, 8), (7, 10), (9, 0), (11, 2), (1, 2), (3, 0), (6, 8), (4, 10), (5, 9), (7, 11), (0, 1), (2, 3), (4, 5), (6, 7), (8, 9), (10, 11)], 'init_layer': [(0, 1), (2, 3), (4, 5), (6, 7), (8, 9), (10, 11)], 'layers': [[(0, 4), (2, 6), (8, 7), (10, 5), (11, 1), (9, 3)], [(1, 4), (3, 6), (5, 8), (7, 10), (9, 0), (11, 2)], [(1, 2), (3, 0), (6, 8), (4, 10), (5, 9), (7, 11)], [(0, 1), (2, 3), (4, 5), (6, 7), (8, 9), (10, 11)]], 'n': 12}
...................................................................................................................................................................................................................................................................................................................................................................................................................................................................................................................................................................................................................................................................................................................................................................................................................................................................................................................................................................................................................................................................................................................................................................................... 
==========================================================================================
Finished basinhopping of  /home/jorisk/HVQE/data/kagome/periodic/own_graph/opg/energy/2x2 at 2021-01-04 21:44:58.824406 UTC, with
 
{'path': '/home/jorisk/HVQE/data/kagome/periodic/own_graph/opg/energy/2x2', 'n_par': 120, 'par_multiplicity': 1, 'n_iter': 0, 'cost_fn': 'energy', 'temperature': 1.0, 'stepsize': 1.0, 'init_par': None, 'dump_interval': None}
init_par = [0.0002067715910232398, 5.293721785039221e-05, 0.00038631946123851167, 0.0004689006888962896, 0.0002591980868066801, 0.00045629511130815313, -0.0004809654366806666, 0.0003003687331138552, -7.971662692428627e-05, 0.0003192369986681129, -0.00046737765746093974, 6.78421750822364e-05, 0.00014447576320514592, 0.00022765715240403907, 0.00021306423288356563, -0.0004806095477878496, 0.00033182352111322145, 0.00044104309146332857, -0.00019160653884731392, -0.00016720713670683173, -6.831402132626685e-05, 1.3780237173893935e-05, 0.00021662766240084657, -0.00023012823979172203, 0.00038646914003867257, -0.0001867301756721239, 1.0958010897501366e-05, -0.0002034003551192165, -5.242096360723737e-05, -0.00047116408802956556, 0.000312014041213815, 0.00039575606950971616, 0.0002970885580294893, 0.00014970295465580833, 0.00025910327594795156, -0.00017166017088703344, -0.00048643710307659207, -0.000393845559727368, -1.7109203557215587e-05, 8.992152694954755e-05, -0.0004598546118651992, -0.0002855571581099895, 7.057053305944245e-05, 0.00032930557632731183, 2.3569856618654134e-05, -0.0004889666152136327, 0.0003172857211308209, -0.00041138288093924393, 3.812101716366221e-05, -0.00041061181056726903, -8.362365226474824e-05, 0.00042469641079653244, -0.00020601185851375713, 8.379842497525491e-05, -0.0001531347060956928, 8.227257221473522e-05, 0.00026251829462089734, 0.00018357313511782277, -0.0003003039248614355, 0.0004358904421948881, 0.00037172093119084153, 2.696654996762408e-05, 0.0002155875150669812, 0.00019714903135043698, 1.686961443327713e-05, -0.00035340906479105507, -0.00043684166593594586, -8.997450550122133e-05, 0.00011319668274564342, -1.8647690236154799e-06, -0.00020842690775352648, 0.00032031656013723733, 0.00034059364942497293, 0.00034968607101637733, 0.0002418308180692371, -0.00022625985095867042, -0.00012331628536751537, 0.00025299508546423877, -0.0001585030478947671, -0.00018402334653607356, -0.0004254210333881987, 0.00029493283697445743, -0.00036025859779366534, -0.0002457998101258423, 0.00024711258263080825, 0.0002816465956226149, -0.0004699812602808714, 0.00010510315682516163, 0.00035277514806666965, -0.00039285909590523207, 0.00018619749120178458, -0.00019476788227914535, 0.0003284201795375111, 0.0003332367778021613, 0.0002945134288004338, 0.00037664577964866973, 0.000345054597681788, -4.179195326231946e-05, 0.00039864953479014115, -0.00011013901533432402, -0.0002483356089836976, -0.00047110419656553573, 0.00014449037065339247, 5.606428558446795e-05, -0.00010155132255164633, -0.0004924965794563361, 0.0003210140009027361, 0.00026122433635097713, -0.00015766085152585786, -0.00032497779587993704, -0.0002866333961777671, 0.00010054231578170364, 5.724692136423973e-05, -0.0002336368452389209, -0.0003962669901281234, -0.0004101621285480197, -0.0004642574158423838, -0.00012069403332320462, -0.00010845607917922827, -0.00015982073921881178]
 
RESULTS:
--------
E_VQE = -5.3832134508093965
inf_VQE = 0.28143228029975176
n_fn_calls = 570
Wall-clock time 0.05338511460357242 hours
 
For more output, see /home/jorisk/HVQE/data/kagome/periodic/own_graph/opg/energy/2x2/output.txt
Plots of output saved in /home/jorisk/HVQE/data/kagome/periodic/own_graph/opg/energy/2x2
End of HVQE.py
==========================================================================================
.......................... 
==========================================================================================
Finished basinhopping of  /home/jorisk/HVQE/data/kagome/periodic/own_graph/opg/energy/2x2 at 2021-01-04 21:45:07.969680 UTC, with
 
{'path': '/home/jorisk/HVQE/data/kagome/periodic/own_graph/opg/energy/2x2', 'n_par': 120, 'par_multiplicity': 1, 'n_iter': 0, 'cost_fn': 'energy', 'temperature': 1.0, 'stepsize': 1.0, 'init_par': None, 'dump_interval': None}
init_par = [-0.00021716800347812637, 0.000156817889616639, -0.00038271359576145603, 0.00045842388611361197, -0.00020337793052664654, 0.000332810897047446, -1.768751077613098e-05, -6.0978203641568504e-05, -4.288008171292871e-05, 0.00020519136355098486, 0.00036981667488648917, 0.0004575597076713286, -6.499336123814926e-05, 1.4460413037469563e-05, -0.00034763594659913756, 0.000185955426486016, 8.109591578785201e-05, 0.00017230890311457187, 0.00034467996624684683, 4.001136430253297e-05, -0.0004118661274640889, 0.0003295519937206089, -6.805949628950047e-07, 2.0949778584253742e-05, -0.0004200037844961504, -0.00021985170967993826, 5.626936048789958e-05, 0.00023805578801815218, 0.0003606794776326858, -0.00048424526073245587, -0.00025194527464531024, -0.0004643173459702722, 0.00043341872596407453, -7.894874840205448e-05, 1.5026446087862953e-05, -0.0002650107237216629, 0.00012754617917318158, 7.177842410001269e-06, -0.0004116083056910933, 0.00037391350522291854, -0.00041588990992814614, 0.0002870669398622604, 0.00019847607308659944, -0.0004668009269218901, -0.00022268645253084498, -0.00037195074021437223, -8.034765104970344e-05, 0.0001957005538757655, 4.1914932546615225e-05, -0.0003779388817624846, -0.0002589471269800956, -0.00023144816099482368, 0.0004975829725944196, -0.0004997996301460962, -0.00017912120881611958, 0.0001976271743951238, 0.00042930313962830926, 0.0001604764897762648, -0.00016195493203571587, 5.304797516231209e-05, -0.0002790621701214787, -0.00046934566281154255, -4.151780875824709e-05, 8.891876994865616e-05, 9.528093707418007e-05, -0.00015620871408639626, -0.0003441275931619512, -0.0004995644794118201, 0.0002355528704528594, -8.877605675989365e-05, 0.000329440224686596, 0.00011059561945383871, 7.076300676451337e-05, 0.00022654422973201864, 0.00048409644551795526, -0.0004088138520035334, 8.894129088044174e-05, 0.00022647437202530916, -7.660357304332911e-05, 0.00045545615234419805, -0.000264843309065524, 0.0004965967511675461, -0.00013459509792119496, 0.00044289094172332186, 0.00030679234546768014, 0.00017140009792224252, -0.00032052519306361143, -0.0002315107964397271, -5.790806216031397e-05, 1.8029113966988326e-05, -5.487926003151192e-05, 0.00039247840167522057, 0.0003952036002580811, 0.00020875861445442882, 7.75140712444216e-05, -0.0003896797051864017, 0.00031771192292309866, 0.00040737377529948785, -0.00014366398863439411, 0.00015735695835770124, 0.00012733035095284734, 0.0003879335454190782, 0.00019342318038038952, 0.0004331901065946094, -7.364205916807968e-05, 5.54371718288892e-06, 0.00024393181496842745, -0.0004300232843995169, 0.0004355545220170714, -0.0002575038372677684, 0.00024611960773287124, -0.00029764076268067995, -0.00020529831869599605, 0.0003484063899744403, 0.0004462748652989203, 0.00046517412562630466, 0.0004490227916175094, -0.00033592966181013507, 0.0004056237314552443, -0.0004828373553499309]
 
RESULTS:
--------
E_VQE = -5.382539650681343
inf_VQE = 0.3235888445091081
n_fn_calls = 599
Wall-clock time 0.055920386513074245 hours
 
For more output, see /home/jorisk/HVQE/data/kagome/periodic/own_graph/opg/energy/2x2/output.txt
Plots of output saved in /home/jorisk/HVQE/data/kagome/periodic/own_graph/opg/energy/2x2
End of HVQE.py
==========================================================================================
