No CuPy installation found, continuing without GPU acceleration.
having the CPUs {16, 17, 20, 21} available.
Started basinhopping at 2020-12-24 22:44:39.765539 UTC, with
command line arguments = {'path': '/home/jorisk2/HVQE/data/kagome/periodic/own_graph/opl/infidelity/2x2', 'n_par': 4, 'par_multiplicity': 6, 'n_iter': 0, 'cost_fn': 'infidelity', 'temperature': 1.0, 'stepsize': 1.0, 'init_par': None, 'dump_interval': None}
runtime variables =  {'GPU': False, 'date_start': '2020-12-24 22:44:39.765539', 'complete_graph': [(0, 4), (2, 6), (8, 7), (10, 5), (11, 1), (9, 3), (1, 4), (3, 6), (5, 8), (7, 10), (9, 0), (11, 2), (1, 2), (3, 0), (6, 8), (4, 10), (5, 9), (7, 11), (0, 1), (2, 3), (4, 5), (6, 7), (8, 9), (10, 11)], 'init_layer': [(0, 1), (2, 3), (4, 5), (6, 7), (8, 9), (10, 11)], 'layers': [[(0, 4), (2, 6), (8, 7), (10, 5), (11, 1), (9, 3)], [(1, 4), (3, 6), (5, 8), (7, 10), (9, 0), (11, 2)], [(1, 2), (3, 0), (6, 8), (4, 10), (5, 9), (7, 11)], [(0, 1), (2, 3), (4, 5), (6, 7), (8, 9), (10, 11)]], 'n': 12}
............................................ 
==========================================================================================
Finished basinhopping of  /home/jorisk2/HVQE/data/kagome/periodic/own_graph/opl/infidelity/2x2 at 2020-12-24 22:45:42.753467 UTC, with
 
{'path': '/home/jorisk2/HVQE/data/kagome/periodic/own_graph/opl/infidelity/2x2', 'n_par': 4, 'par_multiplicity': 6, 'n_iter': 0, 'cost_fn': 'infidelity', 'temperature': 1.0, 'stepsize': 1.0, 'init_par': None, 'dump_interval': None}
init_par = [0.00017245304367399393, 6.921207476352081e-05, 0.00036008682582383566, -0.00031386153252637675]
 
RESULTS:
--------
E_VQE = -4.469504128614428
inf_VQE = 0.6592057070157386
n_fn_calls = 44
Wall-clock time 0.006428158283233643 hours
 
For more output, see /home/jorisk2/HVQE/data/kagome/periodic/own_graph/opl/infidelity/2x2/output.txt
Plots of output saved in /home/jorisk2/HVQE/data/kagome/periodic/own_graph/opl/infidelity/2x2
End of HVQE.py
==========================================================================================
