No CuPy installation found, continuing without GPU acceleration.
having the CPUs {0, 1, 4, 5} available.
Started basinhopping at 2020-12-24 22:53:54.957114 UTC, with
command line arguments = {'path': '/home/jorisk2/HVQE/data/kagome/periodic/own_graph/opl/infidelity/2x2', 'n_par': 8, 'par_multiplicity': 6, 'n_iter': 0, 'cost_fn': 'infidelity', 'temperature': 1.0, 'stepsize': 1.0, 'init_par': None, 'dump_interval': None}
runtime variables =  {'GPU': False, 'date_start': '2020-12-24 22:53:54.957114', 'complete_graph': [(0, 4), (2, 6), (8, 7), (10, 5), (11, 1), (9, 3), (1, 4), (3, 6), (5, 8), (7, 10), (9, 0), (11, 2), (1, 2), (3, 0), (6, 8), (4, 10), (5, 9), (7, 11), (0, 1), (2, 3), (4, 5), (6, 7), (8, 9), (10, 11)], 'init_layer': [(0, 1), (2, 3), (4, 5), (6, 7), (8, 9), (10, 11)], 'layers': [[(0, 4), (2, 6), (8, 7), (10, 5), (11, 1), (9, 3)], [(1, 4), (3, 6), (5, 8), (7, 10), (9, 0), (11, 2)], [(1, 2), (3, 0), (6, 8), (4, 10), (5, 9), (7, 11)], [(0, 1), (2, 3), (4, 5), (6, 7), (8, 9), (10, 11)]], 'n': 12}
............................................................... 
==========================================================================================
Finished basinhopping of  /home/jorisk2/HVQE/data/kagome/periodic/own_graph/opl/infidelity/2x2 at 2020-12-24 23:02:40.019122 UTC, with
 
{'path': '/home/jorisk2/HVQE/data/kagome/periodic/own_graph/opl/infidelity/2x2', 'n_par': 8, 'par_multiplicity': 6, 'n_iter': 0, 'cost_fn': 'infidelity', 'temperature': 1.0, 'stepsize': 1.0, 'init_par': None, 'dump_interval': None}
init_par = [0.00039979831600926437, 9.350513195773892e-05, 9.332753281168099e-05, 0.00011115139924856127, -0.0003087661216145363, -3.095539546164384e-05, 0.00013231557478302753, -0.00046777292799482295]
 
RESULTS:
--------
E_VQE = -4.68957127086525
inf_VQE = 0.6112494705332367
n_fn_calls = 63
Wall-clock time 0.10634603454007042 hours
 
For more output, see /home/jorisk2/HVQE/data/kagome/periodic/own_graph/opl/infidelity/2x2/output.txt
Plots of output saved in /home/jorisk2/HVQE/data/kagome/periodic/own_graph/opl/infidelity/2x2
End of HVQE.py
==========================================================================================
No CuPy installation found, continuing without GPU acceleration.
having the CPUs {0, 1, 4, 5} available.
Started basinhopping at 2020-12-24 23:13:29.060023 UTC, with
command line arguments = {'path': '/home/jorisk2/HVQE/data/kagome/periodic/own_graph/opl/infidelity/2x2', 'n_par': 12, 'par_multiplicity': 6, 'n_iter': 0, 'cost_fn': 'infidelity', 'temperature': 1.0, 'stepsize': 1.0, 'init_par': None, 'dump_interval': None}
runtime variables =  {'GPU': False, 'date_start': '2020-12-24 23:13:29.060023', 'complete_graph': [(0, 4), (2, 6), (8, 7), (10, 5), (11, 1), (9, 3), (1, 4), (3, 6), (5, 8), (7, 10), (9, 0), (11, 2), (1, 2), (3, 0), (6, 8), (4, 10), (5, 9), (7, 11), (0, 1), (2, 3), (4, 5), (6, 7), (8, 9), (10, 11)], 'init_layer': [(0, 1), (2, 3), (4, 5), (6, 7), (8, 9), (10, 11)], 'layers': [[(0, 4), (2, 6), (8, 7), (10, 5), (11, 1), (9, 3)], [(1, 4), (3, 6), (5, 8), (7, 10), (9, 0), (11, 2)], [(1, 2), (3, 0), (6, 8), (4, 10), (5, 9), (7, 11)], [(0, 1), (2, 3), (4, 5), (6, 7), (8, 9), (10, 11)]], 'n': 12}
................................................................................ 
==========================================================================================
Finished basinhopping of  /home/jorisk2/HVQE/data/kagome/periodic/own_graph/opl/infidelity/2x2 at 2020-12-24 23:27:00.654954 UTC, with
 
{'path': '/home/jorisk2/HVQE/data/kagome/periodic/own_graph/opl/infidelity/2x2', 'n_par': 12, 'par_multiplicity': 6, 'n_iter': 0, 'cost_fn': 'infidelity', 'temperature': 1.0, 'stepsize': 1.0, 'init_par': None, 'dump_interval': None}
init_par = [-7.354580016182677e-05, -0.0004632983523370107, -0.0003168278670002779, -0.00013613240881239655, -0.00041707895511870286, 0.0004471887840531558, 0.0004894838836915104, -0.00016510183013858305, 0.0001659149672614995, -0.00029872704053427335, 0.00045036299586778455, 0.0001917696258022215]
 
RESULTS:
--------
E_VQE = -4.841523409740672
inf_VQE = 0.44054445215546445
n_fn_calls = 80
Wall-clock time 0.20564894219239555 hours
 
For more output, see /home/jorisk2/HVQE/data/kagome/periodic/own_graph/opl/infidelity/2x2/output.txt
Plots of output saved in /home/jorisk2/HVQE/data/kagome/periodic/own_graph/opl/infidelity/2x2
End of HVQE.py
==========================================================================================
No CuPy installation found, continuing without GPU acceleration.
having the CPUs {0, 1, 4, 5} available.
Started basinhopping at 2020-12-24 23:35:35.119761 UTC, with
command line arguments = {'path': '/home/jorisk2/HVQE/data/kagome/periodic/own_graph/opl/infidelity/2x2', 'n_par': 16, 'par_multiplicity': 6, 'n_iter': 0, 'cost_fn': 'infidelity', 'temperature': 1.0, 'stepsize': 1.0, 'init_par': None, 'dump_interval': None}
runtime variables =  {'GPU': False, 'date_start': '2020-12-24 23:35:35.119761', 'complete_graph': [(0, 4), (2, 6), (8, 7), (10, 5), (11, 1), (9, 3), (1, 4), (3, 6), (5, 8), (7, 10), (9, 0), (11, 2), (1, 2), (3, 0), (6, 8), (4, 10), (5, 9), (7, 11), (0, 1), (2, 3), (4, 5), (6, 7), (8, 9), (10, 11)], 'init_layer': [(0, 1), (2, 3), (4, 5), (6, 7), (8, 9), (10, 11)], 'layers': [[(0, 4), (2, 6), (8, 7), (10, 5), (11, 1), (9, 3)], [(1, 4), (3, 6), (5, 8), (7, 10), (9, 0), (11, 2)], [(1, 2), (3, 0), (6, 8), (4, 10), (5, 9), (7, 11)], [(0, 1), (2, 3), (4, 5), (6, 7), (8, 9), (10, 11)]], 'n': 12}
............................................................................................ 
==========================================================================================
Finished basinhopping of  /home/jorisk2/HVQE/data/kagome/periodic/own_graph/opl/infidelity/2x2 at 2020-12-25 00:08:43.704482 UTC, with
 
{'path': '/home/jorisk2/HVQE/data/kagome/periodic/own_graph/opl/infidelity/2x2', 'n_par': 16, 'par_multiplicity': 6, 'n_iter': 0, 'cost_fn': 'infidelity', 'temperature': 1.0, 'stepsize': 1.0, 'init_par': None, 'dump_interval': None}
init_par = [-0.00030940228018512864, -0.00032364372706497927, 7.558122250045764e-05, 0.00037061457643298426, -0.00038015394743396694, 0.00022119542638722185, 0.00043435339720237056, 0.0004859003276614152, -0.0002547262158950553, -9.948349912665465e-05, -0.0002922519003138814, -0.00019337689281745022, -0.0003888579396363329, 0.0004788357732103078, 0.00015179497033875023, -0.0004885003894003605]
 
RESULTS:
--------
E_VQE = -4.725132093100378
inf_VQE = 0.39005635104731473
n_fn_calls = 92
Wall-clock time 0.5240981241067251 hours
 
For more output, see /home/jorisk2/HVQE/data/kagome/periodic/own_graph/opl/infidelity/2x2/output.txt
Plots of output saved in /home/jorisk2/HVQE/data/kagome/periodic/own_graph/opl/infidelity/2x2
End of HVQE.py
==========================================================================================
No CuPy installation found, continuing without GPU acceleration.
having the CPUs {0, 1, 4, 5} available.
Started basinhopping at 2020-12-25 00:15:40.032999 UTC, with
command line arguments = {'path': '/home/jorisk2/HVQE/data/kagome/periodic/own_graph/opl/infidelity/2x2', 'n_par': 20, 'par_multiplicity': 6, 'n_iter': 0, 'cost_fn': 'infidelity', 'temperature': 1.0, 'stepsize': 1.0, 'init_par': None, 'dump_interval': None}
runtime variables =  {'GPU': False, 'date_start': '2020-12-25 00:15:40.032999', 'complete_graph': [(0, 4), (2, 6), (8, 7), (10, 5), (11, 1), (9, 3), (1, 4), (3, 6), (5, 8), (7, 10), (9, 0), (11, 2), (1, 2), (3, 0), (6, 8), (4, 10), (5, 9), (7, 11), (0, 1), (2, 3), (4, 5), (6, 7), (8, 9), (10, 11)], 'init_layer': [(0, 1), (2, 3), (4, 5), (6, 7), (8, 9), (10, 11)], 'layers': [[(0, 4), (2, 6), (8, 7), (10, 5), (11, 1), (9, 3)], [(1, 4), (3, 6), (5, 8), (7, 10), (9, 0), (11, 2)], [(1, 2), (3, 0), (6, 8), (4, 10), (5, 9), (7, 11)], [(0, 1), (2, 3), (4, 5), (6, 7), (8, 9), (10, 11)]], 'n': 12}
........................................................................................................................................... 
==========================================================================================
Finished basinhopping of  /home/jorisk2/HVQE/data/kagome/periodic/own_graph/opl/infidelity/2x2 at 2020-12-25 01:15:44.811942 UTC, with
 
{'path': '/home/jorisk2/HVQE/data/kagome/periodic/own_graph/opl/infidelity/2x2', 'n_par': 20, 'par_multiplicity': 6, 'n_iter': 0, 'cost_fn': 'infidelity', 'temperature': 1.0, 'stepsize': 1.0, 'init_par': None, 'dump_interval': None}
init_par = [-0.0003658726614889688, 6.901146325900224e-05, -8.284372093363113e-05, 7.490975846391142e-05, 5.7694775515930506e-05, -0.0004231678811047004, 0.00032800935598900735, 0.0004220226152885319, -0.00034450853769620705, 0.00046740777031981714, 0.00048403649574766967, 0.000330288966239879, -6.923885785115757e-05, 0.000377785121578753, 0.0003986289024579822, 0.00018140878500902847, 0.0004132404727139195, -0.00044307795649266735, -0.0004284618463823427, 1.421332484222073e-05]
 
RESULTS:
--------
E_VQE = -4.925711046478452
inf_VQE = 0.3268040422423606
n_fn_calls = 139
Wall-clock time 0.9817308852407667 hours
 
For more output, see /home/jorisk2/HVQE/data/kagome/periodic/own_graph/opl/infidelity/2x2/output.txt
Plots of output saved in /home/jorisk2/HVQE/data/kagome/periodic/own_graph/opl/infidelity/2x2
End of HVQE.py
==========================================================================================
No CuPy installation found, continuing without GPU acceleration.
having the CPUs {0, 1, 4, 5} available.
Started basinhopping at 2020-12-25 01:25:52.589852 UTC, with
command line arguments = {'path': '/home/jorisk2/HVQE/data/kagome/periodic/own_graph/opl/infidelity/2x2', 'n_par': 24, 'par_multiplicity': 6, 'n_iter': 0, 'cost_fn': 'infidelity', 'temperature': 1.0, 'stepsize': 1.0, 'init_par': None, 'dump_interval': None}
runtime variables =  {'GPU': False, 'date_start': '2020-12-25 01:25:52.589852', 'complete_graph': [(0, 4), (2, 6), (8, 7), (10, 5), (11, 1), (9, 3), (1, 4), (3, 6), (5, 8), (7, 10), (9, 0), (11, 2), (1, 2), (3, 0), (6, 8), (4, 10), (5, 9), (7, 11), (0, 1), (2, 3), (4, 5), (6, 7), (8, 9), (10, 11)], 'init_layer': [(0, 1), (2, 3), (4, 5), (6, 7), (8, 9), (10, 11)], 'layers': [[(0, 4), (2, 6), (8, 7), (10, 5), (11, 1), (9, 3)], [(1, 4), (3, 6), (5, 8), (7, 10), (9, 0), (11, 2)], [(1, 2), (3, 0), (6, 8), (4, 10), (5, 9), (7, 11)], [(0, 1), (2, 3), (4, 5), (6, 7), (8, 9), (10, 11)]], 'n': 12}
........................................................................................ 
==========================================================================================
Finished basinhopping of  /home/jorisk2/HVQE/data/kagome/periodic/own_graph/opl/infidelity/2x2 at 2020-12-25 02:17:03.929014 UTC, with
 
{'path': '/home/jorisk2/HVQE/data/kagome/periodic/own_graph/opl/infidelity/2x2', 'n_par': 24, 'par_multiplicity': 6, 'n_iter': 0, 'cost_fn': 'infidelity', 'temperature': 1.0, 'stepsize': 1.0, 'init_par': None, 'dump_interval': None}
init_par = [-0.00033700096340277884, 0.00021975027975811446, -0.0003747238154912133, 0.00038665731520288137, -2.6849021346054386e-05, 0.0004124171578735287, -0.0003935331730017845, 4.744430099659332e-07, 0.00022434149691110002, 7.816996052501283e-05, -7.159010333716918e-05, -0.00035597897914753563, 4.420193590220145e-05, 0.0002812965361120226, -0.0002805792308549746, -0.0003158606191036144, 0.00022711544341840102, 0.0001934126957021555, 0.00013108715090364776, 9.260832297767704e-05, 0.0001393497032107071, -0.00023481312672948205, -0.0004830368368138567, -0.00040940479799854104]
 
RESULTS:
--------
E_VQE = -4.798069726796268
inf_VQE = 0.28109649439873263
n_fn_calls = 88
Wall-clock time 0.8339818443192376 hours
 
For more output, see /home/jorisk2/HVQE/data/kagome/periodic/own_graph/opl/infidelity/2x2/output.txt
Plots of output saved in /home/jorisk2/HVQE/data/kagome/periodic/own_graph/opl/infidelity/2x2
End of HVQE.py
==========================================================================================
No CuPy installation found, continuing without GPU acceleration.
having the CPUs {0, 1, 4, 5} available.
Started basinhopping at 2020-12-25 02:24:59.603437 UTC, with
command line arguments = {'path': '/home/jorisk2/HVQE/data/kagome/periodic/own_graph/opl/infidelity/2x2', 'n_par': 28, 'par_multiplicity': 6, 'n_iter': 0, 'cost_fn': 'infidelity', 'temperature': 1.0, 'stepsize': 1.0, 'init_par': None, 'dump_interval': None}
runtime variables =  {'GPU': False, 'date_start': '2020-12-25 02:24:59.603437', 'complete_graph': [(0, 4), (2, 6), (8, 7), (10, 5), (11, 1), (9, 3), (1, 4), (3, 6), (5, 8), (7, 10), (9, 0), (11, 2), (1, 2), (3, 0), (6, 8), (4, 10), (5, 9), (7, 11), (0, 1), (2, 3), (4, 5), (6, 7), (8, 9), (10, 11)], 'init_layer': [(0, 1), (2, 3), (4, 5), (6, 7), (8, 9), (10, 11)], 'layers': [[(0, 4), (2, 6), (8, 7), (10, 5), (11, 1), (9, 3)], [(1, 4), (3, 6), (5, 8), (7, 10), (9, 0), (11, 2)], [(1, 2), (3, 0), (6, 8), (4, 10), (5, 9), (7, 11)], [(0, 1), (2, 3), (4, 5), (6, 7), (8, 9), (10, 11)]], 'n': 12}
................................................................................................................................. 
==========================================================================================
Finished basinhopping of  /home/jorisk2/HVQE/data/kagome/periodic/own_graph/opl/infidelity/2x2 at 2020-12-25 04:01:09.187254 UTC, with
 
{'path': '/home/jorisk2/HVQE/data/kagome/periodic/own_graph/opl/infidelity/2x2', 'n_par': 28, 'par_multiplicity': 6, 'n_iter': 0, 'cost_fn': 'infidelity', 'temperature': 1.0, 'stepsize': 1.0, 'init_par': None, 'dump_interval': None}
init_par = [-9.422009543990728e-05, -3.0134575676732595e-05, -6.227965840562922e-05, -0.000430697597224157, -0.0002674933209337115, -0.0003433700501821238, 4.10375034288655e-06, 0.00044428294944064736, -0.00035538774157236783, 2.8514507822301237e-05, 0.00023781363280445437, 0.0003833615757479627, 0.00042094225721339164, -0.00010691779077867501, -0.00045806704639455176, 0.0004591838492021273, 3.703648507492256e-05, 0.00047524751259176974, -0.0004512937025653373, -7.852240188931613e-05, -0.00046653558392777117, -0.00011796583517941942, 0.00046890169395833207, 0.00033780047712090233, 0.00034282328721490975, -0.0002687410876952665, 0.0004697602294959891, -0.00041928924212380813]
 
RESULTS:
--------
E_VQE = -4.777849267407133
inf_VQE = 0.2439886577619068
n_fn_calls = 129
Wall-clock time 1.545016290942828 hours
 
For more output, see /home/jorisk2/HVQE/data/kagome/periodic/own_graph/opl/infidelity/2x2/output.txt
Plots of output saved in /home/jorisk2/HVQE/data/kagome/periodic/own_graph/opl/infidelity/2x2
End of HVQE.py
==========================================================================================
No CuPy installation found, continuing without GPU acceleration.
having the CPUs {0, 1, 4, 5} available.
Started basinhopping at 2020-12-25 04:08:52.021919 UTC, with
command line arguments = {'path': '/home/jorisk2/HVQE/data/kagome/periodic/own_graph/opl/infidelity/2x2', 'n_par': 32, 'par_multiplicity': 6, 'n_iter': 0, 'cost_fn': 'infidelity', 'temperature': 1.0, 'stepsize': 1.0, 'init_par': None, 'dump_interval': None}
runtime variables =  {'GPU': False, 'date_start': '2020-12-25 04:08:52.021919', 'complete_graph': [(0, 4), (2, 6), (8, 7), (10, 5), (11, 1), (9, 3), (1, 4), (3, 6), (5, 8), (7, 10), (9, 0), (11, 2), (1, 2), (3, 0), (6, 8), (4, 10), (5, 9), (7, 11), (0, 1), (2, 3), (4, 5), (6, 7), (8, 9), (10, 11)], 'init_layer': [(0, 1), (2, 3), (4, 5), (6, 7), (8, 9), (10, 11)], 'layers': [[(0, 4), (2, 6), (8, 7), (10, 5), (11, 1), (9, 3)], [(1, 4), (3, 6), (5, 8), (7, 10), (9, 0), (11, 2)], [(1, 2), (3, 0), (6, 8), (4, 10), (5, 9), (7, 11)], [(0, 1), (2, 3), (4, 5), (6, 7), (8, 9), (10, 11)]], 'n': 12}
........................................................................................................................................ 
==========================================================================================
Finished basinhopping of  /home/jorisk2/HVQE/data/kagome/periodic/own_graph/opl/infidelity/2x2 at 2020-12-25 06:00:52.972740 UTC, with
 
{'path': '/home/jorisk2/HVQE/data/kagome/periodic/own_graph/opl/infidelity/2x2', 'n_par': 32, 'par_multiplicity': 6, 'n_iter': 0, 'cost_fn': 'infidelity', 'temperature': 1.0, 'stepsize': 1.0, 'init_par': None, 'dump_interval': None}
init_par = [-0.0003610605795886919, 0.0003217604392469596, -0.000284294320403262, 0.0002712673608556266, 0.0002703141704763212, -0.00037090832942609587, -0.0001674359343749072, 0.00046419945462821983, 0.00024625450094309094, 0.0001705543908480314, -0.0003182976145709209, -0.00010941352845523865, 3.446255043693157e-05, -0.00012700671188908255, 0.000248077175692931, -0.00022186020873402658, 0.0004687553707431862, 0.00023589704320294534, -0.00035960222624920003, 0.00036574996629458695, 0.00044363119217538866, -0.0002785325638278521, 0.00016550281904624206, 0.00045825727549741167, 0.00020366085093453327, 0.00033056905349652347, -5.769793631803835e-05, -0.00019832047009592978, 0.0001323165764831421, -0.00028287322624356837, -0.000452407484843676, -0.00034475494114821737]
 
RESULTS:
--------
E_VQE = -4.996808262966381
inf_VQE = 0.21052343724051115
n_fn_calls = 136
Wall-clock time 1.841624799105856 hours
 
For more output, see /home/jorisk2/HVQE/data/kagome/periodic/own_graph/opl/infidelity/2x2/output.txt
Plots of output saved in /home/jorisk2/HVQE/data/kagome/periodic/own_graph/opl/infidelity/2x2
End of HVQE.py
==========================================================================================
No CuPy installation found, continuing without GPU acceleration.
having the CPUs {0, 1, 4, 5} available.
Started basinhopping at 2020-12-25 06:11:45.666123 UTC, with
command line arguments = {'path': '/home/jorisk2/HVQE/data/kagome/periodic/own_graph/opl/infidelity/2x2', 'n_par': 36, 'par_multiplicity': 6, 'n_iter': 0, 'cost_fn': 'infidelity', 'temperature': 1.0, 'stepsize': 1.0, 'init_par': None, 'dump_interval': None}
runtime variables =  {'GPU': False, 'date_start': '2020-12-25 06:11:45.666123', 'complete_graph': [(0, 4), (2, 6), (8, 7), (10, 5), (11, 1), (9, 3), (1, 4), (3, 6), (5, 8), (7, 10), (9, 0), (11, 2), (1, 2), (3, 0), (6, 8), (4, 10), (5, 9), (7, 11), (0, 1), (2, 3), (4, 5), (6, 7), (8, 9), (10, 11)], 'init_layer': [(0, 1), (2, 3), (4, 5), (6, 7), (8, 9), (10, 11)], 'layers': [[(0, 4), (2, 6), (8, 7), (10, 5), (11, 1), (9, 3)], [(1, 4), (3, 6), (5, 8), (7, 10), (9, 0), (11, 2)], [(1, 2), (3, 0), (6, 8), (4, 10), (5, 9), (7, 11)], [(0, 1), (2, 3), (4, 5), (6, 7), (8, 9), (10, 11)]], 'n': 12}
........................................................................................................................................... 
==========================================================================================
Finished basinhopping of  /home/jorisk2/HVQE/data/kagome/periodic/own_graph/opl/infidelity/2x2 at 2020-12-25 08:50:05.672000 UTC, with
 
{'path': '/home/jorisk2/HVQE/data/kagome/periodic/own_graph/opl/infidelity/2x2', 'n_par': 36, 'par_multiplicity': 6, 'n_iter': 0, 'cost_fn': 'infidelity', 'temperature': 1.0, 'stepsize': 1.0, 'init_par': None, 'dump_interval': None}
init_par = [-9.676884234204107e-06, 1.0333378617444753e-05, 0.0003794982265255954, 0.0004061486747665157, -0.00044442951256624166, 0.0001771864960532745, 0.00032143400384835924, 0.00041357082076663525, 0.00019766597358963401, 0.00015307215071805682, 0.00014942411455687071, 0.00011831479918187205, -0.00021372987906631026, 0.0004614293796406341, 0.0004045630287510493, -0.0002832504920392781, 0.00022048448149824152, 0.00021174291309867383, 0.0002969423232394603, -0.0003006921063061905, 1.0635161681380898e-05, 8.333993330561051e-05, 0.0002687923569485892, 0.00037925196429060824, -0.00029180318543296725, -0.0002991119631827148, -0.00021121132887504427, -0.00032143800620846555, -0.0003627723239775129, -0.00011745633969097971, 0.00039926737744303367, -0.0004723805810729765, 0.0004928072229574212, 0.00036987946597100347, 0.00040673095800465814, -0.00026931916069026363]
 
RESULTS:
--------
E_VQE = -4.893771635782697
inf_VQE = 0.22864875663489903
n_fn_calls = 139
Wall-clock time 2.616932668023639 hours
 
For more output, see /home/jorisk2/HVQE/data/kagome/periodic/own_graph/opl/infidelity/2x2/output.txt
Plots of output saved in /home/jorisk2/HVQE/data/kagome/periodic/own_graph/opl/infidelity/2x2
End of HVQE.py
==========================================================================================
No CuPy installation found, continuing without GPU acceleration.
having the CPUs {0, 1, 4, 5} available.
Started basinhopping at 2020-12-25 09:00:57.078575 UTC, with
command line arguments = {'path': '/home/jorisk2/HVQE/data/kagome/periodic/own_graph/opl/infidelity/2x2', 'n_par': 40, 'par_multiplicity': 6, 'n_iter': 0, 'cost_fn': 'infidelity', 'temperature': 1.0, 'stepsize': 1.0, 'init_par': None, 'dump_interval': None}
runtime variables =  {'GPU': False, 'date_start': '2020-12-25 09:00:57.078575', 'complete_graph': [(0, 4), (2, 6), (8, 7), (10, 5), (11, 1), (9, 3), (1, 4), (3, 6), (5, 8), (7, 10), (9, 0), (11, 2), (1, 2), (3, 0), (6, 8), (4, 10), (5, 9), (7, 11), (0, 1), (2, 3), (4, 5), (6, 7), (8, 9), (10, 11)], 'init_layer': [(0, 1), (2, 3), (4, 5), (6, 7), (8, 9), (10, 11)], 'layers': [[(0, 4), (2, 6), (8, 7), (10, 5), (11, 1), (9, 3)], [(1, 4), (3, 6), (5, 8), (7, 10), (9, 0), (11, 2)], [(1, 2), (3, 0), (6, 8), (4, 10), (5, 9), (7, 11)], [(0, 1), (2, 3), (4, 5), (6, 7), (8, 9), (10, 11)]], 'n': 12}
................................................................................................................................................................................................................ 
==========================================================================================
Finished basinhopping of  /home/jorisk2/HVQE/data/kagome/periodic/own_graph/opl/infidelity/2x2 at 2020-12-25 13:38:08.019037 UTC, with
 
{'path': '/home/jorisk2/HVQE/data/kagome/periodic/own_graph/opl/infidelity/2x2', 'n_par': 40, 'par_multiplicity': 6, 'n_iter': 0, 'cost_fn': 'infidelity', 'temperature': 1.0, 'stepsize': 1.0, 'init_par': None, 'dump_interval': None}
init_par = [0.00021417711043664688, 0.00022617323093421368, -0.0004183237451456734, 0.00035465119881019334, 0.00035194185820482755, -0.0003467041988872391, -0.0001019608185717822, -0.00028102259803482166, 0.00039170397974339825, -0.0003873411965752306, -3.0935607409380715e-05, -9.390100378808564e-05, 0.00030090675675485787, 0.00022452839841104904, -0.000435514091062875, -0.00026872496655248814, -0.00027486459497190886, -0.00036400755029240947, 0.00045794438149613997, 0.0004119042816024444, 0.0002273767045649094, -4.697348586310947e-05, 0.00010598220941842218, -0.00026361986435448706, 0.0001532177902957739, -0.0002904842883405421, 0.00032175016756296566, -0.00030568119429474926, -0.00033128572861491624, 0.00035492612365151924, -0.0003938030486160942, 0.0003471552145025941, -0.000430448665482186, -0.00046724281966731816, 4.506832270260953e-05, 0.0002107688412224558, 8.769693438035928e-05, -6.488403443751623e-05, -0.00017025000972932915, 0.00036504599572059]
 
RESULTS:
--------
E_VQE = -5.1180292223307315
inf_VQE = 0.12031855600669883
n_fn_calls = 208
Wall-clock time 4.552343357602755 hours
 
For more output, see /home/jorisk2/HVQE/data/kagome/periodic/own_graph/opl/infidelity/2x2/output.txt
Plots of output saved in /home/jorisk2/HVQE/data/kagome/periodic/own_graph/opl/infidelity/2x2
End of HVQE.py
==========================================================================================
No CuPy installation found, continuing without GPU acceleration.
having the CPUs {0, 1, 4, 5} available.
Started basinhopping at 2020-12-25 13:45:45.526245 UTC, with
command line arguments = {'path': '/home/jorisk2/HVQE/data/kagome/periodic/own_graph/opl/infidelity/2x2', 'n_par': 44, 'par_multiplicity': 6, 'n_iter': 0, 'cost_fn': 'infidelity', 'temperature': 1.0, 'stepsize': 1.0, 'init_par': None, 'dump_interval': None}
runtime variables =  {'GPU': False, 'date_start': '2020-12-25 13:45:45.526245', 'complete_graph': [(0, 4), (2, 6), (8, 7), (10, 5), (11, 1), (9, 3), (1, 4), (3, 6), (5, 8), (7, 10), (9, 0), (11, 2), (1, 2), (3, 0), (6, 8), (4, 10), (5, 9), (7, 11), (0, 1), (2, 3), (4, 5), (6, 7), (8, 9), (10, 11)], 'init_layer': [(0, 1), (2, 3), (4, 5), (6, 7), (8, 9), (10, 11)], 'layers': [[(0, 4), (2, 6), (8, 7), (10, 5), (11, 1), (9, 3)], [(1, 4), (3, 6), (5, 8), (7, 10), (9, 0), (11, 2)], [(1, 2), (3, 0), (6, 8), (4, 10), (5, 9), (7, 11)], [(0, 1), (2, 3), (4, 5), (6, 7), (8, 9), (10, 11)]], 'n': 12}
............................................................................................................................................................................................. 
==========================================================================================
Finished basinhopping of  /home/jorisk2/HVQE/data/kagome/periodic/own_graph/opl/infidelity/2x2 at 2020-12-25 18:53:45.996010 UTC, with
 
{'path': '/home/jorisk2/HVQE/data/kagome/periodic/own_graph/opl/infidelity/2x2', 'n_par': 44, 'par_multiplicity': 6, 'n_iter': 0, 'cost_fn': 'infidelity', 'temperature': 1.0, 'stepsize': 1.0, 'init_par': None, 'dump_interval': None}
init_par = [-0.00033432423076226096, -0.00014305268333698076, 0.0003346011441800953, 0.0004205309930460177, 0.00011855144181491272, 0.00043016136802529695, 0.0003894524410737783, -0.0002539116131177079, -0.0004758884061823847, -0.00015398243340455486, 0.0004931546356388974, -0.00019824459768617907, 0.00040196760947766607, 0.00036462153935153997, -0.00026989849070619353, 0.00012558678109056605, 0.00016872931455746867, 0.0002762056303339767, -3.220257657283868e-05, 0.0004885561955786919, 0.00045147324725899527, -0.00025292380477532863, 0.0004558988262573072, -0.0004377160984384878, -0.00010984235133317422, 2.9922148069160817e-05, -0.00018953444220993034, 0.00048207706846221444, 0.00029023204242509466, 0.00023768314171134636, -0.0002830087136482972, -0.0003483666229014881, 0.0001700960611976458, -0.000327180084263929, -7.932688287960613e-05, 0.0001010054003619924, -8.8949634752776e-06, 0.00010735512737580896, -0.00031248707427998577, 0.0003319451644969996, -0.0004044038020636296, -0.0001141997737899716, -0.0004517549859692379, 0.00030707997083640956]
 
RESULTS:
--------
E_VQE = -4.829692156559029
inf_VQE = 0.18695960334740847
n_fn_calls = 189
Wall-clock time 5.112493023673693 hours
 
For more output, see /home/jorisk2/HVQE/data/kagome/periodic/own_graph/opl/infidelity/2x2/output.txt
Plots of output saved in /home/jorisk2/HVQE/data/kagome/periodic/own_graph/opl/infidelity/2x2
End of HVQE.py
==========================================================================================
No CuPy installation found, continuing without GPU acceleration.
having the CPUs {0, 1, 4, 5} available.
Started basinhopping at 2020-12-25 19:06:21.551316 UTC, with
command line arguments = {'path': '/home/jorisk2/HVQE/data/kagome/periodic/own_graph/opl/infidelity/2x2', 'n_par': 48, 'par_multiplicity': 6, 'n_iter': 0, 'cost_fn': 'infidelity', 'temperature': 1.0, 'stepsize': 1.0, 'init_par': None, 'dump_interval': None}
runtime variables =  {'GPU': False, 'date_start': '2020-12-25 19:06:21.551316', 'complete_graph': [(0, 4), (2, 6), (8, 7), (10, 5), (11, 1), (9, 3), (1, 4), (3, 6), (5, 8), (7, 10), (9, 0), (11, 2), (1, 2), (3, 0), (6, 8), (4, 10), (5, 9), (7, 11), (0, 1), (2, 3), (4, 5), (6, 7), (8, 9), (10, 11)], 'init_layer': [(0, 1), (2, 3), (4, 5), (6, 7), (8, 9), (10, 11)], 'layers': [[(0, 4), (2, 6), (8, 7), (10, 5), (11, 1), (9, 3)], [(1, 4), (3, 6), (5, 8), (7, 10), (9, 0), (11, 2)], [(1, 2), (3, 0), (6, 8), (4, 10), (5, 9), (7, 11)], [(0, 1), (2, 3), (4, 5), (6, 7), (8, 9), (10, 11)]], 'n': 12}
................................................................................................................................................slurmstepd: error: *** JOB 7176089 ON r38n5 CANCELLED AT 2020-12-25T23:52:10 DUE TO TIME LIMIT ***
