No CuPy installation found, continuing without GPU acceleration.
having the CPUs {34, 35, 38, 39} available.
Started basinhopping at 2020-12-24 22:52:22.998773 UTC, with
command line arguments = {'path': '/home/jorisk2/HVQE/data/kagome/periodic/own_graph/opl/infidelity/2x2', 'n_par': 8, 'par_multiplicity': 6, 'n_iter': 0, 'cost_fn': 'infidelity', 'temperature': 1.0, 'stepsize': 1.0, 'init_par': None, 'dump_interval': None}
runtime variables =  {'GPU': False, 'date_start': '2020-12-24 22:52:22.998773', 'complete_graph': [(0, 4), (2, 6), (8, 7), (10, 5), (11, 1), (9, 3), (1, 4), (3, 6), (5, 8), (7, 10), (9, 0), (11, 2), (1, 2), (3, 0), (6, 8), (4, 10), (5, 9), (7, 11), (0, 1), (2, 3), (4, 5), (6, 7), (8, 9), (10, 11)], 'init_layer': [(0, 1), (2, 3), (4, 5), (6, 7), (8, 9), (10, 11)], 'layers': [[(0, 4), (2, 6), (8, 7), (10, 5), (11, 1), (9, 3)], [(1, 4), (3, 6), (5, 8), (7, 10), (9, 0), (11, 2)], [(1, 2), (3, 0), (6, 8), (4, 10), (5, 9), (7, 11)], [(0, 1), (2, 3), (4, 5), (6, 7), (8, 9), (10, 11)]], 'n': 12}
.......................................................... 
==========================================================================================
Finished basinhopping of  /home/jorisk2/HVQE/data/kagome/periodic/own_graph/opl/infidelity/2x2 at 2020-12-24 23:03:20.102689 UTC, with
 
{'path': '/home/jorisk2/HVQE/data/kagome/periodic/own_graph/opl/infidelity/2x2', 'n_par': 8, 'par_multiplicity': 6, 'n_iter': 0, 'cost_fn': 'infidelity', 'temperature': 1.0, 'stepsize': 1.0, 'init_par': None, 'dump_interval': None}
init_par = [-2.5393215034423718e-05, -0.00014390698026771852, -0.0004417529887221662, 0.0001814340497931033, 9.863706344094678e-05, -0.00039839871136112826, -0.00043793723877178273, 0.00012613211628468722]
 
RESULTS:
--------
E_VQE = -4.549099371236845
inf_VQE = 0.5576181981590829
n_fn_calls = 58
Wall-clock time 0.14719654619693756 hours
 
For more output, see /home/jorisk2/HVQE/data/kagome/periodic/own_graph/opl/infidelity/2x2/output.txt
Plots of output saved in /home/jorisk2/HVQE/data/kagome/periodic/own_graph/opl/infidelity/2x2
End of HVQE.py
==========================================================================================
No CuPy installation found, continuing without GPU acceleration.
having the CPUs {34, 35, 38, 39} available.
Started basinhopping at 2020-12-24 23:14:04.375476 UTC, with
command line arguments = {'path': '/home/jorisk2/HVQE/data/kagome/periodic/own_graph/opl/infidelity/2x2', 'n_par': 12, 'par_multiplicity': 6, 'n_iter': 0, 'cost_fn': 'infidelity', 'temperature': 1.0, 'stepsize': 1.0, 'init_par': None, 'dump_interval': None}
runtime variables =  {'GPU': False, 'date_start': '2020-12-24 23:14:04.375476', 'complete_graph': [(0, 4), (2, 6), (8, 7), (10, 5), (11, 1), (9, 3), (1, 4), (3, 6), (5, 8), (7, 10), (9, 0), (11, 2), (1, 2), (3, 0), (6, 8), (4, 10), (5, 9), (7, 11), (0, 1), (2, 3), (4, 5), (6, 7), (8, 9), (10, 11)], 'init_layer': [(0, 1), (2, 3), (4, 5), (6, 7), (8, 9), (10, 11)], 'layers': [[(0, 4), (2, 6), (8, 7), (10, 5), (11, 1), (9, 3)], [(1, 4), (3, 6), (5, 8), (7, 10), (9, 0), (11, 2)], [(1, 2), (3, 0), (6, 8), (4, 10), (5, 9), (7, 11)], [(0, 1), (2, 3), (4, 5), (6, 7), (8, 9), (10, 11)]], 'n': 12}
...................................................... 
==========================================================================================
Finished basinhopping of  /home/jorisk2/HVQE/data/kagome/periodic/own_graph/opl/infidelity/2x2 at 2020-12-24 23:29:47.029091 UTC, with
 
{'path': '/home/jorisk2/HVQE/data/kagome/periodic/own_graph/opl/infidelity/2x2', 'n_par': 12, 'par_multiplicity': 6, 'n_iter': 0, 'cost_fn': 'infidelity', 'temperature': 1.0, 'stepsize': 1.0, 'init_par': None, 'dump_interval': None}
init_par = [-0.00022296083591408266, 0.00022868694736935644, -0.00022814433117321174, -0.00011662373415814633, -0.0002219774158214285, 0.0001528130129968161, 6.648147540948865e-05, -0.00044677754896258707, 0.00022533288317734752, -0.00038643971849046534, 0.00036301397032027837, 0.00033136455321753743]
 
RESULTS:
--------
E_VQE = -4.812073569633379
inf_VQE = 0.43587218482753287
n_fn_calls = 54
Wall-clock time 0.2052293833096822 hours
 
For more output, see /home/jorisk2/HVQE/data/kagome/periodic/own_graph/opl/infidelity/2x2/output.txt
Plots of output saved in /home/jorisk2/HVQE/data/kagome/periodic/own_graph/opl/infidelity/2x2
End of HVQE.py
==========================================================================================
No CuPy installation found, continuing without GPU acceleration.
having the CPUs {34, 35, 38, 39} available.
Started basinhopping at 2020-12-24 23:48:44.971839 UTC, with
command line arguments = {'path': '/home/jorisk2/HVQE/data/kagome/periodic/own_graph/opl/infidelity/2x2', 'n_par': 16, 'par_multiplicity': 6, 'n_iter': 0, 'cost_fn': 'infidelity', 'temperature': 1.0, 'stepsize': 1.0, 'init_par': None, 'dump_interval': None}
runtime variables =  {'GPU': False, 'date_start': '2020-12-24 23:48:44.971839', 'complete_graph': [(0, 4), (2, 6), (8, 7), (10, 5), (11, 1), (9, 3), (1, 4), (3, 6), (5, 8), (7, 10), (9, 0), (11, 2), (1, 2), (3, 0), (6, 8), (4, 10), (5, 9), (7, 11), (0, 1), (2, 3), (4, 5), (6, 7), (8, 9), (10, 11)], 'init_layer': [(0, 1), (2, 3), (4, 5), (6, 7), (8, 9), (10, 11)], 'layers': [[(0, 4), (2, 6), (8, 7), (10, 5), (11, 1), (9, 3)], [(1, 4), (3, 6), (5, 8), (7, 10), (9, 0), (11, 2)], [(1, 2), (3, 0), (6, 8), (4, 10), (5, 9), (7, 11)], [(0, 1), (2, 3), (4, 5), (6, 7), (8, 9), (10, 11)]], 'n': 12}
........................................................................ 
==========================================================================================
Finished basinhopping of  /home/jorisk2/HVQE/data/kagome/periodic/own_graph/opl/infidelity/2x2 at 2020-12-25 00:24:26.626686 UTC, with
 
{'path': '/home/jorisk2/HVQE/data/kagome/periodic/own_graph/opl/infidelity/2x2', 'n_par': 16, 'par_multiplicity': 6, 'n_iter': 0, 'cost_fn': 'infidelity', 'temperature': 1.0, 'stepsize': 1.0, 'init_par': None, 'dump_interval': None}
init_par = [-0.000220125355787997, -0.0004888477335701858, -4.087572262697779e-05, 0.00031208196417475183, -1.5759428699270157e-05, 5.1120982799323896e-05, -1.1032032369757278e-05, -2.9952382477131537e-05, -0.0002821357971589782, 0.00022638544504450955, 0.00048686998467996974, -0.00037152199064396344, 0.00011915667032410605, 0.00018938790932083365, 0.0003050469476673834, 0.00025343926898004705]
 
RESULTS:
--------
E_VQE = -5.039796032982323
inf_VQE = 0.36963297324392697
n_fn_calls = 72
Wall-clock time 0.5609227594402101 hours
 
For more output, see /home/jorisk2/HVQE/data/kagome/periodic/own_graph/opl/infidelity/2x2/output.txt
Plots of output saved in /home/jorisk2/HVQE/data/kagome/periodic/own_graph/opl/infidelity/2x2
End of HVQE.py
==========================================================================================
No CuPy installation found, continuing without GPU acceleration.
having the CPUs {34, 35, 38, 39} available.
Started basinhopping at 2020-12-25 00:35:41.449421 UTC, with
command line arguments = {'path': '/home/jorisk2/HVQE/data/kagome/periodic/own_graph/opl/infidelity/2x2', 'n_par': 20, 'par_multiplicity': 6, 'n_iter': 0, 'cost_fn': 'infidelity', 'temperature': 1.0, 'stepsize': 1.0, 'init_par': None, 'dump_interval': None}
runtime variables =  {'GPU': False, 'date_start': '2020-12-25 00:35:41.449421', 'complete_graph': [(0, 4), (2, 6), (8, 7), (10, 5), (11, 1), (9, 3), (1, 4), (3, 6), (5, 8), (7, 10), (9, 0), (11, 2), (1, 2), (3, 0), (6, 8), (4, 10), (5, 9), (7, 11), (0, 1), (2, 3), (4, 5), (6, 7), (8, 9), (10, 11)], 'init_layer': [(0, 1), (2, 3), (4, 5), (6, 7), (8, 9), (10, 11)], 'layers': [[(0, 4), (2, 6), (8, 7), (10, 5), (11, 1), (9, 3)], [(1, 4), (3, 6), (5, 8), (7, 10), (9, 0), (11, 2)], [(1, 2), (3, 0), (6, 8), (4, 10), (5, 9), (7, 11)], [(0, 1), (2, 3), (4, 5), (6, 7), (8, 9), (10, 11)]], 'n': 12}
................................................................................... 
==========================================================================================
Finished basinhopping of  /home/jorisk2/HVQE/data/kagome/periodic/own_graph/opl/infidelity/2x2 at 2020-12-25 01:44:11.461415 UTC, with
 
{'path': '/home/jorisk2/HVQE/data/kagome/periodic/own_graph/opl/infidelity/2x2', 'n_par': 20, 'par_multiplicity': 6, 'n_iter': 0, 'cost_fn': 'infidelity', 'temperature': 1.0, 'stepsize': 1.0, 'init_par': None, 'dump_interval': None}
init_par = [-0.0004478130829272946, -0.0003568204137272962, -0.00044941138349901015, 0.0002250011151243488, 0.0001346474159428558, 0.0004735271973115825, 0.0002266372389800775, 5.249260733950845e-06, 0.0003257786394910814, 0.0003255201293233356, -0.000491963850551279, -0.00016409576626847733, -0.00010735076340604658, -4.723227682637272e-06, 0.00036152046348908093, 0.00031870976964312595, 0.00013881660689710955, -0.00030411421517859854, 0.00017816235895476852, 0.00019051038472453236]
 
RESULTS:
--------
E_VQE = -4.7201260153158815
inf_VQE = 0.41525541218027173
n_fn_calls = 83
Wall-clock time 1.0411864823765224 hours
 
For more output, see /home/jorisk2/HVQE/data/kagome/periodic/own_graph/opl/infidelity/2x2/output.txt
Plots of output saved in /home/jorisk2/HVQE/data/kagome/periodic/own_graph/opl/infidelity/2x2
End of HVQE.py
==========================================================================================
No CuPy installation found, continuing without GPU acceleration.
having the CPUs {34, 35, 38, 39} available.
Started basinhopping at 2020-12-25 01:57:49.611106 UTC, with
command line arguments = {'path': '/home/jorisk2/HVQE/data/kagome/periodic/own_graph/opl/infidelity/2x2', 'n_par': 24, 'par_multiplicity': 6, 'n_iter': 0, 'cost_fn': 'infidelity', 'temperature': 1.0, 'stepsize': 1.0, 'init_par': None, 'dump_interval': None}
runtime variables =  {'GPU': False, 'date_start': '2020-12-25 01:57:49.611106', 'complete_graph': [(0, 4), (2, 6), (8, 7), (10, 5), (11, 1), (9, 3), (1, 4), (3, 6), (5, 8), (7, 10), (9, 0), (11, 2), (1, 2), (3, 0), (6, 8), (4, 10), (5, 9), (7, 11), (0, 1), (2, 3), (4, 5), (6, 7), (8, 9), (10, 11)], 'init_layer': [(0, 1), (2, 3), (4, 5), (6, 7), (8, 9), (10, 11)], 'layers': [[(0, 4), (2, 6), (8, 7), (10, 5), (11, 1), (9, 3)], [(1, 4), (3, 6), (5, 8), (7, 10), (9, 0), (11, 2)], [(1, 2), (3, 0), (6, 8), (4, 10), (5, 9), (7, 11)], [(0, 1), (2, 3), (4, 5), (6, 7), (8, 9), (10, 11)]], 'n': 12}
............................................................................................ 
==========================================================================================
Finished basinhopping of  /home/jorisk2/HVQE/data/kagome/periodic/own_graph/opl/infidelity/2x2 at 2020-12-25 03:57:27.709311 UTC, with
 
{'path': '/home/jorisk2/HVQE/data/kagome/periodic/own_graph/opl/infidelity/2x2', 'n_par': 24, 'par_multiplicity': 6, 'n_iter': 0, 'cost_fn': 'infidelity', 'temperature': 1.0, 'stepsize': 1.0, 'init_par': None, 'dump_interval': None}
init_par = [0.0004984024819307124, -0.0003047002238086553, -0.00046682602733284605, 8.833321046290016e-05, -8.445652105862046e-05, -0.0003065209783843885, 0.0004502861858116721, -0.0003752366418863986, -0.0004635455147891422, -6.207599539259759e-05, 0.000275106881905689, -0.00037931381691645375, -0.00027505148913422304, -0.00016579623420731273, -0.0004444704934656764, -0.00017763767911831662, -4.250351796436882e-05, 0.0003490390610764155, -0.0003726066897839391, 0.00036004559338169016, 0.00045197503601727106, 0.00012411334473206193, -0.00011412813376038966, 0.00019375701572127522]
 
RESULTS:
--------
E_VQE = -4.912769049221889
inf_VQE = 0.26830260259081684
n_fn_calls = 92
Wall-clock time 1.9489530657397376 hours
 
For more output, see /home/jorisk2/HVQE/data/kagome/periodic/own_graph/opl/infidelity/2x2/output.txt
Plots of output saved in /home/jorisk2/HVQE/data/kagome/periodic/own_graph/opl/infidelity/2x2
End of HVQE.py
==========================================================================================
No CuPy installation found, continuing without GPU acceleration.
having the CPUs {34, 35, 38, 39} available.
Started basinhopping at 2020-12-25 04:11:48.354903 UTC, with
command line arguments = {'path': '/home/jorisk2/HVQE/data/kagome/periodic/own_graph/opl/infidelity/2x2', 'n_par': 28, 'par_multiplicity': 6, 'n_iter': 0, 'cost_fn': 'infidelity', 'temperature': 1.0, 'stepsize': 1.0, 'init_par': None, 'dump_interval': None}
runtime variables =  {'GPU': False, 'date_start': '2020-12-25 04:11:48.354903', 'complete_graph': [(0, 4), (2, 6), (8, 7), (10, 5), (11, 1), (9, 3), (1, 4), (3, 6), (5, 8), (7, 10), (9, 0), (11, 2), (1, 2), (3, 0), (6, 8), (4, 10), (5, 9), (7, 11), (0, 1), (2, 3), (4, 5), (6, 7), (8, 9), (10, 11)], 'init_layer': [(0, 1), (2, 3), (4, 5), (6, 7), (8, 9), (10, 11)], 'layers': [[(0, 4), (2, 6), (8, 7), (10, 5), (11, 1), (9, 3)], [(1, 4), (3, 6), (5, 8), (7, 10), (9, 0), (11, 2)], [(1, 2), (3, 0), (6, 8), (4, 10), (5, 9), (7, 11)], [(0, 1), (2, 3), (4, 5), (6, 7), (8, 9), (10, 11)]], 'n': 12}
........................................................................................................................................ 
==========================================================================================
Finished basinhopping of  /home/jorisk2/HVQE/data/kagome/periodic/own_graph/opl/infidelity/2x2 at 2020-12-25 07:46:40.124108 UTC, with
 
{'path': '/home/jorisk2/HVQE/data/kagome/periodic/own_graph/opl/infidelity/2x2', 'n_par': 28, 'par_multiplicity': 6, 'n_iter': 0, 'cost_fn': 'infidelity', 'temperature': 1.0, 'stepsize': 1.0, 'init_par': None, 'dump_interval': None}
init_par = [0.00017837544056082636, -0.00048350846006666305, -0.00021914223442190574, -0.0004749754777419476, 1.466613477054627e-05, 0.0004829885994514702, -0.00012059128952939994, -0.00038451410896152825, 3.21500413536565e-05, 0.0002665694683728956, 0.0003289638816110688, 0.00048367853752554206, -0.00011725473199109362, -0.0002482105462899442, -0.0003727559713462141, -0.0003522726913559977, -0.00042099736292345983, 0.0004544526438974211, -0.0003369461340457969, 0.0004963635609305402, 0.00042593611095896285, 0.00032373211299818977, 0.0003455375722991559, 0.00015401155342617404, 0.0002813661488200802, -0.00035308112161371074, 0.0002038667625962311, 6.862109185193821e-06]
 
RESULTS:
--------
E_VQE = -4.901799999106289
inf_VQE = 0.25027769639959485
n_fn_calls = 136
Wall-clock time 3.462503760655721 hours
 
For more output, see /home/jorisk2/HVQE/data/kagome/periodic/own_graph/opl/infidelity/2x2/output.txt
Plots of output saved in /home/jorisk2/HVQE/data/kagome/periodic/own_graph/opl/infidelity/2x2
End of HVQE.py
==========================================================================================
No CuPy installation found, continuing without GPU acceleration.
having the CPUs {34, 35, 38, 39} available.
Started basinhopping at 2020-12-25 08:03:03.669246 UTC, with
command line arguments = {'path': '/home/jorisk2/HVQE/data/kagome/periodic/own_graph/opl/infidelity/2x2', 'n_par': 32, 'par_multiplicity': 6, 'n_iter': 0, 'cost_fn': 'infidelity', 'temperature': 1.0, 'stepsize': 1.0, 'init_par': None, 'dump_interval': None}
runtime variables =  {'GPU': False, 'date_start': '2020-12-25 08:03:03.669246', 'complete_graph': [(0, 4), (2, 6), (8, 7), (10, 5), (11, 1), (9, 3), (1, 4), (3, 6), (5, 8), (7, 10), (9, 0), (11, 2), (1, 2), (3, 0), (6, 8), (4, 10), (5, 9), (7, 11), (0, 1), (2, 3), (4, 5), (6, 7), (8, 9), (10, 11)], 'init_layer': [(0, 1), (2, 3), (4, 5), (6, 7), (8, 9), (10, 11)], 'layers': [[(0, 4), (2, 6), (8, 7), (10, 5), (11, 1), (9, 3)], [(1, 4), (3, 6), (5, 8), (7, 10), (9, 0), (11, 2)], [(1, 2), (3, 0), (6, 8), (4, 10), (5, 9), (7, 11)], [(0, 1), (2, 3), (4, 5), (6, 7), (8, 9), (10, 11)]], 'n': 12}
................................................................................................................................................................................... 
==========================================================================================
Finished basinhopping of  /home/jorisk2/HVQE/data/kagome/periodic/own_graph/opl/infidelity/2x2 at 2020-12-25 14:16:01.606293 UTC, with
 
{'path': '/home/jorisk2/HVQE/data/kagome/periodic/own_graph/opl/infidelity/2x2', 'n_par': 32, 'par_multiplicity': 6, 'n_iter': 0, 'cost_fn': 'infidelity', 'temperature': 1.0, 'stepsize': 1.0, 'init_par': None, 'dump_interval': None}
init_par = [0.0002501244601813083, -0.00011652148059170463, 0.0003872575663611111, 0.00010038851646785034, 0.0002684866565425245, -3.94307433339375e-05, 0.0001871377323384622, -0.00020864629540620904, -0.0002668021064567592, 0.0003656692606392389, -0.00017816243648696272, 0.00045501918903987856, 0.0004440644047876784, 0.0004211446854023718, 9.983318483580868e-05, 0.00015851910133786603, 0.0003470424607287829, -0.000453002655090503, -0.00015619153186605572, -0.00021239713909816817, -0.00010472435461680152, -0.0003981377897600531, -4.376061506976769e-05, 0.00012308252766676678, 0.00012140262970110934, -0.0002727230753493989, 0.0003593007676111384, -0.00024587709482083486, -0.0002846244281398447, -0.0004774951966253438, -0.0004973252735362588, 0.0004905259410245034]
 
RESULTS:
--------
E_VQE = -4.953326328125349
inf_VQE = 0.16247153159260874
n_fn_calls = 179
Wall-clock time 6.154588062763214 hours
 
For more output, see /home/jorisk2/HVQE/data/kagome/periodic/own_graph/opl/infidelity/2x2/output.txt
Plots of output saved in /home/jorisk2/HVQE/data/kagome/periodic/own_graph/opl/infidelity/2x2
End of HVQE.py
==========================================================================================
No CuPy installation found, continuing without GPU acceleration.
having the CPUs {34, 35, 38, 39} available.
Started basinhopping at 2020-12-25 14:39:45.843180 UTC, with
command line arguments = {'path': '/home/jorisk2/HVQE/data/kagome/periodic/own_graph/opl/infidelity/2x2', 'n_par': 36, 'par_multiplicity': 6, 'n_iter': 0, 'cost_fn': 'infidelity', 'temperature': 1.0, 'stepsize': 1.0, 'init_par': None, 'dump_interval': None}
runtime variables =  {'GPU': False, 'date_start': '2020-12-25 14:39:45.843180', 'complete_graph': [(0, 4), (2, 6), (8, 7), (10, 5), (11, 1), (9, 3), (1, 4), (3, 6), (5, 8), (7, 10), (9, 0), (11, 2), (1, 2), (3, 0), (6, 8), (4, 10), (5, 9), (7, 11), (0, 1), (2, 3), (4, 5), (6, 7), (8, 9), (10, 11)], 'init_layer': [(0, 1), (2, 3), (4, 5), (6, 7), (8, 9), (10, 11)], 'layers': [[(0, 4), (2, 6), (8, 7), (10, 5), (11, 1), (9, 3)], [(1, 4), (3, 6), (5, 8), (7, 10), (9, 0), (11, 2)], [(1, 2), (3, 0), (6, 8), (4, 10), (5, 9), (7, 11)], [(0, 1), (2, 3), (4, 5), (6, 7), (8, 9), (10, 11)]], 'n': 12}
.....................................................................................................................................................................slurmstepd: error: *** JOB 7176098 ON r38n4 CANCELLED AT 2020-12-25T23:52:10 DUE TO TIME LIMIT ***
